target	acc	tlen	query	qlen	evalue
Phage-tail_3	PF13550.6	164	DT2.contig1_3	1018	1.2e-05
DUF1833	PF08875.11	150	DT2.contig1_5	161	3.2e-40
TMP_2	PF06791.13	205	DT2.contig1_7	899	6e-62
Tape_meas_lam_C	PF09718.10	76	DT2.contig1_7	899	1.1e-08
Phage_tail_T	PF06223.12	100	DT2.contig1_8	106	5.4e-35
Phage_TAC_2	PF06894.11	126	DT2.contig1_9	132	4.4e-18
Phage_TTP_12	PF16461.5	134	DT2.contig1_10	161	2.1e-55
Phage_tail_3	PF08813.11	165	DT2.contig1_10	161	0.00047
Phage_tail_U	PF06141.11	132	DT2.contig1_11	133	6.7e-48
Minor_tail_Z	PF06763.11	190	DT2.contig1_12	184	1.7e-62
Gifsy-2	PF13856.6	99	DT2.contig1_13	98	5.5e-13
DUF2190	PF09956.9	102	DT2.contig1_14	109	1.9e-16
CLP_protease	PF00574.23	182	DT2.contig1_15	672	5.2e-39
Mu-like_gpT	PF10124.9	289	DT2.contig1_15	672	2.1e-08
Mu-like_gpT	PF10124.9	289	DT2.contig1_15	672	2.1e-08
SDH_sah	PF01972.16	286	DT2.contig1_15	672	7.8e-06
Phage_portal_2	PF05136.13	362	DT2.contig1_16	500	8.3e-80
ZapB	PF06005.12	71	DT2.contig1_17	72	0.062
Terminase_GpA	PF05876.12	558	DT2.contig1_18	703	6.4e-174
DUF4379	PF14311.6	56	DT2.contig1_18	703	0.01
DUF1441	PF07278.11	149	DT2.contig1_19	164	3.6e-49
HTH_30	PF13556.6	59	DT2.contig1_19	164	0.017
Tudor-knot	PF11717.8	55	DT2.contig1_20	62	0.018
SmpA_OmlA	PF04355.13	71	DT2.contig1_21	150	1.3e-05
DUF3192	PF11399.8	101	DT2.contig1_21	150	0.0036
CAP_assoc_N	PF14504.6	140	DT2.contig1_21	150	0.021
DUF3552	PF12072.8	201	DT2.contig1_23	92	0.00012
ATP-synt_E	PF05680.12	96	DT2.contig1_23	92	0.0021
Glyco_hydro_108	PF05838.12	85	DT2.contig1_25	181	7.1e-25
PG_binding_3	PF09374.10	76	DT2.contig1_25	181	2.2e-22
Phage_holin_3_1	PF05106.12	99	DT2.contig1_26	118	2.5e-26
N6_N4_Mtase	PF01555.18	231	DT2.contig1_27	351	5.4e-39
MarR_2	PF12802.7	62	DT2.contig1_28	65	0.00014
DprA_WH	PF17782.1	61	DT2.contig1_28	65	0.00049
TrmB	PF01978.19	68	DT2.contig1_28	65	0.0029
HTH_20	PF12840.7	61	DT2.contig1_28	65	0.011
Phage_antiter_Q	PF06323.11	222	DT2.contig1_29	233	1.5e-53
DUF968	PF06147.11	200	DT2.contig1_30	354	4.5e-72
HNHc_6	PF16784.5	200	DT2.contig1_30	354	2.4e-05
DNA_methylase	PF00145.17	335	DT2.contig1_31	657	5.8e-20
DNA_methylase	PF00145.17	335	DT2.contig1_31	657	5.8e-20
DNA_methylase	PF00145.17	335	DT2.contig1_31	657	5.8e-20
Dam	PF05869.11	171	DT2.contig1_32	300	1.1e-54
GARP	PF16731.5	193	DT2.contig1_33	86	0.0091
Phg_2220_C	PF09524.10	74	DT2.contig1_34	293	5.3e-25
HTH_36	PF13730.6	55	DT2.contig1_34	293	6.7e-11
HTH_Crp_2	PF13545.6	68	DT2.contig1_34	293	0.0012
HTH_IclR	PF09339.10	52	DT2.contig1_34	293	0.0022
RP-C	PF03428.13	175	DT2.contig1_34	293	0.0037
DUF4222	PF13973.6	53	DT2.contig1_35	60	1.3e-20
ANT	PF03374.14	108	DT2.contig1_36	240	2.2e-23
Phage_pRha	PF09669.10	88	DT2.contig1_36	240	6.4e-18
MurJ	PF03023.14	452	DT2.contig2_1	451	2.6e-37
Polysacc_synt_3	PF13440.6	293	DT2.contig2_1	451	3.2e-11
Polysacc_synt_C	PF14667.6	143	DT2.contig2_1	451	2.7e-07
MatE	PF01554.18	161	DT2.contig2_1	451	0.00012
MatE	PF01554.18	161	DT2.contig2_1	451	0.00012
Acyl_transf_3	PF01757.22	340	DT2.contig2_2	355	2.2e-20
DUF4174	PF13778.6	120	DT2.contig2_3	194	1.5e-16
GST_N	PF02798.20	76	DT2.contig2_4	207	7e-07
GST_N_3	PF13417.6	75	DT2.contig2_4	207	9.1e-07
GST_N_2	PF13409.6	70	DT2.contig2_4	207	2.3e-06
MazE_antitoxin	PF04014.18	46	DT2.contig2_5	72	0.00049
Acetyltransf_3	PF13302.7	138	DT2.contig2_6	193	1.6e-16
DNA_pol_B	PF00136.21	459	DT2.contig2_7	786	9.9e-42
DNA_pol_B_exo1	PF03104.19	337	DT2.contig2_7	786	7.8e-12
TonB_dep_Rec	PF00593.24	470	DT2.contig2_8	745	4.8e-36
Plug	PF07715.15	108	DT2.contig2_8	745	1.1e-12
LysR_substrate	PF03466.20	209	DT2.contig2_9	294	4.9e-36
HTH_1	PF00126.27	60	DT2.contig2_9	294	1.5e-15
Iso_dh	PF00180.20	348	DT2.contig2_10	369	2.3e-86
Aldedh	PF00171.22	462	DT2.contig2_11	483	1.5e-156
DUF1487	PF07368.11	215	DT2.contig2_11	483	0.015
adh_short_C2	PF13561.6	234	DT2.contig2_12	253	4.2e-66
adh_short	PF00106.25	195	DT2.contig2_12	253	8.5e-51
KR	PF08659.10	180	DT2.contig2_12	253	5.7e-10
3HCDH_N	PF02737.18	180	DT2.contig2_12	253	0.014
Cyclase	PF04199.13	136	DT2.contig2_13	324	1.3e-17
P_proprotein	PF01483.20	86	DT2.contig2_14	201	0.0026
AHSA1	PF08327.11	125	DT2.contig2_15	156	1.9e-17
Polyketide_cyc2	PF10604.9	143	DT2.contig2_15	156	0.00014
TonB_dep_Rec	PF00593.24	470	DT2.contig2_16	830	4.2e-46
Plug	PF07715.15	108	DT2.contig2_16	830	5.4e-15
STN	PF07660.14	52	DT2.contig2_16	830	9e-06
FecR	PF04773.13	96	DT2.contig2_17	317	1.3e-15
DUF4880	PF16220.5	43	DT2.contig2_17	317	2.7e-10
Sigma70_r4_2	PF08281.12	54	DT2.contig2_18	175	1.1e-14
Sigma70_r2	PF04542.14	71	DT2.contig2_18	175	1.4e-12
Sigma70_ECF	PF07638.11	185	DT2.contig2_18	175	7.5e-06
HTH_23	PF13384.6	50	DT2.contig2_18	175	1.2e-05
Sigma70_r4	PF04545.16	50	DT2.contig2_18	175	0.00021
HTH_11	PF08279.12	55	DT2.contig2_18	175	0.0014
HTH_24	PF13412.6	48	DT2.contig2_18	175	0.0044
Transpeptidase	PF00905.22	306	DT2.contig2_19	631	3.6e-77
PBP_dimer	PF03717.15	180	DT2.contig2_19	631	5.3e-44
Aldedh	PF00171.22	462	DT2.contig2_20	472	3.6e-151
LysR_substrate	PF03466.20	209	DT2.contig2_21	297	3.7e-41
HTH_1	PF00126.27	60	DT2.contig2_21	297	9.9e-18
TauE	PF01925.19	236	DT2.contig3_1	258	8.7e-16
Exo_endo_phos	PF03372.23	233	DT2.contig3_2	576	5.9e-10
ResIII	PF04851.15	171	DT2.contig3_5	941	2.3e-13
HATPase_c_4	PF13749.6	88	DT2.contig3_6	655	7.4e-10
AlbA_2	PF04326.14	122	DT2.contig3_6	655	3e-09
N6_N4_Mtase	PF01555.18	231	DT2.contig3_7	1093	3.8e-33
HNH_2	PF13391.6	72	DT2.contig3_8	402	7.4e-11
polyprenyl_synt	PF00348.17	256	DT2.contig3_10	335	8.2e-74
Ribosomal_L21p	PF00829.21	101	DT2.contig3_11	104	1.5e-41
Ribosomal_L27	PF01016.19	79	DT2.contig3_12	86	8.2e-38
GTP1_OBG	PF01018.22	155	DT2.contig3_13	397	5.5e-59
MMR_HSR1	PF01926.23	114	DT2.contig3_13	397	1.4e-22
FeoB_N	PF02421.18	156	DT2.contig3_13	397	2e-10
AA_kinase	PF00696.28	241	DT2.contig3_14	390	6e-46
PUA	PF01472.20	74	DT2.contig3_14	390	7.2e-20
DUF1853	PF08907.11	286	DT2.contig3_15	341	3.8e-63
NAD_binding_1	PF00175.21	109	DT2.contig3_16	438	1e-23
Ferric_reduct	PF01794.19	125	DT2.contig3_16	438	8.7e-13
FAD_binding_8	PF08022.12	109	DT2.contig3_16	438	5.4e-08
FAD_binding_6	PF00970.24	99	DT2.contig3_16	438	3e-05
NAD_binding_6	PF08030.12	156	DT2.contig3_16	438	0.00036
ELFV_dehydrog	PF00208.21	243	DT2.contig3_17	450	4.8e-58
ELFV_dehydrog_N	PF02812.18	130	DT2.contig3_17	450	1e-49
PepSY_2	PF13670.6	84	DT2.contig3_18	159	3.9e-12
PepSY_2	PF13670.6	84	DT2.contig3_18	159	3.9e-12
PepSY_2	PF13670.6	84	DT2.contig3_19	121	5.8e-05
PepSY	PF03413.19	63	DT2.contig3_19	121	0.0064
Trans_reg_C	PF00486.28	77	DT2.contig3_20	225	2.7e-23
Response_reg	PF00072.24	112	DT2.contig3_20	225	4.4e-22
HAMP	PF00672.25	53	DT2.contig3_21	266	1.7e-05
2CSK_N	PF08521.10	139	DT2.contig3_21	266	0.12
HisKA	PF00512.25	67	DT2.contig3_22	173	0.004
HATPase_c_5	PF14501.6	101	DT2.contig3_22	173	0.029
DctM	PF06808.12	416	DT2.contig4_2	427	1.2e-123
Beta-lactamase	PF00144.24	330	DT2.contig4_3	385	1.2e-78
CgtA	PF06306.11	347	DT2.contig4_3	385	0.034
LysR_substrate	PF03466.20	209	DT2.contig4_4	292	8.4e-38
HTH_1	PF00126.27	60	DT2.contig4_4	292	1.5e-19
LysR_substrate	PF03466.20	209	DT2.contig4_5	298	8.5e-32
HTH_1	PF00126.27	60	DT2.contig4_5	298	1.3e-21
DUF1349	PF07081.11	178	DT2.contig4_6	192	8.5e-64
GH43_C2	PF17851.1	202	DT2.contig4_6	192	6.1e-05
AA_permease_2	PF13520.6	425	DT2.contig4_7	501	1.3e-37
AA_permease	PF00324.21	479	DT2.contig4_7	501	1.6e-28
Aminotran_3	PF00202.21	406	DT2.contig4_8	421	1.1e-90
DUF2252	PF10009.9	392	DT2.contig4_9	395	4.1e-82
APH	PF01636.23	240	DT2.contig4_9	395	0.0061
DLH	PF01738.18	217	DT2.contig4_10	296	7e-55
Peptidase_S9	PF00326.21	212	DT2.contig4_10	296	1.1e-10
Peptidase_S9	PF00326.21	212	DT2.contig4_10	296	1.1e-10
Peptidase_S15	PF02129.18	269	DT2.contig4_10	296	4.3e-08
BAAT_C	PF08840.11	213	DT2.contig4_10	296	3.7e-06
4HBT	PF03061.22	79	DT2.contig4_11	165	0.0013
YceI	PF04264.13	146	DT2.contig4_12	185	7.1e-28
EamA	PF00892.20	137	DT2.contig4_13	297	4.1e-26
EamA	PF00892.20	137	DT2.contig4_13	297	4.1e-26
LAB_N	PF07578.11	71	DT2.contig4_13	297	0.0052
Aminotran_1_2	PF00155.21	363	DT2.contig4_14	443	1.7e-37
GntR	PF00392.21	64	DT2.contig4_14	443	1.6e-10
Aminotran_MocR	PF12897.7	421	DT2.contig4_14	443	2e-10
HTH_Crp_2	PF13545.6	68	DT2.contig4_14	443	0.00053
DegT_DnrJ_EryC1	PF01041.17	361	DT2.contig4_14	443	0.0048
DUF4440	PF14534.6	107	DT2.contig4_15	144	1.6e-15
SnoaL_3	PF13474.6	121	DT2.contig4_15	144	5e-05
SnoaL_2	PF12680.7	102	DT2.contig4_15	144	0.00043
CaMKII_AD	PF08332.10	128	DT2.contig4_15	144	0.0029
YjgF_endoribonc	PF14588.6	148	DT2.contig4_16	157	9.1e-23
Ribonuc_L-PSP	PF01042.21	121	DT2.contig4_16	157	1.4e-17
CPBP	PF02517.16	92	DT2.contig4_17	241	6.4e-08
Stonin2_N	PF12016.8	341	DT2.contig4_18	141	0.0024
MLTR_LBD	PF17765.1	168	DT2.contig4_20	287	5.4e-18
HTH_31	PF13560.6	64	DT2.contig4_20	287	2.2e-11
HTH_3	PF01381.22	55	DT2.contig4_20	287	1.3e-08
HTH_19	PF12844.7	65	DT2.contig4_20	287	6.3e-07
DUF2834	PF11196.8	96	DT2.contig4_21	106	9.9e-05
DUF4281	PF14108.6	127	DT2.contig4_21	106	0.023
MAPEG	PF01124.18	130	DT2.contig4_22	141	1.2e-23
Peripla_BP_4	PF13407.6	258	DT2.contig4_23	308	2.2e-51
Peripla_BP_1	PF00532.21	279	DT2.contig4_23	308	7.1e-19
Peripla_BP_6	PF13458.6	342	DT2.contig4_23	308	8.6e-05
Peripla_BP_3	PF13377.6	166	DT2.contig4_23	308	0.00048
HATPase_c	PF02518.26	112	DT2.contig5_2	467	2.1e-16
HisKA	PF00512.25	67	DT2.contig5_2	467	8.5e-10
HAMP	PF00672.25	53	DT2.contig5_2	467	1.2e-06
HATPase_c_5	PF14501.6	101	DT2.contig5_2	467	3.6e-06
Response_reg	PF00072.24	112	DT2.contig5_3	227	3.5e-26
Trans_reg_C	PF00486.28	77	DT2.contig5_3	227	6.8e-25
CopD	PF05425.13	105	DT2.contig5_4	310	2.1e-21
DUF4149	PF13664.6	102	DT2.contig5_4	310	0.0023
CopC	PF04234.12	92	DT2.contig5_5	127	3.1e-23
Big_5	PF13205.6	108	DT2.contig5_5	127	1.9e-05
CopB	PF05275.11	208	DT2.contig5_6	299	3.6e-87
OMP_b-brl	PF13505.6	178	DT2.contig5_6	299	0.0027
Cu-oxidase_3	PF07732.15	119	DT2.contig5_7	606	1.6e-49
Cu-oxidase_3	PF07732.15	119	DT2.contig5_7	606	1.6e-49
Cu-oxidase	PF00394.22	159	DT2.contig5_7	606	3.7e-40
Cu-oxidase_2	PF07731.14	137	DT2.contig5_7	606	2.6e-31
Cu-oxidase_2	PF07731.14	137	DT2.contig5_7	606	2.6e-31
TAT_signal	PF10518.9	26	DT2.contig5_7	606	0.0047
NUT	PF12881.7	729	DT2.contig5_8	150	0.015
Peptidase_M23	PF01551.22	96	DT2.contig5_9	246	5e-26
DUF2933	PF11666.8	52	DT2.contig5_10	66	5.5e-24
E1-E2_ATPase	PF00122.20	181	DT2.contig5_11	816	3.7e-58
Hydrolase	PF00702.26	210	DT2.contig5_11	816	9.2e-45
YHS	PF04945.13	48	DT2.contig5_11	816	3.3e-20
Hydrolase_3	PF08282.12	255	DT2.contig5_11	816	5.6e-07
HAD	PF12710.7	188	DT2.contig5_11	816	9.1e-06
RibD_C	PF01872.17	200	DT2.contig5_11	816	0.0075
DUF411	PF04214.13	69	DT2.contig5_12	147	7.2e-24
ACR_tran	PF00873.19	1021	DT2.contig5_13	1049	5.4e-238
MMPL	PF03176.15	333	DT2.contig5_13	1049	0.00017
HlyD_D23	PF16576.5	214	DT2.contig5_14	431	9.9e-63
HlyD_D4	PF16572.5	56	DT2.contig5_14	431	7.1e-23
HlyD_3	PF13437.6	106	DT2.contig5_14	431	7e-14
CusF_Ec	PF11604.8	68	DT2.contig5_15	118	1.5e-20
OEP	PF02321.18	188	DT2.contig5_16	462	6.4e-50
OEP	PF02321.18	188	DT2.contig5_16	462	6.4e-50
TPR_MLP1_2	PF07926.12	129	DT2.contig5_16	462	0.47
Response_reg	PF00072.24	112	DT2.contig5_17	227	1.4e-26
Trans_reg_C	PF00486.28	77	DT2.contig5_17	227	3e-25
PspB	PF06667.12	73	DT2.contig5_18	181	0.024
TraA	PF05513.11	120	DT2.contig6_1	102	3.2e-10
TraL	PF07178.11	90	DT2.contig6_2	99	1.3e-18
TraE	PF05309.11	182	DT2.contig6_3	192	5.4e-28
DUF5504	PF17608.2	124	DT2.contig6_3	192	0.0017
TraK	PF06586.11	231	DT2.contig6_4	253	5.2e-37
TrbI	PF03743.14	187	DT2.contig6_5	444	2.3e-26
TraV	PF09676.10	132	DT2.contig6_7	177	6.5e-11
TraC_F_IV	PF11130.8	238	DT2.contig6_8	874	4.6e-38
AAA_10	PF12846.7	362	DT2.contig6_8	874	2.7e-05
DUF87	PF01935.17	227	DT2.contig6_8	874	3.1e-05
TrbI_Ftype	PF09677.10	106	DT2.contig6_9	126	1.7e-19
OmpH	PF03938.14	138	DT2.contig6_9	126	0.0097
TraW_N	PF12477.8	30	DT2.contig6_10	211	0.063
TraU	PF06834.11	307	DT2.contig6_11	333	3.8e-112
TrbC_Ftype	PF09673.10	112	DT2.contig6_12	143	3.3e-18
TraN	PF06986.11	240	DT2.contig6_13	646	1.5e-73
TraF	PF13728.6	224	DT2.contig6_14	257	1.3e-60
Pom	PF17251.2	279	DT2.contig6_14	257	0.0096
TraF	PF13728.6	224	DT2.contig6_15	185	7.3e-14
Thioredoxin_2	PF13098.6	109	DT2.contig6_15	185	2.8e-05
DSBA	PF01323.20	193	DT2.contig6_15	185	0.00055
Thioredoxin	PF00085.20	103	DT2.contig6_15	185	0.0044
TraH	PF06122.11	361	DT2.contig6_16	455	3.2e-105
TraG_N	PF07916.11	467	DT2.contig6_17	957	6e-75
CCB1	PF12046.8	168	DT2.contig6_18	188	0.024
TrwB_AAD_bind	PF10412.9	386	DT2.contig6_19	683	4.5e-117
TraG-D_C	PF12696.7	126	DT2.contig6_19	683	7.2e-18
T4SS-DNA_transf	PF02534.14	469	DT2.contig6_19	683	6.4e-11
AAA_16	PF13191.6	170	DT2.contig6_19	683	0.0016
ADH_N_assoc	PF13823.6	23	DT2.contig7_1	49	1.2e-10
ADH_N	PF08240.12	109	DT2.contig7_1	49	1.7e-05
GGDEF	PF00990.21	161	DT2.contig7_2	522	3.6e-43
dCache_1	PF02743.18	249	DT2.contig7_2	522	2.4e-17
GGDEF_2	PF17853.1	116	DT2.contig7_2	522	0.00013
DDE_Tnp_1_5	PF13737.6	112	DT2.contig7_3	308	1.6e-45
DDE_Tnp_1	PF01609.21	214	DT2.contig7_3	308	3.5e-24
PhdYeFM_antitox	PF02604.19	75	DT2.contig7_4	83	4.6e-05
ParE_toxin	PF05016.15	90	DT2.contig7_5	95	9.3e-13
ParE-like_toxin	PF15781.5	87	DT2.contig7_5	95	8.5e-05
HTH_Tnp_IS1	PF12759.7	46	DT2.contig7_6	92	4.9e-30
Zn_Tnp_IS1	PF03811.13	35	DT2.contig7_6	92	5.1e-19
HTH_23	PF13384.6	50	DT2.contig7_6	92	0.012
DDE_Tnp_IS1	PF03400.13	131	DT2.contig7_7	86	2.4e-43
DDE_3	PF13358.6	146	DT2.contig7_8	237	2.7e-22
HTH_33	PF13592.6	60	DT2.contig7_8	237	8.1e-06
HTH_23	PF13384.6	50	DT2.contig7_9	110	2.1e-10
HTH_29	PF13551.6	63	DT2.contig7_9	110	4.4e-07
HTH_28	PF13518.6	52	DT2.contig7_9	110	0.00013
HTH_32	PF13565.6	73	DT2.contig7_9	110	0.0019
DDE_Tnp_IS66	PF03050.14	282	DT2.contig7_10	137	1.8e-31
UvrA_DNA-bind	PF17755.1	110	DT2.contig7_11	884	9.5e-17
ABC_tran	PF00005.27	137	DT2.contig7_11	884	1.8e-16
DnaJ_CXXCXGXG	PF00684.19	67	DT2.contig7_11	884	1.9e-06
ADH_zinc_N_2	PF13602.6	133	DT2.contig7_12	40	0.044
ADH_N	PF08240.12	109	DT2.contig7_13	306	5.8e-26
ADH_zinc_N	PF00107.26	130	DT2.contig7_13	306	3.7e-22
ABM	PF03992.16	78	DT2.contig7_14	102	7e-05
HTH_18	PF12833.7	81	DT2.contig7_15	329	1.4e-23
HTH_AraC	PF00165.23	42	DT2.contig7_15	329	1.2e-15
HTH_AraC	PF00165.23	42	DT2.contig7_15	329	1.2e-15
DJ-1_PfpI	PF01965.24	165	DT2.contig7_15	329	4.1e-14
HTH_11	PF08279.12	55	DT2.contig7_15	329	0.002
DUF305	PF03713.13	152	DT2.contig8_1	132	3.9e-19
DUF4142	PF13628.6	139	DT2.contig8_1	132	0.00011
HAUS6_N	PF14661.6	229	DT2.contig8_1	132	0.042
ArsP_1	PF03773.13	294	DT2.contig8_2	403	1.3e-67
Lactonase	PF10282.9	344	DT2.contig8_3	321	9.4e-13
Cytochrom_D1	PF02239.16	368	DT2.contig8_3	321	3e-10
PQQ_2	PF13360.6	237	DT2.contig8_3	321	5.3e-06
HMA	PF00403.26	62	DT2.contig8_4	66	2.3e-11
HATPase_c	PF02518.26	112	DT2.contig8_5	466	1.7e-18
HisKA	PF00512.25	67	DT2.contig8_5	466	2.3e-12
HAMP	PF00672.25	53	DT2.contig8_5	466	3.9e-08
HATPase_c_2	PF13581.6	125	DT2.contig8_5	466	0.016
Response_reg	PF00072.24	112	DT2.contig8_6	224	1.7e-28
Trans_reg_C	PF00486.28	77	DT2.contig8_6	224	2.7e-24
OEP	PF02321.18	188	DT2.contig8_8	482	6.7e-29
OEP	PF02321.18	188	DT2.contig8_8	482	6.7e-29
Cu-oxidase_3	PF07732.15	119	DT2.contig8_9	398	4.4e-42
Cu-oxidase_3	PF07732.15	119	DT2.contig8_9	398	4.4e-42
Cu-oxidase_2	PF07731.14	137	DT2.contig8_9	398	2.8e-30
Cu-oxidase_2	PF07731.14	137	DT2.contig8_9	398	2.8e-30
Cu-oxidase	PF00394.22	159	DT2.contig8_9	398	5.7e-05
CusF_Ec	PF11604.8	68	DT2.contig8_10	117	3e-27
CopC	PF04234.12	92	DT2.contig8_11	125	6.8e-23
FlgD_ig	PF13860.6	79	DT2.contig8_11	125	2.6e-06
Big_5	PF13205.6	108	DT2.contig8_11	125	0.00026
DBB	PF14545.6	139	DT2.contig8_11	125	0.014
CopD	PF05425.13	105	DT2.contig8_12	314	9.6e-21
DUF4148	PF13663.6	54	DT2.contig8_13	112	3.3e-14
OEP	PF02321.18	188	DT2.contig8_14	109	0.088
TetR_N	PF00440.23	47	DT2.contig9_1	176	8.8e-07
p450	PF00067.22	463	DT2.contig9_2	1063	2.5e-81
FAD_binding_1	PF00667.20	222	DT2.contig9_2	1063	1.3e-33
Flavodoxin_1	PF00258.25	143	DT2.contig9_2	1063	4.5e-19
NAD_binding_1	PF00175.21	109	DT2.contig9_2	1063	2.5e-14
Flavodoxin_5	PF12724.7	144	DT2.contig9_2	1063	0.0089
PhyH	PF05721.13	211	DT2.contig9_3	310	2.7e-30
adh_short	PF00106.25	195	DT2.contig9_4	311	1.4e-47
adh_short_C2	PF13561.6	234	DT2.contig9_4	311	2.7e-38
KR	PF08659.10	180	DT2.contig9_4	311	2.2e-21
Acyl-CoA_dh_C	PF12806.7	124	DT2.contig9_5	608	7e-27
Acyl-CoA_dh_1	PF00441.24	150	DT2.contig9_5	608	2.2e-18
Acyl-CoA_dh_M	PF02770.19	97	DT2.contig9_5	608	7.3e-15
AcylCoA_DH_N	PF12418.8	32	DT2.contig9_5	608	7.6e-06
Acyl-CoA_dh_N	PF02771.16	113	DT2.contig9_5	608	0.0013
Thiolase_N	PF00108.23	260	DT2.contig9_6	395	1.2e-63
Thiolase_C	PF02803.18	123	DT2.contig9_6	395	9e-42
ketoacyl-synt	PF00109.26	253	DT2.contig9_6	395	0.00029
MFS_1	PF07690.16	353	DT2.contig9_9	78	9.2e-05
Peptidase_S24	PF00717.23	70	DT2.contig10_1	135	4.2e-19
DUF2303	PF10065.9	267	DT2.contig10_3	276	7.1e-71
HD_2	PF12917.7	182	DT2.contig10_4	176	5.9e-05
TetR_C_35	PF18556.1	105	DT2.contig10_5	66	0.043
DUF5503	PF17607.2	116	DT2.contig10_9	145	0.00032
Arm-DNA-bind_2	PF12167.8	65	DT2.contig10_13	389	1.5e-22
Phage_integrase	PF00589.22	172	DT2.contig10_13	389	2.6e-18
Phage_int_SAM_5	PF13102.6	99	DT2.contig10_13	389	0.00087
AAA_15	PF13175.6	369	DT2.contig10_14	596	4.1e-19
AAA_15	PF13175.6	369	DT2.contig10_14	596	4.1e-19
AAA_21	PF13304.6	303	DT2.contig10_14	596	3.7e-13
AAA_23	PF13476.6	200	DT2.contig10_14	596	5.4e-07
SMC_N	PF02463.19	220	DT2.contig10_14	596	6.9e-06
MethyltransfD12	PF02086.15	260	DT2.contig10_15	273	1.8e-16
Dioxygenase_N	PF04444.14	75	DT2.contig10_15	273	0.013
YcaO_C	PF18381.1	172	DT2.contig11_1	732	2.2e-74
YcaO	PF02624.16	323	DT2.contig11_1	732	3.5e-70
OsmC	PF02566.19	100	DT2.contig11_1	732	1.3e-10
Abhydrolase_6	PF12697.7	220	DT2.contig11_2	265	1.3e-20
Abhydrolase_1	PF00561.20	257	DT2.contig11_2	265	7.2e-17
Hydrolase_4	PF12146.8	239	DT2.contig11_2	265	1.1e-09
DUF915	PF06028.11	255	DT2.contig11_2	265	2.2e-06
Chlorophyllase	PF07224.11	307	DT2.contig11_2	265	4.2e-06
Esterase	PF00756.20	251	DT2.contig11_2	265	0.00049
Thioesterase	PF00975.20	231	DT2.contig11_2	265	0.0014
Chlorophyllase2	PF12740.7	254	DT2.contig11_2	265	0.002
UPF0227	PF05728.12	187	DT2.contig11_2	265	0.004
Palm_thioest	PF02089.15	242	DT2.contig11_2	265	0.0042
LysR_substrate	PF03466.20	209	DT2.contig11_3	295	9.6e-35
HTH_1	PF00126.27	60	DT2.contig11_3	295	8.4e-18
Semialdhyde_dh	PF01118.24	121	DT2.contig11_4	311	1.6e-12
EHN	PF06441.12	108	DT2.contig11_5	377	1.8e-27
Abhydrolase_1	PF00561.20	257	DT2.contig11_5	377	3.8e-12
Abhydrolase_6	PF12697.7	220	DT2.contig11_5	377	4.7e-05
LysR_substrate	PF03466.20	209	DT2.contig11_6	294	1.8e-42
HTH_1	PF00126.27	60	DT2.contig11_6	294	7.1e-17
HTH_38	PF13936.6	44	DT2.contig11_6	294	0.00022
HTH_Tnp_ISL3	PF13542.6	52	DT2.contig11_6	294	0.00055
MarR_2	PF12802.7	62	DT2.contig11_6	294	0.0027
HTH_28	PF13518.6	52	DT2.contig11_6	294	0.0065
AAA_18	PF13238.6	130	DT2.contig11_8	179	6.2e-06
AAA_33	PF13671.6	143	DT2.contig11_8	179	1.3e-05
SKI	PF01202.22	158	DT2.contig11_8	179	6.5e-05
AAA_28	PF13521.6	163	DT2.contig11_8	179	0.00031
AAA_16	PF13191.6	170	DT2.contig11_8	179	0.002
Resolvase	PF00239.21	146	DT2.contig11_9	188	4.7e-15
HTH_7	PF02796.15	45	DT2.contig11_9	188	7.3e-12
HTH_28	PF13518.6	52	DT2.contig11_9	188	0.00071
CENP-B_N	PF04218.13	53	DT2.contig11_9	188	0.00072
HTH_22	PF13309.6	63	DT2.contig11_9	188	0.00087
HTH_23	PF13384.6	50	DT2.contig11_9	188	0.0013
HTH_psq	PF05225.16	45	DT2.contig11_9	188	0.0046
EIIC-GAT	PF03611.14	396	DT2.contig12_1	60	1.7e-08
Ribul_P_3_epim	PF00834.19	198	DT2.contig12_2	227	1.1e-62
QRPTase_C	PF01729.19	169	DT2.contig12_2	227	0.0059
PTS_EIIA_2	PF00359.22	144	DT2.contig12_3	152	1.1e-33
PTS_IIB	PF02302.17	90	DT2.contig12_4	104	2.6e-19
PTS_EIIC	PF02378.18	324	DT2.contig12_5	369	9.8e-07
Gag_spuma	PF03276.14	614	DT2.contig12_5	369	0.0031
LysE	PF01810.18	193	DT2.contig12_6	207	1.6e-31
TerC	PF03741.16	181	DT2.contig12_6	207	0.065
MFS_1	PF07690.16	353	DT2.contig12_7	403	2.9e-29
MFS_1	PF07690.16	353	DT2.contig12_7	403	2.9e-29
MFS_4	PF06779.14	363	DT2.contig12_7	403	0.03
LysR_substrate	PF03466.20	209	DT2.contig12_8	301	2.1e-34
HTH_1	PF00126.27	60	DT2.contig12_8	301	7.4e-16
LysR_substrate	PF03466.20	209	DT2.contig12_9	296	4.9e-34
HTH_1	PF00126.27	60	DT2.contig12_9	296	1.5e-19
HTH_30	PF13556.6	59	DT2.contig12_9	296	0.0025
Lactamase_B	PF00753.27	197	DT2.contig12_10	265	8.1e-23
Lactamase_B_2	PF12706.7	201	DT2.contig12_10	265	0.011
TolA	PF06519.11	96	DT2.contig12_11	143	2.6e-15
TonB_2	PF13103.6	85	DT2.contig12_11	143	5.8e-08
TonB_C	PF03544.14	79	DT2.contig12_11	143	0.00014
But2	PF09792.9	142	DT2.contig12_11	143	0.0012
M20_dimer	PF07687.14	109	DT2.contig12_12	221	3.7e-23
Peptidase_M20	PF01546.28	207	DT2.contig12_12	221	8.3e-07
ABC_tran	PF00005.27	137	DT2.contig13_1	166	1.5e-12
AAA_21	PF13304.6	303	DT2.contig13_1	166	1.8e-06
LysR_substrate	PF03466.20	209	DT2.contig13_2	347	5.8e-43
HTH_1	PF00126.27	60	DT2.contig13_2	347	4.7e-21
HTH_30	PF13556.6	59	DT2.contig13_2	347	4.8e-06
MarR_2	PF12802.7	62	DT2.contig13_2	347	9.6e-05
PBP_like	PF12727.7	193	DT2.contig13_2	347	0.00033
HTH_5	PF01022.20	47	DT2.contig13_2	347	0.00068
Na_Ca_ex	PF01699.24	151	DT2.contig13_3	319	2e-47
Na_Ca_ex	PF01699.24	151	DT2.contig13_3	319	2e-47
NMT1_3	PF16868.5	289	DT2.contig13_4	326	1.2e-44
SBP_bac_3	PF00497.20	225	DT2.contig13_4	326	0.0016
HAD_2	PF13419.6	178	DT2.contig13_5	256	1.3e-24
Hydrolase	PF00702.26	210	DT2.contig13_5	256	2.2e-19
Hydrolase_like	PF13242.6	75	DT2.contig13_5	256	6.7e-09
HAD	PF12710.7	188	DT2.contig13_5	256	4.4e-08
SBP_bac_5	PF00496.22	377	DT2.contig13_6	533	2.3e-69
BPD_transp_1	PF00528.22	185	DT2.contig13_7	320	9e-30
BPD_transp_1	PF00528.22	185	DT2.contig13_8	280	2.1e-29
OppC_N	PF12911.7	51	DT2.contig13_8	280	0.00013
ABC_tran	PF00005.27	137	DT2.contig13_9	302	5e-20
oligo_HPY	PF08352.12	65	DT2.contig13_9	302	8.9e-05
AAA_21	PF13304.6	303	DT2.contig13_9	302	0.0038
GST_N	PF02798.20	76	DT2.contig14_1	215	3.3e-13
GST_N_3	PF13417.6	75	DT2.contig14_1	215	3.6e-11
GST_N_2	PF13409.6	70	DT2.contig14_1	215	1.6e-09
GST_C	PF00043.25	93	DT2.contig14_1	215	0.00044
PMSR	PF01625.21	153	DT2.contig14_2	180	2.6e-57
SelR	PF01641.18	121	DT2.contig14_3	148	1e-48
rve	PF00665.26	119	DT2.contig14_4	133	3.7e-08
rve_3	PF13683.6	67	DT2.contig14_4	133	0.012
MUG113	PF13455.6	77	DT2.contig14_5	389	2.6e-14
T5orf172	PF10544.9	103	DT2.contig14_5	389	1.2e-12
DUF2950	PF11453.8	273	DT2.contig14_6	126	0.0027
DDE_Tnp_1	PF01609.21	214	DT2.contig14_7	423	2.4e-20
DDE_Tnp_1	PF01609.21	214	DT2.contig14_9	348	4.7e-25
DUF4277	PF14104.6	109	DT2.contig14_10	519	8.6e-40
DDE_Tnp_1	PF01609.21	214	DT2.contig14_10	519	9e-13
LysE	PF01810.18	193	DT2.contig15_5	212	3e-30
bPH_1	PF08000.11	122	DT2.contig15_6	123	9.8e-36
bPH_3	PF14470.6	95	DT2.contig15_6	123	4.6e-06
Cytotoxic	PF09000.10	82	DT2.contig15_9	214	5.6e-32
Pyocin_S	PF06958.12	139	DT2.contig15_9	214	7.1e-22
Cloacin_immun	PF03513.14	80	DT2.contig15_10	85	1e-24
DUF3916	PF13079.6	151	DT2.contig15_11	208	3.5e-26
GGDEF	PF00990.21	161	DT2.contig16_1	104	3.6e-29
Flavodoxin_2	PF02525.17	198	DT2.contig16_2	199	6.6e-35
FMN_red	PF03358.15	155	DT2.contig16_2	199	7.5e-12
Flavodoxin_4	PF12682.7	155	DT2.contig16_2	199	0.0091
LysE	PF01810.18	193	DT2.contig16_5	207	1.1e-29
TerC	PF03741.16	181	DT2.contig16_5	207	0.011
TetR_N	PF00440.23	47	DT2.contig16_6	235	9.1e-17
TetR_C_32	PF09209.11	125	DT2.contig16_6	235	1.4e-10
HlyD_D23	PF16576.5	214	DT2.contig16_7	371	1.2e-19
HlyD_3	PF13437.6	106	DT2.contig16_7	371	8.2e-17
Biotin_lipoyl_2	PF13533.6	50	DT2.contig16_7	371	3.8e-14
MFS_1	PF07690.16	353	DT2.contig16_8	527	6.9e-42
TRI12	PF06609.13	599	DT2.contig16_8	527	2.6e-07
OEP	PF02321.18	188	DT2.contig16_9	474	2.4e-48
OEP	PF02321.18	188	DT2.contig16_9	474	2.4e-48
DUF927	PF06048.11	287	DT2.contig17_1	724	6.2e-99
zf-CHC2	PF01807.20	98	DT2.contig17_1	724	0.0066
DUF3077	PF11275.8	77	DT2.contig17_2	91	1.2e-23
Phage_AlpA	PF05930.12	51	DT2.contig17_6	85	2.4e-13
Phage_integrase	PF00589.22	172	DT2.contig17_8	414	3.2e-18
Arm-DNA-bind_3	PF13356.6	74	DT2.contig17_8	414	1.2e-16
Phage_int_SAM_3	PF14659.6	58	DT2.contig17_8	414	5.5e-09
BORA_N	PF15280.6	227	DT2.contig17_9	116	0.014
Phage_integrase	PF00589.22	172	DT2.contig17_10	336	1.3e-07
FlgN	PF05130.12	146	DT2.contig17_10	336	0.0014
T6SS_VasE	PF05936.12	428	DT2.contig17_10	336	0.0076
Chitin_synth_1	PF01644.17	163	DT2.contig18_4	70	0.022
HNH	PF01844.23	47	DT2.contig18_5	295	1.1e-05
HNH_5	PF14279.6	56	DT2.contig18_14	78	0.029
Transgly_assoc	PF04226.13	49	DT2.contig18_15	62	0.064
PD40	PF07676.12	38	DT2.contig19_1	1069	4.5e-37
PD40	PF07676.12	38	DT2.contig19_1	1069	4.5e-37
PD40	PF07676.12	38	DT2.contig19_1	1069	4.5e-37
Tricorn_C1	PF14684.6	70	DT2.contig19_1	1069	2.5e-24
Peptidase_S41	PF03572.18	166	DT2.contig19_1	1069	3.7e-12
Tricorn_PDZ	PF14685.6	88	DT2.contig19_1	1069	2.5e-07
PDZ_2	PF13180.6	82	DT2.contig19_1	1069	0.00083
Peptidase_S58	PF03576.14	299	DT2.contig19_2	397	1.6e-110
Aminotran_4	PF01063.19	223	DT2.contig19_3	272	1.7e-48
CdiA_C	PF18451.1	81	DT2.contig19_4	174	7.6e-11
Reg_prop	PF07494.11	24	DT2.contig19_5	352	2.2e-11
DnaB_C	PF03796.15	255	DT2.contig20_1	310	7.2e-47
AAA_25	PF13481.6	194	DT2.contig20_1	310	2.3e-05
Ead_Ea22	PF13935.6	139	DT2.contig20_4	231	1.5e-05
PTPA	PF03095.15	301	DT2.contig20_4	231	0.014
Phage_holin_5_2	PF16079.5	75	DT2.contig20_5	59	0.02
DUF551	PF04448.12	69	DT2.contig20_6	217	8.5e-12
Clathrin	PF00637.20	143	DT2.contig20_6	217	0.013
TonB_C	PF03544.14	79	DT2.contig20_8	124	0.00084
DUF1367	PF07105.11	196	DT2.contig20_9	199	7.3e-70
NinE	PF05322.11	58	DT2.contig20_10	59	3.5e-05
TnpB_IS66	PF05717.13	101	DT2.contig20_10	59	0.069
NinG	PF05766.12	186	DT2.contig20_11	213	1.2e-56
Phage_antiter_Q	PF06323.11	222	DT2.contig20_13	228	9.5e-81
HNH_3	PF13392.6	46	DT2.contig20_14	159	5.4e-16
AP2	PF00847.20	54	DT2.contig20_14	159	0.0023
EcoR124_C	PF12008.8	258	DT2.contig21_1	1078	7.5e-66
SWI2_SNF2	PF18766.1	224	DT2.contig21_1	1078	1.5e-52
HSDR_N	PF04313.14	194	DT2.contig21_1	1078	8.2e-51
ResIII	PF04851.15	171	DT2.contig21_1	1078	6.9e-37
HSDR_N_2	PF13588.6	110	DT2.contig21_1	1078	3.4e-06
DEAD	PF00270.29	176	DT2.contig21_1	1078	6.7e-06
Methylase_S	PF01420.19	168	DT2.contig21_2	402	3.1e-33
Methylase_S	PF01420.19	168	DT2.contig21_2	402	3.1e-33
N6_Mtase	PF02384.16	312	DT2.contig21_3	519	1.1e-115
HsdM_N	PF12161.8	137	DT2.contig21_3	519	7e-18
UPF0020	PF01170.18	197	DT2.contig21_3	519	0.0019
MTS	PF05175.14	169	DT2.contig21_3	519	0.0027
Phage_integrase	PF00589.22	172	DT2.contig22_3	340	8.1e-26
Phage_integrase	PF00589.22	172	DT2.contig22_3	340	8.1e-26
Phage_CI_C	PF16452.5	102	DT2.contig22_4	211	1.8e-29
Phage_CI_repr	PF07022.13	65	DT2.contig22_4	211	1.5e-28
HTH_17	PF12728.7	51	DT2.contig22_5	81	0.00038
Phage_CP76	PF06892.11	157	DT2.contig22_6	170	1.1e-67
DUF2724	PF10893.8	63	DT2.contig22_7	67	2.5e-25
DUF5347	PF17282.2	102	DT2.contig22_8	114	2.8e-39
DUF2732	PF10809.8	74	DT2.contig22_9	78	3.6e-29
SBD_N	PF07005.11	228	DT2.contig22_9	78	0.045
zf-dskA_traR	PF01258.17	36	DT2.contig22_10	76	4.5e-10
MethyltransfD12	PF02086.15	260	DT2.contig22_11	287	1.2e-65
Phage_GPA	PF05840.13	318	DT2.contig22_12	260	0.0037
HTH_18	PF12833.7	81	DT2.contig23_1	257	3.4e-19
HTH_AraC	PF00165.23	42	DT2.contig23_1	257	1.7e-09
AraC_binding	PF02311.19	136	DT2.contig23_1	257	2.2e-09
Cupin_2	PF07883.11	71	DT2.contig23_1	257	6.4e-05
His_Phos_1	PF00300.22	194	DT2.contig23_4	207	1.5e-49
Isochorismatase	PF00857.20	175	DT2.contig23_5	42	2.8e-05
adh_short	PF00106.25	195	DT2.contig23_6	248	2.7e-32
adh_short_C2	PF13561.6	234	DT2.contig23_6	248	2.8e-15
KR	PF08659.10	180	DT2.contig23_6	248	3.8e-08
GATase	PF00117.28	190	DT2.contig23_7	242	5.2e-15
Peptidase_C26	PF07722.13	216	DT2.contig23_7	242	0.0025
GATase_3	PF07685.14	196	DT2.contig23_7	242	0.019
HTH_18	PF12833.7	81	DT2.contig23_8	267	3.1e-18
AraC_binding	PF02311.19	136	DT2.contig23_8	267	3.5e-10
HTH_AraC	PF00165.23	42	DT2.contig23_8	267	9.8e-08
HTH_AraC	PF00165.23	42	DT2.contig23_8	267	9.8e-08
Cupin_2	PF07883.11	71	DT2.contig23_8	267	0.0018
Cupin_3	PF05899.12	74	DT2.contig24_1	92	4.2e-28
Cupin_2	PF07883.11	71	DT2.contig24_1	92	0.00029
Cupin_6	PF12852.7	184	DT2.contig24_1	92	0.023
SBP_bac_8	PF13416.6	282	DT2.contig24_2	360	6.5e-31
SBP_bac_6	PF13343.6	245	DT2.contig24_2	360	1.8e-19
SBP_bac_1	PF01547.25	315	DT2.contig24_2	360	4.4e-14
SBP_bac_11	PF13531.6	230	DT2.contig24_2	360	1.7e-05
Lipoprotein_8	PF02030.15	493	DT2.contig24_2	360	0.002
HTH_38	PF13936.6	44	DT2.contig24_3	321	1.9e-19
rve	PF00665.26	119	DT2.contig24_3	321	2.6e-10
HTH_23	PF13384.6	50	DT2.contig24_3	321	0.0098
AA_permease_2	PF13520.6	425	DT2.contig24_5	455	7.8e-33
AA_permease	PF00324.21	479	DT2.contig24_5	455	4.4e-12
Peptidase_S58	PF03576.14	299	DT2.contig24_6	367	3.9e-112
Cupin_3	PF05899.12	74	DT2.contig24_7	49	7.1e-11
Aconitase	PF00330.20	461	DT2.contig25_1	557	4.3e-94
Aconitase_C	PF00694.19	131	DT2.contig25_1	557	4e-41
TonB_C	PF03544.14	79	DT2.contig25_2	212	1.3e-13
DinB_2	PF12867.7	128	DT2.contig25_3	203	1.5e-17
DUF664	PF04978.12	150	DT2.contig25_3	203	3e-06
MDMPI_N	PF11716.8	141	DT2.contig25_3	203	3.2e-06
DinB	PF05163.12	169	DT2.contig25_3	203	0.00024
ORF6N	PF10543.9	84	DT2.contig25_4	150	5.3e-28
VF530	PF09905.9	63	DT2.contig25_5	72	1.2e-33
Oxidored_FMN	PF00724.20	342	DT2.contig25_6	183	5.5e-34
Dus	PF01207.17	310	DT2.contig25_6	183	0.0059
Oxidored_FMN	PF00724.20	342	DT2.contig25_8	166	3.4e-25
VIT1	PF01988.19	215	DT2.contig26_1	231	2.5e-49
Ni_hydr_CYTB	PF01292.20	182	DT2.contig26_2	192	1.8e-27
IstB_IS21	PF01695.17	178	DT2.contig26_4	268	4.8e-57
Bac_DnaA	PF00308.18	219	DT2.contig26_4	268	2.2e-12
PhoH	PF02562.16	205	DT2.contig26_4	268	4.1e-05
AAA_30	PF13604.6	192	DT2.contig26_4	268	8.5e-05
AAA	PF00004.29	132	DT2.contig26_4	268	0.0003
AAA_28	PF13521.6	163	DT2.contig26_4	268	0.0011
AAA_19	PF13245.6	146	DT2.contig26_4	268	0.0016
rve	PF00665.26	119	DT2.contig26_5	505	8.7e-18
HTH_23	PF13384.6	50	DT2.contig26_5	505	0.0003
HTH_IclR	PF09339.10	52	DT2.contig26_5	505	0.00089
HTH_28	PF13518.6	52	DT2.contig26_5	505	0.00095
Sigma70_r4	PF04545.16	50	DT2.contig26_5	505	0.0017
Sigma70_r4_2	PF08281.12	54	DT2.contig26_5	505	0.0018
DUF1804	PF08822.11	164	DT2.contig26_5	505	0.0023
Methyltransf_25	PF13649.6	97	DT2.contig26_6	205	3.4e-12
Methyltransf_11	PF08241.12	96	DT2.contig26_6	205	9.4e-12
Methyltransf_12	PF08242.12	99	DT2.contig26_6	205	5.2e-09
NodS	PF05401.11	201	DT2.contig26_6	205	1.2e-06
Methyltransf_31	PF13847.6	152	DT2.contig26_6	205	1.8e-06
Methyltransf_2	PF00891.18	210	DT2.contig26_6	205	1.3e-05
Ubie_methyltran	PF01209.18	233	DT2.contig26_6	205	0.00047
Methyltransf_23	PF13489.6	165	DT2.contig26_6	205	0.00057
MTS	PF05175.14	169	DT2.contig26_6	205	0.0024
RrnaAD	PF00398.20	265	DT2.contig26_6	205	0.0028
NrsF	PF06532.11	204	DT2.contig26_7	105	2.2e-08
Med3	PF11593.8	405	DT2.contig27_1	489	0.0025
Calpain_inhib	PF00748.19	136	DT2.contig27_1	489	0.028
RRM_1	PF00076.22	70	DT2.contig27_2	201	0.0037
Btz	PF09405.10	130	DT2.contig27_2	201	0.017
FhuF_C	PF11575.8	21	DT2.contig27_2	201	0.022
SoPB_HTH	PF18090.1	75	DT2.contig28_1	324	5.5e-39
ParBc	PF02195.18	90	DT2.contig28_1	324	8.6e-11
AAA_31	PF13614.6	177	DT2.contig28_2	389	4.9e-29
CbiA	PF01656.23	128	DT2.contig28_2	389	1.7e-17
MerR	PF00376.23	38	DT2.contig28_2	389	6.7e-05
ParA	PF10609.9	246	DT2.contig28_2	389	9e-05
Rep_3	PF01051.21	222	DT2.contig28_3	337	1.3e-30
Phage_integrase	PF00589.22	172	DT2.contig28_4	247	6.5e-28
DUF5309	PF17236.2	280	DT2.contig29_3	316	5.2e-76
CobS_N	PF12556.8	34	DT2.contig29_3	316	0.0068
Terminase_3	PF04466.13	201	DT2.contig29_5	440	4.1e-35
Terminase_6	PF03237.15	215	DT2.contig29_5	440	5.1e-07
Trans_reg_C	PF00486.28	77	DT2.contig30_1	145	4.6e-09
Lactamase_B	PF00753.27	197	DT2.contig30_3	279	3.8e-26
Lactamase_B_2	PF12706.7	201	DT2.contig30_3	279	7.9e-10
Lactamase_B_3	PF13483.6	163	DT2.contig30_3	279	4.5e-05
Lactamase_B_6	PF16661.5	193	DT2.contig30_3	279	0.0013
LysR_substrate	PF03466.20	209	DT2.contig30_5	295	8.1e-27
HTH_1	PF00126.27	60	DT2.contig30_5	295	1.2e-17
Cupin_6	PF12852.7	184	DT2.contig30_6	309	2.3e-26
HTH_18	PF12833.7	81	DT2.contig30_6	309	1.2e-20
HTH_AraC	PF00165.23	42	DT2.contig30_6	309	1.1e-15
HTH_AraC	PF00165.23	42	DT2.contig30_6	309	1.1e-15
TetR_N	PF00440.23	47	DT2.contig30_6	309	4.1e-05
Cupin_2	PF07883.11	71	DT2.contig30_6	309	0.0013
adh_short	PF00106.25	195	DT2.contig30_7	147	1.1e-29
adh_short_C2	PF13561.6	234	DT2.contig30_7	147	1.9e-18
Epimerase	PF01370.21	241	DT2.contig30_7	147	3e-07
NAD_binding_10	PF13460.6	184	DT2.contig30_7	147	2.2e-05
KR	PF08659.10	180	DT2.contig30_7	147	3.7e-05
RmlD_sub_bind	PF04321.17	287	DT2.contig30_7	147	0.0015
DUF1668	PF07893.13	342	DT2.contig30_8	105	0.022
adh_short	PF00106.25	195	DT2.contig30_8	105	0.025
NiFe-hyd_HybE	PF11939.8	153	DT2.contig30_8	105	0.043
2CSK_N	PF08521.10	139	DT2.contig31_1	59	0.00043
TarH	PF02203.15	177	DT2.contig31_1	59	0.018
Response_reg	PF00072.24	112	DT2.contig31_2	221	6.3e-27
Trans_reg_C	PF00486.28	77	DT2.contig31_2	221	4.6e-22
PepSY_2	PF13670.6	84	DT2.contig31_3	89	1.9e-31
PepSY	PF03413.19	63	DT2.contig31_3	89	0.032
Ni_hydr_CYTB	PF01292.20	182	DT2.contig31_4	182	2.7e-20
DUF1449	PF07290.11	202	DT2.contig31_4	182	0.013
BNR_2	PF13088.6	278	DT2.contig31_5	423	2.8e-82
Sulfatase	PF00884.23	309	DT2.contig31_7	673	1.8e-39
Plasmid_stab_B	PF10784.9	72	DT2.contig32_1	131	9.6e-28
StbA	PF06406.11	317	DT2.contig32_2	325	7.7e-118
ALP_N	PF17989.1	147	DT2.contig32_2	325	0.00062
MipZ	PF09140.11	262	DT2.contig32_4	211	1.1e-07
AAA_31	PF13614.6	177	DT2.contig32_4	211	1.9e-07
CbiA	PF01656.23	128	DT2.contig32_4	211	1.2e-06
ParA	PF10609.9	246	DT2.contig32_4	211	3.3e-05
Rep_3	PF01051.21	222	DT2.contig32_5	252	8e-48
Lip_A_acyltrans	PF03279.13	295	DT2.contig32_5	252	0.04
Phage_integrase	PF00589.22	172	DT2.contig32_7	53	9e-06
GMC_oxred_C	PF05199.13	144	DT2.contig33_1	450	1.5e-16
HxlR	PF01638.17	91	DT2.contig33_3	238	2e-16
SCP2	PF02036.17	101	DT2.contig33_3	238	5.2e-07
Alkyl_sulf_C	PF14864.6	126	DT2.contig33_3	238	0.00088
SCP2_2	PF13530.6	104	DT2.contig33_3	238	0.018
OmpW	PF03922.14	192	DT2.contig33_5	243	4.1e-25
OMP_b-brl	PF13505.6	178	DT2.contig33_5	243	3.4e-09
Transposase_mut	PF00872.18	381	DT2.contig33_6	192	8e-13
Sbt_1	PF05982.12	308	DT2.contig34_1	315	6.5e-104
GGDEF	PF00990.21	161	DT2.contig34_2	491	5.9e-39
EAL	PF00563.20	238	DT2.contig34_2	491	3e-34
PAS	PF00989.25	113	DT2.contig34_2	491	1e-09
PAS_4	PF08448.10	110	DT2.contig34_2	491	1.8e-09
PAS_9	PF13426.7	104	DT2.contig34_2	491	2.5e-09
PAS_8	PF13188.7	67	DT2.contig34_2	491	1.6e-08
NLPC_P60	PF00877.19	105	DT2.contig34_3	160	6.1e-26
Peptidase_C92	PF05708.12	167	DT2.contig34_3	160	0.0025
His_Phos_1	PF00300.22	194	DT2.contig34_4	210	6.7e-41
BPD_transp_1	PF00528.22	185	DT2.contig34_5	272	6.8e-16
BPD_transp_1	PF00528.22	185	DT2.contig34_6	239	4.9e-13
Asparaginase	PF00710.20	191	DT2.contig35_1	326	2.2e-58
Asparaginase_C	PF17763.1	114	DT2.contig35_1	326	4.2e-16
HD	PF01966.22	122	DT2.contig35_2	403	4.5e-28
HD	PF01966.22	122	DT2.contig35_2	403	4.5e-28
HD_5	PF13487.6	64	DT2.contig35_2	403	3.5e-13
HDOD	PF08668.12	196	DT2.contig35_2	403	1.8e-12
HDOD	PF08668.12	196	DT2.contig35_2	403	1.8e-12
GGDEF	PF00990.21	161	DT2.contig35_3	595	2.2e-44
HAMP	PF00672.25	53	DT2.contig35_3	595	4.6e-07
GAF	PF01590.26	133	DT2.contig35_3	595	9.6e-05
GAF_2	PF13185.6	138	DT2.contig35_3	595	0.00069
GAF_3	PF13492.6	129	DT2.contig35_3	595	0.0048
LysR_substrate	PF03466.20	209	DT2.contig35_4	297	1.1e-41
HTH_1	PF00126.27	60	DT2.contig35_4	297	8.1e-22
HTH_30	PF13556.6	59	DT2.contig35_4	297	0.003
PS_pyruv_trans	PF04230.13	286	DT2.contig36_1	105	0.071
Glycos_transf_2	PF00535.26	170	DT2.contig36_2	741	9.3e-26
Glyco_tranf_2_2	PF10111.9	276	DT2.contig36_2	741	2.1e-19
Glyco_tranf_2_2	PF10111.9	276	DT2.contig36_2	741	2.1e-19
Glyco_tranf_2_3	PF13641.6	230	DT2.contig36_2	741	7e-13
Glycos_transf_1	PF00534.20	172	DT2.contig36_2	741	4.3e-12
Glyco_trans_1_4	PF13692.6	134	DT2.contig36_2	741	1.2e-08
Glyco_transf_4	PF13439.6	170	DT2.contig36_2	741	1.5e-07
Glyco_transf_7C	PF02709.14	78	DT2.contig36_2	741	1.6e-05
Glyco_transf_5	PF08323.11	244	DT2.contig36_2	741	4.7e-05
Glyco_trans_2_3	PF13632.6	197	DT2.contig36_2	741	0.00031
Glyco_trans_4_4	PF13579.6	160	DT2.contig36_2	741	0.0015
Glyco_transf_21	PF13506.6	173	DT2.contig36_2	741	0.0017
rve_3	PF13683.6	67	DT2.contig36_3	116	8.4e-29
rve	PF00665.26	119	DT2.contig36_3	116	4.5e-14
rve_2	PF13333.6	52	DT2.contig36_3	116	3.6e-07
DDE_Tnp_IS240	PF13610.6	140	DT2.contig36_3	116	0.0023
HTH_21	PF13276.6	60	DT2.contig36_4	129	6.8e-10
rve	PF00665.26	119	DT2.contig36_4	129	0.0031
HTH_Tnp_1	PF01527.20	75	DT2.contig36_5	89	2.1e-20
HTH_23	PF13384.6	50	DT2.contig36_5	89	6.1e-07
HTH_28	PF13518.6	52	DT2.contig36_5	89	2.8e-06
HTH_29	PF13551.6	63	DT2.contig36_5	89	8.3e-06
HTH_Tnp_1_2	PF13022.6	123	DT2.contig36_5	89	0.0011
PAAR_motif	PF05488.13	70	DT2.contig36_7	272	1.6e-07
UvrD-helicase	PF00580.21	315	DT2.contig37_1	823	1.1e-20
UvrD-helicase	PF00580.21	315	DT2.contig37_1	823	1.1e-20
AAA_19	PF13245.6	146	DT2.contig37_1	823	1.6e-12
AAA_19	PF13245.6	146	DT2.contig37_1	823	1.6e-12
UvrD_C	PF13361.6	349	DT2.contig37_1	823	2e-08
UvrD_C_2	PF13538.6	52	DT2.contig37_1	823	7.7e-07
Pirin	PF02678.16	108	DT2.contig37_2	232	4.1e-35
Pirin_C_2	PF17954.1	86	DT2.contig37_2	232	9.8e-21
Cupin_2	PF07883.11	71	DT2.contig37_2	232	7e-06
PGM_PMM_I	PF02878.16	138	DT2.contig37_3	549	7.6e-37
PGM_PMM_III	PF02880.16	114	DT2.contig37_3	549	1.8e-27
PGM_PMM_II	PF02879.16	103	DT2.contig37_3	549	4.7e-15
PGM_PMM_IV	PF00408.20	74	DT2.contig37_3	549	4e-09
Transthyretin	PF00576.21	110	DT2.contig38_5	134	2.8e-37
bMG3	PF11974.8	103	DT2.contig38_5	134	8.5e-05
CarboxypepD_reg	PF13620.6	82	DT2.contig38_5	134	0.003
SdrD_B	PF17210.3	112	DT2.contig38_5	134	0.014
TetR_C_24	PF17932.1	114	DT2.contig39_1	80	2.1e-13
Acetyltransf_3	PF13302.7	138	DT2.contig39_2	216	6.2e-06
Acetyltransf_1	PF00583.25	117	DT2.contig39_2	216	9.7e-06
Acetyltransf_7	PF13508.7	76	DT2.contig39_2	216	0.0009
AsnC_trans_reg	PF01037.21	75	DT2.contig39_3	175	5.8e-23
HTH_24	PF13412.6	48	DT2.contig39_3	175	2.4e-22
HTH_AsnC-type	PF13404.6	42	DT2.contig39_3	175	2.1e-20
MarR	PF01047.22	59	DT2.contig39_3	175	1.5e-06
HTH_Crp_2	PF13545.6	68	DT2.contig39_3	175	2.8e-05
HTH_20	PF12840.7	61	DT2.contig39_3	175	0.0001
MarR_2	PF12802.7	62	DT2.contig39_3	175	0.00042
HTH_11	PF08279.12	55	DT2.contig39_3	175	0.00081
DEDD_Tnp_IS110	PF01548.17	155	DT2.contig39_4	315	7.4e-27
Transposase_20	PF02371.16	87	DT2.contig39_4	315	6.5e-22
FliT	PF05400.13	85	DT2.contig39_4	315	0.0011
Glyoxalase_5	PF14696.6	139	DT2.contig39_5	366	7.3e-69
Glyoxalase	PF00903.25	128	DT2.contig39_5	366	3.5e-19
Glyoxalase_4	PF13669.6	109	DT2.contig39_5	366	3.3e-09
3-dmu-9_3-mt	PF06983.13	116	DT2.contig40_1	55	0.0017
GGDEF	PF00990.21	161	DT2.contig40_2	244	2.9e-39
GGDEF_2	PF17853.1	116	DT2.contig40_2	244	0.0019
Abhydrolase_3	PF07859.13	211	DT2.contig40_3	299	2.3e-48
Peptidase_S9	PF00326.21	212	DT2.contig40_3	299	7.2e-08
Say1_Mug180	PF10340.9	374	DT2.contig40_3	299	5.3e-07
Hydrolase_4	PF12146.8	239	DT2.contig40_3	299	3.2e-05
DHDPS	PF00701.22	289	DT2.contig40_4	288	6.4e-54
FCD	PF07729.12	125	DT2.contig40_5	229	1.2e-18
GntR	PF00392.21	64	DT2.contig40_5	229	9.3e-16
Fe_dep_repress	PF01325.19	60	DT2.contig40_5	229	0.00028
Amidase	PF01425.21	451	DT2.contig40_6	242	8e-10
Replicase	PF03090.17	131	DT2.contig41_2	278	7.9e-38
PriCT_1	PF08708.11	67	DT2.contig41_2	278	2.4e-09
HTH_11	PF08279.12	55	DT2.contig41_3	90	0.0041
Relaxase	PF03432.14	242	DT2.contig41_4	503	1e-23
MobC	PF05713.11	45	DT2.contig41_5	125	3.5e-06
N6_N4_Mtase	PF01555.18	231	DT2.contig42_1	146	2.6e-09
HsdM_N	PF12161.8	137	DT2.contig42_2	59	0.0015
UvrD-helicase	PF00580.21	315	DT2.contig42_3	680	5.3e-37
AAA_19	PF13245.6	146	DT2.contig42_3	680	7e-26
UvrD_C	PF13361.6	349	DT2.contig42_3	680	4.9e-20
UvrD_C_2	PF13538.6	52	DT2.contig42_3	680	1.2e-09
Viral_helicase1	PF01443.18	234	DT2.contig42_3	680	3.3e-09
rve	PF00665.26	119	DT2.contig43_1	180	1.9e-18
rve_3	PF13683.6	67	DT2.contig43_1	180	1.6e-15
rve_2	PF13333.6	52	DT2.contig43_1	180	0.00055
DDE_Tnp_IS240	PF13610.6	140	DT2.contig43_1	180	0.0029
Phage_holin_3_3	PF16083.5	78	DT2.contig43_2	104	2.6e-21
Glyco_hydro_108	PF05838.12	85	DT2.contig43_3	181	6.9e-27
PG_binding_3	PF09374.10	76	DT2.contig43_3	181	1.7e-22
Terminase_2	PF03592.16	140	DT2.contig43_6	211	1.9e-15
AAA_30	PF13604.6	192	DT2.contig44_1	980	2.5e-26
AAA_19	PF13245.6	146	DT2.contig44_1	980	4.8e-18
PIF1	PF05970.14	364	DT2.contig44_1	980	3.1e-14
UvrD_C_2	PF13538.6	52	DT2.contig44_1	980	7.9e-14
DUF4145	PF13643.6	88	DT2.contig44_1	980	7.1e-06
SH3_13	PF18335.1	65	DT2.contig44_1	980	0.00013
ResIII	PF04851.15	171	DT2.contig44_1	980	0.00091
AAA_22	PF13401.6	137	DT2.contig44_1	980	0.001
TsaE	PF02367.17	125	DT2.contig44_1	980	0.0019
ATPase_2	PF01637.18	233	DT2.contig44_1	980	0.0052
TPR_19	PF14559.6	68	DT2.contig44_2	475	8.6e-06
HTH_28	PF13518.6	52	DT2.contig45_2	101	1.2e-09
HTH_23	PF13384.6	50	DT2.contig45_2	101	4.5e-06
HTH_29	PF13551.6	63	DT2.contig45_2	101	9.5e-06
HTH_32	PF13565.6	73	DT2.contig45_2	101	0.00034
HTH_Crp_2	PF13545.6	68	DT2.contig45_2	101	0.003
HTH_28	PF13518.6	52	DT2.contig45_4	468	2.1e-09
HTH_23	PF13384.6	50	DT2.contig45_4	468	8.9e-09
HTH_32	PF13565.6	73	DT2.contig45_4	468	1.7e-06
rve	PF00665.26	119	DT2.contig45_4	468	2.2e-05
LZ_Tnp_IS481	PF13011.6	85	DT2.contig45_4	468	0.00016
HTH_29	PF13551.6	63	DT2.contig45_4	468	0.00016
rve	PF00665.26	119	DT2.contig45_5	511	5e-19
HTH_21	PF13276.6	60	DT2.contig45_5	511	1.1e-14
HTH_Tnp_1	PF01527.20	75	DT2.contig45_5	511	2.7e-14
rve_2	PF13333.6	52	DT2.contig45_5	511	1.8e-12
rve_3	PF13683.6	67	DT2.contig45_5	511	2.6e-07
UPF0242	PF06785.11	193	DT2.contig46_2	281	0.0012
Helicase_C	PF00271.31	111	DT2.contig47_1	409	1e-05
SNF2_N	PF00176.23	350	DT2.contig47_1	409	2.7e-05
DUF1664	PF07889.12	124	DT2.contig47_2	237	0.0061
Allexi_40kDa	PF05549.11	271	DT2.contig47_2	237	0.01
SLT	PF01464.20	117	DT2.contig47_4	186	0.00029
Glucosaminidase	PF01832.20	87	DT2.contig47_4	186	0.023
DUF2859	PF11072.8	149	DT2.contig47_5	168	6.1e-47
HTH_20	PF12840.7	61	DT2.contig48_1	54	2.2e-08
HTH_5	PF01022.20	47	DT2.contig48_1	54	0.00011
HTH_IclR	PF09339.10	52	DT2.contig48_1	54	0.0055
HTH_24	PF13412.6	48	DT2.contig48_1	54	0.029
Acetyltransf_4	PF13420.7	155	DT2.contig48_2	166	3.1e-16
Acetyltransf_1	PF00583.25	117	DT2.contig48_2	166	4e-12
Acetyltransf_3	PF13302.7	138	DT2.contig48_2	166	1.2e-08
Acetyltransf_7	PF13508.7	76	DT2.contig48_2	166	1.1e-07
Acetyltransf_10	PF13673.7	127	DT2.contig48_2	166	0.00017
MIP	PF00230.20	227	DT2.contig48_3	135	9.4e-24
DUF1576	PF07613.11	176	DT2.contig48_3	135	0.0092
DDE_Tnp_ISL3	PF01610.17	240	DT2.contig48_4	272	1.9e-18
zf-ISL3	PF14690.6	47	DT2.contig48_4	272	8e-07
DDE_Tnp_ISL3	PF01610.17	240	DT2.contig48_5	265	1.3e-12
HTH_29	PF13551.6	63	DT2.contig48_5	265	1.9e-06
HTH_17	PF12728.7	51	DT2.contig48_5	265	7.7e-05
HTH_7	PF02796.15	45	DT2.contig48_5	265	0.00032
Sigma70_r4_2	PF08281.12	54	DT2.contig48_5	265	0.004
HTH_23	PF13384.6	50	DT2.contig48_5	265	0.0078
HTH_Tnp_1	PF01527.20	75	DT2.contig48_6	135	5.3e-13
TnpB_IS66	PF05717.13	101	DT2.contig48_7	116	8.8e-39
DUF1471	PF07338.13	56	DT2.contig49_1	34	1.2e-12
CadC_C1	PF18500.1	134	DT2.contig49_2	523	1.7e-79
Trans_reg_C	PF00486.28	77	DT2.contig49_2	523	1.1e-18
Homez	PF11569.8	57	DT2.contig49_2	523	0.015
AA_permease_2	PF13520.6	425	DT2.contig49_3	445	1.4e-39
AA_permease	PF00324.21	479	DT2.contig49_3	445	2.2e-18
OKR_DC_1	PF01276.20	417	DT2.contig49_4	360	2.3e-108
OKR_DC_1_N	PF03709.15	111	DT2.contig49_4	360	6.8e-29
GerE	PF00196.19	57	DT2.contig50_3	200	1.6e-09
Sigma70_r4_2	PF08281.12	54	DT2.contig50_3	200	0.0056
HTH_40	PF14493.6	89	DT2.contig50_3	200	0.0096
Antirestrict	PF03230.13	92	DT2.contig50_4	143	2.8e-27
DUF1380	PF07128.12	137	DT2.contig50_6	140	3.9e-74
N6_N4_Mtase	PF01555.18	231	DT2.contig50_8	90	4e-20
UPRTase	PF14681.6	207	DT2.contig50_8	90	0.037
Response_reg	PF00072.24	112	DT2.contig51_1	246	1.2e-25
Trans_reg_C	PF00486.28	77	DT2.contig51_1	246	2.2e-19
HATPase_c	PF02518.26	112	DT2.contig51_2	354	4.8e-17
HisKA	PF00512.25	67	DT2.contig51_2	354	2e-08
HAMP	PF00672.25	53	DT2.contig51_2	354	5.3e-05
ATPgrasp_TupA	PF14305.6	241	DT2.contig51_3	312	2.6e-48
Peptidase_S66	PF02016.15	121	DT2.contig51_4	346	3e-31
Peptidase_S66C	PF17676.1	124	DT2.contig51_4	346	3.1e-27
DinI	PF06183.13	63	DT2.contig52_3	80	8.2e-23
Resolvase	PF00239.21	146	DT2.contig52_5	190	2.3e-47
HTH_7	PF02796.15	45	DT2.contig52_5	190	1.2e-08
HTH_23	PF13384.6	50	DT2.contig52_5	190	0.00025
DUF932	PF06067.11	228	DT2.contig53_1	274	2e-57
Cytochrom_NNT	PF03264.14	174	DT2.contig53_3	106	0.014
SLT	PF01464.20	117	DT2.contig53_4	161	1.9e-21
Lys	PF00062.20	124	DT2.contig53_4	161	0.0081
Tra_M	PF05261.11	126	DT2.contig53_5	134	1.7e-05
HicB_lk_antitox	PF15919.5	123	DT2.contig53_5	134	0.0095
HATPase_c	PF02518.26	112	DT2.contig53_6	506	4.8e-27
Response_reg	PF00072.24	112	DT2.contig53_6	506	5.8e-15
HisKA	PF00512.25	67	DT2.contig53_6	506	9.4e-07
HATPase_c_5	PF14501.6	101	DT2.contig53_6	506	0.017
Relaxase	PF03432.14	242	DT2.contig54_1	463	6.1e-06
RusA	PF05866.11	124	DT2.contig54_1	463	0.019
DUF2721	PF11026.8	129	DT2.contig54_3	80	0.07
Phage_GPA	PF05840.13	318	DT2.contig54_5	451	2.2e-25
ArsA_ATPase	PF02374.15	305	DT2.contig56_1	94	1.7e-05
ArsB	PF02040.15	423	DT2.contig56_2	430	1e-158
CitMHS	PF03600.16	300	DT2.contig56_2	430	1e-23
ArsC	PF03960.15	64	DT2.contig56_3	142	4.3e-20
Acetyltransf_1	PF00583.25	117	DT2.contig56_4	141	6.8e-16
Acetyltransf_4	PF13420.7	155	DT2.contig56_4	141	3.1e-14
Acetyltransf_7	PF13508.7	76	DT2.contig56_4	141	1.4e-08
Acetyltransf_3	PF13302.7	138	DT2.contig56_4	141	1.6e-08
Acetyltransf_10	PF13673.7	127	DT2.contig56_4	141	2.3e-08
Acetyltransf_CG	PF14542.6	80	DT2.contig56_4	141	0.00034
Acetyltransf_6	PF13480.7	142	DT2.contig56_4	141	0.00038
ArsA_ATPase	PF02374.15	305	DT2.contig56_5	158	4.6e-17
ArsA_ATPase	PF02374.15	305	DT2.contig56_5	158	4.6e-17
ArsA_ATPase	PF02374.15	305	DT2.contig56_6	410	9.6e-50
ArsA_ATPase	PF02374.15	305	DT2.contig56_6	410	9.6e-50
AAA_31	PF13614.6	177	DT2.contig56_6	410	1.5e-11
CbiA	PF01656.23	128	DT2.contig56_6	410	1.7e-09
ParA	PF10609.9	246	DT2.contig56_6	410	1.3e-06
AAA_25	PF13481.6	194	DT2.contig56_6	410	9.3e-06
AAA_16	PF13191.6	170	DT2.contig56_6	410	9.6e-05
MipZ	PF09140.11	262	DT2.contig56_6	410	0.00014
MeaB	PF03308.16	267	DT2.contig56_6	410	0.00027
SRP54	PF00448.22	196	DT2.contig56_6	410	0.00047
Fer4_NifH	PF00142.18	271	DT2.contig56_6	410	0.00066
IstB_IS21	PF01695.17	178	DT2.contig56_6	410	0.002
TrwB_AAD_bind	PF10412.9	386	DT2.contig57_1	379	5.4e-61
TraD_N	PF12615.8	94	DT2.contig57_1	379	2.1e-30
TraT	PF05818.12	215	DT2.contig57_3	259	4.9e-81
DUF3482	PF11981.8	294	DT2.contig57_3	259	0.0012
TraS	PF10624.9	162	DT2.contig57_4	201	1.7e-08
DUF4156	PF13698.6	91	DT2.contig58_1	118	3.8e-30
YjeJ	PF15922.5	283	DT2.contig58_2	287	1.9e-79
ABC_membrane	PF00664.23	274	DT2.contig58_3	707	4.2e-43
Peptidase_C39	PF03412.15	133	DT2.contig58_3	707	2.6e-36
ABC_tran	PF00005.27	137	DT2.contig58_3	707	3.8e-29
SMC_N	PF02463.19	220	DT2.contig58_3	707	6.4e-07
AAA_29	PF13555.6	61	DT2.contig58_3	707	0.0011
HlyD	PF00529.20	80	DT2.contig58_4	148	6.3e-11
HlyD_3	PF13437.6	106	DT2.contig58_4	148	9.5e-06
PhyH	PF05721.13	211	DT2.contig59_1	354	2.8e-28
adh_short_C2	PF13561.6	234	DT2.contig59_2	282	1.5e-52
adh_short	PF00106.25	195	DT2.contig59_2	282	1.5e-46
KR	PF08659.10	180	DT2.contig59_2	282	1.1e-20
CoA_binding_2	PF13380.6	116	DT2.contig59_2	282	0.017
Peripla_BP_4	PF13407.6	258	DT2.contig59_3	342	1.8e-26
LacI	PF00356.21	46	DT2.contig59_3	342	9.3e-13
Peripla_BP_1	PF00532.21	279	DT2.contig59_3	342	4.7e-06
HTH_6	PF01418.17	77	DT2.contig59_3	342	0.0019
GFO_IDH_MocA	PF01408.22	120	DT2.contig59_4	335	1.7e-22
GFO_IDH_MocA_C	PF02894.17	116	DT2.contig59_4	335	2e-09
F420_oxidored	PF03807.17	97	DT2.contig59_4	335	0.0022
A_deaminase	PF00962.22	328	DT2.contig60_1	371	9.1e-47
DUF1427	PF07235.11	84	DT2.contig60_2	56	8.2e-05
UTRA	PF07702.13	141	DT2.contig60_3	255	4.7e-29
GntR	PF00392.21	64	DT2.contig60_3	255	2.1e-17
Rrf2	PF02082.20	83	DT2.contig60_3	255	6.1e-06
HTH_11	PF08279.12	55	DT2.contig60_3	255	1.8e-05
HTH_36	PF13730.6	55	DT2.contig60_3	255	1.9e-05
HTH_DeoR	PF08220.12	57	DT2.contig60_3	255	0.00014
Fe_dep_repress	PF01325.19	60	DT2.contig60_3	255	0.00014
HTH_Crp_2	PF13545.6	68	DT2.contig60_3	255	0.0009
RepL	PF05732.11	165	DT2.contig60_3	255	0.0014
Penicillinase_R	PF03965.16	115	DT2.contig60_3	255	0.0015
HTH_27	PF13463.6	68	DT2.contig60_3	255	0.0032
Phytase-like	PF13449.6	286	DT2.contig60_4	378	1.7e-65
PfkB	PF00294.24	302	DT2.contig60_5	210	2e-29
AMP-binding_C	PF13193.6	76	DT2.contig61_1	219	2.3e-27
AMP-binding	PF00501.28	423	DT2.contig61_1	219	2.9e-13
DUF485	PF04341.12	89	DT2.contig61_3	72	9.6e-25
SSF	PF00474.17	406	DT2.contig61_4	552	2.3e-135
Fimbrial	PF00419.20	154	DT2.contig61_5	368	1.2e-08
Fimbrial	PF00419.20	154	DT2.contig62_1	182	2.5e-12
PapD_N	PF00345.20	125	DT2.contig62_2	230	9.6e-39
PapD_C	PF02753.17	63	DT2.contig62_2	230	1.6e-12
Usher	PF00577.20	551	DT2.contig62_3	860	4.4e-171
PapC_N	PF13954.6	146	DT2.contig62_3	860	1e-39
PapC_C	PF13953.6	66	DT2.contig62_3	860	4.2e-21
Fimbrial	PF00419.20	154	DT2.contig62_4	72	0.031
ADH_zinc_N	PF00107.26	130	DT2.contig63_1	304	6.1e-12
ADH_N	PF08240.12	109	DT2.contig63_1	304	9.2e-07
Glu_dehyd_C	PF16912.5	212	DT2.contig63_1	304	7e-05
AlaDh_PNT_C	PF01262.21	214	DT2.contig63_1	304	0.00024
HI0933_like	PF03486.14	409	DT2.contig63_1	304	0.0037
rve	PF00665.26	119	DT2.contig63_2	271	2.5e-35
rve_2	PF13333.6	52	DT2.contig63_2	271	8.5e-15
HTH_21	PF13276.6	60	DT2.contig63_2	271	1.8e-12
rve_3	PF13683.6	67	DT2.contig63_2	271	7.1e-11
DDE_Tnp_IS240	PF13610.6	140	DT2.contig63_2	271	1.6e-08
HTH_Tnp_1	PF01527.20	75	DT2.contig63_3	93	1.2e-18
HTH_28	PF13518.6	52	DT2.contig63_3	93	7.4e-06
HTH_23	PF13384.6	50	DT2.contig63_3	93	1.3e-05
Terminase_5	PF06056.12	58	DT2.contig63_3	93	2.6e-05
MAD	PF05557.13	661	DT2.contig63_3	93	0.0011
HTH_Tnp_ISL3	PF13542.6	52	DT2.contig63_3	93	0.0026
GAS	PF13851.6	200	DT2.contig63_3	93	0.0071
EAL	PF00563.20	238	DT2.contig63_4	498	9.7e-49
CSS-motif	PF12792.7	209	DT2.contig63_4	498	8.9e-14
ABC_tran	PF00005.27	137	DT2.contig64_1	247	5.3e-17
AAA_29	PF13555.6	61	DT2.contig64_1	247	0.0089
DUF4422	PF14393.6	229	DT2.contig64_2	632	5.3e-74
Glyco_transf_8	PF01501.20	256	DT2.contig64_2	632	3.7e-43
Glyco_transf_24	PF18404.1	268	DT2.contig64_2	632	8.1e-06
HlyE	PF06109.13	309	DT2.contig64_2	632	0.00079
GLF	PF03275.13	204	DT2.contig64_3	385	2e-76
NAD_binding_8	PF13450.6	68	DT2.contig64_3	385	2e-17
Amino_oxidase	PF01593.24	452	DT2.contig64_3	385	2.1e-06
NAD_binding_9	PF13454.6	156	DT2.contig64_3	385	5.7e-06
DAO	PF01266.24	352	DT2.contig64_3	385	1.5e-05
Pyr_redox	PF00070.27	81	DT2.contig64_3	385	1.7e-05
Pyr_redox_2	PF07992.14	294	DT2.contig64_3	385	6.8e-05
FAD_binding_3	PF01494.19	349	DT2.contig64_3	385	0.00071
ApbA	PF02558.16	152	DT2.contig64_3	385	0.00096
UDPG_MGDP_dh_N	PF03721.14	187	DT2.contig64_3	385	0.0019
FAD_oxidored	PF12831.7	433	DT2.contig64_3	385	0.0021
FAD_binding_2	PF00890.24	417	DT2.contig64_3	385	0.0041
DUF1188	PF06690.11	248	DT2.contig64_3	385	0.0042
Glycos_transf_2	PF00535.26	170	DT2.contig64_4	39	0.013
Voltage_CLC	PF00654.20	354	DT2.contig65_1	459	9.6e-66
SdpI	PF13630.6	67	DT2.contig65_1	459	0.042
GSDH	PF07995.11	332	DT2.contig65_2	449	8.4e-12
SGL	PF08450.12	246	DT2.contig65_2	449	0.00016
SSB	PF00436.25	104	DT2.contig66_1	171	5.7e-41
DUF905	PF06006.12	70	DT2.contig66_2	81	7e-42
ParBc	PF02195.18	90	DT2.contig66_3	670	2.1e-12
PsiB	PF06290.11	139	DT2.contig66_4	144	6.1e-62
PsiA	PF06952.11	237	DT2.contig66_5	147	9e-81
TyeA	PF09059.10	81	DT2.contig66_5	147	0.0068
CCAP	PF11105.8	128	DT2.contig66_5	147	0.0076
AAA_30	PF13604.6	192	DT2.contig67_1	629	2.6e-13
TraI	PF07057.11	123	DT2.contig67_1	629	1.3e-09
PLDc_2	PF13091.6	133	DT2.contig67_3	183	1.3e-26
FAM83	PF07894.12	274	DT2.contig67_3	183	4e-06
RepB-RCR_reg	PF10723.9	81	DT2.contig67_4	89	8.1e-30
RHH_5	PF07878.11	43	DT2.contig67_4	89	1.2e-06
RHH_1	PF01402.21	39	DT2.contig67_4	89	8.8e-05
Complex1_LYR	PF05347.15	59	DT2.contig67_4	89	0.00015
PIN_5	PF08745.11	206	DT2.contig67_4	89	0.014
Phage_integrase	PF00589.22	172	DT2.contig68_1	334	1.8e-13
Tae4	PF14113.6	122	DT2.contig68_4	207	1.6e-30
PAAR_motif	PF05488.13	70	DT2.contig68_5	185	9.5e-10
CBS	PF00571.28	57	DT2.contig68_6	55	4.9e-07
Cys_Met_Meta_PP	PF01053.20	382	DT2.contig69_1	377	1.6e-146
Aminotran_5	PF00266.19	371	DT2.contig69_1	377	0.00052
Aminotran_1_2	PF00155.21	363	DT2.contig69_1	377	0.0023
PALP	PF00291.25	294	DT2.contig69_2	459	3.5e-65
CBS	PF00571.28	57	DT2.contig69_2	459	6.1e-14
CBS	PF00571.28	57	DT2.contig69_2	459	6.1e-14
Amidase	PF01425.21	451	DT2.contig69_3	366	1.1e-73
PucR	PF07905.11	117	DT2.contig70_1	331	3e-27
GGDEF_2	PF17853.1	116	DT2.contig70_1	331	1e-12
Transp_cyt_pur	PF02133.15	440	DT2.contig70_2	421	3.5e-14
LysR_substrate	PF03466.20	209	DT2.contig70_3	307	1.8e-29
HTH_1	PF00126.27	60	DT2.contig70_3	307	9e-18
adh_short	PF00106.25	195	DT2.contig70_4	47	0.0038
Ldh_1_N	PF00056.23	141	DT2.contig70_4	47	0.0054
ASCH	PF04266.14	107	DT2.contig71_1	155	8.2e-06
DUF365	PF04033.12	96	DT2.contig71_1	155	0.037
Acetyltransf_1	PF00583.25	117	DT2.contig71_2	497	5.1e-08
Glyco_H_20C_C	PF18088.1	194	DT2.contig71_3	143	0.048
HTH_3	PF01381.22	55	DT2.contig71_4	146	4e-13
HTH_31	PF13560.6	64	DT2.contig71_4	146	1.3e-09
HTH_26	PF13443.6	63	DT2.contig71_4	146	3.6e-07
HTH_19	PF12844.7	65	DT2.contig71_4	146	8.9e-07
HTH_37	PF13744.6	80	DT2.contig71_4	146	3.3e-05
HTH_25	PF13413.6	62	DT2.contig71_4	146	0.0045
BetR	PF08667.10	148	DT2.contig71_4	146	0.0049
ZapA	PF05164.13	88	DT2.contig72_2	147	1.7e-09
RNase_HII	PF01351.18	198	DT2.contig72_3	312	1.8e-52
DUF3378	PF11858.8	76	DT2.contig72_3	312	2.1e-30
OpuAC	PF04069.12	257	DT2.contig72_4	268	1.4e-62
Acetyltransf_1	PF00583.25	117	DT2.contig73_4	193	0.00037
DUF4313	PF14190.6	104	DT2.contig74_5	103	0.047
Sdh_cyt	PF01127.22	121	DT2.contig75_3	125	6.7e-28
DUF4064	PF13273.6	103	DT2.contig75_3	125	0.011
Fumarate_red_D	PF02313.17	114	DT2.contig75_3	125	0.016
DUF417	PF04224.12	175	DT2.contig75_4	173	4.9e-31
Cupin_6	PF12852.7	184	DT2.contig75_5	251	1.1e-19
HTH_18	PF12833.7	81	DT2.contig75_5	251	3.3e-19
HTH_AraC	PF00165.23	42	DT2.contig75_5	251	2.1e-18
HTH_AraC	PF00165.23	42	DT2.contig75_5	251	2.1e-18
UL21a	PF17636.2	123	DT2.contig75_5	251	0.0011
Fimbrial	PF00419.20	154	DT2.contig76_1	181	4.3e-12
PapD_N	PF00345.20	125	DT2.contig76_2	227	1.8e-38
PapD_C	PF02753.17	63	DT2.contig76_2	227	1.1e-15
Usher	PF00577.20	551	DT2.contig76_3	668	1.2e-147
PapC_N	PF13954.6	146	DT2.contig76_3	668	1.9e-39
HTH_Tnp_1	PF01527.20	75	DT2.contig77_1	123	1e-12
LZ_Tnp_IS481	PF13011.6	85	DT2.contig77_1	123	0.0017
HTH_28	PF13518.6	52	DT2.contig77_1	123	0.0034
Herpes_BLRF2	PF05812.12	119	DT2.contig77_1	123	0.0086
TSC22	PF01166.18	57	DT2.contig77_1	123	0.012
HTH_38	PF13936.6	44	DT2.contig77_2	384	2.5e-25
HTH_38	PF13936.6	44	DT2.contig77_2	384	2.5e-25
rve	PF00665.26	119	DT2.contig77_2	384	9.2e-15
HTH_32	PF13565.6	73	DT2.contig77_2	384	4.9e-08
HTH_23	PF13384.6	50	DT2.contig77_2	384	2.3e-07
rve	PF00665.26	119	DT2.contig77_3	136	6.3e-14
DEDD_Tnp_IS110	PF01548.17	155	DT2.contig77_4	359	3.3e-18
Transposase_20	PF02371.16	87	DT2.contig77_4	359	1e-11
Oxidored_molyb	PF00174.19	172	DT2.contig78_2	168	0.00019
Glyco_transf_9	PF01075.17	249	DT2.contig78_3	332	0.00084
BetR	PF08667.10	148	DT2.contig78_4	282	1.9e-17
Response_reg	PF00072.24	112	DT2.contig78_4	282	7.1e-11
HTH_26	PF13443.6	63	DT2.contig78_4	282	0.0019
TraY	PF05509.11	49	DT2.contig78_5	68	1.3e-16
TraA	PF05513.11	120	DT2.contig78_6	102	2.2e-09
Usher	PF00577.20	551	DT2.contig79_1	740	7.7e-183
PapC_N	PF13954.6	146	DT2.contig79_1	740	5.6e-37
PapD_N	PF00345.20	125	DT2.contig79_2	234	3.5e-42
PapD_C	PF02753.17	63	DT2.contig79_2	234	1.1e-15
Fimbrial	PF00419.20	154	DT2.contig79_3	140	0.00037
DUF3751	PF12571.8	150	DT2.contig80_2	388	1.1e-43
Phage_fiber_2	PF03406.13	42	DT2.contig80_2	388	4e-17
Phage_P2_GpU	PF06995.11	120	DT2.contig80_3	163	1.5e-38
HlyD_3	PF13437.6	106	DT2.contig81_1	296	5.6e-17
HlyD_D23	PF16576.5	214	DT2.contig81_1	296	4.2e-08
Biotin_lipoyl_2	PF13533.6	50	DT2.contig81_1	296	0.0057
HBM	PF16591.5	254	DT2.contig81_1	296	0.0067
Acetyltransf_5	PF13444.6	101	DT2.contig81_3	298	1.9e-18
Zwilch	PF09817.9	574	DT2.contig81_4	103	0.041
DDE_Tnp_IS1	PF03400.13	131	DT2.contig81_5	154	5.7e-66
Ni_hydr_CYTB	PF01292.20	182	DT2.contig82_1	109	3.5e-08
DUF4148	PF13663.6	54	DT2.contig82_2	99	7.1e-13
Sulf_transp	PF04143.14	310	DT2.contig82_5	144	2.1e-07
Sulf_transp	PF04143.14	310	DT2.contig82_6	145	6e-09
HTH_5	PF01022.20	47	DT2.contig82_7	61	1.5e-06
HTH_20	PF12840.7	61	DT2.contig82_7	61	4.8e-06
MarR_2	PF12802.7	62	DT2.contig82_7	61	0.0008
TrmB	PF01978.19	68	DT2.contig82_7	61	0.01
ACR_tran	PF00873.19	1021	DT2.contig83_1	571	2.2e-197
MMPL	PF03176.15	333	DT2.contig83_1	571	5.6e-07
ABC_membrane_3	PF13748.6	237	DT2.contig83_2	304	4.3e-89
Cupin_3	PF05899.12	74	DT2.contig84_1	68	4.6e-09
DAO	PF01266.24	352	DT2.contig84_2	469	1e-49
Thi4	PF01946.17	235	DT2.contig84_2	469	1.5e-07
NAD_binding_8	PF13450.6	68	DT2.contig84_2	469	0.00015
Pyr_redox_2	PF07992.14	294	DT2.contig84_2	469	0.0018
HTH_18	PF12833.7	81	DT2.contig84_3	328	2.5e-18
HTH_AraC	PF00165.23	42	DT2.contig84_3	328	6.6e-13
SnoaL_2	PF12680.7	102	DT2.contig84_3	328	4e-12
DUF1652	PF07865.11	67	DT2.contig84_4	91	1.9e-27
DUF932	PF06067.11	228	DT2.contig85_1	276	1.1e-56
SLT	PF01464.20	117	DT2.contig85_3	162	4.5e-23
Tra_M	PF05261.11	126	DT2.contig85_4	131	6.1e-70
Acyl-CoA_dh_N	PF02771.16	113	DT2.contig86_1	331	6.8e-26
Acyl-CoA_dh_1	PF00441.24	150	DT2.contig86_1	331	1.3e-23
Acyl-CoA_dh_M	PF02770.19	97	DT2.contig86_1	331	3.9e-22
Acyl-CoA_dh_2	PF08028.11	134	DT2.contig86_1	331	6.7e-06
MaoC_dehydrat_N	PF13452.6	132	DT2.contig86_2	273	1.4e-08
LysR_substrate	PF03466.20	209	DT2.contig86_3	304	1.5e-40
HTH_1	PF00126.27	60	DT2.contig86_3	304	9.6e-17
CDC73_C	PF05179.14	157	DT2.contig87_1	74	0.13
Transposase_31	PF04754.12	204	DT2.contig87_2	318	1.7e-85
Resolvase	PF00239.21	146	DT2.contig87_3	207	6.9e-29
LacI	PF00356.21	46	DT2.contig87_3	207	0.00032
HTH_23	PF13384.6	50	DT2.contig87_3	207	0.0031
EAL	PF00563.20	238	DT2.contig88_2	239	3.1e-26
GerE	PF00196.19	57	DT2.contig88_3	195	3.3e-13
DUF2089	PF09862.9	114	DT2.contig88_3	195	0.013
PilZ	PF07238.14	103	DT2.contig88_4	237	5.4e-05
ABC_tran	PF00005.27	137	DT2.contig89_1	241	1.9e-31
SMC_N	PF02463.19	220	DT2.contig89_1	241	5.4e-08
AAA_21	PF13304.6	303	DT2.contig89_1	241	6e-08
AAA_22	PF13401.6	137	DT2.contig89_1	241	5.5e-06
AAA_29	PF13555.6	61	DT2.contig89_1	241	5e-05
Mg_chelatase	PF01078.21	207	DT2.contig89_1	241	0.00019
AAA_16	PF13191.6	170	DT2.contig89_1	241	0.0015
RsgA_GTPase	PF03193.16	167	DT2.contig89_1	241	0.0019
CitMHS	PF03600.16	300	DT2.contig89_2	493	7e-55
UAA	PF08449.11	302	DT2.contig89_2	493	0.00036
EAL	PF00563.20	238	DT2.contig89_3	161	1.9e-47
THF_DHG_CYH	PF00763.23	116	DT2.contig90_1	187	5.2e-41
THF_DHG_CYH_C	PF02882.19	160	DT2.contig90_1	187	2.7e-21
Phage_integrase	PF00589.22	172	DT2.contig90_3	388	5.6e-41
SURNod19	PF07712.12	377	DT2.contig90_4	85	0.11
AP2	PF00847.20	54	DT2.contig90_5	213	9.8e-07
