target	acc	tlen	query	qlen	evalue
SRAP	PF02586.14	219	D3750.contig1_5	216	1.1e-33
Zn-ribbon_8	PF09723.10	40	D3750.contig1_6	61	2.1e-07
TraA	PF05513.11	120	D3750.contig1_13	100	0.031
Acyl_transf_3	PF01757.22	340	D3750.contig1_15	106	0.028
Mrr_cat	PF04471.12	115	D3750.contig1_16	311	3.6e-30
zf-C4_Topoisom	PF01396.19	39	D3750.contig1_16	311	2.5e-05
Mrr_cat_2	PF13156.6	127	D3750.contig1_16	311	0.00011
DUF2034	PF10356.9	185	D3750.contig1_16	311	0.0059
MTES_1575	PF18741.1	95	D3750.contig1_16	311	0.0069
IMS	PF00817.20	150	D3750.contig1_17	430	2.1e-30
DUF4113	PF13438.6	51	D3750.contig1_17	430	2.1e-18
IMS_C	PF11799.8	118	D3750.contig1_17	430	1.1e-10
IMS_HHH	PF11798.8	32	D3750.contig1_17	430	0.0007
Cdd1	PF11731.8	86	D3750.contig1_17	430	0.0021
Peptidase_S24	PF00717.23	70	D3750.contig1_18	145	2.5e-15
Big_9	PF17963.1	90	D3750.contig1_20	209	1.3e-16
Big_9	PF17963.1	90	D3750.contig1_20	209	1.3e-16
Cadherin_5	PF17892.1	98	D3750.contig1_20	209	7.3e-10
Cadherin_4	PF17803.1	72	D3750.contig1_20	209	1.7e-08
Cadherin_4	PF17803.1	72	D3750.contig1_20	209	1.7e-08
Cadherin_3	PF16184.5	111	D3750.contig1_20	209	1.1e-05
OprD	PF03573.13	394	D3750.contig1_21	428	1.6e-130
Big_9	PF17963.1	90	D3750.contig1_23	355	2e-27
Big_9	PF17963.1	90	D3750.contig1_23	355	2e-27
Big_9	PF17963.1	90	D3750.contig1_23	355	2e-27
Cadherin_4	PF17803.1	72	D3750.contig1_23	355	3.1e-12
Cadherin_4	PF17803.1	72	D3750.contig1_23	355	3.1e-12
Cadherin_5	PF17892.1	98	D3750.contig1_23	355	7.4e-12
Cadherin_5	PF17892.1	98	D3750.contig1_23	355	7.4e-12
Cadherin_3	PF16184.5	111	D3750.contig1_23	355	3.3e-08
Invasin_D3	PF09134.10	96	D3750.contig1_23	355	0.02
Mrr_N	PF14338.6	87	D3750.contig1_26	163	9.4e-07
N6_N4_Mtase	PF01555.18	231	D3750.contig1_27	286	4.2e-18
RCC_reductase	PF06405.11	253	D3750.contig1_30	131	0.0092
DUF983	PF06170.12	85	D3750.contig1_32	139	0.019
CoiA	PF06054.11	377	D3750.contig1_36	222	2.5e-11
HTH_3	PF01381.22	55	D3750.contig1_37	135	3.5e-10
HTH_31	PF13560.6	64	D3750.contig1_37	135	7.2e-08
HTH_26	PF13443.6	63	D3750.contig1_37	135	0.00012
HTH_37	PF13744.6	80	D3750.contig1_37	135	0.0012
HTH_25	PF13413.6	62	D3750.contig1_37	135	0.0039
HipA_C	PF07804.12	212	D3750.contig1_38	442	1.5e-41
Couple_hipA	PF13657.6	99	D3750.contig1_38	442	2.1e-21
AAA_22	PF13401.6	137	D3750.contig1_39	959	0.00015
SEC-C	PF02810.15	19	D3750.contig1_39	959	0.00045
rve	PF00665.26	119	D3750.contig1_40	505	1.4e-19
HTH_23	PF13384.6	50	D3750.contig1_40	505	0.005
IstB_IS21	PF01695.17	178	D3750.contig1_41	252	2.2e-67
IstB_IS21_ATP	PF08483.11	29	D3750.contig1_41	252	6.1e-15
Bac_DnaA	PF00308.18	219	D3750.contig1_41	252	0.00017
AAA_22	PF13401.6	137	D3750.contig1_41	252	0.00046
AAA_25	PF13481.6	194	D3750.contig1_41	252	0.0012
AAA	PF00004.29	132	D3750.contig1_41	252	0.002
PhoH	PF02562.16	205	D3750.contig1_41	252	0.0029
SRI	PF08236.11	85	D3750.contig1_44	180	0.0046
NodS	PF05401.11	201	D3750.contig1_46	53	0.15
PhnA	PF03831.14	69	D3750.contig1_48	94	0.064
AAA_16	PF13191.6	170	D3750.contig1_52	217	0.0012
PAPS_reduct	PF01507.19	174	D3750.contig1_53	609	8.5e-06
DUF3335	PF11814.8	206	D3750.contig1_58	73	0.021
PepSY_2	PF13670.6	84	D3750.contig1_59	74	0.06
TonB_dep_Rec	PF00593.24	470	D3750.contig2_1	148	3.7e-16
OMP_b-brl_3	PF14905.6	408	D3750.contig2_1	148	0.0013
BPL_N	PF09825.9	377	D3750.contig2_4	249	4.4e-11
GATase_3	PF07685.14	196	D3750.contig2_4	249	0.0028
ThuA	PF06283.11	210	D3750.contig2_4	249	0.0088
ABC_tran	PF00005.27	137	D3750.contig2_6	843	1.2e-17
UvrA_DNA-bind	PF17755.1	110	D3750.contig2_6	843	5.4e-16
AAA_21	PF13304.6	303	D3750.contig2_6	843	1.6e-08
DnaJ_CXXCXGXG	PF00684.19	67	D3750.contig2_6	843	1.1e-06
HATPase_c	PF02518.26	112	D3750.contig2_7	570	6e-17
Response_reg	PF00072.24	112	D3750.contig2_7	570	1.6e-14
HisKA	PF00512.25	67	D3750.contig2_7	570	1.5e-08
SPOB_a	PF14689.6	62	D3750.contig2_7	570	0.002
PAS_4	PF08448.10	110	D3750.contig2_7	570	0.0044
DNA_pol3_alpha	PF07733.12	260	D3750.contig2_8	1023	6.4e-81
DNA_pol3_finger	PF17657.1	166	D3750.contig2_8	1023	3.8e-62
HHH_6	PF14579.6	90	D3750.contig2_8	1023	3.2e-20
PHP	PF02811.19	167	D3750.contig2_8	1023	6.4e-18
tRNA_anti-codon	PF01336.25	76	D3750.contig2_8	1023	2.5e-07
tRNA_anti_2	PF13742.6	95	D3750.contig2_8	1023	0.0095
IMS	PF00817.20	150	D3750.contig2_9	472	1.2e-05
RecA	PF00154.21	263	D3750.contig2_10	204	5.4e-05
Peptidase_S24	PF00717.23	70	D3750.contig2_11	206	2.3e-17
LexA_DNA_bind	PF01726.16	65	D3750.contig2_11	206	6.5e-17
HTH_IclR	PF09339.10	52	D3750.contig2_11	206	0.0032
Rrf2	PF02082.20	83	D3750.contig2_11	206	0.0039
HTH_20	PF12840.7	61	D3750.contig2_11	206	0.0074
TonB_dep_Rec	PF00593.24	470	D3750.contig2_12	645	5.2e-35
Plug	PF07715.15	108	D3750.contig2_12	645	3.4e-22
OMP_b-brl_3	PF14905.6	408	D3750.contig2_12	645	0.00049
2Fe-2S_thioredx	PF01257.19	145	D3750.contig2_13	115	1.6e-06
Peripla_BP_2	PF01497.18	238	D3750.contig2_14	307	2.7e-20
Pkinase	PF00069.25	264	D3750.contig2_16	729	6.6e-10
zf-C4_Topoisom	PF01396.19	39	D3750.contig2_16	729	7.7e-10
zf-GRF	PF06839.12	45	D3750.contig2_16	729	0.00023
Pkinase_Tyr	PF07714.17	259	D3750.contig2_16	729	0.0085
PP2C_2	PF13672.6	210	D3750.contig2_17	221	6.4e-35
VWA	PF00092.28	175	D3750.contig2_18	226	3e-10
VWA_2	PF13519.6	107	D3750.contig2_18	226	3.3e-07
VWA_3	PF13768.6	155	D3750.contig2_18	226	0.0093
ImcF-related_N	PF14331.6	259	D3750.contig2_20	1214	7e-70
IcmF-related	PF06761.12	309	D3750.contig2_20	1214	2.6e-68
IcmF_C	PF06744.12	203	D3750.contig2_20	1214	3.7e-50
T6SS_VasJ	PF16989.5	255	D3750.contig2_21	479	1.6e-58
ImpA_N	PF06812.12	119	D3750.contig2_21	479	7.4e-18
VasI	PF11319.8	184	D3750.contig2_22	221	1.2e-37
T6SS_VipA	PF05591.12	155	D3750.contig2_23	168	4.7e-54
FliMN_C	PF01052.20	73	D3750.contig2_23	168	0.015
VipB	PF05943.12	422	D3750.contig2_24	493	1.8e-176
GPW_gp25	PF04965.14	95	D3750.contig2_25	139	3.6e-17
Myc-LZ	PF02344.15	31	D3750.contig2_25	139	0.0036
T6SS_TssF	PF05947.12	603	D3750.contig2_26	589	1.9e-154
T6SS_TssG	PF06996.11	299	D3750.contig2_27	341	2.4e-83
T6SS-SciN	PF12790.7	120	D3750.contig2_28	450	1.3e-21
FHA	PF00498.26	69	D3750.contig2_28	450	1.3e-06
T6SS_VasE	PF05936.12	428	D3750.contig2_29	449	1.4e-149
TctA	PF01970.16	409	D3750.contig3_1	259	4.9e-62
AbrB	PF05145.12	314	D3750.contig3_2	346	3.1e-83
UDG	PF03167.19	155	D3750.contig3_3	231	1.3e-23
ECH_2	PF16113.5	334	D3750.contig3_4	371	1.6e-112
ECH_1	PF00378.20	251	D3750.contig3_4	371	9.6e-23
DUF1040	PF06288.13	86	D3750.contig3_4	371	0.014
DUF3757	PF12582.8	118	D3750.contig3_5	150	4.4e-16
NMT1	PF09084.11	216	D3750.contig3_8	356	5.1e-11
NMT1_2	PF13379.6	253	D3750.contig3_8	356	6.7e-08
SBP_bac_3	PF00497.20	225	D3750.contig3_8	356	0.00018
Phosphonate-bd	PF12974.7	243	D3750.contig3_8	356	0.0006
BPD_transp_1	PF00528.22	185	D3750.contig3_9	272	1.4e-17
ABC_tran	PF00005.27	137	D3750.contig3_10	255	1.8e-32
AAA_21	PF13304.6	303	D3750.contig3_10	255	6.4e-08
RsgA_GTPase	PF03193.16	167	D3750.contig3_10	255	0.00025
AAA_22	PF13401.6	137	D3750.contig3_10	255	0.0011
AAA_16	PF13191.6	170	D3750.contig3_10	255	0.0012
DUF1989	PF09347.10	167	D3750.contig3_11	242	1.4e-50
DUF1989	PF09347.10	167	D3750.contig3_12	211	8.4e-69
CT_A_B	PF02626.15	264	D3750.contig3_13	1210	3.7e-89
CPSase_L_D2	PF02786.17	211	D3750.contig3_13	1210	3.5e-60
CT_C_D	PF02682.16	202	D3750.contig3_13	1210	2e-48
Biotin_carb_N	PF00289.22	110	D3750.contig3_13	1210	2.1e-42
Biotin_carb_C	PF02785.19	108	D3750.contig3_13	1210	5.5e-33
Biotin_lipoyl	PF00364.22	73	D3750.contig3_13	1210	7.5e-14
Dala_Dala_lig_C	PF07478.13	204	D3750.contig3_13	1210	1.2e-10
Biotin_lipoyl_2	PF13533.6	50	D3750.contig3_13	1210	3.8e-05
RimK	PF08443.11	188	D3750.contig3_13	1210	0.00012
ATP-grasp_3	PF02655.14	161	D3750.contig3_13	1210	0.0074
Cys_rich_CWC	PF14375.6	50	D3750.contig3_14	71	7.5e-14
UBM	PF14377.6	35	D3750.contig3_14	71	0.0013
PseudoU_synth_2	PF00849.22	160	D3750.contig3_15	231	5.3e-15
S4	PF01479.25	48	D3750.contig3_15	231	4.1e-05
Abhydrolase_1	PF00561.20	257	D3750.contig3_16	295	1.9e-08
Hydrolase_4	PF12146.8	239	D3750.contig3_16	295	4.8e-07
Alginate_lyase2	PF08787.11	236	D3750.contig3_17	269	4.4e-28
Epimerase	PF01370.21	241	D3750.contig3_19	299	5.3e-15
NAD_binding_10	PF13460.6	184	D3750.contig3_19	299	3.2e-14
NmrA	PF05368.13	233	D3750.contig3_19	299	3.2e-10
GDP_Man_Dehyd	PF16363.5	332	D3750.contig3_19	299	2.9e-08
RmlD_sub_bind	PF04321.17	287	D3750.contig3_19	299	5.8e-08
3Beta_HSD	PF01073.19	280	D3750.contig3_19	299	4.8e-05
Sacchrp_dh_NADP	PF03435.18	130	D3750.contig3_19	299	0.00023
adh_short	PF00106.25	195	D3750.contig3_19	299	0.00026
NAD_binding_4	PF07993.12	257	D3750.contig3_19	299	0.0003
TrkA_N	PF02254.18	116	D3750.contig3_19	299	0.0011
MLTR_LBD	PF17765.1	168	D3750.contig3_20	271	3.2e-43
HTH_31	PF13560.6	64	D3750.contig3_20	271	1.6e-19
HTH_3	PF01381.22	55	D3750.contig3_20	271	5.1e-05
Gp49	PF05973.14	90	D3750.contig3_21	98	6.8e-06
HTH_3	PF01381.22	55	D3750.contig3_22	103	0.018
MFS_1	PF07690.16	353	D3750.contig3_23	397	6.3e-29
MFS_1	PF07690.16	353	D3750.contig3_23	397	6.3e-29
MFS_1	PF07690.16	353	D3750.contig3_24	388	8.9e-37
MFS_1	PF07690.16	353	D3750.contig3_24	388	8.9e-37
MFS_1_like	PF12832.7	385	D3750.contig3_24	388	0.00056
LysR_substrate	PF03466.20	209	D3750.contig3_25	303	1.7e-39
HTH_1	PF00126.27	60	D3750.contig3_25	303	1.5e-20
HicA_toxin	PF07927.12	58	D3750.contig3_26	61	4.4e-18
HicB_lk_antitox	PF15919.5	123	D3750.contig3_27	137	4.3e-48
DUF5083	PF16890.5	157	D3750.contig3_28	111	0.075
DNA_binding_1	PF01035.20	81	D3750.contig3_29	161	2.7e-32
Methyltransf_1N	PF02870.15	77	D3750.contig3_29	161	9.6e-08
Iron_permease	PF04120.12	128	D3750.contig3_30	142	9.1e-47
DUF4142	PF13628.6	139	D3750.contig3_31	176	3.1e-27
Polysacc_deac_2	PF04748.13	213	D3750.contig3_31	176	0.022
LysR_substrate	PF03466.20	209	D3750.contig3_32	308	4e-26
HTH_1	PF00126.27	60	D3750.contig3_32	308	5.9e-18
HTH_30	PF13556.6	59	D3750.contig3_32	308	0.0014
HTH_5	PF01022.20	47	D3750.contig3_32	308	0.0053
DMT_YdcZ	PF04657.13	139	D3750.contig3_33	163	1.9e-39
MFS_1	PF07690.16	353	D3750.contig3_34	444	1.7e-35
HMGL-like	PF00682.19	264	D3750.contig3_35	313	2.6e-44
ADH_N	PF08240.12	109	D3750.contig3_35	313	0.017
CoA_transf_3	PF02515.17	368	D3750.contig3_36	398	1.6e-116
ABC_membrane	PF00664.23	274	D3750.contig4_1	365	9.8e-16
Glycos_transf_1	PF00534.20	172	D3750.contig4_2	356	8.1e-22
Glyco_trans_1_4	PF13692.6	134	D3750.contig4_2	356	1.1e-13
Glyco_transf_4	PF13439.6	170	D3750.contig4_2	356	1.5e-12
Glyco_trans_4_4	PF13579.6	160	D3750.contig4_2	356	1.7e-08
Glyco_trans_1_2	PF13524.6	92	D3750.contig4_2	356	3.3e-06
Biotin_lipoyl_2	PF13533.6	50	D3750.contig4_3	378	5e-14
HlyD_D23	PF16576.5	214	D3750.contig4_3	378	2.2e-12
Biotin_lipoyl	PF00364.22	73	D3750.contig4_3	378	0.0014
OEP	PF02321.18	188	D3750.contig4_3	378	0.0036
ACR_tran	PF00873.19	1021	D3750.contig4_4	1060	0
MMPL	PF03176.15	333	D3750.contig4_4	1060	8.3e-14
MMPL	PF03176.15	333	D3750.contig4_4	1060	8.3e-14
SecD_SecF	PF02355.16	189	D3750.contig4_4	1060	1.2e-06
ABC_tran	PF00005.27	137	D3750.contig4_5	326	6e-27
oligo_HPY	PF08352.12	65	D3750.contig4_5	326	8.9e-16
AAA_21	PF13304.6	303	D3750.contig4_5	326	5.1e-08
AAA_16	PF13191.6	170	D3750.contig4_5	326	0.00014
SMC_N	PF02463.19	220	D3750.contig4_5	326	0.00018
AAA_22	PF13401.6	137	D3750.contig4_5	326	0.00028
ABC_tran	PF00005.27	137	D3750.contig4_7	353	5.7e-30
oligo_HPY	PF08352.12	65	D3750.contig4_7	353	2.5e-19
AAA_22	PF13401.6	137	D3750.contig4_7	353	7.5e-06
AAA_16	PF13191.6	170	D3750.contig4_7	353	8.8e-05
ATP-synt_ab	PF00006.25	213	D3750.contig4_7	353	0.00086
Sigma54_activat	PF00158.26	168	D3750.contig4_7	353	0.0025
BPD_transp_1	PF00528.22	185	D3750.contig4_8	296	2.4e-19
OppC_N	PF12911.7	51	D3750.contig4_8	296	8e-08
BPD_transp_1	PF00528.22	185	D3750.contig4_9	318	1.3e-40
SBP_bac_5	PF00496.22	377	D3750.contig4_10	555	4.1e-69
SBP_bac_5	PF00496.22	377	D3750.contig4_11	533	1e-72
LysR_substrate	PF03466.20	209	D3750.contig4_12	315	7e-26
HTH_1	PF00126.27	60	D3750.contig4_12	315	2.8e-19
Aldolase_II	PF00596.21	186	D3750.contig4_13	274	6.5e-48
Aldolase_II	PF00596.21	186	D3750.contig4_14	267	2.2e-47
MFS_1	PF07690.16	353	D3750.contig4_15	446	5e-44
DUF2937	PF11157.8	162	D3750.contig4_15	446	0.033
MarR_2	PF12802.7	62	D3750.contig4_16	157	4.9e-11
MarR	PF01047.22	59	D3750.contig4_16	157	1.3e-10
HTH_27	PF13463.6	68	D3750.contig4_16	157	1.5e-10
HTH_34	PF13601.6	80	D3750.contig4_16	157	0.00029
GntR	PF00392.21	64	D3750.contig4_16	157	0.00034
HTH_24	PF13412.6	48	D3750.contig4_16	157	0.00066
TrmB	PF01978.19	68	D3750.contig4_16	157	0.0012
HTH_20	PF12840.7	61	D3750.contig4_16	157	0.0041
HxlR	PF01638.17	91	D3750.contig4_17	347	1.2e-36
HxlR	PF01638.17	91	D3750.contig4_17	347	1.2e-36
COXG	PF06240.13	140	D3750.contig4_18	281	2.7e-38
Polyketide_cyc2	PF10604.9	143	D3750.contig4_18	281	1.5e-06
Polyketide_cyc	PF03364.20	130	D3750.contig4_18	281	0.0013
FAD_binding_5	PF00941.21	171	D3750.contig4_19	292	1.6e-44
CO_deh_flav_C	PF03450.17	103	D3750.contig4_19	292	3e-22
Fer2_2	PF01799.20	76	D3750.contig4_20	161	2.4e-30
Fer2	PF00111.27	78	D3750.contig4_20	161	7.5e-05
Fer2_3	PF13085.6	109	D3750.contig4_20	161	0.00021
Ald_Xan_dh_C2	PF02738.18	550	D3750.contig4_21	797	3.4e-162
Ald_Xan_dh_C	PF01315.22	110	D3750.contig4_21	797	4.7e-25
HxlR	PF01638.17	91	D3750.contig4_22	353	2e-42
HxlR	PF01638.17	91	D3750.contig4_22	353	2e-42
AMNp_N	PF10423.9	156	D3750.contig5_1	260	0.019
tRNA_synthFbeta	PF17759.1	214	D3750.contig5_2	329	0.011
YadA_stalk	PF05662.14	43	D3750.contig5_8	269	5e-06
YadA_stalk	PF05662.14	43	D3750.contig5_9	272	0.0022
CNP_C_terminal	PF17839.1	108	D3750.contig5_10	343	0.0034
Glucosaminidase	PF01832.20	87	D3750.contig5_11	1053	1.7e-09
STI1	PF17830.1	55	D3750.contig5_11	1053	0.0068
DUF5309	PF17236.2	280	D3750.contig5_20	316	5.2e-76
CobS_N	PF12556.8	34	D3750.contig5_20	316	0.0068
Terminase_3	PF04466.13	201	D3750.contig5_22	484	4.9e-35
Terminase_6	PF03237.15	215	D3750.contig5_22	484	6.2e-07
Acetyltransf_6	PF13480.7	142	D3750.contig5_24	162	0.11
Synaptonemal_3	PF15191.6	92	D3750.contig5_26	66	0.022
DivIC	PF04977.15	80	D3750.contig5_26	66	0.044
Histone_HNS	PF00816.21	92	D3750.contig5_27	105	6.9e-18
Trypan_PARP	PF05887.11	134	D3750.contig6_2	101	0.00017
Adeno_E1A	PF02703.14	289	D3750.contig6_2	101	0.027
Resolvase	PF00239.21	146	D3750.contig6_4	129	1.5e-14
CooC_C	PF15976.5	93	D3750.contig6_5	48	0.12
LRR_4	PF12799.7	44	D3750.contig6_6	574	9.1e-06
LRR_8	PF13855.6	61	D3750.contig6_6	574	1.1e-05
LRR_8	PF13855.6	61	D3750.contig6_6	574	1.1e-05
Utp13	PF08625.11	142	D3750.contig6_7	102	0.034
SAM_1	PF00536.30	64	D3750.contig6_8	596	0.029
RCC1	PF00415.18	50	D3750.contig6_11	65	0.055
RCC1	PF00415.18	50	D3750.contig6_12	778	2.3e-60
RCC1	PF00415.18	50	D3750.contig6_12	778	2.3e-60
RCC1	PF00415.18	50	D3750.contig6_12	778	2.3e-60
RCC1	PF00415.18	50	D3750.contig6_12	778	2.3e-60
RCC1	PF00415.18	50	D3750.contig6_12	778	2.3e-60
BTB	PF00651.31	111	D3750.contig6_12	778	8.2e-35
BTB	PF00651.31	111	D3750.contig6_12	778	8.2e-35
RCC1_2	PF13540.6	30	D3750.contig6_12	778	2.4e-32
RCC1_2	PF13540.6	30	D3750.contig6_12	778	2.4e-32
RCC1_2	PF13540.6	30	D3750.contig6_12	778	2.4e-32
Actin	PF00022.19	407	D3750.contig6_15	370	3.1e-125
Tetraspanin	PF00335.20	229	D3750.contig6_18	229	0.039
DUF4198	PF10670.9	213	D3750.contig7_2	242	4.7e-13
CarboxypepD_reg	PF13620.6	82	D3750.contig7_2	242	0.0025
TonB_dep_Rec	PF00593.24	470	D3750.contig7_3	795	2.8e-33
CarboxypepD_reg	PF13620.6	82	D3750.contig7_3	795	7.8e-14
CarbopepD_reg_2	PF13715.6	88	D3750.contig7_3	795	1.6e-13
Plug	PF07715.15	108	D3750.contig7_3	795	2.7e-10
SdrD_B	PF17210.3	112	D3750.contig7_3	795	1.2e-05
fn3_3	PF14686.6	75	D3750.contig7_3	795	6.1e-05
DUF2012	PF09430.10	123	D3750.contig7_3	795	0.004
Reg_prop	PF07494.11	24	D3750.contig7_4	1396	5.9e-57
Reg_prop	PF07494.11	24	D3750.contig7_4	1396	5.9e-57
Reg_prop	PF07494.11	24	D3750.contig7_4	1396	5.9e-57
Reg_prop	PF07494.11	24	D3750.contig7_4	1396	5.9e-57
Reg_prop	PF07494.11	24	D3750.contig7_4	1396	5.9e-57
Reg_prop	PF07494.11	24	D3750.contig7_4	1396	5.9e-57
Response_reg	PF00072.24	112	D3750.contig7_4	1396	1.9e-24
HATPase_c	PF02518.26	112	D3750.contig7_4	1396	1.5e-21
HTH_18	PF12833.7	81	D3750.contig7_4	1396	5.7e-16
Y_Y_Y	PF07495.13	66	D3750.contig7_4	1396	5.6e-15
HTH_AraC	PF00165.23	42	D3750.contig7_4	1396	1.2e-08
HTH_AraC	PF00165.23	42	D3750.contig7_4	1396	1.2e-08
HisKA	PF00512.25	67	D3750.contig7_4	1396	2.2e-08
TonB_dep_Rec	PF00593.24	470	D3750.contig7_5	1073	4.7e-24
CarbopepD_reg_2	PF13715.6	88	D3750.contig7_5	1073	8.1e-21
Plug	PF07715.15	108	D3750.contig7_5	1073	1.5e-20
CarboxypepD_reg	PF13620.6	82	D3750.contig7_5	1073	3.9e-11
SusD_RagB	PF07980.11	298	D3750.contig7_6	560	5.2e-59
SusD-like_3	PF14322.6	190	D3750.contig7_6	560	1.2e-15
Self-incomp_S1	PF05938.11	104	D3750.contig7_7	129	0.062
RicinB_lectin_2	PF14200.6	89	D3750.contig7_8	499	8e-34
RicinB_lectin_2	PF14200.6	89	D3750.contig7_8	499	8e-34
Ricin_B_lectin	PF00652.22	127	D3750.contig7_8	499	1.9e-20
Cellulase	PF00150.18	281	D3750.contig7_8	499	3.1e-20
Glyco_hydr_30_2	PF14587.6	366	D3750.contig7_9	509	9.9e-159
Glyco_hydro_30C	PF17189.4	65	D3750.contig7_9	509	1.1e-07
DoxX_2	PF13564.6	103	D3750.contig7_10	135	1.2e-10
DUF1080	PF06439.11	185	D3750.contig7_11	329	1.4e-37
CarbopepD_reg_2	PF13715.6	88	D3750.contig7_12	174	9.4e-24
CarboxypepD_reg	PF13620.6	82	D3750.contig7_12	174	4.2e-15
Plug	PF07715.15	108	D3750.contig7_12	174	0.00036
Big_3_5	PF16640.5	90	D3750.contig7_12	174	0.0038
fn3_3	PF14686.6	75	D3750.contig7_12	174	0.0051
GSH-S_N	PF02951.14	119	D3750.contig8_1	99	1.9e-20
CvfB_WH	PF17783.1	58	D3750.contig8_2	231	4.1e-20
S1_2	PF13509.6	61	D3750.contig8_2	231	4.3e-10
S1	PF00575.23	75	D3750.contig8_2	231	0.0013
MarR_2	PF12802.7	62	D3750.contig8_2	231	0.0019
SSF	PF00474.17	406	D3750.contig8_3	543	6.1e-55
Methyltrans_RNA	PF04452.14	226	D3750.contig8_5	255	1e-67
SecB	PF02556.14	142	D3750.contig8_6	167	3.9e-54
DUF4424	PF14415.6	302	D3750.contig8_6	167	0.043
Rhodanese	PF00581.20	107	D3750.contig8_7	141	1.7e-18
Metalloenzyme	PF01676.18	248	D3750.contig8_8	522	2.7e-74
iPGM_N	PF06415.13	215	D3750.contig8_8	522	7.9e-73
Phosphodiest	PF01663.22	357	D3750.contig8_8	522	0.0089
Peptidase_M23	PF01551.22	96	D3750.contig8_9	381	4.4e-30
SYCE1	PF15233.6	152	D3750.contig8_9	381	0.0022
DUF4201	PF13870.6	177	D3750.contig8_9	381	0.0033
Peptidase_S41	PF03572.18	166	D3750.contig8_10	430	4.3e-56
PDZ_2	PF13180.6	82	D3750.contig8_10	430	2e-10
PDZ_6	PF17820.1	56	D3750.contig8_10	430	1.1e-09
PDZ	PF00595.24	82	D3750.contig8_10	430	3.2e-06
BBP2_2	PF10082.9	379	D3750.contig8_10	430	0.012
FAD_binding_3	PF01494.19	349	D3750.contig8_11	427	8e-27
Pyr_redox_2	PF07992.14	294	D3750.contig8_11	427	3.7e-07
NAD_binding_8	PF13450.6	68	D3750.contig8_11	427	0.0001
Pyr_redox	PF00070.27	81	D3750.contig8_11	427	0.00035
DAO	PF01266.24	352	D3750.contig8_11	427	0.00066
3HCDH_N	PF02737.18	180	D3750.contig8_11	427	0.0015
FAD_binding_3	PF01494.19	349	D3750.contig8_12	410	4e-20
Lycopene_cycl	PF05834.12	380	D3750.contig8_12	410	0.00014
SE	PF08491.10	276	D3750.contig8_12	410	0.0038
DAO	PF01266.24	352	D3750.contig8_12	410	0.0038
Pyr_redox	PF00070.27	81	D3750.contig8_12	410	0.0083
Peptidase_M24	PF00557.24	209	D3750.contig8_13	451	4.4e-59
AMP_N	PF05195.16	123	D3750.contig8_13	451	1.3e-32
UPF0149	PF03695.13	174	D3750.contig8_14	193	1.2e-20
ZapA	PF05164.13	88	D3750.contig8_15	103	1.8e-20
ADIP	PF11559.8	152	D3750.contig8_15	103	0.0096
FliS	PF02561.14	115	D3750.contig8_15	103	0.016
5-FTHF_cyc-lig	PF01812.20	187	D3750.contig8_16	214	7.1e-41
PALP	PF00291.25	294	D3750.contig8_18	505	3.6e-81
Thr_dehydrat_C	PF00585.18	91	D3750.contig8_18	505	1.6e-48
Thr_dehydrat_C	PF00585.18	91	D3750.contig8_18	505	1.6e-48
Rib_5-P_isom_A	PF06026.14	173	D3750.contig8_19	225	2.1e-57
PRiA4_ORF3	PF07929.11	174	D3750.contig9_1	225	2.9e-54
IstB_IS21_ATP	PF08483.11	29	D3750.contig9_1	225	1.4e-11
DUF99	PF01949.16	183	D3750.contig9_1	225	0.034
DDE_Tnp_IS66	PF03050.14	282	D3750.contig9_2	521	4.1e-102
DDE_Tnp_IS66_C	PF13817.6	39	D3750.contig9_2	521	1.1e-19
zf-IS66	PF13005.7	46	D3750.contig9_2	521	6.6e-18
LZ_Tnp_IS66	PF13007.7	69	D3750.contig9_2	521	4.3e-17
TnpB_IS66	PF05717.13	101	D3750.contig9_3	116	4e-41
HTH_Tnp_1	PF01527.20	75	D3750.contig9_4	134	1e-08
Transposase_mut	PF00872.18	381	D3750.contig9_5	61	0.026
DUF1656	PF07869.12	56	D3750.contig9_5	61	0.072
CopC	PF04234.12	92	D3750.contig9_7	77	3.1e-15
FlgD_ig	PF13860.6	79	D3750.contig9_7	77	6.1e-06
DUF896	PF05979.12	64	D3750.contig9_7	77	0.023
CusF_Ec	PF11604.8	68	D3750.contig9_8	116	1e-26
Cu-oxidase_3	PF07732.15	119	D3750.contig9_9	432	2.3e-43
Cu-oxidase_3	PF07732.15	119	D3750.contig9_9	432	2.3e-43
Cu-oxidase_2	PF07731.14	137	D3750.contig9_9	432	3e-30
Cu-oxidase_2	PF07731.14	137	D3750.contig9_9	432	3e-30
Cu-oxidase	PF00394.22	159	D3750.contig9_9	432	0.00039
TAT_signal	PF10518.9	26	D3750.contig9_9	432	0.0013
OEP	PF02321.18	188	D3750.contig9_10	441	1.9e-30
OEP	PF02321.18	188	D3750.contig9_10	441	1.9e-30
rve	PF00665.26	119	D3750.contig9_11	519	1.3e-20
Sigma70_r4_2	PF08281.12	54	D3750.contig9_11	519	0.0011
Sigma70_r4	PF04545.16	50	D3750.contig9_11	519	0.0037
HTH_24	PF13412.6	48	D3750.contig9_11	519	0.0073
PDGLE	PF13190.6	89	D3750.contig9_11	519	0.0084
IstB_IS21	PF01695.17	178	D3750.contig9_12	250	2.6e-75
IstB_IS21_ATP	PF08483.11	29	D3750.contig9_12	250	1.6e-13
AAA_22	PF13401.6	137	D3750.contig9_12	250	4.9e-05
PhoH	PF02562.16	205	D3750.contig9_12	250	0.0011
AAA	PF00004.29	132	D3750.contig9_12	250	0.0012
Sigma54_activat	PF00158.26	168	D3750.contig9_12	250	0.0017
AFG1_ATPase	PF03969.16	362	D3750.contig9_12	250	0.0019
Bac_DnaA	PF00308.18	219	D3750.contig9_12	250	0.003
DEC-1_N	PF04625.13	403	D3750.contig9_14	100	0.02
PE	PF00934.20	93	D3750.contig9_16	69	0.13
HTH_28	PF13518.6	52	D3750.contig9_17	91	0.033
DUF4148	PF13663.6	54	D3750.contig9_20	96	2.8e-13
CopD	PF05425.13	105	D3750.contig9_21	309	6.8e-23
DUF4149	PF13664.6	102	D3750.contig9_21	309	0.0016
CopC	PF04234.12	92	D3750.contig9_22	129	2.4e-20
Big_5	PF13205.6	108	D3750.contig9_22	129	1e-07
CopB	PF05275.11	208	D3750.contig9_23	291	1.4e-84
Autotransporter	PF03797.19	255	D3750.contig9_23	291	3.1e-06
KdgM	PF06178.13	222	D3750.contig9_23	291	0.027
Cu-oxidase_3	PF07732.15	119	D3750.contig9_24	677	5e-51
Cu-oxidase_3	PF07732.15	119	D3750.contig9_24	677	5e-51
Cu-oxidase	PF00394.22	159	D3750.contig9_24	677	1.2e-40
Cu-oxidase_2	PF07731.14	137	D3750.contig9_24	677	2e-33
Cu-oxidase_2	PF07731.14	137	D3750.contig9_24	677	2e-33
TAT_signal	PF10518.9	26	D3750.contig9_24	677	0.0015
Response_reg	PF00072.24	112	D3750.contig9_25	102	6.4e-25
Prok-E2_D	PF14460.6	169	D3750.contig10_2	243	4.7e-34
ThiF	PF00899.21	244	D3750.contig10_3	298	1.7e-13
FoP_duplication	PF13865.6	81	D3750.contig10_4	63	0.071
PrgI	PF12666.7	90	D3750.contig10_5	62	0.006
Peptidase_U4	PF03419.13	284	D3750.contig10_5	62	0.079
OEP	PF02321.18	188	D3750.contig10_7	447	4e-48
OEP	PF02321.18	188	D3750.contig10_7	447	4e-48
HlyD_D23	PF16576.5	214	D3750.contig10_8	366	3e-16
HlyD_3	PF13437.6	106	D3750.contig10_8	366	1.8e-14
Biotin_lipoyl_2	PF13533.6	50	D3750.contig10_8	366	1.1e-08
HlyD_2	PF12700.7	417	D3750.contig10_8	366	0.00023
ACR_tran	PF00873.19	1021	D3750.contig10_9	1069	3.7e-169
SecD_SecF	PF02355.16	189	D3750.contig10_9	1069	8.2e-07
MMPL	PF03176.15	333	D3750.contig10_9	1069	1
DUF2892	PF11127.8	66	D3750.contig10_11	62	4.8e-15
HTH_Crp_2	PF13545.6	68	D3750.contig10_12	212	5.5e-10
cNMP_binding	PF00027.29	89	D3750.contig10_12	212	1.2e-09
Crp	PF00325.20	32	D3750.contig10_12	212	1.7e-07
MarR	PF01047.22	59	D3750.contig10_12	212	0.00031
Rrf2	PF02082.20	83	D3750.contig10_12	212	0.00043
HTH_11	PF08279.12	55	D3750.contig10_12	212	0.00076
PAP2	PF01569.21	136	D3750.contig10_14	247	3.5e-12
Metallophos_2	PF12850.7	165	D3750.contig10_15	247	7.2e-28
Metallophos	PF00149.28	204	D3750.contig10_15	247	2.8e-15
Enolase_C	PF00113.22	296	D3750.contig10_17	426	1.3e-119
Enolase_N	PF03952.16	131	D3750.contig10_17	426	1.3e-50
MAAL_C	PF07476.11	249	D3750.contig10_17	426	1.4e-05
MR_MLE_C	PF13378.6	220	D3750.contig10_17	426	2.2e-05
Pyrophosphatase	PF00719.19	160	D3750.contig10_18	187	2.9e-51
Voltage_CLC	PF00654.20	354	D3750.contig10_19	472	5.5e-63
DUF190	PF02641.15	97	D3750.contig10_20	124	1.3e-12
CRCB	PF02537.15	95	D3750.contig10_21	125	1.5e-25
Usp	PF00582.26	141	D3750.contig10_22	46	0.0032
CRCB	PF02537.15	95	D3750.contig10_23	50	2e-09
EFG_IV	PF03764.18	121	D3750.contig11_1	364	3.9e-44
EFG_II	PF14492.6	75	D3750.contig11_1	364	3e-36
EFG_C	PF00679.24	89	D3750.contig11_1	364	6.8e-31
GTP_EFTU_D2	PF03144.25	74	D3750.contig11_1	364	4e-13
RF3_C	PF16658.5	131	D3750.contig11_1	364	5.6e-07
GTP_EFTU	PF00009.27	194	D3750.contig11_2	398	2.3e-55
GTP_EFTU_D3	PF03143.17	112	D3750.contig11_2	398	1.6e-33
GTP_EFTU_D2	PF03144.25	74	D3750.contig11_2	398	7.4e-16
MMR_HSR1	PF01926.23	114	D3750.contig11_2	398	0.00012
Ribosomal_S10	PF00338.22	98	D3750.contig11_3	104	9.3e-35
Ribosomal_L3	PF00297.22	369	D3750.contig11_4	212	1.3e-17
DUF3850	PF12961.7	77	D3750.contig11_4	212	0.032
Ribosomal_L4	PF00573.22	192	D3750.contig11_5	201	9.5e-63
Ribosomal_L23	PF00276.20	86	D3750.contig11_6	100	1.1e-29
Ribosomal_L2_C	PF03947.18	126	D3750.contig11_7	275	2.7e-56
Ribosomal_L2	PF00181.23	77	D3750.contig11_7	275	9.7e-34
Ribosomal_S19	PF00203.21	81	D3750.contig11_8	92	6.1e-35
DUF1442	PF07279.11	218	D3750.contig11_8	92	0.029
Ribosomal_L22	PF00237.19	103	D3750.contig11_9	111	2e-34
Ribosomal_S3_C	PF00189.20	83	D3750.contig11_10	229	3.1e-42
KH_2	PF07650.17	78	D3750.contig11_10	229	4.5e-22
KH_4	PF13083.6	73	D3750.contig11_10	229	0.014
Ribosomal_L16	PF00252.18	132	D3750.contig11_11	138	6.8e-47
Ribosomal_L29	PF00831.23	57	D3750.contig11_12	64	2.1e-22
MRP-L47	PF06984.13	87	D3750.contig11_12	64	0.0013
YjcZ	PF13990.6	272	D3750.contig11_12	64	0.052
Ribosomal_S17	PF00366.20	68	D3750.contig11_13	89	2e-33
Ribosomal_L14	PF00238.19	122	D3750.contig11_14	123	5.5e-55
ribosomal_L24	PF17136.4	65	D3750.contig11_15	105	3.3e-25
KOW	PF00467.29	32	D3750.contig11_15	105	1.7e-05
Ribosomal_L5_C	PF00673.21	94	D3750.contig11_16	180	1.4e-40
Ribosomal_L5	PF00281.19	57	D3750.contig11_16	180	8.1e-27
TraC	PF07820.12	88	D3750.contig11_16	180	0.028
Ribosomal_S14	PF00253.21	54	D3750.contig11_17	102	4.1e-24
Ribosomal_S8	PF00410.19	127	D3750.contig11_18	131	3.3e-48
TDA11	PF17084.5	465	D3750.contig11_18	131	0.017
Ribosomal_L6	PF00347.23	76	D3750.contig11_19	178	1.7e-40
Ribosomal_L6	PF00347.23	76	D3750.contig11_19	178	1.7e-40
Ribosomal_L18p	PF00861.22	116	D3750.contig11_20	117	3.3e-41
Ribosomal_S5_C	PF03719.15	72	D3750.contig11_21	167	1.4e-31
Ribosomal_S5	PF00333.20	65	D3750.contig11_21	167	9.4e-28
Ribosomal_L30	PF00327.20	51	D3750.contig11_22	59	3.9e-16
Ribosomal_L27A	PF00828.19	128	D3750.contig11_23	146	7.7e-27
SecY	PF00344.20	306	D3750.contig11_24	443	9.9e-114
Ribosomal_L36	PF00444.18	38	D3750.contig11_25	39	6.8e-21
Ribosomal_S13	PF00416.22	128	D3750.contig11_26	119	4.6e-34
FbpA	PF05833.11	455	D3750.contig11_26	119	0.0034
DNA_pol_lambd_f	PF10391.9	50	D3750.contig11_26	119	0.0069
Ribosomal_S11	PF00411.19	110	D3750.contig11_27	130	6.6e-51
Ribosomal_S4	PF00163.19	83	D3750.contig11_28	207	4.6e-31
S4	PF01479.25	48	D3750.contig11_28	207	2e-18
S4_2	PF13275.6	65	D3750.contig11_28	207	0.0012
Catalase	PF00199.19	383	D3750.contig11_29	174	2.8e-54
Catalase-rel	PF06628.12	65	D3750.contig11_29	174	0.00072
ECH_1	PF00378.20	251	D3750.contig12_1	264	7.2e-40
ECH_2	PF16113.5	334	D3750.contig12_1	264	1.6e-16
DEAD	PF00270.29	176	D3750.contig12_2	558	1e-48
Helicase_C	PF00271.31	111	D3750.contig12_2	558	9.1e-30
DbpA	PF03880.15	72	D3750.contig12_2	558	1.7e-18
ResIII	PF04851.15	171	D3750.contig12_2	558	2e-05
LigB	PF02900.18	273	D3750.contig12_3	256	1.5e-50
TPMT	PF05724.11	218	D3750.contig12_4	219	1.7e-78
Peptidase_M48	PF01435.18	196	D3750.contig12_5	296	7.2e-39
Peptidase_M56	PF05569.11	299	D3750.contig12_5	296	9.5e-06
Aminotran_1_2	PF00155.21	363	D3750.contig12_6	404	5.1e-47
DegT_DnrJ_EryC1	PF01041.17	361	D3750.contig12_6	404	2.3e-06
Aminotran_5	PF00266.19	371	D3750.contig12_6	404	0.0071
SelR	PF01641.18	121	D3750.contig12_7	131	4.4e-55
Yippee-Mis18	PF03226.14	105	D3750.contig12_7	131	2.2e-05
GSHPx	PF00255.19	108	D3750.contig12_8	162	9.8e-41
AhpC-TSA	PF00578.21	124	D3750.contig12_8	162	0.002
MarR	PF01047.22	59	D3750.contig12_9	151	4.3e-12
HTH_27	PF13463.6	68	D3750.contig12_9	151	1.1e-05
MarR_2	PF12802.7	62	D3750.contig12_9	151	2.7e-05
HxlR	PF01638.17	91	D3750.contig12_9	151	0.0022
Penicillinase_R	PF03965.16	115	D3750.contig12_9	151	0.02
Response_reg	PF00072.24	112	D3750.contig12_10	775	1.7e-29
HATPase_c	PF02518.26	112	D3750.contig12_10	775	3.6e-25
HisKA	PF00512.25	67	D3750.contig12_10	775	8.8e-18
DUF815	PF05673.13	250	D3750.contig12_11	283	3.1e-100
AAA_16	PF13191.6	170	D3750.contig12_11	283	1.7e-08
AAA	PF00004.29	132	D3750.contig12_11	283	0.00027
TrwB_AAD_bind	PF10412.9	386	D3750.contig12_11	283	0.0064
Pox_D2	PF04701.13	139	D3750.contig13_1	104	0.0077
ACT_7	PF13840.6	65	D3750.contig13_1	104	0.013
CarbopepD_reg_2	PF13715.6	88	D3750.contig13_2	428	3.9e-21
CarboxypepD_reg	PF13620.6	82	D3750.contig13_2	428	1.6e-12
Nup54_C	PF18437.1	39	D3750.contig13_3	518	0.033
DUF1189	PF06691.11	244	D3750.contig13_4	164	0.0015
Aminotran_3	PF00202.21	406	D3750.contig13_5	213	1.6e-48
Aminotran_3	PF00202.21	406	D3750.contig13_6	185	2.8e-45
Metallophos_2	PF12850.7	165	D3750.contig13_6	185	0.00025
Sigma70_r2	PF04542.14	71	D3750.contig13_7	187	8.5e-17
Sigma70_r4_2	PF08281.12	54	D3750.contig13_7	187	1.8e-16
Sigma70_r4	PF04545.16	50	D3750.contig13_7	187	1.1e-06
Sigma70_ECF	PF07638.11	185	D3750.contig13_7	187	2.4e-06
HTH_23	PF13384.6	50	D3750.contig13_7	187	0.0047
LVIVD	PF08309.11	42	D3750.contig13_9	420	5.2e-07
LVIVD	PF08309.11	42	D3750.contig13_9	420	5.2e-07
DUF1905	PF08922.11	82	D3750.contig13_11	161	8.6e-20
OmdA	PF13376.6	60	D3750.contig13_11	161	2.1e-18
DUF1730	PF08331.10	76	D3750.contig13_12	307	1e-23
Fer4_16	PF13484.6	67	D3750.contig13_12	307	3.6e-19
Fer4_10	PF13237.6	56	D3750.contig13_12	307	5e-07
Fer4_9	PF13187.6	51	D3750.contig13_12	307	3.9e-06
Fer4	PF00037.27	24	D3750.contig13_12	307	1.2e-05
Fer4_7	PF12838.7	52	D3750.contig13_12	307	2.2e-05
DUF3857	PF12969.7	167	D3750.contig13_13	388	3.4e-08
Transglut_core	PF01841.19	112	D3750.contig13_13	388	3.8e-05
DUF1845	PF08900.11	215	D3750.contig14_8	196	0.008
Bactofilin	PF04519.13	98	D3750.contig14_10	128	2.9e-15
DUF2201_N	PF13203.6	273	D3750.contig14_15	406	4.3e-45
DUF2201	PF09967.9	123	D3750.contig14_15	406	9.4e-24
2CSK_N	PF08521.10	139	D3750.contig14_16	162	0.017
AAA	PF00004.29	132	D3750.contig15_1	253	5.6e-19
RuvB_N	PF05496.12	159	D3750.contig15_1	253	1e-16
AAA_16	PF13191.6	170	D3750.contig15_1	253	1.5e-08
AAA_5	PF07728.14	138	D3750.contig15_1	253	2.2e-08
Sigma54_activat	PF00158.26	168	D3750.contig15_1	253	1.5e-07
Sigma54_activ_2	PF14532.6	138	D3750.contig15_1	253	2e-07
AAA_assoc_2	PF16193.5	81	D3750.contig15_1	253	3.4e-07
AAA_14	PF13173.6	131	D3750.contig15_1	253	6e-06
AAA_22	PF13401.6	137	D3750.contig15_1	253	7.2e-06
AAA_18	PF13238.6	130	D3750.contig15_1	253	5.9e-05
AAA_3	PF07726.11	131	D3750.contig15_1	253	0.00012
TIP49	PF06068.13	351	D3750.contig15_1	253	0.00017
AAA_19	PF13245.6	146	D3750.contig15_1	253	0.00034
ATP-synt_8	PF00895.20	55	D3750.contig15_2	172	0.0084
YwiC	PF14256.6	126	D3750.contig15_2	172	0.0096
Transglut_core	PF01841.19	112	D3750.contig15_3	313	9.6e-22
Bact_transglu_N	PF08379.10	80	D3750.contig15_3	313	4.9e-14
DUF553	PF04473.12	154	D3750.contig15_3	313	8e-05
Alpha-E	PF04168.12	293	D3750.contig15_4	314	3.2e-65
CP_ATPgrasp_2	PF14403.6	375	D3750.contig15_5	487	3.5e-165
CP_ATPgrasp_1	PF04174.13	332	D3750.contig15_5	487	8.5e-149
PadR	PF03551.14	75	D3750.contig15_6	111	1.2e-20
HTH_34	PF13601.6	80	D3750.contig15_6	111	1.2e-06
HxlR	PF01638.17	91	D3750.contig15_6	111	0.0005
tRNA-synt_2	PF00152.20	314	D3750.contig15_8	609	5.2e-101
GAD	PF02938.14	95	D3750.contig15_8	609	1.2e-14
tRNA_anti-codon	PF01336.25	76	D3750.contig15_8	609	6.8e-10
tRNA-synt_2b	PF00587.25	179	D3750.contig15_8	609	0.02
MFS_1	PF07690.16	353	D3750.contig15_9	382	3.1e-19
MFS_1	PF07690.16	353	D3750.contig15_9	382	3.1e-19
LPAM_1	PF08139.12	18	D3750.contig15_10	149	0.002
Form-deh_trans	PF09163.11	44	D3750.contig15_11	135	0.07
DAO	PF01266.24	352	D3750.contig15_12	269	4.5e-07
PSII_BNR	PF14870.6	303	D3750.contig16_5	312	1.2e-19
PSII_BNR	PF14870.6	303	D3750.contig16_5	312	1.2e-19
Sortilin-Vps10	PF15902.5	446	D3750.contig16_5	312	4.5e-08
DUF3307	PF11750.8	125	D3750.contig16_6	239	7.3e-28
YwiC	PF14256.6	126	D3750.contig16_6	239	0.0021
SatD	PF16264.5	211	D3750.contig16_7	216	4.6e-05
Sigma70_r4_2	PF08281.12	54	D3750.contig16_7	216	0.0044
NUDIX	PF00293.28	131	D3750.contig16_8	229	9e-20
NUDIX	PF00293.28	131	D3750.contig16_9	299	5.5e-12
Pantoate_ligase	PF02569.15	266	D3750.contig16_9	299	0.012
CTP_transf_like	PF01467.26	143	D3750.contig16_9	299	0.014
NAPRTase	PF04095.16	241	D3750.contig16_10	471	3.9e-53
DUF5598	PF18127.1	98	D3750.contig16_10	471	4.1e-37
Pribosyltran_N	PF13793.6	116	D3750.contig16_11	303	1.9e-15
Pribosyl_synth	PF14572.6	184	D3750.contig16_11	303	8.2e-12
Pribosyltran	PF00156.27	159	D3750.contig16_11	303	2.3e-09
UPRTase	PF14681.6	207	D3750.contig16_11	303	0.0005
Abhydrolase_1	PF00561.20	257	D3750.contig16_13	288	9.9e-17
Abhydrolase_6	PF12697.7	220	D3750.contig16_13	288	4.5e-10
Hydrolase_4	PF12146.8	239	D3750.contig16_13	288	5.1e-07
Thioesterase	PF00975.20	231	D3750.contig16_13	288	0.0053
DUF4287	PF14117.6	60	D3750.contig16_14	75	1e-24
Usp	PF00582.26	141	D3750.contig17_1	287	2.2e-24
Usp	PF00582.26	141	D3750.contig17_1	287	2.2e-24
MiaE	PF06175.11	240	D3750.contig17_2	201	2.2e-76
MiaE	PF06175.11	240	D3750.contig17_2	201	2.2e-76
DUF2202	PF09968.9	162	D3750.contig17_2	201	0.0041
APOBEC_N	PF08210.11	180	D3750.contig17_2	201	0.0053
MFS_1	PF07690.16	353	D3750.contig17_3	400	4.6e-20
MFS_1	PF07690.16	353	D3750.contig17_3	400	4.6e-20
Ectoine_synth	PF06339.12	127	D3750.contig17_4	129	4.5e-45
Cupin_2	PF07883.11	71	D3750.contig17_4	129	9.2e-09
AraC_binding	PF02311.19	136	D3750.contig17_4	129	0.00043
Cupin_3	PF05899.12	74	D3750.contig17_4	129	0.0088
Trans_reg_C	PF00486.28	77	D3750.contig17_5	236	1e-23
Response_reg	PF00072.24	112	D3750.contig17_5	236	7.9e-23
HATPase_c	PF02518.26	112	D3750.contig17_6	426	4.3e-19
HisKA	PF00512.25	67	D3750.contig17_6	426	2.4e-08
HAMP	PF00672.25	53	D3750.contig17_6	426	2.2e-07
HATPase_c_3	PF13589.6	137	D3750.contig17_6	426	0.0028
MipA	PF06629.12	213	D3750.contig17_7	268	1.7e-27
Beta-lactamase	PF00144.24	330	D3750.contig17_8	608	9.7e-59
DUF3313	PF11769.8	186	D3750.contig17_9	224	1.1e-58
DUF1254	PF06863.12	133	D3750.contig17_10	467	2.9e-41
DUF1214	PF06742.11	110	D3750.contig17_10	467	9.6e-31
R3H-assoc	PF13902.6	134	D3750.contig18_4	74	0.001
Rrp15p	PF07890.12	134	D3750.contig18_7	191	1.4e-12
Allexi_40kDa	PF05549.11	271	D3750.contig18_12	216	0.022
OrfB_Zn_ribbon	PF07282.11	69	D3750.contig18_14	197	5.2e-16
Gln-synt_C	PF00120.24	345	D3750.contig19_1	449	1.1e-102
Methyltransf_25	PF13649.6	97	D3750.contig19_2	217	1.6e-13
Methyltransf_11	PF08241.12	96	D3750.contig19_2	217	8.4e-11
Methyltransf_31	PF13847.6	152	D3750.contig19_2	217	6.5e-08
Methyltransf_12	PF08242.12	99	D3750.contig19_2	217	3.9e-06
Methyltransf_23	PF13489.6	165	D3750.contig19_2	217	0.0003
Ubie_methyltran	PF01209.18	233	D3750.contig19_2	217	0.00098
DNA_pol_A_exo1	PF01612.20	176	D3750.contig19_3	378	2.9e-39
HRDC	PF00570.23	68	D3750.contig19_3	378	2.2e-21
HRDC	PF00570.23	68	D3750.contig19_3	378	2.2e-21
YcgL	PF05166.13	73	D3750.contig19_4	98	6e-30
2-Hacid_dh_C	PF02826.19	178	D3750.contig19_5	311	1.8e-42
NAD_binding_2	PF03446.15	158	D3750.contig19_5	311	0.0038
Oxidored_nitro	PF00148.19	399	D3750.contig19_5	311	0.0088
Nitroreductase	PF00881.24	170	D3750.contig19_7	200	2.5e-18
Nitroreductase	PF00881.24	170	D3750.contig19_7	200	2.5e-18
TM1586_NiRdase	PF14512.6	215	D3750.contig19_7	200	2.7e-06
CxxCxxCC	PF03692.15	85	D3750.contig19_8	150	5.1e-09
Peptidase_M61	PF05299.12	118	D3750.contig19_9	413	0.0022
Acyl-CoA_dh_1	PF00441.24	150	D3750.contig20_1	514	1.4e-32
Acyl-CoA_dh_N	PF02771.16	113	D3750.contig20_1	514	5e-29
Acyl-CoA_dh_M	PF02770.19	97	D3750.contig20_1	514	7.6e-25
Acyl-CoA_dh_2	PF08028.11	134	D3750.contig20_1	514	9.6e-12
MarR	PF01047.22	59	D3750.contig20_2	147	7.9e-13
MarR_2	PF12802.7	62	D3750.contig20_2	147	1e-12
HTH_27	PF13463.6	68	D3750.contig20_2	147	4.4e-07
B-block_TFIIIC	PF04182.12	75	D3750.contig20_2	147	3.2e-05
HTH_24	PF13412.6	48	D3750.contig20_2	147	0.0024
SPASM	PF13186.6	68	D3750.contig20_3	344	3.5e-16
Radical_SAM	PF04055.21	167	D3750.contig20_3	344	5.3e-11
Fer4_12	PF13353.6	139	D3750.contig20_3	344	2.5e-05
AI-2E_transport	PF01594.16	327	D3750.contig20_4	346	4.9e-47
Sigma_reg_N	PF13800.6	90	D3750.contig20_4	346	0.055
GHL10	PF02638.15	311	D3750.contig20_5	405	1.6e-75
Lysine_decarbox	PF03641.14	132	D3750.contig20_6	241	9.7e-32
LDcluster4	PF18306.1	157	D3750.contig20_6	241	4.6e-19
Toluene_X	PF03349.16	434	D3750.contig20_7	381	0.038
EamA	PF00892.20	137	D3750.contig20_8	300	1.2e-37
EamA	PF00892.20	137	D3750.contig20_8	300	1.2e-37
Glyco_tran_28_C	PF04101.16	167	D3750.contig20_9	366	3.3e-09
Glyco_trans_1_3	PF13528.6	321	D3750.contig20_9	366	2.6e-08
Glyco_trans_1_3	PF13528.6	321	D3750.contig20_9	366	2.6e-08
Glyco_transf_4	PF13439.6	170	D3750.contig20_9	366	0.0031
Nfu_N	PF08712.11	87	D3750.contig20_11	87	0.029
NTP_transferase	PF00483.23	248	D3750.contig20_12	218	4.7e-07
MannoseP_isomer	PF01050.18	151	D3750.contig20_12	218	0.00011
MFS_1	PF07690.16	353	D3750.contig21_1	546	4e-33
MFS_1	PF07690.16	353	D3750.contig21_1	546	4e-33
HTH_1	PF00126.27	60	D3750.contig21_1	546	7.6e-20
Sugar_tr	PF00083.24	452	D3750.contig21_1	546	3.9e-12
MFS_4	PF06779.14	363	D3750.contig21_1	546	1e-05
TRI12	PF06609.13	599	D3750.contig21_1	546	0.00053
HTH_30	PF13556.6	59	D3750.contig21_1	546	0.0012
PAP2	PF01569.21	136	D3750.contig21_2	242	4.5e-14
PAP2_3	PF14378.6	190	D3750.contig21_2	242	3.7e-09
GST_N_3	PF13417.6	75	D3750.contig21_3	220	5e-13
GST_N	PF02798.20	76	D3750.contig21_3	220	5.4e-09
GST_C_2	PF13410.6	69	D3750.contig21_3	220	9.3e-09
GST_N_2	PF13409.6	70	D3750.contig21_3	220	1.7e-07
GST_C	PF00043.25	93	D3750.contig21_3	220	2.1e-07
Lactamase_B	PF00753.27	197	D3750.contig21_4	357	1.5e-16
Rhodanese	PF00581.20	107	D3750.contig21_4	357	1.7e-12
Lactamase_B_2	PF12706.7	201	D3750.contig21_4	357	0.0015
LprI	PF07007.12	103	D3750.contig21_5	142	4.8e-10
DprA_WH	PF17782.1	61	D3750.contig21_5	142	0.0063
Phage_lysozyme	PF00959.19	109	D3750.contig21_6	166	1.3e-06
DUF5309	PF17236.2	280	D3750.contig21_6	166	0.015
MethyltransfD12	PF02086.15	260	D3750.contig21_8	263	1.3e-22
DUF2514	PF10721.9	161	D3750.contig21_9	161	2.8e-23
HemX	PF04375.14	338	D3750.contig21_9	161	0.00036
Peptidase_M15_3	PF08291.11	111	D3750.contig21_10	150	1.1e-24
Phage_holin_3_2	PF04550.12	86	D3750.contig21_11	95	1.2e-33
DD_K	PF12121.8	23	D3750.contig21_11	95	0.033
Topoisom_bac	PF01131.20	413	D3750.contig22_1	623	1.8e-114
Toprim	PF01751.22	103	D3750.contig22_1	623	4.5e-16
LptF_LptG	PF03739.14	354	D3750.contig22_3	368	1.6e-52
MacB_PCD	PF12704.7	195	D3750.contig22_4	794	7.6e-25
MacB_PCD	PF12704.7	195	D3750.contig22_4	794	7.6e-25
FtsX	PF02687.21	96	D3750.contig22_4	794	6.7e-16
FtsX	PF02687.21	96	D3750.contig22_4	794	6.7e-16
PHO4	PF01384.20	337	D3750.contig22_4	794	0.00076
PAP2	PF01569.21	136	D3750.contig22_5	201	1.8e-23
PAP2_3	PF14378.6	190	D3750.contig22_5	201	5.2e-13
PAP2_C	PF14360.6	74	D3750.contig22_5	201	0.0097
HisKA_3	PF07730.13	68	D3750.contig22_8	240	2.5e-08
HATPase_c	PF02518.26	112	D3750.contig22_8	240	0.00074
LysR_substrate	PF03466.20	209	D3750.contig23_1	301	4.6e-30
HTH_1	PF00126.27	60	D3750.contig23_1	301	2.9e-05
CCDC24	PF15669.5	202	D3750.contig23_1	301	0.03
T2SSG	PF08334.11	108	D3750.contig23_2	143	2.6e-30
FMN_red	PF03358.15	155	D3750.contig23_4	186	1.4e-35
Flavodoxin_2	PF02525.17	198	D3750.contig23_4	186	2e-05
TPP_enzyme_N	PF02776.18	172	D3750.contig23_5	575	4.2e-42
TPP_enzyme_C	PF02775.21	153	D3750.contig23_5	575	2e-40
TPP_enzyme_M	PF00205.22	137	D3750.contig23_5	575	9.9e-31
POR_N	PF01855.19	231	D3750.contig23_5	575	0.0098
Oxidored_FMN	PF00724.20	342	D3750.contig23_6	411	1e-49
His_biosynth	PF00977.21	229	D3750.contig23_6	411	1.3e-05
MerR_1	PF13411.6	69	D3750.contig23_7	145	8.1e-17
MerR	PF00376.23	38	D3750.contig23_7	145	1.3e-14
MerR-DNA-bind	PF09278.11	65	D3750.contig23_7	145	2.4e-11
Aconitase_2_N	PF06434.13	204	D3750.contig23_8	872	4.6e-95
Aconitase_B_N	PF11791.8	154	D3750.contig23_8	872	1.2e-65
Aconitase	PF00330.20	461	D3750.contig23_8	872	3.1e-42
DUF1289	PF06945.13	48	D3750.contig23_9	157	2.1e-15
2-Hacid_dh_C	PF02826.19	178	D3750.contig24_1	320	9.1e-48
NAD_binding_2	PF03446.15	158	D3750.contig24_1	320	0.002
Acyl-CoA_dh_M	PF02770.19	97	D3750.contig24_2	393	2.6e-13
Acyl-CoA_dh_2	PF08028.11	134	D3750.contig24_2	393	2.4e-10
Acyl-CoA_dh_1	PF00441.24	150	D3750.contig24_2	393	5.3e-08
Acyl-CoA_dh_N	PF02771.16	113	D3750.contig24_2	393	3.8e-06
NMT1	PF09084.11	216	D3750.contig24_3	335	1.9e-12
SBP_bac_3	PF00497.20	225	D3750.contig24_3	335	4e-10
NMT1_2	PF13379.6	253	D3750.contig24_3	335	8.4e-08
Phosphonate-bd	PF12974.7	243	D3750.contig24_3	335	3.9e-07
NMT1_3	PF16868.5	289	D3750.contig24_3	335	0.00017
OpuAC	PF04069.12	257	D3750.contig24_3	335	0.013
Bac_luciferase	PF00296.20	314	D3750.contig24_4	448	6.4e-68
NMT1	PF09084.11	216	D3750.contig24_5	319	3.6e-16
NMT1_2	PF13379.6	253	D3750.contig24_5	319	1.1e-11
Phosphonate-bd	PF12974.7	243	D3750.contig24_5	319	5.9e-09
SBP_bac_3	PF00497.20	225	D3750.contig24_5	319	3.4e-07
NMT1_3	PF16868.5	289	D3750.contig24_5	319	0.00036
Rhodanese	PF00581.20	107	D3750.contig24_6	527	1.1e-39
Rhodanese	PF00581.20	107	D3750.contig24_6	527	1.1e-39
Rhodanese	PF00581.20	107	D3750.contig24_6	527	1.1e-39
Rhodanese	PF00581.20	107	D3750.contig24_6	527	1.1e-39
CDO_I	PF05995.12	169	D3750.contig24_7	208	2.5e-09
LysR_substrate	PF03466.20	209	D3750.contig24_8	302	2.8e-37
HTH_1	PF00126.27	60	D3750.contig24_8	302	5.3e-17
Aldolase_II	PF00596.21	186	D3750.contig24_9	265	1.2e-44
DUF4031	PF13223.6	79	D3750.contig25_2	133	5.8e-19
RVT_1	PF00078.27	222	D3750.contig25_3	290	2.2e-14
RVT_1	PF00078.27	222	D3750.contig25_3	290	2.2e-14
MCM_lid	PF17855.1	87	D3750.contig25_4	130	0.019
ThiF	PF00899.21	244	D3750.contig25_9	245	9.8e-13
DUF2016	PF09436.10	72	D3750.contig25_10	264	3.5e-21
Prok-JAB	PF14464.6	118	D3750.contig25_10	264	2.7e-12
Prok-E2_D	PF14460.6	169	D3750.contig25_11	238	9e-48
alpha-hel2	PF14456.6	303	D3750.contig25_12	348	4.6e-30
Prok_Ub	PF14454.6	64	D3750.contig25_13	130	8.4e-26
DUF596	PF04591.12	69	D3750.contig25_15	54	0.021
VirB3	PF05101.13	84	D3750.contig25_18	45	0.063
Glucosaminidase	PF01832.20	87	D3750.contig26_1	320	7.2e-22
Rod-binding	PF10135.9	51	D3750.contig26_1	320	4.2e-17
SLT_2	PF13406.6	291	D3750.contig26_1	320	0.00096
Flg_bbr_C	PF06429.13	74	D3750.contig26_2	635	9e-11
Flg_bb_rod	PF00460.20	31	D3750.contig26_2	635	2.6e-09
Flagellin_N	PF00669.20	139	D3750.contig26_3	428	3.2e-22
Flagellin_C	PF00700.21	86	D3750.contig26_3	428	0.00084
Bac_export_1	PF01311.20	230	D3750.contig26_4	264	4.3e-66
Bac_export_3	PF01313.19	74	D3750.contig26_5	90	4.8e-29
DUF5357	PF17310.2	322	D3750.contig26_5	90	0.081
FliP	PF00813.20	191	D3750.contig26_6	282	7.5e-75
FliO	PF04347.13	89	D3750.contig26_7	148	1.9e-21
FliMN_C	PF01052.20	73	D3750.contig26_8	174	3.7e-26
FliN_N	PF16973.5	50	D3750.contig26_8	174	7.1e-07
FliM	PF02154.15	192	D3750.contig26_9	352	1.9e-69
FliMN_C	PF01052.20	73	D3750.contig26_9	352	9.5e-16
FliL	PF03748.14	103	D3750.contig26_10	159	1.9e-24
Flg_hook	PF02120.16	85	D3750.contig26_11	155	5.2e-23
HpaP	PF09483.10	90	D3750.contig26_11	155	0.00034
Phage_integrase	PF00589.22	172	D3750.contig27_2	381	2.4e-13
Arm-DNA-bind_3	PF13356.6	74	D3750.contig27_2	381	0.014
Tae4	PF14113.6	122	D3750.contig27_5	207	1.6e-30
PAAR_motif	PF05488.13	70	D3750.contig27_6	185	9.5e-10
LprI	PF07007.12	103	D3750.contig27_7	140	1.8e-10
HTH_3	PF01381.22	55	D3750.contig27_9	123	2.1e-13
HTH_31	PF13560.6	64	D3750.contig27_9	123	9.2e-10
HTH_26	PF13443.6	63	D3750.contig27_9	123	2.9e-07
HTH_19	PF12844.7	65	D3750.contig27_9	123	6e-07
HTH_37	PF13744.6	80	D3750.contig27_9	123	3.9e-05
BetR	PF08667.10	148	D3750.contig27_9	123	0.0032
HTH_25	PF13413.6	62	D3750.contig27_9	123	0.0037
Glyco_H_20C_C	PF18088.1	194	D3750.contig27_10	143	0.048
Acetyltransf_1	PF00583.25	117	D3750.contig27_11	475	3.2e-08
EVE	PF01878.18	145	D3750.contig27_12	175	0.037
Glyoxalase_2	PF12681.7	118	D3750.contig28_5	125	1.8e-10
Glyoxalase_6	PF18029.1	107	D3750.contig28_5	125	1.7e-08
Glyoxalase	PF00903.25	128	D3750.contig28_5	125	1.9e-08
HTH_11	PF08279.12	55	D3750.contig28_6	241	3.2e-17
WYL	PF13280.6	172	D3750.contig28_6	241	6.5e-14
HTH_DeoR	PF08220.12	57	D3750.contig28_6	241	0.00029
NmrA	PF05368.13	233	D3750.contig28_7	295	4.3e-21
NAD_binding_10	PF13460.6	184	D3750.contig28_7	295	1.3e-20
RmlD_sub_bind	PF04321.17	287	D3750.contig28_7	295	4.5e-10
RmlD_sub_bind	PF04321.17	287	D3750.contig28_7	295	4.5e-10
Epimerase	PF01370.21	241	D3750.contig28_7	295	4e-05
3Beta_HSD	PF01073.19	280	D3750.contig28_7	295	8.7e-05
F420_oxidored	PF03807.17	97	D3750.contig28_7	295	0.0001
KR	PF08659.10	180	D3750.contig28_7	295	0.0018
Sacchrp_dh_NADP	PF03435.18	130	D3750.contig28_7	295	0.0033
HxlR	PF01638.17	91	D3750.contig28_8	140	1.3e-28
PadR	PF03551.14	75	D3750.contig28_8	140	0.0078
HTH_34	PF13601.6	80	D3750.contig28_8	140	0.01
MLTR_LBD	PF17765.1	168	D3750.contig28_9	280	8.9e-39
HTH_31	PF13560.6	64	D3750.contig28_9	280	4.1e-18
HTH_3	PF01381.22	55	D3750.contig28_9	280	4.8e-05
PAS	PF00989.25	113	D3750.contig28_9	280	0.00033
ADH_zinc_N	PF00107.26	130	D3750.contig28_10	360	2.8e-08
ADH_N	PF08240.12	109	D3750.contig28_10	360	2.7e-07
PALP	PF00291.25	294	D3750.contig28_10	360	0.0002
Sacchrp_dh_NADP	PF03435.18	130	D3750.contig28_10	360	0.0031
DUF3239	PF11580.8	125	D3750.contig28_10	360	0.0039
DJ-1_PfpI	PF01965.24	165	D3750.contig28_11	230	1.7e-16
MerR	PF00376.23	38	D3750.contig28_12	156	4.1e-16
MerR_1	PF13411.6	69	D3750.contig28_12	156	9.5e-15
MerR-DNA-bind	PF09278.11	65	D3750.contig28_12	156	2.2e-10
DUF3723	PF12520.8	508	D3750.contig28_12	156	0.019
ADC	PF06314.11	236	D3750.contig28_13	300	6.2e-06
DUF727	PF05303.12	105	D3750.contig28_14	72	0.051
PRiA4_ORF3	PF07929.11	174	D3750.contig29_1	37	0.00039
DUF2384	PF09722.10	51	D3750.contig29_3	75	1.8e-12
Porin_4	PF13609.6	312	D3750.contig29_4	345	1.5e-44
Porin_1	PF00267.21	340	D3750.contig29_4	345	3.2e-05
AA_synth	PF06684.11	175	D3750.contig29_5	182	4.4e-54
Amidase	PF01425.21	451	D3750.contig29_6	473	4.9e-92
Peripla_BP_6	PF13458.6	342	D3750.contig29_7	393	1.1e-52
Peripla_BP_5	PF13433.6	364	D3750.contig29_7	393	2.1e-50
ANF_receptor	PF01094.28	354	D3750.contig29_7	393	6.2e-07
ABC_tran	PF00005.27	137	D3750.contig29_8	252	2e-30
ABC_tran	PF00005.27	137	D3750.contig29_9	245	1.7e-20
AAA_29	PF13555.6	61	D3750.contig29_9	245	0.0011
BPD_transp_2	PF02653.16	268	D3750.contig29_10	358	8.1e-34
BPD_transp_2	PF02653.16	268	D3750.contig29_11	292	4e-46
Pyridox_ox_2	PF12900.7	141	D3750.contig30_1	204	2.4e-16
MFS_1	PF07690.16	353	D3750.contig30_2	345	5.7e-32
Sugar_tr	PF00083.24	452	D3750.contig30_2	345	1.1e-28
TRI12	PF06609.13	599	D3750.contig30_2	345	8.3e-06
OATP	PF03137.20	546	D3750.contig30_2	345	0.0012
MFS_2	PF13347.6	427	D3750.contig30_2	345	0.0089
YjgF_endoribonc	PF14588.6	148	D3750.contig30_3	155	1.4e-32
Ribonuc_L-PSP	PF01042.21	121	D3750.contig30_3	155	9.1e-15
HTH_18	PF12833.7	81	D3750.contig30_4	262	1.8e-23
HTH_AraC	PF00165.23	42	D3750.contig30_4	262	3.3e-11
AraC_binding	PF02311.19	136	D3750.contig30_4	262	6.3e-08
Cupin_2	PF07883.11	71	D3750.contig30_4	262	0.0095
Abhydrolase_3	PF07859.13	211	D3750.contig30_5	285	3.8e-15
COesterase	PF00135.28	512	D3750.contig30_5	285	3.8e-09
Abhydrolase_6	PF12697.7	220	D3750.contig30_5	285	0.0027
LysR_substrate	PF03466.20	209	D3750.contig30_7	298	2.2e-32
HTH_1	PF00126.27	60	D3750.contig30_7	298	5.4e-18
Lactamase_B	PF00753.27	197	D3750.contig30_10	282	5.1e-26
Lactamase_B_2	PF12706.7	201	D3750.contig30_10	282	1.5e-08
Lactamase_B_3	PF13483.6	163	D3750.contig30_10	282	1.8e-06
GFA	PF04828.14	93	D3750.contig30_11	133	1e-06
GCV_T	PF01571.21	257	D3750.contig31_1	334	0.033
HDOD	PF08668.12	196	D3750.contig31_2	274	1.7e-48
2CSK_N	PF08521.10	139	D3750.contig31_3	462	1.9e-40
HATPase_c	PF02518.26	112	D3750.contig31_3	462	1.7e-17
HisKA	PF00512.25	67	D3750.contig31_3	462	7e-15
HAMP	PF00672.25	53	D3750.contig31_3	462	6.2e-09
Response_reg	PF00072.24	112	D3750.contig31_4	224	2.7e-26
Trans_reg_C	PF00486.28	77	D3750.contig31_4	224	3.2e-19
OprD	PF03573.13	394	D3750.contig31_5	427	5.3e-158
TctC	PF03401.14	274	D3750.contig31_6	327	1.8e-21
Phosphonate-bd	PF12974.7	243	D3750.contig31_6	327	0.0037
TctB	PF07331.11	135	D3750.contig31_7	189	1.1e-19
TctA	PF01970.16	409	D3750.contig31_8	292	1.5e-84
DUF3318	PF11780.8	143	D3750.contig32_1	90	0.0034
Got1	PF04178.12	113	D3750.contig32_6	99	0.0077
Rick_17kDa_Anti	PF05433.15	42	D3750.contig32_7	125	1.6e-05
NapD	PF03927.13	76	D3750.contig32_7	125	0.0018
DUF4313	PF14190.6	104	D3750.contig32_14	127	0.00062
NDUF_B5	PF09781.9	187	D3750.contig32_15	513	0.039
HTH_28	PF13518.6	52	D3750.contig33_2	134	0.0072
Sipho_Gp157	PF05565.11	163	D3750.contig33_3	104	0.0061
DUF3164	PF11363.8	194	D3750.contig33_4	207	1.2e-80
HTH_8	PF02954.19	42	D3750.contig33_6	127	0.057
AAA_22	PF13401.6	137	D3750.contig33_8	240	1.4e-12
TniB	PF05621.11	189	D3750.contig33_8	240	1.5e-05
Bac_DnaA	PF00308.18	219	D3750.contig33_8	240	0.001
rve	PF00665.26	119	D3750.contig33_9	678	9.7e-12
HTH_Tnp_Mu_1	PF02316.16	142	D3750.contig33_9	678	1.7e-11
Mu-transpos_C	PF09299.11	61	D3750.contig33_9	678	2.2e-10
HTH_28	PF13518.6	52	D3750.contig33_9	678	0.00017
Peptidase_S24	PF00717.23	70	D3750.contig33_11	235	3.4e-11
HTH_3	PF01381.22	55	D3750.contig33_11	235	3.2e-05
HTH_31	PF13560.6	64	D3750.contig33_11	235	0.002
C2	PF00168.30	103	D3750.contig34_2	99	0.0039
FragX_IP	PF05994.11	838	D3750.contig34_3	1155	9.8e-228
DUF1394	PF07159.12	303	D3750.contig34_3	1155	8.3e-05
Pkinase	PF00069.25	264	D3750.contig34_4	419	1.4e-43
Pkinase_Tyr	PF07714.17	259	D3750.contig34_4	419	2.8e-19
Kinase-like	PF14531.6	288	D3750.contig34_4	419	0.00013
RIO1	PF01163.22	188	D3750.contig34_4	419	0.00032
Pkinase_fungal	PF17667.1	408	D3750.contig34_4	419	0.004
DUF1394	PF07159.12	303	D3750.contig34_7	97	2.8e-08
OMP_b-brl_2	PF13568.6	181	D3750.contig35_1	218	5e-17
OMP_b-brl	PF13505.6	178	D3750.contig35_1	218	3.9e-05
Ubie_methyltran	PF01209.18	233	D3750.contig35_2	262	9.8e-65
Methyltransf_25	PF13649.6	97	D3750.contig35_2	262	1.2e-19
Methyltransf_11	PF08241.12	96	D3750.contig35_2	262	5.1e-17
Methyltransf_31	PF13847.6	152	D3750.contig35_2	262	2.1e-16
Methyltransf_12	PF08242.12	99	D3750.contig35_2	262	1.6e-10
Methyltransf_23	PF13489.6	165	D3750.contig35_2	262	4.9e-10
PCMT	PF01135.19	210	D3750.contig35_2	262	2.6e-06
Methyltransf_18	PF12847.7	151	D3750.contig35_2	262	0.00017
TrmK	PF04816.12	205	D3750.contig35_2	262	0.0018
RsgA_GTPase	PF03193.16	167	D3750.contig35_3	308	4.7e-51
RsgA_N	PF16745.5	54	D3750.contig35_3	308	3.5e-10
MMR_HSR1	PF01926.23	114	D3750.contig35_3	308	7.9e-06
MMR_HSR1_Xtn	PF16897.5	106	D3750.contig35_3	308	0.00014
AAA_29	PF13555.6	61	D3750.contig35_3	308	0.0035
Hexapep	PF00132.24	36	D3750.contig35_4	174	8.2e-22
Hexapep	PF00132.24	36	D3750.contig35_4	174	8.2e-22
Hexapep_2	PF14602.6	34	D3750.contig35_4	174	5.7e-10
Hexapep_2	PF14602.6	34	D3750.contig35_4	174	5.7e-10
Fucokinase	PF07959.12	406	D3750.contig35_4	174	0.0076
23S_rRNA_IVP	PF05635.11	106	D3750.contig35_5	122	2.4e-36
Aminotran_3	PF00202.21	406	D3750.contig35_6	398	9.7e-95
Aminotran_1_2	PF00155.21	363	D3750.contig35_6	398	6.9e-07
Glycos_transf_1	PF00534.20	172	D3750.contig35_7	379	8.1e-36
Glyco_trans_1_4	PF13692.6	134	D3750.contig35_7	379	7.5e-27
Glyco_transf_4	PF13439.6	170	D3750.contig35_7	379	8.2e-27
Glyco_trans_4_4	PF13579.6	160	D3750.contig35_7	379	2.8e-14
Glyco_trans_4_2	PF13477.6	139	D3750.contig35_7	379	7.6e-14
Glyco_trans_1_2	PF13524.6	92	D3750.contig35_7	379	2.5e-07
Peptidase_M28	PF04389.17	198	D3750.contig35_8	362	9.2e-19
Peptidase_M20	PF01546.28	207	D3750.contig35_8	362	2.1e-08
PA	PF02225.22	89	D3750.contig35_8	362	0.0025
MFS_1	PF07690.16	353	D3750.contig36_1	157	1.8e-05
Rhodanese	PF00581.20	107	D3750.contig36_2	145	0.0086
Acyl-CoA_dh_2	PF08028.11	134	D3750.contig36_3	400	8.7e-12
Acyl-CoA_dh_M	PF02770.19	97	D3750.contig36_3	400	1.5e-06
Acyl-CoA_dh_1	PF00441.24	150	D3750.contig36_3	400	0.0014
Cytochrome_CBB3	PF13442.6	67	D3750.contig36_4	208	2.3e-21
Cytochrome_CBB3	PF13442.6	67	D3750.contig36_4	208	2.3e-21
Cytochrom_C	PF00034.21	92	D3750.contig36_4	208	1.4e-08
TPP_enzyme_N	PF02776.18	172	D3750.contig36_5	652	8.1e-39
TPP_enzyme_C	PF02775.21	153	D3750.contig36_5	652	1.1e-22
TPP_enzyme_M	PF00205.22	137	D3750.contig36_5	652	8.6e-10
Glyoxalase	PF00903.25	128	D3750.contig36_6	185	1.9e-19
Glyoxalase_6	PF18029.1	107	D3750.contig36_6	185	3e-05
Glyoxalase_4	PF13669.6	109	D3750.contig36_6	185	4.1e-05
FAA_hydrolase	PF01557.18	218	D3750.contig36_7	330	1.1e-33
FAA_hydro_N_2	PF18288.1	78	D3750.contig36_7	330	2.6e-25
Porin_4	PF13609.6	312	D3750.contig36_8	96	0.0016
cNMP_binding	PF00027.29	89	D3750.contig37_3	175	3.5e-22
LpxB	PF02684.15	374	D3750.contig37_3	175	0.0047
Peptidase_S9	PF00326.21	212	D3750.contig37_4	451	6.4e-70
Peptidase_S9_N	PF02897.15	414	D3750.contig37_4	451	6e-21
Peptidase_S15	PF02129.18	269	D3750.contig37_4	451	0.00024
Hydrolase_4	PF12146.8	239	D3750.contig37_4	451	0.00038
Esterase	PF00756.20	251	D3750.contig37_4	451	0.0028
Spermine_synth	PF01564.17	188	D3750.contig37_5	224	1.2e-05
Methyltransf_30	PF05430.11	124	D3750.contig37_5	224	0.00042
EamA	PF00892.20	137	D3750.contig37_6	295	3.5e-09
ParBc_2	PF08857.11	164	D3750.contig37_7	305	8.4e-48
HNH	PF01844.23	47	D3750.contig37_8	125	1.1e-11
SpoU_methylase	PF00588.19	142	D3750.contig37_9	156	6.4e-17
TPR_3	PF07720.12	36	D3750.contig37_9	156	0.03
DUF2892	PF11127.8	66	D3750.contig37_10	117	7.5e-07
AAA_16	PF13191.6	170	D3750.contig38_3	403	1.6e-06
AAA_22	PF13401.6	137	D3750.contig38_3	403	1.8e-06
RNA12	PF10443.9	444	D3750.contig38_3	403	1.9e-05
PP-binding	PF00550.25	67	D3750.contig39_2	93	3.9e-11
Acyl-CoA_dh_1	PF00441.24	150	D3750.contig39_3	420	5.4e-23
Acyl-CoA_dh_M	PF02770.19	97	D3750.contig39_3	420	1.8e-21
Acyl-CoA_dh_N	PF02771.16	113	D3750.contig39_3	420	4.7e-06
Acyl-CoA_dh_2	PF08028.11	134	D3750.contig39_3	420	0.0018
HpaB_N	PF11794.8	272	D3750.contig39_3	420	0.011
FCD	PF07729.12	125	D3750.contig39_4	265	6.3e-16
GntR	PF00392.21	64	D3750.contig39_4	265	4.8e-13
Rrf2	PF02082.20	83	D3750.contig39_4	265	0.00016
HrcA_DNA-bdg	PF03444.15	79	D3750.contig39_4	265	0.00052
HTH_41	PF14502.6	48	D3750.contig39_4	265	0.0012
HTH_31	PF13560.6	64	D3750.contig39_5	109	3.3e-07
HTH_3	PF01381.22	55	D3750.contig39_5	109	5.9e-07
HTH_19	PF12844.7	65	D3750.contig39_5	109	0.0028
HTH_31	PF13560.6	64	D3750.contig39_6	112	5.7e-09
HTH_3	PF01381.22	55	D3750.contig39_6	112	8.4e-09
HTH_19	PF12844.7	65	D3750.contig39_6	112	5e-05
Transposase_mut	PF00872.18	381	D3750.contig39_8	437	9.3e-44
MULE	PF10551.9	96	D3750.contig39_8	437	2e-06
DUF4442	PF14539.6	132	D3750.contig40_1	78	5.9e-07
FAD_binding_3	PF01494.19	349	D3750.contig40_2	408	4.6e-31
SE	PF08491.10	276	D3750.contig40_2	408	3.6e-09
Lycopene_cycl	PF05834.12	380	D3750.contig40_2	408	1.6e-08
DAO	PF01266.24	352	D3750.contig40_2	408	0.00092
NAD_binding_8	PF13450.6	68	D3750.contig40_2	408	0.0018
SBP_bac_6	PF13343.6	245	D3750.contig40_3	335	7.4e-22
SBP_bac_8	PF13416.6	282	D3750.contig40_3	335	1.6e-19
SBP_bac_1	PF01547.25	315	D3750.contig40_3	335	1.4e-17
SBP_bac_11	PF13531.6	230	D3750.contig40_3	335	7.7e-17
BPD_transp_1	PF00528.22	185	D3750.contig40_4	539	1.3e-22
BPD_transp_1	PF00528.22	185	D3750.contig40_4	539	1.3e-22
GCV_T	PF01571.21	257	D3750.contig40_5	361	1.4e-83
GCV_T_C	PF08669.11	80	D3750.contig40_5	361	9.7e-16
GCV_H	PF01597.19	122	D3750.contig40_6	128	2.1e-42
DegT_DnrJ_EryC1	PF01041.17	361	D3750.contig40_7	304	7.7e-86
Aminotran_5	PF00266.19	371	D3750.contig40_7	304	0.056
Prok-RING_4	PF14447.6	46	D3750.contig41_2	41	0.011
zf-C3HC4_3	PF13920.6	50	D3750.contig41_2	41	0.013
zf-RING_4	PF14570.6	48	D3750.contig41_2	41	0.038
DUF951	PF06107.11	55	D3750.contig41_7	56	0.085
FUSC	PF04632.12	657	D3750.contig41_18	91	0.052
LysR_substrate	PF03466.20	209	D3750.contig42_1	227	1e-19
HTH_1	PF00126.27	60	D3750.contig42_1	227	4.3e-18
TauE	PF01925.19	236	D3750.contig42_2	250	6.6e-44
MtrC	PF04211.13	268	D3750.contig42_2	250	0.00052
LysR_substrate	PF03466.20	209	D3750.contig42_3	294	2e-21
HTH_1	PF00126.27	60	D3750.contig42_3	294	1.1e-20
DUF1127	PF06568.11	37	D3750.contig42_4	70	9.6e-10
HTH_42	PF06224.12	328	D3750.contig42_5	410	2.9e-78
DAHP_synth_2	PF01474.16	437	D3750.contig42_6	449	9.2e-209
Spermine_synth	PF01564.17	188	D3750.contig42_7	252	6.6e-05
Methyltransf_24	PF13578.6	106	D3750.contig42_7	252	0.00081
Methyltransf_25	PF13649.6	97	D3750.contig42_7	252	0.0059
Methyltransf_11	PF08241.12	96	D3750.contig42_7	252	0.014
Methyltransf_2	PF00891.18	210	D3750.contig42_7	252	0.015
T2SSE	PF00437.20	273	D3750.contig43_1	606	6e-75
T2SSE_N	PF05157.15	109	D3750.contig43_1	606	1.6e-15
AAA_16	PF13191.6	170	D3750.contig43_1	606	4.3e-05
AAA_22	PF13401.6	137	D3750.contig43_1	606	0.00048
AAA_30	PF13604.6	192	D3750.contig43_1	606	0.0012
AAA_29	PF13555.6	61	D3750.contig43_1	606	0.0014
MacB_PCD	PF12704.7	195	D3750.contig43_2	410	1.7e-37
FtsX	PF02687.21	96	D3750.contig43_2	410	6.3e-13
ABC_tran	PF00005.27	137	D3750.contig43_3	240	1.1e-29
AAA_29	PF13555.6	61	D3750.contig43_3	240	0.0011
RsgA_GTPase	PF03193.16	167	D3750.contig43_3	240	0.0018
HlyD_D23	PF16576.5	214	D3750.contig43_4	413	8.5e-22
HlyD_3	PF13437.6	106	D3750.contig43_4	413	1e-15
Biotin_lipoyl_2	PF13533.6	50	D3750.contig43_4	413	1.1e-08
HlyD	PF00529.20	80	D3750.contig43_4	413	3e-05
OEP	PF02321.18	188	D3750.contig43_5	461	1.8e-48
OEP	PF02321.18	188	D3750.contig43_5	461	1.8e-48
SIS	PF01380.22	131	D3750.contig44_1	239	1.5e-29
DAHP_synth_1	PF00793.20	275	D3750.contig44_2	259	8.5e-64
HSCB_C	PF07743.13	76	D3750.contig44_3	175	3.6e-14
DnaJ	PF00226.31	63	D3750.contig44_3	175	4.8e-09
TonB_dep_Rec	PF00593.24	470	D3750.contig44_4	1036	6e-33
Plug	PF07715.15	108	D3750.contig44_4	1036	1.8e-25
CarbopepD_reg_2	PF13715.6	88	D3750.contig44_4	1036	2.6e-15
CarboxypepD_reg	PF13620.6	82	D3750.contig44_4	1036	5e-05
HD_assoc	PF13286.6	92	D3750.contig45_1	165	0.00045
Response_reg	PF00072.24	112	D3750.contig45_2	136	9.5e-12
Response_reg	PF00072.24	112	D3750.contig45_3	209	2.3e-27
GerE	PF00196.19	57	D3750.contig45_3	209	1.2e-20
Sigma70_r4	PF04545.16	50	D3750.contig45_3	209	0.00026
SBP_bac_3	PF00497.20	225	D3750.contig45_4	1211	1.8e-59
SBP_bac_3	PF00497.20	225	D3750.contig45_4	1211	1.8e-59
HATPase_c	PF02518.26	112	D3750.contig45_4	1211	3.7e-25
Response_reg	PF00072.24	112	D3750.contig45_4	1211	1.4e-23
HisKA	PF00512.25	67	D3750.contig45_4	1211	2.6e-15
PAS_4	PF08448.10	110	D3750.contig45_4	1211	2e-12
PAS	PF00989.25	113	D3750.contig45_4	1211	1.8e-09
Hpt	PF01627.23	85	D3750.contig45_4	1211	4.2e-08
Phosphonate-bd	PF12974.7	243	D3750.contig45_4	1211	9e-08
PAS_9	PF13426.7	104	D3750.contig45_4	1211	3.3e-05
HATPase_c_3	PF13589.6	137	D3750.contig45_4	1211	0.00047
GAF_2	PF13185.6	138	D3750.contig45_5	161	2.2e-12
GAF	PF01590.26	133	D3750.contig45_5	161	5.4e-10
GAF_3	PF13492.6	129	D3750.contig45_5	161	0.0024
DUF815	PF05673.13	250	D3750.contig45_6	47	7.9e-07
Ribosomal_L1	PF00687.21	204	D3750.contig46_1	102	9.1e-16
Ribosomal_L11_N	PF03946.14	65	D3750.contig46_2	144	2.3e-31
Ribosomal_L11	PF00298.19	70	D3750.contig46_2	144	1.1e-27
NusG	PF02357.19	95	D3750.contig46_3	186	2.8e-27
KOW	PF00467.29	32	D3750.contig46_3	186	1.8e-07
SecE	PF00584.20	55	D3750.contig46_4	127	3.9e-19
GTP_EFTU	PF00009.27	194	D3750.contig46_5	397	2.1e-59
GTP_EFTU_D3	PF03143.17	112	D3750.contig46_5	397	4e-34
GTP_EFTU_D2	PF03144.25	74	D3750.contig46_5	397	9.1e-18
MMR_HSR1	PF01926.23	114	D3750.contig46_5	397	2.9e-05
Fe-ADH	PF00465.19	364	D3750.contig47_2	219	1.1e-64
Fe-ADH_2	PF13685.6	250	D3750.contig47_2	219	3.2e-10
BPD_transp_2	PF02653.16	268	D3750.contig47_3	340	2.1e-35
BPD_transp_2	PF02653.16	268	D3750.contig47_4	293	3.2e-39
Tlr3_TMD	PF17968.1	33	D3750.contig47_4	293	0.016
ABC_tran	PF00005.27	137	D3750.contig47_5	242	2.1e-26
AAA_21	PF13304.6	303	D3750.contig47_5	242	2.5e-07
AAA_29	PF13555.6	61	D3750.contig47_5	242	0.0018
AAA_30	PF13604.6	192	D3750.contig47_5	242	0.0018
ABC_tran	PF00005.27	137	D3750.contig47_6	267	3.9e-28
BCA_ABC_TP_C	PF12399.8	23	D3750.contig47_6	267	1.7e-08
AAA_21	PF13304.6	303	D3750.contig47_6	267	9.2e-07
AAA_23	PF13476.6	200	D3750.contig47_6	267	0.00083
AAA_15	PF13175.6	369	D3750.contig47_6	267	0.0019
AAA_29	PF13555.6	61	D3750.contig47_6	267	0.0025
Peripla_BP_6	PF13458.6	342	D3750.contig47_7	404	1.4e-82
Peripla_BP_5	PF13433.6	364	D3750.contig47_7	404	2e-14
ANF_receptor	PF01094.28	354	D3750.contig47_7	404	1.7e-08
Epimerase	PF01370.21	241	D3750.contig48_1	639	5.1e-43
Formyl_trans_N	PF00551.19	181	D3750.contig48_1	639	3.7e-26
GDP_Man_Dehyd	PF16363.5	332	D3750.contig48_1	639	1e-22
Formyl_trans_C	PF02911.18	100	D3750.contig48_1	639	1.1e-14
3Beta_HSD	PF01073.19	280	D3750.contig48_1	639	8.6e-05
NAD_binding_10	PF13460.6	184	D3750.contig48_1	639	0.00061
TrkA_N	PF02254.18	116	D3750.contig48_1	639	0.0014
Glycos_transf_2	PF00535.26	170	D3750.contig48_2	345	9.3e-35
Glyco_tranf_2_3	PF13641.6	230	D3750.contig48_2	345	5.8e-14
Glyco_tranf_2_2	PF10111.9	276	D3750.contig48_2	345	5.8e-08
Glyco_tranf_2_4	PF13704.6	96	D3750.contig48_2	345	0.0002
Phage_integrase	PF00589.22	172	D3750.contig48_4	305	8e-23
Phage_int_SAM_5	PF13102.6	99	D3750.contig48_4	305	0.03
DUF2188	PF09954.9	62	D3750.contig48_5	75	5.6e-16
Glycos_transf_2	PF00535.26	170	D3750.contig49_2	143	2.8e-26
Glyco_tranf_2_3	PF13641.6	230	D3750.contig49_2	143	1.6e-06
Glyco_tranf_2_2	PF10111.9	276	D3750.contig49_2	143	4.2e-05
GT87	PF09594.10	239	D3750.contig49_3	409	1.3e-19
DUF2644	PF10841.8	59	D3750.contig49_3	409	0.049
DS	PF01916.17	288	D3750.contig49_4	325	9.8e-37
Peptidase_M28	PF04389.17	198	D3750.contig49_5	504	4.7e-42
PA	PF02225.22	89	D3750.contig49_5	504	2.4e-09
Peptidase_M20	PF01546.28	207	D3750.contig49_5	504	0.00087
Nicastrin	PF05450.15	234	D3750.contig49_5	504	0.011
LacAB_rpiB	PF02502.18	139	D3750.contig49_6	152	2.1e-50
Polyketide_cyc2	PF10604.9	143	D3750.contig50_2	139	3.8e-27
Polyketide_cyc	PF03364.20	130	D3750.contig50_2	139	2.7e-05
adh_short_C2	PF13561.6	234	D3750.contig50_3	266	7e-38
adh_short	PF00106.25	195	D3750.contig50_3	266	5e-37
KR	PF08659.10	180	D3750.contig50_3	266	1.6e-05
3HCDH_N	PF02737.18	180	D3750.contig50_3	266	0.00017
Aldo_ket_red	PF00248.21	294	D3750.contig50_4	335	5.5e-50
LysR_substrate	PF03466.20	209	D3750.contig50_5	314	6.6e-37
HTH_1	PF00126.27	60	D3750.contig50_5	314	7.8e-23
GGDEF	PF00990.21	161	D3750.contig50_6	315	6.5e-46
PAS_3	PF08447.12	89	D3750.contig50_6	315	9.8e-14
GGDEF_2	PF17853.1	116	D3750.contig50_6	315	1.8e-07
DUF1652	PF07865.11	67	D3750.contig50_7	83	1.4e-21
DegT_DnrJ_EryC1	PF01041.17	361	D3750.contig51_1	102	3.2e-26
Aminotran_1_2	PF00155.21	363	D3750.contig51_1	102	0.00044
3HCDH	PF00725.22	97	D3750.contig51_2	136	1.9e-33
3HCDH_N	PF02737.18	180	D3750.contig51_2	136	1.5e-06
DegT_DnrJ_EryC1	PF01041.17	361	D3750.contig51_3	316	6.3e-70
Asp_Arg_Hydrox	PF05118.15	157	D3750.contig51_4	224	3.1e-18
Cupin_2	PF07883.11	71	D3750.contig51_4	224	0.011
Polysacc_synt_2	PF02719.15	294	D3750.contig51_5	670	1e-126
Epimerase	PF01370.21	241	D3750.contig51_5	670	2.7e-14
GDP_Man_Dehyd	PF16363.5	332	D3750.contig51_5	670	2e-10
RmlD_sub_bind	PF04321.17	287	D3750.contig51_5	670	2.8e-08
3Beta_HSD	PF01073.19	280	D3750.contig51_5	670	2.2e-07
CoA_binding_3	PF13727.6	175	D3750.contig51_5	670	4.7e-06
adh_short	PF00106.25	195	D3750.contig51_5	670	0.00045
NAD_binding_4	PF07993.12	257	D3750.contig51_5	670	0.0028
HicB_lk_antitox	PF15919.5	123	D3750.contig52_1	134	9.3e-45
Cupin_2	PF07883.11	71	D3750.contig52_2	171	4e-07
Sigma70_ner	PF04546.13	204	D3750.contig52_3	487	4.5e-61
Sigma70_r3	PF04539.16	78	D3750.contig52_3	487	1.1e-30
Sigma70_r2	PF04542.14	71	D3750.contig52_3	487	6.1e-22
Sigma70_r4	PF04545.16	50	D3750.contig52_3	487	1.9e-19
SBP_bac_3	PF00497.20	225	D3750.contig52_4	856	1.6e-41
PAS_9	PF13426.7	104	D3750.contig52_4	856	4.6e-37
PAS_9	PF13426.7	104	D3750.contig52_4	856	4.6e-37
PAS_9	PF13426.7	104	D3750.contig52_4	856	4.6e-37
PAS	PF00989.25	113	D3750.contig52_4	856	1.1e-30
PAS	PF00989.25	113	D3750.contig52_4	856	1.1e-30
PAS	PF00989.25	113	D3750.contig52_4	856	1.1e-30
PAS	PF00989.25	113	D3750.contig52_4	856	1.1e-30
PAS_3	PF08447.12	89	D3750.contig52_4	856	3.6e-23
PAS_3	PF08447.12	89	D3750.contig52_4	856	3.6e-23
PAS_8	PF13188.7	67	D3750.contig52_4	856	3.8e-22
PAS_8	PF13188.7	67	D3750.contig52_4	856	3.8e-22
PAS_4	PF08448.10	110	D3750.contig52_4	856	2.8e-16
PAS_4	PF08448.10	110	D3750.contig52_4	856	2.8e-16
GGDEF	PF00990.21	161	D3750.contig52_4	856	2.9e-15
Sod_Fe_C	PF02777.18	102	D3750.contig53_1	180	4.8e-36
Sod_Fe_N	PF00081.22	82	D3750.contig53_1	180	3.1e-19
Carboxyl_trans	PF01039.22	494	D3750.contig53_2	315	2.2e-19
zf-ACC	PF17848.1	26	D3750.contig53_2	315	2.2e-08
dUTPase	PF00692.19	129	D3750.contig53_3	148	7.1e-25
PTS_EIIA_2	PF00359.22	144	D3750.contig53_4	150	7.1e-32
PTS_EIIA_2	PF00359.22	144	D3750.contig53_5	248	5.6e-22
HTH_17	PF12728.7	51	D3750.contig53_5	248	9e-13
HTH_23	PF13384.6	50	D3750.contig53_5	248	0.00046
Phage_terminase	PF10668.9	60	D3750.contig53_5	248	0.00054
MerR	PF00376.23	38	D3750.contig53_5	248	0.00073
HTH_DeoR	PF08220.12	57	D3750.contig53_5	248	0.00076
Sigma70_r4_2	PF08281.12	54	D3750.contig53_5	248	0.00093
HTH_Tnp_ISL3	PF13542.6	52	D3750.contig53_5	248	0.0012
LacI	PF00356.21	46	D3750.contig53_5	248	0.0039
AAA_2	PF07724.14	171	D3750.contig53_6	525	1.7e-53
AAA_lid_9	PF17871.1	104	D3750.contig53_6	525	5.9e-32
ClpB_D2-small	PF10431.9	81	D3750.contig53_6	525	8.3e-24
AAA_5	PF07728.14	138	D3750.contig53_6	525	2.5e-13
AAA	PF00004.29	132	D3750.contig53_6	525	1.4e-10
Sigma54_activat	PF00158.26	168	D3750.contig53_6	525	5.9e-07
UVR	PF02151.19	36	D3750.contig53_6	525	5.4e-06
AAA_16	PF13191.6	170	D3750.contig53_6	525	7.9e-05
Torsin	PF06309.11	127	D3750.contig53_6	525	0.0007
Lactamase_B_2	PF12706.7	201	D3750.contig54_1	266	4.8e-20
Lactamase_B	PF00753.27	197	D3750.contig54_1	266	4e-12
Lactamase_B_4	PF13691.6	63	D3750.contig54_1	266	0.017
cobW	PF02492.19	177	D3750.contig54_2	366	7.4e-44
CobW_C	PF07683.14	94	D3750.contig54_2	366	6.4e-14
Cupin_2	PF07883.11	71	D3750.contig54_3	154	1.2e-20
Cupin_3	PF05899.12	74	D3750.contig54_3	154	6.8e-11
AraC_binding	PF02311.19	136	D3750.contig54_3	154	7.1e-05
Cupin_1	PF00190.22	151	D3750.contig54_3	154	0.00042
Cupin_6	PF12852.7	184	D3750.contig54_3	154	0.0072
EutQ	PF06249.12	152	D3750.contig54_3	154	0.014
GST_C_4	PF14834.6	117	D3750.contig54_5	211	3.1e-49
GST_N_3	PF13417.6	75	D3750.contig54_5	211	1.7e-13
GST_N	PF02798.20	76	D3750.contig54_5	211	4.6e-09
GST_N_2	PF13409.6	70	D3750.contig54_5	211	9e-08
Isochorismatase	PF00857.20	175	D3750.contig54_6	194	2.1e-19
DUF4148	PF13663.6	54	D3750.contig54_7	103	2.1e-07
LRR_4	PF12799.7	44	D3750.contig55_5	319	1.3e-06
T2SSE	PF00437.20	273	D3750.contig56_2	568	7e-75
T2SSE_N	PF05157.15	109	D3750.contig56_2	568	1.6e-14
AAA_16	PF13191.6	170	D3750.contig56_2	568	9.1e-05
AAA_22	PF13401.6	137	D3750.contig56_2	568	0.0019
AAA_14	PF13173.6	131	D3750.contig56_2	568	0.003
Band_7	PF01145.25	178	D3750.contig56_3	307	8.9e-33
Band_7_C	PF16200.5	63	D3750.contig56_3	307	2.2e-09
Band_7_1	PF13421.6	211	D3750.contig56_3	307	2.3e-05
NfeD	PF01957.18	84	D3750.contig56_4	149	3.5e-15
DUF2388	PF09498.10	70	D3750.contig56_5	106	9.6e-32
OMP_b-brl	PF13505.6	178	D3750.contig56_6	224	6.6e-18
OmpA_membrane	PF01389.17	183	D3750.contig56_6	224	3.8e-07
DegT_DnrJ_EryC1	PF01041.17	361	D3750.contig56_7	78	6.4e-16
MerR_1	PF13411.6	69	D3750.contig57_1	113	5.8e-14
MerR	PF00376.23	38	D3750.contig57_1	113	9.1e-14
MerR-DNA-bind	PF09278.11	65	D3750.contig57_1	113	1.2e-12
Abhydrolase_1	PF00561.20	257	D3750.contig57_2	278	1.8e-27
Hydrolase_4	PF12146.8	239	D3750.contig57_2	278	1.6e-21
Abhydrolase_6	PF12697.7	220	D3750.contig57_2	278	5.5e-18
Peptidase_S9	PF00326.21	212	D3750.contig57_2	278	2.5e-08
Peptidase_S15	PF02129.18	269	D3750.contig57_2	278	0.00013
DUF1749	PF08538.10	299	D3750.contig57_2	278	0.00042
Abhydrolase_2	PF02230.16	217	D3750.contig57_2	278	0.003
Ndr	PF03096.14	283	D3750.contig57_2	278	0.003
Oxidored_FMN	PF00724.20	342	D3750.contig57_3	411	1.7e-51
His_biosynth	PF00977.21	229	D3750.contig57_3	411	2e-05
Ala_racemase_N	PF01168.20	219	D3750.contig57_3	411	0.0036
MR_MLE_C	PF13378.6	220	D3750.contig57_3	411	0.0042
TMP-TENI	PF02581.17	181	D3750.contig57_3	411	0.0045
Epimerase	PF01370.21	241	D3750.contig57_4	296	7.8e-18
NAD_binding_10	PF13460.6	184	D3750.contig57_4	296	4.6e-14
NmrA	PF05368.13	233	D3750.contig57_4	296	2e-09
RmlD_sub_bind	PF04321.17	287	D3750.contig57_4	296	1.5e-08
GDP_Man_Dehyd	PF16363.5	332	D3750.contig57_4	296	1.4e-07
Sacchrp_dh_NADP	PF03435.18	130	D3750.contig57_4	296	3.4e-05
NAD_binding_4	PF07993.12	257	D3750.contig57_4	296	3.8e-05
3Beta_HSD	PF01073.19	280	D3750.contig57_4	296	8.2e-05
TrkA_N	PF02254.18	116	D3750.contig57_4	296	0.00047
DUF3644	PF12358.8	73	D3750.contig57_5	257	0.0061
FRG	PF08867.11	96	D3750.contig58_2	165	1.3e-23
DUF2043	PF09740.9	106	D3750.contig58_3	112	0.0027
YhcG_C	PF06250.11	155	D3750.contig58_4	353	1.2e-53
DUF1016_N	PF17761.1	137	D3750.contig58_4	353	8.7e-31
Acetyltransf_10	PF13673.7	127	D3750.contig58_5	163	5e-11
Acetyltransf_1	PF00583.25	117	D3750.contig58_5	163	2e-10
Acetyltransf_7	PF13508.7	76	D3750.contig58_5	163	1.1e-08
FR47	PF08445.10	86	D3750.contig58_5	163	0.002
Acetyltransf_9	PF13527.7	128	D3750.contig58_5	163	0.0028
DUF1778	PF08681.11	80	D3750.contig58_6	90	2.4e-23
HicB	PF05534.12	51	D3750.contig58_6	90	0.0082
Peptidase_M14	PF00246.24	289	D3750.contig58_7	260	0.00061
Gp5_C	PF06715.12	24	D3750.contig59_1	145	3.7e-09
Gp5_C	PF06715.12	24	D3750.contig59_1	145	3.7e-09
DUF2169	PF09937.9	294	D3750.contig59_2	448	1.1e-88
DUF4150	PF13665.6	108	D3750.contig59_3	600	5e-32
WHH	PF14414.6	43	D3750.contig59_3	600	2.9e-14
Colicin-DNase	PF12639.7	96	D3750.contig59_3	600	3.3e-12
PAAR_motif	PF05488.13	70	D3750.contig59_3	600	0.00013
SUKH_6	PF14568.6	121	D3750.contig59_4	131	4.9e-15
SMI1_KNR4	PF09346.10	133	D3750.contig59_4	131	8.9e-15
SUKH_5	PF14567.6	139	D3750.contig59_4	131	1.8e-07
Zn_protease	PF05618.11	138	D3750.contig60_1	50	5.8e-07
DUF3549	PF12069.8	338	D3750.contig60_2	346	1.2e-94
DUF446	PF04287.12	98	D3750.contig60_3	86	2.3e-25
OmpW	PF03922.14	192	D3750.contig60_4	209	2.4e-49
OMP_b-brl	PF13505.6	178	D3750.contig60_4	209	9.6e-15
Aldedh	PF00171.22	462	D3750.contig60_5	637	1.4e-111
MazE_antitoxin	PF04014.18	46	D3750.contig61_1	79	2.2e-06
PIN	PF01850.21	122	D3750.contig61_2	135	8.1e-16
DUF5615	PF18480.1	77	D3750.contig61_2	135	0.00096
PCuAC	PF04314.13	109	D3750.contig61_3	148	9.6e-33
bMG3	PF11974.8	103	D3750.contig61_3	148	0.019
ZapD	PF07072.11	210	D3750.contig61_4	258	1.7e-74
CoaE	PF01121.20	179	D3750.contig61_5	200	1.2e-60
AAA_18	PF13238.6	130	D3750.contig61_5	200	3.7e-05
ABC_tran	PF00005.27	137	D3750.contig61_5	200	0.0011
AAA_28	PF13521.6	163	D3750.contig61_5	200	0.0011
AAA_33	PF13671.6	143	D3750.contig61_5	200	0.0018
AAA_19	PF13245.6	146	D3750.contig61_5	200	0.003
DiS_P_DiS	PF06750.13	84	D3750.contig61_6	291	3.4e-36
Peptidase_A24	PF01478.18	107	D3750.contig61_6	291	5.5e-26
DZR	PF12773.7	49	D3750.contig61_6	291	0.022
LRR_8	PF13855.6	61	D3750.contig62_1	666	0.00074
LRR_4	PF12799.7	44	D3750.contig62_1	666	0.17
ABC_tran	PF00005.27	137	D3750.contig62_3	450	2.5e-23
AAA_25	PF13481.6	194	D3750.contig62_3	450	2e-06
RsgA_GTPase	PF03193.16	167	D3750.contig62_3	450	0.0031
T2SSE	PF00437.20	273	D3750.contig62_3	450	0.0056
ALP_N	PF17989.1	147	D3750.contig63_1	112	6.4e-12
ALP_N	PF17989.1	147	D3750.contig63_2	98	0.00031
IMS_C	PF11799.8	118	D3750.contig63_5	302	1.1e-09
DUF4113	PF13438.6	51	D3750.contig63_5	302	2.2e-08
IMS_HHH	PF11798.8	32	D3750.contig63_5	302	0.0007
ThrE	PF06738.12	241	D3750.contig63_6	346	0.095
Lactate_perm	PF02652.14	522	D3750.contig64_1	414	2.4e-110
FMN_dh	PF01070.18	348	D3750.contig64_2	123	1.1e-31
HTH_1	PF00126.27	60	D3750.contig64_3	87	5.9e-15
HTH_30	PF13556.6	59	D3750.contig64_3	87	0.015
HATPase_c	PF02518.26	112	D3750.contig64_4	464	4.1e-17
HisKA	PF00512.25	67	D3750.contig64_4	464	3.4e-12
HAMP	PF00672.25	53	D3750.contig64_4	464	6.3e-09
HATPase_c_5	PF14501.6	101	D3750.contig64_4	464	4.4e-06
HATPase_c_2	PF13581.6	125	D3750.contig64_4	464	0.0017
SIS	PF01380.22	131	D3750.contig65_1	283	4.2e-40
SIS	PF01380.22	131	D3750.contig65_1	283	4.2e-40
Transposase_mut	PF00872.18	381	D3750.contig65_2	427	9.7e-123
MULE	PF10551.9	96	D3750.contig65_2	427	0.0001
APH	PF01636.23	240	D3750.contig66_1	318	5.5e-34
Choline_kinase	PF01633.20	213	D3750.contig66_1	318	0.018
DUF2782	PF11191.8	89	D3750.contig66_2	97	2.1e-19
DNA_pol_A	PF00476.20	376	D3750.contig66_3	931	9.7e-155
5_3_exonuc_N	PF02739.16	159	D3750.contig66_3	931	5.2e-50
DNA_pol_A_exo1	PF01612.20	176	D3750.contig66_3	931	8.9e-40
5_3_exonuc	PF01367.20	97	D3750.contig66_3	931	2.4e-28
Peptidase_M24	PF00557.24	209	D3750.contig67_3	399	3e-18
Creatinase_N	PF01321.18	132	D3750.contig67_3	399	0.045
Porin_4	PF13609.6	312	D3750.contig67_4	423	5.3e-32
Porin_1	PF00267.21	340	D3750.contig67_4	423	1.7e-06
MFS_1	PF07690.16	353	D3750.contig67_5	369	1.9e-33
MFS_1	PF07690.16	353	D3750.contig67_5	369	1.9e-33
Sugar_tr	PF00083.24	452	D3750.contig67_5	369	1.5e-27
Sugar_tr	PF00083.24	452	D3750.contig67_5	369	1.5e-27
Phage-tail_3	PF13550.6	164	D3750.contig68_2	1302	2.1e-31
DUF1983	PF09327.11	81	D3750.contig68_2	1302	1.6e-27
ANT	PF03374.14	108	D3750.contig69_2	227	1.3e-12
Phage_pRha	PF09669.10	88	D3750.contig69_2	227	7.9e-06
DUF2971	PF11185.8	84	D3750.contig69_3	215	2.1e-09
DUF2075	PF09848.9	363	D3750.contig69_4	493	1.6e-08
AAA_30	PF13604.6	192	D3750.contig69_4	493	3.4e-07
PIF1	PF05970.14	364	D3750.contig69_4	493	0.00017
T2SSG	PF08334.11	108	D3750.contig69_5	210	5.3e-42
DUF72	PF01904.18	218	D3750.contig69_6	65	6.4e-07
OPA3	PF07047.12	125	D3750.contig69_6	65	0.058
Response_reg	PF00072.24	112	D3750.contig70_1	772	1.9e-25
HATPase_c	PF02518.26	112	D3750.contig70_1	772	3.3e-25
HTH_18	PF12833.7	81	D3750.contig70_1	772	1.4e-19
Y_Y_Y	PF07495.13	66	D3750.contig70_1	772	6.6e-17
HisKA	PF00512.25	67	D3750.contig70_1	772	8.9e-13
HTH_AraC	PF00165.23	42	D3750.contig70_1	772	1.2e-11
Ribosomal_L1	PF00687.21	204	D3750.contig71_1	165	4e-40
DUF3842	PF12953.7	130	D3750.contig71_1	165	0.04
Ribosomal_L10	PF00466.20	100	D3750.contig71_2	166	2.4e-23
Ribosomal_L12	PF00542.19	67	D3750.contig71_3	125	6.2e-31
Ribosomal_L12_N	PF16320.5	48	D3750.contig71_3	125	1.7e-18
Ysc84	PF04366.12	128	D3750.contig71_3	125	0.025
Surface_antigen	PF11054.8	244	D3750.contig71_3	125	0.028
RNA_pol_Rpb2_1	PF04563.15	203	D3750.contig71_4	656	3.7e-37
RNA_pol_Rpb2_3	PF04565.16	68	D3750.contig71_4	656	1.1e-32
RNA_pol_Rpb2_2	PF04561.14	190	D3750.contig71_4	656	6.9e-25
RNA_pol_Rpb2_2	PF04561.14	190	D3750.contig71_4	656	6.9e-25
RNA_pol_Rpb2_45	PF10385.9	65	D3750.contig71_4	656	8.3e-09
LysR_substrate	PF03466.20	209	D3750.contig72_1	259	2.7e-32
HTH_1	PF00126.27	60	D3750.contig72_1	259	2.5e-05
Fe-ADH	PF00465.19	364	D3750.contig72_2	314	2.2e-99
Fe-ADH_2	PF13685.6	250	D3750.contig72_2	314	1.3e-06
MFS_1	PF07690.16	353	D3750.contig72_3	396	2.3e-38
MFS_1	PF07690.16	353	D3750.contig72_3	396	2.3e-38
NAD_binding_10	PF13460.6	184	D3750.contig72_4	225	4.4e-07
Epimerase	PF01370.21	241	D3750.contig72_4	225	0.00034
Sacchrp_dh_NADP	PF03435.18	130	D3750.contig72_4	225	0.0021
DapB_N	PF01113.20	124	D3750.contig72_4	225	0.0047
Semialdhyde_dh	PF01118.24	121	D3750.contig72_4	225	0.0057
HTH_1	PF00126.27	60	D3750.contig72_5	33	0.00047
AMP-binding	PF00501.28	423	D3750.contig73_1	182	1.1e-34
adh_short_C2	PF13561.6	234	D3750.contig73_2	251	3.9e-54
adh_short	PF00106.25	195	D3750.contig73_2	251	2.5e-42
KR	PF08659.10	180	D3750.contig73_2	251	1.1e-12
Lactamase_B	PF00753.27	197	D3750.contig73_3	254	7.7e-24
Lactamase_B_2	PF12706.7	201	D3750.contig73_3	254	0.00013
Lactamase_B_3	PF13483.6	163	D3750.contig73_3	254	0.027
ECH_1	PF00378.20	251	D3750.contig73_4	258	2e-45
ECH_2	PF16113.5	334	D3750.contig73_4	258	6.5e-23
4HBT_2	PF13279.6	123	D3750.contig73_5	150	5.7e-11
4HBT	PF03061.22	79	D3750.contig73_5	150	5.6e-09
Acyl-ACP_TE	PF01643.17	248	D3750.contig73_5	150	2.4e-05
Fe-ADH	PF00465.19	364	D3750.contig73_6	201	1.3e-56
Fe-ADH_2	PF13685.6	250	D3750.contig73_6	201	0.0081
TPR_19	PF14559.6	68	D3750.contig74_1	240	0.022
ABC-3	PF00950.17	258	D3750.contig74_2	263	7.2e-76
FecCD	PF01032.18	312	D3750.contig74_2	263	6.5e-06
ABC_tran	PF00005.27	137	D3750.contig74_3	262	3.9e-28
AAA_21	PF13304.6	303	D3750.contig74_3	262	3.7e-10
AAA_21	PF13304.6	303	D3750.contig74_3	262	3.7e-10
AAA_16	PF13191.6	170	D3750.contig74_3	262	9.1e-06
AAA_22	PF13401.6	137	D3750.contig74_3	262	4e-05
AAA_29	PF13555.6	61	D3750.contig74_3	262	7.7e-05
AAA_23	PF13476.6	200	D3750.contig74_3	262	0.0024
FUR	PF01475.19	120	D3750.contig74_4	161	2.8e-11
ZnuA	PF01297.17	256	D3750.contig74_5	307	2.4e-54
ACR_tran	PF00873.19	1021	D3750.contig75_1	685	3.6e-143
HlyD_D23	PF16576.5	214	D3750.contig75_2	424	1.1e-62
HlyD_D4	PF16572.5	56	D3750.contig75_2	424	2.3e-19
HlyD_3	PF13437.6	106	D3750.contig75_2	424	9.3e-16
Biotin_lipoyl_2	PF13533.6	50	D3750.contig75_2	424	0.00027
OEP	PF02321.18	188	D3750.contig75_3	210	9.9e-23
DUF4407	PF14362.6	298	D3750.contig75_3	210	0.033
ACP_PD	PF04336.12	105	D3750.contig76_2	195	6.1e-24
SdpI	PF13630.6	67	D3750.contig76_3	221	2.1e-22
DUF1648	PF07853.11	49	D3750.contig76_3	221	3.1e-12
PepSY_TM	PF03929.16	288	D3750.contig76_3	221	0.021
DUF3473	PF11959.8	130	D3750.contig76_5	260	8.7e-12
Polysacc_deac_1	PF01522.21	124	D3750.contig76_5	260	3.7e-08
MerT	PF02411.15	116	D3750.contig76_6	97	0.045
TatC	PF00902.18	207	D3750.contig76_7	167	1.6e-46
SGL	PF08450.12	246	D3750.contig77_1	428	2.9e-15
GSDH	PF07995.11	332	D3750.contig77_1	428	2.3e-07
PsiF_repeat	PF07769.14	34	D3750.contig77_2	96	3.1e-39
PsiF_repeat	PF07769.14	34	D3750.contig77_2	96	3.1e-39
EAL	PF00563.20	238	D3750.contig77_3	523	1.2e-70
GGDEF	PF00990.21	161	D3750.contig77_3	523	2.1e-48
UbiA	PF01040.18	252	D3750.contig77_4	77	0.03
Glyco_hydro_3	PF00933.21	319	D3750.contig78_1	763	9.7e-63
Glyco_hydro_3_C	PF01915.22	204	D3750.contig78_1	763	2.1e-55
PA14	PF07691.12	147	D3750.contig78_1	763	2.5e-28
GLEYA	PF10528.9	91	D3750.contig78_1	763	0.0048
4HBT_2	PF13279.6	123	D3750.contig78_2	145	3.8e-14
Ham1p_like	PF01725.16	187	D3750.contig78_3	200	2.4e-55
N6_Mtase	PF02384.16	312	D3750.contig79_3	231	3.6e-12
Prim_Zn_Ribbon	PF08273.12	38	D3750.contig79_4	285	0.008
HEPN_RiboL-PSP	PF18735.1	194	D3750.contig80_2	226	0.018
PilP	PF04351.13	147	D3750.contig80_2	226	0.031
FAD_binding_3	PF01494.19	349	D3750.contig80_4	496	2.7e-79
DAO	PF01266.24	352	D3750.contig80_4	496	9.5e-05
Pyr_redox	PF00070.27	81	D3750.contig80_4	496	0.0019
Thi4	PF01946.17	235	D3750.contig80_4	496	0.0042
FAD_oxidored	PF12831.7	433	D3750.contig80_4	496	0.0082
OEP	PF02321.18	188	D3750.contig81_1	238	2.5e-18
Trans_reg_C	PF00486.28	77	D3750.contig81_4	228	1.1e-25
Response_reg	PF00072.24	112	D3750.contig81_4	228	2.4e-22
HTH_Tnp_1	PF01527.20	75	D3750.contig82_2	144	1.6e-09
HTH_23	PF13384.6	50	D3750.contig82_2	144	0.00095
HTH_28	PF13518.6	52	D3750.contig82_2	144	0.024
TnpB_IS66	PF05717.13	101	D3750.contig82_3	116	9.3e-42
DDE_Tnp_IS66	PF03050.14	282	D3750.contig82_4	515	6.5e-106
DDE_Tnp_IS66_C	PF13817.6	39	D3750.contig82_4	515	6.6e-18
zf-IS66	PF13005.7	46	D3750.contig82_4	515	1.4e-16
LZ_Tnp_IS66	PF13007.7	69	D3750.contig82_4	515	3.6e-14
PRiA4_ORF3	PF07929.11	174	D3750.contig82_5	199	1.4e-62
DUF2909	PF11137.8	60	D3750.contig83_2	67	3e-21
COX3	PF00510.18	258	D3750.contig83_3	311	3.6e-59
COX3	PF00510.18	258	D3750.contig83_3	311	3.6e-59
CtaG_Cox11	PF04442.14	151	D3750.contig83_4	179	1e-49
COX1	PF00115.20	432	D3750.contig83_5	251	1.1e-69
PQ-loop	PF04193.14	61	D3750.contig83_5	251	0.0084
DUF3858	PF12970.7	116	D3750.contig84_1	210	1.1e-05
Beta-lactamase	PF00144.24	330	D3750.contig84_2	343	3.2e-45
Peptidase_S11	PF00768.20	241	D3750.contig84_2	343	0.0002
AAA_lid_9	PF17871.1	104	D3750.contig84_3	467	1.5e-38
Clp_N	PF02861.20	53	D3750.contig84_3	467	1.4e-20
Clp_N	PF02861.20	53	D3750.contig84_3	467	1.4e-20
AAA	PF00004.29	132	D3750.contig84_3	467	5.2e-14
AAA_16	PF13191.6	170	D3750.contig84_3	467	2.9e-07
AAA_5	PF07728.14	138	D3750.contig84_3	467	0.00014
IstB_IS21	PF01695.17	178	D3750.contig84_3	467	0.00055
ABC_tran	PF00005.27	137	D3750.contig85_1	257	2.9e-29
MMR_HSR1	PF01926.23	114	D3750.contig85_1	257	0.0042
BPD_transp_1	PF00528.22	185	D3750.contig85_2	271	2.7e-13
NMT1_2	PF13379.6	253	D3750.contig85_3	328	4.5e-16
NMT1	PF09084.11	216	D3750.contig85_3	328	3.4e-14
SBP_bac_3	PF00497.20	225	D3750.contig85_3	328	0.0079
TonB_dep_Rec	PF00593.24	470	D3750.contig86_1	707	3.1e-46
Plug	PF07715.15	108	D3750.contig86_1	707	2.1e-16
Amino_oxidase	PF01593.24	452	D3750.contig86_2	248	4.6e-19
NAD_binding_8	PF13450.6	68	D3750.contig86_2	248	1.7e-13
DAO	PF01266.24	352	D3750.contig86_2	248	1.1e-08
Pyr_redox_2	PF07992.14	294	D3750.contig86_2	248	3.6e-07
FAD_binding_2	PF00890.24	417	D3750.contig86_2	248	8.6e-07
Thi4	PF01946.17	235	D3750.contig86_2	248	2.1e-06
Pyr_redox	PF00070.27	81	D3750.contig86_2	248	1.2e-05
FAD_binding_3	PF01494.19	349	D3750.contig86_2	248	7.2e-05
HI0933_like	PF03486.14	409	D3750.contig86_2	248	0.00013
FAD_oxidored	PF12831.7	433	D3750.contig86_2	248	0.00018
GIDA	PF01134.22	392	D3750.contig86_2	248	0.0024
IlvN	PF07991.12	165	D3750.contig86_2	248	0.0049
Pyr_redox_3	PF13738.6	305	D3750.contig86_2	248	0.0061
TPR_2	PF07719.17	34	D3750.contig87_1	322	7.5e-32
TPR_2	PF07719.17	34	D3750.contig87_1	322	7.5e-32
TPR_2	PF07719.17	34	D3750.contig87_1	322	7.5e-32
TPR_1	PF00515.28	34	D3750.contig87_1	322	2.3e-26
TPR_1	PF00515.28	34	D3750.contig87_1	322	2.3e-26
TPR_1	PF00515.28	34	D3750.contig87_1	322	2.3e-26
TPR_19	PF14559.6	68	D3750.contig87_1	322	5.4e-21
TPR_19	PF14559.6	68	D3750.contig87_1	322	5.4e-21
TPR_11	PF13414.6	42	D3750.contig87_1	322	7.3e-21
TPR_11	PF13414.6	42	D3750.contig87_1	322	7.3e-21
TPR_12	PF13424.6	77	D3750.contig87_1	322	1.7e-19
TPR_12	PF13424.6	77	D3750.contig87_1	322	1.7e-19
TPR_7	PF13176.6	36	D3750.contig87_1	322	6e-18
TPR_16	PF13432.6	68	D3750.contig87_1	322	2.3e-17
TPR_8	PF13181.6	34	D3750.contig87_1	322	2.4e-17
TPR_8	PF13181.6	34	D3750.contig87_1	322	2.4e-17
TPR_8	PF13181.6	34	D3750.contig87_1	322	2.4e-17
ANAPC3	PF12895.7	82	D3750.contig87_1	322	4.4e-12
ANAPC3	PF12895.7	82	D3750.contig87_1	322	4.4e-12
TPR_15	PF13429.6	280	D3750.contig87_1	322	1.5e-06
TPR_3	PF07720.12	36	D3750.contig87_1	322	0.0058
ComA	PF02679.15	243	D3750.contig87_2	255	9.6e-88
Shikimate_dh_N	PF08501.11	83	D3750.contig87_3	246	4.8e-15
SDH_C	PF18317.1	31	D3750.contig87_3	246	0.052
Fn3-like	PF14310.6	71	D3750.contig87_4	164	1.4e-23
Glyco_hydro_3_C	PF01915.22	204	D3750.contig87_4	164	0.00033
Peripla_BP_6	PF13458.6	342	D3750.contig88_1	276	1.4e-44
ANF_receptor	PF01094.28	354	D3750.contig88_1	276	7.5e-22
Peripla_BP_5	PF13433.6	364	D3750.contig88_1	276	1.4e-11
NHL	PF01436.21	28	D3750.contig88_2	284	4.5e-17
NHL	PF01436.21	28	D3750.contig88_2	284	4.5e-17
DUF5128	PF17170.4	330	D3750.contig88_2	284	0.00036
Coleoptericin	PF06286.11	143	D3750.contig88_3	222	0.064
MobC	PF05713.11	45	D3750.contig89_1	82	0.00091
PrgI	PF12666.7	90	D3750.contig89_6	76	0.015
SnoaL_3	PF13474.6	121	D3750.contig89_8	109	0.096
DDE_Tnp_ISL3	PF01610.17	240	D3750.contig90_2	123	3.1e-21
rve	PF00665.26	119	D3750.contig90_3	211	1.5e-18
rve_3	PF13683.6	67	D3750.contig90_3	211	6e-13
IstB_IS21	PF01695.17	178	D3750.contig90_5	145	3.7e-23
Sigma54_activat	PF00158.26	168	D3750.contig90_5	145	0.0001
AAA_25	PF13481.6	194	D3750.contig90_5	145	0.00058
Zeta_toxin	PF06414.12	199	D3750.contig90_5	145	0.00079
RsgA_GTPase	PF03193.16	167	D3750.contig90_5	145	0.0039
AAA_7	PF12775.7	181	D3750.contig90_5	145	0.0044
UbiA	PF01040.18	252	D3750.contig91_1	261	4.4e-60
COX15-CtaA	PF02628.15	324	D3750.contig91_2	325	4.4e-78
SURF1	PF02104.15	176	D3750.contig91_4	196	2.2e-20
