target	acc	tlen	query	qlen	evalue
RNA_pol_Rpb2_6	PF00562.28	390	D3764.contig1_1	1275	1.3e-05
RusA	PF05866.11	124	D3764.contig1_4	255	1.2e-13
DUF2935	PF11155.8	122	D3764.contig1_8	702	0.058
KASH_CCD	PF14662.6	191	D3764.contig1_15	465	0.00085
PC4	PF02229.16	52	D3764.contig1_21	118	0.022
Gal_GalNac_35kD	PF17337.2	221	D3764.contig1_23	284	0.0097
SirA	PF10747.9	139	D3764.contig1_28	110	0.021
DNA_pol_B	PF00136.21	459	D3764.contig1_30	693	4.6e-12
HARE-HTH	PF05066.13	72	D3764.contig1_31	143	0.0025
GGGtGRT	PF14057.6	327	D3764.contig1_32	706	0.0091
ResIII	PF04851.15	171	D3764.contig1_34	523	2.6e-10
DEAD	PF00270.29	176	D3764.contig1_34	523	0.00017
Apis_Csd	PF11671.8	146	D3764.contig1_34	523	0.0017
DUF1878	PF08963.10	110	D3764.contig1_37	52	0.016
Peptidase_S77	PF03420.13	185	D3764.contig1_44	269	7.7e-10
Ntox14	PF15522.6	205	D3764.contig1_50	251	0.018
Cpn60_TCP1	PF00118.24	491	D3764.contig1_52	582	1.7e-19
CAF1	PF04857.20	319	D3764.contig1_52	582	0.0018
UNC-93	PF05978.16	157	D3764.contig1_54	548	0.016
RIG-I_C	PF18119.1	140	D3764.contig1_54	548	0.019
UPF0086	PF01868.16	84	D3764.contig1_56	119	0.093
T6SS_VipA	PF05591.12	155	D3764.contig1_59	119	0.088
DUF4781	PF16013.5	310	D3764.contig1_64	95	0.056
Mitofilin	PF09731.9	623	D3764.contig1_65	67	0.037
Toprim_2	PF13155.6	90	D3764.contig1_66	338	3.8e-06
Terminase_6C	PF17289.2	155	D3764.contig1_72	739	0.00015
P63C	PF10546.9	93	D3764.contig2_1	281	4.9e-11
Dehalogenase	PF13486.6	288	D3764.contig2_1	281	0.0077
Inj_translocase	PF16928.5	218	D3764.contig2_4	470	8.2e-81
DUF4298	PF14131.6	87	D3764.contig2_5	220	0.008
Gly-zipper_YMGG	PF13441.6	46	D3764.contig2_5	220	0.012
Gly-zipper_OmpA	PF13436.6	44	D3764.contig2_5	220	0.016
Bacteriocin_IIc	PF10439.9	62	D3764.contig2_5	220	0.024
DUF2824	PF11039.8	151	D3764.contig2_6	156	2.6e-64
Phage_tail_NK	PF16532.5	175	D3764.contig2_7	283	8.5e-118
DUF4349	PF14257.6	213	D3764.contig2_7	283	7.1e-05
XhlA	PF10779.9	67	D3764.contig2_7	283	0.00015
ATG16	PF08614.11	200	D3764.contig2_7	283	0.00023
Tropomyosin	PF00261.20	237	D3764.contig2_7	283	0.00045
Tropomyosin_1	PF12718.7	143	D3764.contig2_7	283	0.0005
DUF812	PF05667.11	595	D3764.contig2_7	283	0.0013
Exonuc_VII_L	PF02601.15	304	D3764.contig2_7	283	0.0019
Phage_stabilise	PF11134.8	469	D3764.contig2_8	473	1.7e-288
P22_Tail-4	PF11650.8	164	D3764.contig2_9	154	1.9e-38
P22_CoatProtein	PF11651.8	417	D3764.contig2_11	418	2.6e-71
P22_portal	PF16510.5	668	D3764.contig2_13	733	9.4e-223
Terminase_3	PF04466.13	201	D3764.contig2_14	472	6.3e-41
Terminase_3C	PF17288.2	155	D3764.contig2_14	472	1e-08
Terminase_6	PF03237.15	215	D3764.contig2_14	472	0.00084
Helicase_RecD	PF05127.14	177	D3764.contig2_14	472	0.0082
HTH_23	PF13384.6	50	D3764.contig2_15	147	0.0032
Terminase_5	PF06056.12	58	D3764.contig2_15	147	0.0089
HTH_3	PF01381.22	55	D3764.contig2_15	147	0.014
DUF2560	PF10834.8	72	D3764.contig2_16	81	8.5e-44
Phage_pRha	PF09669.10	88	D3764.contig2_17	187	4.6e-27
Phage_lysis	PF03245.13	126	D3764.contig2_18	156	8e-28
PspB	PF06667.12	73	D3764.contig2_18	156	0.0036
Myosin_tail_1	PF01576.19	1081	D3764.contig2_18	156	0.0049
DUF2681	PF10883.8	87	D3764.contig2_18	156	0.0056
Phage_lysozyme	PF00959.19	109	D3764.contig2_19	159	3.7e-23
Phage_holin_3_1	PF05106.12	99	D3764.contig2_20	108	6.1e-28
Antiterm	PF03589.13	87	D3764.contig2_21	208	1.4e-54
Antiterm	PF03589.13	87	D3764.contig2_21	208	1.4e-54
DnaJ_CXXCXGXG	PF00684.19	67	D3764.contig2_21	208	0.00031
RNHCP	PF12647.7	90	D3764.contig2_21	208	0.013
Phage_NinH	PF06322.11	60	D3764.contig2_22	63	1.3e-29
HTH_8	PF02954.19	42	D3764.contig2_22	63	0.0092
RusA	PF05866.11	124	D3764.contig2_23	121	8.9e-18
DUF1364	PF07102.12	92	D3764.contig2_24	97	1.2e-43
GNAT_C	PF18164.1	154	D3764.contig2_25	71	0.0035
DUF4973	PF16343.5	130	D3764.contig2_25	71	0.015
NinF	PF05810.12	58	D3764.contig2_26	59	3.8e-33
DZR	PF12773.7	49	D3764.contig2_26	59	0.0086
NinB	PF05772.12	131	D3764.contig2_28	137	2.1e-53
Toprim_2	PF13155.6	90	D3764.contig2_32	627	1.3e-11
AAA_25	PF13481.6	194	D3764.contig2_32	627	1.5e-06
DnaB_C	PF03796.15	255	D3764.contig2_32	627	4.3e-05
Toprim_4	PF13662.6	89	D3764.contig2_32	627	0.00038
ATPase	PF06745.13	231	D3764.contig2_32	627	0.0035
Phage_rep_O	PF04492.13	95	D3764.contig2_33	287	5.2e-36
DUF2740	PF10872.8	48	D3764.contig2_34	49	7.4e-31
DUF896	PF05979.12	64	D3764.contig2_34	49	0.035
Phage_CII	PF05269.11	91	D3764.contig2_35	100	2.5e-35
DUF3976	PF13121.6	41	D3764.contig2_35	100	0.0029
Peptidase_S24	PF00717.23	70	D3764.contig2_37	235	2e-10
Rad52_Rad22	PF04098.15	153	D3764.contig2_44	236	1.2e-24
SSB	PF00436.25	104	D3764.contig2_45	172	9.2e-40
SUIM_assoc	PF16619.5	64	D3764.contig2_45	172	0.0003
DUF5051	PF16473.5	166	D3764.contig2_46	183	2e-57
RNase_T	PF00929.24	165	D3764.contig2_46	183	0.0021
Omp_AT	PF11557.8	327	D3764.contig2_46	183	0.024
DUF2856	PF11043.8	97	D3764.contig2_47	99	9.1e-61
Ead_Ea22	PF13935.6	139	D3764.contig2_49	333	1e-35
DUF4428	PF14471.6	51	D3764.contig2_51	100	0.0041
zf-C4_ClpX	PF06689.13	39	D3764.contig2_51	100	0.015
Phage_integrase	PF00589.22	172	D3764.contig2_52	357	6.1e-36
Arm-DNA-bind_1	PF09003.10	74	D3764.contig2_52	357	8e-26
Phage_int_SAM_1	PF02899.17	84	D3764.contig2_52	357	7.8e-08
Phage_int_SAM_4	PF13495.6	85	D3764.contig2_52	357	2.7e-05
Head_binding	PF09008.10	113	D3764.contig2_53	902	2e-66
End_tail_spike	PF12219.8	160	D3764.contig2_53	902	7.6e-05
P22_AR_N	PF10547.9	114	D3764.contig2_54	299	1.4e-43
P22_AR_C	PF10548.9	73	D3764.contig2_54	299	2.6e-28
FlbD	PF06289.11	59	D3764.contig2_55	74	0.011
Arc	PF03869.14	50	D3764.contig2_56	51	1.6e-11
Arc	PF03869.14	50	D3764.contig2_57	84	6.7e-11
RHH_5	PF07878.11	43	D3764.contig2_57	84	0.0022
HicB	PF05534.12	51	D3764.contig2_57	84	0.0025
P63C	PF10546.9	93	D3764.contig2_58	94	5.6e-05
DUF3751	PF12571.8	150	D3764.contig3_1	272	0.00049
Helicase_PWI	PF18149.1	111	D3764.contig3_1	272	0.044
DUF2313	PF10076.9	163	D3764.contig3_2	211	5.1e-10
DUF2551	PF10826.8	83	D3764.contig3_2	211	0.002
Baseplate_J	PF04865.14	255	D3764.contig3_3	360	4.4e-49
DUF2634	PF10934.8	105	D3764.contig3_4	144	1.3e-30
DUF2577	PF10844.8	98	D3764.contig3_5	138	1.8e-21
LysM	PF01476.20	44	D3764.contig3_7	228	0.032
Phage_TAC_5	PF08890.11	136	D3764.contig3_9	143	1.2e-38
Tipalpha	PF16753.5	150	D3764.contig3_9	143	0.046
DUF2001	PF09393.10	139	D3764.contig3_10	165	1.3e-43
Phage_sheath_1C	PF17482.2	104	D3764.contig3_11	452	5e-15
Phage_sheath_1	PF04984.14	168	D3764.contig3_11	452	2.5e-13
Phage_sheath_1N	PF17481.2	104	D3764.contig3_11	452	2.7e-06
HK97-gp10_like	PF04883.12	81	D3764.contig3_14	173	2.3e-12
DUF3683	PF12447.8	114	D3764.contig3_16	123	0.0081
Phage_GP20	PF06810.11	149	D3764.contig3_18	205	2.3e-36
CHASE3	PF05227.13	138	D3764.contig3_18	205	0.0057
Phage_Mu_F	PF04233.14	112	D3764.contig3_19	341	1.6e-14
Phage_prot_Gp6	PF05133.14	420	D3764.contig3_20	472	3.3e-77
Terminase_3	PF04466.13	201	D3764.contig3_21	413	1.6e-49
Terminase_3C	PF17288.2	155	D3764.contig3_21	413	7.4e-26
Terminase_6C	PF17289.2	155	D3764.contig3_21	413	0.0018
Terminase_2	PF03592.16	140	D3764.contig3_22	148	2.2e-25
DUF1492	PF07374.11	100	D3764.contig3_23	143	1.7e-07
DUF3310	PF11753.8	60	D3764.contig3_24	183	4.7e-22
SNF2_N	PF00176.23	350	D3764.contig3_25	456	9.2e-24
ResIII	PF04851.15	171	D3764.contig3_25	456	3.9e-09
DEAD	PF00270.29	176	D3764.contig3_25	456	6.1e-06
Helicase_C	PF00271.31	111	D3764.contig3_25	456	4.6e-05
VRR_NUC	PF08774.11	108	D3764.contig3_26	111	2.1e-06
VirE	PF05272.11	198	D3764.contig3_27	807	1.6e-69
PcfJ	PF14284.6	144	D3764.contig3_28	558	5.1e-15
DUF1610	PF07754.11	24	D3764.contig3_28	558	0.026
DNA_pol_A	PF00476.20	376	D3764.contig3_30	645	5.9e-25
RNase_H_2	PF13482.6	166	D3764.contig3_30	645	0.039
DUF2815	PF10991.8	173	D3764.contig3_31	187	8.7e-49
YadA_head	PF05658.14	27	D3764.contig3_32	513	3.5e-16
YadA_head	PF05658.14	27	D3764.contig3_32	513	3.5e-16
YadA_head	PF05658.14	27	D3764.contig3_32	513	3.5e-16
YadA_head	PF05658.14	27	D3764.contig3_32	513	3.5e-16
YadA_stalk	PF05662.14	43	D3764.contig3_32	513	3.2e-09
YadA_anchor	PF03895.15	60	D3764.contig3_32	513	8.8e-09
Fib_alpha	PF08702.10	143	D3764.contig3_32	513	0.0056
DUF2800	PF10926.8	363	D3764.contig3_33	381	1.1e-132
PDDEXK_1	PF12705.7	255	D3764.contig3_33	381	9.7e-10
CRF-BP	PF05428.11	307	D3764.contig3_33	381	0.0025
HTH_17	PF12728.7	51	D3764.contig3_36	65	1.2e-09
MerR_1	PF13411.6	69	D3764.contig3_36	65	0.00094
HTH_26	PF13443.6	63	D3764.contig3_38	83	3.3e-07
HTH_31	PF13560.6	64	D3764.contig3_38	83	0.00028
HTH_3	PF01381.22	55	D3764.contig3_39	63	3.4e-09
HTH_31	PF13560.6	64	D3764.contig3_39	63	3.3e-07
HTH_19	PF12844.7	65	D3764.contig3_39	63	0.00047
HTH_3	PF01381.22	55	D3764.contig3_40	126	1.1e-06
HTH_26	PF13443.6	63	D3764.contig3_40	126	2.2e-06
BetR	PF08667.10	148	D3764.contig3_40	126	0.00084
HTH_19	PF12844.7	65	D3764.contig3_40	126	0.0011
Peptidase_M78	PF06114.13	123	D3764.contig3_41	92	0.00025
Herpes_UL14	PF03580.14	146	D3764.contig3_42	116	0.062
Phage_integrase	PF00589.22	172	D3764.contig3_43	358	9e-29
Phage_int_SAM_3	PF14659.6	58	D3764.contig3_43	358	3.7e-10
Phage_int_SAM_5	PF13102.6	99	D3764.contig3_43	358	1.5e-05
ATG16	PF08614.11	200	D3764.contig3_44	158	0.00056
BST2	PF16716.5	91	D3764.contig3_44	158	0.0068
Amidase_3	PF01520.18	175	D3764.contig3_45	173	8e-34
Phage_holin_1	PF04531.13	82	D3764.contig3_46	111	0.02
Collagen	PF01391.18	60	D3764.contig3_48	416	8.4e-11
PqqD	PF05402.12	67	D3764.contig3_51	131	0.075
Phage_integrase	PF00589.22	172	D3764.contig3_52	282	8.5e-21
Phage_int_SAM_3	PF14659.6	58	D3764.contig3_52	282	4.8e-06
Phage_int_SAM_5	PF13102.6	99	D3764.contig3_52	282	0.00029
Phage_int_SAM_4	PF13495.6	85	D3764.contig3_52	282	0.0048
Stomoxyn	PF11585.8	42	D3764.contig3_52	282	0.0052
Phage_antiter_Q	PF06323.11	222	D3764.contig4_1	230	1.4e-86
RusA	PF05866.11	124	D3764.contig4_2	122	6e-16
DUF968	PF06147.11	200	D3764.contig4_3	376	1.1e-63
HNHc_6	PF16784.5	200	D3764.contig4_3	376	7.4e-08
DUF3488	PF11992.8	319	D3764.contig4_4	131	0.037
HOK_GEF	PF01848.16	42	D3764.contig4_5	71	4.1e-21
DUF4231	PF14015.6	105	D3764.contig4_5	71	0.028
DUF2977	PF11192.8	61	D3764.contig4_8	61	0.032
DUF977	PF06163.11	127	D3764.contig4_9	141	5.1e-33
Phage_rep_org_N	PF09681.10	121	D3764.contig4_10	357	0.0081
YdaT_toxin	PF06254.11	88	D3764.contig4_11	142	7.6e-09
DUF615	PF04751.14	154	D3764.contig4_11	142	0.042
P22_Cro	PF14549.6	60	D3764.contig4_12	81	3.5e-16
YdaS_antitoxin	PF15943.5	65	D3764.contig4_12	81	0.00026
Peptidase_S24	PF00717.23	70	D3764.contig4_13	213	5.6e-09
HTH_3	PF01381.22	55	D3764.contig4_13	213	2.6e-05
HTH_19	PF12844.7	65	D3764.contig4_13	213	0.0026
HTH_31	PF13560.6	64	D3764.contig4_13	213	0.0063
DUF1391	PF07151.12	48	D3764.contig4_14	79	5.4e-33
T2SSM	PF04612.12	160	D3764.contig4_16	73	0.011
BRE1	PF08647.11	95	D3764.contig4_16	73	0.013
SLATT_5	PF18160.1	192	D3764.contig4_17	152	0.0026
DicB	PF05358.11	62	D3764.contig4_18	63	2.6e-41
DUF1482	PF07358.11	57	D3764.contig4_19	63	1.4e-22
DUF5051	PF16473.5	166	D3764.contig4_20	809	6.4e-54
Exonuc_VIII	PF06630.11	192	D3764.contig4_20	809	1.3e-25
RNase_T	PF00929.24	165	D3764.contig4_20	809	0.00075
DUF4224	PF13986.6	45	D3764.contig4_21	68	1.5e-17
Phage_integrase	PF00589.22	172	D3764.contig4_22	342	2.9e-10
Phage_int_SAM_4	PF13495.6	85	D3764.contig4_22	342	1e-07
Phage_int_SAM_3	PF14659.6	58	D3764.contig4_22	342	6.2e-05
Phage_int_SAM_1	PF02899.17	84	D3764.contig4_22	342	0.0053
DUF4094	PF13334.6	88	D3764.contig4_24	235	7.3e-05
Peptidase_S74	PF13884.6	58	D3764.contig4_24	235	0.00019
phage_tail_N	PF08400.10	134	D3764.contig4_26	792	5.3e-67
CarboxypepD_reg	PF13620.6	82	D3764.contig4_26	792	1.3e-07
Ail_Lom	PF06316.11	199	D3764.contig4_27	200	1.5e-127
OMP_b-brl	PF13505.6	178	D3764.contig4_27	200	4.1e-22
OmpA_membrane	PF01389.17	183	D3764.contig4_27	200	0.0038
Phage-tail_3	PF13550.6	164	D3764.contig4_28	1160	1.9e-41
DUF3672	PF12421.8	133	D3764.contig4_28	1160	2.2e-40
DUF1983	PF09327.11	81	D3764.contig4_28	1160	1.6e-22
Y_Y_Y	PF07495.13	66	D3764.contig4_28	1160	0.0013
Lambda_tail_I	PF06805.12	86	D3764.contig4_29	191	1.2e-24
Phage_holin_3_6	PF07332.11	113	D3764.contig4_29	191	0.052
NLPC_P60	PF00877.19	105	D3764.contig4_30	200	4.5e-14
Prok-JAB	PF14464.6	118	D3764.contig4_30	200	0.0001
Phage_tail_L	PF05100.12	206	D3764.contig4_31	233	1.2e-97
Phage_min_tail	PF05939.13	108	D3764.contig4_32	114	2.9e-31
Phage_HK97_TLTM	PF06120.11	288	D3764.contig4_33	1076	2.4e-100
Tape_meas_lam_C	PF09718.10	76	D3764.contig4_33	1076	8.4e-15
DUF4035	PF13227.6	55	D3764.contig4_34	97	1.8e-16
Phage_TAC_1	PF06222.11	127	D3764.contig4_35	124	1.8e-56
Ig_2	PF13895.6	79	D3764.contig4_36	252	2.9e-06
Ig_3	PF13927.6	79	D3764.contig4_36	252	6.5e-06
Phage_TTP_12	PF16461.5	134	D3764.contig4_36	252	2.1e-05
I-set	PF07679.16	90	D3764.contig4_36	252	0.0034
SprB	PF13573.6	37	D3764.contig4_36	252	0.0061
DUF3168	PF11367.8	117	D3764.contig4_37	115	6e-11
HK97-gp10_like	PF04883.12	81	D3764.contig4_38	149	3.6e-12
Phage_H_T_join	PF05521.11	96	D3764.contig4_39	113	1e-17
Phage_connect_1	PF05135.13	99	D3764.contig4_40	102	6.7e-14
Phage_capsid	PF05065.13	280	D3764.contig4_42	402	1.8e-77
CENP-F_leu_zip	PF10473.9	140	D3764.contig4_42	402	0.0022
Tektin	PF03148.14	383	D3764.contig4_42	402	0.0025
Peptidase_S78	PF04586.17	163	D3764.contig4_43	217	9.4e-31
Phage_portal	PF04860.12	314	D3764.contig4_44	414	3.2e-98
Terminase_1	PF03354.15	468	D3764.contig4_46	586	3.4e-85
Terminase_4	PF05119.12	99	D3764.contig4_47	155	1.1e-24
MutL_C	PF08676.11	147	D3764.contig4_47	155	0.052
DUF4197	PF13852.6	201	D3764.contig5_1	94	0.026
Amidase_2	PF01510.25	126	D3764.contig5_2	193	4.9e-06
Aph-1	PF06105.12	231	D3764.contig5_3	59	0.022
Phage_holin_4_1	PF05105.12	114	D3764.contig5_4	173	1.8e-06
Phage_T7_tail	PF03906.14	157	D3764.contig5_7	538	0.0027
ART-PolyVal	PF18760.1	137	D3764.contig5_8	2742	0.15
Transglycosylas	PF06737.14	77	D3764.contig5_9	868	2.6e-05
Mt_ATP-synt_B	PF05405.14	163	D3764.contig5_9	868	0.00036
SLT	PF01464.20	117	D3764.contig5_9	868	0.00069
DUF2833	PF11090.8	86	D3764.contig5_11	159	0.00011
Tube	PF17212.3	169	D3764.contig5_13	197	7.3e-07
Head-tail_con	PF12236.8	481	D3764.contig5_18	579	5.5e-133
SUKH-4	PF14435.6	173	D3764.contig5_18	579	0.0065
Helicase_RecD	PF05127.14	177	D3764.contig5_20	481	0.0087
HTH_23	PF13384.6	50	D3764.contig5_21	208	4.4e-05
HTH_Tnp_1_2	PF13022.6	123	D3764.contig5_21	208	6e-05
Terminase_5	PF06056.12	58	D3764.contig5_21	208	0.00041
GP3_package	PF16677.5	113	D3764.contig5_21	208	0.00052
HTH_17	PF12728.7	51	D3764.contig5_21	208	0.0021
HTH_Tnp_1	PF01527.20	75	D3764.contig5_21	208	0.0041
Sigma70_r4_2	PF08281.12	54	D3764.contig5_22	170	0.0049
DUF722	PF05263.11	129	D3764.contig5_22	170	0.0091
RusA	PF05866.11	124	D3764.contig5_24	151	8.5e-31
SSB	PF00436.25	104	D3764.contig5_25	135	3.2e-20
DUF3310	PF11753.8	60	D3764.contig5_26	93	6.7e-14
DnaB_2	PF07261.11	74	D3764.contig5_30	264	3.3e-09
RecT	PF03837.14	199	D3764.contig5_31	112	6.5e-13
RSB_motif	PF16294.5	102	D3764.contig5_31	112	0.037
GIY-YIG	PF01541.24	78	D3764.contig5_32	189	2.6e-08
NUMOD3	PF07460.11	37	D3764.contig5_32	189	0.003
Fe_dep_repress	PF01325.19	60	D3764.contig5_32	189	0.01
RecT	PF03837.14	199	D3764.contig5_33	109	1.8e-18
YqaJ	PF09588.10	148	D3764.contig5_34	313	4.3e-31
NDUF_B12	PF08122.12	56	D3764.contig5_35	66	0.1
HTH_Tnp_1_2	PF13022.6	123	D3764.contig6_2	149	6.4e-07
HTH_23	PF13384.6	50	D3764.contig6_2	149	5.7e-06
HTH_29	PF13551.6	63	D3764.contig6_2	149	0.0018
Phage_Nu1	PF07471.12	164	D3764.contig6_2	149	0.0023
DUF1492	PF07374.11	100	D3764.contig6_3	151	0.00037
Peptidase_M54	PF07998.11	194	D3764.contig6_7	121	0.049
PAW	PF04721.17	198	D3764.contig6_8	96	0.049
DUF4406	PF14359.6	91	D3764.contig6_9	111	6.5e-09
RusA	PF05866.11	124	D3764.contig6_10	196	2.3e-20
AAA_25	PF13481.6	194	D3764.contig6_11	694	3.4e-35
PriCT_2	PF08707.11	77	D3764.contig6_11	694	1.3e-19
AAA_24	PF13479.6	197	D3764.contig6_11	694	0.0052
HTH_22	PF13309.6	63	D3764.contig6_11	694	0.0084
ResIII	PF04851.15	171	D3764.contig6_12	531	3.7e-31
Helicase_C	PF00271.31	111	D3764.contig6_12	531	1.1e-15
SWI2_SNF2	PF18766.1	224	D3764.contig6_12	531	2.9e-13
DEAD	PF00270.29	176	D3764.contig6_12	531	5.3e-11
AAA_30	PF13604.6	192	D3764.contig6_12	531	9.7e-07
DUF2075	PF09848.9	363	D3764.contig6_12	531	0.00028
AAA	PF00004.29	132	D3764.contig6_12	531	0.00028
AAA_22	PF13401.6	137	D3764.contig6_12	531	0.00062
Flavi_DEAD	PF07652.14	148	D3764.contig6_12	531	0.0017
AAA_24	PF13479.6	197	D3764.contig6_14	364	9.3e-66
AAA_23	PF13476.6	200	D3764.contig6_15	439	9.2e-12
AAA_15	PF13175.6	369	D3764.contig6_15	439	2.3e-09
SMC_N	PF02463.19	220	D3764.contig6_15	439	5.3e-09
AAA_29	PF13555.6	61	D3764.contig6_15	439	1.4e-05
AAA_21	PF13304.6	303	D3764.contig6_15	439	0.0027
DUF2303	PF10065.9	267	D3764.contig6_16	240	3.7e-06
DUF3577	PF12101.8	133	D3764.contig6_16	240	0.019
HTH_17	PF12728.7	51	D3764.contig6_19	101	1.4e-09
HTH_23	PF13384.6	50	D3764.contig6_19	101	0.0057
Sigma70_r4_2	PF08281.12	54	D3764.contig6_19	101	0.0071
DUF3470	PF11953.8	42	D3764.contig6_21	81	0.02
HTH_26	PF13443.6	63	D3764.contig6_22	129	4.8e-08
HTH_19	PF12844.7	65	D3764.contig6_22	129	1.3e-07
HTH_3	PF01381.22	55	D3764.contig6_22	129	1.1e-06
HTH_31	PF13560.6	64	D3764.contig6_22	129	0.00062
Phage_CI_repr	PF07022.13	65	D3764.contig6_22	129	0.0026
SlyX	PF04102.12	67	D3764.contig6_23	110	0.00018
DUF4446	PF14584.6	150	D3764.contig6_23	110	0.00085
Gp58	PF07902.11	594	D3764.contig6_23	110	0.0014
DUF1664	PF07889.12	124	D3764.contig6_23	110	0.0016
DUF4164	PF13747.6	89	D3764.contig6_23	110	0.003
FemAB	PF02388.16	405	D3764.contig6_23	110	0.0033
HemX	PF04375.14	338	D3764.contig6_23	110	0.0033
Peptidase_M78	PF06114.13	123	D3764.contig6_24	94	4.1e-07
Phage_integrase	PF00589.22	172	D3764.contig6_25	351	4.6e-18
Arm-DNA-bind_4	PF14657.6	46	D3764.contig6_25	351	1.6e-06
Phage_int_SAM_3	PF14659.6	58	D3764.contig6_25	351	9.7e-06
SprT-like	PF10263.9	113	D3764.contig6_27	127	1.9e-08
Pectate_lyase_3	PF12708.7	215	D3764.contig6_33	841	5.8e-07
T6SS_HCP	PF05638.12	129	D3764.contig7_2	128	0.07
ABC_tran_CTD	PF16326.5	69	D3764.contig7_4	65	0.013
PspB	PF06667.12	73	D3764.contig7_4	65	0.037
Allene_ox_cyc	PF06351.11	175	D3764.contig7_5	122	0.045
AT_hook	PF02178.19	13	D3764.contig7_7	323	0.032
DNA_pol_B_exo1	PF03104.19	337	D3764.contig7_8	626	2.9e-07
DNA_pol_B	PF00136.21	459	D3764.contig7_8	626	0.0036
RPA	PF10134.9	229	D3764.contig7_10	749	0.027
DUF2499	PF10693.9	89	D3764.contig7_13	250	0.015
Pectate_lyase_3	PF12708.7	215	D3764.contig7_18	802	1.1e-07
DUF1959	PF09218.10	116	D3764.contig8_4	167	0.017
Glyco_hydro_18	PF00704.28	312	D3764.contig8_5	322	0.01
DNA_gyraseB	PF00204.25	174	D3764.contig8_6	772	1.4e-26
Toprim	PF01751.22	103	D3764.contig8_6	772	1e-11
HATPase_c	PF02518.26	112	D3764.contig8_6	772	1.3e-11
DNA_gyraseB_C	PF00986.21	63	D3764.contig8_6	772	1.3e-09
HATPase_c_3	PF13589.6	137	D3764.contig8_6	772	5.9e-07
dUTPase	PF00692.19	129	D3764.contig8_8	153	2.6e-18
DNA_topoisoIV	PF00521.20	426	D3764.contig8_10	785	1e-89
DNA_gyraseA_C	PF03989.13	48	D3764.contig8_10	785	6.4e-16
DNA_gyraseA_C	PF03989.13	48	D3764.contig8_10	785	6.4e-16
DNA_gyraseA_C	PF03989.13	48	D3764.contig8_10	785	6.4e-16
Peptidase_C8	PF03569.13	208	D3764.contig8_14	221	0.019
CCDC92	PF14916.6	57	D3764.contig8_15	115	0.0035
BRE1	PF08647.11	95	D3764.contig8_15	115	0.0047
Glucosaminidase	PF01832.20	87	D3764.contig8_23	269	2.2e-10
TT_ORF1	PF02956.14	525	D3764.contig8_23	269	0.023
Tubulin	PF00091.25	197	D3764.contig8_24	396	2.8e-05
RecA	PF00154.21	263	D3764.contig8_26	405	0.00029
AAA_25	PF13481.6	194	D3764.contig8_26	405	0.00063
ATPase	PF06745.13	231	D3764.contig8_26	405	0.0024
AAA_29	PF13555.6	61	D3764.contig8_26	405	0.0045
AAA_22	PF13401.6	137	D3764.contig8_26	405	0.013
RNA_pol_Rpb2_6	PF00562.28	390	D3764.contig8_27	505	4.5e-17
DUF4304	PF14137.6	117	D3764.contig8_27	505	0.04
Lactamase_B	PF00753.27	197	D3764.contig9_1	616	2.3e-05
Phage_fiber_2	PF03406.13	42	D3764.contig9_1	616	0.017
Phage_TAC_3	PF06896.11	115	D3764.contig9_4	324	0.04
Cas_Cas4	PF01930.17	162	D3764.contig9_5	228	3.9e-06
PDDEXK_1	PF12705.7	255	D3764.contig9_5	228	0.0001
RWD	PF05773.22	116	D3764.contig9_12	262	0.042
DUF3865	PF12981.7	224	D3764.contig9_15	231	0.085
Adap_comp_sub	PF00928.21	264	D3764.contig9_18	159	0.019
DnaB_C	PF03796.15	255	D3764.contig9_21	657	2.4e-05
Lipoprotein_7	PF01540.16	353	D3764.contig9_21	657	0.013
Phage_gp53	PF11246.8	189	D3764.contig9_22	145	0.00021
SPK	PF04435.18	104	D3764.contig9_22	145	0.021
PIF1	PF05970.14	364	D3764.contig9_25	38	0.019
AAA_30	PF13604.6	192	D3764.contig9_25	38	0.042
Terminase_6C	PF17289.2	155	D3764.contig10_2	474	2.5e-06
Terminase_6	PF03237.15	215	D3764.contig10_2	474	5.9e-06
Phage_prot_Gp6	PF05133.14	420	D3764.contig10_3	461	8.4e-94
Phage_Mu_F	PF04233.14	112	D3764.contig10_4	534	7e-13
Ntox50	PF15542.6	93	D3764.contig10_4	534	4.2e-12
LSM	PF01423.22	67	D3764.contig10_5	61	0.015
DUF4389	PF14333.6	76	D3764.contig10_6	47	0.021
DUF4355	PF14265.6	125	D3764.contig10_7	191	4.4e-31
Rho_N	PF07498.12	43	D3764.contig10_9	58	1.4e-09
SAP	PF02037.27	35	D3764.contig10_9	58	0.00033
FeoA	PF04023.14	74	D3764.contig10_10	62	0.057
Phage_connect_1	PF05135.13	99	D3764.contig10_11	117	4.1e-08
HK97-gp10_like	PF04883.12	81	D3764.contig10_13	173	3.5e-08
Bromo_TP_like	PF17027.5	119	D3764.contig10_14	123	0.0095
CBM9_1	PF06452.11	185	D3764.contig10_14	123	0.015
Phage_tail_3	PF08813.11	165	D3764.contig10_15	139	1.4e-09
Phage_TTP_12	PF16461.5	134	D3764.contig10_15	139	9.3e-09
Apolipoprotein	PF01442.18	190	D3764.contig10_20	1465	0.00022
Gp58	PF07902.11	594	D3764.contig10_20	1465	0.00095
DivIC	PF04977.15	80	D3764.contig10_21	58	0.0019
Metal_resist	PF13801.6	126	D3764.contig10_21	58	0.0077
HALZ	PF02183.18	43	D3764.contig10_21	58	0.008
BLOC1_2	PF10046.9	96	D3764.contig10_23	92	0.012
DUF2730	PF10805.8	102	D3764.contig10_23	92	0.013
Phage_holin_6_1	PF09682.10	101	D3764.contig10_24	109	7.8e-12
Glyco_hydro_25	PF01183.20	178	D3764.contig10_25	330	1.4e-40
DUF4065	PF13274.6	114	D3764.contig10_26	139	2.5e-08
DUF4013	PF13197.6	168	D3764.contig10_27	300	0.00036
OrfB_IS605	PF01385.19	120	D3764.contig10_27	300	0.014
DUF4393	PF14337.6	192	D3764.contig11_4	273	1.3e-47
Lipase_GDSL_2	PF13472.6	179	D3764.contig11_5	1058	2.5e-09
DIOX_N	PF14226.6	118	D3764.contig11_6	66	0.015
BppU_N	PF10651.9	148	D3764.contig11_8	219	3e-13
Prophage_tail	PF06605.11	316	D3764.contig11_9	840	9.8e-20
NLPC_P60	PF00877.19	105	D3764.contig11_9	840	4.8e-18
Sipho_tail	PF05709.11	255	D3764.contig11_10	241	6.6e-15
SF-assemblin	PF06705.11	247	D3764.contig11_11	765	0.00045
MscS_porin	PF12795.7	238	D3764.contig11_11	765	0.0013
EzrA	PF06160.12	557	D3764.contig11_11	765	0.0031
zf-LITAF-like	PF10601.9	70	D3764.contig11_14	103	0.00064
Rad33	PF08730.10	165	D3764.contig11_15	111	0.0052
HK97-gp10_like	PF04883.12	81	D3764.contig11_16	143	0.00019
Phage_H_T_join	PF05521.11	96	D3764.contig11_17	115	8e-13
Phage_capsid	PF05065.13	280	D3764.contig11_19	396	1.6e-30
CLP_protease	PF00574.23	182	D3764.contig11_20	249	1.6e-22
SDH_sah	PF01972.16	286	D3764.contig11_20	249	1.6e-08
Phage_portal	PF04860.12	314	D3764.contig11_21	422	2.6e-78
DUF1056	PF06341.11	63	D3764.contig11_22	68	0.00068
Terminase_1	PF03354.15	468	D3764.contig11_23	566	2.6e-48
Terminase_4	PF05119.12	99	D3764.contig11_24	156	1e-10
SPATA24	PF15175.6	182	D3764.contig11_24	156	0.012
Phage_head_fibr	PF11133.8	277	D3764.contig12_2	524	1.1e-07
YpmT	PF17431.2	62	D3764.contig12_4	219	0.0091
DUF790	PF05626.11	387	D3764.contig12_4	219	0.0097
Phage_head_fibr	PF11133.8	277	D3764.contig12_6	296	0.11
Glyco_hydro_46	PF01374.18	210	D3764.contig12_7	207	0.003
DUF2793	PF10983.8	87	D3764.contig12_9	603	0.0076
DUF5394	PF17372.2	222	D3764.contig12_11	228	0.0026
HATPase_c_5	PF14501.6	101	D3764.contig12_16	59	0.014
CEP209_CC5	PF16574.5	128	D3764.contig13_1	89	0.0057
DUF641	PF04859.12	128	D3764.contig13_1	89	0.035
XhlA	PF10779.9	67	D3764.contig13_1	89	0.1
Phage_holin_1	PF04531.13	82	D3764.contig13_2	81	1.1e-05
SLATT_5	PF18160.1	192	D3764.contig13_2	81	0.016
Amidase_3	PF01520.18	175	D3764.contig13_3	311	2e-23
Resolvase	PF00239.21	146	D3764.contig13_4	197	3.1e-35
HTH_7	PF02796.15	45	D3764.contig13_4	197	0.0058
Death_2	PF14786.6	137	D3764.contig13_4	197	0.019
DUF4802	PF16060.5	65	D3764.contig13_5	42	0.069
RHH_1	PF01402.21	39	D3764.contig13_6	83	0.04
ALP_N	PF17989.1	147	D3764.contig13_7	305	2.5e-16
LCIB_C_CA	PF18599.1	222	D3764.contig13_7	305	0.012
DnaA_N	PF11638.8	64	D3764.contig13_8	412	2e-05
DnaB_2	PF07261.11	74	D3764.contig13_8	412	0.0025
FUR	PF01475.19	120	D3764.contig13_8	412	0.0036
HTH_3	PF01381.22	55	D3764.contig13_9	98	4.4e-16
HTH_19	PF12844.7	65	D3764.contig13_9	98	4.6e-13
HTH_26	PF13443.6	63	D3764.contig13_9	98	6.7e-08
HTH_31	PF13560.6	64	D3764.contig13_9	98	3.6e-06
YdaS_antitoxin	PF15943.5	65	D3764.contig13_9	98	0.00047
Phage_CI_repr	PF07022.13	65	D3764.contig13_9	98	0.0013
BetR	PF08667.10	148	D3764.contig13_9	98	0.0014
HTH_37	PF13744.6	80	D3764.contig13_9	98	0.0058
HTH_28	PF13518.6	52	D3764.contig13_9	98	0.0068
HTH_19	PF12844.7	65	D3764.contig13_10	90	1e-10
HTH_3	PF01381.22	55	D3764.contig13_10	90	4.3e-09
Sigma70_r4	PF04545.16	50	D3764.contig13_10	90	7.1e-06
HTH_31	PF13560.6	64	D3764.contig13_10	90	2.7e-05
HTH_37	PF13744.6	80	D3764.contig13_10	90	0.00025
HTH_26	PF13443.6	63	D3764.contig13_10	90	0.0004
HTH_25	PF13413.6	62	D3764.contig13_10	90	0.012
HTH_3	PF01381.22	55	D3764.contig13_11	122	4.2e-12
HTH_19	PF12844.7	65	D3764.contig13_11	122	2.4e-11
HTH_31	PF13560.6	64	D3764.contig13_11	122	2.8e-07
HTH_25	PF13413.6	62	D3764.contig13_11	122	0.0024
HTH_3	PF01381.22	55	D3764.contig13_13	72	1.1e-11
HTH_19	PF12844.7	65	D3764.contig13_13	72	1.1e-07
HTH_31	PF13560.6	64	D3764.contig13_13	72	0.00082
HTH_37	PF13744.6	80	D3764.contig13_13	72	0.0024
HTH_23	PF13384.6	50	D3764.contig13_13	72	0.0032
SpoOE-like	PF09388.10	42	D3764.contig13_14	42	9.7e-07
DnaB_C	PF03796.15	255	D3764.contig13_16	439	8.9e-100
DnaB	PF00772.21	103	D3764.contig13_16	439	9.8e-29
AAA_25	PF13481.6	194	D3764.contig13_16	439	2e-10
DUF2608	PF11019.8	246	D3764.contig13_16	439	0.00088
TrmB	PF01978.19	68	D3764.contig13_17	93	0.00013
MarR_2	PF12802.7	62	D3764.contig13_17	93	0.0017
YopX	PF09643.10	131	D3764.contig13_18	127	1.5e-06
ACPS	PF01648.20	114	D3764.contig13_20	40	0.072
SSB	PF00436.25	104	D3764.contig13_21	136	4.1e-29
RcsC	PF09456.10	91	D3764.contig13_28	87	0.093
tRNA-synt_2d	PF01409.20	245	D3764.contig13_33	75	0.043
Phage_int_SAM_4	PF13495.6	85	D3764.contig13_36	58	0.12
Phage_integrase	PF00589.22	172	D3764.contig13_37	188	2.7e-25
Parvo_NS1	PF01057.17	272	D3764.contig13_37	188	0.035
GP3_package	PF16677.5	113	D3764.contig13_38	159	0.0032
GerE	PF00196.19	57	D3764.contig13_38	159	0.0079
HNH	PF01844.23	47	D3764.contig13_39	128	0.002
TraG_N	PF07916.11	467	D3764.contig14_3	515	1.2e-82
DUF3742	PF12553.8	121	D3764.contig14_4	128	6.6e-08
Glyco_trans_2_3	PF13632.6	197	D3764.contig14_4	128	0.052
MPTase-PolyVal	PF18818.1	126	D3764.contig14_6	321	9.9e-45
DUF1738	PF08401.11	128	D3764.contig14_6	321	2.2e-33
EpmC	PF04315.12	163	D3764.contig14_6	321	0.0022
Tox-MPTase3	PF15639.6	137	D3764.contig14_6	321	0.008
TraI_2	PF07514.11	327	D3764.contig14_8	574	1.1e-113
TraI_2_C	PF07515.11	121	D3764.contig14_8	574	4.9e-47
AAA_21	PF13304.6	303	D3764.contig14_9	989	3.7e-10
SMC_N	PF02463.19	220	D3764.contig14_9	989	1e-07
HEPN_Apea	PF18739.1	102	D3764.contig14_10	357	5.2e-05
DUF4145	PF13643.6	88	D3764.contig14_11	202	0.00027
rve	PF00665.26	119	D3764.contig14_12	505	1.4e-19
HTH_23	PF13384.6	50	D3764.contig14_12	505	0.005
IstB_IS21	PF01695.17	178	D3764.contig14_13	252	2.2e-67
IstB_IS21_ATP	PF08483.11	29	D3764.contig14_13	252	6.1e-15
Bac_DnaA	PF00308.18	219	D3764.contig14_13	252	0.00017
AAA_22	PF13401.6	137	D3764.contig14_13	252	0.00046
AAA_25	PF13481.6	194	D3764.contig14_13	252	0.0012
AAA	PF00004.29	132	D3764.contig14_13	252	0.002
PhoH	PF02562.16	205	D3764.contig14_13	252	0.0029
HD_2	PF12917.7	182	D3764.contig15_2	84	2e-18
CitMHS	PF03600.16	300	D3764.contig15_3	611	3.2e-58
CitMHS	PF03600.16	300	D3764.contig15_3	611	3.2e-58
TrkA_C	PF02080.21	70	D3764.contig15_3	611	1.2e-25
TrkA_C	PF02080.21	70	D3764.contig15_3	611	1.2e-25
Na_sulph_symp	PF00939.19	472	D3764.contig15_3	611	2.5e-21
Na_sulph_symp	PF00939.19	472	D3764.contig15_3	611	2.5e-21
Na_sulph_symp	PF00939.19	472	D3764.contig15_3	611	2.5e-21
DctM	PF06808.12	416	D3764.contig15_3	611	1.1e-07
HAD_2	PF13419.6	178	D3764.contig15_4	217	8.1e-27
Hydrolase	PF00702.26	210	D3764.contig15_4	217	7.5e-17
HAD	PF12710.7	188	D3764.contig15_4	217	2.5e-10
Hydrolase_like	PF13242.6	75	D3764.contig15_4	217	5.5e-06
Hydrolase_6	PF13344.6	101	D3764.contig15_4	217	4.1e-05
YfbU	PF03887.14	166	D3764.contig15_5	165	2.9e-69
DUF412	PF04217.13	141	D3764.contig15_6	152	2.1e-56
Acetate_kinase	PF00871.17	390	D3764.contig15_7	141	1.3e-45
Acetate_kinase	PF00871.17	390	D3764.contig15_8	245	6.6e-116
BcrAD_BadFG	PF01869.20	267	D3764.contig15_8	245	0.0093
PTA_PTB	PF01515.19	319	D3764.contig15_9	715	2.4e-129
AAA_26	PF13500.6	198	D3764.contig15_9	715	1.3e-51
DRTGG	PF07085.12	105	D3764.contig15_9	715	2.9e-30
DcuC	PF03606.15	465	D3764.contig15_10	493	4.5e-164
SCFA_trans	PF02667.14	453	D3764.contig15_10	493	0.0013
NUDIX	PF00293.28	131	D3764.contig15_11	181	2.5e-18
NUDIX_4	PF14815.6	110	D3764.contig15_11	181	0.004
Metallophos_2	PF12850.7	165	D3764.contig15_12	184	1.2e-25
Metallophos	PF00149.28	204	D3764.contig15_12	184	7.7e-12
GST_C_4	PF14834.6	117	D3764.contig15_13	215	2.9e-71
GST_N_3	PF13417.6	75	D3764.contig15_13	215	4.1e-12
GST_N	PF02798.20	76	D3764.contig15_13	215	4.3e-12
GST_N_2	PF13409.6	70	D3764.contig15_13	215	2.5e-08
GST_N_4	PF17172.4	99	D3764.contig15_13	215	0.0018
GST_N	PF02798.20	76	D3764.contig15_14	216	8.6e-15
GST_N_3	PF13417.6	75	D3764.contig15_14	216	3.6e-11
GST_C	PF00043.25	93	D3764.contig15_14	216	6.9e-11
GST_N_2	PF13409.6	70	D3764.contig15_14	216	3.8e-10
GST_C_2	PF13410.6	69	D3764.contig15_14	216	8.3e-08
GST_C_3	PF14497.6	99	D3764.contig15_14	216	9.5e-08
FolB	PF02152.18	111	D3764.contig15_15	121	2.6e-25
SAVED	PF18145.1	191	D3764.contig15_15	121	0.049
Epimerase	PF01370.21	241	D3764.contig15_16	298	3.7e-22
DUF1731	PF08338.11	47	D3764.contig15_16	298	1.8e-18
NAD_binding_10	PF13460.6	184	D3764.contig15_16	298	6.3e-10
GDP_Man_Dehyd	PF16363.5	332	D3764.contig15_16	298	2.6e-08
NmrA	PF05368.13	233	D3764.contig15_16	298	8.6e-05
NAD_binding_4	PF07993.12	257	D3764.contig15_16	298	0.00015
F420_oxidored	PF03807.17	97	D3764.contig15_16	298	0.0036
ABC_tran	PF00005.27	137	D3764.contig15_17	258	9.9e-34
AAA_21	PF13304.6	303	D3764.contig15_17	258	4.7e-12
AAA_21	PF13304.6	303	D3764.contig15_17	258	4.7e-12
SMC_N	PF02463.19	220	D3764.contig15_17	258	2.9e-08
AAA_15	PF13175.6	369	D3764.contig15_17	258	0.00013
AAA_29	PF13555.6	61	D3764.contig15_17	258	0.00047
AAA_16	PF13191.6	170	D3764.contig15_17	258	0.0049
BPD_transp_1	PF00528.22	185	D3764.contig15_18	239	2.3e-15
Stevor	PF17410.2	275	D3764.contig15_18	239	0.031
BPD_transp_1	PF00528.22	185	D3764.contig15_19	229	3.2e-23
SBP_bac_3	PF00497.20	225	D3764.contig15_20	261	1.9e-63
Lig_chan-Glu_bd	PF10613.9	115	D3764.contig15_20	261	5.8e-05
NMT1	PF09084.11	216	D3764.contig15_20	261	0.00039
SBP_bac_3	PF00497.20	225	D3764.contig15_21	84	9.7e-13
DUF2313	PF10076.9	163	D3764.contig16_2	209	2.3e-21
eIF3_N	PF09440.10	133	D3764.contig16_2	209	0.021
Baseplate_J	PF04865.14	255	D3764.contig16_3	352	6.2e-62
DUF2634	PF10934.8	105	D3764.contig16_4	144	3.7e-27
DUF2577	PF10844.8	98	D3764.contig16_5	146	1.1e-12
PhageMin_Tail	PF10145.9	198	D3764.contig16_9	800	3e-40
Phage_TAC_5	PF08890.11	136	D3764.contig16_10	136	2e-17
DUF2001	PF09393.10	139	D3764.contig16_11	145	5.2e-46
LTD	PF00932.19	112	D3764.contig16_11	145	0.029
Phage_sheath_1	PF04984.14	168	D3764.contig16_12	382	9e-16
Phage_sheath_1C	PF17482.2	104	D3764.contig16_12	382	2.2e-15
HK97-gp10_like	PF04883.12	81	D3764.contig16_14	134	7.4e-06
Phage_H_T_join	PF05521.11	96	D3764.contig16_15	114	2e-12
Phage_connect_1	PF05135.13	99	D3764.contig16_16	102	3.6e-16
Phage_capsid	PF05065.13	280	D3764.contig16_17	384	7.4e-43
Peptidase_S78	PF04586.17	163	D3764.contig16_18	197	2.2e-39
Phage_portal	PF04860.12	314	D3764.contig16_19	431	1.1e-59
Terminase_1	PF03354.15	468	D3764.contig16_20	554	2.7e-76
Terminase_6	PF03237.15	215	D3764.contig16_20	554	0.0091
Phage_GPO	PF05929.11	272	D3764.contig17_1	217	1.1e-67
FliD_N	PF02465.18	97	D3764.contig17_1	217	0.00061
Phage_cap_P2	PF05125.12	326	D3764.contig17_2	350	4.2e-118
Phage_term_smal	PF05944.12	130	D3764.contig17_3	306	6.6e-42
Phage_GPL	PF05926.11	139	D3764.contig17_4	166	3.6e-45
Phage_tail_X	PF05489.12	60	D3764.contig17_5	67	2.6e-19
Phage_holin_2_3	PF16080.5	56	D3764.contig17_6	94	0.00077
Phenol_Hydrox	PF02332.18	230	D3764.contig17_6	94	0.0048
Phage_lysozyme	PF00959.19	109	D3764.contig17_7	184	6.9e-19
DUF2570	PF10828.8	108	D3764.contig17_8	132	4e-05
DUF4381	PF14316.6	146	D3764.contig17_8	132	0.0059
P2_Phage_GpR	PF06891.11	131	D3764.contig17_9	153	6.8e-34
Phage_tail_S	PF05069.13	148	D3764.contig17_10	214	2.7e-30
Phage_tail_S	PF05069.13	148	D3764.contig17_10	214	2.7e-30
Phage_base_V	PF04717.12	112	D3764.contig17_11	195	1.5e-34
Phage_spike	PF18715.1	54	D3764.contig17_11	195	2.4e-18
GPW_gp25	PF04965.14	95	D3764.contig17_12	123	2.3e-11
Baseplate_J	PF04865.14	255	D3764.contig17_13	300	3.6e-27
Tail_P2_I	PF09684.10	136	D3764.contig17_14	199	5.3e-43
Tail_spike_N	PF18668.1	70	D3764.contig17_15	708	8.1e-28
DUF3751	PF12571.8	150	D3764.contig17_17	388	1.1e-43
Phage_fiber_2	PF03406.13	42	D3764.contig17_17	388	4e-17
Phage_P2_GpU	PF06995.11	120	D3764.contig17_18	163	1.5e-38
PhageMin_Tail	PF10145.9	198	D3764.contig17_19	977	1e-45
Phage_P2_GpE	PF06528.12	37	D3764.contig17_20	59	2.2e-21
Phage_portal	PF04860.12	314	D3764.contig18_2	417	6.6e-45
Peptidase_S78	PF04586.17	163	D3764.contig18_3	201	9.1e-30
Phage_capsid	PF05065.13	280	D3764.contig18_4	393	1.9e-45
FlgN	PF05130.12	146	D3764.contig18_4	393	0.0061
Phage_connect_1	PF05135.13	99	D3764.contig18_6	98	9e-05
Phage_H_T_join	PF05521.11	96	D3764.contig18_7	115	1.6e-10
HK97-gp10_like	PF04883.12	81	D3764.contig18_8	153	8e-05
Phage_sheath_1C	PF17482.2	104	D3764.contig18_10	372	2.4e-20
DUF2001	PF09393.10	139	D3764.contig18_11	144	5.6e-40
Phage_TAC_5	PF08890.11	136	D3764.contig18_12	126	1.8e-05
Plk4_PB1	PF18190.1	108	D3764.contig18_14	221	0.035
DUF2577	PF10844.8	98	D3764.contig18_16	126	6e-15
DUF2634	PF10934.8	105	D3764.contig18_17	146	1.1e-22
Baseplate_J	PF04865.14	255	D3764.contig18_18	360	2.7e-63
DUF2313	PF10076.9	163	D3764.contig18_19	206	8.9e-09
DUF3751	PF12571.8	150	D3764.contig18_20	320	2.1e-05
Lipoprotein_9	PF03180.14	236	D3764.contig18_20	320	0.051
Phage_sheath_1	PF04984.14	168	D3764.contig19_1	203	1.5e-05
Phage_GPD	PF05954.11	304	D3764.contig19_2	385	1.9e-22
Ogr_Delta	PF04606.12	47	D3764.contig19_3	83	1.2e-16
zinc_ribbon_2	PF13240.6	23	D3764.contig19_4	111	2.4e-05
UPF0547	PF10571.9	26	D3764.contig19_4	111	8.1e-05
zf-ribbon_3	PF13248.6	26	D3764.contig19_4	111	0.00012
DZR	PF12773.7	49	D3764.contig19_4	111	0.00013
VasI	PF11319.8	184	D3764.contig19_5	299	5e-39
VasI	PF11319.8	184	D3764.contig19_5	299	5e-39
VasI	PF11319.8	184	D3764.contig19_5	299	5e-39
IalB	PF06776.12	134	D3764.contig19_5	299	0.0043
Phage_integrase	PF00589.22	172	D3764.contig19_6	327	1.2e-21
HTH_3	PF01381.22	55	D3764.contig19_7	103	2.1e-06
HTH_19	PF12844.7	65	D3764.contig19_7	103	1.4e-05
HTH_31	PF13560.6	64	D3764.contig19_7	103	5.4e-05
Phage_Cox	PF10743.9	87	D3764.contig19_8	91	4.3e-33
HTH_17	PF12728.7	51	D3764.contig19_8	91	0.052
DUF4761	PF15958.5	105	D3764.contig19_9	73	1.2e-05
DUF4754	PF15946.5	80	D3764.contig19_10	129	0.0096
DUF5051	PF16473.5	166	D3764.contig19_13	193	1.1e-45
MethyltransfD12	PF02086.15	260	D3764.contig19_14	323	2.5e-51
GspL_C	PF12693.7	158	D3764.contig19_16	51	0.077
Phage_GPA	PF05840.13	318	D3764.contig19_19	883	5.6e-104
AAA_21	PF13304.6	303	D3764.contig19_20	517	2.2e-21
AAA_21	PF13304.6	303	D3764.contig19_20	517	2.2e-21
AAA_15	PF13175.6	369	D3764.contig19_20	517	2.4e-11
SMC_N	PF02463.19	220	D3764.contig19_20	517	0.00071
HNH_4	PF13395.6	55	D3764.contig19_21	239	2.6e-07
HNH	PF01844.23	47	D3764.contig19_21	239	2.3e-06
HNH_5	PF14279.6	56	D3764.contig19_21	239	0.00089
DUF2001	PF09393.10	139	D3764.contig20_1	157	7.5e-52
Phage_sheath_1	PF04984.14	168	D3764.contig20_2	437	9.9e-32
Phage_sheath_1C	PF17482.2	104	D3764.contig20_2	437	5.6e-27
Phage_sheath_1N	PF17481.2	104	D3764.contig20_2	437	1.5e-14
HTH_38	PF13936.6	44	D3764.contig20_5	269	0.0029
HK97-gp10_like	PF04883.12	81	D3764.contig20_6	97	2.7e-15
bZIP_1	PF00170.21	64	D3764.contig20_9	78	0.0019
HAP1_N	PF04849.13	308	D3764.contig20_9	78	0.0024
ZapB	PF06005.12	71	D3764.contig20_9	78	0.0042
Csm1_N	PF18504.1	70	D3764.contig20_9	78	0.0075
Phage_GP20	PF06810.11	149	D3764.contig20_11	188	2.7e-17
Phage_Mu_F	PF04233.14	112	D3764.contig20_13	512	2.3e-15
Phage_prot_Gp6	PF05133.14	420	D3764.contig20_14	481	2.5e-112
Terminase_3	PF04466.13	201	D3764.contig20_15	418	1e-43
Terminase_3C	PF17288.2	155	D3764.contig20_15	418	1.1e-13
Terminase_6	PF03237.15	215	D3764.contig20_15	418	3.7e-05
HTH_23	PF13384.6	50	D3764.contig20_16	231	3.1e-06
HTH_28	PF13518.6	52	D3764.contig20_16	231	3.5e-06
Terminase_5	PF06056.12	58	D3764.contig20_16	231	0.00014
Sigma70_r4_2	PF08281.12	54	D3764.contig20_16	231	0.00044
HTH_Tnp_1	PF01527.20	75	D3764.contig20_16	231	0.012
DUF3275	PF11679.8	207	D3764.contig21_2	218	1.8e-74
DDE_Tnp_ISL3	PF01610.17	240	D3764.contig21_4	434	5.6e-70
zf-ISL3	PF14690.6	47	D3764.contig21_4	434	2.8e-08
HTH_Tnp_ISL3	PF13542.6	52	D3764.contig21_4	434	0.0011
SNF2_N	PF00176.23	350	D3764.contig21_8	747	2.6e-11
SNF2_N	PF00176.23	350	D3764.contig21_8	747	2.6e-11
ResIII	PF04851.15	171	D3764.contig21_8	747	3.8e-10
Helicase_C	PF00271.31	111	D3764.contig21_8	747	2.8e-05
PhoH	PF02562.16	205	D3764.contig21_8	747	0.002
DUF1664	PF07889.12	124	D3764.contig21_9	237	0.0061
Allexi_40kDa	PF05549.11	271	D3764.contig21_9	237	0.01
SLT	PF01464.20	117	D3764.contig21_11	186	0.00029
Glucosaminidase	PF01832.20	87	D3764.contig21_11	186	0.023
DUF2859	PF11072.8	149	D3764.contig21_12	168	6.1e-47
TraG-D_C	PF12696.7	126	D3764.contig21_14	645	8e-09
Ldh_2	PF02615.14	333	D3764.contig22_1	362	6.4e-114
DUF1471	PF07338.13	56	D3764.contig22_2	87	8.7e-17
zf-dskA_traR	PF01258.17	36	D3764.contig22_3	89	1.4e-12
DZR	PF12773.7	49	D3764.contig22_3	89	0.0054
zf-UBR	PF02207.20	70	D3764.contig22_3	89	0.007
PKHD_C	PF18331.1	43	D3764.contig22_4	225	1.3e-18
2OG-FeII_Oxy_3	PF13640.6	96	D3764.contig22_4	225	8e-15
2OG-FeII_Oxy	PF03171.20	101	D3764.contig22_4	225	0.0027
TonB_dep_Rec	PF00593.24	470	D3764.contig22_5	761	3.6e-53
Plug	PF07715.15	108	D3764.contig22_5	761	8.4e-20
DUF1471	PF07338.13	56	D3764.contig22_6	87	3.9e-18
Methyltransf_10	PF05971.12	299	D3764.contig22_7	309	1e-153
MTS	PF05175.14	169	D3764.contig22_7	309	4.5e-05
Methyltransf_23	PF13489.6	165	D3764.contig22_7	309	0.012
MS_channel	PF00924.18	206	D3764.contig22_8	742	6.3e-44
ABC_tran	PF00005.27	137	D3764.contig22_9	241	8.2e-37
AAA_21	PF13304.6	303	D3764.contig22_9	241	1.3e-12
AAA_21	PF13304.6	303	D3764.contig22_9	241	1.3e-12
SMC_N	PF02463.19	220	D3764.contig22_9	241	1e-08
AAA_16	PF13191.6	170	D3764.contig22_9	241	1.3e-05
AAA_23	PF13476.6	200	D3764.contig22_9	241	2.5e-05
AAA_29	PF13555.6	61	D3764.contig22_9	241	4.8e-05
AAA_22	PF13401.6	137	D3764.contig22_9	241	7.5e-05
RsgA_GTPase	PF03193.16	167	D3764.contig22_9	241	0.00027
BPD_transp_1	PF00528.22	185	D3764.contig22_10	220	6.4e-26
SBP_bac_3	PF00497.20	225	D3764.contig22_11	249	1e-70
Lig_chan-Glu_bd	PF10613.9	115	D3764.contig22_11	249	2.1e-13
NMT1	PF09084.11	216	D3764.contig22_11	249	0.0011
Phosphonate-bd	PF12974.7	243	D3764.contig22_11	249	0.0029
Ferritin	PF00210.24	142	D3764.contig22_12	108	1.2e-11
Tht1	PF04163.12	544	D3764.contig22_12	108	0.021
HTH_19	PF12844.7	65	D3764.contig23_1	47	0.00056
HTH_3	PF01381.22	55	D3764.contig23_1	47	0.0058
HTH_17	PF12728.7	51	D3764.contig23_2	105	6.6e-11
FNIP_C	PF14638.6	190	D3764.contig23_2	105	0.0059
Phg_2220_C	PF09524.10	74	D3764.contig23_3	252	2.4e-30
DnaB_C	PF03796.15	255	D3764.contig23_4	457	2.1e-20
DnaB	PF00772.21	103	D3764.contig23_4	457	1.3e-17
AAA_25	PF13481.6	194	D3764.contig23_4	457	4.5e-12
ATPase	PF06745.13	231	D3764.contig23_4	457	1.1e-08
Rad51	PF08423.11	255	D3764.contig23_4	457	2.1e-05
AAA_22	PF13401.6	137	D3764.contig23_4	457	0.00034
ERCC4	PF02732.15	156	D3764.contig23_7	166	1.8e-09
HTH_26	PF13443.6	63	D3764.contig23_9	70	2e-07
HTH_3	PF01381.22	55	D3764.contig23_9	70	1.7e-05
HTH_37	PF13744.6	80	D3764.contig23_9	70	5.1e-05
Phage_CI_repr	PF07022.13	65	D3764.contig23_9	70	0.00021
DUF739	PF05339.11	69	D3764.contig23_9	70	0.0028
HTH_36	PF13730.6	55	D3764.contig23_10	204	3.7e-07
LexA_DNA_bind	PF01726.16	65	D3764.contig23_10	204	0.00033
B-block_TFIIIC	PF04182.12	75	D3764.contig23_10	204	0.0013
HTH_34	PF13601.6	80	D3764.contig23_10	204	0.0019
ERF	PF04404.12	153	D3764.contig23_12	246	6.8e-39
DnaJ	PF00226.31	63	D3764.contig23_14	265	2.7e-06
PAH	PF02671.21	45	D3764.contig23_15	72	0.099
Jacalin	PF01419.17	133	D3764.contig23_16	190	0.018
MscS_porin	PF12795.7	238	D3764.contig23_17	145	0.0029
Sigma70_r4	PF04545.16	50	D3764.contig23_17	145	0.024
Phage_integrase	PF00589.22	172	D3764.contig23_18	381	2e-25
Phage_int_SAM_3	PF14659.6	58	D3764.contig23_18	381	1.2e-13
Phage_int_SAM_4	PF13495.6	85	D3764.contig23_18	381	0.0061
DUF3916	PF13079.6	151	D3764.contig23_18	381	0.017
HTH_3	PF01381.22	55	D3764.contig23_19	46	1.4e-08
HTH_19	PF12844.7	65	D3764.contig23_19	46	1e-07
HTH_31	PF13560.6	64	D3764.contig23_19	46	1.4e-05
HTH_37	PF13744.6	80	D3764.contig23_19	46	8.6e-05
HTH_38	PF13936.6	44	D3764.contig23_19	46	0.00032
HTH_25	PF13413.6	62	D3764.contig23_19	46	0.0012
HTH_36	PF13730.6	55	D3764.contig23_19	46	0.0037
HTH_23	PF13384.6	50	D3764.contig23_19	46	0.0039
HTH_26	PF13443.6	63	D3764.contig23_19	46	0.01
Phage_TAC_1	PF06222.11	127	D3764.contig24_1	95	4.4e-26
DUF4035	PF13227.6	55	D3764.contig24_2	102	1.7e-13
YebO	PF13974.6	80	D3764.contig24_3	78	1.3e-16
Phage_HK97_TLTM	PF06120.11	288	D3764.contig24_4	1129	2.1e-100
Tape_meas_lam_C	PF09718.10	76	D3764.contig24_4	1129	2.2e-13
DUF1833	PF08875.11	150	D3764.contig24_6	162	1.4e-43
Phage-tail_3	PF13550.6	164	D3764.contig24_8	1028	1.8e-06
Bac_transf	PF02397.16	184	D3764.contig24_10	197	1.3e-57
SLT	PF01464.20	117	D3764.contig25_2	735	5.6e-12
Transglycosylas	PF06737.14	77	D3764.contig25_2	735	0.0077
DUF2833	PF11090.8	86	D3764.contig25_4	170	5.3e-05
DUF2812	PF11193.8	110	D3764.contig25_6	213	0.087
Head-tail_con	PF12236.8	481	D3764.contig25_12	576	1.5e-130
YadA_anchor	PF03895.15	60	D3764.contig26_1	416	3.7e-12
YadA_head	PF05658.14	27	D3764.contig26_1	416	5.1e-09
YadA_head	PF05658.14	27	D3764.contig26_1	416	5.1e-09
YadA_head	PF05658.14	27	D3764.contig26_1	416	5.1e-09
YadA_head	PF05658.14	27	D3764.contig26_1	416	5.1e-09
YadA_stalk	PF05662.14	43	D3764.contig26_1	416	7.2e-09
IAT_beta	PF11924.8	276	D3764.contig26_1	416	0.003
YadA_stalk	PF05662.14	43	D3764.contig26_2	382	9.7e-12
YadA_anchor	PF03895.15	60	D3764.contig26_2	382	0.00045
Sigma70_r4	PF04545.16	50	D3764.contig26_4	257	1e-05
Sigma70_r4_2	PF08281.12	54	D3764.contig26_4	257	0.00031
MarR_2	PF12802.7	62	D3764.contig26_4	257	0.013
HHH_5	PF14520.6	57	D3764.contig26_6	403	0.00047
Radical_SAM	PF04055.21	167	D3764.contig27_2	342	2.3e-13
Fer4_12	PF13353.6	139	D3764.contig27_2	342	2.9e-07
Fer4_14	PF13394.6	118	D3764.contig27_2	342	7.1e-05
SCIFF	PF13165.6	44	D3764.contig27_4	200	0.0086
Radical_SAM	PF04055.21	167	D3764.contig27_5	452	2.5e-14
Fer4_12	PF13353.6	139	D3764.contig27_5	452	7.5e-10
Fer4_14	PF13394.6	118	D3764.contig27_5	452	2.6e-09
CTP_transf_3	PF02348.19	221	D3764.contig27_5	452	0.0021
SPASM	PF13186.6	68	D3764.contig27_5	452	0.0041
RNA_pol_Rpb1_2	PF00623.20	166	D3764.contig27_10	505	1.9e-10
DUF5618	PF18498.1	123	D3764.contig27_10	505	0.0066
Sipho_tail	PF05709.11	255	D3764.contig28_1	289	2.4e-26
TarH	PF02203.15	177	D3764.contig28_2	777	0.0069
Phage_Gp15	PF06854.11	170	D3764.contig28_3	204	1.6e-46
Mre11_DNA_bind	PF04152.14	169	D3764.contig28_5	176	0.014
Minor_capsid_3	PF12691.7	129	D3764.contig28_6	140	0.0028
Minor_capsid_2	PF11114.8	114	D3764.contig28_7	134	0.0022
DUF1543	PF07566.12	52	D3764.contig28_7	134	0.011
Phage_head_fibr	PF11133.8	277	D3764.contig28_10	105	9.9e-11
Collagen	PF01391.18	60	D3764.contig28_10	105	0.001
SelB-wing_2	PF09106.11	57	D3764.contig28_10	105	0.008
Collagen	PF01391.18	60	D3764.contig28_11	1004	8.5e-10
Sipho_tail	PF05709.11	255	D3764.contig28_12	231	5.9e-09
Phage_integrase	PF00589.22	172	D3764.contig29_1	337	3.9e-14
Phage_int_SAM_1	PF02899.17	84	D3764.contig29_1	337	5.6e-05
Phage_int_SAM_4	PF13495.6	85	D3764.contig29_1	337	0.00031
LysM	PF01476.20	44	D3764.contig29_2	112	3.2e-09
SfLAP	PF11139.8	214	D3764.contig29_2	112	0.074
LexA_DNA_bind	PF01726.16	65	D3764.contig29_3	224	6.7e-19
Peptidase_S24	PF00717.23	70	D3764.contig29_3	224	6.9e-18
HTH_36	PF13730.6	55	D3764.contig29_3	224	4.8e-07
MarR_2	PF12802.7	62	D3764.contig29_3	224	1.3e-05
HTH_24	PF13412.6	48	D3764.contig29_3	224	0.00064
HTH_5	PF01022.20	47	D3764.contig29_3	224	0.00069
HTH_IclR	PF09339.10	52	D3764.contig29_3	224	0.0018
RepL	PF05732.11	165	D3764.contig29_3	224	0.0072
SBF	PF01758.16	195	D3764.contig29_4	314	1.7e-40
SBF_like	PF13593.6	313	D3764.contig29_4	314	2.5e-17
Mem_trans	PF03547.18	387	D3764.contig29_4	314	0.0023
Pantoate_ligase	PF02569.15	266	D3764.contig29_5	281	7e-105
Asp_decarbox	PF02261.16	115	D3764.contig29_6	131	1.4e-53
Ter	PF05472.11	296	D3764.contig29_6	131	0.029
DHDPS	PF00701.22	289	D3764.contig29_7	296	6.8e-83
Semialdhyde_dhC	PF02774.18	184	D3764.contig29_8	344	8e-54
Semialdhyde_dh	PF01118.24	121	D3764.contig29_8	344	4.1e-33
DapB_N	PF01113.20	124	D3764.contig29_9	276	4.4e-35
DapB_C	PF05173.14	121	D3764.contig29_9	276	5.2e-32
NAD_binding_3	PF03447.16	117	D3764.contig29_9	276	1.8e-06
GFO_IDH_MocA	PF01408.22	120	D3764.contig29_9	276	5.7e-06
CoA_binding	PF02629.19	96	D3764.contig29_9	276	6.2e-06
Semialdhyde_dh	PF01118.24	121	D3764.contig29_9	276	9.5e-05
SMC_N	PF02463.19	220	D3764.contig29_10	555	1.8e-18
AAA_23	PF13476.6	200	D3764.contig29_10	555	1.7e-10
AAA_15	PF13175.6	369	D3764.contig29_10	555	6.9e-10
AAA_29	PF13555.6	61	D3764.contig29_10	555	5.1e-08
AAA_21	PF13304.6	303	D3764.contig29_10	555	1.4e-06
Arg_repressor_C	PF02863.18	68	D3764.contig29_11	152	1.2e-24
Arg_repressor	PF01316.21	70	D3764.contig29_11	152	2.3e-24
HTH_11	PF08279.12	55	D3764.contig29_11	152	0.027
SHOCT	PF09851.9	28	D3764.contig30_1	172	4e-09
DUF4429	PF14472.6	98	D3764.contig30_1	172	3.6e-08
GvpG	PF05120.12	80	D3764.contig30_1	172	8e-05
Phage_integrase	PF00589.22	172	D3764.contig30_2	376	4.4e-28
Phage_int_SAM_3	PF14659.6	58	D3764.contig30_2	376	1.5e-10
Arm-DNA-bind_4	PF14657.6	46	D3764.contig30_2	376	1.4e-08
DR2241	PF18069.1	111	D3764.contig30_3	166	0.055
DUF3440	PF11922.8	182	D3764.contig30_5	440	1.2e-32
DUF3440	PF11922.8	182	D3764.contig30_5	440	1.2e-32
PAPS_reduct	PF01507.19	174	D3764.contig30_5	440	3.9e-09
PAPS_reduct	PF01507.19	174	D3764.contig30_5	440	3.9e-09
ATP_bind_3	PF01171.20	182	D3764.contig30_5	440	0.0042
ParBc	PF02195.18	90	D3764.contig30_6	225	3.4e-12
SNF2_N	PF00176.23	350	D3764.contig30_8	483	7.5e-23
Helicase_C	PF00271.31	111	D3764.contig30_8	483	7.6e-16
ResIII	PF04851.15	171	D3764.contig30_8	483	7.5e-09
ERCC3_RAD25_C	PF16203.5	247	D3764.contig30_8	483	7.4e-07
AAA_22	PF13401.6	137	D3764.contig30_8	483	1e-05
MazE_antitoxin	PF04014.18	46	D3764.contig30_9	61	0.0016
Amidase_2	PF01510.25	126	D3764.contig30_11	255	5.3e-14
Legionella_OMP	PF05150.12	285	D3764.contig30_11	255	0.013
Phage_holin_1	PF04531.13	82	D3764.contig30_12	66	3.2e-07
XhlA	PF10779.9	67	D3764.contig30_13	78	1.7e-16
TssO	PF17561.2	148	D3764.contig30_13	78	0.0072
DUF16	PF01519.16	104	D3764.contig30_13	78	0.0085
adh_short	PF00106.25	195	D3764.contig31_1	146	1.5e-37
adh_short_C2	PF13561.6	234	D3764.contig31_1	146	1.4e-26
KR	PF08659.10	180	D3764.contig31_1	146	2.2e-08
NAD_binding_10	PF13460.6	184	D3764.contig31_1	146	5.7e-08
RmlD_sub_bind	PF04321.17	287	D3764.contig31_1	146	1.1e-05
NmrA	PF05368.13	233	D3764.contig31_1	146	5.7e-05
Epimerase	PF01370.21	241	D3764.contig31_1	146	0.00011
AhpC-TSA	PF00578.21	124	D3764.contig31_2	166	1.3e-32
Redoxin	PF08534.10	147	D3764.contig31_2	166	7.1e-18
AhpC-TSA_2	PF13911.6	113	D3764.contig31_2	166	5.7e-08
SCO1-SenC	PF02630.14	134	D3764.contig31_2	166	0.0067
DUF1475	PF07343.11	236	D3764.contig31_3	112	1.1e-18
DUF1295	PF06966.12	235	D3764.contig31_4	268	8.2e-69
Steroid_dh	PF02544.16	150	D3764.contig31_4	268	3.5e-10
ICMT	PF04140.14	94	D3764.contig31_4	268	0.002
PEMT	PF04191.13	106	D3764.contig31_4	268	0.003
CMAS	PF02353.20	273	D3764.contig31_5	345	1.1e-38
Methyltransf_25	PF13649.6	97	D3764.contig31_5	345	5.9e-12
Methyltransf_23	PF13489.6	165	D3764.contig31_5	345	2.6e-11
Methyltransf_11	PF08241.12	96	D3764.contig31_5	345	3.3e-11
Methyltransf_31	PF13847.6	152	D3764.contig31_5	345	2.2e-10
MTS	PF05175.14	169	D3764.contig31_5	345	3.6e-10
Methyltransf_12	PF08242.12	99	D3764.contig31_5	345	7.4e-10
TehB	PF03848.14	193	D3764.contig31_5	345	1.3e-06
NodS	PF05401.11	201	D3764.contig31_5	345	3.8e-05
Methyltransf_4	PF02390.17	173	D3764.contig31_5	345	9.1e-05
PCMT	PF01135.19	210	D3764.contig31_5	345	0.0002
DUF938	PF06080.12	204	D3764.contig31_5	345	0.0019
SusD-like_2	PF12771.7	414	D3764.contig31_7	290	3.2e-16
SusD-like	PF12741.7	496	D3764.contig31_7	290	7.4e-07
DUF4397	PF14344.6	121	D3764.contig31_8	315	1.4e-14
DUF2461	PF09365.10	208	D3764.contig31_9	231	1.3e-69
Beta-lactamase	PF00144.24	330	D3764.contig31_10	444	2.9e-56
DUF3471	PF11954.8	103	D3764.contig31_10	444	0.00067
Beta_helix	PF13229.6	158	D3764.contig31_11	449	7.5e-09
Beta_helix	PF13229.6	158	D3764.contig31_11	449	7.5e-09
Prophage_tail	PF06605.11	316	D3764.contig32_1	1546	1.4e-28
SH3_3	PF08239.11	55	D3764.contig32_1	1546	6.6e-15
SH3_4	PF06347.13	56	D3764.contig32_1	1546	6.8e-07
Sipho_tail	PF05709.11	255	D3764.contig32_2	253	1.4e-06
PhageMin_Tail	PF10145.9	198	D3764.contig32_3	1077	1.1e-38
AI-2E_transport	PF01594.16	327	D3764.contig32_3	1077	0.003
UPF0181	PF03701.14	50	D3764.contig33_2	513	0.00048
Hint_2	PF13403.6	143	D3764.contig33_3	493	6.5e-07
Intein_splicing	PF14890.6	134	D3764.contig33_3	493	5.4e-05
Peptidase_C53	PF05550.11	168	D3764.contig33_6	474	0.055
DUF4043	PF13252.6	353	D3764.contig33_9	171	2.5e-21
DUF2815	PF10991.8	173	D3764.contig34_1	191	9.6e-70
DNA_pol_A	PF00476.20	376	D3764.contig34_2	653	1.9e-29
RNase_H_2	PF13482.6	166	D3764.contig34_2	653	0.0011
VirE	PF05272.11	198	D3764.contig34_3	806	1.7e-78
VRR_NUC	PF08774.11	108	D3764.contig34_5	109	1.1e-07
SNF2_N	PF00176.23	350	D3764.contig34_6	457	6.2e-21
ResIII	PF04851.15	171	D3764.contig34_6	457	1.1e-09
DEAD	PF00270.29	176	D3764.contig34_6	457	3.7e-07
Helicase_C	PF00271.31	111	D3764.contig34_6	457	0.0037
Sigma70_r4_2	PF08281.12	54	D3764.contig34_7	160	1.6e-06
HTH_23	PF13384.6	50	D3764.contig34_7	160	0.00064
Sigma70_r4	PF04545.16	50	D3764.contig34_7	160	0.0013
Bro-N	PF02498.17	95	D3764.contig34_8	151	1.6e-17
LysM	PF01476.20	44	D3764.contig35_2	219	2.2e-11
YTV	PF07639.11	43	D3764.contig35_2	219	0.021
Phage_P2_GpU	PF06995.11	120	D3764.contig35_2	219	0.035
DUF2577	PF10844.8	98	D3764.contig35_4	127	1.5e-08
DUF2634	PF10934.8	105	D3764.contig35_5	139	4.4e-24
Baseplate_J	PF04865.14	255	D3764.contig35_6	336	8.4e-65
DUF2793	PF10983.8	87	D3764.contig35_7	486	0.0019
DUF2313	PF10076.9	163	D3764.contig35_8	157	1e-22
AAA_23	PF13476.6	200	D3764.contig36_1	579	1.8e-05
ABC_tran	PF00005.27	137	D3764.contig36_1	579	2e-05
AAA_29	PF13555.6	61	D3764.contig36_1	579	0.00032
AAA_21	PF13304.6	303	D3764.contig36_1	579	0.00066
AAA_16	PF13191.6	170	D3764.contig36_1	579	0.00086
FtsK_SpoIIIE	PF01580.18	243	D3764.contig36_1	579	0.00098
AAA_27	PF13514.6	207	D3764.contig36_1	579	0.0013
Zn-ribbon_8	PF09723.10	40	D3764.contig36_6	85	0.00017
YqzH	PF14164.6	64	D3764.contig36_7	370	0.04
TRAM_2	PF18693.1	64	D3764.contig36_10	212	0.01
C-C_Bond_Lyase	PF15617.6	335	D3764.contig36_10	212	0.066
AAA_27	PF13514.6	207	D3764.contig37_2	119	0.097
DUF1233	PF06806.12	70	D3764.contig37_4	83	5.2e-34
Arm-DNA-bind_2	PF12167.8	65	D3764.contig37_5	431	1.4e-22
Phage_integrase	PF00589.22	172	D3764.contig37_5	431	6.1e-19
Phage_int_SAM_3	PF14659.6	58	D3764.contig37_5	431	0.00018
DinI	PF06183.13	63	D3764.contig37_6	89	1.1e-21
DUF1983	PF09327.11	81	D3764.contig37_9	501	3.6e-21
Glyco_hydro_66	PF13199.6	551	D3764.contig38_1	713	1.4e-111
YadA_stalk	PF05662.14	43	D3764.contig38_2	1199	1.7e-21
YadA_stalk	PF05662.14	43	D3764.contig38_2	1199	1.7e-21
YadA_stalk	PF05662.14	43	D3764.contig38_2	1199	1.7e-21
YadA_stalk	PF05662.14	43	D3764.contig38_2	1199	1.7e-21
YadA_head	PF05658.14	27	D3764.contig38_2	1199	1.9e-15
YadA_head	PF05658.14	27	D3764.contig38_2	1199	1.9e-15
YadA_head	PF05658.14	27	D3764.contig38_2	1199	1.9e-15
YadA_head	PF05658.14	27	D3764.contig38_2	1199	1.9e-15
YadA_head	PF05658.14	27	D3764.contig38_2	1199	1.9e-15
SLH	PF00395.20	45	D3764.contig38_2	1199	4.1e-10
YadA_anchor	PF03895.15	60	D3764.contig38_2	1199	2.3e-07
DHFR_1	PF00186.19	161	D3764.contig38_3	197	1.3e-23
RibD_C	PF01872.17	200	D3764.contig38_3	197	0.012
Thymidylat_synt	PF00303.19	268	D3764.contig38_4	280	1.1e-88
Phage_int_SAM_3	PF14659.6	58	D3764.contig39_1	77	3.9e-07
Med1	PF10744.9	415	D3764.contig39_1	77	0.076
DUF5597	PF18120.1	133	D3764.contig39_2	131	0.0023
Rho_Binding	PF08912.11	69	D3764.contig39_2	131	0.068
zf-RING_4	PF14570.6	48	D3764.contig39_3	57	0.023
Fucosidase_C	PF16757.5	90	D3764.contig39_4	113	0.11
Collagen	PF01391.18	60	D3764.contig39_5	425	9.2e-10
Tropomyosin	PF00261.20	237	D3764.contig39_6	113	0.0012
SH3BP5	PF05276.14	231	D3764.contig39_6	113	0.0033
Amidase_3	PF01520.18	175	D3764.contig39_8	173	1.3e-35
DUF3450	PF11932.8	241	D3764.contig39_9	163	0.0066
pXO2-72	PF17443.2	62	D3764.contig39_11	66	1.5e-06
HTH_17	PF12728.7	51	D3764.contig39_11	66	0.033
Phage_integrase	PF00589.22	172	D3764.contig39_12	388	1.9e-21
MobL	PF18555.1	388	D3764.contig39_13	168	0.0043
HTH_3	PF01381.22	55	D3764.contig39_15	133	7.8e-13
HTH_31	PF13560.6	64	D3764.contig39_15	133	2.5e-10
HTH_19	PF12844.7	65	D3764.contig39_15	133	3.2e-10
HTH_26	PF13443.6	63	D3764.contig39_15	133	6.1e-09
HTH_38	PF13936.6	44	D3764.contig39_15	133	0.00096
HTH_7	PF02796.15	45	D3764.contig39_15	133	0.002
AMA-1	PF02430.15	467	D3764.contig40_1	198	0.054
AAA_24	PF13479.6	197	D3764.contig40_3	370	8e-67
AAA_16	PF13191.6	170	D3764.contig40_3	370	0.0011
ResIII	PF04851.15	171	D3764.contig40_7	528	9e-30
Helicase_C	PF00271.31	111	D3764.contig40_7	528	9.8e-16
DEAD	PF00270.29	176	D3764.contig40_7	528	1.3e-10
SWI2_SNF2	PF18766.1	224	D3764.contig40_7	528	5.8e-10
AAA_30	PF13604.6	192	D3764.contig40_7	528	2.4e-05
AAA_25	PF13481.6	194	D3764.contig40_8	712	2.9e-32
PriCT_2	PF08707.11	77	D3764.contig40_8	712	2.9e-19
DUF1642	PF07852.11	138	D3764.contig41_1	99	0.0012
DUF2004	PF09406.10	106	D3764.contig41_1	99	0.0097
DUF1523	PF07509.11	176	D3764.contig41_3	61	0.018
DUF4446	PF14584.6	150	D3764.contig41_3	61	0.036
YjzC	PF14168.6	55	D3764.contig41_5	56	1.9e-13
SAND	PF01342.21	77	D3764.contig41_7	91	0.022
Phage_rep_org_N	PF09681.10	121	D3764.contig41_11	274	1.6e-45
DnaB_2	PF07261.11	74	D3764.contig41_11	274	6e-19
IstB_IS21	PF01695.17	178	D3764.contig41_13	257	1.3e-16
ResIII	PF04851.15	171	D3764.contig41_13	257	5.7e-05
RNA_helicase	PF00910.22	107	D3764.contig41_13	257	0.00015
DUF815	PF05673.13	250	D3764.contig41_13	257	0.00034
Bac_DnaA	PF00308.18	219	D3764.contig41_13	257	0.00064
AAA_5	PF07728.14	138	D3764.contig41_13	257	0.0014
AAA_14	PF13173.6	131	D3764.contig41_13	257	0.0019
ABC_tran_CTD	PF16326.5	69	D3764.contig41_14	62	0.002
DNA_methylase	PF00145.17	335	D3764.contig41_15	257	8e-07
DUF1642	PF07852.11	138	D3764.contig41_16	173	3.8e-29
Ehbp	PF10622.9	77	D3764.contig41_16	173	0.036
MazG	PF03819.17	74	D3764.contig41_18	116	2.1e-05
DUF3310	PF11753.8	60	D3764.contig41_20	93	2.2e-20
HTH_3	PF01381.22	55	D3764.contig41_21	109	2.8e-09
HTH_31	PF13560.6	64	D3764.contig41_21	109	3.6e-09
HTH_31	PF13560.6	64	D3764.contig41_21	109	3.6e-09
Gifsy-2	PF13856.6	99	D3764.contig42_1	98	5.5e-13
Minor_tail_Z	PF06763.11	190	D3764.contig42_2	184	1.7e-62
Phage_tail_U	PF06141.11	132	D3764.contig42_3	133	6.7e-48
Phage_TTP_12	PF16461.5	134	D3764.contig42_4	161	2.1e-55
Phage_tail_3	PF08813.11	165	D3764.contig42_4	161	0.00047
Phage_TAC_2	PF06894.11	126	D3764.contig42_5	132	4.4e-18
Phage_tail_T	PF06223.12	100	D3764.contig42_6	106	5.4e-35
TMP_2	PF06791.13	205	D3764.contig42_7	899	6e-62
Tape_meas_lam_C	PF09718.10	76	D3764.contig42_7	899	1.1e-08
DUF1833	PF08875.11	150	D3764.contig42_9	161	3.2e-40
Aldedh	PF00171.22	462	D3764.contig43_1	245	2.9e-62
LysR_substrate	PF03466.20	209	D3764.contig43_2	297	3.7e-41
HTH_1	PF00126.27	60	D3764.contig43_2	297	9.9e-18
SHOCT	PF09851.9	28	D3764.contig44_1	87	2.1e-07
LysM	PF01476.20	44	D3764.contig44_3	230	4.9e-08
NtCtMGAM_N	PF16863.5	116	D3764.contig44_3	230	0.0078
NLPC_P60	PF00877.19	105	D3764.contig44_4	626	2.6e-23
Amidase_5	PF05382.13	142	D3764.contig44_4	626	0.013
DUF2577	PF10844.8	98	D3764.contig44_5	87	2.5e-20
DUF2577	PF10844.8	98	D3764.contig44_5	87	2.5e-20
RPW8	PF05659.11	139	D3764.contig44_5	87	0.06
DUF2634	PF10934.8	105	D3764.contig44_6	140	1.4e-31
GPW_gp25	PF04965.14	95	D3764.contig44_6	140	0.0021
Baseplate_J	PF04865.14	255	D3764.contig44_7	346	5e-48
DegS	PF05384.11	159	D3764.contig44_7	346	0.0078
DUF2313	PF10076.9	163	D3764.contig44_8	35	0.0024
HTH_36	PF13730.6	55	D3764.contig45_1	323	1.8e-13
HTH_29	PF13551.6	63	D3764.contig45_1	323	6e-06
GntR	PF00392.21	64	D3764.contig45_1	323	6e-06
PaaX	PF07848.12	70	D3764.contig45_1	323	0.00014
RP-C	PF03428.13	175	D3764.contig45_1	323	0.00062
Cdc6_C	PF09079.11	84	D3764.contig45_1	323	0.0015
MarR_2	PF12802.7	62	D3764.contig45_1	323	0.0021
HTH_20	PF12840.7	61	D3764.contig45_2	107	0.023
HTH_3	PF01381.22	55	D3764.contig45_3	76	0.00045
YdaS_antitoxin	PF15943.5	65	D3764.contig45_3	76	0.022
Peptidase_S24	PF00717.23	70	D3764.contig45_4	230	6.4e-12
HTH_3	PF01381.22	55	D3764.contig45_4	230	3.2e-06
YdaS_antitoxin	PF15943.5	65	D3764.contig45_4	230	0.0043
UDPGP	PF01704.18	413	D3764.contig45_6	75	0.045
AP2	PF00847.20	54	D3764.contig45_8	220	0.0016
BNR	PF02012.20	12	D3764.contig45_11	74	0.038
MADF_DNA_bdg	PF10545.9	85	D3764.contig45_12	136	0.0031
Herpes_UL79	PF03049.14	254	D3764.contig45_12	136	0.03
ORF6N	PF10543.9	84	D3764.contig45_14	288	1.8e-20
Lar_restr_allev	PF14354.6	62	D3764.contig45_15	137	4.5e-11
DNAJ_related	PF12339.8	128	D3764.contig46_1	210	0.015
DUF5388	PF17363.2	70	D3764.contig46_1	210	0.038
RepB-RCR_reg	PF10723.9	81	D3764.contig46_2	43	0.0015
RusA	PF05866.11	124	D3764.contig47_1	144	4e-38
DUF812	PF05667.11	595	D3764.contig47_2	120	0.00025
VPS28	PF03997.12	189	D3764.contig47_2	120	0.00033
BLOC1_2	PF10046.9	96	D3764.contig47_2	120	0.0004
ADIP	PF11559.8	152	D3764.contig47_2	120	0.00072
Spc7	PF08317.11	310	D3764.contig47_2	120	0.001
ATG16	PF08614.11	200	D3764.contig47_2	120	0.0016
CorA	PF01544.18	292	D3764.contig47_2	120	0.0017
YopX	PF09643.10	131	D3764.contig47_3	142	4.7e-12
NA37	PF04245.13	309	D3764.contig47_6	324	1.3e-39
Zn_ribbon_SprT	PF17283.2	38	D3764.contig47_8	71	0.0001
Zn-ribbon_8	PF09723.10	40	D3764.contig47_8	71	0.0019
zinc_ribbon_9	PF14369.6	35	D3764.contig47_8	71	0.0068
Phage_rep_org_N	PF09681.10	121	D3764.contig47_14	275	2.4e-41
HTH_Crp_2	PF13545.6	68	D3764.contig47_14	275	0.022
IstB_IS21	PF01695.17	178	D3764.contig47_15	241	8.4e-13
Bac_DnaA	PF00308.18	219	D3764.contig47_15	241	1.6e-09
Terminase_2	PF03592.16	140	D3764.contig48_3	311	4.9e-41
Terminase_5	PF06056.12	58	D3764.contig48_3	311	2.3e-07
Phage_terminase	PF10668.9	60	D3764.contig48_3	311	3.8e-07
HTH_23	PF13384.6	50	D3764.contig48_3	311	3.6e-06
HTH_Tnp_1	PF01527.20	75	D3764.contig48_3	311	4.8e-05
HTH_29	PF13551.6	63	D3764.contig48_3	311	0.0042
DUF1804	PF08822.11	164	D3764.contig48_3	311	0.0098
Terminase_6	PF03237.15	215	D3764.contig48_4	452	1.3e-10
Terminase_3	PF04466.13	201	D3764.contig48_4	452	1.1e-05
Phage_prot_Gp6	PF05133.14	420	D3764.contig48_5	518	2.7e-43
Fur_reg_FbpA	PF13076.6	36	D3764.contig48_6	320	0.053
zinc_ribbon_4	PF13717.6	36	D3764.contig48_7	107	7.6e-05
HypA	PF01155.19	112	D3764.contig48_7	107	0.0061
HNH	PF01844.23	47	D3764.contig49_1	132	3.6e-07
Cytochrome_C7	PF14522.6	73	D3764.contig49_1	132	0.00086
HNH	PF01844.23	47	D3764.contig49_2	98	2.6e-06
DUF968	PF06147.11	200	D3764.contig49_2	98	3.6e-05
FpoO	PF10621.9	110	D3764.contig49_2	98	0.014
HNH_5	PF14279.6	56	D3764.contig49_2	98	0.016
DUF1492	PF07374.11	100	D3764.contig49_3	142	1.2e-08
Sigma70_r4	PF04545.16	50	D3764.contig49_3	142	1.3e-06
Sigma70_r4_2	PF08281.12	54	D3764.contig49_3	142	7.1e-06
CRM1_C	PF08767.11	321	D3764.contig49_3	142	0.014
DUF4406	PF14359.6	91	D3764.contig49_4	117	3.6e-09
Nuc_deoxyrib_tr	PF05014.15	131	D3764.contig49_4	117	0.002
zinc_ribbon_9	PF14369.6	35	D3764.contig49_6	99	0.00046
Methyltransf_11	PF08241.12	96	D3764.contig49_7	154	0.00014
N6_N4_Mtase	PF01555.18	231	D3764.contig49_7	154	0.01
Homez	PF11569.8	57	D3764.contig49_9	75	0.028
DUF3549	PF12069.8	338	D3764.contig49_9	75	0.052
ANT	PF03374.14	108	D3764.contig49_11	258	4.8e-31
Bro-N	PF02498.17	95	D3764.contig49_11	258	2.5e-29
HTH_Tnp_ISL3	PF13542.6	52	D3764.contig49_11	258	0.003
YadA_stalk	PF05662.14	43	D3764.contig49_12	428	5.9e-10
YadA_anchor	PF03895.15	60	D3764.contig49_12	428	6.1e-10
Exonuc_VII_L	PF02601.15	304	D3764.contig49_12	428	0.00063
CHDCT2	PF08074.11	171	D3764.contig49_12	428	0.0019
MAD	PF05557.13	661	D3764.contig49_12	428	0.0021
DHR10	PF18595.1	117	D3764.contig49_12	428	0.0027
LPG_synthase_TM	PF03706.13	301	D3764.contig51_1	110	1.5e-12
Vut_1	PF02592.15	150	D3764.contig51_1	110	0.024
YdjC	PF04794.12	233	D3764.contig51_2	285	4.8e-58
SpoU_methylase	PF00588.19	142	D3764.contig51_3	265	1.4e-39
ABC_membrane	PF00664.23	274	D3764.contig51_4	577	3.5e-38
ABC_tran	PF00005.27	137	D3764.contig51_4	577	7.8e-34
SMC_N	PF02463.19	220	D3764.contig51_4	577	2.8e-06
AAA_29	PF13555.6	61	D3764.contig51_4	577	0.0018
ABC_tran	PF00005.27	137	D3764.contig51_5	341	6.9e-27
SMC_N	PF02463.19	220	D3764.contig51_5	341	1.6e-08
ABC_membrane	PF00664.23	274	D3764.contig51_5	341	3.9e-05
MMR_HSR1	PF01926.23	114	D3764.contig51_5	341	0.00014
ABC_ATPase	PF09818.9	448	D3764.contig51_5	341	0.0016
AAA_21	PF13304.6	303	D3764.contig51_5	341	0.004
Gln-synt_C	PF00120.24	345	D3764.contig51_6	331	8.6e-20
Fn3-like	PF14310.6	71	D3764.contig52_1	44	0.017
Cyt_c_ox_IV	PF12270.8	132	D3764.contig52_3	48	0.017
DUF5484	PF17583.2	43	D3764.contig52_4	62	0.038
HTH_3	PF01381.22	55	D3764.contig52_5	70	1.3e-08
HTH_26	PF13443.6	63	D3764.contig52_5	70	3.1e-08
HTH_19	PF12844.7	65	D3764.contig52_5	70	8.4e-05
MarR	PF01047.22	59	D3764.contig52_5	70	0.00055
Sulfolobus_pRN	PF05584.11	72	D3764.contig52_5	70	0.0024
HTH_31	PF13560.6	64	D3764.contig52_5	70	0.0026
Phage_pRha	PF09669.10	88	D3764.contig52_7	244	3.1e-27
PhageMin_Tail	PF10145.9	198	D3764.contig52_9	95	2.5e-08
PRESAN	PF09687.10	125	D3764.contig52_9	95	0.0093
BORCS7	PF16088.5	103	D3764.contig52_9	95	0.024
HTH_3	PF01381.22	55	D3764.contig52_11	117	1.5e-13
HTH_31	PF13560.6	64	D3764.contig52_11	117	1.1e-10
HTH_19	PF12844.7	65	D3764.contig52_11	117	1.8e-08
HTH_25	PF13413.6	62	D3764.contig52_11	117	1.9e-07
HTH_26	PF13443.6	63	D3764.contig52_11	117	4.3e-06
HTH_37	PF13744.6	80	D3764.contig52_11	117	0.0039
HTH_3	PF01381.22	55	D3764.contig52_12	76	1.4e-05
HTH_19	PF12844.7	65	D3764.contig52_12	76	4.6e-05
Trp_repressor	PF01371.19	88	D3764.contig52_12	76	7.5e-05
HTH_8	PF02954.19	42	D3764.contig52_12	76	0.00013
HTH_24	PF13412.6	48	D3764.contig52_12	76	0.00018
HTH_23	PF13384.6	50	D3764.contig52_12	76	0.00034
DUF739	PF05339.11	69	D3764.contig52_12	76	0.00062
HTH_26	PF13443.6	63	D3764.contig52_12	76	0.0016
Sigma70_r4_2	PF08281.12	54	D3764.contig52_12	76	0.0024
ANT	PF03374.14	108	D3764.contig52_13	264	1.5e-34
AntA	PF08346.12	68	D3764.contig52_13	264	4e-24
RHH_5	PF07878.11	43	D3764.contig52_14	48	0.00011
RHH_1	PF01402.21	39	D3764.contig52_14	48	0.026
CopG_antitoxin	PF12441.8	79	D3764.contig52_14	48	0.049
Arc	PF03869.14	50	D3764.contig52_15	55	0.0039
ParD_like	PF11903.8	73	D3764.contig52_15	55	0.0097
RHH_5	PF07878.11	43	D3764.contig52_15	55	0.035
CopG_antitoxin	PF12441.8	79	D3764.contig52_16	59	1.1e-06
HicB	PF05534.12	51	D3764.contig52_16	59	3.3e-05
Arc	PF03869.14	50	D3764.contig52_16	59	7.7e-05
RHH_1	PF01402.21	39	D3764.contig52_16	59	0.0033
AlphaC_N	PF08829.10	106	D3764.contig53_1	267	0.0056
PTR	PF12789.7	60	D3764.contig53_2	451	0.051
Radical_SAM	PF04055.21	167	D3764.contig53_4	381	2.3e-05
Fer4_12	PF13353.6	139	D3764.contig53_4	381	0.00017
Radical_SAM	PF04055.21	167	D3764.contig53_5	360	2.2e-05
Phage_lysozyme2	PF18013.1	143	D3764.contig54_1	1644	2.3e-31
Peptidase_C39_2	PF13529.6	144	D3764.contig54_1	1644	4.8e-10
Rif1_N	PF12231.8	374	D3764.contig55_2	94	0.033
Phage_TAC_11	PF11836.8	98	D3764.contig55_3	145	0.071
Phage_tail_3	PF08813.11	165	D3764.contig55_4	137	2.7e-10
Phage_TTP_12	PF16461.5	134	D3764.contig55_4	137	0.0038
Phage_TTP_11	PF16460.5	137	D3764.contig55_4	137	0.033
HK97-gp10_like	PF04883.12	81	D3764.contig55_6	174	1.2e-08
Phage_connect_1	PF05135.13	99	D3764.contig55_8	117	8.8e-09
Rho_N	PF07498.12	43	D3764.contig55_9	83	6.9e-07
SAP	PF02037.27	35	D3764.contig55_9	83	4.4e-05
Nab2	PF11517.8	101	D3764.contig56_1	369	0.016
Clathrin	PF00637.20	143	D3764.contig56_1	369	0.036
FtsQ	PF03799.15	117	D3764.contig56_2	421	0.021
DUF285	PF03382.14	121	D3764.contig56_3	874	4e-11
DUF285	PF03382.14	121	D3764.contig56_3	874	4e-11
DUF285	PF03382.14	121	D3764.contig56_3	874	4e-11
LRR_5	PF13306.6	128	D3764.contig56_3	874	5.1e-07
YopX	PF09643.10	131	D3764.contig57_2	139	5.6e-18
DUF722	PF05263.11	129	D3764.contig57_4	153	4.6e-08
V_ATPase_I	PF01496.19	813	D3764.contig57_4	153	0.0097
DUF4472	PF14739.6	107	D3764.contig57_4	153	0.015
Terminase_2	PF03592.16	140	D3764.contig57_6	152	3.5e-30
AAA-ATPase_like	PF09820.9	280	D3764.contig57_6	152	0.013
Terminase_3	PF04466.13	201	D3764.contig57_7	425	1.2e-67
Terminase_3C	PF17288.2	155	D3764.contig57_7	425	1.3e-37
Terminase_6	PF03237.15	215	D3764.contig57_7	425	1.4e-06
Phage_prot_Gp6	PF05133.14	420	D3764.contig57_8	360	1.3e-16
IstB_IS21	PF01695.17	178	D3764.contig58_1	294	2.5e-18
AFG1_ATPase	PF03969.16	362	D3764.contig58_1	294	6.4e-05
AAA	PF00004.29	132	D3764.contig58_1	294	0.0019
Bac_DnaA	PF00308.18	219	D3764.contig58_1	294	0.0032
DnaB_C	PF03796.15	255	D3764.contig58_2	460	1.4e-76
AAA_25	PF13481.6	194	D3764.contig58_2	460	1.2e-07
DnaB	PF00772.21	103	D3764.contig58_2	460	2.4e-06
ATPase	PF06745.13	231	D3764.contig58_2	460	2.5e-05
Antiterm	PF03589.13	87	D3764.contig58_3	261	1.2e-50
Antiterm	PF03589.13	87	D3764.contig58_3	261	1.2e-50
HNH_3	PF13392.6	46	D3764.contig58_4	114	5.6e-13
AP2	PF00847.20	54	D3764.contig58_4	114	0.015
Phage_holin_8	PF16931.5	123	D3764.contig58_5	48	3.2e-13
LPG_synthase_TM	PF03706.13	301	D3764.contig59_1	264	7e-11
Bax1-I	PF01027.20	207	D3764.contig59_2	238	1.2e-11
SID-1_RNA_chan	PF13965.6	605	D3764.contig59_2	238	0.027
Bax1-I	PF01027.20	207	D3764.contig59_3	235	6.4e-60
BaxI_1	PF12811.7	232	D3764.contig59_3	235	0.00055
MoaE	PF02391.17	113	D3764.contig59_4	151	1.3e-36
ThiS	PF02597.20	77	D3764.contig59_5	82	3.4e-22
MoaC	PF01967.21	136	D3764.contig59_6	162	9.1e-58
MoCF_biosynth	PF00994.24	144	D3764.contig59_7	171	1.3e-32
Mob_synth_C	PF06463.13	128	D3764.contig59_8	162	1.3e-40
RusA	PF05866.11	124	D3764.contig60_1	87	8.3e-09
MethyltransfD12	PF02086.15	260	D3764.contig60_2	270	2.4e-48
HTH_36	PF13730.6	55	D3764.contig60_3	318	4.7e-11
RP-C	PF03428.13	175	D3764.contig60_3	318	2.9e-05
GntR	PF00392.21	64	D3764.contig60_3	318	3e-05
PaaX	PF07848.12	70	D3764.contig60_3	318	4.1e-05
HTH_29	PF13551.6	63	D3764.contig60_3	318	0.00044
MarR	PF01047.22	59	D3764.contig60_3	318	0.0021
YdaS_antitoxin	PF15943.5	65	D3764.contig60_6	88	1.2e-30
P22_Cro	PF14549.6	60	D3764.contig60_6	88	1.7e-07
HTH_3	PF01381.22	55	D3764.contig60_6	88	0.00036
YdaS_antitoxin	PF15943.5	65	D3764.contig60_7	159	0.003
HSDR_N	PF04313.14	194	D3764.contig60_8	285	2.7e-12
HSDR_N_2	PF13588.6	110	D3764.contig60_8	285	1.3e-07
YadA_anchor	PF03895.15	60	D3764.contig61_1	80	6.2e-05
YadA_head	PF05658.14	27	D3764.contig61_2	101	1.3e-07
YadA_head	PF05658.14	27	D3764.contig61_2	101	1.3e-07
ANT	PF03374.14	108	D3764.contig61_6	249	8.4e-28
AntA	PF08346.12	68	D3764.contig61_6	249	9.4e-22
HTH_3	PF01381.22	55	D3764.contig61_7	66	1.1e-12
HTH_26	PF13443.6	63	D3764.contig61_7	66	1.1e-11
HTH_19	PF12844.7	65	D3764.contig61_7	66	1.9e-08
HTH_31	PF13560.6	64	D3764.contig61_7	66	1.5e-06
HNF-1_N	PF04814.13	194	D3764.contig61_7	66	2.9e-06
Bac_DnaA_C	PF08299.11	69	D3764.contig61_7	66	0.00036
HTH_3	PF01381.22	55	D3764.contig61_8	129	8.3e-12
HTH_19	PF12844.7	65	D3764.contig61_8	129	2.7e-09
HTH_26	PF13443.6	63	D3764.contig61_8	129	6.5e-09
HTH_31	PF13560.6	64	D3764.contig61_8	129	0.0063
Peptidase_M78	PF06114.13	123	D3764.contig61_9	97	0.0032
Phage_integrase	PF00589.22	172	D3764.contig61_10	364	4.9e-17
Arm-DNA-bind_4	PF14657.6	46	D3764.contig61_10	364	0.00051
HTH_19	PF12844.7	65	D3764.contig62_1	76	1.9e-08
HTH_3	PF01381.22	55	D3764.contig62_1	76	2.9e-06
BetR	PF08667.10	148	D3764.contig62_1	76	0.0017
DUF739	PF05339.11	69	D3764.contig62_1	76	0.0021
HTH_31	PF13560.6	64	D3764.contig62_1	76	0.005
ORF6N	PF10543.9	84	D3764.contig62_2	290	4.7e-16
HypA	PF01155.19	112	D3764.contig62_4	56	0.0017
IBR	PF01485.21	62	D3764.contig62_4	56	0.0045
Phage_Nu1	PF07471.12	164	D3764.contig62_5	98	0.002
MerR_1	PF13411.6	69	D3764.contig62_5	98	0.0086
DUF4268	PF14088.6	140	D3764.contig62_6	52	0.027
C6_DPF	PF10170.9	95	D3764.contig62_8	71	0.0051
ADK_lid	PF05191.14	36	D3764.contig62_8	71	0.031
Phage_Mu_Gam	PF07352.12	155	D3764.contig62_9	172	2.1e-27
Sipho_Gp157	PF05565.11	163	D3764.contig62_9	172	0.0017
zf_C2H2_13	PF18508.1	42	D3764.contig62_12	37	0.024
GIY-YIG	PF01541.24	78	D3764.contig63_2	152	9.3e-07
Sipho_tail	PF05709.11	255	D3764.contig63_4	237	4.5e-06
THP2	PF09432.10	129	D3764.contig63_4	237	0.0065
Prophage_tail	PF06605.11	316	D3764.contig63_5	813	1.3e-14
Phage_prot_Gp6	PF05133.14	420	D3764.contig64_1	148	4e-24
Terminase_3	PF04466.13	201	D3764.contig64_2	428	4.7e-38
Terminase_3C	PF17288.2	155	D3764.contig64_2	428	3.4e-19
Phage_terminase	PF10668.9	60	D3764.contig64_3	230	1.7e-15
Phage_prot_Gp6	PF05133.14	420	D3764.contig64_4	80	0.00057
Phage_Mu_F	PF04233.14	112	D3764.contig64_6	377	4.4e-15
Acetyltransf_1	PF00583.25	117	D3764.contig65_1	124	0.015
Lipase_GDSL_2	PF13472.6	179	D3764.contig65_2	553	4.1e-16
Lipase_GDSL	PF00657.22	200	D3764.contig65_2	553	5.5e-11
HTH_Tnp_1	PF01527.20	75	D3764.contig65_3	91	1.5e-09
HTH_40	PF14493.6	89	D3764.contig65_3	91	3.3e-05
HTH_psq	PF05225.16	45	D3764.contig65_3	91	0.00014
HTH_28	PF13518.6	52	D3764.contig65_3	91	0.00026
CENP-B_N	PF04218.13	53	D3764.contig65_3	91	0.00079
HTH_35	PF13693.6	75	D3764.contig65_3	91	0.0016
HTH_3	PF01381.22	55	D3764.contig65_3	91	0.0016
HTH_23	PF13384.6	50	D3764.contig65_3	91	0.0026
HTH_Tnp_IS630	PF01710.16	119	D3764.contig65_3	91	0.0026
HTH_Tnp_ISL3	PF13542.6	52	D3764.contig65_3	91	0.0031
rve	PF00665.26	119	D3764.contig65_4	274	1e-28
HTH_21	PF13276.6	60	D3764.contig65_4	274	1.1e-16
rve_3	PF13683.6	67	D3764.contig65_4	274	5.1e-15
rve_2	PF13333.6	52	D3764.contig65_4	274	4.3e-10
DDE_Tnp_IS240	PF13610.6	140	D3764.contig65_4	274	2.7e-08
BppU_N	PF10651.9	148	D3764.contig65_5	192	7.4e-14
TBK1_CCD1	PF18394.1	256	D3764.contig65_5	192	0.032
p450	PF00067.22	463	D3764.contig65_6	75	0.084
bPH_2	PF03703.14	80	D3764.contig66_1	39	0.03
DUF445	PF04286.12	367	D3764.contig66_3	412	4.6e-42
DUF445	PF04286.12	367	D3764.contig66_4	437	4.9e-51
HATPase_c	PF02518.26	112	D3764.contig66_5	319	4.8e-24
HisKA	PF00512.25	67	D3764.contig66_5	319	9.7e-12
HAMP	PF00672.25	53	D3764.contig66_5	319	2.4e-10
HATPase_c_3	PF13589.6	137	D3764.contig66_5	319	3.6e-09
HATPase_c_5	PF14501.6	101	D3764.contig66_5	319	8.4e-08
COX15-CtaA	PF02628.15	324	D3764.contig67_2	357	1.1e-87
RNase_HII	PF01351.18	198	D3764.contig67_3	200	4.1e-35
Sua5_yciO_yrdC	PF01300.18	179	D3764.contig67_4	203	9e-46
Cupin_8	PF13621.6	254	D3764.contig67_5	71	0.00038
MobA_MobL	PF03389.15	222	D3764.contig68_2	528	3.5e-24
TPD	PF14811.6	136	D3764.contig68_2	528	0.032
HTH_26	PF13443.6	63	D3764.contig69_1	73	4.7e-08
HTH_3	PF01381.22	55	D3764.contig69_1	73	3.4e-06
BetR	PF08667.10	148	D3764.contig69_1	73	0.00011
HTH_7	PF02796.15	45	D3764.contig69_1	73	0.00057
DUF739	PF05339.11	69	D3764.contig69_1	73	0.004
HTH_Tnp_1_2	PF13022.6	123	D3764.contig69_1	73	0.0041
HTH_11	PF08279.12	55	D3764.contig69_5	73	0.045
DUF2178	PF09946.9	106	D3764.contig69_6	77	0.0095
UPF0093	PF03653.13	146	D3764.contig69_6	77	0.055
GcnA_N	PF18229.1	78	D3764.contig69_7	96	0.0024
TSC22	PF01166.18	57	D3764.contig69_7	96	0.039
SSB	PF00436.25	104	D3764.contig69_10	124	2e-22
HemeBinding_Shp	PF11545.8	152	D3764.contig69_10	124	0.004
LolA_like	PF17131.4	183	D3764.contig69_10	124	0.0086
DUF3127	PF11325.8	85	D3764.contig69_10	124	0.016
HTH_38	PF13936.6	44	D3764.contig69_12	89	1.5e-05
HTH_23	PF13384.6	50	D3764.contig69_12	89	3.9e-05
HTH_6	PF01418.17	77	D3764.contig69_12	89	0.00024
HTH_50	PF18024.1	50	D3764.contig69_12	89	0.00093
HTH_28	PF13518.6	52	D3764.contig69_12	89	0.0012
RWP-RK	PF02042.15	49	D3764.contig69_12	89	0.0014
Sigma70_r4	PF04545.16	50	D3764.contig69_12	89	0.004
HTH_19	PF12844.7	65	D3764.contig69_12	89	0.0043
HTH_3	PF01381.22	55	D3764.contig69_12	89	0.0047
PemK_toxin	PF02452.17	111	D3764.contig70_1	109	8.4e-18
DUF3018	PF11455.8	64	D3764.contig70_2	73	1.6e-31
WRC	PF08879.10	43	D3764.contig70_3	49	0.063
Inositol_P	PF00459.25	272	D3764.contig70_6	261	4.3e-44
HTH_17	PF12728.7	51	D3764.contig70_7	140	1.1e-06
UPF0175	PF03683.13	75	D3764.contig70_7	140	0.0064
Rep_3	PF01051.21	222	D3764.contig70_8	250	2e-54
HTH_10	PF04967.12	53	D3764.contig70_8	250	0.0044
Methyltransf_4	PF02390.17	173	D3764.contig71_1	215	2.8e-36
Methyltransf_31	PF13847.6	152	D3764.contig71_1	215	3e-07
Methyltransf_25	PF13649.6	97	D3764.contig71_1	215	5.2e-05
Methyltransf_12	PF08242.12	99	D3764.contig71_1	215	0.0028
DUF1413	PF07205.11	69	D3764.contig71_2	97	0.11
UvrA_inter	PF17760.1	109	D3764.contig71_3	943	2.4e-41
UvrA_DNA-bind	PF17755.1	110	D3764.contig71_3	943	1.1e-34
ABC_tran	PF00005.27	137	D3764.contig71_3	943	4.3e-20
ABC_tran	PF00005.27	137	D3764.contig71_3	943	4.3e-20
SMC_N	PF02463.19	220	D3764.contig71_3	943	6.9e-13
SMC_N	PF02463.19	220	D3764.contig71_3	943	6.9e-13
FDX-ACB	PF03147.14	94	D3764.contig72_1	124	8.9e-31
Bac_DNA_binding	PF00216.21	90	D3764.contig72_2	101	5.5e-31
HU-HIG	PF18291.1	125	D3764.contig72_2	101	2.3e-06
HU-CCDC81_bac_2	PF18175.1	70	D3764.contig72_2	101	1.2e-05
MerR_1	PF13411.6	69	D3764.contig72_3	119	8.1e-24
MerR	PF00376.23	38	D3764.contig72_3	119	7e-10
Mrr_cat	PF04471.12	115	D3764.contig72_4	184	4.4e-17
AAA_13	PF13166.6	713	D3764.contig72_5	681	6.5e-29
AAA_13	PF13166.6	713	D3764.contig72_5	681	6.5e-29
SMC_N	PF02463.19	220	D3764.contig72_5	681	1.7e-05
GatB_Yqey	PF02637.18	148	D3764.contig73_1	174	0.017
Prophage_tail	PF06605.11	316	D3764.contig73_3	434	1.9e-12
HNH	PF01844.23	47	D3764.contig73_4	303	0.00032
zf-FCS	PF06467.14	41	D3764.contig73_4	303	0.00042
zf-FCS	PF06467.14	41	D3764.contig73_4	303	0.00042
HNH_2	PF13391.6	72	D3764.contig73_4	303	0.0081
IstB_IS21	PF01695.17	178	D3764.contig74_1	269	6e-15
Bac_DnaA	PF00308.18	219	D3764.contig74_1	269	2.2e-07
AAA	PF00004.29	132	D3764.contig74_1	269	8.8e-06
RNA_helicase	PF00910.22	107	D3764.contig74_1	269	4.9e-05
AAA_10	PF12846.7	362	D3764.contig74_1	269	0.0018
IgG_binding_B	PF01378.17	55	D3764.contig74_2	73	0.019
SpoOE-like	PF09388.10	42	D3764.contig74_3	103	0.0051
Ribonuc_2-5A	PF06479.12	127	D3764.contig74_3	103	0.026
MazG	PF03819.17	74	D3764.contig74_4	104	8.1e-06
PRA-PH	PF01503.17	83	D3764.contig74_4	104	0.0014
PAPS_reduct	PF01507.19	174	D3764.contig74_6	323	4.5e-06
MazE_antitoxin	PF04014.18	46	D3764.contig74_7	80	1e-12
MraZ	PF02381.18	72	D3764.contig74_7	80	1.4e-05
ORF6C	PF10552.9	114	D3764.contig74_8	249	1.3e-36
Phage_pRha	PF09669.10	88	D3764.contig74_8	249	5.1e-28
RusA	PF05866.11	124	D3764.contig74_9	54	5.6e-08
HscB_4_cys	PF18256.1	27	D3764.contig75_2	264	0.016
TonB_dep_Rec	PF00593.24	470	D3764.contig76_1	76	7.2e-07
OMP_b-brl_3	PF14905.6	408	D3764.contig76_1	76	0.00035
SGL	PF08450.12	246	D3764.contig76_2	387	0.00029
PKD_3	PF16820.5	68	D3764.contig76_3	439	9.7e-09
DUF5074	PF16819.5	114	D3764.contig76_4	435	1.5e-09
PKD_3	PF16820.5	68	D3764.contig76_4	435	2.2e-07
Sipho_tail	PF05709.11	255	D3764.contig77_1	214	1.5e-14
Cation_efflux	PF01545.21	199	D3764.contig77_2	848	0.00094
Phage_Gp15	PF06854.11	170	D3764.contig78_4	183	1.3e-37
Phage_holin_2_1	PF04971.12	64	D3764.contig79_1	72	1.9e-34
Phage_holin_2_3	PF16080.5	56	D3764.contig79_1	72	4.6e-05
DUF3021	PF11457.8	130	D3764.contig79_1	72	0.052
DUF1327	PF07041.11	113	D3764.contig79_2	117	2e-58
Phage_lysozyme	PF00959.19	109	D3764.contig79_3	178	2e-30
Phage_lysis	PF03245.13	126	D3764.contig79_4	156	2.3e-46
PspB	PF06667.12	73	D3764.contig79_4	156	0.0041
Acetyltransf_1	PF00583.25	117	D3764.contig79_5	162	0.00024
Acetyltransf_3	PF13302.7	138	D3764.contig79_5	162	0.0031
Acetyltransf_7	PF13508.7	76	D3764.contig79_5	162	0.0074
HNH	PF01844.23	47	D3764.contig79_7	117	5e-17
HNH_5	PF14279.6	56	D3764.contig79_7	117	1.3e-08
zf_CopZ	PF18423.1	62	D3764.contig79_7	117	0.015
PhageMin_Tail	PF10145.9	198	D3764.contig80_6	548	1.8e-49
SecA_DEAD	PF07517.14	290	D3764.contig80_6	548	0.022
Thymidylate_kin	PF02223.17	185	D3764.contig81_1	263	2e-14
Ligase_CoA	PF00549.19	153	D3764.contig82_1	219	4.5e-25
ATP-grasp_2	PF08442.10	202	D3764.contig82_1	219	3.4e-05
CoA_binding	PF02629.19	96	D3764.contig82_2	290	2e-31
Ligase_CoA	PF00549.19	153	D3764.contig82_2	290	3.1e-20
Succ_CoA_lig	PF13607.6	138	D3764.contig82_2	290	4.9e-12
CoA_binding_2	PF13380.6	116	D3764.contig82_2	290	0.00023
TPR_11	PF13414.6	42	D3764.contig82_3	320	4.8e-10
TPR_1	PF00515.28	34	D3764.contig82_3	320	2.2e-09
TPR_1	PF00515.28	34	D3764.contig82_3	320	2.2e-09
TPR_2	PF07719.17	34	D3764.contig82_3	320	1.4e-08
TPR_12	PF13424.6	77	D3764.contig82_3	320	3.4e-05
TPR_19	PF14559.6	68	D3764.contig82_3	320	0.00017
TPR_16	PF13432.6	68	D3764.contig82_3	320	0.001
TPR_17	PF13431.6	34	D3764.contig82_3	320	0.0015
Phage_GPO	PF05929.11	272	D3764.contig83_1	107	1.8e-43
Terminase_6	PF03237.15	215	D3764.contig83_2	574	1.7e-51
Terminase_6C	PF17289.2	155	D3764.contig83_2	574	1.1e-30
Terminase_5	PF06056.12	58	D3764.contig83_2	574	2.1e-26
HTH_23	PF13384.6	50	D3764.contig83_2	574	1.2e-06
HTH_28	PF13518.6	52	D3764.contig83_2	574	1.2e-06
Sigma70_r4_2	PF08281.12	54	D3764.contig83_2	574	4.3e-05
HTH_Tnp_1	PF01527.20	75	D3764.contig83_2	574	0.0012
Phage_portal	PF04860.12	314	D3764.contig83_3	345	2.5e-13
Phage_GPO	PF05929.11	272	D3764.contig83_4	45	3.4e-15
Glyco_hydro_19	PF00182.19	232	D3764.contig84_1	210	7.2e-06
Phage_holin_3_7	PF05449.11	80	D3764.contig84_2	94	3.8e-26
TraG_N	PF07916.11	467	D3764.contig84_2	94	0.0016
DUF5009	PF16401.5	260	D3764.contig84_2	94	0.019
Phage_holin_8	PF16931.5	123	D3764.contig84_3	132	9.4e-42
TerB	PF05099.13	144	D3764.contig84_4	142	4.5e-06
DUF4127	PF13552.6	490	D3764.contig84_4	142	0.026
FTR_C	PF02741.15	149	D3764.contig84_4	142	0.03
DUF1133	PF06576.11	176	D3764.contig84_5	193	3e-97
Phage_antitermQ	PF06530.12	118	D3764.contig84_5	193	7.4e-11
DUF968	PF06147.11	200	D3764.contig84_6	71	2.6e-36
HNHc_6	PF16784.5	200	D3764.contig84_6	71	0.00031
SpoVT_C	PF15714.5	126	D3764.contig85_1	85	0.0079
BLOC1_2	PF10046.9	96	D3764.contig85_1	85	0.0091
Ten1_2	PF15490.6	118	D3764.contig85_4	138	0.12
Sipho_Gp37	PF14594.6	351	D3764.contig85_5	384	1.6e-86
Prophage_tail	PF06605.11	316	D3764.contig85_5	384	0.0034
DsbC	PF11412.8	120	D3764.contig85_6	207	0.071
Sipho_tail	PF05709.11	255	D3764.contig85_7	88	6.9e-12
RSS_P20	PF11757.8	94	D3764.contig86_1	108	0.03
HK97-gp10_like	PF04883.12	81	D3764.contig86_2	144	0.089
Phage_GP20	PF06810.11	149	D3764.contig86_6	208	2.1e-30
MIP-T3_C	PF17749.1	154	D3764.contig86_8	42	0.022
NLPC_P60	PF00877.19	105	D3764.contig87_1	229	1.7e-22
Prok-JAB	PF14464.6	118	D3764.contig87_1	229	3.2e-16
YebO	PF13974.6	80	D3764.contig87_2	75	1.6e-12
Lambda_tail_I	PF06805.12	86	D3764.contig87_3	203	2.8e-08
Phage-tail_3	PF13550.6	164	D3764.contig87_4	549	5.6e-15
F5_F8_type_C	PF00754.25	127	D3764.contig87_4	549	0.0077
Phage_holin_8	PF16931.5	123	D3764.contig88_1	111	1.1e-35
Phage_holin_3_7	PF05449.11	80	D3764.contig88_2	93	7.7e-25
PGG	PF13962.6	116	D3764.contig88_2	93	0.029
Glyco_hydro_108	PF05838.12	85	D3764.contig88_3	181	4.4e-26
PG_binding_3	PF09374.10	76	D3764.contig88_3	181	6.5e-23
DUF2681	PF10883.8	87	D3764.contig88_4	90	0.0001
DUF3552	PF12072.8	201	D3764.contig88_4	90	0.0019
EspB	PF05802.11	203	D3764.contig88_4	90	0.023
Peptidase_C25	PF01364.18	378	D3764.contig88_5	207	0.012
DUF1983	PF09327.11	81	D3764.contig88_8	161	5.4e-06
Phage_holin_5_2	PF16079.5	75	D3764.contig89_2	59	0.02
DUF551	PF04448.12	69	D3764.contig89_3	217	8.5e-12
Clathrin	PF00637.20	143	D3764.contig89_3	217	0.013
TonB_C	PF03544.14	79	D3764.contig89_5	111	0.00064
DUF1367	PF07105.11	196	D3764.contig89_6	199	7.3e-70
NinE	PF05322.11	58	D3764.contig89_7	59	3.5e-05
TnpB_IS66	PF05717.13	101	D3764.contig89_7	59	0.069
NinG	PF05766.12	186	D3764.contig89_8	123	7e-28
DUF1272	PF06906.11	57	D3764.contig89_8	123	0.021
Glug	PF07581.12	28	D3764.contig90_2	48	0.03
HTH_7	PF02796.15	45	D3764.contig91_1	118	1.9e-05
HTH_38	PF13936.6	44	D3764.contig91_1	118	0.00061
HTH_32	PF13565.6	73	D3764.contig91_1	118	0.003
RepL	PF05732.11	165	D3764.contig91_2	156	6.3e-28
Rrf2	PF02082.20	83	D3764.contig91_2	156	5.5e-05
HTH_24	PF13412.6	48	D3764.contig91_2	156	0.00011
MarR_2	PF12802.7	62	D3764.contig91_2	156	0.00083
GntR	PF00392.21	64	D3764.contig91_2	156	0.00089
HTH_5	PF01022.20	47	D3764.contig91_2	156	0.00095
HTH_Crp_2	PF13545.6	68	D3764.contig91_2	156	0.0032
MarR	PF01047.22	59	D3764.contig91_2	156	0.0035
TrmB	PF01978.19	68	D3764.contig91_2	156	0.0041
HTH_11	PF08279.12	55	D3764.contig91_2	156	0.0051
Mob_Pre	PF01076.19	196	D3764.contig91_3	384	1.1e-28
ZapB	PF06005.12	71	D3764.contig91_3	384	8.4e-05
4HBT	PF03061.22	79	D3764.contig92_1	158	8.3e-19
4HBT_2	PF13279.6	123	D3764.contig92_1	158	1.5e-11
Acyl-ACP_TE	PF01643.17	248	D3764.contig92_1	158	1.4e-05
Cyd_oper_YbgE	PF09600.10	79	D3764.contig92_2	98	8.7e-34
YbgT_YccB	PF08173.11	27	D3764.contig92_3	38	4.3e-15
Cyt_bd_oxida_II	PF02322.15	303	D3764.contig92_4	380	1.3e-111
Cyt_bd_oxida_I	PF01654.17	418	D3764.contig92_5	288	1.4e-60
DUF1131	PF06572.12	170	D3764.contig93_1	54	0.0087
HK97-gp10_like	PF04883.12	81	D3764.contig93_2	114	0.12
Phage_cap_E	PF03864.15	333	D3764.contig93_5	346	1.8e-41
Phage_GP20	PF06810.11	149	D3764.contig93_7	108	9.5e-19
Fic_N	PF13784.6	82	D3764.contig94_3	383	7e-25
Fic	PF02661.18	97	D3764.contig94_3	383	8e-23
Phage_integrase	PF00589.22	172	D3764.contig94_4	372	9.3e-21
Phage_min_cap2	PF06152.11	367	D3764.contig95_1	403	1.4e-117
DUF1043	PF06295.12	123	D3764.contig95_1	403	0.0056
Phage_prot_Gp6	PF05133.14	420	D3764.contig95_2	468	7.1e-11
Terminase_3C	PF17288.2	155	D3764.contig95_3	132	1.4e-08
