target	acc	tlen	query	qlen	evalue
Ank_2	PF12796.7	83	D3450.contig1_1	1355	1.3e-74
Ank_2	PF12796.7	83	D3450.contig1_1	1355	1.3e-74
Ank_2	PF12796.7	83	D3450.contig1_1	1355	1.3e-74
Ank_2	PF12796.7	83	D3450.contig1_1	1355	1.3e-74
Ank_2	PF12796.7	83	D3450.contig1_1	1355	1.3e-74
Ank_2	PF12796.7	83	D3450.contig1_1	1355	1.3e-74
Ank_4	PF13637.6	55	D3450.contig1_1	1355	9.6e-64
Ank_4	PF13637.6	55	D3450.contig1_1	1355	9.6e-64
Ank_4	PF13637.6	55	D3450.contig1_1	1355	9.6e-64
Ank_4	PF13637.6	55	D3450.contig1_1	1355	9.6e-64
Ank_4	PF13637.6	55	D3450.contig1_1	1355	9.6e-64
Ank_4	PF13637.6	55	D3450.contig1_1	1355	9.6e-64
Ank_4	PF13637.6	55	D3450.contig1_1	1355	9.6e-64
Ank_4	PF13637.6	55	D3450.contig1_1	1355	9.6e-64
Sec7	PF01369.20	183	D3450.contig1_1	1355	5.5e-53
Ank_3	PF13606.6	31	D3450.contig1_1	1355	4.2e-48
Ank_3	PF13606.6	31	D3450.contig1_1	1355	4.2e-48
Ank_3	PF13606.6	31	D3450.contig1_1	1355	4.2e-48
Ank_5	PF13857.6	56	D3450.contig1_1	1355	1.8e-46
Ank_5	PF13857.6	56	D3450.contig1_1	1355	1.8e-46
Ank_5	PF13857.6	56	D3450.contig1_1	1355	1.8e-46
Ank_5	PF13857.6	56	D3450.contig1_1	1355	1.8e-46
Ank_5	PF13857.6	56	D3450.contig1_1	1355	1.8e-46
Ank_5	PF13857.6	56	D3450.contig1_1	1355	1.8e-46
Ank_5	PF13857.6	56	D3450.contig1_1	1355	1.8e-46
Ank_5	PF13857.6	56	D3450.contig1_1	1355	1.8e-46
Ank	PF00023.30	32	D3450.contig1_1	1355	2e-46
Ank	PF00023.30	32	D3450.contig1_1	1355	2e-46
Ank	PF00023.30	32	D3450.contig1_1	1355	2e-46
Ank	PF00023.30	32	D3450.contig1_1	1355	2e-46
Ank	PF00023.30	32	D3450.contig1_1	1355	2e-46
PH	PF00169.29	105	D3450.contig1_1	1355	1.2e-10
Beta-lactamase	PF00144.24	330	D3450.contig1_4	492	2.5e-48
zf-RanBP	PF00641.18	30	D3450.contig1_6	585	1.6e-16
zf-RanBP	PF00641.18	30	D3450.contig1_6	585	1.6e-16
RRM_1	PF00076.22	70	D3450.contig1_6	585	3e-06
RRM_7	PF16367.5	95	D3450.contig1_6	585	0.0013
Argos	PF11581.8	129	D3450.contig1_8	116	0.012
Cation_ATPase_N	PF00690.26	69	D3450.contig1_9	195	5.6e-11
E1-E2_ATPase	PF00122.20	181	D3450.contig1_10	310	9.4e-42
Cation_ATPase_C	PF00689.21	182	D3450.contig1_11	654	4e-46
Cation_ATPase	PF13246.6	91	D3450.contig1_11	654	3.5e-18
Hydrolase	PF00702.26	210	D3450.contig1_11	654	5.8e-18
Hydrolase	PF00702.26	210	D3450.contig1_11	654	5.8e-18
Hydrolase_3	PF08282.12	255	D3450.contig1_11	654	6.9e-08
NARG2_C	PF10505.9	211	D3450.contig1_12	758	2.5e-13
DUF2569	PF10754.9	143	D3450.contig1_14	485	5
TBCC	PF07986.12	120	D3450.contig1_16	632	4.4e-30
CAP_C	PF08603.11	157	D3450.contig1_16	632	0.037
NICE-3	PF07406.11	181	D3450.contig1_22	152	0.072
DUF1729	PF08354.10	353	D3450.contig1_25	4401	1.3e-132
Fas_alpha_ACP	PF18325.1	162	D3450.contig1_25	4401	2.5e-102
Fas_alpha_ACP	PF18325.1	162	D3450.contig1_25	4401	2.5e-102
FAS_I_H	PF18314.1	203	D3450.contig1_25	4401	2e-59
Acyl_transf_1	PF00698.21	319	D3450.contig1_25	4401	3.7e-59
SAT	PF16073.5	240	D3450.contig1_25	4401	4.9e-30
MaoC_dehydratas	PF01575.19	123	D3450.contig1_25	4401	2.6e-25
FAS_meander	PF17951.1	146	D3450.contig1_25	4401	4.3e-25
ketoacyl-synt	PF00109.26	253	D3450.contig1_25	4401	4e-18
ACPS	PF01648.20	114	D3450.contig1_25	4401	5.9e-14
MaoC_dehydrat_N	PF13452.6	132	D3450.contig1_25	4401	1.1e-10
Ketoacyl-synt_C	PF02801.22	118	D3450.contig1_25	4401	1.1e-10
adh_short	PF00106.25	195	D3450.contig1_25	4401	0.0001
Cation_efflux	PF01545.21	199	D3450.contig1_30	344	1.6e-27
PGM_PMM_I	PF02878.16	138	D3450.contig1_33	443	2.2e-25
PGM_PMM_II	PF02879.16	103	D3450.contig1_33	443	5.5e-21
PGM_PMM_III	PF02880.16	114	D3450.contig1_33	443	2.3e-19
PGM_PMM_IV	PF00408.20	74	D3450.contig1_33	443	4.3e-08
ANAPC4_WD40	PF12894.7	92	D3450.contig1_34	646	9e-05
NUC153	PF08159.12	29	D3450.contig1_34	646	0.0003
PWWP	PF00855.17	96	D3450.contig1_40	183	0.012
GDPD	PF03009.17	259	D3450.contig1_41	127	2.9e-12
GDPD	PF03009.17	259	D3450.contig1_42	208	0.00051
DUF2181	PF10223.9	241	D3450.contig1_42	208	0.0057
SNARE_assoc	PF09335.11	120	D3450.contig1_44	102	3.4e-07
Lactamase_B_2	PF12706.7	201	D3450.contig1_46	753	6.9e-14
Lactamase_B_2	PF12706.7	201	D3450.contig1_46	753	6.9e-14
Lactamase_B	PF00753.27	197	D3450.contig1_46	753	0.0022
Lactamase_B_4	PF13691.6	63	D3450.contig1_47	90	2.7e-16
TcpS	PF17456.2	152	D3450.contig1_49	614	0.0067
HORMA	PF02301.18	212	D3450.contig1_52	233	4.2e-07
Dna2	PF08696.11	203	D3450.contig1_53	1616	7.3e-41
Dna2	PF08696.11	203	D3450.contig1_53	1616	7.3e-41
AAA_11	PF13086.6	261	D3450.contig1_53	1616	2.8e-32
AAA_11	PF13086.6	261	D3450.contig1_53	1616	2.8e-32
AAA_30	PF13604.6	192	D3450.contig1_53	1616	1.1e-12
AAA_12	PF13087.6	199	D3450.contig1_53	1616	2.8e-10
AAA_19	PF13245.6	146	D3450.contig1_53	1616	4.4e-10
Helicase_RecD	PF05127.14	177	D3450.contig1_53	1616	3.4e-06
SRP54	PF00448.22	196	D3450.contig1_53	1616	9.3e-06
ATPase	PF06745.13	231	D3450.contig1_53	1616	0.0036
dCMP_cyt_deam_1	PF00383.23	101	D3450.contig2_1	79	0.022
dCMP_cyt_deam_1	PF00383.23	101	D3450.contig2_2	103	3.2e-05
MafB19-deam	PF14437.6	138	D3450.contig2_2	103	0.07
Hydrolase_4	PF12146.8	239	D3450.contig2_3	279	2.8e-16
Abhydrolase_1	PF00561.20	257	D3450.contig2_3	279	2.3e-10
Abhydrolase_6	PF12697.7	220	D3450.contig2_3	279	3.2e-09
VirJ	PF06057.11	192	D3450.contig2_3	279	4.7e-06
Lipase_3	PF01764.25	142	D3450.contig2_3	279	0.00087
Prefoldin_2	PF01920.20	106	D3450.contig2_5	73	1.7e-07
Prefoldin	PF02996.17	120	D3450.contig2_5	73	0.015
NPV_P10	PF05531.12	75	D3450.contig2_5	73	0.021
PUF	PF00806.19	35	D3450.contig2_7	647	0.00021
Methyltransf_10	PF05971.12	299	D3450.contig2_8	521	2.2e-58
Methyltransf_10	PF05971.12	299	D3450.contig2_8	521	2.2e-58
PrmA	PF06325.13	296	D3450.contig2_8	521	0.00056
Asn_synthase	PF00733.21	355	D3450.contig2_12	511	8e-17
Asn_synthase	PF00733.21	355	D3450.contig2_12	511	8e-17
GATase_7	PF13537.6	123	D3450.contig2_12	511	6.4e-08
GATase_6	PF13522.6	134	D3450.contig2_12	511	1.7e-06
Arrestin_N	PF00339.29	146	D3450.contig2_14	566	1.9e-18
C2	PF00168.30	103	D3450.contig2_14	566	0.0034
DUF2521	PF10730.9	146	D3450.contig2_19	97	0.0036
ATPgrasp_Ter	PF15632.6	131	D3450.contig2_20	95	0.021
Aldo_ket_red	PF00248.21	294	D3450.contig2_21	247	5e-37
Dopey_N	PF04118.14	307	D3450.contig2_23	61	1.8e-07
Dopey_N	PF04118.14	307	D3450.contig2_26	1730	7.2e-52
RCC1	PF00415.18	50	D3450.contig3_2	220	1.2e-32
RCC1	PF00415.18	50	D3450.contig3_2	220	1.2e-32
RCC1	PF00415.18	50	D3450.contig3_2	220	1.2e-32
RCC1_2	PF13540.6	30	D3450.contig3_2	220	2.6e-17
RCC1_2	PF13540.6	30	D3450.contig3_2	220	2.6e-17
Cytochrom_D1	PF02239.16	368	D3450.contig3_2	220	0.035
RCC1	PF00415.18	50	D3450.contig3_3	106	4.1e-22
RCC1	PF00415.18	50	D3450.contig3_3	106	4.1e-22
RCC1_2	PF13540.6	30	D3450.contig3_3	106	0.00028
ThiF	PF00899.21	244	D3450.contig3_6	377	3.7e-60
Rhodanese	PF00581.20	107	D3450.contig3_6	377	8.1e-10
Sacchrp_dh_NADP	PF03435.18	130	D3450.contig3_6	377	0.014
RdRP	PF05183.12	586	D3450.contig3_7	1606	6.6e-146
BAF250_C	PF12031.8	256	D3450.contig3_10	624	0.085
RCC1_2	PF13540.6	30	D3450.contig3_12	695	3.9e-16
RCC1_2	PF13540.6	30	D3450.contig3_12	695	3.9e-16
RCC1	PF00415.18	50	D3450.contig3_12	695	9.1e-15
FmiP_Thoc5	PF09766.9	364	D3450.contig4_2	605	5.4e-46
STT3	PF02516.14	488	D3450.contig4_4	612	5.3e-103
STT3	PF02516.14	488	D3450.contig4_4	612	5.3e-103
DER1	PF04511.15	191	D3450.contig4_7	95	5.5e-08
TRM13	PF05206.14	262	D3450.contig4_8	355	3.1e-63
Methyltransf_32	PF13679.6	158	D3450.contig4_8	355	8.4e-06
Fcf1	PF04900.12	99	D3450.contig4_9	304	7.7e-12
Sigma70_r4_2	PF08281.12	54	D3450.contig5_1	94	0.00012
Sigma70_r4	PF04545.16	50	D3450.contig5_1	94	0.00042
HTH_24	PF13412.6	48	D3450.contig5_1	94	0.00053
PDGLE	PF13190.6	89	D3450.contig5_1	94	0.00083
HTH_23	PF13384.6	50	D3450.contig5_1	94	0.011
TetR_N	PF00440.23	47	D3450.contig5_3	194	2.3e-12
TetR_C_16	PF17920.1	107	D3450.contig5_3	194	0.0011
TetR_C_11	PF16859.5	113	D3450.contig5_3	194	0.0013
Oxidored_molyb	PF00174.19	172	D3450.contig5_3	194	0.0018
Oxidored_FMN	PF00724.20	342	D3450.contig5_4	417	2.1e-56
NMO	PF03060.15	331	D3450.contig5_4	417	0.0004
Ala_racemase_N	PF01168.20	219	D3450.contig5_4	417	0.0024
SCP2	PF02036.17	101	D3450.contig5_5	133	0.033
Abhydrolase_1	PF00561.20	257	D3450.contig5_6	282	8.8e-24
Hydrolase_4	PF12146.8	239	D3450.contig5_6	282	3e-10
Abhydrolase_6	PF12697.7	220	D3450.contig5_6	282	5.2e-10
Abhydrolase_4	PF08386.10	103	D3450.contig5_6	282	0.001
adh_short	PF00106.25	195	D3450.contig5_7	263	2.1e-45
adh_short_C2	PF13561.6	234	D3450.contig5_7	263	4.3e-31
KR	PF08659.10	180	D3450.contig5_7	263	4.7e-13
Epimerase	PF01370.21	241	D3450.contig5_7	263	2e-05
NAD_binding_10	PF13460.6	184	D3450.contig5_7	263	0.00088
Oxidored_FMN	PF00724.20	342	D3450.contig5_8	361	1.7e-86
TetR_N	PF00440.23	47	D3450.contig5_9	210	5.8e-12
HCMV_UL124	PF17609.2	126	D3450.contig5_10	110	0.053
Abhydrolase_1	PF00561.20	257	D3450.contig5_11	323	2.8e-25
Hydrolase_4	PF12146.8	239	D3450.contig5_11	323	1.1e-18
Abhydrolase_6	PF12697.7	220	D3450.contig5_11	323	4.6e-16
Abhydrolase_4	PF08386.10	103	D3450.contig5_11	323	1.7e-07
FSH1	PF03959.13	212	D3450.contig5_11	323	1.6e-05
Thioesterase	PF00975.20	231	D3450.contig5_11	323	3.3e-05
Peptidase_S9	PF00326.21	212	D3450.contig5_11	323	4.4e-05
Abhydrolase_2	PF02230.16	217	D3450.contig5_11	323	0.00019
PGAP1	PF07819.13	231	D3450.contig5_11	323	0.0017
GMC_oxred_C	PF05199.13	144	D3450.contig5_13	551	4.6e-17
GMC_oxred_N	PF00732.19	296	D3450.contig5_13	551	8e-08
NAD_binding_8	PF13450.6	68	D3450.contig5_13	551	0.00024
Pyr_redox_2	PF07992.14	294	D3450.contig5_13	551	0.0044
FAD_binding_2	PF00890.24	417	D3450.contig5_13	551	0.0065
HxlR	PF01638.17	91	D3450.contig5_15	209	1.5e-16
SCP2	PF02036.17	101	D3450.contig5_15	209	4.1e-07
Alkyl_sulf_C	PF14864.6	126	D3450.contig5_15	209	0.00066
SCP2_2	PF13530.6	104	D3450.contig5_15	209	0.014
OmpW	PF03922.14	192	D3450.contig5_17	243	4.1e-25
OMP_b-brl	PF13505.6	178	D3450.contig5_17	243	3.4e-09
Aminotran_1_2	PF00155.21	363	D3450.contig6_1	123	2e-05
ArsC	PF03960.15	64	D3450.contig6_2	115	4.5e-10
Glutaredoxin	PF00462.24	60	D3450.contig6_2	115	1.9e-06
GST_N_3	PF13417.6	75	D3450.contig6_2	115	7.1e-05
HMG_box_2	PF09011.10	73	D3450.contig6_2	115	0.0069
THDPS_M	PF14789.6	41	D3450.contig6_3	342	5.8e-16
Hexapep_2	PF14602.6	34	D3450.contig6_3	342	1.4e-14
THDPS_N	PF14790.6	168	D3450.contig6_3	342	0.00065
Hexapep	PF00132.24	36	D3450.contig6_3	342	0.0014
Peptidase_M20	PF01546.28	207	D3450.contig6_4	391	1e-42
M20_dimer	PF07687.14	109	D3450.contig6_4	391	2.6e-25
ABATE	PF07336.11	129	D3450.contig6_5	129	0.015
CSD	PF00313.22	66	D3450.contig6_6	184	2.5e-22
OB_RNB	PF08206.11	58	D3450.contig6_6	184	0.067
SlyX	PF04102.12	67	D3450.contig6_7	83	7.9e-15
FliJ	PF02050.16	123	D3450.contig6_7	83	0.001
HAUS-augmin3	PF14932.6	260	D3450.contig6_7	83	0.013
SURF6	PF04935.12	199	D3450.contig6_7	83	0.017
AlaDh_PNT_C	PF01262.21	214	D3450.contig6_8	373	4.3e-83
AlaDh_PNT_N	PF05222.15	136	D3450.contig6_8	373	1.9e-46
2-Hacid_dh_C	PF02826.19	178	D3450.contig6_8	373	3.2e-08
Shikimate_DH	PF01488.20	138	D3450.contig6_8	373	8.5e-06
F420_oxidored	PF03807.17	97	D3450.contig6_8	373	4.2e-05
NAD_binding_2	PF03446.15	158	D3450.contig6_8	373	4.6e-05
3HCDH_N	PF02737.18	180	D3450.contig6_8	373	0.00038
Pyr_redox	PF00070.27	81	D3450.contig6_8	373	0.001
Pyr_redox_2	PF07992.14	294	D3450.contig6_8	373	0.002
NAD_binding_7	PF13241.6	104	D3450.contig6_8	373	0.0022
Acyl-ACP_TE	PF01643.17	248	D3450.contig6_9	145	7.8e-12
Acyl-ACP_TE	PF01643.17	248	D3450.contig6_9	145	7.8e-12
4HBT_2	PF13279.6	123	D3450.contig6_9	145	1e-10
4HBT	PF03061.22	79	D3450.contig6_9	145	3.9e-08
Methyltrans_SAM	PF10672.9	286	D3450.contig6_10	397	5.1e-25
PUA_3	PF17785.1	64	D3450.contig6_10	397	3.3e-17
Cons_hypoth95	PF03602.15	182	D3450.contig6_10	397	5.4e-13
Methyltransf_15	PF09445.10	165	D3450.contig6_10	397	3.1e-10
Met_10	PF02475.16	199	D3450.contig6_10	397	4.5e-09
Methyltransf_24	PF13578.6	106	D3450.contig6_10	397	2e-05
MTS	PF05175.14	169	D3450.contig6_10	397	6.2e-05
TRM	PF02005.16	376	D3450.contig6_10	397	0.00011
Methyltransf_25	PF13649.6	97	D3450.contig6_10	397	0.00042
PrmA	PF06325.13	296	D3450.contig6_10	397	0.0023
UPF0020	PF01170.18	197	D3450.contig6_10	397	0.0065
Fapy_DNA_glyco	PF01149.24	116	D3450.contig6_11	279	1.2e-29
H2TH	PF06831.14	93	D3450.contig6_11	279	1.5e-24
zf-FPG_IleRS	PF06827.14	30	D3450.contig6_11	279	2.3e-08
Ribosomal_L33	PF00471.20	47	D3450.contig6_12	52	1.6e-18
Ribosomal_L28	PF00830.19	60	D3450.contig6_13	79	8.6e-28
RadC	PF04002.15	122	D3450.contig6_14	225	8e-44
Prok-JAB	PF14464.6	118	D3450.contig6_14	225	0.00014
DFP	PF04127.15	186	D3450.contig6_15	448	3.4e-72
Flavoprotein	PF02441.19	158	D3450.contig6_15	448	6.8e-46
dUTPase	PF00692.19	129	D3450.contig6_16	153	1.5e-34
PGM_PMM_I	PF02878.16	138	D3450.contig6_17	462	3.2e-35
PGM_PMM_II	PF02879.16	103	D3450.contig6_17	462	4.2e-26
PGM_PMM_III	PF02880.16	114	D3450.contig6_17	462	3.4e-23
PGM_PMM_IV	PF00408.20	74	D3450.contig6_17	462	1e-11
ADD_DNMT3	PF17980.1	56	D3450.contig7_1	124	0.035
AIRS_C	PF02769.22	156	D3450.contig7_2	348	3.1e-20
AIRS	PF00586.24	94	D3450.contig7_2	348	1e-08
Ras	PF00071.22	162	D3450.contig7_3	94	4e-11
Roc	PF08477.13	120	D3450.contig7_3	94	1.4e-06
Ras	PF00071.22	162	D3450.contig7_4	115	6.1e-17
Pox_MCEL	PF03291.16	333	D3450.contig7_5	211	0.02
WD40	PF00400.32	38	D3450.contig7_7	922	1.1e-12
ANAPC4_WD40	PF12894.7	92	D3450.contig7_7	922	1.5e-05
NMT	PF01233.19	160	D3450.contig7_11	398	5.7e-23
NMT_C	PF02799.15	209	D3450.contig7_11	398	2.8e-06
Cu-oxidase_3	PF07732.15	119	D3450.contig8_2	132	0.037
RrnaAD	PF00398.20	265	D3450.contig8_3	223	2.8e-37
2-Hacid_dh_C	PF02826.19	178	D3450.contig8_4	307	1e-49
2-Hacid_dh	PF00389.30	134	D3450.contig8_4	307	2.7e-20
IlvN	PF07991.12	165	D3450.contig8_4	307	0.0042
NAD_binding_2	PF03446.15	158	D3450.contig8_4	307	0.013
DUF2911	PF11138.8	145	D3450.contig8_5	178	3.9e-41
Mg_chelatase	PF01078.21	207	D3450.contig8_6	514	1.2e-97
ChlI	PF13541.6	121	D3450.contig8_6	514	3.4e-46
Mg_chelatase_C	PF13335.6	93	D3450.contig8_6	514	9.1e-34
AAA_5	PF07728.14	138	D3450.contig8_6	514	2.2e-10
MCM	PF00493.23	224	D3450.contig8_6	514	4.3e-09
Sigma54_activat	PF00158.26	168	D3450.contig8_6	514	3.6e-05
Lon_C	PF05362.13	205	D3450.contig8_6	514	0.00014
AAA_16	PF13191.6	170	D3450.contig8_6	514	0.00091
Bac_transf	PF02397.16	184	D3450.contig8_7	253	7.7e-60
Methyltransf_11	PF08241.12	96	D3450.contig8_9	244	2e-14
Methyltransf_23	PF13489.6	165	D3450.contig8_9	244	7.6e-13
Methyltransf_31	PF13847.6	152	D3450.contig8_9	244	2.2e-08
Methyltransf_12	PF08242.12	99	D3450.contig8_9	244	3.9e-08
Methyltransf_25	PF13649.6	97	D3450.contig8_9	244	8e-08
Ubie_methyltran	PF01209.18	233	D3450.contig8_9	244	1.3e-05
Methyltransf_29	PF03141.16	506	D3450.contig8_9	244	0.013
PRP8_domainIV	PF12134.8	230	D3450.contig9_3	1706	9.2e-120
U6-snRNA_bdg	PF10596.9	159	D3450.contig9_3	1706	5.2e-86
PROCN	PF08083.11	407	D3450.contig9_3	1706	2.7e-75
U5_2-snRNA_bdg	PF10597.9	134	D3450.contig9_3	1706	9.1e-71
PROCT	PF08084.11	123	D3450.contig9_3	1706	1.2e-44
RRM_4	PF10598.9	92	D3450.contig9_3	1706	2.6e-40
JAB	PF01398.21	118	D3450.contig9_3	1706	0.00049
PROCN	PF08083.11	407	D3450.contig9_4	244	9.5e-116
BPD_transp_1	PF00528.22	185	D3450.contig10_2	306	4.1e-09
SBP_bac_8	PF13416.6	282	D3450.contig10_3	342	2.6e-38
SBP_bac_1	PF01547.25	315	D3450.contig10_3	342	8.3e-13
DHBP_synthase	PF00926.19	192	D3450.contig10_4	370	2e-78
GTP_cyclohydro2	PF00925.20	163	D3450.contig10_4	370	6.5e-27
DUF1330	PF07045.11	94	D3450.contig10_5	98	8.9e-37
NUDIX	PF00293.28	131	D3450.contig10_6	160	9.3e-18
FCD	PF07729.12	125	D3450.contig10_7	251	2.4e-23
GntR	PF00392.21	64	D3450.contig10_7	251	1.1e-16
MarR_2	PF12802.7	62	D3450.contig10_7	251	2.3e-05
HTH_24	PF13412.6	48	D3450.contig10_7	251	4.2e-05
HTH_27	PF13463.6	68	D3450.contig10_7	251	0.0001
HTH_CodY	PF08222.11	61	D3450.contig10_7	251	0.00019
HTH_Crp_2	PF13545.6	68	D3450.contig10_7	251	0.00028
TrmB	PF01978.19	68	D3450.contig10_7	251	0.00036
Fe_dep_repress	PF01325.19	60	D3450.contig10_7	251	0.0005
HTH_IclR	PF09339.10	52	D3450.contig10_7	251	0.00053
CMD	PF02627.20	85	D3450.contig10_8	130	1.1e-22
Flavin_Reduct	PF01613.18	155	D3450.contig10_9	124	2.1e-19
Aldedh	PF00171.22	462	D3450.contig10_10	494	5.3e-175
Abhydrolase_1	PF00561.20	257	D3450.contig10_11	278	4.2e-25
Abhydrolase_6	PF12697.7	220	D3450.contig10_11	278	1.5e-21
Hydrolase_4	PF12146.8	239	D3450.contig10_11	278	1.4e-17
Ndr	PF03096.14	283	D3450.contig10_11	278	9.8e-10
Palm_thioest	PF02089.15	242	D3450.contig10_11	278	0.00012
Abhydrolase_2	PF02230.16	217	D3450.contig10_11	278	0.00014
DUF915	PF06028.11	255	D3450.contig10_11	278	0.0002
FSH1	PF03959.13	212	D3450.contig10_11	278	0.00021
Esterase	PF00756.20	251	D3450.contig10_11	278	0.0018
DUF2059	PF09832.9	60	D3450.contig11_1	148	1.3e-06
DNA_topoisoIV	PF00521.20	426	D3450.contig11_2	905	2e-154
DNA_gyraseA_C	PF03989.13	48	D3450.contig11_2	905	7.6e-74
DNA_gyraseA_C	PF03989.13	48	D3450.contig11_2	905	7.6e-74
DNA_gyraseA_C	PF03989.13	48	D3450.contig11_2	905	7.6e-74
DNA_gyraseA_C	PF03989.13	48	D3450.contig11_2	905	7.6e-74
DNA_gyraseA_C	PF03989.13	48	D3450.contig11_2	905	7.6e-74
DNA_gyraseA_C	PF03989.13	48	D3450.contig11_2	905	7.6e-74
OmpA	PF00691.20	95	D3450.contig11_3	220	2.4e-19
Methyltransf_23	PF13489.6	165	D3450.contig11_4	250	3.4e-24
Methyltransf_11	PF08241.12	96	D3450.contig11_4	250	1.5e-20
Methyltransf_25	PF13649.6	97	D3450.contig11_4	250	1.8e-16
Methyltransf_31	PF13847.6	152	D3450.contig11_4	250	2.5e-15
Methyltransf_12	PF08242.12	99	D3450.contig11_4	250	7e-14
Ubie_methyltran	PF01209.18	233	D3450.contig11_4	250	1.3e-08
CMAS	PF02353.20	273	D3450.contig11_4	250	6.7e-08
PrmA	PF06325.13	296	D3450.contig11_4	250	1.4e-06
MTS	PF05175.14	169	D3450.contig11_4	250	6.5e-06
NodS	PF05401.11	201	D3450.contig11_4	250	1.1e-05
Methyltransf_9	PF08003.11	315	D3450.contig11_4	250	0.00012
MetW	PF07021.12	193	D3450.contig11_4	250	0.00064
TPMT	PF05724.11	218	D3450.contig11_4	250	0.002
Methyltransf_32	PF13679.6	158	D3450.contig11_4	250	0.0048
HAD_2	PF13419.6	178	D3450.contig11_5	225	2.3e-33
Hydrolase	PF00702.26	210	D3450.contig11_5	225	1.1e-20
HAD	PF12710.7	188	D3450.contig11_5	225	1.6e-12
Hydrolase_like	PF13242.6	75	D3450.contig11_5	225	5.1e-10
Auxin_repressed	PF05564.12	118	D3450.contig11_6	306	0.038
DUF1854	PF08909.11	130	D3450.contig11_7	157	1.7e-51
Methyltransf_25	PF13649.6	97	D3450.contig12_1	273	0.0018
Methyltransf_23	PF13489.6	165	D3450.contig12_1	273	0.003
Methyltransf_12	PF08242.12	99	D3450.contig12_1	273	0.0035
Methyltransf_11	PF08241.12	96	D3450.contig12_1	273	0.0076
Acetyltransf_7	PF13508.7	76	D3450.contig12_2	146	3.3e-11
Acetyltransf_10	PF13673.7	127	D3450.contig12_2	146	3.1e-08
Acetyltransf_1	PF00583.25	117	D3450.contig12_2	146	9.2e-07
Acetyltransf_CG	PF14542.6	80	D3450.contig12_2	146	0.0016
Acetyltransf_9	PF13527.7	128	D3450.contig12_2	146	0.0076
FA_desaturase	PF00487.24	254	D3450.contig12_4	314	7.8e-30
TctB	PF07331.11	135	D3450.contig12_4	314	0.035
Phosphonate-bd	PF12974.7	243	D3450.contig12_5	260	7.1e-13
SBP_bac_3	PF00497.20	225	D3450.contig12_5	260	0.0047
TA0956	PF11513.8	110	D3450.contig12_6	36	0.12
Sigma70_r4_2	PF08281.12	54	D3450.contig12_7	170	4.7e-14
Sigma70_r2	PF04542.14	71	D3450.contig12_7	170	9.2e-09
Sigma70_r4	PF04545.16	50	D3450.contig12_7	170	1.2e-06
HTH_23	PF13384.6	50	D3450.contig12_7	170	8.6e-06
Sigma70_ECF	PF07638.11	185	D3450.contig12_7	170	1.4e-05
GerE	PF00196.19	57	D3450.contig12_7	170	0.00047
HTH_24	PF13412.6	48	D3450.contig12_7	170	0.002
FecR	PF04773.13	96	D3450.contig12_8	312	1.4e-16
DUF4880	PF16220.5	43	D3450.contig12_8	312	1.1e-11
TonB_dep_Rec	PF00593.24	470	D3450.contig12_9	878	1.6e-38
Plug	PF07715.15	108	D3450.contig12_9	878	1e-23
STN	PF07660.14	52	D3450.contig12_9	878	0.00022
AA_kinase	PF00696.28	241	D3450.contig13_1	134	3e-21
TetR_N	PF00440.23	47	D3450.contig13_2	203	2.5e-09
HTH_AsnC-type	PF13404.6	42	D3450.contig13_2	203	0.0013
TetR_C_16	PF17920.1	107	D3450.contig13_2	203	0.0017
HTH_11	PF08279.12	55	D3450.contig13_2	203	0.0037
Sigma70_r2	PF04542.14	71	D3450.contig13_3	289	1.9e-17
Sigma70_r4	PF04545.16	50	D3450.contig13_3	289	2.3e-16
Sigma70_r1_2	PF00140.20	34	D3450.contig13_3	289	0.0099
FtsX_ECD	PF18075.1	96	D3450.contig13_4	347	5.3e-16
FtsX	PF02687.21	96	D3450.contig13_4	347	0.0012
YscJ_FliF	PF01514.17	194	D3450.contig13_4	347	0.018
ABC_tran	PF00005.27	137	D3450.contig13_5	223	3.4e-34
AAA_21	PF13304.6	303	D3450.contig13_5	223	1e-07
AAA_16	PF13191.6	170	D3450.contig13_5	223	1.3e-07
RsgA_GTPase	PF03193.16	167	D3450.contig13_5	223	0.00047
AAA_29	PF13555.6	61	D3450.contig13_5	223	0.00062
Zeta_toxin	PF06414.12	199	D3450.contig13_5	223	0.0037
SRP54	PF00448.22	196	D3450.contig13_6	449	2e-77
SRP54_N	PF02881.19	75	D3450.contig13_6	449	3.6e-14
Zeta_toxin	PF06414.12	199	D3450.contig13_6	449	8.2e-07
AAA_30	PF13604.6	192	D3450.contig13_6	449	7e-05
AAA_16	PF13191.6	170	D3450.contig13_6	449	0.00032
AAA_17	PF13207.6	136	D3450.contig13_6	449	0.0011
AAA_22	PF13401.6	137	D3450.contig13_6	449	0.0013
Cons_hypoth95	PF03602.15	182	D3450.contig13_7	225	7.9e-56
MTS	PF05175.14	169	D3450.contig13_7	225	3.6e-08
Methyltransf_25	PF13649.6	97	D3450.contig13_7	225	0.0018
ZapB	PF06005.12	71	D3450.contig13_8	65	1e-12
DHR10	PF18595.1	117	D3450.contig13_8	65	0.00015
TolA_bind_tri	PF16331.5	76	D3450.contig13_8	65	0.0031
YabA	PF06156.13	102	D3450.contig13_8	65	0.0034
Tropomyosin_1	PF12718.7	143	D3450.contig13_8	65	0.0095
Acetyltransf_1	PF00583.25	117	D3450.contig13_9	155	3.5e-12
Acetyltransf_10	PF13673.7	127	D3450.contig13_9	155	4e-08
FR47	PF08445.10	86	D3450.contig13_9	155	4.9e-08
Acetyltransf_7	PF13508.7	76	D3450.contig13_9	155	2.5e-07
KdpD	PF02702.17	210	D3450.contig14_1	271	1.1e-93
Usp	PF00582.26	141	D3450.contig14_1	271	0.0037
AAA_30	PF13604.6	192	D3450.contig14_1	271	0.0064
KdpC	PF02669.15	182	D3450.contig14_2	76	1.2e-31
KdpC	PF02669.15	182	D3450.contig14_3	108	3.1e-26
E1-E2_ATPase	PF00122.20	181	D3450.contig14_4	719	5.4e-33
Hydrolase	PF00702.26	210	D3450.contig14_4	719	3.1e-32
Hydrolase_3	PF08282.12	255	D3450.contig14_4	719	0.00026
HAD	PF12710.7	188	D3450.contig14_4	719	0.0011
KdpA	PF03814.15	547	D3450.contig14_5	557	2.4e-224
UPF0126	PF03458.13	78	D3450.contig15_1	201	2e-33
UPF0126	PF03458.13	78	D3450.contig15_1	201	2e-33
B12-binding	PF02310.19	121	D3450.contig15_2	139	6.4e-22
PMT_2	PF13231.6	159	D3450.contig15_3	538	1e-24
PMT	PF02366.18	245	D3450.contig15_3	538	5.6e-09
tRNA-synt_1c	PF00749.21	314	D3450.contig15_4	523	2.7e-91
Polysacc_deac_1	PF01522.21	124	D3450.contig15_5	205	8.4e-25
TatD_DNase	PF01026.21	255	D3450.contig15_6	313	1.1e-64
FemAB_like	PF04339.12	370	D3450.contig16_1	40	5.4e-07
Ni_hydr_CYTB	PF01292.20	182	D3450.contig16_2	185	9.7e-24
Pyrophosphatase	PF00719.19	160	D3450.contig16_3	176	2.2e-50
Aldedh	PF00171.22	462	D3450.contig16_4	479	3.3e-155
MFS_1	PF07690.16	353	D3450.contig16_6	435	7.5e-46
MFS_4	PF06779.14	363	D3450.contig16_6	435	1.3e-06
DHDPS	PF00701.22	289	D3450.contig16_7	223	2e-39
GST_N	PF02798.20	76	D3450.contig17_1	110	3.5e-10
GST_N	PF02798.20	76	D3450.contig17_1	110	3.5e-10
GST_N_3	PF13417.6	75	D3450.contig17_1	110	2.5e-09
GST_N_2	PF13409.6	70	D3450.contig17_1	110	1.2e-08
GST_C_3	PF14497.6	99	D3450.contig17_3	70	1.1e-05
GST_C	PF00043.25	93	D3450.contig17_3	70	1.1e-05
GST_C_2	PF13410.6	69	D3450.contig17_3	70	9.5e-05
Epimerase	PF01370.21	241	D3450.contig17_4	246	1.6e-20
GDP_Man_Dehyd	PF16363.5	332	D3450.contig17_4	246	5.3e-11
3Beta_HSD	PF01073.19	280	D3450.contig17_4	246	6.1e-10
NAD_binding_10	PF13460.6	184	D3450.contig17_4	246	1.1e-07
Polysacc_synt_2	PF02719.15	294	D3450.contig17_4	246	3.8e-07
NmrA	PF05368.13	233	D3450.contig17_4	246	1.9e-05
NAD_binding_4	PF07993.12	257	D3450.contig17_4	246	6.8e-05
RmlD_sub_bind	PF04321.17	287	D3450.contig17_4	246	0.00017
Sugar_tr	PF00083.24	452	D3450.contig17_5	470	5.8e-35
MFS_1	PF07690.16	353	D3450.contig17_5	470	4.6e-28
MFS_1	PF07690.16	353	D3450.contig17_5	470	4.6e-28
MFS_4	PF06779.14	363	D3450.contig17_5	470	0.00017
Amidohydro_1	PF01979.20	344	D3450.contig17_6	170	0.0043
MCPsignal	PF00015.21	172	D3450.contig17_7	170	8.6e-37
Mur_ligase_M	PF08245.12	192	D3450.contig18_1	857	3.4e-20
Mur_ligase_C	PF02875.21	91	D3450.contig18_1	857	1.1e-12
RimK	PF08443.11	188	D3450.contig18_1	857	1.7e-12
CPSase_L_D2	PF02786.17	211	D3450.contig18_1	857	3.5e-08
GARS_A	PF01071.19	194	D3450.contig18_1	857	3.8e-08
ATP-grasp_5	PF13549.6	222	D3450.contig18_1	857	1.9e-07
ATP-grasp	PF02222.22	171	D3450.contig18_1	857	1e-06
ATP-grasp_3	PF02655.14	161	D3450.contig18_1	857	1.8e-06
Dala_Dala_lig_C	PF07478.13	204	D3450.contig18_1	857	2e-05
ATPgrasp_ST	PF14397.6	288	D3450.contig18_1	857	0.0001
ATP-grasp_2	PF08442.10	202	D3450.contig18_1	857	0.0016
DUF4938	PF16292.5	302	D3450.contig18_1	857	0.0021
Mur_ligase_M	PF08245.12	192	D3450.contig18_2	411	4.6e-15
Mur_ligase_C	PF02875.21	91	D3450.contig18_2	411	1.5e-10
TonB_dep_Rec	PF00593.24	470	D3450.contig19_1	893	1.5e-08
SusD-like_2	PF12771.7	414	D3450.contig19_2	406	1.5e-31
SusD-like	PF12741.7	496	D3450.contig19_2	406	4.9e-15
Aminotran_3	PF00202.21	406	D3450.contig20_1	312	1.5e-50
Aminotran_1_2	PF00155.21	363	D3450.contig20_1	312	0.017
rve	PF00665.26	119	D3450.contig20_2	264	8.7e-33
rve_3	PF13683.6	67	D3450.contig20_2	264	9.5e-13
HTH_21	PF13276.6	60	D3450.contig20_2	264	1.8e-09
rve_2	PF13333.6	52	D3450.contig20_2	264	3.6e-09
DDE_Tnp_IS240	PF13610.6	140	D3450.contig20_2	264	7e-08
HTH_Tnp_1	PF01527.20	75	D3450.contig20_3	101	3.2e-13
HTH_28	PF13518.6	52	D3450.contig20_3	101	1.7e-06
HTH_23	PF13384.6	50	D3450.contig20_3	101	2.4e-05
HTH_Tnp_ISL3	PF13542.6	52	D3450.contig20_3	101	0.00051
HTH_29	PF13551.6	63	D3450.contig20_3	101	0.00075
ANT	PF03374.14	108	D3450.contig20_3	101	0.00086
HTH_8	PF02954.19	42	D3450.contig20_3	101	0.0076
DDE_Tnp_1	PF01609.21	214	D3450.contig20_5	321	1.4e-23
DUF772	PF05598.11	73	D3450.contig20_5	321	1.5e-21
DDE_Tnp_1_6	PF13751.6	125	D3450.contig20_5	321	0.0001
DDE_Tnp_4	PF13359.6	158	D3450.contig20_5	321	0.00022
Glyco_hydro_92	PF07971.12	462	D3450.contig21_1	709	2.4e-137
Glyco_hydro_92N	PF17678.1	237	D3450.contig21_1	709	7.3e-39
Glyco_hydro_36N	PF16875.5	253	D3450.contig21_2	176	6.9e-18
CagX	PF03524.15	211	D3450.contig22_2	275	2e-57
VirB8	PF04335.13	214	D3450.contig22_3	235	9e-50
T4SS	PF07996.11	197	D3450.contig22_5	137	3.4e-29
Flu_PA	PF00603.17	694	D3450.contig22_5	137	0.00028
T4SS	PF07996.11	197	D3450.contig22_6	118	5.4e-13
TrbL	PF04610.14	215	D3450.contig22_7	164	0.013
OCD_Mu_crystall	PF02423.15	318	D3450.contig23_1	335	5.7e-56
THF_DHG_CYH_C	PF02882.19	160	D3450.contig23_1	335	0.015
Lyase_aromatic	PF00221.19	464	D3450.contig23_2	465	6e-103
Lyase_aromatic	PF00221.19	464	D3450.contig23_2	465	6e-103
GST_C	PF00043.25	93	D3450.contig23_3	152	4.6e-10
GST_C_3	PF14497.6	99	D3450.contig23_3	152	1.1e-08
GST_C_2	PF13410.6	69	D3450.contig23_3	152	8.9e-05
