target	acc	tlen	query	qlen	evalue
AmiS_UreI	PF02293.15	166	D3854.contig1_3	52	0.064
RepL	PF05732.11	165	D3854.contig1_5	219	2.1e-05
DUF3435	PF11917.8	418	D3854.contig1_9	189	0.01
PG_binding_3	PF09374.10	76	D3854.contig1_12	117	0.00025
Glyco_hydro_108	PF05838.12	85	D3854.contig1_14	143	3.2e-19
FixH	PF05751.11	150	D3854.contig1_15	93	0.0052
Rab5-bind	PF09311.11	307	D3854.contig1_15	93	0.026
YicC_N	PF03755.13	151	D3854.contig1_19	437	0.011
Flagellin_IN	PF07196.13	56	D3854.contig1_23	288	0.022
SL4P	PF17618.2	88	D3854.contig1_25	80	0.066
Filament	PF00038.21	312	D3854.contig1_27	869	4e-05
Baculo_PEP_C	PF04513.12	140	D3854.contig1_27	869	0.00013
DUF1664	PF07889.12	124	D3854.contig1_27	869	0.00031
BshC	PF10079.9	538	D3854.contig1_27	869	0.0005
RIX1	PF08167.12	188	D3854.contig1_28	697	5.1e-06
BACON	PF13004.7	53	D3854.contig1_30	1295	0.011
BACON	PF13004.7	53	D3854.contig1_30	1295	0.011
YfhO	PF09586.10	839	D3854.contig1_33	110	0.079
Baculo_PEP_C	PF04513.12	140	D3854.contig1_35	172	0.00015
Apolipoprotein	PF01442.18	190	D3854.contig1_35	172	0.00032
Dynactin	PF12455.8	286	D3854.contig1_35	172	0.0024
RmuC	PF02646.16	291	D3854.contig1_37	94	9.9e-05
TMF_DNA_bd	PF12329.8	74	D3854.contig1_37	94	0.00049
BLOC1_2	PF10046.9	96	D3854.contig1_37	94	0.00056
UPF0242	PF06785.11	193	D3854.contig1_37	94	0.0007
DASH_Spc34	PF08657.10	255	D3854.contig1_37	94	0.00075
CLZ	PF16526.5	71	D3854.contig1_37	94	0.0016
XhlA	PF10779.9	67	D3854.contig1_37	94	0.0018
AAA_13	PF13166.6	713	D3854.contig1_37	94	0.0027
Gly_transf_sug	PF04488.15	98	D3854.contig1_40	186	0.05
CH	PF00307.31	109	D3854.contig1_46	1958	0.052
Phage_gp49_66	PF13876.6	81	D3854.contig1_51	150	1.9e-15
Thioredoxin_3	PF13192.6	76	D3854.contig1_53	93	0.0015
UxaC	PF02614.14	464	D3854.contig1_53	93	0.027
Regulator_TrmB	PF11495.8	233	D3854.contig1_53	93	0.03
DUF4222	PF13973.6	53	D3854.contig1_56	86	0.092
HNH_3	PF13392.6	46	D3854.contig1_58	285	3.8e-07
DUF932	PF06067.11	228	D3854.contig1_60	354	5.1e-45
HU-CCDC81_bac_2	PF18175.1	70	D3854.contig1_61	40	0.0088
Sipho_Gp157	PF05565.11	163	D3854.contig1_62	260	3.1e-15
Sipho_Gp157	PF05565.11	163	D3854.contig1_62	260	3.1e-15
Phage_sheath_1C	PF17482.2	104	D3854.contig1_62	260	0.01
DUF3228	PF11539.8	194	D3854.contig1_64	92	0.048
Thy1	PF02511.15	188	D3854.contig1_65	290	2.3e-22
Thy1	PF02511.15	188	D3854.contig1_65	290	2.3e-22
FYVE	PF01363.21	68	D3854.contig1_66	128	0.022
DNA_ligase_A_M	PF01068.21	204	D3854.contig1_69	406	2.7e-09
DUF4723	PF15851.5	81	D3854.contig1_75	311	0.029
DNA_pol_B	PF00136.21	459	D3854.contig1_77	776	1.8e-08
UDG	PF03167.19	155	D3854.contig1_78	185	0.00096
AAA_30	PF13604.6	192	D3854.contig1_79	487	3.6e-24
AAA_19	PF13245.6	146	D3854.contig1_79	487	5.3e-15
PIF1	PF05970.14	364	D3854.contig1_79	487	5.4e-11
UvrD_C_2	PF13538.6	52	D3854.contig1_79	487	2.6e-10
AAA_11	PF13086.6	261	D3854.contig1_79	487	1.2e-05
UvrD_C	PF13361.6	349	D3854.contig1_79	487	0.00042
ADP_PFK_GK	PF04587.15	424	D3854.contig1_81	111	0.031
Peptidase_M24	PF00557.24	209	D3854.contig1_81	111	0.043
GCN5L1	PF06320.13	114	D3854.contig1_82	93	0.017
HTH_23	PF13384.6	50	D3854.contig2_1	974	8.2e-09
Sigma70_r4_2	PF08281.12	54	D3854.contig2_1	974	1e-06
HTH_7	PF02796.15	45	D3854.contig2_1	974	6.7e-06
HTH_24	PF13412.6	48	D3854.contig2_1	974	1e-05
HTH_38	PF13936.6	44	D3854.contig2_1	974	1.1e-05
Trp_repressor	PF01371.19	88	D3854.contig2_1	974	3.4e-05
HTH_Tnp_ISL3	PF13542.6	52	D3854.contig2_1	974	4.8e-05
HTH_29	PF13551.6	63	D3854.contig2_1	974	5.2e-05
RdRP	PF05183.12	586	D3854.contig2_1	974	7e-05
HTH_3	PF01381.22	55	D3854.contig2_1	974	0.00019
LZ_Tnp_IS481	PF13011.6	85	D3854.contig2_2	359	0.0038
EbsA	PF17255.2	133	D3854.contig2_4	85	0.4
DUF4392	PF14336.6	295	D3854.contig2_12	118	0.064
ABC_tran_Xtn	PF12848.7	85	D3854.contig2_12	118	0.074
Helicase_PWI	PF18149.1	111	D3854.contig2_16	104	0.057
FAP206	PF12018.8	276	D3854.contig2_18	75	0.0053
IFP_35_N	PF07334.13	76	D3854.contig2_18	75	0.0086
Collagen_bind	PF05737.12	131	D3854.contig2_20	571	9.9e-12
Big_8	PF17961.1	102	D3854.contig2_20	571	4.2e-11
Gram_pos_anchor	PF00746.21	43	D3854.contig2_20	571	0.00027
DUF1599	PF07659.11	61	D3854.contig2_22	141	6.7e-12
DUF2800	PF10926.8	363	D3854.contig2_23	196	3e-06
PDDEXK_1	PF12705.7	255	D3854.contig2_23	196	0.028
HTH_11	PF08279.12	55	D3854.contig2_32	69	5.7e-05
HTH_23	PF13384.6	50	D3854.contig2_32	69	0.00082
HTH_7	PF02796.15	45	D3854.contig2_32	69	0.0013
HTH_psq	PF05225.16	45	D3854.contig2_32	69	0.0048
DUF2706	PF10913.8	59	D3854.contig2_33	122	0.047
ABC_tran	PF00005.27	137	D3854.contig2_34	1384	0.0025
Rad17	PF03215.15	186	D3854.contig2_34	1384	0.0046
DUF1731	PF08338.11	47	D3854.contig2_37	317	0.027
DUF1820	PF08850.11	97	D3854.contig2_43	140	0.012
DUF5383	PF17355.2	124	D3854.contig2_47	57	0.0053
DUF4636	PF15468.6	243	D3854.contig2_47	57	0.069
ZoocinA_TRD	PF16775.5	106	D3854.contig2_49	318	6.3e-27
CHAP	PF05257.16	83	D3854.contig2_51	476	9.1e-07
Glucosaminidase	PF01832.20	87	D3854.contig2_51	476	3.1e-06
ZoocinA_TRD	PF16775.5	106	D3854.contig2_52	283	2.3e-27
Amidase_5	PF05382.13	142	D3854.contig2_52	283	4.4e-20
NLPC_P60	PF00877.19	105	D3854.contig2_52	283	0.0011
CHAP	PF05257.16	83	D3854.contig2_52	283	0.017
HSBP1	PF06825.12	51	D3854.contig2_53	91	0.011
Invasin_D3	PF09134.10	96	D3854.contig2_55	149	0.002
DUF2012	PF09430.10	123	D3854.contig2_55	149	0.018
Phage_holin_1	PF04531.13	82	D3854.contig2_56	77	1.2e-20
Phage_holin_4_1	PF05105.12	114	D3854.contig2_57	149	7.1e-13
DUF859	PF05895.12	626	D3854.contig2_59	683	4.5e-135
Collagen	PF01391.18	60	D3854.contig2_60	1583	4e-11
Collagen	PF01391.18	60	D3854.contig2_60	1583	4e-11
Sipho_tail	PF05709.11	255	D3854.contig2_61	570	5.6e-30
TctC	PF03401.14	274	D3854.contig2_64	175	0.026
PWWP	PF00855.17	96	D3854.contig2_67	102	0.097
Caveolin	PF01146.17	133	D3854.contig2_68	122	0.037
Phage_capsid	PF05065.13	280	D3854.contig2_69	702	4.2e-14
Peptidase_S78	PF04586.17	163	D3854.contig2_69	702	2.7e-08
CDC45	PF02724.14	636	D3854.contig2_69	702	0.088
Phage_portal	PF04860.12	314	D3854.contig2_72	451	8.5e-21
Terminase_1	PF03354.15	468	D3854.contig2_73	577	5.9e-43
AceK	PF06315.11	561	D3854.contig2_73	577	0.014
DNA_ligase_A_C	PF04679.15	99	D3854.contig3_1	286	0.0032
Hom_end_hint	PF05203.16	228	D3854.contig3_2	1239	1.1e-24
Intein_splicing	PF14890.6	134	D3854.contig3_2	1239	8.2e-23
Hint	PF01079.20	214	D3854.contig3_2	1239	2.2e-10
Hint	PF01079.20	214	D3854.contig3_2	1239	2.2e-10
Hint_2	PF13403.6	143	D3854.contig3_2	1239	1.7e-09
Hint_2	PF13403.6	143	D3854.contig3_2	1239	1.7e-09
PT-HINT	PF07591.11	137	D3854.contig3_2	1239	8e-09
Terminase_6C	PF17289.2	155	D3854.contig3_2	1239	0.00012
Terminase_6	PF03237.15	215	D3854.contig3_2	1239	0.00052
Phage_prot_Gp6	PF05133.14	420	D3854.contig3_3	526	1.1e-29
DUF4055	PF13264.6	135	D3854.contig3_3	526	0.0035
DUF4043	PF13252.6	353	D3854.contig3_5	324	4.2e-05
Rib_5-P_isom_A	PF06026.14	173	D3854.contig3_6	106	0.032
DUF2271	PF10029.9	136	D3854.contig3_7	294	0.043
HK97-gp10_like	PF04883.12	81	D3854.contig3_9	156	2.7e-05
Phage_sheath_1	PF04984.14	168	D3854.contig3_12	475	8.9e-09
Phage_sheath_1N	PF17481.2	104	D3854.contig3_12	475	3.5e-07
Phage_sheath_1C	PF17482.2	104	D3854.contig3_12	475	3e-05
Phage_T4_gp19	PF06841.12	134	D3854.contig3_13	158	1.1e-28
T4_baseplate	PF12322.8	205	D3854.contig3_14	281	5.2e-08
IL32	PF15225.6	101	D3854.contig3_16	878	0.011
Phage_tail_X	PF05489.12	60	D3854.contig3_18	94	1.8e-06
LysM	PF01476.20	44	D3854.contig3_18	94	0.00012
Phage_GPD	PF05954.11	304	D3854.contig3_19	364	2e-05
DUF3944	PF13099.6	35	D3854.contig3_19	364	0.002
TALPID3	PF15324.6	1254	D3854.contig3_19	364	0.013
PAAR_motif	PF05488.13	70	D3854.contig3_22	107	8e-13
DUF4150	PF13665.6	108	D3854.contig3_22	107	4.8e-05
zf-CCHC_2	PF13696.6	21	D3854.contig3_22	107	0.026
DUF2167	PF09935.9	239	D3854.contig3_23	132	0.0083
DUF1406	PF07190.11	172	D3854.contig3_23	132	0.023
GPW_gp25	PF04965.14	95	D3854.contig3_23	132	0.037
Baseplate_J	PF04865.14	255	D3854.contig3_24	493	1e-09
Tail_P2_I	PF09684.10	136	D3854.contig3_25	216	9.3e-05
DUF3751	PF12571.8	150	D3854.contig3_26	518	0.022
L_protein_N	PF15518.6	93	D3854.contig3_32	361	0.0096
DUF2644	PF10841.8	59	D3854.contig3_34	99	0.00034
Rab5ip	PF07019.12	82	D3854.contig3_34	99	0.0021
Amidase_2	PF01510.25	126	D3854.contig3_35	194	1.9e-10
SLH	PF00395.20	45	D3854.contig3_35	194	0.013
Prominin	PF05478.11	800	D3854.contig3_36	147	0.0081
ResIII	PF04851.15	171	D3854.contig3_40	545	3e-26
SWI2_SNF2	PF18766.1	224	D3854.contig3_40	545	2.6e-06
Helicase_C	PF00271.31	111	D3854.contig3_40	545	5.2e-06
Myb_DNA-bind_7	PF15963.5	88	D3854.contig3_41	171	0.023
MerR_1	PF13411.6	69	D3854.contig3_42	107	2.9e-08
MerR	PF00376.23	38	D3854.contig3_42	107	1.5e-05
HTH_17	PF12728.7	51	D3854.contig3_42	107	0.0077
IstB_IS21	PF01695.17	178	D3854.contig3_45	200	4.9e-07
AAA	PF00004.29	132	D3854.contig3_45	200	0.0026
ATPase_2	PF01637.18	233	D3854.contig3_45	200	0.013
DnaB_C	PF03796.15	255	D3854.contig3_47	590	3.6e-23
DnaB_C	PF03796.15	255	D3854.contig3_47	590	3.6e-23
Toprim_4	PF13662.6	89	D3854.contig3_48	344	4.5e-10
zf-CHC2	PF01807.20	98	D3854.contig3_48	344	1.2e-09
Toprim_2	PF13155.6	90	D3854.contig3_48	344	2.3e-07
Toprim	PF01751.22	103	D3854.contig3_48	344	0.0021
Bac_DNA_binding	PF00216.21	90	D3854.contig3_50	93	4.1e-29
HU-CCDC81_euk_2	PF18289.1	75	D3854.contig3_50	93	0.0015
HU-HIG	PF18291.1	125	D3854.contig3_50	93	0.04
DNA_pol_A	PF00476.20	376	D3854.contig3_51	550	1.4e-39
DNA_pol_A	PF00476.20	376	D3854.contig3_51	550	1.4e-39
DNA_pol_A_exo1	PF01612.20	176	D3854.contig3_51	550	1.1e-23
DNA_pol_A	PF00476.20	376	D3854.contig3_53	90	2.1e-17
DNA_pol_A	PF00476.20	376	D3854.contig3_54	55	0.0004
HTH_23	PF13384.6	50	D3854.contig3_55	292	1.6e-11
HTH_23	PF13384.6	50	D3854.contig3_55	292	1.6e-11
HTH_38	PF13936.6	44	D3854.contig3_55	292	4.9e-10
HTH_50	PF18024.1	50	D3854.contig3_55	292	7e-08
HTH_3	PF01381.22	55	D3854.contig3_55	292	9.8e-06
DpnD-PcfM	PF14207.6	46	D3854.contig3_56	58	0.00034
RecA	PF00154.21	263	D3854.contig3_57	358	2.7e-54
Rad51	PF08423.11	255	D3854.contig3_57	358	2.4e-10
ATPase	PF06745.13	231	D3854.contig3_57	358	3.9e-10
PDDEXK_1	PF12705.7	255	D3854.contig3_61	298	3.5e-07
DUF2189	PF09955.9	126	D3854.contig3_62	74	0.0069
PIG-Y	PF15159.6	70	D3854.contig3_62	74	0.0075
Vps23_core	PF09454.10	64	D3854.contig3_63	180	0.065
Hjc	PF01870.18	93	D3854.contig3_64	143	0.0029
Peptidase_S24	PF00717.23	70	D3854.contig3_65	123	6.4e-09
Peptidase_S26	PF10502.9	138	D3854.contig3_65	123	0.00015
SpoVS	PF04232.12	83	D3854.contig3_66	90	8.2e-25
PTPS	PF01242.19	123	D3854.contig3_67	113	7.4e-23
DUF2606	PF10794.9	130	D3854.contig4_1	800	0.0058
DUF2577	PF10844.8	98	D3854.contig4_4	125	3.3e-17
Serglycin	PF04360.12	149	D3854.contig4_4	125	0.00018
DUF2634	PF10934.8	105	D3854.contig4_5	137	1.7e-24
GPW_gp25	PF04965.14	95	D3854.contig4_5	137	1.2e-05
Baseplate_J	PF04865.14	255	D3854.contig4_6	378	1.2e-48
DUF2313	PF10076.9	163	D3854.contig4_7	195	8.8e-15
DUF4058	PF13267.6	254	D3854.contig4_7	195	0.025
DUF4320	PF14208.6	118	D3854.contig4_8	92	0.018
Phage_head_fibr	PF11133.8	277	D3854.contig4_9	404	0.00035
Phage_holin_4_1	PF05105.12	114	D3854.contig4_10	146	2.1e-17
Bac_export_2	PF01312.19	330	D3854.contig4_10	146	0.022
Amidase_3	PF01520.18	175	D3854.contig4_11	325	1.3e-16
NHase_beta	PF02211.15	219	D3854.contig4_11	325	4.6e-07
TA_inhibitor	PF17574.2	89	D3854.contig4_11	325	0.0049
NYN	PF01936.18	147	D3854.contig4_12	225	6.8e-11
Sortase	PF04203.13	125	D3854.contig4_13	99	0.064
YolD	PF08863.10	94	D3854.contig4_14	120	0.002
Phage_integrase	PF00589.22	172	D3854.contig4_15	408	1.4e-26
Phage_int_SAM_3	PF14659.6	58	D3854.contig4_15	408	2.7e-14
Phage_int_SAM_5	PF13102.6	99	D3854.contig4_15	408	2.3e-07
Arm-DNA-bind_4	PF14657.6	46	D3854.contig4_15	408	2.9e-07
Anthrax_toxA	PF03497.16	176	D3854.contig4_17	114	0.02
HSDR_N	PF04313.14	194	D3854.contig4_18	356	4.9e-14
HSDR_N_2	PF13588.6	110	D3854.contig4_18	356	1.4e-09
PDDEXK_3	PF13366.6	118	D3854.contig4_18	356	0.00034
Peptidase_M78	PF06114.13	123	D3854.contig4_19	160	4.1e-05
HTH_3	PF01381.22	55	D3854.contig4_20	109	6.8e-17
HTH_19	PF12844.7	65	D3854.contig4_20	109	2.9e-15
HTH_31	PF13560.6	64	D3854.contig4_20	109	2.4e-12
MqsA_antitoxin	PF15731.5	131	D3854.contig4_20	109	0.00014
HTH_3	PF01381.22	55	D3854.contig4_21	75	2.4e-16
HTH_31	PF13560.6	64	D3854.contig4_21	75	3.6e-11
HTH_19	PF12844.7	65	D3854.contig4_21	75	1.5e-06
HTH_37	PF13744.6	80	D3854.contig4_21	75	0.00024
HTH_26	PF13443.6	63	D3854.contig4_21	75	0.00027
Sigma70_r4	PF04545.16	50	D3854.contig4_21	75	0.0074
HTH_25	PF13413.6	62	D3854.contig4_21	75	0.0097
HTH_17	PF12728.7	51	D3854.contig4_24	78	5.9e-07
Phage_CI_repr	PF07022.13	65	D3854.contig4_24	78	0.0027
HTH_26	PF13443.6	63	D3854.contig4_24	78	0.0027
Ndc1_Nup	PF09531.10	611	D3854.contig4_25	64	0.023
YqaJ	PF09588.10	148	D3854.contig4_27	315	9.5e-34
OGG_N	PF07934.12	121	D3854.contig4_27	315	0.024
RecT	PF03837.14	199	D3854.contig4_28	280	4.4e-48
DUF4373	PF14297.6	96	D3854.contig4_29	308	6.8e-28
DnaB_2	PF07261.11	74	D3854.contig4_29	308	1.9e-08
RusA	PF05866.11	124	D3854.contig4_30	136	1.6e-28
Phage_integrase	PF00589.22	172	D3854.contig4_32	319	1.6e-28
Phage_int_SAM_4	PF13495.6	85	D3854.contig4_32	319	4.5e-11
Phage_int_SAM_1	PF02899.17	84	D3854.contig4_32	319	1.8e-05
TPR_2	PF07719.17	34	D3854.contig4_35	100	0.00025
TPR_1	PF00515.28	34	D3854.contig4_35	100	0.0003
TPR_7	PF13176.6	36	D3854.contig4_35	100	0.0076
TPR_8	PF13181.6	34	D3854.contig4_35	100	0.0077
TPR_12	PF13424.6	77	D3854.contig4_35	100	0.0081
YopX	PF09643.10	131	D3854.contig4_36	141	6e-15
SlyX	PF04102.12	67	D3854.contig4_37	63	0.0012
Med9	PF07544.13	80	D3854.contig4_37	63	0.0046
MHC2-interact	PF09307.10	109	D3854.contig4_37	63	0.0075
EF-hand_4	PF12763.7	104	D3854.contig4_42	130	0.0039
Phage_terminase	PF10668.9	60	D3854.contig4_43	258	5e-22
HTH_23	PF13384.6	50	D3854.contig4_43	258	6.2e-05
Terminase_5	PF06056.12	58	D3854.contig4_43	258	0.00016
DUF1804	PF08822.11	164	D3854.contig4_43	258	0.00032
HTH_Tnp_1	PF01527.20	75	D3854.contig4_43	258	0.00078
Terminase_6	PF03237.15	215	D3854.contig4_44	427	2e-09
Terminase_3	PF04466.13	201	D3854.contig4_44	427	8.2e-07
Terminase_6C	PF17289.2	155	D3854.contig4_44	427	0.01
Phage_prot_Gp6	PF05133.14	420	D3854.contig4_45	472	2.1e-91
Phage_Mu_F	PF04233.14	112	D3854.contig4_46	599	9.4e-13
YebO	PF13974.6	80	D3854.contig4_48	71	0.0049
HGD-D	PF06050.13	323	D3854.contig4_48	71	0.067
Phage_GP20	PF06810.11	149	D3854.contig4_50	194	1.1e-35
Fez1	PF06818.15	198	D3854.contig4_50	194	0.0065
HK97-gp10_like	PF04883.12	81	D3854.contig4_54	159	9.4e-07
Phage_sheath_1	PF04984.14	168	D3854.contig4_57	434	4.9e-33
Phage_sheath_1C	PF17482.2	104	D3854.contig4_57	434	3.5e-24
Phage_sheath_1N	PF17481.2	104	D3854.contig4_57	434	1.1e-09
DUF2001	PF09393.10	139	D3854.contig4_58	155	6.7e-45
Orbi_VP5	PF00901.17	507	D3854.contig4_58	155	0.0075
Phage_TAC_5	PF08890.11	136	D3854.contig4_59	131	4e-28
RE_BsaWI	PF18643.1	106	D3854.contig4_60	61	0.054
PhageMin_Tail	PF10145.9	198	D3854.contig4_61	705	8.4e-54
Baculo_PEP_C	PF04513.12	140	D3854.contig4_61	705	1.2e-08
HNH	PF01844.23	47	D3854.contig5_1	115	0.00052
HicB_lk_antitox	PF15919.5	123	D3854.contig5_6	137	1.8e-13
HicA_toxin	PF07927.12	58	D3854.contig5_7	72	2.5e-22
DUF1922	PF09082.10	67	D3854.contig5_8	250	0.00023
HTH_17	PF12728.7	51	D3854.contig5_8	250	0.0032
DUF4649	PF15507.6	68	D3854.contig5_10	102	0.017
Lar_restr_allev	PF14354.6	62	D3854.contig5_11	94	9.1e-05
Prim_Zn_Ribbon	PF08273.12	38	D3854.contig5_11	94	0.0014
DUF1178	PF06676.11	150	D3854.contig5_11	94	0.013
HTH_36	PF13730.6	55	D3854.contig5_15	298	5.3e-11
HTH_Crp_2	PF13545.6	68	D3854.contig5_15	298	3.9e-05
MarR_2	PF12802.7	62	D3854.contig5_15	298	0.00014
HTH_24	PF13412.6	48	D3854.contig5_15	298	0.00087
Replic_Relax	PF13814.6	192	D3854.contig5_15	298	0.0019
ParBc	PF02195.18	90	D3854.contig5_16	466	4.3e-18
SSB	PF00436.25	104	D3854.contig5_17	177	2.5e-27
tRNA_anti-codon	PF01336.25	76	D3854.contig5_17	177	0.011
tRNA_anti_2	PF13742.6	95	D3854.contig5_17	177	0.024
HTH_17	PF12728.7	51	D3854.contig5_21	78	0.00019
HTH_29	PF13551.6	63	D3854.contig5_21	78	0.0052
tRNA_anti-like	PF12869.7	161	D3854.contig5_22	81	0.0067
DELLA	PF12041.8	69	D3854.contig5_22	81	0.04
m04gp34like	PF12216.8	272	D3854.contig5_23	152	0.087
ANT	PF03374.14	108	D3854.contig5_24	261	1.9e-31
Bro-N	PF02498.17	95	D3854.contig5_24	261	2e-28
HTH_3	PF01381.22	55	D3854.contig5_26	82	3.7e-07
HTH_31	PF13560.6	64	D3854.contig5_26	82	2.8e-06
HTH_26	PF13443.6	63	D3854.contig5_26	82	2.6e-05
DUF739	PF05339.11	69	D3854.contig5_26	82	7.5e-05
YdaS_antitoxin	PF15943.5	65	D3854.contig5_26	82	0.0003
BetR	PF08667.10	148	D3854.contig5_26	82	0.00095
HTH_10	PF04967.12	53	D3854.contig5_26	82	0.0029
DUF3800	PF12686.7	120	D3854.contig5_28	235	5.1e-10
RNA_pol_Rbc25	PF08292.12	129	D3854.contig5_28	235	0.02
Peptidase_M78	PF06114.13	123	D3854.contig5_30	121	0.00065
DUF262	PF03235.14	221	D3854.contig5_31	425	9.2e-20
Utp13	PF08625.11	142	D3854.contig5_31	425	0.0064
Phage_integrase	PF00589.22	172	D3854.contig5_33	407	1.4e-17
Phage_int_SAM_3	PF14659.6	58	D3854.contig5_33	407	7.3e-06
Phage_int_SAM_5	PF13102.6	99	D3854.contig5_33	407	2.6e-05
DUF5324	PF17258.2	220	D3854.contig5_33	407	0.0095
HTH_3	PF01381.22	55	D3854.contig5_35	65	6.8e-09
HTH_26	PF13443.6	63	D3854.contig5_35	65	3.4e-07
HTH_31	PF13560.6	64	D3854.contig5_35	65	2.4e-06
HTH_19	PF12844.7	65	D3854.contig5_35	65	0.0001
HTH_23	PF13384.6	50	D3854.contig5_35	65	0.00012
YdaS_antitoxin	PF15943.5	65	D3854.contig5_35	65	0.00055
HTH_28	PF13518.6	52	D3854.contig5_35	65	0.0011
CHAP	PF05257.16	83	D3854.contig5_36	278	8.6e-12
PG_binding_1	PF01471.18	57	D3854.contig5_36	278	7.5e-08
NLPC_P60	PF00877.19	105	D3854.contig5_36	278	0.001
Holin_SPP1	PF04688.13	74	D3854.contig5_37	142	1.6e-12
Trp_oprn_chp	PF09534.10	180	D3854.contig5_39	192	0.02
Prophage_tail	PF06605.11	316	D3854.contig5_42	621	6.8e-35
Sipho_tail	PF05709.11	255	D3854.contig5_43	260	8.4e-05
PhageMin_Tail	PF10145.9	198	D3854.contig5_44	1045	1.5e-47
DUF3520	PF12034.8	182	D3854.contig5_49	143	0.0057
Phage_head_fibr	PF11133.8	277	D3854.contig5_52	145	9e-10
FMN_bind	PF04205.14	69	D3854.contig5_52	145	0.081
Phage_capsid	PF05065.13	280	D3854.contig5_53	319	3.4e-39
ETF	PF01012.21	182	D3854.contig5_54	188	0.014
EndoU_bacteria	PF14436.6	125	D3854.contig5_56	405	1.8e-06
Phage_prot_Gp6	PF05133.14	420	D3854.contig5_57	469	2.4e-35
Prim-Pol	PF09250.11	158	D3854.contig5_60	196	6.3e-06
Amidase_2	PF01510.25	126	D3854.contig6_3	193	5.1e-13
DNA_pol3_finger	PF17657.1	166	D3854.contig6_6	619	1.5e-52
DNA_pol3_alpha	PF07733.12	260	D3854.contig6_6	619	3.8e-15
HHH_6	PF14579.6	90	D3854.contig6_6	619	4.3e-08
PHP	PF02811.19	167	D3854.contig6_7	401	7.9e-31
DNA_pol3_alpha	PF07733.12	260	D3854.contig6_7	401	3.8e-26
DUF2815	PF10991.8	173	D3854.contig6_8	201	0.0019
FlhC	PF05280.11	173	D3854.contig6_9	114	0.045
Toprim_N	PF08275.11	128	D3854.contig6_12	308	5e-20
zf-CHC2	PF01807.20	98	D3854.contig6_12	308	1.6e-15
Toprim_2	PF13155.6	90	D3854.contig6_12	308	2.7e-06
Toprim_4	PF13662.6	89	D3854.contig6_12	308	7.6e-05
DUF2829	PF11195.8	72	D3854.contig6_20	262	0.00069
DUF5442	PF17514.2	107	D3854.contig6_21	176	0.046
DNA_methylase	PF00145.17	335	D3854.contig6_22	299	8.4e-66
DNA_methylase	PF00145.17	335	D3854.contig6_22	299	8.4e-66
DnaB_C	PF03796.15	255	D3854.contig6_24	386	2.8e-22
AAA_25	PF13481.6	194	D3854.contig6_24	386	0.0063
AAA_18	PF13238.6	130	D3854.contig6_28	225	1.7e-05
Arg_decarbox_C	PF17944.1	51	D3854.contig6_29	61	0.0057
RusA	PF05866.11	124	D3854.contig6_30	140	1e-31
3D	PF06725.11	75	D3854.contig6_32	106	0.012
dUTPase	PF00692.19	129	D3854.contig6_33	161	2.3e-18
DNA_photolyase	PF00875.18	164	D3854.contig6_35	218	0.00063
DUF2330	PF10092.9	309	D3854.contig6_38	45	0.13
DUF1958	PF09211.10	63	D3854.contig6_39	150	0.021
YadA_stalk	PF05662.14	43	D3854.contig6_43	362	1.3e-09
YadA_anchor	PF03895.15	60	D3854.contig6_43	362	3.1e-08
YadA_head	PF05658.14	27	D3854.contig6_43	362	1.6e-06
YadA_head	PF05658.14	27	D3854.contig6_43	362	1.6e-06
N6_N4_Mtase	PF01555.18	231	D3854.contig6_44	236	2.8e-28
N6_N4_Mtase	PF01555.18	231	D3854.contig6_44	236	2.8e-28
THB	PF18362.1	34	D3854.contig6_47	59	0.0046
MCM3AP_GANP	PF16769.5	718	D3854.contig6_47	59	0.038
HTH_19	PF12844.7	65	D3854.contig6_48	78	0.13
Flagellin_C	PF00700.21	86	D3854.contig6_50	75	0.0098
DUF4177	PF13783.6	65	D3854.contig6_52	58	0.00012
Thy1	PF02511.15	188	D3854.contig6_53	222	3e-35
TetR	PF13972.6	144	D3854.contig6_53	222	0.016
Rho_RNA_bind	PF07497.12	73	D3854.contig6_57	86	0.037
Tudor_RapA	PF18337.1	63	D3854.contig6_58	146	0.014
AAA_33	PF13671.6	143	D3854.contig6_59	173	9.1e-10
KTI12	PF08433.10	272	D3854.contig6_59	173	0.023
Cauli_AT	PF03233.13	163	D3854.contig6_63	152	0.03
MutS_III	PF05192.18	191	D3854.contig6_63	152	0.03
SlyX	PF04102.12	67	D3854.contig6_65	105	0.002
SspH	PF08141.12	58	D3854.contig6_67	104	0.0084
Amidase_6	PF12671.7	166	D3854.contig6_73	143	0.068
DUF365	PF04033.12	96	D3854.contig6_74	61	0.03
DUF1492	PF07374.11	100	D3854.contig7_2	136	0.00015
DUF3310	PF11753.8	60	D3854.contig7_5	218	4.4e-22
Zn-ribbon_8	PF09723.10	40	D3854.contig7_5	218	0.0018
C1_1	PF00130.22	53	D3854.contig7_5	218	0.0092
DUF4406	PF14359.6	91	D3854.contig7_6	111	3.8e-09
RusA	PF05866.11	124	D3854.contig7_7	136	5.1e-23
MmcB-like	PF06319.12	148	D3854.contig7_10	157	0.00014
AAA_25	PF13481.6	194	D3854.contig7_11	704	1.3e-35
PriCT_2	PF08707.11	77	D3854.contig7_11	704	2.5e-21
AAA_24	PF13479.6	197	D3854.contig7_11	704	0.0029
Helicase_C	PF00271.31	111	D3854.contig7_12	454	3.4e-16
ResIII	PF04851.15	171	D3854.contig7_12	454	5.6e-12
SWI2_SNF2	PF18766.1	224	D3854.contig7_12	454	3.8e-07
DUF2108	PF09881.9	70	D3854.contig7_13	155	0.037
AAA_24	PF13479.6	197	D3854.contig7_14	362	8.7e-64
AAA_23	PF13476.6	200	D3854.contig7_15	453	1.3e-10
AAA_15	PF13175.6	369	D3854.contig7_15	453	1.7e-10
SMC_N	PF02463.19	220	D3854.contig7_15	453	2e-09
AAA_29	PF13555.6	61	D3854.contig7_15	453	1.7e-05
AAA_21	PF13304.6	303	D3854.contig7_15	453	0.00057
HTH_3	PF01381.22	55	D3854.contig7_16	160	0.00045
HTH_3	PF01381.22	55	D3854.contig7_17	82	5.7e-05
HTH_26	PF13443.6	63	D3854.contig7_17	82	0.00075
HTH_19	PF12844.7	65	D3854.contig7_17	82	0.012
HTH_36	PF13730.6	55	D3854.contig7_17	82	0.015
PufQ	PF05398.11	74	D3854.contig7_19	80	0.027
YadA_head	PF05658.14	27	D3854.contig7_20	518	4.3e-17
YadA_head	PF05658.14	27	D3854.contig7_20	518	4.3e-17
YadA_head	PF05658.14	27	D3854.contig7_20	518	4.3e-17
YadA_stalk	PF05662.14	43	D3854.contig7_20	518	9.2e-08
YadA_anchor	PF03895.15	60	D3854.contig7_20	518	1.1e-07
HTH_3	PF01381.22	55	D3854.contig7_21	65	4.4e-06
HTH_26	PF13443.6	63	D3854.contig7_21	65	0.00057
HTH_35	PF13693.6	75	D3854.contig7_21	65	0.0035
HTH_31	PF13560.6	64	D3854.contig7_21	65	0.026
HTH_3	PF01381.22	55	D3854.contig7_22	127	1.8e-09
HTH_26	PF13443.6	63	D3854.contig7_22	127	6.3e-06
HTH_19	PF12844.7	65	D3854.contig7_22	127	0.00084
HTH_31	PF13560.6	64	D3854.contig7_22	127	0.0035
Peptidase_M78	PF06114.13	123	D3854.contig7_23	91	0.0011
Phage_integrase	PF00589.22	172	D3854.contig7_25	350	1.5e-17
HTH_46	PF15977.5	68	D3854.contig7_25	350	0.0022
Amidase_2	PF01510.25	126	D3854.contig7_27	181	4.2e-10
PIN_8	PF18476.1	228	D3854.contig7_29	103	0.02
Uds1	PF15456.6	130	D3854.contig7_29	103	0.036
Collagen	PF01391.18	60	D3854.contig7_30	367	5.9e-06
Phage-tail_3	PF13550.6	164	D3854.contig7_32	1453	1.1e-10
NLPC_P60	PF00877.19	105	D3854.contig7_33	114	1e-12
CHAP	PF05257.16	83	D3854.contig7_33	114	0.0015
LRAT	PF04970.13	127	D3854.contig7_33	114	0.018
Phage_tail_L	PF05100.12	206	D3854.contig7_34	203	3.7e-13
DUF1833	PF08875.11	150	D3854.contig7_34	203	5.8e-06
Phage_BR0599	PF09356.10	80	D3854.contig7_34	203	0.00043
GSCFA	PF08885.11	237	D3854.contig7_34	203	0.012
Phage_min_tail	PF05939.13	108	D3854.contig7_35	111	1.7e-05
Tape_meas_lam_C	PF09718.10	76	D3854.contig7_36	1083	0.00024
C1_1	PF00130.22	53	D3854.contig7_37	104	0.015
Phage_attach	PF05354.11	117	D3854.contig7_42	100	0.0083
Gifsy-2	PF13856.6	99	D3854.contig7_42	100	0.031
DUF2190	PF09956.9	102	D3854.contig7_43	104	1.2e-14
Mu-like_gpT	PF10124.9	289	D3854.contig7_44	630	8.5e-14
Mu-like_gpT	PF10124.9	289	D3854.contig7_44	630	8.5e-14
Peptidase_S78	PF04586.17	163	D3854.contig7_44	630	2.9e-10
Phage_portal_2	PF05136.13	362	D3854.contig7_45	493	2.9e-95
Osteoregulin	PF07175.11	160	D3854.contig7_46	71	0.13
Terminase_GpA	PF05876.12	558	D3854.contig7_47	549	6e-126
Lar_restr_allev	PF14354.6	62	D3854.contig7_47	549	0.002
Zn_Tnp_IS1595	PF12760.7	46	D3854.contig7_47	549	0.0059
CpXC	PF14353.6	118	D3854.contig7_47	549	0.01
Terminase_3	PF04466.13	201	D3854.contig8_1	202	1.9e-40
Helicase_RecD	PF05127.14	177	D3854.contig8_1	202	0.0017
Terminase_6	PF03237.15	215	D3854.contig8_1	202	0.0021
Terminase_2	PF03592.16	140	D3854.contig8_2	176	4.2e-39
DUF2158	PF09926.9	52	D3854.contig8_3	71	4.3e-13
DUF2560	PF10834.8	72	D3854.contig8_6	81	8.5e-44
ORF11CD3	PF10549.9	53	D3854.contig8_7	257	8.5e-19
KilA-N	PF04383.13	112	D3854.contig8_7	257	6.5e-16
Phage_lysis	PF03245.13	126	D3854.contig8_8	146	2e-36
DUF3810	PF12725.7	310	D3854.contig8_8	146	0.024
Phage_lysozyme	PF00959.19	109	D3854.contig8_9	166	6.8e-33
Phage_holin_2_1	PF04971.12	64	D3854.contig8_10	72	3.3e-35
Phage_holin_2_3	PF16080.5	56	D3854.contig8_10	72	3.8e-05
rve	PF00665.26	119	D3854.contig8_11	349	5.5e-19
rve_3	PF13683.6	67	D3854.contig8_11	349	6.6e-16
HTH_28	PF13518.6	52	D3854.contig8_11	349	1.3e-07
HTH_32	PF13565.6	73	D3854.contig8_11	349	1.4e-07
rve_2	PF13333.6	52	D3854.contig8_11	349	0.00013
HTH_23	PF13384.6	50	D3854.contig8_11	349	0.00014
HTH_29	PF13551.6	63	D3854.contig8_11	349	0.00023
Porin_1	PF00267.21	340	D3854.contig8_12	366	1.6e-156
Phage_antitermQ	PF06530.12	118	D3854.contig8_13	128	1e-52
RusA	PF05866.11	124	D3854.contig8_15	121	1.3e-19
DUF3368	PF11848.8	46	D3854.contig8_15	121	0.024
DUF1364	PF07102.12	92	D3854.contig8_16	97	3.8e-43
DUF968	PF06147.11	200	D3854.contig8_16	97	0.051
NinE	PF05322.11	58	D3854.contig8_17	57	3.4e-05
NinB	PF05772.12	131	D3854.contig8_18	152	7.4e-05
Abhydrolase_3	PF07859.13	211	D3854.contig8_19	348	2.5e-23
Peptidase_S9	PF00326.21	212	D3854.contig8_19	348	1.8e-17
Peptidase_S9	PF00326.21	212	D3854.contig8_19	348	1.8e-17
COesterase	PF00135.28	512	D3854.contig8_19	348	3.7e-08
Hydrolase_4	PF12146.8	239	D3854.contig8_19	348	5.8e-06
FSH1	PF03959.13	212	D3854.contig8_19	348	0.002
Multi_Drug_Res	PF00893.19	93	D3854.contig8_20	111	2.9e-34
EamA	PF00892.20	137	D3854.contig8_20	111	3.6e-06
UPF0060	PF02694.15	107	D3854.contig8_20	111	0.015
EmrE	PF13536.6	257	D3854.contig8_20	111	0.019
Phage_lambda_P	PF06992.11	162	D3854.contig8_22	234	7.5e-64
Phage_rep_O	PF04492.13	95	D3854.contig8_23	340	9.6e-33
YdaT_toxin	PF06254.11	88	D3854.contig8_24	180	3.3e-39
YdaS_antitoxin	PF15943.5	65	D3854.contig8_25	77	2.4e-21
P22_Cro	PF14549.6	60	D3854.contig8_25	77	7.2e-05
HTH_3	PF01381.22	55	D3854.contig8_25	77	0.00035
HTH_3	PF01381.22	55	D3854.contig8_26	252	1.2e-12
Peptidase_S24	PF00717.23	70	D3854.contig8_26	252	4.5e-12
HTH_31	PF13560.6	64	D3854.contig8_26	252	3.8e-10
HTH_19	PF12844.7	65	D3854.contig8_26	252	2.1e-08
HTH_25	PF13413.6	62	D3854.contig8_26	252	0.00029
HTH_37	PF13744.6	80	D3854.contig8_26	252	0.00062
Antimicrobial17	PF08129.11	57	D3854.contig8_26	252	0.003
Phage_CI_repr	PF07022.13	65	D3854.contig8_26	252	0.0055
Gam	PF06064.11	98	D3854.contig8_28	99	2.6e-65
RecT	PF03837.14	199	D3854.contig8_29	262	2.7e-29
RecT	PF03837.14	199	D3854.contig8_29	262	2.7e-29
YqaJ	PF09588.10	148	D3854.contig8_30	227	5.1e-25
Viral_alk_exo	PF01771.17	480	D3854.contig8_30	227	0.017
DUF1317	PF07026.11	60	D3854.contig8_31	61	6.3e-39
DUF1382	PF07131.11	60	D3854.contig8_32	64	2.7e-36
PriCT_1	PF08708.11	67	D3854.contig8_33	72	0.025
ZapA	PF05164.13	88	D3854.contig8_33	72	0.039
zf-dskA_traR	PF01258.17	36	D3854.contig8_34	74	5.8e-08
RecO_C	PF02565.15	157	D3854.contig8_34	74	0.08
Ead_Ea22	PF13935.6	139	D3854.contig8_35	124	5.1e-22
Abdominal-A	PF12407.8	24	D3854.contig8_35	124	0.00017
Lipoprotein_20	PF13942.6	175	D3854.contig8_35	124	0.0015
CCD48	PF15799.5	579	D3854.contig8_35	124	0.0071
PspA_IM30	PF04012.12	221	D3854.contig8_35	124	0.014
DUF550	PF04447.12	97	D3854.contig8_36	216	8.6e-42
DUF551	PF04448.12	69	D3854.contig8_36	216	1.5e-15
Lar_restr_allev	PF14354.6	62	D3854.contig8_37	60	0.00068
Phage_AlpA	PF05930.12	51	D3854.contig8_39	67	0.0087
HTH_17	PF12728.7	51	D3854.contig8_39	67	0.026
Phage_integrase	PF00589.22	172	D3854.contig8_40	386	1.7e-34
Arm-DNA-bind_3	PF13356.6	74	D3854.contig8_40	386	1.9e-20
Phage_int_SAM_3	PF14659.6	58	D3854.contig8_40	386	2.8e-05
Acyl_transf_3	PF01757.22	340	D3854.contig8_41	389	1.1e-21
Head_binding	PF09008.10	113	D3854.contig8_42	779	1.9e-66
Tail_spike_N	PF18668.1	70	D3854.contig8_42	779	2e-08
Arc	PF03869.14	50	D3854.contig8_43	89	5.5e-15
Repressor_Mnt	PF11423.8	28	D3854.contig8_43	89	6e-14
HicB	PF05534.12	51	D3854.contig8_43	89	1.6e-06
CelTOS	PF18659.1	122	D3854.contig8_43	89	0.0032
AAA_22	PF13401.6	137	D3854.contig8_43	89	0.019
T2SSK	PF03934.13	280	D3854.contig8_44	162	0.00099
DUF2802	PF10975.8	68	D3854.contig8_44	162	0.053
Peptidase_M2	PF01401.18	568	D3854.contig8_45	616	0.053
Inj_translocase	PF16928.5	218	D3854.contig8_46	469	2e-84
DUF4298	PF14131.6	87	D3854.contig8_47	232	0.027
DUF4847	PF16139.5	143	D3854.contig8_47	232	0.046
DUF2824	PF11039.8	151	D3854.contig8_48	152	4.3e-55
Terminase_6C	PF17289.2	155	D3854.contig9_1	479	3.3e-06
DUF5126	PF17166.4	104	D3854.contig9_1	479	0.012
DUF5309	PF17236.2	280	D3854.contig9_5	389	7.4e-56
E1_FCCH	PF16190.5	71	D3854.contig9_5	389	0.00033
DUF2278	PF10042.9	204	D3854.contig9_15	37	0.04
Vint	PF14623.6	167	D3854.contig9_20	352	7.5e-06
Hint	PF01079.20	214	D3854.contig9_20	352	1.2e-05
Intein_splicing	PF14890.6	134	D3854.contig9_20	352	0.0015
Phage_lysozyme2	PF18013.1	143	D3854.contig9_22	453	1.4e-22
Amidase_2	PF01510.25	126	D3854.contig9_24	178	2.1e-06
DnaB_2	PF07261.11	74	D3854.contig10_1	165	1.2e-06
CALM_bind	PF16025.5	79	D3854.contig10_2	213	0.063
NinG	PF05766.12	186	D3854.contig10_3	153	0.0004
RusA	PF05866.11	124	D3854.contig10_5	133	5.3e-05
dUTPase	PF00692.19	129	D3854.contig10_6	145	3.7e-20
DUF3310	PF11753.8	60	D3854.contig10_7	173	5.2e-14
Fer4_20	PF14691.6	113	D3854.contig10_8	153	0.014
RNA_capsid	PF03035.14	226	D3854.contig10_8	153	0.07
Terminase_2	PF03592.16	140	D3854.contig10_11	146	1.1e-34
Terminase_3	PF04466.13	201	D3854.contig10_12	417	7.1e-50
Terminase_3C	PF17288.2	155	D3854.contig10_12	417	2.7e-20
Terminase_6C	PF17289.2	155	D3854.contig10_12	417	0.0052
OmpH	PF03938.14	138	D3854.contig10_15	205	0.002
Phage_tail_2	PF06199.11	135	D3854.contig10_21	163	2.3e-23
DUF2460	PF09343.10	200	D3854.contig10_25	189	2.8e-34
DUF2163	PF09931.9	163	D3854.contig10_26	285	5.1e-28
Phage_BR0599	PF09356.10	80	D3854.contig10_26	285	1.1e-18
NLPC_P60	PF00877.19	105	D3854.contig10_27	155	7.1e-08
Phage-tail_3	PF13550.6	164	D3854.contig10_28	1062	3.3e-29
PCSK9_C3	PF18463.1	74	D3854.contig10_31	108	0.0095
Collagen	PF01391.18	60	D3854.contig10_32	607	2.5e-09
TolA_bind_tri	PF16331.5	76	D3854.contig10_33	110	0.017
EMP70	PF02990.16	519	D3854.contig10_34	130	0.014
CrgA	PF06781.12	88	D3854.contig10_34	130	0.041
Amidase_2	PF01510.25	126	D3854.contig10_35	181	6.3e-10
FtsH_ext	PF06480.15	109	D3854.contig10_36	137	0.042
Phage-tail_3	PF13550.6	164	D3854.contig11_4	1669	1.6e-11
Gp58	PF07902.11	594	D3854.contig11_4	1669	0.0034
DUF2163	PF09931.9	163	D3854.contig11_5	274	4e-16
Phage_BR0599	PF09356.10	80	D3854.contig11_5	274	2e-06
DUF2460	PF09343.10	200	D3854.contig11_6	125	2e-07
Phage_min_tail	PF05939.13	108	D3854.contig11_6	125	0.0051
NLPC_P60	PF00877.19	105	D3854.contig11_7	145	6.5e-08
Phage_lysozyme2	PF18013.1	143	D3854.contig11_8	1657	5.9e-23
PhageMin_Tail	PF10145.9	198	D3854.contig11_8	1657	7.8e-16
Cadherin_4	PF17803.1	72	D3854.contig11_10	268	0.0017
Big_9	PF17963.1	90	D3854.contig11_10	268	0.0032
Toxin_trans	PF07952.12	318	D3854.contig11_16	340	0.11
PKcGMP_CC	PF16808.5	35	D3854.contig11_17	318	0.00024
Phage_portal	PF04860.12	314	D3854.contig11_18	440	2.9e-34
Terminase_6	PF03237.15	215	D3854.contig11_19	555	0.00019
Phage_integrase	PF00589.22	172	D3854.contig11_21	177	1.4e-25
Hint_2	PF13403.6	143	D3854.contig12_4	533	7.4e-08
Intein_splicing	PF14890.6	134	D3854.contig12_4	533	0.001
Phage_lysozyme	PF00959.19	109	D3854.contig12_5	554	0.0016
LPD38	PF18857.1	188	D3854.contig12_6	1753	1.5e-44
Phage_lysozyme2	PF18013.1	143	D3854.contig12_6	1753	3.2e-22
Phage_holin_4_1	PF05105.12	114	D3854.contig12_7	178	7e-05
Glyco_hydro_25	PF01183.20	178	D3854.contig12_8	199	1.9e-27
Phage_integrase	PF00589.22	172	D3854.contig12_11	351	2.1e-19
Arm-DNA-bind_4	PF14657.6	46	D3854.contig12_11	351	8.1e-07
Phage_integr_3	PF16795.5	160	D3854.contig12_11	351	0.0025
Phage_int_SAM_1	PF02899.17	84	D3854.contig12_11	351	0.006
DUF4131	PF13567.6	167	D3854.contig12_12	71	0.032
Cpta_toxin	PF07254.12	130	D3854.contig12_12	71	0.037
Peptidase_M78	PF06114.13	123	D3854.contig12_13	120	1.7e-11
HTH_3	PF01381.22	55	D3854.contig12_14	115	4e-09
HTH_26	PF13443.6	63	D3854.contig12_14	115	2.9e-06
HTH_19	PF12844.7	65	D3854.contig12_14	115	0.0025
HTH_3	PF01381.22	55	D3854.contig12_15	58	7.1e-12
HTH_26	PF13443.6	63	D3854.contig12_15	58	1.9e-11
HTH_31	PF13560.6	64	D3854.contig12_15	58	0.0015
HTH_19	PF12844.7	65	D3854.contig12_15	58	0.0032
Phage_CII	PF05269.11	91	D3854.contig12_15	58	0.01
HTH_17	PF12728.7	51	D3854.contig12_16	100	9.6e-10
HTH_23	PF13384.6	50	D3854.contig12_16	100	0.00023
HTH_22	PF13309.6	63	D3854.contig12_16	100	0.00024
AbiEi_4	PF13338.6	49	D3854.contig12_16	100	0.00028
HALZ	PF02183.18	43	D3854.contig12_16	100	0.00072
HTH_3	PF01381.22	55	D3854.contig12_16	100	0.0022
Sipho_Gp157	PF05565.11	163	D3854.contig12_19	163	1.6e-42
Rad52_Rad22	PF04098.15	153	D3854.contig12_20	246	0.0012
NinB	PF05772.12	131	D3854.contig12_21	184	0.0093
HNH	PF01844.23	47	D3854.contig12_22	91	3.6e-10
HNH_5	PF14279.6	56	D3854.contig12_22	91	0.00023
Phg_2220_C	PF09524.10	74	D3854.contig12_23	284	4.5e-29
HTH_3	PF01381.22	55	D3854.contig12_25	79	1.3e-07
HTH_19	PF12844.7	65	D3854.contig12_25	79	0.00018
HTH_31	PF13560.6	64	D3854.contig12_25	79	0.0014
SSB	PF00436.25	104	D3854.contig12_26	131	2.2e-33
DNA_methylase	PF00145.17	335	D3854.contig12_28	254	1.4e-06
HTH_23	PF13384.6	50	D3854.contig12_29	111	0.00017
HTH_psq	PF05225.16	45	D3854.contig12_29	111	0.00084
Sigma70_r4_2	PF08281.12	54	D3854.contig12_29	111	0.0013
HTH_29	PF13551.6	63	D3854.contig12_29	111	0.0015
HTH_7	PF02796.15	45	D3854.contig12_29	111	0.0086
RusA	PF05866.11	124	D3854.contig12_32	134	8.6e-07
dUTPase	PF00692.19	129	D3854.contig12_33	160	2.6e-25
DUF3493	PF11998.8	79	D3854.contig12_34	121	0.08
Plasmid_stab_B	PF10784.9	72	D3854.contig13_2	105	2.8e-25
StbA	PF06406.11	317	D3854.contig13_3	320	1e-155
ALP_N	PF17989.1	147	D3854.contig13_3	320	0.00076
Hydantoinase_A	PF01968.18	291	D3854.contig13_3	320	0.00085
MutL	PF13941.6	452	D3854.contig13_3	320	0.0017
Phage_GPA	PF05840.13	318	D3854.contig13_4	941	5.7e-124
Phage_ASH	PF10554.9	107	D3854.contig13_6	207	1.5e-09
Band_7	PF01145.25	178	D3854.contig13_7	277	9.1e-27
Flot	PF15975.5	121	D3854.contig13_7	277	0.017
DUF4754	PF15946.5	80	D3854.contig13_13	81	1.1e-53
DUF4761	PF15958.5	105	D3854.contig13_15	117	2.1e-67
Phage_Cox	PF10743.9	87	D3854.contig13_18	174	6.1e-08
HTH_3	PF01381.22	55	D3854.contig13_19	114	3e-11
HTH_31	PF13560.6	64	D3854.contig13_19	114	4.1e-09
HTH_19	PF12844.7	65	D3854.contig13_19	114	8.8e-08
MqsA_antitoxin	PF15731.5	131	D3854.contig13_19	114	0.0013
HTH_25	PF13413.6	62	D3854.contig13_19	114	0.0016
Phage_integrase	PF00589.22	172	D3854.contig13_20	331	7.2e-20
HOK_GEF	PF01848.16	42	D3854.contig13_21	47	5.3e-09
Ogr_Delta	PF04606.12	47	D3854.contig13_22	87	2.5e-13
zf-DNA_Pol	PF08996.10	185	D3854.contig13_22	87	0.0031
Phage_GPD	PF05954.11	304	D3854.contig13_23	370	1.2e-25
Phage_sheath_1	PF04984.14	168	D3854.contig13_24	395	2.1e-22
Phage_sheath_1C	PF17482.2	104	D3854.contig13_24	395	3.6e-07
Phage_tube	PF04985.14	166	D3854.contig13_25	171	3.8e-50
Phage_TAC_7	PF10109.9	83	D3854.contig13_26	122	0.012
PhageMin_Tail	PF10145.9	198	D3854.contig13_27	935	1.1e-49
Phage_P2_GpU	PF06995.11	120	D3854.contig13_28	163	7.3e-38
Resolvase	PF00239.21	146	D3854.contig13_29	200	4.6e-50
HTH_7	PF02796.15	45	D3854.contig13_29	200	2.2e-11
HTH_32	PF13565.6	73	D3854.contig13_29	200	0.00054
Caudo_TAP	PF02413.17	130	D3854.contig13_30	205	3e-25
Phage_fiber_2	PF03406.13	42	D3854.contig13_31	281	1.9e-21
Collar	PF07484.12	57	D3854.contig13_31	281	4.3e-15
ANT	PF03374.14	108	D3854.contig14_1	123	2.7e-31
DUF998	PF06197.13	185	D3854.contig14_6	68	0.0098
DNA_methylase	PF00145.17	335	D3854.contig14_7	169	9.7e-32
DNA_methylase	PF00145.17	335	D3854.contig14_9	106	1.2e-09
HTH_20	PF12840.7	61	D3854.contig14_11	135	0.00019
HTH_IclR	PF09339.10	52	D3854.contig14_11	135	0.0023
HTH_24	PF13412.6	48	D3854.contig14_13	264	5.6e-08
LexA_DNA_bind	PF01726.16	65	D3854.contig14_13	264	0.00025
HTH_IclR	PF09339.10	52	D3854.contig14_13	264	0.00043
SSB	PF00436.25	104	D3854.contig14_18	166	1.4e-26
tRNA_anti-codon	PF01336.25	76	D3854.contig14_18	166	0.00056
tRNA_anti_2	PF13742.6	95	D3854.contig14_18	166	0.017
DUF433	PF04255.14	56	D3854.contig14_23	167	0.018
DUF3310	PF11753.8	60	D3854.contig14_25	127	1.9e-14
zinc_ribbon_2	PF13240.6	23	D3854.contig14_36	56	3.5e-05
zf-ribbon_3	PF13248.6	26	D3854.contig14_36	56	0.00031
DZR	PF12773.7	49	D3854.contig14_36	56	0.0024
Dam	PF05869.11	171	D3854.contig14_37	93	5.2e-15
ARA70	PF12489.8	133	D3854.contig14_38	271	0.0042
Malate_DH	PF12434.8	32	D3854.contig14_39	72	0.063
Rep_fac-A_C	PF08646.10	146	D3854.contig14_40	291	0.0044
IBR	PF01485.21	62	D3854.contig14_40	291	0.011
DUF1471	PF07338.13	56	D3854.contig14_42	95	0.058
HTH_31	PF13560.6	64	D3854.contig14_44	147	9.1e-06
HTH_3	PF01381.22	55	D3854.contig14_44	147	0.00029
PDEase_I_N	PF08499.12	61	D3854.contig14_44	147	0.0086
DNA_pol3_beta_2	PF02767.16	116	D3854.contig14_46	676	9.2e-07
Glycos_trans_3N	PF02885.17	63	D3854.contig14_46	676	0.0031
Cas_Cas02710	PF09670.10	380	D3854.contig14_48	149	0.095
HTH_3	PF01381.22	55	D3854.contig14_50	71	2.4e-14
HTH_31	PF13560.6	64	D3854.contig14_50	71	7.2e-13
HTH_19	PF12844.7	65	D3854.contig14_50	71	1.6e-09
HTH_26	PF13443.6	63	D3854.contig14_50	71	4.2e-07
HTH_24	PF13412.6	48	D3854.contig14_50	71	7.7e-06
HTH_37	PF13744.6	80	D3854.contig14_50	71	0.00021
Sigma70_r4	PF04545.16	50	D3854.contig14_50	71	0.0012
HTH_25	PF13413.6	62	D3854.contig14_50	71	0.0039
Sipho_Gp37	PF14594.6	351	D3854.contig15_3	513	2.8e-07
Phage_head_fibr	PF11133.8	277	D3854.contig15_3	513	0.0005
Prophage_tail	PF06605.11	316	D3854.contig15_3	513	0.033
DUF5403	PF17395.2	93	D3854.contig15_10	106	0.01
HK97-gp10_like	PF04883.12	81	D3854.contig15_10	106	0.026
Phage_cap_E	PF03864.15	333	D3854.contig15_13	360	7.7e-19
Phage_head_fibr	PF11133.8	277	D3854.contig15_14	204	0.00027
HDPD	PF02924.14	116	D3854.contig15_14	204	0.0038
DUF4902	PF16245.5	118	D3854.contig15_14	204	0.022
Phage_prot_Gp6	PF05133.14	420	D3854.contig15_17	539	1.5e-07
QH-AmDH_gamma	PF08992.11	75	D3854.contig15_17	539	0.012
Terminase_1	PF03354.15	468	D3854.contig15_18	657	1.2e-05
DUF2116	PF09889.9	59	D3854.contig15_20	179	0.018
DDE_Tnp_1	PF01609.21	214	D3854.contig16_1	327	1.5e-34
DUF772	PF05598.11	73	D3854.contig16_1	327	7.5e-20
DDE_Tnp_4	PF13359.6	158	D3854.contig16_1	327	4.1e-06
DDE_Tnp_1_6	PF13751.6	125	D3854.contig16_1	327	5.7e-06
DDE_Tnp_1_3	PF13612.6	155	D3854.contig16_1	327	6.5e-05
E1-E2_ATPase	PF00122.20	181	D3854.contig16_2	820	3.4e-52
Hydrolase	PF00702.26	210	D3854.contig16_2	820	3e-41
HMA	PF00403.26	62	D3854.contig16_2	820	0.00044
zf-TFIIB	PF13453.6	41	D3854.contig16_3	133	1.7e-20
zf-piccolo	PF05715.13	59	D3854.contig16_3	133	0.015
DUF411	PF04214.13	69	D3854.contig16_4	94	2.5e-21
DDE_Tnp_IS66	PF03050.14	282	D3854.contig16_5	115	4.8e-24
DDE_Tnp_IS66	PF03050.14	282	D3854.contig16_6	56	1.3e-06
Trans_reg_C	PF00486.28	77	D3854.contig16_7	225	2.7e-27
Response_reg	PF00072.24	112	D3854.contig16_7	225	2.4e-25
OprD	PF03573.13	394	D3854.contig16_9	448	3.2e-153
Porin_OmpG_1_2	PF16946.5	294	D3854.contig16_9	448	0.0077
OEP	PF02321.18	188	D3854.contig16_10	424	8.7e-50
OEP	PF02321.18	188	D3854.contig16_10	424	8.7e-50
HlyD_D23	PF16576.5	214	D3854.contig16_11	415	2.4e-36
HlyD_3	PF13437.6	106	D3854.contig16_11	415	1.3e-19
Biotin_lipoyl_2	PF13533.6	50	D3854.contig16_11	415	0.00025
ACR_tran	PF00873.19	1021	D3854.contig16_12	1051	0
DUF2790	PF10976.8	78	D3854.contig16_13	109	2e-20
GtrA	PF04138.14	117	D3854.contig16_14	135	3.1e-14
Glycos_transf_2	PF00535.26	170	D3854.contig16_15	328	1.1e-25
Glyco_tranf_2_3	PF13641.6	230	D3854.contig16_15	328	2.9e-07
Glyco_tranf_2_2	PF10111.9	276	D3854.contig16_15	328	0.00012
PMT	PF02366.18	245	D3854.contig16_16	480	1.1e-22
PMT_2	PF13231.6	159	D3854.contig16_16	480	9.6e-16
ASD2	PF08687.11	292	D3854.contig16_17	69	0.099
Matrilin_ccoil	PF10393.9	45	D3854.contig17_1	36	0.0091
Bap31_Bap29_C	PF18035.1	50	D3854.contig17_1	36	0.023
Csm1_N	PF18504.1	70	D3854.contig17_1	36	0.032
HNH	PF01844.23	47	D3854.contig17_2	132	1.1e-05
HNH	PF01844.23	47	D3854.contig17_4	98	2.5e-06
DUF968	PF06147.11	200	D3854.contig17_4	98	3.5e-05
HNH_5	PF14279.6	56	D3854.contig17_4	98	0.016
FpoO	PF10621.9	110	D3854.contig17_4	98	0.017
Sigma70_r4	PF04545.16	50	D3854.contig17_5	142	1.5e-05
Sigma70_r4_2	PF08281.12	54	D3854.contig17_5	142	7.3e-05
DUF1492	PF07374.11	100	D3854.contig17_5	142	7.4e-05
DUF4406	PF14359.6	91	D3854.contig17_6	117	5.9e-09
Nuc_deoxyrib_tr	PF05014.15	131	D3854.contig17_6	117	0.0048
DNA_methylase	PF00145.17	335	D3854.contig17_9	252	8.8e-06
Homez	PF11569.8	57	D3854.contig17_11	75	0.1
ANT	PF03374.14	108	D3854.contig17_13	258	1.3e-31
Bro-N	PF02498.17	95	D3854.contig17_13	258	1.9e-29
HTH_Tnp_ISL3	PF13542.6	52	D3854.contig17_13	258	0.0022
YadA_head	PF05658.14	27	D3854.contig17_14	494	2e-12
YadA_anchor	PF03895.15	60	D3854.contig17_14	494	3.5e-10
YadA_stalk	PF05662.14	43	D3854.contig17_14	494	7.5e-10
Exonuc_VII_L	PF02601.15	304	D3854.contig17_14	494	0.00053
CHDCT2	PF08074.11	171	D3854.contig17_14	494	0.0024
MAD	PF05557.13	661	D3854.contig17_14	494	0.0028
DHR10	PF18595.1	117	D3854.contig17_14	494	0.0034
HTH_38	PF13936.6	44	D3854.contig17_15	89	1.5e-05
HTH_23	PF13384.6	50	D3854.contig17_15	89	2.6e-05
HTH_28	PF13518.6	52	D3854.contig17_15	89	0.00066
HTH_24	PF13412.6	48	D3854.contig17_15	89	0.0014
MarR_2	PF12802.7	62	D3854.contig17_15	89	0.0022
HTH_6	PF01418.17	77	D3854.contig17_15	89	0.0028
HTH_50	PF18024.1	50	D3854.contig17_15	89	0.0038
Sigma70_r4	PF04545.16	50	D3854.contig17_15	89	0.0042
HTH_19	PF12844.7	65	D3854.contig17_15	89	0.0042
HTH_11	PF08279.12	55	D3854.contig17_15	89	0.0047
SSB	PF00436.25	104	D3854.contig17_17	124	2e-22
HemeBinding_Shp	PF11545.8	152	D3854.contig17_17	124	0.004
DUF3127	PF11325.8	85	D3854.contig17_17	124	0.016
GcnA_N	PF18229.1	78	D3854.contig17_20	96	0.0027
DUF2178	PF09946.9	106	D3854.contig17_21	77	0.036
UPF0093	PF03653.13	146	D3854.contig17_21	77	0.037
HTH_11	PF08279.12	55	D3854.contig17_22	73	0.044
MRP-S26	PF14943.6	169	D3854.contig17_23	90	0.029
HHH_4	PF14490.6	92	D3854.contig17_24	48	0.033
HTH_3	PF01381.22	55	D3854.contig17_26	66	0.0046
HTH_3	PF01381.22	55	D3854.contig17_27	121	3.6e-06
PLU-1	PF08429.11	339	D3854.contig17_27	121	0.0053
HEPN_LA2681	PF18733.1	210	D3854.contig17_28	89	0.016
PemK_toxin	PF02452.17	111	D3854.contig17_29	249	5.4e-10
Phage_integrase	PF00589.22	172	D3854.contig17_30	388	1.1e-20
Amidase_3	PF01520.18	175	D3854.contig17_32	173	3.7e-35
Phage_holin_1	PF04531.13	82	D3854.contig17_33	111	0.033
MtrC	PF04211.13	268	D3854.contig17_33	111	0.037
Collagen	PF01391.18	60	D3854.contig17_35	383	3e-10
Adeno_knob	PF00541.17	178	D3854.contig17_36	112	0.087
zf-C3HC4_2	PF13923.6	40	D3854.contig17_37	54	0.017
Phage_integrase	PF00589.22	172	D3854.contig17_39	282	2.9e-20
Phage_int_SAM_3	PF14659.6	58	D3854.contig17_39	282	9.2e-06
Phage_int_SAM_5	PF13102.6	99	D3854.contig17_39	282	0.0011
Phage_int_SAM_4	PF13495.6	85	D3854.contig17_39	282	0.0039
Stomoxyn	PF11585.8	42	D3854.contig17_39	282	0.0051
BppU_N	PF10651.9	148	D3854.contig18_1	306	5.7e-11
PLC-beta_C	PF08703.10	176	D3854.contig18_1	306	0.0085
Prophage_tail	PF06605.11	316	D3854.contig18_2	778	1.6e-27
Peptidase_S74	PF13884.6	58	D3854.contig18_2	778	3.4e-13
Sipho_tail	PF05709.11	255	D3854.contig18_3	228	3e-11
PhageMin_Tail	PF10145.9	198	D3854.contig18_4	1397	7.5e-48
DUF745	PF05335.13	183	D3854.contig18_4	1397	0.00062
FPP	PF05911.11	867	D3854.contig18_4	1397	0.0014
CENP-F_leu_zip	PF10473.9	140	D3854.contig18_4	1397	0.0082
Vps53_N	PF04100.12	380	D3854.contig18_4	1397	0.011
Phage_pRha	PF09669.10	88	D3854.contig18_5	242	2e-29
GCP_N_terminal	PF17681.1	306	D3854.contig18_5	242	0.0037
RNase_T	PF00929.24	165	D3854.contig18_5	242	0.009
Phage_TAC_11	PF11836.8	98	D3854.contig18_7	122	0.078
Phage_TTP_1	PF04630.12	199	D3854.contig18_8	190	0.0019
DIOX_N	PF14226.6	118	D3854.contig18_9	117	0.1
HK97-gp10_like	PF04883.12	81	D3854.contig18_10	150	9.9e-06
Phage_H_T_join	PF05521.11	96	D3854.contig18_11	116	8.2e-22
Phage_connect_1	PF05135.13	99	D3854.contig18_12	88	1.5e-14
Phage_capsid	PF05065.13	280	D3854.contig18_13	392	1.1e-19
CLP_protease	PF00574.23	182	D3854.contig18_14	247	4.9e-29
SDH_sah	PF01972.16	286	D3854.contig18_14	247	7.6e-05
Phage_portal	PF04860.12	314	D3854.contig18_15	417	2.3e-75
Terminase_1	PF03354.15	468	D3854.contig18_16	583	2e-72
Terminase_4	PF05119.12	99	D3854.contig18_17	162	1.5e-20
Phage_cap_E	PF03864.15	333	D3854.contig19_1	338	2.4e-48
Phage_connect_1	PF05135.13	99	D3854.contig19_2	111	1.4e-07
DUF4196	PF13846.6	116	D3854.contig19_2	111	0.039
HK97-gp10_like	PF04883.12	81	D3854.contig19_4	127	0.0081
DUF3168	PF11367.8	117	D3854.contig19_5	130	0.04
Phage_tail_2	PF06199.11	135	D3854.contig19_6	198	1.5e-20
Phage_TAC_12	PF12363.8	111	D3854.contig19_8	117	1.6e-32
LMBR1	PF04791.16	510	D3854.contig19_10	677	0.00098
JAKMIP_CC3	PF16034.5	200	D3854.contig19_11	92	0.0057
Sipho_tail	PF05709.11	255	D3854.contig19_13	310	7.1e-23
Prophage_tail	PF06605.11	316	D3854.contig19_14	672	8e-45
BppL_N	PF18338.1	25	D3854.contig19_16	588	0.00084
Phage_holin_Dp1	PF16938.5	63	D3854.contig19_18	68	3.3e-27
MtN3_slv	PF03083.16	87	D3854.contig19_18	68	0.075
Glyco_hydro_25	PF01183.20	178	D3854.contig19_19	420	2.8e-38
LysM	PF01476.20	44	D3854.contig19_19	420	2.6e-29
LysM	PF01476.20	44	D3854.contig19_19	420	2.6e-29
IL2	PF00715.17	145	D3854.contig19_20	127	0.12
Peptidase_M23	PF01551.22	96	D3854.contig19_21	422	1.7e-24
Glucosaminidase	PF01832.20	87	D3854.contig19_21	422	4.6e-12
Glucos_trans_II	PF14264.6	297	D3854.contig19_22	405	1.3e-21
Terminase_1	PF03354.15	468	D3854.contig20_2	566	1.2e-58
Terminase_4	PF05119.12	99	D3854.contig20_3	179	1.8e-09
Phage_portal	PF04860.12	314	D3854.contig20_4	417	1.8e-44
Peptidase_S78	PF04586.17	163	D3854.contig20_5	201	3.5e-30
Phage_capsid	PF05065.13	280	D3854.contig20_6	393	1.9e-45
FlgN	PF05130.12	146	D3854.contig20_6	393	0.016
Phage_connect_1	PF05135.13	99	D3854.contig20_8	98	7.8e-05
Phage_H_T_join	PF05521.11	96	D3854.contig20_9	115	4.8e-11
HK97-gp10_like	PF04883.12	81	D3854.contig20_10	153	1.6e-05
Phage_sheath_1C	PF17482.2	104	D3854.contig20_12	372	4.2e-20
DUF2001	PF09393.10	139	D3854.contig20_13	144	5.6e-40
Phage_TAC_5	PF08890.11	136	D3854.contig20_14	126	2.3e-05
Plk4_PB1	PF18190.1	108	D3854.contig20_16	221	0.035
DUF2577	PF10844.8	98	D3854.contig20_18	126	2.4e-14
DUF2634	PF10934.8	105	D3854.contig20_19	146	1.8e-23
Baseplate_J	PF04865.14	255	D3854.contig20_20	360	4.3e-62
DUF2313	PF10076.9	163	D3854.contig20_21	206	1.6e-09
DUF3751	PF12571.8	150	D3854.contig20_22	243	2.3e-05
DUF3310	PF11753.8	60	D3854.contig21_1	185	1.3e-16
DUF1823	PF08853.11	113	D3854.contig21_2	214	0.093
DUF996	PF06195.13	135	D3854.contig21_6	86	0.0056
dUTPase	PF00692.19	129	D3854.contig21_8	158	3.7e-25
DUF5017	PF16409.5	181	D3854.contig21_11	95	0.028
FtsX	PF02687.21	96	D3854.contig21_12	44	0.027
YadA_anchor	PF03895.15	60	D3854.contig21_16	479	3.6e-08
YadA_stalk	PF05662.14	43	D3854.contig21_16	479	5.8e-08
AAA_13	PF13166.6	713	D3854.contig21_16	479	4e-05
YadA_head	PF05658.14	27	D3854.contig21_16	479	6.6e-05
CALCOCO1	PF07888.11	498	D3854.contig21_16	479	0.0066
Thy1	PF02511.15	188	D3854.contig21_18	228	1.7e-26
Pox_TAA1	PF03295.14	63	D3854.contig21_21	55	0.093
TFIIA_gamma_N	PF02268.16	48	D3854.contig21_22	159	0.0059
GTP_cyclohydroI	PF01227.22	179	D3854.contig21_24	176	1.2e-47
FolB	PF02152.18	111	D3854.contig21_24	176	0.0012
QueF	PF14489.6	81	D3854.contig21_24	176	0.0023
Pec_lyase_N	PF04431.13	56	D3854.contig21_27	60	0.027
QueC	PF06508.13	210	D3854.contig21_29	328	9.2e-07
GHL6	PF14871.6	137	D3854.contig21_29	328	0.02
DivIC	PF04977.15	80	D3854.contig22_1	141	0.033
Ead_Ea22	PF13935.6	139	D3854.contig22_3	177	9.3e-20
zf-C4_ClpX	PF06689.13	39	D3854.contig22_4	108	1.5e-15
BSMAP	PF12280.8	190	D3854.contig22_5	174	0.051
DUF551	PF04448.12	69	D3854.contig22_8	192	1e-19
NeA_P2	PF12312.8	258	D3854.contig22_8	192	0.0068
Peptidase_S24	PF00717.23	70	D3854.contig22_12	130	0.0032
ParA	PF10609.9	246	D3854.contig22_13	367	1.3e-101
CbiA	PF01656.23	128	D3854.contig22_13	367	6.7e-13
AAA_31	PF13614.6	177	D3854.contig22_13	367	2.8e-10
MipZ	PF09140.11	262	D3854.contig22_13	367	1.7e-08
Fer4_NifH	PF00142.18	271	D3854.contig22_13	367	3.5e-08
ArsA_ATPase	PF02374.15	305	D3854.contig22_13	367	0.001
VirC1	PF07015.11	231	D3854.contig22_13	367	0.006
tRNA-synt_1g	PF09334.11	391	D3854.contig22_14	678	4.4e-166
tRNA_bind	PF01588.20	96	D3854.contig22_14	678	1.9e-22
tRNA-synt_1	PF00133.22	602	D3854.contig22_14	678	3.7e-17
tRNA-synt_1	PF00133.22	602	D3854.contig22_14	678	3.7e-17
tRNA-synt_1e	PF01406.19	301	D3854.contig22_14	678	2.8e-14
tRNA-synt_1e	PF01406.19	301	D3854.contig22_14	678	2.8e-14
tRNA-synt_1f	PF01921.18	360	D3854.contig22_14	678	3.3e-07
Anticodon_1	PF08264.13	152	D3854.contig22_14	678	0.0016
DUF2963	PF11178.8	51	D3854.contig22_21	132	0.048
FeoB_associated	PF12669.7	44	D3854.contig23_1	101	0.024
LapA_dom	PF06305.11	64	D3854.contig23_2	173	0.019
Peptidase_M78	PF06114.13	123	D3854.contig23_3	140	0.0016
HTH_31	PF13560.6	64	D3854.contig23_4	133	0.0026
HTH_23	PF13384.6	50	D3854.contig23_6	92	0.013
HTH_29	PF13551.6	63	D3854.contig23_6	92	0.014
ANT	PF03374.14	108	D3854.contig23_8	251	3.3e-33
Bro-N	PF02498.17	95	D3854.contig23_8	251	1.6e-20
HTH_17	PF12728.7	51	D3854.contig23_13	67	0.0015
HTH_psq	PF05225.16	45	D3854.contig23_13	67	0.0038
NAGLU_C	PF12972.7	266	D3854.contig23_15	132	0.0077
HrcA_DNA-bdg	PF03444.15	79	D3854.contig23_15	132	0.021
RecT	PF03837.14	199	D3854.contig23_17	314	6.3e-27
SSB	PF00436.25	104	D3854.contig23_18	166	7.2e-24
tRNA_anti_2	PF13742.6	95	D3854.contig23_18	166	0.019
CmlA_N	PF18456.1	232	D3854.contig23_27	80	0.013
ATP-synt_E	PF05680.12	96	D3854.contig23_30	101	0.027
MerR-DNA-bind	PF09278.11	65	D3854.contig23_33	64	0.029
Sigma70_r3	PF04539.16	78	D3854.contig23_33	64	0.03
DUF1922	PF09082.10	67	D3854.contig23_34	256	0.00043
Gp49	PF05973.14	90	D3854.contig23_35	103	7.2e-08
HTH_3	PF01381.22	55	D3854.contig23_36	95	8.6e-05
HTH_7	PF02796.15	45	D3854.contig23_36	95	0.014
Dam	PF05869.11	171	D3854.contig24_2	198	6e-37
CDH1_2_SANT_HL1	PF18375.1	91	D3854.contig24_3	270	0.0031
RNase_T	PF00929.24	165	D3854.contig24_4	186	2.7e-20
RNase_H_2	PF13482.6	166	D3854.contig24_4	186	1.3e-05
AAA_28	PF13521.6	163	D3854.contig24_6	215	7.6e-10
AAA_18	PF13238.6	130	D3854.contig24_6	215	1.5e-05
AAA_17	PF13207.6	136	D3854.contig24_6	215	2.3e-05
CoaE	PF01121.20	179	D3854.contig24_6	215	0.00025
DHFR_1	PF00186.19	161	D3854.contig24_7	159	3.1e-35
Hydrolase_6	PF13344.6	101	D3854.contig24_8	138	0.00024
HAD_SAK_2	PF18143.1	141	D3854.contig24_8	138	0.028
Acid_phosphat_B	PF03767.14	230	D3854.contig24_8	138	0.031
Thymidylat_synt	PF00303.19	268	D3854.contig24_9	368	1.1e-81
PRA-PH	PF01503.17	83	D3854.contig24_10	290	6e-12
TrbC	PF04956.13	99	D3854.contig24_10	290	0.016
Ribonuc_red_sm	PF00268.21	279	D3854.contig24_11	381	9.9e-45
Ribonuc_red_lgC	PF02867.15	524	D3854.contig24_12	772	4.4e-117
Ribonuc_red_lgN	PF00317.21	83	D3854.contig24_12	772	7.5e-11
ATP-cone	PF03477.16	86	D3854.contig24_12	772	2.7e-09
Lar_N	PF09861.9	204	D3854.contig24_13	190	0.031
AAA_23	PF13476.6	200	D3854.contig24_15	639	2.7e-16
SMC_N	PF02463.19	220	D3854.contig24_15	639	6.5e-14
SbcCD_C	PF13558.6	90	D3854.contig24_15	639	0.0002
DUF5082	PF16888.5	123	D3854.contig24_15	639	0.00025
AAA_27	PF13514.6	207	D3854.contig24_15	639	0.0022
Metallophos	PF00149.28	204	D3854.contig24_16	331	2.3e-07
Metallophos_2	PF12850.7	165	D3854.contig24_16	331	0.00038
Phage_integrase	PF00589.22	172	D3854.contig25_5	249	1e-17
DUF2993	PF11209.8	212	D3854.contig25_7	202	0.076
Amidase_5	PF05382.13	142	D3854.contig25_12	265	3.5e-06
NLPC_P60	PF00877.19	105	D3854.contig25_12	265	6.7e-06
UbiA	PF01040.18	252	D3854.contig25_13	95	0.0026
DUF3040	PF11239.8	84	D3854.contig25_13	95	0.015
Phage_integrase	PF00589.22	172	D3854.contig25_15	453	8.2e-18
Phage_integrase	PF00589.22	172	D3854.contig25_15	453	8.2e-18
Phage_int_SAM_3	PF14659.6	58	D3854.contig25_15	453	3.3e-07
DUF2016	PF09436.10	72	D3854.contig25_16	68	0.042
Peptidase_M78	PF06114.13	123	D3854.contig25_21	135	6.7e-08
zf-HIT	PF04438.16	30	D3854.contig25_21	135	0.088
Phage_CII	PF05269.11	91	D3854.contig25_23	75	0.14
Bro-N	PF02498.17	95	D3854.contig25_25	136	1.3e-19
Pilin_N	PF07790.11	81	D3854.contig26_1	87	0.06
RNase_T	PF00929.24	165	D3854.contig26_6	192	0.00069
ParBc	PF02195.18	90	D3854.contig26_10	472	1.2e-18
KorB	PF08535.10	89	D3854.contig26_10	472	0.0054
SSB	PF00436.25	104	D3854.contig26_13	206	2.2e-23
Band_7	PF01145.25	178	D3854.contig26_18	300	1.4e-22
HTH_23	PF13384.6	50	D3854.contig26_21	100	0.01
Terminase_5	PF06056.12	58	D3854.contig26_21	100	0.028
CRIC_ras_sig	PF10534.9	93	D3854.contig26_22	227	0.037
Peptidase_M78	PF06114.13	123	D3854.contig26_25	129	1.8e-06
Peptidase_M48	PF01435.18	196	D3854.contig26_25	129	0.001
Peptidase_U49	PF10463.9	206	D3854.contig26_25	129	0.017
RskA	PF10099.9	180	D3854.contig26_26	217	2.3e-05
MctB	PF11382.8	306	D3854.contig26_26	217	0.00044
CENP-F_leu_zip	PF10473.9	140	D3854.contig26_26	217	0.0017
GIT_CC	PF16559.5	66	D3854.contig26_26	217	0.002
DUF2511	PF10709.9	87	D3854.contig26_27	128	6.3e-06
Acetyltransf_1	PF00583.25	117	D3854.contig26_28	187	4.8e-05
Acetyltransf_3	PF13302.7	138	D3854.contig26_28	187	0.0046
Acetyltransf_8	PF13523.6	145	D3854.contig26_28	187	0.017
Phage_integrase	PF00589.22	172	D3854.contig26_30	392	1.4e-24
Arm-DNA-bind_4	PF14657.6	46	D3854.contig26_30	392	0.0005
Phage_int_SAM_3	PF14659.6	58	D3854.contig26_30	392	0.0071
Phage_portal	PF04860.12	314	D3854.contig27_1	349	5.4e-16
Terminase_6	PF03237.15	215	D3854.contig27_2	584	2.6e-47
Terminase_6C	PF17289.2	155	D3854.contig27_2	584	1.4e-27
Terminase_5	PF06056.12	58	D3854.contig27_2	584	1.1e-26
HTH_23	PF13384.6	50	D3854.contig27_2	584	1e-06
HTH_28	PF13518.6	52	D3854.contig27_2	584	6.2e-06
Sigma70_r4_2	PF08281.12	54	D3854.contig27_2	584	0.00047
HTH_Tnp_1	PF01527.20	75	D3854.contig27_2	584	0.00068
Phage_GPO	PF05929.11	272	D3854.contig27_3	279	3.6e-86
Mu-like_Pro	PF10123.9	325	D3854.contig27_3	279	0.018
Phage_cap_P2	PF05125.12	326	D3854.contig27_4	351	3.9e-115
Phage_term_smal	PF05944.12	130	D3854.contig27_5	267	3.2e-37
Phage_GPL	PF05926.11	139	D3854.contig27_6	165	2e-48
KfrA_N	PF11740.8	115	D3854.contig27_6	165	0.0077
Phage_tail_X	PF05489.12	60	D3854.contig27_7	67	3.8e-20
LysM	PF01476.20	44	D3854.contig27_7	67	0.029
Phage_holin_3_1	PF05106.12	99	D3854.contig27_8	108	5e-22
Peptidase_M15_4	PF13539.6	67	D3854.contig27_9	131	6.6e-16
Peptidase_M15_3	PF08291.11	111	D3854.contig27_9	131	0.046
DUF2570	PF10828.8	108	D3854.contig27_10	132	0.00033
SASA	PF03629.18	226	D3854.contig27_11	627	6.2e-14
DUF1737	PF08410.10	53	D3854.contig27_11	627	7.9e-09
P2_Phage_GpR	PF06891.11	131	D3854.contig27_12	156	1.6e-34
Phage_tail_S	PF05069.13	148	D3854.contig27_13	215	8.5e-28
Phage_tail_S	PF05069.13	148	D3854.contig27_13	215	8.5e-28
Phage_base_V	PF04717.12	112	D3854.contig27_14	194	1.2e-35
Phage_spike	PF18715.1	54	D3854.contig27_14	194	2.2e-22
GPW_gp25	PF04965.14	95	D3854.contig27_15	117	7e-14
Baseplate_J	PF04865.14	255	D3854.contig27_16	299	5.3e-20
Tail_P2_I	PF09684.10	136	D3854.contig27_17	203	1.2e-51
DUF3751	PF12571.8	150	D3854.contig27_18	241	9.8e-62
Phage_fiber_2	PF03406.13	42	D3854.contig27_18	241	2.5e-35
Phage_fiber_2	PF03406.13	42	D3854.contig27_18	241	2.5e-35
Phage_GP20	PF06810.11	149	D3854.contig28_1	227	0.00051
HNH_3	PF13392.6	46	D3854.contig28_3	187	4.5e-14
NUMOD4	PF07463.11	49	D3854.contig28_3	187	1.3e-07
DUF5520	PF17658.1	343	D3854.contig28_5	159	0.0037
DUF1360	PF07098.11	102	D3854.contig28_7	86	0.0019
ING	PF12998.7	101	D3854.contig28_8	258	0.0042
BAG	PF02179.16	75	D3854.contig29_1	58	0.13
EF-G-binding_N	PF07299.11	83	D3854.contig29_3	144	0.0032
RNR_Alpha	PF17975.1	101	D3854.contig29_7	1090	1.3e-19
Ribonuc_red_lgC	PF02867.15	524	D3854.contig29_7	1090	3.6e-12
ATP-cone	PF03477.16	86	D3854.contig29_7	1090	2.2e-10
LAGLIDADG_3	PF14528.6	83	D3854.contig29_7	1090	3.8e-07
Intein_splicing	PF14890.6	134	D3854.contig29_7	1090	0.00039
Hom_end	PF05204.14	110	D3854.contig29_7	1090	0.004
Macro	PF01661.21	118	D3854.contig29_8	154	5.9e-13
Pentaxin	PF00354.17	194	D3854.contig29_9	95	0.067
Thy1	PF02511.15	188	D3854.contig29_10	221	2.7e-36
SSB	PF00436.25	104	D3854.contig29_17	97	1.2e-17
tRNA_anti-codon	PF01336.25	76	D3854.contig29_17	97	0.0038
dUTPase	PF00692.19	129	D3854.contig29_18	87	2.7e-09
HNH_3	PF13392.6	46	D3854.contig29_19	199	2.3e-08
zf-FCS	PF06467.14	41	D3854.contig29_19	199	5.9e-05
Toxin_27	PF08099.11	33	D3854.contig29_19	199	0.021
dUTPase	PF00692.19	129	D3854.contig29_20	49	0.0087
DUF370	PF04025.12	73	D3854.contig29_23	139	4.3e-12
Peptidase_C58	PF03543.14	204	D3854.contig29_24	144	0.045
Raf1_N	PF18578.1	106	D3854.contig29_25	104	0.047
Phage_integrase	PF00589.22	172	D3854.contig30_2	451	1e-17
Arm-DNA-bind_3	PF13356.6	74	D3854.contig30_2	451	6.9e-13
Phage_int_SAM_3	PF14659.6	58	D3854.contig30_2	451	0.01
PerC	PF06069.11	90	D3854.contig30_3	96	2.7e-33
DUF4110	PF13422.6	95	D3854.contig30_3	96	0.045
Recombinase	PF07508.13	104	D3854.contig30_4	148	0.077
Peptidase_M78	PF06114.13	123	D3854.contig30_6	161	6.2e-21
Bax1-I	PF01027.20	207	D3854.contig30_7	132	0.0015
DUF2070	PF09843.9	564	D3854.contig30_7	132	0.032
Inj_translocase	PF16928.5	218	D3854.contig30_9	448	6e-75
DUF2156	PF09924.9	298	D3854.contig30_10	90	0.14
PBECR5	PF18814.1	245	D3854.contig31_1	1785	1.3e-35
DUF971	PF06155.12	85	D3854.contig31_2	722	0.0015
Glucosaminidase	PF01832.20	87	D3854.contig31_2	722	0.023
DUF2833	PF11090.8	86	D3854.contig31_4	163	1.4e-05
Tube	PF17212.3	169	D3854.contig31_8	96	0.00064
Phage_holin_4_1	PF05105.12	114	D3854.contig32_3	153	1.1e-06
DUF2809	PF10990.8	86	D3854.contig32_3	153	0.0071
PMT_2	PF13231.6	159	D3854.contig32_3	153	0.0073
2TM	PF13239.6	76	D3854.contig32_4	66	0.0038
Amidase_3	PF01520.18	175	D3854.contig32_5	196	1.1e-29
HTH_23	PF13384.6	50	D3854.contig32_12	98	0.053
HNH_3	PF13392.6	46	D3854.contig32_14	212	9.6e-12
NUMOD4	PF07463.11	49	D3854.contig32_14	212	3.7e-10
HTH_11	PF08279.12	55	D3854.contig32_20	133	0.0014
HTH_8	PF02954.19	42	D3854.contig32_20	133	0.0024
HTH_23	PF13384.6	50	D3854.contig32_20	133	0.0081
She9_MDM33	PF05546.11	198	D3854.contig32_22	87	0.048
YopX	PF09643.10	131	D3854.contig32_23	143	2.2e-14
HNH_3	PF13392.6	46	D3854.contig33_1	111	1.8e-09
SSB	PF00436.25	104	D3854.contig33_3	139	2e-30
Radical_SAM	PF04055.21	167	D3854.contig33_4	284	0.0057
ASCH	PF04266.14	107	D3854.contig33_5	169	0.00053
Toxin-deaminase	PF14424.6	142	D3854.contig33_6	84	0.11
DUF3053	PF11254.8	220	D3854.contig33_7	45	0.053
Whib	PF02467.16	64	D3854.contig33_10	163	0.063
NUMOD4	PF07463.11	49	D3854.contig33_11	171	6.9e-16
HNH_3	PF13392.6	46	D3854.contig33_11	171	1.6e-08
NUMOD1	PF07453.13	37	D3854.contig33_11	171	0.0056
DUF641	PF04859.12	128	D3854.contig33_12	222	0.0087
HTH_38	PF13936.6	44	D3854.contig33_12	222	0.016
Terminase_6	PF03237.15	215	D3854.contig33_13	518	9.6e-05
RAB3GAP2_C	PF14656.6	602	D3854.contig33_16	173	0.017
NPA	PF16469.5	123	D3854.contig33_18	96	0.036
SASA	PF03629.18	226	D3854.contig34_1	638	3.1e-12
DUF1737	PF08410.10	53	D3854.contig34_1	638	3e-06
Tetrabrachion	PF11401.8	49	D3854.contig34_3	97	0.1
UPF0154	PF03672.13	60	D3854.contig34_4	51	0.039
Dicty_CAD	PF05720.12	82	D3854.contig34_6	60	0.1
DNA_ligase_A_M	PF01068.21	204	D3854.contig34_7	441	2e-12
DNA_ligase_OB_2	PF14743.6	66	D3854.contig34_7	441	0.024
Toprim_N	PF08275.11	128	D3854.contig34_10	385	1e-05
Toprim_2	PF13155.6	90	D3854.contig34_10	385	0.00037
DnaB_C	PF03796.15	255	D3854.contig34_11	447	3.9e-12
ATPase	PF06745.13	231	D3854.contig34_11	447	2.2e-08
AAA_25	PF13481.6	194	D3854.contig34_11	447	7.7e-08
DUF2278	PF10042.9	204	D3854.contig34_13	237	0.012
Cep3	PF16846.5	511	D3854.contig35_10	215	0.0015
ResIII	PF04851.15	171	D3854.contig35_12	557	1.9e-23
ResIII	PF04851.15	171	D3854.contig35_12	557	1.9e-23
Helicase_C	PF00271.31	111	D3854.contig35_12	557	4.6e-18
SWI2_SNF2	PF18766.1	224	D3854.contig35_12	557	6.4e-10
SWI2_SNF2	PF18766.1	224	D3854.contig35_12	557	6.4e-10
AAA_30	PF13604.6	192	D3854.contig35_12	557	3.1e-08
DEAD	PF00270.29	176	D3854.contig35_12	557	2e-06
zf-tcix	PF14952.6	42	D3854.contig35_12	557	0.0008
DUF4065	PF13274.6	114	D3854.contig36_1	151	3.6e-25
HicB	PF05534.12	51	D3854.contig36_3	63	0.0043
Glyco_transf_21	PF13506.6	173	D3854.contig36_4	58	0.038
Phage_integrase	PF00589.22	172	D3854.contig36_7	340	1.8e-09
Arm-DNA-bind_4	PF14657.6	46	D3854.contig36_7	340	0.00048
Phage_int_SAM_3	PF14659.6	58	D3854.contig36_7	340	0.0019
DUF5067	PF16729.5	125	D3854.contig36_8	188	7.6e-19
HTH_3	PF01381.22	55	D3854.contig36_9	215	2.3e-15
HTH_19	PF12844.7	65	D3854.contig36_9	215	2.1e-10
HTH_31	PF13560.6	64	D3854.contig36_9	215	5.7e-10
Peptidase_S24	PF00717.23	70	D3854.contig36_9	215	5.7e-09
HTH_26	PF13443.6	63	D3854.contig36_9	215	5e-07
HTH_3	PF01381.22	55	D3854.contig36_10	68	2e-07
HTH_19	PF12844.7	65	D3854.contig36_10	68	3e-05
HTH_31	PF13560.6	64	D3854.contig36_10	68	5e-05
HTH_Tnp_ISL3	PF13542.6	52	D3854.contig36_10	68	0.01
Sigma70_r4	PF04545.16	50	D3854.contig36_15	85	1.8e-06
HTH_3	PF01381.22	55	D3854.contig36_15	85	8e-06
HTH_11	PF08279.12	55	D3854.contig36_15	85	0.00018
HTH_23	PF13384.6	50	D3854.contig36_15	85	0.00021
HTH_24	PF13412.6	48	D3854.contig36_15	85	0.00023
HTH_37	PF13744.6	80	D3854.contig36_15	85	0.0006
DDRGK	PF09756.9	188	D3854.contig36_15	85	0.00068
HTH_AsnC-type	PF13404.6	42	D3854.contig36_15	85	0.004
Sigma70_ECF	PF07638.11	185	D3854.contig36_15	85	0.0055
Bax1-I	PF01027.20	207	D3854.contig36_16	86	0.0043
ERF	PF04404.12	153	D3854.contig36_18	216	1.9e-25
NinB	PF05772.12	131	D3854.contig36_19	185	7e-05
Cytochrom_NNT	PF03264.14	174	D3854.contig36_20	104	6.6e-05
Paired_CXXCH_1	PF09699.10	42	D3854.contig36_20	104	0.00012
HNH_5	PF14279.6	56	D3854.contig36_20	104	0.0043
Cytochrome_C7	PF14522.6	73	D3854.contig36_20	104	0.0078
SSB	PF00436.25	104	D3854.contig36_21	136	5.7e-33
HTH_11	PF08279.12	55	D3854.contig36_22	93	0.056
DUF4373	PF14297.6	96	D3854.contig36_23	268	3.3e-25
HTH_36	PF13730.6	55	D3854.contig37_1	142	0.012
RecT	PF03837.14	199	D3854.contig37_2	284	8.2e-46
YqaJ	PF09588.10	148	D3854.contig37_3	314	9.1e-35
ANT	PF03374.14	108	D3854.contig37_7	249	2.3e-34
Bro-N	PF02498.17	95	D3854.contig37_7	249	1.3e-21
HTH_8	PF02954.19	42	D3854.contig37_8	66	6.2e-07
DUF739	PF05339.11	69	D3854.contig37_8	66	0.00069
HTH_26	PF13443.6	63	D3854.contig37_8	66	0.0013
HTH_3	PF01381.22	55	D3854.contig37_8	66	0.0013
HTH_24	PF13412.6	48	D3854.contig37_8	66	0.0017
HTH_3	PF01381.22	55	D3854.contig37_9	124	2.3e-16
HTH_19	PF12844.7	65	D3854.contig37_9	124	1.6e-11
HTH_26	PF13443.6	63	D3854.contig37_9	124	3.6e-11
HTH_31	PF13560.6	64	D3854.contig37_9	124	1.4e-10
HTH_25	PF13413.6	62	D3854.contig37_9	124	2.6e-07
HTH_23	PF13384.6	50	D3854.contig37_9	124	1.8e-05
Sigma70_r4	PF04545.16	50	D3854.contig37_9	124	0.0031
Peptidase_M78	PF06114.13	123	D3854.contig37_10	88	2.5e-05
Aspzincin_M35	PF14521.6	145	D3854.contig37_10	88	0.016
zinc_ribbon_2	PF13240.6	23	D3854.contig37_11	193	5.3e-11
DZR	PF12773.7	49	D3854.contig37_11	193	3e-07
zf-ribbon_3	PF13248.6	26	D3854.contig37_11	193	2e-06
zinc_ribbon_15	PF17032.5	86	D3854.contig37_11	193	0.0015
DUF1829	PF08862.10	87	D3854.contig37_13	254	6.6e-29
DUF1828	PF08861.10	91	D3854.contig37_13	254	7.9e-24
Resolvase	PF00239.21	146	D3854.contig37_14	485	5.5e-44
Zn_ribbon_recom	PF13408.6	58	D3854.contig37_14	485	2e-11
Recombinase	PF07508.13	104	D3854.contig37_14	485	2.3e-06
DUF1192	PF06698.11	58	D3854.contig37_14	485	0.0014
OmdA	PF13376.6	60	D3854.contig38_1	221	1.1e-18
Peptidase_S41_N	PF11918.8	129	D3854.contig38_1	221	0.0089
zf-HC2	PF13490.6	35	D3854.contig38_3	81	0.0082
Sigma70_r2	PF04542.14	71	D3854.contig38_4	186	6.5e-19
Sigma70_r4_2	PF08281.12	54	D3854.contig38_4	186	5.4e-11
DUF1492	PF07374.11	100	D3854.contig38_4	186	1.1e-05
Aminotran_5	PF00266.19	371	D3854.contig38_5	421	5.9e-41
Cys_Met_Meta_PP	PF01053.20	382	D3854.contig38_5	421	3.2e-09
Aminotran_1_2	PF00155.21	363	D3854.contig38_5	421	3.3e-08
DegT_DnrJ_EryC1	PF01041.17	361	D3854.contig38_5	421	8.4e-08
Beta_elim_lyase	PF01212.21	293	D3854.contig38_5	421	0.0002
HSCB_C	PF07743.13	76	D3854.contig38_6	158	7.3e-10
DnaJ	PF00226.31	63	D3854.contig38_6	158	2.3e-07
AlaDh_PNT_N	PF05222.15	136	D3854.contig38_7	400	6.6e-21
AlaDh_PNT_C	PF01262.21	214	D3854.contig38_7	400	0.00046
MTS	PF05175.14	169	D3854.contig38_8	244	1.4e-16
Methyltransf_31	PF13847.6	152	D3854.contig38_8	244	8.5e-12
Methyltransf_25	PF13649.6	97	D3854.contig38_8	244	1.3e-10
PrmA	PF06325.13	296	D3854.contig38_8	244	6.1e-09
Methyltransf_10	PF05971.12	299	D3854.contig38_8	244	6.3e-08
Methyltransf_23	PF13489.6	165	D3854.contig38_8	244	1.3e-07
Methyltransf_12	PF08242.12	99	D3854.contig38_8	244	2.2e-07
Methyltransf_11	PF08241.12	96	D3854.contig38_8	244	2.5e-07
Methyltransf_18	PF12847.7	151	D3854.contig38_8	244	2.9e-07
UPF0020	PF01170.18	197	D3854.contig38_8	244	7.8e-07
Methyltransf_16	PF10294.9	174	D3854.contig38_8	244	9.4e-06
Methyltransf_3	PF01596.17	212	D3854.contig38_8	244	0.00016
PCMT	PF01135.19	210	D3854.contig38_8	244	0.0017
GerE	PF00196.19	57	D3854.contig38_9	158	1.7e-18
Sigma70_r4_2	PF08281.12	54	D3854.contig38_9	158	4.1e-05
Sigma70_r4	PF04545.16	50	D3854.contig38_9	158	0.00019
HTH_23	PF13384.6	50	D3854.contig38_9	158	0.00023
RepB	PF07506.11	185	D3854.contig38_9	158	0.0094
DUF4199	PF13858.6	168	D3854.contig38_10	171	4.2e-30
Fer2_3	PF13085.6	109	D3854.contig38_11	254	4.8e-24
Fer4_8	PF13183.6	65	D3854.contig38_11	254	1.5e-09
Fer4_7	PF12838.7	52	D3854.contig38_11	254	4.8e-09
Fer4_9	PF13187.6	51	D3854.contig38_11	254	1.2e-07
Fer4_9	PF13187.6	51	D3854.contig38_11	254	1.2e-07
Fer4_4	PF12800.7	17	D3854.contig38_11	254	2.6e-05
Fer4_17	PF13534.6	61	D3854.contig38_11	254	2.7e-05
Fer4_10	PF13237.6	56	D3854.contig38_11	254	9.2e-05
Fer4_6	PF12837.7	24	D3854.contig38_11	254	0.001
Fer4	PF00037.27	24	D3854.contig38_11	254	0.0027
Fer4_2	PF12797.7	22	D3854.contig38_11	254	0.0031
Fer2	PF00111.27	78	D3854.contig38_11	254	0.0032
PDDEXK_3	PF13366.6	118	D3854.contig38_12	132	5.1e-39
HSDR_N_2	PF13588.6	110	D3854.contig38_12	132	0.018
Cas_Cas4	PF01930.17	162	D3854.contig38_12	132	0.028
Succ_DH_flav_C	PF02910.20	128	D3854.contig38_13	432	1.2e-38
FAD_binding_2	PF00890.24	417	D3854.contig38_13	432	9.6e-21
Big_2	PF02368.18	79	D3854.contig39_4	246	3.3e-22
Minor_capsid_1	PF10665.9	105	D3854.contig39_7	115	0.11
Phage_prot_Gp6	PF05133.14	420	D3854.contig39_12	525	3e-09
Terminase_6	PF03237.15	215	D3854.contig39_13	419	2.3e-07
Terminase_3	PF04466.13	201	D3854.contig39_13	419	1.3e-06
Terminase_1	PF03354.15	468	D3854.contig39_13	419	3.1e-05
Terminase_6C	PF17289.2	155	D3854.contig39_13	419	0.0015
RecA	PF00154.21	263	D3854.contig40_1	358	4.3e-43
Rad51	PF08423.11	255	D3854.contig40_1	358	4.8e-05
ATPase	PF06745.13	231	D3854.contig40_1	358	0.0031
Band_7	PF01145.25	178	D3854.contig40_3	277	1.1e-24
Flot	PF15975.5	121	D3854.contig40_3	277	1.5e-05
DUF1281_C	PF18406.1	87	D3854.contig40_4	275	8.7e-17
Apolipoprotein	PF01442.18	190	D3854.contig40_5	247	0.00016
Phlebovirus_NSM	PF07246.11	264	D3854.contig40_5	247	0.0019
Jnk-SapK_ap_N	PF09744.9	156	D3854.contig40_6	130	0.0055
ChaB	PF06150.12	60	D3854.contig40_6	130	0.0082
UFC1	PF08694.11	155	D3854.contig40_8	92	0.087
Rep_3	PF01051.21	222	D3854.contig40_11	405	1.7e-25
DAO	PF01266.24	352	D3854.contig41_5	369	3.8e-46
GTP_EFTU_D2	PF03144.25	74	D3854.contig41_7	235	7.1e-09
GTP_EFTU_D3	PF03143.17	112	D3854.contig41_7	235	4.4e-06
GTP_EFTU	PF00009.27	194	D3854.contig41_8	396	1.7e-24
MMR_HSR1	PF01926.23	114	D3854.contig41_8	396	0.0012
AFT	PF08731.11	111	D3854.contig42_1	101	0.023
adh_short	PF00106.25	195	D3854.contig42_4	450	4.2e-21
adh_short_C2	PF13561.6	234	D3854.contig42_4	450	6.4e-13
KR	PF08659.10	180	D3854.contig42_4	450	0.00027
Pkinase_Tyr	PF07714.17	259	D3854.contig42_5	990	6.9e-44
Pkinase	PF00069.25	264	D3854.contig42_5	990	9.3e-34
Kinase-like	PF14531.6	288	D3854.contig42_5	990	0.015
Ras	PF00071.22	162	D3854.contig42_5	990	0.019
Prenyltransf	PF01255.19	224	D3854.contig42_8	103	1.4e-22
Glyco_transf_4	PF13439.6	170	D3854.contig43_1	156	1.8e-14
Glyco_trans_4_4	PF13579.6	160	D3854.contig43_1	156	2.3e-14
Glyco_trans_4_2	PF13477.6	139	D3854.contig43_1	156	2.3e-10
Glyco_transf_28	PF03033.20	139	D3854.contig43_1	156	0.00044
Epimerase	PF01370.21	241	D3854.contig43_3	310	9.4e-75
GDP_Man_Dehyd	PF16363.5	332	D3854.contig43_3	310	4.5e-22
RmlD_sub_bind	PF04321.17	287	D3854.contig43_3	310	2e-08
Polysacc_synt_2	PF02719.15	294	D3854.contig43_3	310	4.4e-05
GDP_Man_Dehyd	PF16363.5	332	D3854.contig43_4	371	3.5e-158
Epimerase	PF01370.21	241	D3854.contig43_4	371	2.3e-73
RmlD_sub_bind	PF04321.17	287	D3854.contig43_4	371	3.7e-07
Polysacc_synt_2	PF02719.15	294	D3854.contig43_4	371	0.0023
Glycos_transf_2	PF00535.26	170	D3854.contig43_5	253	2.2e-25
Glyco_tranf_2_3	PF13641.6	230	D3854.contig43_5	253	2.9e-12
Glyco_tranf_2_2	PF10111.9	276	D3854.contig43_5	253	2.3e-06
Glyco_tranf_2_5	PF13712.6	210	D3854.contig43_5	253	0.0065
Glycos_transf_1	PF00534.20	172	D3854.contig43_7	337	1.9e-20
Glyco_trans_1_4	PF13692.6	134	D3854.contig43_7	337	3.5e-12
Glyco_transf_4	PF13439.6	170	D3854.contig43_7	337	0.00034
Glycos_transf_1	PF00534.20	172	D3854.contig43_9	333	6.8e-28
Glyco_trans_1_4	PF13692.6	134	D3854.contig43_9	333	6.6e-25
SNF2_N	PF00176.23	350	D3854.contig44_6	396	4.4e-34
Helicase_C	PF00271.31	111	D3854.contig44_6	396	3.6e-11
ResIII	PF04851.15	171	D3854.contig44_6	396	8.2e-08
GATase_4	PF13230.6	272	D3854.contig44_7	375	0.0011
Amidoligase_2	PF12224.8	253	D3854.contig44_8	579	0.00026
DUF4286	PF14114.6	97	D3854.contig44_13	70	0.02
DASH_Dad1	PF08649.10	55	D3854.contig44_15	91	0.01
CHD5	PF04420.14	159	D3854.contig45_1	283	0.0038
DUF3672	PF12421.8	133	D3854.contig45_5	813	0.0039
Fibritin_C	PF07921.12	93	D3854.contig45_7	218	0.0028
AAA_5	PF07728.14	138	D3854.contig46_1	392	6.7e-16
DNA_pol3_alpha	PF07733.12	260	D3854.contig46_2	1173	3.9e-73
DNA_pol3_finger	PF17657.1	166	D3854.contig46_2	1173	2.8e-44
PHP	PF02811.19	167	D3854.contig46_2	1173	9.1e-15
HHH_6	PF14579.6	90	D3854.contig46_2	1173	2.3e-14
UDG	PF03167.19	155	D3854.contig46_2	1173	7.6e-05
CCDC-167	PF15188.6	84	D3854.contig46_3	144	0.16
gp32	PF08804.10	211	D3854.contig46_4	343	2e-59
5_3_exonuc_N	PF02739.16	159	D3854.contig46_5	315	3.9e-24
5_3_exonuc	PF01367.20	97	D3854.contig46_5	315	9.4e-14
Amidase_3	PF01520.18	175	D3854.contig47_1	120	0.07
CpXC	PF14353.6	118	D3854.contig47_2	75	0.024
Sipho_Gp37	PF14594.6	351	D3854.contig47_3	521	5.6e-07
DUF3168	PF11367.8	117	D3854.contig47_9	117	0.005
DUF1573	PF07610.11	98	D3854.contig48_1	53	0.046
YadA_stalk	PF05662.14	43	D3854.contig48_2	556	1.4e-15
YadA_stalk	PF05662.14	43	D3854.contig48_2	556	1.4e-15
YadA_head	PF05658.14	27	D3854.contig48_2	556	4.1e-11
YadA_head	PF05658.14	27	D3854.contig48_2	556	4.1e-11
YadA_head	PF05658.14	27	D3854.contig48_2	556	4.1e-11
YadA_head	PF05658.14	27	D3854.contig48_2	556	4.1e-11
YadA_anchor	PF03895.15	60	D3854.contig48_2	556	4.4e-07
DUF5493	PF17597.2	82	D3854.contig48_3	64	0.039
HTH_17	PF12728.7	51	D3854.contig48_5	71	2.5e-08
MerR_1	PF13411.6	69	D3854.contig48_5	71	0.0014
Tn916-Xis	PF09035.10	69	D3854.contig48_5	71	0.013
HTH_26	PF13443.6	63	D3854.contig48_6	73	1.5e-07
HTH_3	PF01381.22	55	D3854.contig48_6	73	2.4e-05
HTH_7	PF02796.15	45	D3854.contig48_6	73	0.00019
BetR	PF08667.10	148	D3854.contig48_6	73	0.001
HTH_Tnp_1_2	PF13022.6	123	D3854.contig48_6	73	0.0022
HTH_3	PF01381.22	55	D3854.contig48_7	133	8.2e-13
HTH_31	PF13560.6	64	D3854.contig48_7	133	5e-10
HTH_19	PF12844.7	65	D3854.contig48_7	133	2.1e-09
HTH_26	PF13443.6	63	D3854.contig48_7	133	7e-09
HTH_38	PF13936.6	44	D3854.contig48_7	133	0.001
HTH_7	PF02796.15	45	D3854.contig48_7	133	0.0019
Peptidase_M78	PF06114.13	123	D3854.contig48_8	89	0.00019
PurA	PF04845.13	219	D3854.contig48_8	89	0.058
SWIM	PF04434.17	40	D3854.contig48_9	369	0.00066
Phage_integrase	PF00589.22	172	D3854.contig48_10	358	7e-31
Phage_int_SAM_3	PF14659.6	58	D3854.contig48_10	358	3.3e-09
Phage_int_SAM_5	PF13102.6	99	D3854.contig48_10	358	7.3e-06
pXO2-72	PF17443.2	62	D3854.contig48_11	69	0.00023
Chitin_synth_2	PF03142.15	527	D3854.contig48_12	89	0.023
Sigma70_r4_2	PF08281.12	54	D3854.contig49_1	189	2.9e-16
Sigma70_r4	PF04545.16	50	D3854.contig49_1	189	1.2e-09
Sigma70_ECF	PF07638.11	185	D3854.contig49_1	189	6.2e-09
GerE	PF00196.19	57	D3854.contig49_1	189	5.8e-06
Sigma70_r2	PF04542.14	71	D3854.contig49_1	189	1.2e-05
HTH_24	PF13412.6	48	D3854.contig49_1	189	0.0034
PhoD	PF09423.10	350	D3854.contig49_2	284	0.00032
TonB_C	PF03544.14	79	D3854.contig49_3	225	1.7e-09
SMI1_KNR4	PF09346.10	133	D3854.contig49_4	206	1.9e-15
SUKH_6	PF14568.6	121	D3854.contig49_4	206	2.1e-06
Peptidase_M23	PF01551.22	96	D3854.contig49_5	229	3e-16
RBFA	PF02033.18	105	D3854.contig49_6	124	5.5e-23
NlpE_C	PF17185.4	90	D3854.contig49_7	156	6.3e-12
MacB_PCD	PF12704.7	195	D3854.contig49_8	398	9.9e-13
FtsX	PF02687.21	96	D3854.contig49_8	398	3.3e-09
Prominin	PF05478.11	800	D3854.contig49_8	398	0.00044
Lactamase_B	PF00753.27	197	D3854.contig49_9	213	1e-20
Lactamase_B_2	PF12706.7	201	D3854.contig49_9	213	0.045
SprT-like	PF10263.9	113	D3854.contig49_10	204	6.3e-06
DUF2815	PF10991.8	173	D3854.contig50_2	187	7.4e-49
FKBP_C	PF00254.28	94	D3854.contig50_2	187	0.045
DNA_pol_A	PF00476.20	376	D3854.contig50_3	645	1.4e-25
DUF612	PF04747.12	504	D3854.contig50_4	110	0.043
PcfJ	PF14284.6	144	D3854.contig50_5	562	6.5e-17
DUF1610	PF07754.11	24	D3854.contig50_5	562	0.0088
VirE	PF05272.11	198	D3854.contig50_6	810	1.7e-69
YsaB	PF13983.6	75	D3854.contig51_3	76	0.14
Methyltransf_11	PF08241.12	96	D3854.contig51_4	155	5e-07
Methyltransf_25	PF13649.6	97	D3854.contig51_4	155	1.4e-05
N6_N4_Mtase	PF01555.18	231	D3854.contig51_4	155	0.005
N6-adenineMlase	PF10237.9	160	D3854.contig51_4	155	0.032
CdiI_2	PF18593.1	91	D3854.contig51_5	107	0.065
YopX	PF09643.10	131	D3854.contig51_6	137	3e-15
DUF3850	PF12961.7	77	D3854.contig51_8	202	5.8e-30
DUF1642	PF07852.11	138	D3854.contig51_8	202	9.3e-14
ASCH	PF04266.14	107	D3854.contig51_8	202	6.3e-08
TRAF_BIRC3_bd	PF16673.5	64	D3854.contig51_9	162	0.0091
DUF1533	PF07550.11	60	D3854.contig51_10	61	0.0062
HTH_38	PF13936.6	44	D3854.contig51_13	139	0.0099
Sigma70_r4_2	PF08281.12	54	D3854.contig51_13	139	0.014
MMR_HSR1_Xtn	PF16897.5	106	D3854.contig51_14	150	0.019
DUF3552	PF12072.8	201	D3854.contig51_14	150	0.036
ParBc	PF02195.18	90	D3854.contig51_15	174	3e-09
DUF4338	PF14236.6	230	D3854.contig51_16	203	0.0017
SLATT_2	PF18183.1	192	D3854.contig51_17	63	0.13
Phage_rep_org_N	PF09681.10	121	D3854.contig52_1	223	1.6e-28
HNHc_6	PF16784.5	200	D3854.contig52_2	227	1.2e-35
DUF968	PF06147.11	200	D3854.contig52_2	227	0.0042
DUF1351	PF07083.11	210	D3854.contig52_3	327	3.4e-50
Syntaxin_2	PF14523.6	101	D3854.contig52_3	327	0.002
ERF	PF04404.12	153	D3854.contig52_4	226	8.4e-26
DUF1106	PF06523.11	91	D3854.contig52_6	52	0.01
DUF5592	PF17332.2	89	D3854.contig52_8	58	0.025
DUF3040	PF11239.8	84	D3854.contig52_8	58	0.035
PhoR	PF11808.8	86	D3854.contig52_8	58	0.038
ANT	PF03374.14	108	D3854.contig52_10	240	5.3e-30
AntA	PF08346.12	68	D3854.contig52_10	240	3.8e-24
DUF739	PF05339.11	69	D3854.contig52_11	78	1.7e-38
HTH_26	PF13443.6	63	D3854.contig52_11	78	0.026
HTH_3	PF01381.22	55	D3854.contig52_12	191	4.9e-08
HTH_19	PF12844.7	65	D3854.contig52_12	191	0.00019
HTH_26	PF13443.6	63	D3854.contig52_12	191	0.013
Peptidase_M78	PF06114.13	123	D3854.contig52_13	158	0.0015
FAM176	PF14851.6	145	D3854.contig52_14	185	0.0092
Protamine_3	PF08188.11	48	D3854.contig52_15	55	0.045
FliD_C	PF07195.12	240	D3854.contig53_2	107	0.06
DnaB_C	PF03796.15	255	D3854.contig53_6	660	5.7e-35
zf-CHC2	PF01807.20	98	D3854.contig53_6	660	2e-21
Toprim_2	PF13155.6	90	D3854.contig53_6	660	2.2e-13
Toprim_N	PF08275.11	128	D3854.contig53_6	660	7.8e-13
Toprim_N	PF08275.11	128	D3854.contig53_6	660	7.8e-13
Toprim_4	PF13662.6	89	D3854.contig53_6	660	1.2e-06
Toprim_3	PF13362.6	95	D3854.contig53_6	660	5e-05
ATPase	PF06745.13	231	D3854.contig53_6	660	9.9e-05
AAA_25	PF13481.6	194	D3854.contig53_6	660	0.00082
DUF3114	PF11311.8	255	D3854.contig53_7	110	0.02
HTH_24	PF13412.6	48	D3854.contig53_8	91	3.8e-06
MarR_2	PF12802.7	62	D3854.contig53_8	91	5.6e-05
HTH_Crp_2	PF13545.6	68	D3854.contig53_8	91	0.00072
HTH_IclR	PF09339.10	52	D3854.contig53_8	91	0.00076
HTH_11	PF08279.12	55	D3854.contig53_8	91	0.0015
GntR	PF00392.21	64	D3854.contig53_8	91	0.003
TrmB	PF01978.19	68	D3854.contig53_8	91	0.0054
Rad52_Rad22	PF04098.15	153	D3854.contig53_9	232	3.2e-17
DNA_pol3_finger	PF17657.1	166	D3854.contig53_10	320	1.8e-07
Phage_integrase	PF00589.22	172	D3854.contig54_1	208	2.3e-11
Phage_int_SAM_3	PF14659.6	58	D3854.contig54_1	208	1.7e-09
Phage_int_SAM_5	PF13102.6	99	D3854.contig54_1	208	2.2e-06
Recep_L_domain	PF01030.24	112	D3854.contig54_2	54	0.059
HTH_19	PF12844.7	65	D3854.contig54_4	251	5.8e-08
HTH_31	PF13560.6	64	D3854.contig54_4	251	1.8e-07
HTH_3	PF01381.22	55	D3854.contig54_4	251	4e-07
HTH_26	PF13443.6	63	D3854.contig54_4	251	3.7e-06
HTH_25	PF13413.6	62	D3854.contig54_4	251	0.00073
WxL	PF13731.6	212	D3854.contig54_4	251	0.0086
HTH_26	PF13443.6	63	D3854.contig54_5	68	3.9e-08
HTH_3	PF01381.22	55	D3854.contig54_5	68	4.5e-06
HTH_7	PF02796.15	45	D3854.contig54_5	68	0.0017
HTH_31	PF13560.6	64	D3854.contig54_5	68	0.0078
HTH_26	PF13443.6	63	D3854.contig54_6	83	2.6e-07
HTH_3	PF01381.22	55	D3854.contig54_6	83	0.00016
HTH_31	PF13560.6	64	D3854.contig54_6	83	0.00018
HTH_17	PF12728.7	51	D3854.contig54_7	65	5.2e-10
MerR_1	PF13411.6	69	D3854.contig54_7	65	0.0027
DUF2873	PF11395.8	43	D3854.contig54_9	64	0.073
YadA_head	PF05658.14	27	D3854.contig54_10	481	4.3e-19
YadA_head	PF05658.14	27	D3854.contig54_10	481	4.3e-19
YadA_head	PF05658.14	27	D3854.contig54_10	481	4.3e-19
YadA_stalk	PF05662.14	43	D3854.contig54_10	481	6.5e-09
YadA_anchor	PF03895.15	60	D3854.contig54_10	481	7.7e-08
AAA_15	PF13175.6	369	D3854.contig54_12	412	3.9e-08
AAA_23	PF13476.6	200	D3854.contig54_12	412	4e-08
SMC_N	PF02463.19	220	D3854.contig54_12	412	2.8e-07
AAA_29	PF13555.6	61	D3854.contig54_12	412	0.00032
V_ATPase_I	PF01496.19	813	D3854.contig54_12	412	0.0037
Phage_tail_L	PF05100.12	206	D3854.contig55_1	121	6.7e-52
NLPC_P60	PF00877.19	105	D3854.contig55_2	266	1e-23
Prok-JAB	PF14464.6	118	D3854.contig55_2	266	4.7e-12
Phage-tail_3	PF13550.6	164	D3854.contig55_4	1564	2e-31
DUF1983	PF09327.11	81	D3854.contig55_4	1564	2.3e-21
fn3	PF00041.21	85	D3854.contig55_4	1564	4.3e-06
ApoLp-III	PF07464.11	146	D3854.contig55_4	1564	0.00068
Tube	PF17212.3	169	D3854.contig56_2	173	0.058
DUF4043	PF13252.6	353	D3854.contig56_3	328	3.6e-34
DUF4043	PF13252.6	353	D3854.contig56_3	328	3.6e-34
P22_portal	PF16510.5	668	D3854.contig56_5	660	2.7e-06
Terminase_6	PF03237.15	215	D3854.contig56_7	454	5.7e-09
Terminase_3	PF04466.13	201	D3854.contig56_7	454	2.5e-07
RIH_assoc	PF08454.11	101	D3854.contig57_2	107	0.067
DUF5361	PF17318.2	87	D3854.contig57_3	131	6.8e-05
Baculo_PEP_C	PF04513.12	140	D3854.contig57_4	967	8.2e-10
Sipho_tail	PF05709.11	255	D3854.contig57_5	261	0.00029
Prophage_tail	PF06605.11	316	D3854.contig57_6	429	1.3e-34
HTH_3	PF01381.22	55	D3854.contig58_3	216	1.6e-10
Peptidase_S24	PF00717.23	70	D3854.contig58_3	216	2.8e-10
HTH_31	PF13560.6	64	D3854.contig58_3	216	3.9e-05
HTH_19	PF12844.7	65	D3854.contig58_3	216	0.00027
HTH_3	PF01381.22	55	D3854.contig58_4	69	4.1e-15
HTH_31	PF13560.6	64	D3854.contig58_4	69	3.1e-11
HTH_19	PF12844.7	65	D3854.contig58_4	69	2.4e-08
HTH_26	PF13443.6	63	D3854.contig58_4	69	7.6e-06
HTH_37	PF13744.6	80	D3854.contig58_4	69	1.8e-05
HTH_23	PF13384.6	50	D3854.contig58_4	69	0.00032
Usg	PF06233.12	80	D3854.contig58_5	107	0.034
CcmD	PF04995.14	44	D3854.contig58_8	62	0.024
HTH_26	PF13443.6	63	D3854.contig58_9	158	1.7e-07
HTH_3	PF01381.22	55	D3854.contig58_9	158	7.6e-05
HTH_23	PF13384.6	50	D3854.contig58_9	158	0.00056
Sigma70_r4_2	PF08281.12	54	D3854.contig58_9	158	0.0016
HTH_29	PF13551.6	63	D3854.contig58_9	158	0.0029
HTH_24	PF13412.6	48	D3854.contig58_11	119	0.00036
FAP	PF07174.11	298	D3854.contig58_14	146	0.011
DUF2800	PF10926.8	363	D3854.contig58_15	319	1.8e-108
PDDEXK_1	PF12705.7	255	D3854.contig58_15	319	6.7e-10
AAA_23	PF13476.6	200	D3854.contig59_2	482	7.3e-15
AAA_15	PF13175.6	369	D3854.contig59_2	482	7.7e-13
AAA_29	PF13555.6	61	D3854.contig59_2	482	5.3e-07
AAA_27	PF13514.6	207	D3854.contig59_2	482	0.00018
SMC_N	PF02463.19	220	D3854.contig59_2	482	0.001
DUF2813	PF11398.8	372	D3854.contig59_2	482	0.0066
DUF2400	PF09674.10	227	D3854.contig59_3	383	6.7e-62
QSregVF_b	PF12843.7	66	D3854.contig59_6	61	0.0017
RNase_T	PF00929.24	165	D3854.contig59_7	273	8.7e-11
NUMOD4	PF07463.11	49	D3854.contig59_10	128	1.1e-13
HNH_3	PF13392.6	46	D3854.contig59_10	128	7.5e-13
Gp58	PF07902.11	594	D3854.contig60_1	453	5e-09
Serpentine_r_xa	PF03383.15	153	D3854.contig60_6	184	0.0011
Amidase_2	PF01510.25	126	D3854.contig60_8	192	1.6e-06
SLH	PF00395.20	45	D3854.contig60_8	192	0.0012
Beta_propel	PF09826.9	514	D3854.contig60_8	192	0.043
VIT1	PF01988.19	215	D3854.contig60_9	107	0.02
DNA_pol_B_exo1	PF03104.19	337	D3854.contig61_6	202	0.015
DNA_pol_B_exo1	PF03104.19	337	D3854.contig61_7	929	0.015
Relaxase	PF03432.14	242	D3854.contig62_1	145	9.7e-12
MobC	PF05713.11	45	D3854.contig62_2	119	1.1e-12
Rop	PF01815.16	57	D3854.contig62_3	64	9.1e-35
EamA	PF00892.20	137	D3854.contig62_4	289	5e-43
EamA	PF00892.20	137	D3854.contig62_4	289	5e-43
DUF2244	PF10003.9	139	D3854.contig62_4	289	0.025
Relaxase	PF03432.14	242	D3854.contig62_6	424	4.8e-13
Na_H_antiporter	PF03553.14	303	D3854.contig63_1	366	2.6e-27
Na_H_antiporter	PF03553.14	303	D3854.contig63_1	366	2.6e-27
CitMHS	PF03600.16	300	D3854.contig63_1	366	1.6e-06
Apolipoprotein	PF01442.18	190	D3854.contig63_2	81	0.0059
DUF2148	PF09918.9	68	D3854.contig63_4	181	7e-32
LDcluster4	PF18306.1	157	D3854.contig63_4	181	0.0061
Fer4_12	PF13353.6	139	D3854.contig63_5	705	0.021
Response_reg	PF00072.24	112	D3854.contig63_6	90	3.7e-22
HTH_3	PF01381.22	55	D3854.contig64_1	86	7.5e-13
HTH_26	PF13443.6	63	D3854.contig64_1	86	1.2e-09
HTH_19	PF12844.7	65	D3854.contig64_1	86	1.9e-08
HTH_31	PF13560.6	64	D3854.contig64_1	86	0.00048
HTH_37	PF13744.6	80	D3854.contig64_1	86	0.00051
HTH_35	PF13693.6	75	D3854.contig64_1	86	0.0094
Fic	PF02661.18	97	D3854.contig64_2	183	2.1e-10
RusA	PF05866.11	124	D3854.contig64_4	129	1.2e-08
Endopep_inhib	PF16800.5	150	D3854.contig64_5	329	0.0055
AAA_25	PF13481.6	194	D3854.contig64_6	343	1.3e-09
Elong_Iki1	PF10483.9	298	D3854.contig64_6	343	0.0021
HTH_17	PF12728.7	51	D3854.contig64_8	94	3.2e-07
PaaX	PF07848.12	70	D3854.contig64_8	94	0.00072
HTH_Tnp_1_2	PF13022.6	123	D3854.contig64_8	94	0.0021
MerR_1	PF13411.6	69	D3854.contig64_8	94	0.0035
HTH_23	PF13384.6	50	D3854.contig64_8	94	0.01
MerR	PF00376.23	38	D3854.contig64_8	94	0.01
HTH_3	PF01381.22	55	D3854.contig65_1	140	0.022
HTH_3	PF01381.22	55	D3854.contig65_2	92	2.2e-06
HTH_31	PF13560.6	64	D3854.contig65_2	92	3.6e-05
HTH_19	PF12844.7	65	D3854.contig65_2	92	0.00079
HTH_26	PF13443.6	63	D3854.contig65_2	92	0.0022
Band_7	PF01145.25	178	D3854.contig65_4	300	1.9e-27
Band_7_1	PF13421.6	211	D3854.contig65_4	300	0.00069
SBP_bac_5	PF00496.22	377	D3854.contig65_4	300	0.0019
Vpu	PF00558.19	81	D3854.contig65_8	84	0.089
SSB	PF00436.25	104	D3854.contig65_9	184	1.8e-24
tRNA_anti_2	PF13742.6	95	D3854.contig65_9	184	0.044
YvfG	PF09628.10	68	D3854.contig65_10	146	0.037
DUF3042	PF11240.8	54	D3854.contig65_11	358	0.042
Zn_ribbon_SprT	PF17283.2	38	D3854.contig65_12	38	0.028
Bro-N	PF02498.17	95	D3854.contig66_1	287	5.9e-19
ANT	PF03374.14	108	D3854.contig66_1	287	2.9e-17
P22_AR_N	PF10547.9	114	D3854.contig66_1	287	0.004
TetR_C_8	PF14278.6	103	D3854.contig66_2	65	0.13
CarbpepA_inh	PF02977.15	46	D3854.contig66_4	131	0.087
DUF4406	PF14359.6	91	D3854.contig66_6	147	4.7e-24
DUF1937	PF09152.10	116	D3854.contig66_6	147	0.037
PCSK9_C1	PF18459.1	83	D3854.contig66_7	76	0.11
Big_8	PF17961.1	102	D3854.contig66_8	400	1.1e-21
Collagen_bind	PF05737.12	131	D3854.contig66_8	400	1.5e-09
Trypan_PARP	PF05887.11	134	D3854.contig66_8	400	1.3e-06
Gram_pos_anchor	PF00746.21	43	D3854.contig66_8	400	0.0053
Candida_ALS_N	PF11766.8	249	D3854.contig66_8	400	0.0088
Beta_elim_lyase	PF01212.21	293	D3854.contig66_9	59	0.0011
Rho_N	PF07498.12	43	D3854.contig66_9	59	0.0045
Adeno_E1B_19K	PF01691.16	135	D3854.contig66_10	75	0.1
Phage_int_SAM_3	PF14659.6	58	D3854.contig66_11	130	0.0012
Lipocalin_4	PF13648.6	89	D3854.contig67_1	162	0.043
Proton_antipo_M	PF00361.20	293	D3854.contig67_2	499	1.3e-66
DUF2897	PF11446.8	54	D3854.contig67_2	499	0.015
Proton_antipo_M	PF00361.20	293	D3854.contig67_3	501	1.1e-64
Proton_antipo_M	PF00361.20	293	D3854.contig67_4	597	3.4e-73
Proton_antipo_N	PF00662.20	58	D3854.contig67_4	597	1.1e-16
Peptidase_S78	PF04586.17	163	D3854.contig68_1	253	2.7e-26
Phage_portal	PF04860.12	314	D3854.contig68_2	438	1.8e-27
Terminase_2	PF03592.16	140	D3854.contig68_4	183	2.6e-25
RNA_pol_Rpb4	PF03874.16	123	D3854.contig68_4	183	0.00021
DUF16	PF01519.16	104	D3854.contig68_4	183	0.017
Phage_Mu_F	PF04233.14	112	D3854.contig69_6	314	1.3e-14
AAA_18	PF13238.6	130	D3854.contig69_6	314	0.0026
DUF1073	PF06381.11	357	D3854.contig69_7	270	5.1e-07
Crinivirus_P26	PF07416.11	227	D3854.contig69_7	270	0.023
HTH_36	PF13730.6	55	D3854.contig71_1	75	3.2e-09
HTH_IclR	PF09339.10	52	D3854.contig71_1	75	0.0063
PDDEXK_1	PF12705.7	255	D3854.contig71_4	448	0.003
HTH_26	PF13443.6	63	D3854.contig71_5	81	0.0027
HEPN_AbiV	PF18728.1	164	D3854.contig72_2	126	0.11
PPR_1	PF12854.7	34	D3854.contig73_1	130	0.079
SLATT_1	PF18181.1	122	D3854.contig73_3	231	0.013
MerR	PF00376.23	38	D3854.contig73_3	231	0.024
Acetyltransf_7	PF13508.7	76	D3854.contig73_5	174	2.3e-06
Acetyltransf_1	PF00583.25	117	D3854.contig73_5	174	2.2e-05
Acetyltransf_10	PF13673.7	127	D3854.contig73_5	174	2.6e-05
FR47	PF08445.10	86	D3854.contig73_5	174	0.00035
DUF1778	PF08681.11	80	D3854.contig73_6	102	1.7e-25
Mannitol_dh	PF01232.23	151	D3854.contig73_6	102	0.017
MipZ	PF09140.11	262	D3854.contig73_7	223	5.6e-14
AAA_31	PF13614.6	177	D3854.contig73_7	223	8.3e-13
AAA_31	PF13614.6	177	D3854.contig73_7	223	8.3e-13
CbiA	PF01656.23	128	D3854.contig73_7	223	1.1e-07
ParA	PF10609.9	246	D3854.contig73_7	223	3.1e-07
NACHT	PF05729.12	166	D3854.contig73_9	203	0.031
DUF1673	PF07895.11	230	D3854.contig74_3	62	0.059
DUF285	PF03382.14	121	D3854.contig74_7	296	5.6e-164
DUF285	PF03382.14	121	D3854.contig74_7	296	5.6e-164
DUF285	PF03382.14	121	D3854.contig74_7	296	5.6e-164
DUF285	PF03382.14	121	D3854.contig74_7	296	5.6e-164
DUF285	PF03382.14	121	D3854.contig74_7	296	5.6e-164
Phage_base_V	PF04717.12	112	D3854.contig75_1	155	7.2e-06
Phage_GPD	PF05954.11	304	D3854.contig75_2	387	1.6e-11
Phage_tail_X	PF05489.12	60	D3854.contig75_3	68	5.2e-10
DNA_pol_B	PF00136.21	459	D3854.contig76_1	1162	3.6e-98
zf-C4pol	PF14260.6	70	D3854.contig76_1	1162	1.4e-13
DNA_pol_B_exo1	PF03104.19	337	D3854.contig76_1	1162	6.9e-10
Prophage_tail	PF06605.11	316	D3854.contig77_2	738	7.3e-08
ERM	PF00769.19	246	D3854.contig77_2	738	8.6e-05
DUF948	PF06103.11	89	D3854.contig77_3	110	0.0049
Fib_alpha	PF08702.10	143	D3854.contig77_3	110	0.011
NYD-SP28	PF14772.6	101	D3854.contig77_3	110	0.011
Phage_holin_1	PF04531.13	82	D3854.contig77_4	127	6.1e-31
Glyco_hydro_25	PF01183.20	178	D3854.contig77_5	355	6.7e-28
CW_binding_1	PF01473.20	19	D3854.contig77_5	355	0.00019
DUF5309	PF17236.2	280	D3854.contig78_4	387	1.5e-52
SF3A2	PF16835.5	96	D3854.contig78_5	102	0.085
ATP-synt_G	PF04718.15	100	D3854.contig79_1	133	0.048
Endonuclease_5	PF04493.14	197	D3854.contig79_3	140	0.16
Phage_cap_E	PF03864.15	333	D3854.contig79_7	360	8.1e-10
Lipoprotein_22	PF17294.2	167	D3854.contig79_8	188	0.053
DUF2397	PF09660.10	483	D3854.contig79_9	133	0.0078
Aminopep	PF10023.9	322	D3854.contig79_9	133	0.015
Phage_capsid	PF05065.13	280	D3854.contig80_1	439	2.5e-30
Ribosomal_L18_c	PF14204.6	95	D3854.contig80_1	439	0.02
Lipase_GDSL_2	PF13472.6	179	D3854.contig81_1	369	1.3e-06
DUF2746	PF10874.8	101	D3854.contig81_4	111	0.037
Glyco_hydro_25	PF01183.20	178	D3854.contig81_5	413	3.7e-25
LysM	PF01476.20	44	D3854.contig81_5	413	4.3e-11
LysM	PF01476.20	44	D3854.contig81_5	413	4.3e-11
CW_7	PF08230.11	40	D3854.contig81_5	413	5.3e-10
Phage_holin_Dp1	PF16938.5	63	D3854.contig81_6	89	3.8e-19
CPSase_L_D3	PF02787.19	122	D3854.contig82_1	51	0.14
HTH_31	PF13560.6	64	D3854.contig82_2	63	1.2e-07
HTH_3	PF01381.22	55	D3854.contig82_2	63	3.6e-06
HTH_26	PF13443.6	63	D3854.contig82_3	127	4.9e-05
HTH_3	PF01381.22	55	D3854.contig82_3	127	0.00066
BetR	PF08667.10	148	D3854.contig82_3	127	0.001
MHB	PF16525.5	77	D3854.contig82_3	127	0.0022
Peptidase_M78	PF06114.13	123	D3854.contig82_4	89	4e-05
Phage_integrase	PF00589.22	172	D3854.contig82_6	350	5.9e-17
SLH	PF00395.20	45	D3854.contig82_8	143	0.00053
Amidase_2	PF01510.25	126	D3854.contig82_8	143	0.011
Phage_integrase	PF00589.22	172	D3854.contig83_1	413	3.2e-12
Arm-DNA-bind_3	PF13356.6	74	D3854.contig83_1	413	9e-07
Phage_int_SAM_3	PF14659.6	58	D3854.contig83_1	413	0.0055
Cir_Bir_Yir	PF06022.11	257	D3854.contig83_4	203	0.0095
GP57	PF17594.2	75	D3854.contig83_4	203	0.021
PG_binding_3	PF09374.10	76	D3854.contig83_5	184	1.2e-10
Glyco_hydro_108	PF05838.12	85	D3854.contig83_5	184	5.9e-08
PG_binding_1	PF01471.18	57	D3854.contig83_5	184	1.3e-05
Phage_holin_3_3	PF16083.5	78	D3854.contig83_6	109	0.00014
Phage_holin_3_1	PF05106.12	99	D3854.contig83_6	109	0.012
HTH_7	PF02796.15	45	D3854.contig84_3	162	0.00025
Terminase_6C	PF17289.2	155	D3854.contig84_4	493	4.6e-10
ResIII	PF04851.15	171	D3854.contig84_4	493	0.015
DUF1073	PF06381.11	357	D3854.contig84_5	193	3.5e-08
Tape_meas_lam_C	PF09718.10	76	D3854.contig85_1	1186	1.5e-12
T3SS_basalb_I	PF17001.5	96	D3854.contig85_1	1186	0.042
Phage_min_tail	PF05939.13	108	D3854.contig85_2	112	6.5e-34
P22_CoatProtein	PF11651.8	417	D3854.contig86_1	329	1.2e-110
Phage-scaffold	PF09306.10	303	D3854.contig86_2	295	1.6e-09
P22_portal	PF16510.5	668	D3854.contig86_3	713	7.7e-275
VRR_NUC	PF08774.11	108	D3854.contig87_1	99	4.5e-12
IclR	PF01614.18	129	D3854.contig87_2	88	0.019
DUF4494	PF14902.6	139	D3854.contig87_5	133	3e-20
DUF4288	PF14119.6	85	D3854.contig87_5	133	0.0053
MA3	PF02847.17	113	D3854.contig87_5	133	0.023
DUF2987	PF11205.8	146	D3854.contig87_6	127	0.031
YqaJ	PF09588.10	148	D3854.contig87_7	223	3e-16
RecT	PF03837.14	199	D3854.contig87_8	272	2.8e-48
CobT	PF06213.12	276	D3854.contig88_1	561	1.1e-46
CobT_C	PF11775.8	219	D3854.contig88_1	561	7.4e-25
6PF2K	PF01591.18	223	D3854.contig88_2	71	0.11
HTH_19	PF12844.7	65	D3854.contig88_3	129	1e-05
Phage_integrase	PF00589.22	172	D3854.contig88_4	368	2.5e-09
Phage_prot_Gp6	PF05133.14	420	D3854.contig89_1	402	1.6e-60
Phage_Mu_F	PF04233.14	112	D3854.contig89_2	313	1e-09
DUF3220	PF11516.8	106	D3854.contig89_2	313	0.022
Lar_restr_allev	PF14354.6	62	D3854.contig89_3	90	0.0042
PGDYG	PF14083.6	102	D3854.contig89_5	93	0.024
DUF4355	PF14265.6	125	D3854.contig89_6	214	6.1e-19
DUF5308	PF17233.2	165	D3854.contig89_6	214	0.0042
DUF2113	PF09886.9	185	D3854.contig90_2	77	0.017
CENP-Q	PF13094.6	168	D3854.contig90_3	178	0.0037
Phage_capsid	PF05065.13	280	D3854.contig90_4	302	6.8e-15
Phage_head_fibr	PF11133.8	277	D3854.contig90_5	105	2.3e-07
MDMPI_N	PF11716.8	141	D3854.contig90_5	105	0.036
Phage_Gp19	PF09355.10	116	D3854.contig90_6	151	8.9e-13
Pax2_C	PF12403.8	113	D3854.contig90_6	151	0.0054
Phage_prot_Gp6	PF05133.14	420	D3854.contig91_2	491	2.2e-24
Terminase_3	PF04466.13	201	D3854.contig91_3	478	3.5e-05
AAA_22	PF13401.6	137	D3854.contig91_3	478	0.00088
Terminase_1	PF03354.15	468	D3854.contig91_3	478	0.0027
Terminase_6	PF03237.15	215	D3854.contig91_3	478	0.0035
Helicase_RecD	PF05127.14	177	D3854.contig91_3	478	0.0039
Flagellin_N	PF00669.20	139	D3854.contig91_4	120	0.04
Stk19	PF10494.9	245	D3854.contig91_4	120	0.07
LysR_substrate	PF03466.20	209	D3854.contig92_1	214	4.2e-33
YjgF_endoribonc	PF14588.6	148	D3854.contig92_2	157	3e-30
Ribonuc_L-PSP	PF01042.21	121	D3854.contig92_2	157	1.6e-18
Aminotran_5	PF00266.19	371	D3854.contig92_3	399	9.6e-51
DegT_DnrJ_EryC1	PF01041.17	361	D3854.contig92_3	399	1.2e-06
Beta_elim_lyase	PF01212.21	293	D3854.contig92_3	399	0.004
Tudor_1_RapA	PF18339.1	51	D3854.contig92_5	187	4.5e-24
Tudor_RapA	PF18337.1	63	D3854.contig92_5	187	5.7e-24
DNA_pol_A	PF00476.20	376	D3854.contig93_1	656	8.5e-18
DUF2815	PF10991.8	173	D3854.contig93_2	209	1.2e-51
DUF2800	PF10926.8	363	D3854.contig93_3	247	7.2e-81
PDDEXK_1	PF12705.7	255	D3854.contig93_3	247	0.00016
Fib_alpha	PF08702.10	143	D3854.contig94_2	110	0.0015
DUF948	PF06103.11	89	D3854.contig94_2	110	0.008
Phage_holin_1	PF04531.13	82	D3854.contig94_3	113	2.5e-28
Fumarate_red_D	PF02313.17	114	D3854.contig94_3	113	0.045
Glyco_hydro_25	PF01183.20	178	D3854.contig94_4	355	7.3e-29
CW_binding_1	PF01473.20	19	D3854.contig94_4	355	3.8e-05
Phage_int_SAM_5	PF13102.6	99	D3854.contig94_6	168	1e-09
Phage_int_SAM_4	PF13495.6	85	D3854.contig94_6	168	1.1e-09
Phage_int_SAM_1	PF02899.17	84	D3854.contig94_6	168	6.9e-07
Phage_int_SAM_3	PF14659.6	58	D3854.contig94_6	168	0.00059
YokU	PF14122.6	87	D3854.contig95_1	77	0.00095
MqsA_antitoxin	PF15731.5	131	D3854.contig95_1	77	0.022
Resolvase	PF00239.21	146	D3854.contig95_3	524	3.5e-28
Recombinase	PF07508.13	104	D3854.contig95_3	524	2.2e-24
Zn_ribbon_recom	PF13408.6	58	D3854.contig95_3	524	5.2e-14
Phage_holin_4_1	PF05105.12	114	D3854.contig96_3	208	1.2e-09
DUF1206	PF06724.11	70	D3854.contig96_5	61	0.0028
Phage_integrase	PF00589.22	172	D3854.contig97_1	59	9.8e-06
ABC2_membrane_3	PF12698.7	345	D3854.contig97_3	312	0.16
HTH_3	PF01381.22	55	D3854.contig97_4	100	5.5e-16
HTH_26	PF13443.6	63	D3854.contig97_4	100	2.2e-10
HTH_19	PF12844.7	65	D3854.contig97_4	100	4.8e-10
HTH_31	PF13560.6	64	D3854.contig97_4	100	2.2e-06
YdaS_antitoxin	PF15943.5	65	D3854.contig97_4	100	0.00022
MerR_1	PF13411.6	69	D3854.contig97_4	100	0.0016
HTH_26	PF13443.6	63	D3854.contig97_5	72	2.1e-07
HTH_3	PF01381.22	55	D3854.contig97_5	72	5.8e-07
HTH_11	PF08279.12	55	D3854.contig97_5	72	3.7e-06
HTH_31	PF13560.6	64	D3854.contig97_5	72	2.3e-05
Synaptobrevin	PF00957.21	89	D3854.contig97_7	128	0.0011
RST	PF12174.8	67	D3854.contig98_2	204	0.035
SAP	PF02037.27	35	D3854.contig98_3	333	8.9e-15
SAP	PF02037.27	35	D3854.contig98_3	333	8.9e-15
Rho_N	PF07498.12	43	D3854.contig98_3	333	0.0018
SprT-like	PF10263.9	113	D3854.contig98_6	153	2.8e-05
AAA_23	PF13476.6	200	D3854.contig99_1	153	1.7e-11
SMC_N	PF02463.19	220	D3854.contig99_1	153	5.7e-08
AAA_15	PF13175.6	369	D3854.contig99_1	153	3.9e-06
AAA_29	PF13555.6	61	D3854.contig99_1	153	4.6e-05
AAA_21	PF13304.6	303	D3854.contig99_1	153	0.0011
zf-RING-like	PF08746.11	43	D3854.contig99_2	68	0.065
DUF1877	PF08974.10	165	D3854.contig99_3	161	0.01
PsbQ	PF05757.11	200	D3854.contig99_3	161	0.017
PMP22_Claudin	PF00822.20	166	D3854.contig99_4	75	0.13
DUF3310	PF11753.8	60	D3854.contig99_5	188	4e-22
HTH_7	PF02796.15	45	D3854.contig99_6	92	0.00018
HTH_8	PF02954.19	42	D3854.contig99_6	92	0.0042
HTH_38	PF13936.6	44	D3854.contig99_6	92	0.014
RusA	PF05866.11	124	D3854.contig99_7	136	1.4e-22
UxaC	PF02614.14	464	D3854.contig99_8	115	0.13
TonB_dep_Rec	PF00593.24	470	D3854.contig100_1	1024	1.3e-32
Plug	PF07715.15	108	D3854.contig100_1	1024	2e-21
CarbopepD_reg_2	PF13715.6	88	D3854.contig100_1	1024	1.7e-15
CarboxypepD_reg	PF13620.6	82	D3854.contig100_1	1024	9.7e-08
YadA_head	PF05658.14	27	D3854.contig101_1	499	1.2e-17
YadA_head	PF05658.14	27	D3854.contig101_1	499	1.2e-17
YadA_head	PF05658.14	27	D3854.contig101_1	499	1.2e-17
YadA_head	PF05658.14	27	D3854.contig101_1	499	1.2e-17
YadA_stalk	PF05662.14	43	D3854.contig101_1	499	2e-17
YadA_stalk	PF05662.14	43	D3854.contig101_1	499	2e-17
YadA_anchor	PF03895.15	60	D3854.contig101_1	499	8.1e-06
DUF2873	PF11395.8	43	D3854.contig101_2	64	0.034
DUF5493	PF17597.2	82	D3854.contig101_2	64	0.038
HTH_17	PF12728.7	51	D3854.contig101_4	65	5.2e-10
MerR_1	PF13411.6	69	D3854.contig101_4	65	0.0027
Pox_P21	PF05313.12	189	D3854.contig101_5	44	0.001
HTH_31	PF13560.6	64	D3854.contig101_6	63	1.2e-07
HTH_3	PF01381.22	55	D3854.contig101_6	63	3.6e-06
HTH_26	PF13443.6	63	D3854.contig101_7	83	0.00011
BetR	PF08667.10	148	D3854.contig101_7	83	0.00025
HTH_3	PF01381.22	55	D3854.contig101_7	83	0.0017
HTH_11	PF08279.12	55	D3854.contig102_4	73	0.022
HTH_34	PF13601.6	80	D3854.contig102_7	115	0.0017
FmrO	PF07091.11	252	D3854.contig102_7	115	0.019
DUF739	PF05339.11	69	D3854.contig102_8	79	5e-06
HTH_8	PF02954.19	42	D3854.contig102_8	79	0.013
HTH_3	PF01381.22	55	D3854.contig102_9	128	7.4e-16
HTH_19	PF12844.7	65	D3854.contig102_9	128	3.2e-13
HTH_26	PF13443.6	63	D3854.contig102_9	128	4e-09
HNF-1_N	PF04814.13	194	D3854.contig102_9	128	1.8e-06
HTH_31	PF13560.6	64	D3854.contig102_9	128	6.6e-06
HTH_37	PF13744.6	80	D3854.contig102_9	128	9.2e-05
HTH_35	PF13693.6	75	D3854.contig102_9	128	0.0012
Phage_CI_repr	PF07022.13	65	D3854.contig102_9	128	0.0062
HEPN_LA2681	PF18733.1	210	D3854.contig102_10	89	0.0043
Terminase_GpA	PF05876.12	558	D3854.contig103_1	838	6.1e-100
Terminase_GpA	PF05876.12	558	D3854.contig103_1	838	6.1e-100
LAGLIDADG_3	PF14528.6	83	D3854.contig103_1	838	3.7e-06
Hom_end	PF05204.14	110	D3854.contig103_1	838	0.00013
Phage_Nu1	PF07471.12	164	D3854.contig103_2	164	0.0001
DUF1441	PF07278.11	149	D3854.contig103_2	164	0.0064
dUTPase	PF00692.19	129	D3854.contig104_2	163	2.3e-21
Band_7	PF01145.25	178	D3854.contig104_3	290	9.8e-23
Thy1	PF02511.15	188	D3854.contig104_7	169	7.3e-25
