target	acc	tlen	query	qlen	evalue
Hydrolase	PF00702.26	210	D3590.contig1_1	185	1.4e-22
Hydrolase_3	PF08282.12	255	D3590.contig1_1	185	1.5e-05
MgtC	PF02308.16	121	D3590.contig1_2	199	1.9e-31
Na_Ca_ex	PF01699.24	151	D3590.contig1_3	423	1.6e-11
Na_Ca_ex	PF01699.24	151	D3590.contig1_3	423	1.6e-11
Ald_deCOase	PF11266.8	218	D3590.contig1_4	145	0.032
MukF_M	PF17192.4	161	D3590.contig1_4	145	0.047
PilZ	PF07238.14	103	D3590.contig1_5	95	2.7e-06
AbiEi_4	PF13338.6	49	D3590.contig1_7	234	0.0012
AbiEi_3_N	PF17194.4	93	D3590.contig1_7	234	0.012
AbiEi_1	PF09407.10	143	D3590.contig1_7	234	0.023
Hydrolase_3	PF08282.12	255	D3590.contig1_8	648	2.1e-06
Trehalose_PPase	PF02358.16	233	D3590.contig1_8	648	0.00023
DUF3158	PF11358.8	155	D3590.contig1_9	380	0.026
AAA_16	PF13191.6	170	D3590.contig1_10	635	0.0035
PfkB	PF00294.24	302	D3590.contig1_12	366	4.4e-12
HTH_3	PF01381.22	55	D3590.contig1_13	83	4.3e-07
HTH_31	PF13560.6	64	D3590.contig1_13	83	1.4e-06
HTH_19	PF12844.7	65	D3590.contig1_13	83	3.3e-06
HTH_37	PF13744.6	80	D3590.contig1_13	83	0.008
KorB	PF08535.10	89	D3590.contig1_13	83	0.01
Relaxase	PF03432.14	242	D3590.contig1_15	359	5.4e-09
MobC	PF05713.11	45	D3590.contig1_16	173	7.1e-09
ParBc	PF02195.18	90	D3590.contig1_17	333	6.5e-25
KorB	PF08535.10	89	D3590.contig1_17	333	1.1e-13
AAA_31	PF13614.6	177	D3590.contig1_18	255	3.7e-32
CbiA	PF01656.23	128	D3590.contig1_18	255	1.2e-19
MipZ	PF09140.11	262	D3590.contig1_18	255	4.5e-11
ParA	PF10609.9	246	D3590.contig1_18	255	7e-10
CBP_BcsQ	PF06564.12	234	D3590.contig1_18	255	8.9e-08
ArsA_ATPase	PF02374.15	305	D3590.contig1_18	255	4.7e-07
Fer4_NifH	PF00142.18	271	D3590.contig1_18	255	0.0021
AAA_25	PF13481.6	194	D3590.contig1_18	255	0.004
RES	PF08808.11	162	D3590.contig1_20	236	2.3e-22
DUF2384	PF09722.10	51	D3590.contig1_21	60	3.6e-13
RP-C_C	PF11800.8	206	D3590.contig1_23	411	1.8e-76
RP-C	PF03428.13	175	D3590.contig1_23	411	3.4e-73
MarR_2	PF12802.7	62	D3590.contig1_23	411	0.00029
HTH_20	PF12840.7	61	D3590.contig1_23	411	0.00042
HTH_5	PF01022.20	47	D3590.contig1_23	411	0.0011
RepB	PF07506.11	185	D3590.contig1_24	328	5.1e-27
ParBc	PF02195.18	90	D3590.contig1_24	328	2.8e-18
AAA_31	PF13614.6	177	D3590.contig1_25	408	2.6e-38
CbiA	PF01656.23	128	D3590.contig1_25	408	5.2e-22
MipZ	PF09140.11	262	D3590.contig1_25	408	3.6e-11
CBP_BcsQ	PF06564.12	234	D3590.contig1_25	408	7.5e-10
ArsA_ATPase	PF02374.15	305	D3590.contig1_25	408	1.1e-08
ParA	PF10609.9	246	D3590.contig1_25	408	9.1e-07
MerR	PF00376.23	38	D3590.contig1_25	408	0.00038
MerR_1	PF13411.6	69	D3590.contig1_25	408	0.00042
Phage_integrase	PF00589.22	172	D3590.contig1_27	346	1.9e-06
PIN	PF01850.21	122	D3590.contig1_29	146	1.5e-14
PIN_3	PF13470.6	116	D3590.contig1_29	146	0.012
PhdYeFM_antitox	PF02604.19	75	D3590.contig1_30	93	2.6e-14
Phage_integrase	PF00589.22	172	D3590.contig1_32	398	1.2e-13
Phage_int_SAM_1	PF02899.17	84	D3590.contig1_32	398	0.0016
DUF1403	PF07183.11	313	D3590.contig1_33	314	9.4e-80
SMC_ScpB	PF04079.16	160	D3590.contig1_34	235	7.7e-33
TniQ	PF06527.11	137	D3590.contig1_36	286	1.3e-14
TniB	PF05621.11	189	D3590.contig1_37	292	5.5e-55
AAA_22	PF13401.6	137	D3590.contig1_37	292	2e-10
AAA	PF00004.29	132	D3590.contig1_37	292	2.8e-05
ATPase	PF06745.13	231	D3590.contig1_37	292	0.0012
AAA_lid_3	PF17862.1	45	D3590.contig1_37	292	0.0036
rve	PF00665.26	119	D3590.contig1_38	549	1.2e-17
Mu-transpos_C	PF09299.11	61	D3590.contig1_38	549	6.7e-14
HTH_28	PF13518.6	52	D3590.contig1_38	549	0.00012
HTH_29	PF13551.6	63	D3590.contig1_38	549	0.0004
HTH_23	PF13384.6	50	D3590.contig1_38	549	0.0095
DUF1612	PF07756.12	127	D3590.contig1_39	381	3.9e-48
HTH_13	PF11972.8	54	D3590.contig1_39	381	2.2e-27
Fic_N	PF13784.6	82	D3590.contig1_39	381	0.011
Herpes_UL46	PF03387.14	435	D3590.contig1_39	381	0.013
DUF4611	PF15387.6	96	D3590.contig1_40	274	0.022
AbiEii	PF08843.11	239	D3590.contig1_41	360	1.4e-51
DUF736	PF05284.12	100	D3590.contig1_42	33	1e-06
LamB	PF02264.15	379	D3590.contig2_1	185	8.5e-56
Alpha-amylase	PF00128.24	337	D3590.contig2_2	549	7.3e-117
Malt_amylase_C	PF16657.5	75	D3590.contig2_2	549	2.4e-08
DUF3459	PF11941.8	91	D3590.contig2_2	549	5.7e-07
hDGE_amylase	PF14701.6	440	D3590.contig2_2	549	0.0067
PTS_EIIC	PF02378.18	324	D3590.contig2_3	481	4.6e-44
PTS_EIIB	PF00367.20	34	D3590.contig2_3	481	8.1e-13
UTRA	PF07702.13	141	D3590.contig2_4	235	6.4e-31
GntR	PF00392.21	64	D3590.contig2_4	235	2.8e-17
HTH_DeoR	PF08220.12	57	D3590.contig2_4	235	0.00011
HTH_41	PF14502.6	48	D3590.contig2_4	235	0.0031
DUF87	PF01935.17	227	D3590.contig2_5	583	1.5e-33
FtsK_SpoIIIE	PF01580.18	243	D3590.contig2_5	583	2.6e-07
TrwB_AAD_bind	PF10412.9	386	D3590.contig2_5	583	2.2e-05
DUF853	PF05872.12	504	D3590.contig2_5	583	4.5e-05
SIR2_2	PF13289.6	143	D3590.contig2_6	346	1.1e-11
Fic	PF02661.18	97	D3590.contig2_8	133	6.6e-05
GMP_synt_C	PF00958.22	92	D3590.contig2_10	526	1.5e-41
GATase	PF00117.28	190	D3590.contig2_10	526	2.2e-36
NAD_synthase	PF02540.17	242	D3590.contig2_10	526	2.5e-10
Peptidase_C26	PF07722.13	216	D3590.contig2_10	526	1.3e-07
tRNA_Me_trans	PF03054.16	356	D3590.contig2_10	526	4.4e-05
Asn_synthase	PF00733.21	355	D3590.contig2_10	526	0.0032
ATP_bind_3	PF01171.20	182	D3590.contig2_10	526	0.008
IMPDH	PF00478.25	345	D3590.contig2_11	490	4.1e-166
CBS	PF00571.28	57	D3590.contig2_11	490	1.5e-13
CBS	PF00571.28	57	D3590.contig2_11	490	1.5e-13
NMO	PF03060.15	331	D3590.contig2_11	490	8e-13
NMO	PF03060.15	331	D3590.contig2_11	490	8e-13
FMN_dh	PF01070.18	348	D3590.contig2_11	490	0.00037
TauE	PF01925.19	236	D3590.contig2_13	269	3.2e-27
Phage_HK97_TLTM	PF06120.11	288	D3590.contig2_13	269	0.019
LysR_substrate	PF03466.20	209	D3590.contig2_14	297	1e-32
HTH_1	PF00126.27	60	D3590.contig2_14	297	8.3e-25
Exonuc_VII_L	PF02601.15	304	D3590.contig2_15	460	1.6e-98
tRNA_anti_2	PF13742.6	95	D3590.contig2_15	460	1.1e-28
tRNA_anti-codon	PF01336.25	76	D3590.contig2_15	460	1e-10
Peptidase_M23	PF01551.22	96	D3590.contig2_16	274	1.2e-28
Peptidase_M23_N	PF18421.1	73	D3590.contig2_16	274	8.8e-27
HMGL-like	PF00682.19	264	D3590.contig2_17	560	1.4e-76
LeuA_dimer	PF08502.10	133	D3590.contig2_17	560	4e-28
CN_hydrolase	PF00795.22	261	D3590.contig2_18	264	3.8e-36
Aminotran_1_2	PF00155.21	363	D3590.contig2_19	383	4.1e-61
Aminotran_5	PF00266.19	371	D3590.contig2_19	383	1.3e-07
Cys_Met_Meta_PP	PF01053.20	382	D3590.contig2_19	383	7e-07
DegT_DnrJ_EryC1	PF01041.17	361	D3590.contig2_19	383	4.3e-06
Beta_elim_lyase	PF01212.21	293	D3590.contig2_19	383	0.0068
MMR_HSR1	PF01926.23	114	D3590.contig2_20	490	2.9e-56
MMR_HSR1	PF01926.23	114	D3590.contig2_20	490	2.9e-56
FeoB_N	PF02421.18	156	D3590.contig2_20	490	3e-31
FeoB_N	PF02421.18	156	D3590.contig2_20	490	3e-31
KH_dom-like	PF14714.6	80	D3590.contig2_20	490	3.7e-26
GTP_EFTU	PF00009.27	194	D3590.contig2_20	490	3.5e-19
GTP_EFTU	PF00009.27	194	D3590.contig2_20	490	3.5e-19
AIG1	PF04548.16	212	D3590.contig2_20	490	4.2e-10
NOG1	PF06858.14	58	D3590.contig2_20	490	1.8e-05
PQQ_2	PF13360.6	237	D3590.contig2_21	402	3.5e-50
PQQ_2	PF13360.6	237	D3590.contig2_21	402	3.5e-50
PQQ_2	PF13360.6	237	D3590.contig2_21	402	3.5e-50
PQQ_3	PF13570.6	40	D3590.contig2_21	402	2.5e-25
PQQ_3	PF13570.6	40	D3590.contig2_21	402	2.5e-25
PQQ_3	PF13570.6	40	D3590.contig2_21	402	2.5e-25
PQQ	PF01011.21	38	D3590.contig2_21	402	1.2e-23
PQQ	PF01011.21	38	D3590.contig2_21	402	1.2e-23
PQQ	PF01011.21	38	D3590.contig2_21	402	1.2e-23
PQQ	PF01011.21	38	D3590.contig2_21	402	1.2e-23
TPR_21	PF09976.9	193	D3590.contig2_22	214	7.8e-60
TPR_19	PF14559.6	68	D3590.contig2_22	214	5.2e-05
TPR_16	PF13432.6	68	D3590.contig2_22	214	0.00031
NARP1	PF12569.8	515	D3590.contig2_22	214	0.0027
tRNA-synt_His	PF13393.6	310	D3590.contig2_23	430	1.9e-43
tRNA-synt_2b	PF00587.25	179	D3590.contig2_23	430	2.3e-31
HGTP_anticodon	PF03129.20	94	D3590.contig2_23	430	7.9e-08
tRNA-synt_2d	PF01409.20	245	D3590.contig2_23	430	0.00022
GcpE	PF04551.14	351	D3590.contig2_24	370	4.2e-135
DUF4115	PF13464.6	74	D3590.contig2_25	331	3.2e-24
HTH_25	PF13413.6	62	D3590.contig2_25	331	1.9e-21
HTH_19	PF12844.7	65	D3590.contig2_25	331	2.3e-07
HTH_31	PF13560.6	64	D3590.contig2_25	331	2.9e-07
HTH_3	PF01381.22	55	D3590.contig2_25	331	5.1e-06
TPR_2	PF07719.17	34	D3590.contig2_26	253	1.9e-14
TPR_12	PF13424.6	77	D3590.contig2_26	253	8.6e-11
TPR_12	PF13424.6	77	D3590.contig2_26	253	8.6e-11
TPR_14	PF13428.6	44	D3590.contig2_26	253	1e-10
TPR_14	PF13428.6	44	D3590.contig2_26	253	1e-10
TPR_10	PF13374.6	42	D3590.contig2_26	253	1.5e-08
TPR_11	PF13414.6	42	D3590.contig2_26	253	2.3e-08
TPR_19	PF14559.6	68	D3590.contig2_26	253	4.3e-07
TPR_19	PF14559.6	68	D3590.contig2_26	253	4.3e-07
TPR_16	PF13432.6	68	D3590.contig2_26	253	0.00026
Radical_SAM	PF04055.21	167	D3590.contig2_27	383	1.3e-17
Fer4_14	PF13394.6	118	D3590.contig2_27	383	0.0018
NDK	PF00334.19	135	D3590.contig2_28	142	3.1e-53
Fe-S_assembly	PF04384.13	64	D3590.contig2_29	67	3.4e-27
Fer2	PF00111.27	78	D3590.contig2_30	114	3.9e-13
HSP70	PF00012.20	599	D3590.contig2_31	621	9.3e-179
MreB_Mbl	PF06723.13	327	D3590.contig2_31	621	4.2e-16
HSCB_C	PF07743.13	76	D3590.contig2_32	174	5.1e-16
DnaJ	PF00226.31	63	D3590.contig2_32	174	3.3e-08
Fe-S_biosyn	PF01521.20	111	D3590.contig2_33	108	1.6e-24
NifU_N	PF01592.16	129	D3590.contig2_34	129	6.2e-57
Aminotran_5	PF00266.19	371	D3590.contig2_35	356	1.3e-58
DegT_DnrJ_EryC1	PF01041.17	361	D3590.contig2_35	356	2e-05
Cys_Met_Meta_PP	PF01053.20	382	D3590.contig2_35	356	0.00032
Beta_elim_lyase	PF01212.21	293	D3590.contig2_35	356	0.0041
HTH_31	PF13560.6	64	D3590.contig3_2	105	1.5e-08
HTH_3	PF01381.22	55	D3590.contig3_2	105	2.8e-07
MqsA_antitoxin	PF15731.5	131	D3590.contig3_2	105	0.00014
HTH_23	PF13384.6	50	D3590.contig3_2	105	0.00055
YdaS_antitoxin	PF15943.5	65	D3590.contig3_2	105	0.00072
HTH_19	PF12844.7	65	D3590.contig3_2	105	0.00084
Dala_Dala_lig_C	PF07478.13	204	D3590.contig3_3	365	9.1e-78
Dala_Dala_lig_N	PF01820.21	103	D3590.contig3_3	365	1.5e-29
ATP-grasp	PF02222.22	171	D3590.contig3_3	365	9.4e-15
ATP-grasp_4	PF13535.6	160	D3590.contig3_3	365	6.5e-06
ATP-grasp_3	PF02655.14	161	D3590.contig3_3	365	2.7e-05
CPSase_L_D2	PF02786.17	211	D3590.contig3_3	365	0.00012
RimK	PF08443.11	188	D3590.contig3_3	365	0.00067
LysE	PF01810.18	193	D3590.contig3_4	213	2.6e-31
SfLAP	PF11139.8	214	D3590.contig3_4	213	0.00011
TerC	PF03741.16	181	D3590.contig3_4	213	0.0014
HTH_26	PF13443.6	63	D3590.contig3_5	72	4.8e-23
HTH_3	PF01381.22	55	D3590.contig3_5	72	0.0001
HTH_37	PF13744.6	80	D3590.contig3_5	72	0.00044
HTH_19	PF12844.7	65	D3590.contig3_5	72	0.0096
HTH_31	PF13560.6	64	D3590.contig3_5	72	0.016
DUF2975	PF11188.8	131	D3590.contig3_6	185	3.7e-13
AraC_binding	PF02311.19	136	D3590.contig3_7	268	6.7e-23
HTH_18	PF12833.7	81	D3590.contig3_7	268	1.5e-19
HTH_AraC	PF00165.23	42	D3590.contig3_7	268	4e-10
MFS_1	PF07690.16	353	D3590.contig3_8	466	2.1e-49
MFS_1_like	PF12832.7	385	D3590.contig3_8	466	9.8
LysR_substrate	PF03466.20	209	D3590.contig3_9	299	1.3e-38
HTH_1	PF00126.27	60	D3590.contig3_9	299	1.9e-22
Flavin_Reduct	PF01613.18	155	D3590.contig3_10	192	2.7e-21
MCPsignal	PF00015.21	172	D3590.contig3_11	453	3.4e-37
PAS_9	PF13426.7	104	D3590.contig3_11	453	9.8e-21
PAS_9	PF13426.7	104	D3590.contig3_11	453	9.8e-21
PAS_3	PF08447.12	89	D3590.contig3_11	453	9.9e-21
PAS_3	PF08447.12	89	D3590.contig3_11	453	9.9e-21
PAS_4	PF08448.10	110	D3590.contig3_11	453	6.1e-18
PAS_4	PF08448.10	110	D3590.contig3_11	453	6.1e-18
PAS	PF00989.25	113	D3590.contig3_11	453	4.4e-11
DUF2790	PF10976.8	78	D3590.contig3_12	111	7.4e-27
OprD	PF03573.13	394	D3590.contig3_13	443	7.2e-152
Porin_OmpG_1_2	PF16946.5	294	D3590.contig3_13	443	0.0069
Response_reg	PF00072.24	112	D3590.contig3_15	225	1.4e-26
Trans_reg_C	PF00486.28	77	D3590.contig3_15	225	6e-26
HATPase_c	PF02518.26	112	D3590.contig3_16	468	8.9e-24
HisKA	PF00512.25	67	D3590.contig3_16	468	2.1e-12
HAMP	PF00672.25	53	D3590.contig3_16	468	3.9e-11
HATPase_c_5	PF14501.6	101	D3590.contig3_16	468	6.2e-06
HATPase_c_2	PF13581.6	125	D3590.contig3_16	468	0.00018
ACR_tran	PF00873.19	1021	D3590.contig3_17	1054	0
HlyD_D23	PF16576.5	214	D3590.contig3_18	371	6.6e-42
HlyD_3	PF13437.6	106	D3590.contig3_18	371	8.6e-22
Biotin_lipoyl_2	PF13533.6	50	D3590.contig3_18	371	4.9e-06
HlyD	PF00529.20	80	D3590.contig3_18	371	1.4e-05
Biotin_lipoyl	PF00364.22	73	D3590.contig3_18	371	0.00011
OEP	PF02321.18	188	D3590.contig3_19	408	7.4e-48
OEP	PF02321.18	188	D3590.contig3_19	408	7.4e-48
Response_reg	PF00072.24	112	D3590.contig3_20	225	8.5e-28
Trans_reg_C	PF00486.28	77	D3590.contig3_20	225	1.5e-25
Cation_efflux	PF01545.21	199	D3590.contig3_21	302	3.2e-45
Cation_ATPase_C	PF00689.21	182	D3590.contig3_21	302	0.0022
ZT_dimer	PF16916.5	79	D3590.contig3_21	302	0.0027
GntP_permease	PF02447.16	440	D3590.contig3_22	457	1.3e-135
CitMHS	PF03600.16	300	D3590.contig3_22	457	1e-22
MFS_1	PF07690.16	353	D3590.contig3_23	428	2.1e-29
Sugar_tr	PF00083.24	452	D3590.contig3_23	428	9.9e-22
SCFA_trans	PF02667.14	453	D3590.contig3_24	473	3.5e-87
DcuC	PF03606.15	465	D3590.contig3_24	473	9.6e-05
DUF86	PF01934.17	119	D3590.contig3_25	115	3.6e-20
NTP_transf_2	PF01909.23	95	D3590.contig3_26	97	1.5e-06
Polbeta	PF18765.1	93	D3590.contig3_26	97	2.2e-06
DUF4269	PF14091.6	151	D3590.contig3_26	97	0.042
Phosphoesterase	PF04185.14	356	D3590.contig3_27	567	2.3e-101
Sulfatase	PF00884.23	309	D3590.contig3_27	567	6.3e-05
TAT_signal	PF10518.9	26	D3590.contig3_27	567	0.00049
SET	PF00856.28	169	D3590.contig3_29	175	0.0013
Pro_CA	PF00484.19	156	D3590.contig3_30	215	7.9e-50
Acetyltransf_1	PF00583.25	117	D3590.contig3_32	151	2.9e-13
Acetyltransf_10	PF13673.7	127	D3590.contig3_32	151	6.4e-13
Acetyltransf_7	PF13508.7	76	D3590.contig3_32	151	8.1e-10
FR47	PF08445.10	86	D3590.contig3_32	151	3.3e-09
Acetyltransf_9	PF13527.7	128	D3590.contig3_32	151	3.7e-07
Acetyltransf_3	PF13302.7	138	D3590.contig3_32	151	9.5e-05
Acetyltransf_8	PF13523.6	145	D3590.contig3_32	151	0.0012
Acetyltransf_4	PF13420.7	155	D3590.contig3_32	151	0.0023
CagE_TrbE_VirB	PF03135.14	206	D3590.contig4_1	447	3.6e-50
VirB3	PF05101.13	84	D3590.contig4_2	113	5.3e-31
TrbC	PF04956.13	99	D3590.contig4_3	99	1.7e-26
TraP	PF07296.11	202	D3590.contig4_3	99	0.03
Autoind_synth	PF00765.17	183	D3590.contig4_5	212	2.2e-58
Acetyltransf_5	PF13444.6	101	D3590.contig4_5	212	3.5e-08
Autoind_bind	PF03472.15	149	D3590.contig4_6	243	2.6e-29
GerE	PF00196.19	57	D3590.contig4_6	243	2.3e-14
Sigma70_r4_2	PF08281.12	54	D3590.contig4_6	243	4.6e-05
HTH_38	PF13936.6	44	D3590.contig4_6	243	0.0046
Sigma70_r4	PF04545.16	50	D3590.contig4_6	243	0.012
DnaB_C	PF03796.15	255	D3590.contig4_7	497	2.4e-102
DnaB	PF00772.21	103	D3590.contig4_7	497	1.5e-26
AAA_25	PF13481.6	194	D3590.contig4_7	497	1.7e-15
ATPase	PF06745.13	231	D3590.contig4_7	497	0.00015
NACHT	PF05729.12	166	D3590.contig4_7	497	0.00053
AAA	PF00004.29	132	D3590.contig4_7	497	0.0014
DUF3991	PF13154.6	76	D3590.contig4_9	296	9.6e-19
Toprim_2	PF13155.6	90	D3590.contig4_9	296	8.3e-18
DUF4326	PF14216.6	83	D3590.contig4_11	103	8.6e-24
DUF1419	PF07215.11	112	D3590.contig4_12	202	2.8e-52
Helicase_C	PF00271.31	111	D3590.contig4_14	1699	2.3e-08
N6_Mtase	PF02384.16	312	D3590.contig4_14	1699	1.8e-05
ResIII	PF04851.15	171	D3590.contig4_14	1699	4.5e-05
SNF2_N	PF00176.23	350	D3590.contig4_14	1699	0.00026
Methyltransf_23	PF13489.6	165	D3590.contig4_14	1699	0.00074
ParBc	PF02195.18	90	D3590.contig4_15	561	3e-10
Phytoreo_Pns	PF05451.11	352	D3590.contig4_15	561	0.028
Enolase_N	PF03952.16	131	D3590.contig4_20	107	0.032
ETF_alpha	PF00766.19	84	D3590.contig4_21	196	0.031
MPTase-PolyVal	PF18818.1	126	D3590.contig4_22	309	5.9e-49
DUF1738	PF08401.11	128	D3590.contig4_22	309	9e-39
TIG	PF01833.24	85	D3590.contig4_23	76	0.08
GerE	PF00196.19	57	D3590.contig5_1	67	8.8e-22
Sigma70_r4_2	PF08281.12	54	D3590.contig5_1	67	0.0053
Sigma70_r4	PF04545.16	50	D3590.contig5_1	67	0.027
Response_reg	PF00072.24	112	D3590.contig5_2	125	1.6e-16
HdeA	PF06411.11	92	D3590.contig5_3	120	9.7e-13
HisKA_2	PF07568.12	76	D3590.contig5_4	220	3e-20
HATPase_c	PF02518.26	112	D3590.contig5_4	220	1.2e-06
HATPase_c_2	PF13581.6	125	D3590.contig5_4	220	0.00015
HWE_HK	PF07536.14	83	D3590.contig5_4	220	0.00058
Response_reg	PF00072.24	112	D3590.contig5_5	221	1.1e-24
GerE	PF00196.19	57	D3590.contig5_5	221	5.5e-22
FleQ	PF06490.11	109	D3590.contig5_5	221	0.00032
Sigma70_r4_2	PF08281.12	54	D3590.contig5_5	221	0.00037
Sigma70_r4	PF04545.16	50	D3590.contig5_5	221	0.00073
Abhydrolase_1	PF00561.20	257	D3590.contig5_6	325	4.1e-25
Hydrolase_4	PF12146.8	239	D3590.contig5_6	325	2e-21
Abhydrolase_6	PF12697.7	220	D3590.contig5_6	325	1.1e-17
Peptidase_S9	PF00326.21	212	D3590.contig5_6	325	3.1e-06
Abhydrolase_4	PF08386.10	103	D3590.contig5_6	325	0.0012
Trp_halogenase	PF04820.14	454	D3590.contig5_7	510	1.1e-127
DAO	PF01266.24	352	D3590.contig5_7	510	1.2e-06
NAD_binding_8	PF13450.6	68	D3590.contig5_7	510	0.00065
Pyr_redox_2	PF07992.14	294	D3590.contig5_7	510	0.0025
Alginate_exp	PF13372.6	399	D3590.contig5_8	403	1.3e-07
Na_H_Exchanger	PF00999.21	381	D3590.contig5_9	455	1.2e-55
PhdYeFM_antitox	PF02604.19	75	D3590.contig5_10	80	4.9e-09
PIN	PF01850.21	122	D3590.contig5_11	166	4.9e-10
DUF4411	PF14367.6	162	D3590.contig5_11	166	0.00052
HHH_5	PF14520.6	57	D3590.contig5_12	193	5.3e-07
DUF4332	PF14229.6	122	D3590.contig5_12	193	0.0039
GARS_A	PF01071.19	194	D3590.contig5_13	418	4.5e-71
GARS_N	PF02844.15	90	D3590.contig5_13	418	1.2e-31
GARS_C	PF02843.16	80	D3590.contig5_13	418	1.1e-26
ATP-grasp	PF02222.22	171	D3590.contig5_13	418	4.1e-07
ATP-grasp_3	PF02655.14	161	D3590.contig5_13	418	5.7e-07
Dala_Dala_lig_C	PF07478.13	204	D3590.contig5_13	418	0.00011
CPSase_L_D2	PF02786.17	211	D3590.contig5_13	418	0.00052
Exonuc_VII_L	PF02601.15	304	D3590.contig5_14	461	2.7e-89
tRNA_anti_2	PF13742.6	95	D3590.contig5_14	461	1.1e-25
tRNA_anti-codon	PF01336.25	76	D3590.contig5_14	461	1.3e-09
DUF2093	PF09866.9	42	D3590.contig5_15	67	1.4e-23
DUF3331	PF11811.8	91	D3590.contig5_15	67	0.049
Peptidase_M23	PF01551.22	96	D3590.contig5_16	313	1.1e-26
TonB_dep_Rec	PF00593.24	470	D3590.contig5_17	994	1.4e-45
Plug	PF07715.15	108	D3590.contig5_17	994	9.4e-24
OMP_b-brl_3	PF14905.6	408	D3590.contig5_17	994	4.9e-05
ClpB_D2-small	PF10431.9	81	D3590.contig5_18	730	1.4e-26
Plug	PF07715.15	108	D3590.contig5_18	730	1.1e-19
TonB_dep_Rec	PF00593.24	470	D3590.contig5_19	418	8.4e-42
OMP_b-brl_3	PF14905.6	408	D3590.contig5_19	418	8e-07
RmlD_sub_bind	PF04321.17	287	D3590.contig6_1	297	2.9e-73
Epimerase	PF01370.21	241	D3590.contig6_1	297	0.03
HATPase_c	PF02518.26	112	D3590.contig6_2	375	1.9e-21
PAS_3	PF08447.12	89	D3590.contig6_2	375	2.4e-18
HisKA	PF00512.25	67	D3590.contig6_2	375	1.9e-07
PAS_4	PF08448.10	110	D3590.contig6_2	375	3e-05
PAS	PF00989.25	113	D3590.contig6_2	375	0.00086
HATPase_c_3	PF13589.6	137	D3590.contig6_2	375	0.0092
ATPase	PF06745.13	231	D3590.contig6_3	487	2.9e-56
ATPase	PF06745.13	231	D3590.contig6_3	487	2.9e-56
AAA_25	PF13481.6	194	D3590.contig6_3	487	3.9e-13
AAA_25	PF13481.6	194	D3590.contig6_3	487	3.9e-13
Rad51	PF08423.11	255	D3590.contig6_3	487	3.5e-10
Rad51	PF08423.11	255	D3590.contig6_3	487	3.5e-10
DnaB_C	PF03796.15	255	D3590.contig6_3	487	1.4e-08
NACHT	PF05729.12	166	D3590.contig6_3	487	7.9e-07
DUF2075	PF09848.9	363	D3590.contig6_3	487	2.8e-05
Response_reg	PF00072.24	112	D3590.contig6_4	121	3e-20
OmpW	PF03922.14	192	D3590.contig6_5	233	2.6e-59
OMP_b-brl	PF13505.6	178	D3590.contig6_5	233	4.9e-18
Opacity	PF02462.15	132	D3590.contig6_5	233	3.8e-08
DUF3299	PF11736.8	138	D3590.contig6_6	174	9.9e-49
MacB_PCD	PF12704.7	195	D3590.contig6_7	422	1.5e-13
FtsX	PF02687.21	96	D3590.contig6_7	422	5.9e-13
ABC_tran	PF00005.27	137	D3590.contig6_8	237	2e-29
AAA_21	PF13304.6	303	D3590.contig6_8	237	2.6e-09
AAA_29	PF13555.6	61	D3590.contig6_8	237	0.0022
DUF2796	PF10986.8	168	D3590.contig6_9	204	1.8e-54
Thioredoxin	PF00085.20	103	D3590.contig6_11	291	4.3e-28
TPR_20	PF14561.6	90	D3590.contig6_11	291	2.4e-26
TPR_19	PF14559.6	68	D3590.contig6_11	291	2e-12
ANAPC3	PF12895.7	82	D3590.contig6_11	291	4.6e-09
Thioredoxin_2	PF13098.6	109	D3590.contig6_11	291	9.8e-09
Thioredoxin_8	PF13905.6	95	D3590.contig6_11	291	1.5e-06
OST3_OST6	PF04756.13	293	D3590.contig6_11	291	5e-05
TPR_16	PF13432.6	68	D3590.contig6_11	291	0.00011
AhpC-TSA	PF00578.21	124	D3590.contig6_11	291	0.00044
Thioredoxin_7	PF13899.6	83	D3590.contig6_11	291	0.0006
TraF	PF13728.6	224	D3590.contig6_11	291	0.0018
PrmA	PF06325.13	296	D3590.contig6_12	219	4.7e-14
Methyltransf_16	PF10294.9	174	D3590.contig6_12	219	5.8e-11
MTS	PF05175.14	169	D3590.contig6_12	219	7.7e-08
Methyltransf_25	PF13649.6	97	D3590.contig6_12	219	1.2e-06
Methyltransf_31	PF13847.6	152	D3590.contig6_12	219	2.9e-06
Cons_hypoth95	PF03602.15	182	D3590.contig6_12	219	2.8e-05
Methyltransf_11	PF08241.12	96	D3590.contig6_12	219	0.00067
Methyltransf_12	PF08242.12	99	D3590.contig6_12	219	0.0016
Met_10	PF02475.16	199	D3590.contig6_12	219	0.0045
Methyltransf_23	PF13489.6	165	D3590.contig6_12	219	0.0063
YscW	PF09619.10	107	D3590.contig6_13	153	7.6e-06
ATP-cone	PF03477.16	86	D3590.contig6_14	157	5.1e-13
Lar_restr_allev	PF14354.6	62	D3590.contig6_14	157	0.0071
RibD_C	PF01872.17	200	D3590.contig6_15	379	5.1e-48
dCMP_cyt_deam_1	PF00383.23	101	D3590.contig6_15	379	7e-20
MafB19-deam	PF14437.6	138	D3590.contig6_15	379	4.5e-13
Lum_binding	PF00677.17	87	D3590.contig6_16	226	1.1e-47
Lum_binding	PF00677.17	87	D3590.contig6_16	226	1.1e-47
DHBP_synthase	PF00926.19	192	D3590.contig6_17	364	2.5e-82
GTP_cyclohydro2	PF00925.20	163	D3590.contig6_17	364	1.8e-29
DMRL_synthase	PF00885.19	141	D3590.contig6_18	159	3.8e-56
NusB	PF01029.18	134	D3590.contig6_19	167	5.3e-31
AIRS	PF00586.24	94	D3590.contig6_20	261	2.2e-23
AIRS_C	PF02769.22	156	D3590.contig6_20	261	0.043
DUF2796	PF10986.8	168	D3590.contig6_21	24	0.17
Terminase_6C	PF17289.2	155	D3590.contig7_1	253	3.9e-12
Terminase_6	PF03237.15	215	D3590.contig7_1	253	3.1e-07
FAD_binding_3	PF01494.19	349	D3590.contig7_2	388	4e-24
NAD_binding_8	PF13450.6	68	D3590.contig7_2	388	0.00034
DAO	PF01266.24	352	D3590.contig7_2	388	0.00056
Pyr_redox_2	PF07992.14	294	D3590.contig7_2	388	0.0032
Pyr_redox_3	PF13738.6	305	D3590.contig7_2	388	0.008
MarR	PF01047.22	59	D3590.contig7_3	153	2.3e-13
MarR_2	PF12802.7	62	D3590.contig7_3	153	1.9e-11
HTH_27	PF13463.6	68	D3590.contig7_3	153	6.6e-09
Fe_dep_repress	PF01325.19	60	D3590.contig7_3	153	3.6e-05
HTH_IclR	PF09339.10	52	D3590.contig7_3	153	0.00019
HTH_Crp_2	PF13545.6	68	D3590.contig7_3	153	0.0005
HTH_24	PF13412.6	48	D3590.contig7_3	153	0.0024
FeoC	PF09012.10	69	D3590.contig7_3	153	0.0026
HEAT_2	PF13646.6	88	D3590.contig7_4	278	2.2e-05
Terminase_6	PF03237.15	215	D3590.contig7_5	255	4.7e-21
CRCB	PF02537.15	95	D3590.contig7_7	144	1.5e-23
YrvL	PF14184.6	127	D3590.contig7_7	144	0.0077
DoxX	PF07681.12	85	D3590.contig7_10	143	6e-10
DUF3606	PF12244.8	54	D3590.contig7_12	60	7.1e-15
HHH_4	PF14490.6	92	D3590.contig7_12	60	0.0012
CENP-B_N	PF04218.13	53	D3590.contig7_12	60	0.014
GFA	PF04828.14	93	D3590.contig7_13	141	1.6e-15
HypA	PF01155.19	112	D3590.contig7_13	141	0.048
DUF982	PF06169.12	73	D3590.contig7_14	77	8e-21
DUF982	PF06169.12	73	D3590.contig7_15	82	9.4e-15
MeMO_Hyd_G	PF02964.16	161	D3590.contig7_15	82	0.036
Trypan_glycop	PF00913.19	367	D3590.contig7_17	98	0.013
MgtC	PF02308.16	121	D3590.contig7_18	176	4.4e-33
Pyrid_ox_like	PF16242.5	149	D3590.contig7_19	161	3.6e-47
Putative_PNPOx	PF01243.20	88	D3590.contig7_19	161	1.6e-12
Pyridox_ox_2	PF12900.7	141	D3590.contig7_19	161	7.3e-07
TENA_THI-4	PF03070.16	210	D3590.contig7_20	178	0.051
HWE_HK	PF07536.14	83	D3590.contig7_23	353	8.1e-28
PAS	PF00989.25	113	D3590.contig7_23	353	3.1e-17
PAS_9	PF13426.7	104	D3590.contig7_23	353	9.9e-17
PAS_4	PF08448.10	110	D3590.contig7_23	353	9.1e-15
PAS_3	PF08447.12	89	D3590.contig7_23	353	1.5e-07
HisKA_2	PF07568.12	76	D3590.contig7_23	353	1.6e-07
PAS_8	PF13188.7	67	D3590.contig7_23	353	4.5e-06
PAS_10	PF13596.6	106	D3590.contig7_23	353	0.00078
RHH_1	PF01402.21	39	D3590.contig7_24	76	0.015
OTCace	PF00185.24	157	D3590.contig8_1	337	4.2e-52
OTCace_N	PF02729.21	148	D3590.contig8_1	337	5.1e-44
Amidinotransf	PF02274.17	340	D3590.contig8_2	419	4.2e-112
AA_permease_2	PF13520.6	425	D3590.contig8_3	476	1.3e-77
AA_permease	PF00324.21	479	D3590.contig8_3	476	2.2e-19
Ycf66_N	PF07444.11	76	D3590.contig8_3	476	0.049
SMC_ScpB	PF04079.16	160	D3590.contig8_4	198	4.9e-36
SMC_ScpA	PF02616.14	241	D3590.contig8_5	273	6.4e-29
Rad21_Rec8	PF04824.16	55	D3590.contig8_5	273	0.024
Sua5_yciO_yrdC	PF01300.18	179	D3590.contig8_6	210	4.2e-44
PHP	PF02811.19	167	D3590.contig8_7	288	1e-06
IspA	PF04279.15	176	D3590.contig8_8	199	3e-60
YCII	PF03795.14	95	D3590.contig8_9	100	2.4e-29
DUF1330	PF07045.11	94	D3590.contig8_9	100	0.0082
HAP1_N	PF04849.13	308	D3590.contig8_10	136	0.0014
Myosin_tail_1	PF01576.19	1081	D3590.contig8_10	136	0.0018
SIKE	PF05769.11	180	D3590.contig8_10	136	0.0021
Response_reg	PF00072.24	112	D3590.contig8_11	226	7.9e-27
Trans_reg_C	PF00486.28	77	D3590.contig8_11	226	3.3e-15
FleQ	PF06490.11	109	D3590.contig8_11	226	5.2e-05
LTXXQ	PF07813.12	104	D3590.contig8_12	155	0.00032
DUF2680	PF10925.8	57	D3590.contig8_12	155	0.024
HATPase_c	PF02518.26	112	D3590.contig8_13	448	7.4e-17
HisKA	PF00512.25	67	D3590.contig8_13	448	2.4e-11
HATPase_c_2	PF13581.6	125	D3590.contig8_13	448	2.5e-07
HAMP	PF00672.25	53	D3590.contig8_13	448	2.9e-07
HATPase_c_5	PF14501.6	101	D3590.contig8_13	448	0.012
CoA_transf_3	PF02515.17	368	D3590.contig8_14	450	5.7e-48
AlkA_N	PF06029.11	116	D3590.contig8_15	288	2.8e-37
HhH-GPD	PF00730.25	108	D3590.contig8_15	288	1.7e-07
AA_permease_2	PF13520.6	425	D3590.contig8_16	466	1.1e-75
AA_permease	PF00324.21	479	D3590.contig8_16	466	1.2e-19
EAL	PF00563.20	238	D3590.contig9_2	402	1e-62
Response_reg	PF00072.24	112	D3590.contig9_2	402	7.3e-15
Ribonuc_L-PSP	PF01042.21	121	D3590.contig9_3	127	4.6e-23
OprD	PF03573.13	394	D3590.contig9_4	442	1.9e-136
Response_reg	PF00072.24	112	D3590.contig9_5	222	2e-21
Trans_reg_C	PF00486.28	77	D3590.contig9_5	222	2.8e-19
HATPase_c	PF02518.26	112	D3590.contig9_6	455	5.4e-15
HisKA	PF00512.25	67	D3590.contig9_6	455	3.7e-10
2CSK_N	PF08521.10	139	D3590.contig9_6	455	1.4e-08
HATPase_c_2	PF13581.6	125	D3590.contig9_6	455	0.009
Hydrolase_4	PF12146.8	239	D3590.contig9_7	387	4.7e-18
Abhydrolase_6	PF12697.7	220	D3590.contig9_7	387	6.4e-10
Abhydrolase_1	PF00561.20	257	D3590.contig9_7	387	3.5e-09
MipA	PF06629.12	213	D3590.contig9_8	266	7e-37
LysR_substrate	PF03466.20	209	D3590.contig9_9	318	1.1e-24
HTH_1	PF00126.27	60	D3590.contig9_9	318	1.3e-17
MarR	PF01047.22	59	D3590.contig9_9	318	0.011
Peptidase_M20	PF01546.28	207	D3590.contig9_10	393	1e-35
M20_dimer	PF07687.14	109	D3590.contig9_10	393	1.1e-10
Sugar_tr	PF00083.24	452	D3590.contig9_11	429	2.8e-28
Sugar_tr	PF00083.24	452	D3590.contig9_11	429	2.8e-28
MFS_1	PF07690.16	353	D3590.contig9_11	429	8.9e-22
MFS_1	PF07690.16	353	D3590.contig9_11	429	8.9e-22
Glyco_hydro_3	PF00933.21	319	D3590.contig9_12	905	7.8e-44
Glyco_hydro_3_C	PF01915.22	204	D3590.contig9_12	905	1.2e-42
Fn3-like	PF14310.6	71	D3590.contig9_12	905	1e-16
OMP_b-brl	PF13505.6	178	D3590.contig9_14	86	0.00049
TonB_dep_Rec	PF00593.24	470	D3590.contig9_14	86	0.0059
MCPsignal	PF00015.21	172	D3590.contig10_2	630	5.3e-44
dCache_1	PF02743.18	249	D3590.contig10_2	630	1.3e-33
HAMP	PF00672.25	53	D3590.contig10_2	630	4.1e-14
Phage_DsbA	PF11126.8	67	D3590.contig10_2	630	0.00053
GARP	PF16731.5	193	D3590.contig10_2	630	0.01
Formyl_trans_N	PF00551.19	181	D3590.contig10_4	283	1.4e-39
ACT	PF01842.25	67	D3590.contig10_4	283	2.3e-05
Exonuc_X-T_C	PF08411.10	269	D3590.contig10_6	476	8e-98
RNase_T	PF00929.24	165	D3590.contig10_6	476	5.8e-24
RDD	PF06271.12	141	D3590.contig10_7	231	5.3e-21
SpoIIM	PF01944.17	156	D3590.contig10_8	327	5.8e-35
DUF4129	PF13559.6	69	D3590.contig10_9	510	1.1e-06
DUF4350	PF14258.6	69	D3590.contig10_10	386	6.1e-10
AAA_3	PF07726.11	131	D3590.contig10_11	327	2e-64
AAA_lid_2	PF17863.1	73	D3590.contig10_11	327	1.6e-17
AAA_5	PF07728.14	138	D3590.contig10_11	327	2.9e-14
AAA	PF00004.29	132	D3590.contig10_11	327	2.2e-06
Sigma54_activat	PF00158.26	168	D3590.contig10_11	327	3.9e-05
RuvB_N	PF05496.12	159	D3590.contig10_11	327	6.2e-05
AAA_16	PF13191.6	170	D3590.contig10_11	327	0.00025
MCM	PF00493.23	224	D3590.contig10_11	327	0.0011
Mg_chelatase	PF01078.21	207	D3590.contig10_11	327	0.0023
DUF58	PF01882.18	86	D3590.contig10_12	444	1.6e-24
VWA_2	PF13519.6	107	D3590.contig10_12	444	2.1e-06
PilZ	PF07238.14	103	D3590.contig10_13	82	0.15
YfiO	PF13525.6	203	D3590.contig10_14	63	0.0039
TPR_18	PF13512.6	145	D3590.contig10_14	63	0.025
PilZ	PF07238.14	103	D3590.contig10_15	60	0.032
LMWPc	PF01451.21	142	D3590.contig11_2	165	2.7e-13
LMWPc	PF01451.21	142	D3590.contig11_3	165	1.1e-16
Glyoxalase	PF00903.25	128	D3590.contig11_4	161	2.8e-05
HTH_20	PF12840.7	61	D3590.contig11_5	114	9.4e-13
MarR_2	PF12802.7	62	D3590.contig11_5	114	7.2e-05
HTH_5	PF01022.20	47	D3590.contig11_5	114	9.5e-05
HTH_24	PF13412.6	48	D3590.contig11_5	114	0.0001
PBP_like_2	PF12849.7	282	D3590.contig11_6	340	8e-62
PBP_like	PF12727.7	193	D3590.contig11_6	340	5.3e-07
BPD_transp_1	PF00528.22	185	D3590.contig11_7	344	3.5e-19
BPD_transp_1	PF00528.22	185	D3590.contig11_8	286	1.5e-23
ABC_tran	PF00005.27	137	D3590.contig11_9	258	1.4e-32
AAA_21	PF13304.6	303	D3590.contig11_9	258	1.7e-13
AAA_21	PF13304.6	303	D3590.contig11_9	258	1.7e-13
SMC_N	PF02463.19	220	D3590.contig11_9	258	1.7e-08
AAA_22	PF13401.6	137	D3590.contig11_9	258	9.8e-06
AAA_15	PF13175.6	369	D3590.contig11_9	258	5.3e-05
AAA_23	PF13476.6	200	D3590.contig11_9	258	0.00026
AAA_16	PF13191.6	170	D3590.contig11_9	258	0.0003
RsgA_GTPase	PF03193.16	167	D3590.contig11_9	258	0.00044
AAA_29	PF13555.6	61	D3590.contig11_9	258	0.00074
Rad17	PF03215.15	186	D3590.contig11_9	258	0.0017
PhoU	PF01895.19	89	D3590.contig11_10	238	2.5e-35
PhoU	PF01895.19	89	D3590.contig11_10	238	2.5e-35
NTP_transf_7	PF07984.12	321	D3590.contig11_10	238	0.03
Response_reg	PF00072.24	112	D3590.contig11_11	243	2.1e-27
Trans_reg_C	PF00486.28	77	D3590.contig11_11	243	4.9e-24
NolV	PF06635.12	207	D3590.contig11_11	243	0.01
HTH_20	PF12840.7	61	D3590.contig11_12	151	1.3e-16
HTH_5	PF01022.20	47	D3590.contig11_12	151	6.2e-07
MarR_2	PF12802.7	62	D3590.contig11_12	151	0.0014
HTH_IclR	PF09339.10	52	D3590.contig11_12	151	0.003
Penicillinase_R	PF03965.16	115	D3590.contig11_12	151	0.0087
HTH_20	PF12840.7	61	D3590.contig11_14	110	3.4e-15
HTH_5	PF01022.20	47	D3590.contig11_14	110	1.8e-06
HTH_IclR	PF09339.10	52	D3590.contig11_14	110	1.7e-05
MarR_2	PF12802.7	62	D3590.contig11_14	110	0.00035
HTH_24	PF13412.6	48	D3590.contig11_14	110	0.00038
MarR	PF01047.22	59	D3590.contig11_14	110	0.0045
TrmB	PF01978.19	68	D3590.contig11_14	110	0.0075
FMN_red	PF03358.15	155	D3590.contig11_15	254	1.8e-27
MFS_1	PF07690.16	353	D3590.contig11_17	412	5.2e-24
Acetyltransf_1	PF00583.25	117	D3590.contig11_18	143	3.7e-08
Acetyltransf_10	PF13673.7	127	D3590.contig11_18	143	5.4e-07
Acetyltransf_7	PF13508.7	76	D3590.contig11_18	143	2e-05
PanZ	PF12568.8	128	D3590.contig11_18	143	0.00062
FR47	PF08445.10	86	D3590.contig11_18	143	0.011
KMP11	PF03037.16	90	D3590.contig11_19	115	0.011
Zw10	PF06248.13	544	D3590.contig12_1	94	4.6e-10
Zw10	PF06248.13	544	D3590.contig12_1	94	4.6e-10
NPV_P10	PF05531.12	75	D3590.contig12_1	94	0.0013
Muted	PF14942.6	146	D3590.contig12_1	94	0.0099
Protoglobin	PF11563.8	158	D3590.contig12_1	94	0.016
Zw10	PF06248.13	544	D3590.contig12_2	780	2.1e-25
Zw10	PF06248.13	544	D3590.contig12_2	780	2.1e-25
Zw10	PF06248.13	544	D3590.contig12_2	780	2.1e-25
Pkinase_Tyr	PF07714.17	259	D3590.contig12_3	599	7.2e-42
Pkinase_Tyr	PF07714.17	259	D3590.contig12_3	599	7.2e-42
Pkinase	PF00069.25	264	D3590.contig12_3	599	2.3e-38
Pkinase	PF00069.25	264	D3590.contig12_3	599	2.3e-38
SH2	PF00017.24	77	D3590.contig12_3	599	5.9e-12
PITH	PF06201.13	152	D3590.contig12_4	140	4.7e-08
PITH	PF06201.13	152	D3590.contig12_5	208	6.4e-16
Thioredoxin	PF00085.20	103	D3590.contig12_5	208	2e-13
Thioredoxin_8	PF13905.6	95	D3590.contig12_5	208	0.00067
MOSC	PF03473.17	131	D3590.contig12_10	190	5.7e-11
MOSC_N	PF03476.16	120	D3590.contig12_10	190	0.0031
Phage_integrase	PF00589.22	172	D3590.contig13_1	347	6.9e-10
HTH_17	PF12728.7	51	D3590.contig13_2	270	0.014
Inovirus_Gp2	PF11726.8	179	D3590.contig13_4	383	2.3e-11
QueC	PF06508.13	210	D3590.contig13_6	469	0.00013
Peptidase_M78	PF06114.13	123	D3590.contig13_7	387	4.5e-17
HTH_31	PF13560.6	64	D3590.contig13_7	387	4.1e-11
HTH_19	PF12844.7	65	D3590.contig13_7	387	9e-10
HTH_3	PF01381.22	55	D3590.contig13_7	387	1.3e-09
GGDEF	PF00990.21	161	D3590.contig13_9	385	3.7e-41
GGDEF_2	PF17853.1	116	D3590.contig13_9	385	0.0014
Enolase_N	PF03952.16	131	D3590.contig13_10	58	3.7e-15
CarboxypepD_reg	PF13620.6	82	D3590.contig13_10	58	0.0079
IstB_IS21	PF01695.17	178	D3590.contig13_11	263	5.8e-51
Bac_DnaA	PF00308.18	219	D3590.contig13_11	263	1.3e-05
AAA_25	PF13481.6	194	D3590.contig13_11	263	2e-05
RNA_helicase	PF00910.22	107	D3590.contig13_11	263	0.00045
Sigma54_activat	PF00158.26	168	D3590.contig13_11	263	0.00046
ATPase	PF06745.13	231	D3590.contig13_11	263	0.0006
AAA_16	PF13191.6	170	D3590.contig13_11	263	0.0014
T2SSE	PF00437.20	273	D3590.contig13_11	263	0.004
DUF5309	PF17236.2	280	D3590.contig14_1	316	5.2e-76
CobS_N	PF12556.8	34	D3590.contig14_1	316	0.0068
Glucosaminidase	PF01832.20	87	D3590.contig14_10	928	1.4e-09
STI1	PF17830.1	55	D3590.contig14_10	928	0.012
GDP_Man_Dehyd	PF16363.5	332	D3590.contig15_1	72	7.7e-27
Epimerase	PF01370.21	241	D3590.contig15_1	72	6.7e-14
DUF3109	PF11307.8	181	D3590.contig15_2	188	5.4e-78
DUF3108	PF11306.8	225	D3590.contig15_3	260	4.7e-50
DUF2480	PF10652.9	165	D3590.contig15_4	172	3.6e-73
SurA_N_2	PF13623.6	145	D3590.contig15_5	706	1.2e-37
Rotamase_3	PF13616.6	116	D3590.contig15_5	706	5.5e-25
Rotamase_2	PF13145.6	121	D3590.contig15_5	706	2.3e-23
Rotamase_2	PF13145.6	121	D3590.contig15_5	706	2.3e-23
Rotamase_2	PF13145.6	121	D3590.contig15_5	706	2.3e-23
Rotamase	PF00639.21	97	D3590.contig15_5	706	3e-15
SurA_N_3	PF13624.6	162	D3590.contig15_5	706	7.7e-15
LptC	PF06835.13	176	D3590.contig15_6	223	1.3e-06
DUF5485	PF17586.2	56	D3590.contig15_6	223	0.014
Toluene_X	PF03349.16	434	D3590.contig15_7	447	3.4e-06
Pan_kinase	PF03309.14	208	D3590.contig15_8	248	2.1e-38
GATase_5	PF13507.6	260	D3590.contig15_9	231	7.3e-44
GATase_3	PF07685.14	196	D3590.contig15_9	231	1.3e-08
DJ-1_PfpI	PF01965.24	165	D3590.contig15_9	231	1e-06
GATase	PF00117.28	190	D3590.contig15_9	231	0.0012
Glyco_trans_1_3	PF13528.6	321	D3590.contig15_11	329	4.9e-31
Metallophos_2	PF12850.7	165	D3590.contig15_12	285	4.8e-14
Metallophos	PF00149.28	204	D3590.contig15_12	285	2.6e-12
CusF_Ec	PF11604.8	68	D3590.contig16_2	126	9.3e-27
CzcE	PF16986.5	81	D3590.contig16_3	144	1.2e-27
DUF2933	PF11666.8	52	D3590.contig16_6	92	1.5e-12
DUF983	PF06170.12	85	D3590.contig16_6	92	0.021
E1-E2_ATPase	PF00122.20	181	D3590.contig16_7	813	2.5e-55
Hydrolase	PF00702.26	210	D3590.contig16_7	813	5.6e-40
YHS	PF04945.13	48	D3590.contig16_7	813	1.5e-17
Hydrolase_3	PF08282.12	255	D3590.contig16_7	813	3.9e-10
Hydrolase_3	PF08282.12	255	D3590.contig16_7	813	3.9e-10
HAD	PF12710.7	188	D3590.contig16_7	813	1.8e-05
MerR	PF00376.23	38	D3590.contig16_8	46	2.9e-06
MerR_1	PF13411.6	69	D3590.contig16_8	46	0.0011
HMA	PF00403.26	62	D3590.contig16_9	96	1.3e-14
MFS_1	PF07690.16	353	D3590.contig16_11	120	2.6e-06
DUF4131	PF13567.6	167	D3590.contig16_11	120	0.021
E1-E2_ATPase	PF00122.20	181	D3590.contig16_12	799	5.7e-55
Hydrolase	PF00702.26	210	D3590.contig16_12	799	4.3e-43
HMA	PF00403.26	62	D3590.contig16_12	799	1.8e-09
Hydrolase_3	PF08282.12	255	D3590.contig16_12	799	2.9e-07
HAD	PF12710.7	188	D3590.contig16_12	799	6.5e-05
Phage_holin_3_6	PF07332.11	113	D3590.contig16_13	73	0.13
Bac_transf	PF02397.16	184	D3590.contig17_1	141	3.5e-42
Cadherin_2	PF08266.12	83	D3590.contig17_2	63	0.026
Epimerase	PF01370.21	241	D3590.contig17_5	343	4e-55
GDP_Man_Dehyd	PF16363.5	332	D3590.contig17_5	343	1.9e-54
3Beta_HSD	PF01073.19	280	D3590.contig17_5	343	5.5e-16
RmlD_sub_bind	PF04321.17	287	D3590.contig17_5	343	3.3e-14
Polysacc_synt_2	PF02719.15	294	D3590.contig17_5	343	1.5e-09
NAD_binding_4	PF07993.12	257	D3590.contig17_5	343	2.3e-08
NAD_binding_10	PF13460.6	184	D3590.contig17_5	343	0.00015
adh_short	PF00106.25	195	D3590.contig17_5	343	0.00035
KR	PF08659.10	180	D3590.contig17_5	343	0.0051
Ku	PF02735.16	204	D3590.contig17_10	326	3e-36
DUF736	PF05284.12	100	D3590.contig17_11	79	0.063
Flp_Fap	PF04964.14	46	D3590.contig17_12	55	7.4e-17
TPP_enzyme_M	PF00205.22	137	D3590.contig17_13	545	9.6e-38
TPP_enzyme_N	PF02776.18	172	D3590.contig17_13	545	1.8e-37
TPP_enzyme_C	PF02775.21	153	D3590.contig17_13	545	9.3e-26
DXP_synthase_N	PF13292.6	273	D3590.contig17_13	545	0.0081
Peripla_BP_6	PF13458.6	342	D3590.contig17_14	414	2.8e-52
Peripla_BP_5	PF13433.6	364	D3590.contig17_14	414	4.5e-18
ANF_receptor	PF01094.28	354	D3590.contig17_14	414	1.4e-15
Transgly	PF00912.22	178	D3590.contig17_15	483	7e-34
ABC_tran	PF00005.27	137	D3590.contig17_15	483	5.8e-29
AAA_21	PF13304.6	303	D3590.contig17_15	483	1e-08
AAA_21	PF13304.6	303	D3590.contig17_15	483	1e-08
AAA_23	PF13476.6	200	D3590.contig17_15	483	0.0065
HATPase_c	PF02518.26	112	D3590.contig18_1	467	5.5e-20
HisKA	PF00512.25	67	D3590.contig18_1	467	3.9e-10
HAMP	PF00672.25	53	D3590.contig18_1	467	7e-07
HATPase_c_5	PF14501.6	101	D3590.contig18_1	467	2.8e-05
PDH	PF02153.17	258	D3590.contig18_6	290	2.3e-75
F420_oxidored	PF03807.17	97	D3590.contig18_6	290	7.7e-07
NAD_binding_2	PF03446.15	158	D3590.contig18_6	290	2.1e-05
ApbA	PF02558.16	152	D3590.contig18_6	290	6.1e-05
IlvN	PF07991.12	165	D3590.contig18_6	290	0.0061
EPSP_synthase	PF00275.20	417	D3590.contig18_7	432	2.4e-124
DUF2061	PF09834.9	52	D3590.contig18_8	75	4.8e-24
DUF2545	PF10810.8	80	D3590.contig18_8	75	0.016
Cytidylate_kin	PF02224.18	211	D3590.contig18_9	226	2.3e-71
Cytidylate_kin2	PF13189.6	179	D3590.contig18_9	226	1.3e-05
AAA_18	PF13238.6	130	D3590.contig18_9	226	0.0034
AAA_17	PF13207.6	136	D3590.contig18_9	226	0.0038
AAA_33	PF13671.6	143	D3590.contig18_9	226	0.0045
S1	PF00575.23	75	D3590.contig18_10	499	4.5e-83
S1	PF00575.23	75	D3590.contig18_10	499	4.5e-83
S1	PF00575.23	75	D3590.contig18_10	499	4.5e-83
S1	PF00575.23	75	D3590.contig18_10	499	4.5e-83
S1	PF00575.23	75	D3590.contig18_10	499	4.5e-83
Bac_DNA_binding	PF00216.21	90	D3590.contig18_11	96	5.9e-29
HU-HIG	PF18291.1	125	D3590.contig18_11	96	4.7e-05
HU-CCDC81_bac_2	PF18175.1	70	D3590.contig18_11	96	0.013
TPR_16	PF13432.6	68	D3590.contig18_12	410	1.2e-11
Rubredoxin_2	PF18073.1	28	D3590.contig18_12	410	1.2e-10
TPR_19	PF14559.6	68	D3590.contig18_12	410	1.6e-09
OMPdecase	PF00215.24	225	D3590.contig18_13	232	5.9e-44
HTH_Tnp_1	PF01527.20	75	D3590.contig19_2	109	3.6e-07
rve	PF00665.26	119	D3590.contig19_3	243	3.2e-29
rve_3	PF13683.6	67	D3590.contig19_3	243	1.5e-13
HTH_21	PF13276.6	60	D3590.contig19_3	243	3.1e-11
rve_2	PF13333.6	52	D3590.contig19_3	243	5.9e-07
DDE_Tnp_IS240	PF13610.6	140	D3590.contig19_3	243	0.0048
HTH_17	PF12728.7	51	D3590.contig19_5	217	0.0022
TniQ	PF06527.11	137	D3590.contig19_6	434	8.4e-20
AAA_22	PF13401.6	137	D3590.contig19_7	345	4.7e-26
TniB	PF05621.11	189	D3590.contig19_7	345	2.1e-20
TniB	PF05621.11	189	D3590.contig19_7	345	2.1e-20
AAA_16	PF13191.6	170	D3590.contig19_7	345	1.4e-05
AAA_25	PF13481.6	194	D3590.contig19_7	345	1.6e-05
Rad17	PF03215.15	186	D3590.contig19_7	345	6.3e-05
AAA	PF00004.29	132	D3590.contig19_7	345	0.0005
Sigma54_activat	PF00158.26	168	D3590.contig19_7	345	0.00073
CdiI_2	PF18593.1	91	D3590.contig19_8	194	0.1
HEPN_Toprim_N	PF18871.1	221	D3590.contig19_9	223	2.3e-22
HAD_SAK_2	PF18143.1	141	D3590.contig19_10	266	3.6e-10
HAD_SAK_2	PF18143.1	141	D3590.contig19_12	209	9.3e-09
HTH_31	PF13560.6	64	D3590.contig19_12	209	0.00012
HTH_3	PF01381.22	55	D3590.contig19_12	209	0.00019
RHS_repeat	PF05593.14	38	D3590.contig20_1	1339	2.5e-58
RHS_repeat	PF05593.14	38	D3590.contig20_1	1339	2.5e-58
RHS_repeat	PF05593.14	38	D3590.contig20_1	1339	2.5e-58
RHS_repeat	PF05593.14	38	D3590.contig20_1	1339	2.5e-58
RHS_repeat	PF05593.14	38	D3590.contig20_1	1339	2.5e-58
RHS_repeat	PF05593.14	38	D3590.contig20_1	1339	2.5e-58
RHS_repeat	PF05593.14	38	D3590.contig20_1	1339	2.5e-58
RHS_repeat	PF05593.14	38	D3590.contig20_1	1339	2.5e-58
RHS_repeat	PF05593.14	38	D3590.contig20_1	1339	2.5e-58
RHS	PF03527.14	38	D3590.contig20_1	1339	2.6e-15
Exonuc_VII_S	PF02609.16	52	D3590.contig20_2	81	7.6e-20
Vps53_N	PF04100.12	380	D3590.contig20_2	81	0.069
polyprenyl_synt	PF00348.17	256	D3590.contig20_3	296	3.1e-56
DXP_synthase_N	PF13292.6	273	D3590.contig20_4	633	2.6e-120
Transket_pyr	PF02779.24	178	D3590.contig20_4	633	1.3e-36
Transketolase_C	PF02780.20	124	D3590.contig20_4	633	4.3e-27
TPP_enzyme_C	PF02775.21	153	D3590.contig20_4	633	1.5e-06
E1_dh	PF00676.20	300	D3590.contig20_4	633	4.2e-06
Transketolase_N	PF00456.21	334	D3590.contig20_4	633	0.0015
TonB_dep_Rec	PF00593.24	470	D3590.contig20_5	632	7e-43
Plug	PF07715.15	108	D3590.contig20_5	632	9.9e-30
GHMP_kinases_C	PF08544.13	85	D3590.contig21_1	156	1.8e-08
Pribosyltran_N	PF13793.6	116	D3590.contig21_2	312	2.7e-47
Pribosyl_synth	PF14572.6	184	D3590.contig21_2	312	1.1e-31
Pribosyltran	PF00156.27	159	D3590.contig21_2	312	2.2e-17
Ribosomal_TL5_C	PF14693.6	86	D3590.contig21_3	204	4.6e-28
Ribosomal_L25p	PF01386.19	81	D3590.contig21_3	204	1.9e-24
Pept_tRNA_hydro	PF01195.19	171	D3590.contig21_4	191	5.1e-58
EAL	PF00563.20	238	D3590.contig21_5	922	1.5e-73
GGDEF	PF00990.21	161	D3590.contig21_5	922	2.3e-48
PAS_3	PF08447.12	89	D3590.contig21_5	922	3.6e-24
CHASE	PF03924.13	188	D3590.contig21_5	922	9.1e-17
YchF-GTPase_C	PF06071.13	84	D3590.contig21_6	362	4.9e-41
MMR_HSR1	PF01926.23	114	D3590.contig21_6	362	7.1e-23
FeoB_N	PF02421.18	156	D3590.contig21_6	362	1.4e-08
HD	PF01966.22	122	D3590.contig21_7	204	1.1e-19
HD_5	PF13487.6	64	D3590.contig21_7	204	1.4e-15
Arm-DNA-bind_3	PF13356.6	74	D3590.contig21_8	395	3.4e-20
Phage_integrase	PF00589.22	172	D3590.contig21_8	395	2.8e-19
PRiA4_ORF3	PF07929.11	174	D3590.contig22_1	111	3.4e-25
DDE_Tnp_IS66	PF03050.14	282	D3590.contig22_2	515	6.5e-106
DDE_Tnp_IS66_C	PF13817.6	39	D3590.contig22_2	515	6.6e-18
zf-IS66	PF13005.7	46	D3590.contig22_2	515	1.4e-16
LZ_Tnp_IS66	PF13007.7	69	D3590.contig22_2	515	3.6e-14
TnpB_IS66	PF05717.13	101	D3590.contig22_3	116	9.3e-42
HTH_Tnp_1	PF01527.20	75	D3590.contig22_4	144	1.6e-09
HTH_23	PF13384.6	50	D3590.contig22_4	144	0.00095
HTH_28	PF13518.6	52	D3590.contig22_4	144	0.024
CN_hydrolase	PF00795.22	261	D3590.contig22_5	259	2.8e-18
Acetyltransf_1	PF00583.25	117	D3590.contig22_6	203	0.00046
SnoaL_2	PF12680.7	102	D3590.contig22_7	136	9.5e-19
SnoaL	PF07366.12	126	D3590.contig22_7	136	2.3e-09
SnoaL_3	PF13474.6	121	D3590.contig22_7	136	2.3e-05
DUF4440	PF14534.6	107	D3590.contig22_7	136	0.00029
SnoaL_4	PF13577.6	127	D3590.contig22_7	136	0.0012
LEH	PF07858.12	125	D3590.contig22_7	136	0.0071
LysR_substrate	PF03466.20	209	D3590.contig22_8	302	2.2e-31
HTH_1	PF00126.27	60	D3590.contig22_8	302	5.4e-17
UvrB_inter	PF17757.1	91	D3590.contig22_9	659	4.5e-25
Helicase_C	PF00271.31	111	D3590.contig22_9	659	8.2e-20
UvrB	PF12344.8	43	D3590.contig22_9	659	6.3e-18
ResIII	PF04851.15	171	D3590.contig22_9	659	1.6e-12
UB2H	PF14814.6	85	D3590.contig22_9	659	0.00039
DEAD	PF00270.29	176	D3590.contig22_9	659	0.00049
AAA_30	PF13604.6	192	D3590.contig22_9	659	0.0014
DUF488	PF04343.13	122	D3590.contig22_11	144	1.1e-22
LysR_substrate	PF03466.20	209	D3590.contig22_12	257	9.5e-15
PLDc_2	PF13091.6	133	D3590.contig23_3	406	3.6e-36
PLDc_2	PF13091.6	133	D3590.contig23_3	406	3.6e-36
PLDc	PF00614.22	28	D3590.contig23_3	406	2.2e-09
PLDc_3	PF13918.6	177	D3590.contig23_3	406	4.3e-07
FAM83	PF07894.12	274	D3590.contig23_3	406	0.00069
MotA_ExbB	PF01618.16	127	D3590.contig23_4	216	2.3e-27
TonB_dep_Rec	PF00593.24	470	D3590.contig23_5	761	3e-37
Plug	PF07715.15	108	D3590.contig23_5	761	1.2e-14
TonB_C	PF03544.14	79	D3590.contig23_6	244	7.6e-08
TonB_2	PF13103.6	85	D3590.contig23_6	244	0.023
ExbD	PF02472.16	130	D3590.contig23_7	136	4.6e-29
Acetyltransf_3	PF13302.7	138	D3590.contig23_8	185	3.4e-25
Acetyltransf_1	PF00583.25	117	D3590.contig23_8	185	0.00018
Acetyltransf_4	PF13420.7	155	D3590.contig23_8	185	0.0025
PhoD	PF09423.10	350	D3590.contig23_9	523	7.1e-106
PhoD_N	PF16655.5	90	D3590.contig23_9	523	1.3e-29
tRNA_SAD	PF07973.14	44	D3590.contig23_10	209	1.7e-05
tRNA-synt_2c	PF01411.19	552	D3590.contig23_10	209	0.00018
RCR	PF12273.8	119	D3590.contig24_3	84	0.00048
TFIIS_M	PF07500.14	112	D3590.contig24_4	799	9.4e-13
SPOC	PF07744.13	151	D3590.contig24_4	799	5.6e-10
PHD	PF00628.29	52	D3590.contig24_5	151	4.9e-10
PHD_3	PF13922.6	69	D3590.contig24_5	151	0.0086
Nodulin-like	PF06813.13	250	D3590.contig24_6	196	2.1e-06
MFS_1	PF07690.16	353	D3590.contig24_6	196	3.3e-05
MFS_1	PF07690.16	353	D3590.contig24_7	386	3.8e-20
MFS_1	PF07690.16	353	D3590.contig24_7	386	3.8e-20
Glyoxalase_2	PF12681.7	118	D3590.contig25_1	140	0.0011
cNMP_binding	PF00027.29	89	D3590.contig25_2	191	3.7e-10
DUF5367	PF17329.2	98	D3590.contig25_4	138	5.5e-26
Tex_N	PF09371.10	182	D3590.contig25_5	708	1.3e-62
Tex_YqgF	PF16921.5	126	D3590.contig25_5	708	1.2e-48
HHH_3	PF12836.7	65	D3590.contig25_5	708	5.4e-29
HHH_9	PF17674.1	70	D3590.contig25_5	708	1.1e-19
S1	PF00575.23	75	D3590.contig25_5	708	3.4e-16
HHH_7	PF14635.6	104	D3590.contig25_5	708	3.5e-09
YqgF	PF14639.6	150	D3590.contig25_5	708	2.4e-05
HHH	PF00633.23	30	D3590.contig25_5	708	0.0024
T2SSK	PF03934.13	280	D3590.contig25_5	708	0.0032
TPP_enzyme_N	PF02776.18	172	D3590.contig25_6	576	1.6e-42
TPP_enzyme_N	PF02776.18	172	D3590.contig25_6	576	1.6e-42
TPP_enzyme_C	PF02775.21	153	D3590.contig25_6	576	9.8e-40
TPP_enzyme_M	PF00205.22	137	D3590.contig25_6	576	1.4e-29
DUF1275	PF06912.11	192	D3590.contig25_7	276	1.8e-27
DUF1422	PF07226.11	114	D3590.contig25_7	276	0.017
HATPase_c	PF02518.26	112	D3590.contig25_9	305	3.3e-20
HisKA	PF00512.25	67	D3590.contig25_9	305	1.1e-11
HAMP	PF00672.25	53	D3590.contig25_9	305	1.1e-06
HATPase_c_3	PF13589.6	137	D3590.contig25_9	305	0.00013
TFIIF_beta	PF02270.15	65	D3590.contig26_2	104	7.1e-25
Tau95	PF09734.9	140	D3590.contig26_2	104	0.00086
TraH_2	PF06871.11	207	D3590.contig26_2	104	0.042
CAP_GLY	PF01302.25	65	D3590.contig26_5	716	7.5e-14
LRR_4	PF12799.7	44	D3590.contig26_5	716	9.4e-12
LRR_4	PF12799.7	44	D3590.contig26_5	716	9.4e-12
Tim54	PF11711.8	374	D3590.contig26_6	430	2.7e-130
Pkinase	PF00069.25	264	D3590.contig26_7	388	5.4e-24
Pkinase_Tyr	PF07714.17	259	D3590.contig26_7	388	2.5e-08
SpoIIIAH	PF12685.7	210	D3590.contig26_7	388	0.01
DUF3450	PF11932.8	241	D3590.contig26_7	388	0.011
Amidohydro_2	PF04909.14	291	D3590.contig27_4	336	4.9e-51
Abhydrolase_6	PF12697.7	220	D3590.contig27_6	903	5.2e-09
Abhydrolase_1	PF00561.20	257	D3590.contig27_6	903	5.6e-08
Hydrolase_4	PF12146.8	239	D3590.contig27_6	903	0.013
PRELI	PF04707.14	157	D3590.contig27_8	193	4.1e-43
GATase_3	PF07685.14	196	D3590.contig27_8	193	0.045
DDE_Tnp_IS1595	PF12762.7	153	D3590.contig28_1	203	3.7e-33
AbiEi_2	PF09952.9	143	D3590.contig28_1	203	0.023
DDE_3	PF13358.6	146	D3590.contig28_1	203	0.037
Aminotran_3	PF00202.21	406	D3590.contig28_2	427	1.7e-76
Aminotran_1_2	PF00155.21	363	D3590.contig28_2	427	3.4e-06
Trypsin_2	PF13365.6	150	D3590.contig28_3	339	8.5e-23
TPR_14	PF13428.6	44	D3590.contig28_3	339	3.1e-05
TPR_2	PF07719.17	34	D3590.contig28_3	339	0.00015
TPR_8	PF13181.6	34	D3590.contig28_3	339	0.0013
DLH	PF01738.18	217	D3590.contig28_4	247	2.3e-28
Peptidase_S15	PF02129.18	269	D3590.contig28_4	247	5.3e-05
6PGD	PF00393.19	289	D3590.contig28_5	505	4.6e-129
NAD_binding_2	PF03446.15	158	D3590.contig28_5	505	2.6e-43
F420_oxidored	PF03807.17	97	D3590.contig28_5	505	0.0039
Shikimate_DH	PF01488.20	138	D3590.contig28_5	505	0.0098
ANAPC3	PF12895.7	82	D3590.contig28_6	63	0.051
ThiS	PF02597.20	77	D3590.contig28_7	68	5.6e-11
ThiG	PF05690.14	247	D3590.contig28_8	261	5.7e-106
Hydrolase	PF00702.26	210	D3590.contig28_8	261	0.0044
His_biosynth	PF00977.21	229	D3590.contig28_8	261	0.016
DUF525	PF04379.14	87	D3590.contig28_9	128	7.3e-34
DUF4354	PF14263.6	125	D3590.contig28_9	128	0.0071
HATPase_c	PF02518.26	112	D3590.contig29_1	256	1.7e-18
HisKA	PF00512.25	67	D3590.contig29_1	256	4.8e-13
HATPase_c_5	PF14501.6	101	D3590.contig29_1	256	5.1e-06
HAMP	PF00672.25	53	D3590.contig29_3	258	2.6e-10
Response_reg	PF00072.24	112	D3590.contig29_4	232	8.4e-29
Trans_reg_C	PF00486.28	77	D3590.contig29_4	232	1.2e-24
Copper-bind	PF00127.20	99	D3590.contig29_6	179	9.6e-09
CzcE	PF16986.5	81	D3590.contig29_6	179	0.00027
Cupredoxin_1	PF13473.6	104	D3590.contig29_6	179	0.0009
DDE_Tnp_ISL3	PF01610.17	240	D3590.contig29_7	434	5.6e-70
zf-ISL3	PF14690.6	47	D3590.contig29_7	434	2.8e-08
HTH_Tnp_ISL3	PF13542.6	52	D3590.contig29_7	434	0.0011
E1-E2_ATPase	PF00122.20	181	D3590.contig29_9	786	1.2e-52
Hydrolase	PF00702.26	210	D3590.contig29_9	786	1.1e-39
YHS	PF04945.13	48	D3590.contig29_9	786	1.3e-15
Hydrolase_3	PF08282.12	255	D3590.contig29_9	786	9.9e-09
HMA	PF00403.26	62	D3590.contig29_10	67	1.5e-12
TetR_N	PF00440.23	47	D3590.contig30_2	211	7.6e-09
NLPC_P60	PF00877.19	105	D3590.contig30_3	163	3.4e-27
Amidase_5	PF05382.13	142	D3590.contig30_3	163	0.0023
CHAP	PF05257.16	83	D3590.contig30_3	163	0.0081
UreE_C	PF05194.12	87	D3590.contig30_4	167	5.5e-27
UreE_N	PF02814.15	62	D3590.contig30_4	167	1.3e-18
UreF	PF01730.16	132	D3590.contig30_5	225	9.6e-39
Clathrin	PF00637.20	143	D3590.contig30_5	225	0.00016
cobW	PF02492.19	177	D3590.contig30_6	205	6.3e-35
MeaB	PF03308.16	267	D3590.contig30_6	205	1.6e-05
HupE_UreJ	PF04955.12	179	D3590.contig30_7	191	2.5e-61
HupE_UreJ_2	PF13795.6	155	D3590.contig30_7	191	0.00026
GlcNAc_2-epim	PF07221.11	346	D3590.contig30_8	377	1.4e-36
Cation_efflux	PF01545.21	199	D3590.contig30_9	302	1.8e-41
adh_short	PF00106.25	195	D3590.contig30_10	256	6.6e-46
adh_short_C2	PF13561.6	234	D3590.contig30_10	256	1.9e-32
KR	PF08659.10	180	D3590.contig30_10	256	1.3e-13
Polysacc_synt_2	PF02719.15	294	D3590.contig30_10	256	0.0098
DUF1851	PF08906.11	75	D3590.contig31_2	206	2.8e-06
VirE_N	PF08800.10	134	D3590.contig31_4	246	0.007
Porin_4	PF13609.6	312	D3590.contig32_1	394	2.2e-47
Porin_1	PF00267.21	340	D3590.contig32_1	394	2.7e-11
IstB_IS21	PF01695.17	178	D3590.contig32_2	120	1e-39
Amidohydro_2	PF04909.14	291	D3590.contig32_3	295	3.5e-38
PAD_porph	PF04371.15	319	D3590.contig32_3	295	0.058
Cupin_2	PF07883.11	71	D3590.contig32_4	174	8.7e-11
Cupin_1	PF00190.22	151	D3590.contig32_4	174	6.9e-06
Auxin_BP	PF02041.16	167	D3590.contig32_4	174	0.0011
CDO_I	PF05995.12	169	D3590.contig32_4	174	0.0053
Cupin_6	PF12852.7	184	D3590.contig32_4	174	0.0069
AraC_binding	PF02311.19	136	D3590.contig32_4	174	0.015
IstB_IS21	PF01695.17	178	D3590.contig32_5	285	3e-36
HTH_23	PF13384.6	50	D3590.contig32_5	285	1.9e-06
HTH_29	PF13551.6	63	D3590.contig32_5	285	3.9e-06
HTH_38	PF13936.6	44	D3590.contig32_5	285	0.00013
HTH_IclR	PF09339.10	52	D3590.contig32_5	285	0.00016
HTH_24	PF13412.6	48	D3590.contig32_5	285	0.00016
Sigma70_r4_2	PF08281.12	54	D3590.contig32_5	285	0.00021
HTH_40	PF14493.6	89	D3590.contig32_5	285	0.0023
Porin_4	PF13609.6	312	D3590.contig32_6	163	3.9e-06
LysR_substrate	PF03466.20	209	D3590.contig32_8	301	7.5e-36
HTH_1	PF00126.27	60	D3590.contig32_8	301	5e-19
Cupin_2	PF07883.11	71	D3590.contig32_9	137	4.9e-12
AraC_binding	PF02311.19	136	D3590.contig32_9	137	7.6e-07
Cupin_1	PF00190.22	151	D3590.contig32_9	137	1.6e-06
Cupin_6	PF12852.7	184	D3590.contig32_9	137	0.00036
Tautomerase	PF01361.21	60	D3590.contig32_10	76	1.6e-12
Tautomerase_2	PF14552.6	82	D3590.contig32_10	76	0.0098
HTH_1	PF00126.27	60	D3590.contig32_11	82	7.4e-05
HTH_20	PF12840.7	61	D3590.contig33_2	112	9.3e-14
HTH_5	PF01022.20	47	D3590.contig33_2	112	3.2e-13
MarR_2	PF12802.7	62	D3590.contig33_2	112	1.9e-05
HTH_24	PF13412.6	48	D3590.contig33_2	112	3.3e-05
MarR	PF01047.22	59	D3590.contig33_2	112	8.3e-05
HrcA_DNA-bdg	PF03444.15	79	D3590.contig33_2	112	0.0032
HTH_Crp_2	PF13545.6	68	D3590.contig33_2	112	0.0041
HTH_34	PF13601.6	80	D3590.contig33_2	112	0.0048
PLDc_N	PF13396.6	42	D3590.contig33_3	102	2.5e-06
DUF1003	PF06210.11	104	D3590.contig33_3	102	0.0022
Redoxin	PF08534.10	147	D3590.contig33_4	146	4.1e-15
AhpC-TSA	PF00578.21	124	D3590.contig33_4	146	8.5e-15
Thioredoxin_8	PF13905.6	95	D3590.contig33_4	146	4.1e-11
Thioredoxin	PF00085.20	103	D3590.contig33_4	146	1.5e-07
Adeno_VII	PF03228.14	122	D3590.contig33_5	65	0.061
PadR	PF03551.14	75	D3590.contig33_6	122	7.4e-16
HTH_45	PF14947.6	77	D3590.contig33_6	122	0.0012
PspC	PF04024.12	53	D3590.contig33_7	737	8.3e-37
PspC	PF04024.12	53	D3590.contig33_7	737	8.3e-37
UPF0242	PF06785.11	193	D3590.contig33_7	737	0.017
Porph_ging	PF09697.10	83	D3590.contig33_10	250	5.6e-11
OMP_b-brl_3	PF14905.6	408	D3590.contig33_11	165	1.4e-06
Glyco_tranf_2_3	PF13641.6	230	D3590.contig34_1	369	3.7e-36
Glyco_trans_2_3	PF13632.6	197	D3590.contig34_1	369	5.9e-33
Epimerase_2	PF02350.19	347	D3590.contig34_2	396	5.7e-94
Guanylate_cyc	PF00211.20	183	D3590.contig34_3	327	0.00044
DUF1442	PF07279.11	218	D3590.contig34_4	88	0.14
Histone_HNS	PF00816.21	92	D3590.contig34_6	129	2.5e-17
Bac_transf	PF02397.16	184	D3590.contig34_7	488	2.5e-65
CoA_binding_3	PF13727.6	175	D3590.contig34_7	488	1.8e-14
HTH_15	PF12324.8	74	D3590.contig35_2	1250	0.003
Aminotran_1_2	PF00155.21	363	D3590.contig35_5	392	5.2e-56
Aminotran_5	PF00266.19	371	D3590.contig35_5	392	2.9e-05
Cys_Met_Meta_PP	PF01053.20	382	D3590.contig35_5	392	0.0054
EamA	PF00892.20	137	D3590.contig36_2	296	2.4e-18
EamA	PF00892.20	137	D3590.contig36_2	296	2.4e-18
TetR_N	PF00440.23	47	D3590.contig36_4	187	1.5e-10
adh_short	PF00106.25	195	D3590.contig36_5	244	6.7e-35
adh_short_C2	PF13561.6	234	D3590.contig36_5	244	1.7e-27
KR	PF08659.10	180	D3590.contig36_5	244	4.3e-07
DSBA	PF01323.20	193	D3590.contig36_6	66	2.2e-09
DDE_Tnp_Tn3	PF01526.17	389	D3590.contig37_1	549	4.2e-153
UPF0149	PF03695.13	174	D3590.contig37_2	199	1e-30
SEC-C	PF02810.15	19	D3590.contig37_2	199	2.1e-07
Nramp	PF01566.18	358	D3590.contig37_3	396	1.5e-70
Trns_repr_metal	PF02583.17	77	D3590.contig37_5	91	1.5e-23
YojJ	PF10372.9	69	D3590.contig37_5	91	0.041
Cation_efflux	PF01545.21	199	D3590.contig37_6	436	6.3e-36
MerE	PF05052.12	75	D3590.contig37_7	79	1.7e-19
DAO	PF01266.24	352	D3590.contig38_1	428	4.1e-56
Pyr_redox_3	PF13738.6	305	D3590.contig38_1	428	3.5e-07
NAD_binding_8	PF13450.6	68	D3590.contig38_1	428	8.2e-06
FAD_binding_3	PF01494.19	349	D3590.contig38_1	428	1.1e-05
Amino_oxidase	PF01593.24	452	D3590.contig38_1	428	2.4e-05
HI0933_like	PF03486.14	409	D3590.contig38_1	428	5.8e-05
FAD_binding_2	PF00890.24	417	D3590.contig38_1	428	8.1e-05
Thi4	PF01946.17	235	D3590.contig38_1	428	0.00031
Pyr_redox_2	PF07992.14	294	D3590.contig38_1	428	0.00047
FAD_oxidored	PF12831.7	433	D3590.contig38_1	428	0.00098
GIDA	PF01134.22	392	D3590.contig38_1	428	0.0025
Peripla_BP_6	PF13458.6	342	D3590.contig38_2	379	5.5e-66
ANF_receptor	PF01094.28	354	D3590.contig38_2	379	1.5e-25
Peripla_BP_5	PF13433.6	364	D3590.contig38_2	379	7.9e-19
BPD_transp_2	PF02653.16	268	D3590.contig38_3	305	3.7e-51
BPD_transp_2	PF02653.16	268	D3590.contig38_4	426	4.5e-47
DUF3382	PF11862.8	97	D3590.contig38_4	426	1.5e-20
ABC_tran	PF00005.27	137	D3590.contig38_5	292	6.8e-27
BCA_ABC_TP_C	PF12399.8	23	D3590.contig38_5	292	1.2e-10
AAA_21	PF13304.6	303	D3590.contig38_5	292	4.8e-09
AAA_23	PF13476.6	200	D3590.contig38_5	292	1.2e-05
SMC_N	PF02463.19	220	D3590.contig38_5	292	3.6e-05
AAA_15	PF13175.6	369	D3590.contig38_5	292	0.00019
AAA_29	PF13555.6	61	D3590.contig38_5	292	0.0037
RsgA_GTPase	PF03193.16	167	D3590.contig38_5	292	0.0041
ABC_tran	PF00005.27	137	D3590.contig38_6	239	3.6e-32
AAA_21	PF13304.6	303	D3590.contig38_6	239	6.2e-10
AAA_15	PF13175.6	369	D3590.contig38_6	239	0.00017
AAA_29	PF13555.6	61	D3590.contig38_6	239	0.00049
RsgA_GTPase	PF03193.16	167	D3590.contig38_6	239	0.00084
AAA_16	PF13191.6	170	D3590.contig38_6	239	0.0035
DUF730	PF05325.11	122	D3590.contig39_1	114	0.11
Ni_hydr_CYTB	PF01292.20	182	D3590.contig39_2	176	5.8e-18
PrpF	PF04303.13	371	D3590.contig39_4	351	3.7e-110
NrsF	PF06532.11	204	D3590.contig39_4	351	0.016
LysR_substrate	PF03466.20	209	D3590.contig39_5	302	7.9e-50
HTH_1	PF00126.27	60	D3590.contig39_5	302	1.7e-20
PBP_like	PF12727.7	193	D3590.contig39_5	302	2.3e-05
HTH_30	PF13556.6	59	D3590.contig39_5	302	5e-05
PBP_like_2	PF12849.7	282	D3590.contig39_5	302	0.00036
MarR_2	PF12802.7	62	D3590.contig39_5	302	0.00059
HTH_AsnC-type	PF13404.6	42	D3590.contig39_5	302	0.0012
HTH_24	PF13412.6	48	D3590.contig39_5	302	0.0021
Tropomyosin_1	PF12718.7	143	D3590.contig39_5	302	0.01
GATase_3	PF07685.14	196	D3590.contig39_6	488	1.1e-58
CbiA	PF01656.23	128	D3590.contig39_6	488	1.6e-21
AAA_26	PF13500.6	198	D3590.contig39_6	488	3e-19
p450	PF00067.22	463	D3590.contig39_7	447	4.1e-24
p450	PF00067.22	463	D3590.contig39_7	447	4.1e-24
Glutaminase	PF04960.15	286	D3590.contig39_8	71	2.1e-19
Baseplate_J	PF04865.14	255	D3590.contig40_4	842	0.02
Oxidored_molyb	PF00174.19	172	D3590.contig41_1	278	5.7e-47
Lactonase	PF10282.9	344	D3590.contig41_2	331	5e-13
Lactonase	PF10282.9	344	D3590.contig41_2	331	5e-13
Cytochrom_D1	PF02239.16	368	D3590.contig41_2	331	1.5e-11
Cytochrom_D1	PF02239.16	368	D3590.contig41_2	331	1.5e-11
Cytochrom_D1	PF02239.16	368	D3590.contig41_2	331	1.5e-11
DUF4221	PF13970.6	334	D3590.contig41_2	331	6.5e-06
Cons_hypoth698	PF03601.14	304	D3590.contig41_3	348	1.3e-101
LysR_substrate	PF03466.20	209	D3590.contig41_4	305	7.7e-37
HTH_1	PF00126.27	60	D3590.contig41_4	305	4.8e-17
PBP_like	PF12727.7	193	D3590.contig41_4	305	3.9e-08
AAA_33	PF13671.6	143	D3590.contig41_5	168	1.5e-08
Phage_integrase	PF00589.22	172	D3590.contig41_6	452	3.6e-09
Phage_int_SAM_1	PF02899.17	84	D3590.contig41_6	452	1.2e-05
DNA_methylase	PF00145.17	335	D3590.contig42_1	252	1.4e-05
Phage_prot_Gp6	PF05133.14	420	D3590.contig42_5	124	0.081
ParBc	PF02195.18	90	D3590.contig42_7	354	0.0011
RepB	PF07506.11	185	D3590.contig42_7	354	0.002
MCM	PF00493.23	224	D3590.contig43_1	397	3.6e-68
MCM_OB	PF17207.3	126	D3590.contig43_1	397	2.7e-29
AAA_5	PF07728.14	138	D3590.contig43_1	397	0.00038
MCM_N	PF14551.6	104	D3590.contig43_2	157	0.0019
FliT	PF05400.13	85	D3590.contig43_2	157	0.016
OrfB_Zn_ribbon	PF07282.11	69	D3590.contig43_5	446	8.1e-21
HTH_OrfB_IS605	PF12323.8	47	D3590.contig43_5	446	4.2e-11
OrfB_IS605	PF01385.19	120	D3590.contig43_5	446	1.4e-07
MCM	PF00493.23	224	D3590.contig43_8	76	2.3e-24
Mg_chelatase	PF01078.21	207	D3590.contig43_8	76	0.012
FMN_dh	PF01070.18	348	D3590.contig44_1	273	3.7e-79
Lactate_perm	PF02652.14	522	D3590.contig44_2	554	2.8e-153
LysR_substrate	PF03466.20	209	D3590.contig44_3	338	6.1e-28
HTH_1	PF00126.27	60	D3590.contig44_3	338	1.3e-13
HATPase_c	PF02518.26	112	D3590.contig44_4	464	4.1e-17
HisKA	PF00512.25	67	D3590.contig44_4	464	3.4e-12
HAMP	PF00672.25	53	D3590.contig44_4	464	6.3e-09
HATPase_c_5	PF14501.6	101	D3590.contig44_4	464	4.4e-06
HATPase_c_2	PF13581.6	125	D3590.contig44_4	464	0.0017
Unstab_antitox	PF09720.10	54	D3590.contig45_1	30	0.0018
Cas_Cas7	PF05107.12	252	D3590.contig45_2	294	4.7e-112
Cas_Csd1	PF09709.10	556	D3590.contig45_3	604	4.3e-172
UL41A	PF17591.2	78	D3590.contig45_3	604	0.024
Cas_Cas5d	PF09704.10	215	D3590.contig45_4	226	9.5e-50
DEAD	PF00270.29	176	D3590.contig45_5	772	3e-11
ResIII	PF04851.15	171	D3590.contig45_5	772	1.5e-09
Helicase_C	PF00271.31	111	D3590.contig45_5	772	4.4e-07
HD	PF01966.22	122	D3590.contig45_5	772	2.4e-06
SNF2_N	PF00176.23	350	D3590.contig45_5	772	0.0089
HIRAN	PF08797.11	96	D3590.contig45_6	132	1.9e-11
DUF736	PF05284.12	100	D3590.contig46_1	35	6.2e-08
DEAD	PF00270.29	176	D3590.contig46_3	1136	4e-20
ResIII	PF04851.15	171	D3590.contig46_3	1136	7e-07
SNF2_N	PF00176.23	350	D3590.contig46_3	1136	0.0038
DUF1837	PF08878.11	231	D3590.contig46_4	259	1.9e-13
Toxin_YhaV	PF11663.8	138	D3590.contig46_5	170	4.5e-59
PrlF_antitoxin	PF15937.5	97	D3590.contig46_6	113	6.1e-33
2CSK_N	PF08521.10	139	D3590.contig46_6	113	0.016
GDC-P	PF02347.16	430	D3590.contig47_1	332	1e-125
GCV_H	PF01597.19	122	D3590.contig47_2	128	5.4e-39
Tugs	PF17840.1	47	D3590.contig47_2	128	0.012
Sigma54_activat	PF00158.26	168	D3590.contig47_3	503	5.7e-66
Sigma54_activ_2	PF14532.6	138	D3590.contig47_3	503	2.6e-21
HTH_50	PF18024.1	50	D3590.contig47_3	503	3.1e-19
AAA_5	PF07728.14	138	D3590.contig47_3	503	9.1e-06
PAS_8	PF13188.7	67	D3590.contig47_3	503	2.5e-05
PAS	PF00989.25	113	D3590.contig47_3	503	9.2e-05
AAA_2	PF07724.14	171	D3590.contig47_3	503	0.0042
HTH_38	PF13936.6	44	D3590.contig47_4	321	1.9e-19
rve	PF00665.26	119	D3590.contig47_4	321	2.6e-10
HTH_23	PF13384.6	50	D3590.contig47_4	321	0.0098
DUF5064	PF16703.5	117	D3590.contig47_5	121	3.8e-42
AA_kinase	PF00696.28	241	D3590.contig47_6	310	1.2e-25
Phage_int_SAM_1	PF02899.17	84	D3590.contig48_1	248	8.7e-18
Phage_integrase	PF00589.22	172	D3590.contig48_1	248	5.2e-13
Phage_int_SAM_4	PF13495.6	85	D3590.contig48_1	248	1.1e-10
Phage_int_SAM_5	PF13102.6	99	D3590.contig48_1	248	7.4e-05
rRNA_processing	PF08524.11	148	D3590.contig48_1	248	0.01
Ribosomal_S21	PF01165.20	55	D3590.contig48_2	72	2.2e-17
DUF1967	PF09269.11	70	D3590.contig48_2	72	0.0096
SusD-like_2	PF12771.7	414	D3590.contig48_3	498	1.7e-107
SusD-like	PF12741.7	496	D3590.contig48_3	498	1.2e-69
SusD-like	PF12741.7	496	D3590.contig48_3	498	1.2e-69
SusD-like_3	PF14322.6	190	D3590.contig48_3	498	9.6e-06
CarbopepD_reg_2	PF13715.6	88	D3590.contig48_4	1062	3.3e-17
TonB_dep_Rec	PF00593.24	470	D3590.contig48_4	1062	3.2e-16
Plug	PF07715.15	108	D3590.contig48_4	1062	2.5e-14
CarboxypepD_reg	PF13620.6	82	D3590.contig48_4	1062	2.6e-08
DHBP_synthase	PF00926.19	192	D3590.contig49_1	444	1.5e-81
GTP_cyclohydro2	PF00925.20	163	D3590.contig49_1	444	7e-54
GSu_C4xC__C2xCH	PF09698.10	36	D3590.contig49_2	117	0.058
Prenyltrans	PF00432.21	44	D3590.contig49_3	301	2.9e-59
Prenyltrans	PF00432.21	44	D3590.contig49_3	301	2.9e-59
Prenyltrans	PF00432.21	44	D3590.contig49_3	301	2.9e-59
Prenyltrans	PF00432.21	44	D3590.contig49_3	301	2.9e-59
Prenyltrans	PF00432.21	44	D3590.contig49_3	301	2.9e-59
PPTA	PF01239.22	28	D3590.contig49_4	167	1.1e-15
PPTA	PF01239.22	28	D3590.contig49_4	167	1.1e-15
PPTA	PF01239.22	28	D3590.contig49_5	124	9.5e-12
PPTA	PF01239.22	28	D3590.contig49_5	124	9.5e-12
TetR_C_11	PF16859.5	113	D3590.contig49_6	127	0.00049
Acetyltransf_1	PF00583.25	117	D3590.contig49_7	64	0.00011
Acetyltransf_CG	PF14542.6	80	D3590.contig49_7	64	0.0017
Acetyltransf_7	PF13508.7	76	D3590.contig49_7	64	0.0055
GST_N_3	PF13417.6	75	D3590.contig50_5	325	5.9e-17
GST_N_2	PF13409.6	70	D3590.contig50_5	325	1.8e-14
GST_N	PF02798.20	76	D3590.contig50_5	325	7.8e-10
GST_C_2	PF13410.6	69	D3590.contig50_5	325	2.9e-06
GST_C_5	PF16865.5	108	D3590.contig50_5	325	9.6e-05
PAPS_reduct	PF01507.19	174	D3590.contig51_3	281	5.5e-07
AAA_30	PF13604.6	192	D3590.contig51_4	1099	0.0051
T2SSF	PF00482.23	125	D3590.contig52_1	383	4e-30
T2SSF	PF00482.23	125	D3590.contig52_1	383	4e-30
PilS	PF08805.11	138	D3590.contig52_2	172	5e-29
META	PF03724.16	109	D3590.contig52_2	172	0.037
T2SSE	PF00437.20	273	D3590.contig52_3	314	5.3e-21
AAA_16	PF13191.6	170	D3590.contig52_3	314	0.0023
AAA_22	PF13401.6	137	D3590.contig52_3	314	0.0029
Shufflon_N	PF04917.12	324	D3590.contig52_4	439	1.5e-62
PilM	PF07419.12	135	D3590.contig52_6	147	3.4e-30
DUF2020	PF09449.10	144	D3590.contig53_1	76	0.035
Big_9	PF17963.1	90	D3590.contig53_2	1753	0.0022
DUF707	PF05212.12	296	D3590.contig54_2	233	3.2e-06
GLF	PF03275.13	204	D3590.contig54_3	142	8.6e-41
Glyco_transf_25	PF01755.17	200	D3590.contig54_5	241	1.9e-13
Glyco_transf_9	PF01075.17	249	D3590.contig54_6	284	0.00024
Caps_assemb_Wzi	PF14052.6	394	D3590.contig54_8	151	0.00095
Glyco_hydro_3_C	PF01915.22	204	D3590.contig55_1	541	7.9e-56
Glyco_hydro_3	PF00933.21	319	D3590.contig55_1	541	4e-24
Fn3-like	PF14310.6	71	D3590.contig55_1	541	4e-23
CARDB	PF07705.11	102	D3590.contig55_1	541	0.0084
Glyco_hydro_3	PF00933.21	319	D3590.contig55_2	319	6.8e-34
PAF-AH_p_II	PF03403.13	379	D3590.contig55_3	337	3.4e-08
Hydrolase_4	PF12146.8	239	D3590.contig55_3	337	0.0037
Peptidase_S9	PF00326.21	212	D3590.contig55_3	337	0.0045
cNMP_binding	PF00027.29	89	D3590.contig55_4	190	2.9e-13
HTH_23	PF13384.6	50	D3590.contig55_4	190	0.02
Kelch_6	PF13964.6	50	D3590.contig55_5	171	1.3e-13
Kelch_6	PF13964.6	50	D3590.contig55_5	171	1.3e-13
Kelch_1	PF01344.25	46	D3590.contig55_5	171	3.3e-13
Kelch_5	PF13854.6	42	D3590.contig55_5	171	1.2e-10
Kelch_4	PF13418.6	49	D3590.contig55_5	171	3.9e-08
UvrD_C_2	PF13538.6	52	D3590.contig56_1	183	0.0045
DUF2971	PF11185.8	84	D3590.contig56_2	215	2.1e-09
ANT	PF03374.14	108	D3590.contig56_3	227	1.3e-12
Phage_pRha	PF09669.10	88	D3590.contig56_3	227	7.9e-06
RHH_1	PF01402.21	39	D3590.contig56_4	82	0.057
D5_N	PF08706.11	151	D3590.contig56_5	529	7.2e-22
AAA	PF00004.29	132	D3590.contig57_2	451	7e-30
AAA_33	PF13671.6	143	D3590.contig57_2	451	0.0034
TrkA_N	PF02254.18	116	D3590.contig57_3	506	3.6e-09
Toprim_3	PF13362.6	95	D3590.contig58_2	379	1.3e-14
Prim_Zn_Ribbon	PF08273.12	38	D3590.contig58_2	379	0.00027
DUF5388	PF17363.2	70	D3590.contig58_7	261	0.0071
CarboxypepD_reg	PF13620.6	82	D3590.contig59_1	555	5.3e-10
CarbopepD_reg_2	PF13715.6	88	D3590.contig59_1	555	4.3e-07
DUF2012	PF09430.10	123	D3590.contig59_1	555	0.0081
GCV_T	PF01571.21	257	D3590.contig59_2	352	2.4e-89
GCV_T_C	PF08669.11	80	D3590.contig59_2	352	1.9e-20
DPBB_1	PF03330.18	83	D3590.contig59_3	132	8.8e-18
DUF2116	PF09889.9	59	D3590.contig59_4	122	0.065
SSB	PF00436.25	104	D3590.contig59_5	72	9.3e-19
Lactamase_B	PF00753.27	197	D3590.contig60_2	204	4.3e-09
Lactamase_B_2	PF12706.7	201	D3590.contig60_2	204	0.0061
ATG22	PF11700.8	478	D3590.contig60_3	440	7.5e-84
ATG22	PF11700.8	478	D3590.contig60_3	440	7.5e-84
MFS_1	PF07690.16	353	D3590.contig60_3	440	1.1e-16
MFS_2	PF13347.6	427	D3590.contig60_3	440	2.2e-08
MFS_2	PF13347.6	427	D3590.contig60_3	440	2.2e-08
HIT	PF01230.23	98	D3590.contig60_4	130	4.3e-17
DcpS_C	PF11969.8	114	D3590.contig60_4	130	4.4e-08
CwfJ_C_1	PF04677.15	122	D3590.contig60_4	130	4e-06
GreA_GreB_N	PF03449.15	71	D3590.contig60_5	159	6.7e-28
GreA_GreB	PF01272.19	77	D3590.contig60_5	159	1.5e-23
Ribosomal_TL5_C	PF14693.6	86	D3590.contig60_5	159	0.013
2-Hacid_dh_C	PF02826.19	178	D3590.contig60_6	312	5.3e-47
2-Hacid_dh	PF00389.30	134	D3590.contig60_6	312	1.1e-21
IlvN	PF07991.12	165	D3590.contig60_6	312	0.0048
RrnaAD	PF00398.20	265	D3590.contig60_7	76	3.3e-05
YceI	PF04264.13	146	D3590.contig61_1	113	2.7e-19
Oxidored_FMN	PF00724.20	342	D3590.contig61_2	360	2.7e-85
TIM	PF00121.18	243	D3590.contig61_3	265	2.8e-85
SecG	PF03840.14	70	D3590.contig61_4	115	1.7e-19
ThrE	PF06738.12	241	D3590.contig61_4	115	0.028
Oxidored_q4	PF00507.19	99	D3590.contig61_5	119	1.3e-39
Oxidored_q6	PF01058.22	131	D3590.contig61_6	160	1.7e-22
Complex1_30kDa	PF00329.19	122	D3590.contig61_7	199	1.5e-41
SLBB	PF10531.9	58	D3590.contig62_3	428	9e-18
SLBB	PF10531.9	58	D3590.contig62_3	428	9e-18
Poly_export	PF02563.16	82	D3590.contig62_3	428	3.1e-16
DEDD_Tnp_IS110	PF01548.17	155	D3590.contig62_4	451	2.3e-22
Transposase_20	PF02371.16	87	D3590.contig62_4	451	2.3e-10
MFS_1	PF07690.16	353	D3590.contig63_1	340	9.3e-20
ArfA	PF03889.13	44	D3590.contig63_2	58	0.097
MFS_1	PF07690.16	353	D3590.contig63_4	434	6.9e-56
MFS_1	PF07690.16	353	D3590.contig63_4	434	6.9e-56
PTR2	PF00854.21	395	D3590.contig63_4	434	0.014
Phage_holin_3_6	PF07332.11	113	D3590.contig63_4	434	0.022
HD	PF01966.22	122	D3590.contig63_5	195	0.00087
HDOD	PF08668.12	196	D3590.contig63_5	195	0.026
DUF962	PF06127.11	95	D3590.contig63_6	104	2.4e-38
FtsX	PF02687.21	96	D3590.contig63_6	104	0.004
Arabinose_bd	PF12625.7	187	D3590.contig63_7	79	4.1e-22
Sortilin-Vps10	PF15902.5	446	D3590.contig64_2	239	2e-06
Molybdopterin	PF00384.22	432	D3590.contig64_5	775	7.8e-30
Molydop_binding	PF01568.21	111	D3590.contig64_5	775	1.7e-10
Bacteriocin_IIc	PF10439.9	62	D3590.contig65_1	171	1.3
CNP_C_terminal	PF17839.1	108	D3590.contig65_2	343	0.0034
YadA_stalk	PF05662.14	43	D3590.contig65_3	187	0.0059
IBN_N	PF03810.19	74	D3590.contig66_1	58	0.0049
oligo_HPY	PF08352.12	65	D3590.contig67_1	156	4.9e-08
ABC_tran	PF00005.27	137	D3590.contig67_1	156	2.9e-07
AAA_13	PF13166.6	713	D3590.contig67_1	156	0.016
SMC_N	PF02463.19	220	D3590.contig67_1	156	0.026
DHH	PF01368.20	101	D3590.contig67_2	685	2.7e-20
DHHA1	PF02272.19	138	D3590.contig67_2	685	5.6e-13
GGDEF	PF00990.21	161	D3590.contig67_2	685	0.0025
Ribosomal_L9_C	PF03948.14	86	D3590.contig67_3	151	2.1e-27
Ribosomal_L9_N	PF01281.19	47	D3590.contig67_3	151	3.6e-21
DnaB_C	PF03796.15	255	D3590.contig67_4	369	2.5e-60
DnaB	PF00772.21	103	D3590.contig67_4	369	7.4e-33
AAA_25	PF13481.6	194	D3590.contig67_4	369	1.3e-12
ATPase	PF06745.13	231	D3590.contig67_4	369	0.0022
Kelch_1	PF01344.25	46	D3590.contig68_2	191	6.2e-29
Kelch_1	PF01344.25	46	D3590.contig68_2	191	6.2e-29
Kelch_1	PF01344.25	46	D3590.contig68_2	191	6.2e-29
Kelch_6	PF13964.6	50	D3590.contig68_2	191	6.5e-23
Kelch_6	PF13964.6	50	D3590.contig68_2	191	6.5e-23
Kelch_6	PF13964.6	50	D3590.contig68_2	191	6.5e-23
Kelch_2	PF07646.15	49	D3590.contig68_2	191	3.2e-18
Kelch_2	PF07646.15	49	D3590.contig68_2	191	3.2e-18
Kelch_2	PF07646.15	49	D3590.contig68_2	191	3.2e-18
Kelch_4	PF13418.6	49	D3590.contig68_2	191	6.9e-16
Kelch_3	PF13415.6	49	D3590.contig68_2	191	1.5e-11
cNMP_binding	PF00027.29	89	D3590.contig68_5	186	7.1e-07
HTH_Crp_2	PF13545.6	68	D3590.contig68_5	186	0.02
Glyoxalase	PF00903.25	128	D3590.contig68_6	130	4.1e-11
Glyoxalase_2	PF12681.7	118	D3590.contig68_6	130	2.5e-07
Glyoxalase_6	PF18029.1	107	D3590.contig68_6	130	1.7e-05
CRISPR_Cas2	PF09827.9	76	D3590.contig68_8	248	0.044
Response_reg	PF00072.24	112	D3590.contig69_1	210	1.1e-25
GerE	PF00196.19	57	D3590.contig69_1	210	3.8e-18
Sigma70_r4_2	PF08281.12	54	D3590.contig69_1	210	6.4e-07
HTH_40	PF14493.6	89	D3590.contig69_1	210	2.5e-05
Sigma70_r4	PF04545.16	50	D3590.contig69_1	210	0.00073
PAS_9	PF13426.7	104	D3590.contig69_2	773	2.8e-21
PAS_9	PF13426.7	104	D3590.contig69_2	773	2.8e-21
HisKA_3	PF07730.13	68	D3590.contig69_2	773	8.4e-19
PAS_4	PF08448.10	110	D3590.contig69_2	773	3.6e-18
PAS_4	PF08448.10	110	D3590.contig69_2	773	3.6e-18
PAS	PF00989.25	113	D3590.contig69_2	773	6.4e-18
PAS	PF00989.25	113	D3590.contig69_2	773	6.4e-18
PAS_8	PF13188.7	67	D3590.contig69_2	773	1.2e-11
PAS_8	PF13188.7	67	D3590.contig69_2	773	1.2e-11
PAS_7	PF12860.7	115	D3590.contig69_2	773	3.2e-07
HATPase_c	PF02518.26	112	D3590.contig69_2	773	6.1e-07
PAS_3	PF08447.12	89	D3590.contig69_2	773	8.9e-06
PAS_10	PF13596.6	106	D3590.contig69_2	773	7.9e-05
Antimicrobial12	PF08107.11	42	D3590.contig69_2	773	0.0019
HisKA_3	PF07730.13	68	D3590.contig69_3	308	1.2e-17
HATPase_c	PF02518.26	112	D3590.contig69_3	308	7.9e-10
HATPase_c_2	PF13581.6	125	D3590.contig69_3	308	0.0001
SelA	PF03841.13	367	D3590.contig69_3	308	0.0033
IPPT	PF01715.17	228	D3590.contig69_3	308	0.0043
CopB	PF05275.11	208	D3590.contig70_1	291	1.4e-84
Autotransporter	PF03797.19	255	D3590.contig70_1	291	3.1e-06
KdgM	PF06178.13	222	D3590.contig70_1	291	0.027
Cu-oxidase_3	PF07732.15	119	D3590.contig70_2	677	5e-51
Cu-oxidase_3	PF07732.15	119	D3590.contig70_2	677	5e-51
Cu-oxidase	PF00394.22	159	D3590.contig70_2	677	1.2e-40
Cu-oxidase_2	PF07731.14	137	D3590.contig70_2	677	2e-33
Cu-oxidase_2	PF07731.14	137	D3590.contig70_2	677	2e-33
TAT_signal	PF10518.9	26	D3590.contig70_2	677	0.0015
Response_reg	PF00072.24	112	D3590.contig70_3	102	6.4e-25
FtsK_SpoIIIE	PF01580.18	243	D3590.contig71_1	1283	3.5e-31
FtsK_SpoIIIE	PF01580.18	243	D3590.contig71_1	1283	3.5e-31
DUF87	PF01935.17	227	D3590.contig71_1	1283	5.1e-05
AAA_10	PF12846.7	362	D3590.contig71_1	1283	0.00017
Bac_surface_Ag	PF01103.23	324	D3590.contig72_2	770	1.2e-74
POTRA	PF07244.15	80	D3590.contig72_2	770	2.1e-72
POTRA	PF07244.15	80	D3590.contig72_2	770	2.1e-72
POTRA	PF07244.15	80	D3590.contig72_2	770	2.1e-72
POTRA	PF07244.15	80	D3590.contig72_2	770	2.1e-72
POTRA	PF07244.15	80	D3590.contig72_2	770	2.1e-72
POTRA_2	PF08479.11	76	D3590.contig72_2	770	5.1e-07
OmpH	PF03938.14	138	D3590.contig72_3	176	1.6e-31
FapA	PF03961.13	454	D3590.contig72_3	176	0.00057
LpxD	PF04613.14	70	D3590.contig72_4	100	1.9e-16
Hexapep	PF00132.24	36	D3590.contig72_5	158	3.2e-19
Hexapep	PF00132.24	36	D3590.contig72_5	158	3.2e-19
Hexapep	PF00132.24	36	D3590.contig72_5	158	3.2e-19
Hexapep_2	PF14602.6	34	D3590.contig72_5	158	4.6e-10
tRNA-synt_1_2	PF13603.6	185	D3590.contig73_1	711	3.4e-52
tRNA-synt_1	PF00133.22	602	D3590.contig73_1	711	9.2e-23
tRNA-synt_1	PF00133.22	602	D3590.contig73_1	711	9.2e-23
Anticodon_1	PF08264.13	152	D3590.contig73_1	711	5e-09
LPG_synthase_TM	PF03706.13	301	D3590.contig73_1	711	2.3e-05
tRNA-synt_1g	PF09334.11	391	D3590.contig73_1	711	0.012
DUF3108	PF11306.8	225	D3590.contig73_2	265	1.5e-58
Bundlin	PF05307.11	60	D3590.contig73_3	127	0.00038
MatE	PF01554.18	161	D3590.contig73_3	127	0.0015
Frag1	PF10277.9	219	D3590.contig73_3	127	0.0045
DUF1851	PF08906.11	75	D3590.contig74_3	204	1.7e-09
Uds1	PF15456.6	130	D3590.contig75_3	68	0.052
Cu-oxidase_3	PF07732.15	119	D3590.contig75_4	460	3e-41
Cu-oxidase_3	PF07732.15	119	D3590.contig75_4	460	3e-41
Cu-oxidase_2	PF07731.14	137	D3590.contig75_4	460	1.3e-32
Cu-oxidase_2	PF07731.14	137	D3590.contig75_4	460	1.3e-32
Cu-oxidase	PF00394.22	159	D3590.contig75_4	460	1.8e-06
IstB_IS21	PF01695.17	178	D3590.contig75_5	153	9.2e-44
Bac_DnaA	PF00308.18	219	D3590.contig75_5	153	3e-07
PhoH	PF02562.16	205	D3590.contig75_5	153	0.0061
DUF4019	PF13211.6	104	D3590.contig76_1	160	3.3e-25
Glutaminase	PF04960.15	286	D3590.contig76_1	160	8e-11
SNARE_assoc	PF09335.11	120	D3590.contig76_2	201	2.6e-09
ASFV_L11L	PF05293.11	78	D3590.contig76_2	201	0.019
DNA_binding_1	PF01035.20	81	D3590.contig76_4	283	2.8e-28
HTH_18	PF12833.7	81	D3590.contig76_4	283	3.7e-15
HTH_AraC	PF00165.23	42	D3590.contig76_4	283	2.8e-11
Glutaminase	PF04960.15	286	D3590.contig76_5	170	1e-64
Inovirus_Gp2	PF11726.8	179	D3590.contig77_2	196	9.7e-08
HTH_17	PF12728.7	51	D3590.contig77_3	69	1.4e-07
Phage_AlpA	PF05930.12	51	D3590.contig77_3	69	3.4e-07
DUF1232	PF06803.12	37	D3590.contig77_5	101	2.2e-11
NAD_binding_1	PF00175.21	109	D3590.contig79_1	301	3.6e-10
NAD_binding_6	PF08030.12	156	D3590.contig79_1	301	6.2e-05
DUF4209	PF13910.6	89	D3590.contig79_3	565	1.4e-19
DUF4158	PF13700.6	166	D3590.contig80_1	466	1.4e-52
Phage_integrase	PF00589.22	172	D3590.contig80_2	400	5.8e-16
KfrA_N	PF11740.8	115	D3590.contig80_3	201	3.5e-20
LGT	PF01790.18	242	D3590.contig81_1	170	2e-53
Redoxin	PF08534.10	147	D3590.contig81_2	150	2.3e-18
AhpC-TSA	PF00578.21	124	D3590.contig81_2	150	6.7e-14
Thioredoxin_8	PF13905.6	95	D3590.contig81_2	150	8.3e-05
Thioredoxin_2	PF13098.6	109	D3590.contig81_2	150	0.00013
AhpC-TSA_2	PF13911.6	113	D3590.contig81_2	150	0.0006
Thioredoxin	PF00085.20	103	D3590.contig81_2	150	0.0019
SNARE_assoc	PF09335.11	120	D3590.contig81_3	238	1.6e-23
Thioredoxin_2	PF13098.6	109	D3590.contig81_4	299	2.8e-13
Thioredoxin_4	PF13462.6	166	D3590.contig81_4	299	8.6e-05
DSBA	PF01323.20	193	D3590.contig81_4	299	0.00055
EamA	PF00892.20	137	D3590.contig82_1	114	0.0014
TetR_C_6	PF13977.6	115	D3590.contig82_2	201	6.3e-23
TetR_N	PF00440.23	47	D3590.contig82_2	201	8.3e-10
TetR_C_24	PF17932.1	114	D3590.contig82_2	201	0.007
AstE_AspA	PF04952.14	291	D3590.contig82_3	332	5.5e-45
Peptidase_M14	PF00246.24	289	D3590.contig82_3	332	0.00066
rve	PF00665.26	119	D3590.contig82_4	261	4e-23
HTH_21	PF13276.6	60	D3590.contig82_4	261	1.4e-15
rve_3	PF13683.6	67	D3590.contig82_4	261	1.3e-11
rve_2	PF13333.6	52	D3590.contig82_4	261	8.6e-08
HTH_Tnp_1	PF01527.20	75	D3590.contig82_5	98	1.3e-11
HTH_Tnp_ISL3	PF13542.6	52	D3590.contig82_5	98	0.0003
HTH_23	PF13384.6	50	D3590.contig82_5	98	0.0033
Shugoshin_N	PF07558.11	45	D3590.contig82_5	98	0.0036
HATPase_c_3	PF13589.6	137	D3590.contig83_1	514	1.3e-20
HATPase_c	PF02518.26	112	D3590.contig83_1	514	4.5e-05
Helicase_C	PF00271.31	111	D3590.contig83_2	535	0.0014
ResIII	PF04851.15	171	D3590.contig83_2	535	0.003
TctA	PF01970.16	409	D3590.contig84_2	648	2.9e-109
rve	PF00665.26	119	D3590.contig85_2	360	2.6e-20
rve_3	PF13683.6	67	D3590.contig85_2	360	1.4e-12
HTH_32	PF13565.6	73	D3590.contig85_2	360	4.9e-11
DDE_Tnp_IS240	PF13610.6	140	D3590.contig85_2	360	3.9e-06
HTH_23	PF13384.6	50	D3590.contig85_2	360	7.7e-05
HTH_Tnp_1	PF01527.20	75	D3590.contig85_3	167	5.9e-16
HTH_Tnp_1	PF01527.20	75	D3590.contig85_3	167	5.9e-16
Cnn_1N	PF07989.11	73	D3590.contig85_3	167	0.0012
DDE_Tnp_1	PF01609.21	214	D3590.contig85_4	310	1.3e-32
DUF772	PF05598.11	73	D3590.contig85_4	310	3.6e-23
DDE_Tnp_1_3	PF13612.6	155	D3590.contig85_4	310	5.3e-10
DDE_Tnp_4	PF13359.6	158	D3590.contig85_4	310	0.0041
HTH_3	PF01381.22	55	D3590.contig86_1	61	1.8e-06
HTH_19	PF12844.7	65	D3590.contig86_1	61	0.0075
Sigma70_r4	PF04545.16	50	D3590.contig86_1	61	0.0093
HTH_31	PF13560.6	64	D3590.contig86_1	61	0.014
HTH_37	PF13744.6	80	D3590.contig86_1	61	0.02
DUF2846	PF11008.8	92	D3590.contig86_2	156	0.00061
DUF2057	PF09829.9	193	D3590.contig86_2	156	0.031
Replic_Relax	PF13814.6	192	D3590.contig86_4	318	0.0019
Peptidase_U49	PF10463.9	206	D3590.contig87_1	452	0.0023
Peptidase_M78	PF06114.13	123	D3590.contig87_1	452	0.016
Peptidase_C1	PF00112.23	218	D3590.contig87_2	370	6.8e-06
Peptidase_C39_2	PF13529.6	144	D3590.contig87_2	370	0.002
