target	acc	tlen	query	qlen	evalue
DNA_pol3_delta2	PF13177.6	163	D3961.contig1_1	764	2.6e-48
DNA_pol3_gamma3	PF12169.8	143	D3961.contig1_1	764	2e-14
AAA	PF00004.29	132	D3961.contig1_1	764	8.9e-13
RuvB_N	PF05496.12	159	D3961.contig1_1	764	1.7e-07
AAA_5	PF07728.14	138	D3961.contig1_1	764	1.1e-05
AAA_30	PF13604.6	192	D3961.contig1_1	764	2.1e-05
AAA_22	PF13401.6	137	D3961.contig1_1	764	8.8e-05
YbaB_DNA_bd	PF02575.16	91	D3961.contig1_2	110	8.9e-34
DUF1512	PF07431.12	356	D3961.contig1_2	110	0.0049
Toprim_4	PF13662.6	89	D3961.contig1_3	199	2.9e-29
RecR	PF02132.15	40	D3961.contig1_3	199	1e-14
Toprim	PF01751.22	103	D3961.contig1_3	199	1.6e-10
Toprim_2	PF13155.6	90	D3961.contig1_3	199	0.00077
HHH	PF00633.23	30	D3961.contig1_3	199	0.0041
UvrD_C	PF13361.6	349	D3961.contig1_5	862	7.7e-103
UvrD-helicase	PF00580.21	315	D3961.contig1_5	862	3e-54
RNase_T	PF00929.24	165	D3961.contig1_5	862	3e-27
AAA_19	PF13245.6	146	D3961.contig1_5	862	1.9e-26
UvrD_C_2	PF13538.6	52	D3961.contig1_5	862	1.8e-11
AAA_30	PF13604.6	192	D3961.contig1_5	862	9.5e-07
PseudoU_synth_2	PF00849.22	160	D3961.contig1_6	336	6.3e-24
Cation_efflux	PF01545.21	199	D3961.contig1_7	375	1.6e-40
ZT_dimer	PF16916.5	79	D3961.contig1_7	375	2.1e-10
DUF600	PF04634.12	146	D3961.contig1_8	189	8.1e-07
Imm26	PF15428.6	102	D3961.contig1_8	189	0.018
AA_permease	PF00324.21	479	D3961.contig1_9	482	1.8e-108
AA_permease_2	PF13520.6	425	D3961.contig1_9	482	2.3e-40
Pyridox_ox_2	PF12900.7	141	D3961.contig1_10	171	2.5e-15
Putative_PNPOx	PF01243.20	88	D3961.contig1_10	171	0.00088
DUF4367	PF14285.6	110	D3961.contig1_11	442	0.0052
Xan_ur_permease	PF00860.20	389	D3961.contig1_12	456	1.8e-41
Rrf2	PF02082.20	83	D3961.contig1_13	140	1.8e-26
MarR_2	PF12802.7	62	D3961.contig1_13	140	4.2e-05
Rio2_N	PF09202.11	82	D3961.contig1_13	140	0.00048
MFS_1	PF07690.16	353	D3961.contig1_14	411	2.4e-44
MFS_1	PF07690.16	353	D3961.contig1_14	411	2.4e-44
MFS_2	PF13347.6	427	D3961.contig1_14	411	7.8e-10
Sugar_tr	PF00083.24	452	D3961.contig1_14	411	4e-07
MFS_3	PF05977.13	522	D3961.contig1_14	411	7.6e-07
MFS_1_like	PF12832.7	385	D3961.contig1_14	411	3.6e-05
DHquinase_I	PF01487.15	229	D3961.contig1_15	265	1.7e-63
ParE_toxin	PF05016.15	90	D3961.contig1_16	101	5.6e-08
RelB	PF04221.12	83	D3961.contig1_17	203	7.6e-21
RelB	PF04221.12	83	D3961.contig1_17	203	7.6e-21
SKI	PF01202.22	158	D3961.contig1_18	431	2.4e-28
Shikimate_dh_N	PF08501.11	83	D3961.contig1_18	431	2e-15
AAA_18	PF13238.6	130	D3961.contig1_18	431	2.8e-06
AAA	PF00004.29	132	D3961.contig1_18	431	0.00018
IstB_IS21	PF01695.17	178	D3961.contig1_18	431	0.00058
RuvB_N	PF05496.12	159	D3961.contig1_18	431	0.002
AAA_16	PF13191.6	170	D3961.contig1_18	431	0.0027
AAA_33	PF13671.6	143	D3961.contig1_18	431	0.0048
PDT	PF00800.18	183	D3961.contig1_19	380	9.1e-52
CM_2	PF01817.21	75	D3961.contig1_19	380	7.7e-18
Chorismate_synt	PF01264.21	327	D3961.contig1_20	365	4.9e-117
EPSP_synthase	PF00275.20	417	D3961.contig1_21	423	1.2e-78
DHQ_synthase	PF01761.20	262	D3961.contig1_22	351	1.4e-90
Fe-ADH_2	PF13685.6	250	D3961.contig1_22	351	4.9e-15
Fe-ADH	PF00465.19	364	D3961.contig1_22	351	5.9e-12
DAHP_synth_1	PF00793.20	275	D3961.contig1_23	338	3.3e-73
DAHP_snth_FXD	PF18152.1	67	D3961.contig1_23	338	9.5e-20
NeuB	PF03102.14	241	D3961.contig1_23	338	3.4e-08
Acetyltransf_10	PF13673.7	127	D3961.contig1_25	139	1.3e-21
Acetyltransf_1	PF00583.25	117	D3961.contig1_25	139	2.6e-12
Acetyltransf_7	PF13508.7	76	D3961.contig1_25	139	7.4e-12
Acetyltransf_9	PF13527.7	128	D3961.contig1_25	139	4.5e-05
T2SSK	PF03934.13	280	D3961.contig1_26	153	0.0002
Ribonuc_red_sm	PF00268.21	279	D3961.contig1_27	343	9e-82
Ribonuc_red_lgC	PF02867.15	524	D3961.contig1_28	761	1.8e-139
Ribonuc_red_lgN	PF00317.21	83	D3961.contig1_28	761	7.8e-23
ATP-cone	PF03477.16	86	D3961.contig1_28	761	2.8e-21
Flavodoxin_3	PF12641.7	161	D3961.contig1_29	173	2.4e-53
Flavodoxin_5	PF12724.7	144	D3961.contig1_29	173	1.8e-09
Flavodoxin_1	PF00258.25	143	D3961.contig1_29	173	5.8e-05
Fe-ADH	PF00465.19	364	D3961.contig1_31	391	1.4e-102
Fe-ADH_2	PF13685.6	250	D3961.contig1_31	391	1.1e-14
SDF	PF00375.18	390	D3961.contig1_34	441	2e-87
NUDIX	PF00293.28	131	D3961.contig1_35	208	1.4e-13
DBI_PRT	PF02277.17	329	D3961.contig1_36	346	2e-78
DUF389	PF04087.14	142	D3961.contig1_37	438	5.2e-41
DXP_synthase_N	PF13292.6	273	D3961.contig1_38	585	2.6e-72
DXP_synthase_N	PF13292.6	273	D3961.contig1_38	585	2.6e-72
Transket_pyr	PF02779.24	178	D3961.contig1_38	585	1.1e-17
Transketolase_C	PF02780.20	124	D3961.contig1_38	585	1.7e-12
Transketolase_N	PF00456.21	334	D3961.contig1_38	585	2.1e-07
TPP_enzyme_C	PF02775.21	153	D3961.contig1_38	585	0.00078
E1_dh	PF00676.20	300	D3961.contig1_38	585	0.0019
DUF2229	PF09989.9	213	D3961.contig1_39	1419	5.3e-81
BcrAD_BadFG	PF01869.20	267	D3961.contig1_39	1419	5.1e-59
BcrAD_BadFG	PF01869.20	267	D3961.contig1_39	1419	5.1e-59
HGD-D	PF06050.13	323	D3961.contig1_39	1419	6e-48
MFS_1	PF07690.16	353	D3961.contig1_40	398	4e-43
Sugar_tr	PF00083.24	452	D3961.contig1_40	398	3.8e-14
TRI12	PF06609.13	599	D3961.contig1_40	398	0.0011
MFS_4	PF06779.14	363	D3961.contig1_40	398	0.0062
Lactate_perm	PF02652.14	522	D3961.contig1_41	546	2.1e-104
Ldh_2	PF02615.14	333	D3961.contig1_42	380	1.8e-117
Molybdopterin	PF00384.22	432	D3961.contig1_43	679	2e-55
Molydop_binding	PF01568.21	111	D3961.contig1_43	679	3.7e-15
Molybdop_Fe4S4	PF04879.16	55	D3961.contig1_43	679	7.4e-13
Branch_AA_trans	PF05525.13	429	D3961.contig1_44	445	3.1e-139
DUF1653	PF07866.11	62	D3961.contig1_45	80	2.8e-27
Hydrolase_3	PF08282.12	255	D3961.contig1_46	259	1.5e-35
S6PP	PF05116.13	247	D3961.contig1_46	259	4.6e-09
Pro_isomerase	PF00160.21	158	D3961.contig1_47	213	9.5e-55
GIY-YIG	PF01541.24	78	D3961.contig1_48	99	1.3e-13
T5orf172	PF10544.9	103	D3961.contig1_48	99	0.029
DUF1934	PF09148.10	128	D3961.contig1_49	153	5.2e-33
DALR_1	PF05746.15	119	D3961.contig1_50	578	9.2e-35
Arg_tRNA_synt_N	PF03485.16	85	D3961.contig1_50	578	7.4e-23
tRNA-synt_1d	PF00750.19	349	D3961.contig1_50	578	7.1e-21
tRNA-synt_1d	PF00750.19	349	D3961.contig1_50	578	7.1e-21
CTP_synth_N	PF06418.14	265	D3961.contig1_51	537	2.2e-132
GATase	PF00117.28	190	D3961.contig1_51	537	5.7e-54
Peptidase_C26	PF07722.13	216	D3961.contig1_51	537	5.2e-06
CbiA	PF01656.23	128	D3961.contig1_51	537	0.017
Ribosomal_L11	PF00298.19	70	D3961.contig1_52	71	0.053
AhpC-TSA	PF00578.21	124	D3961.contig1_53	188	7.9e-34
Redoxin	PF08534.10	147	D3961.contig1_53	188	1e-14
1-cysPrx_C	PF10417.9	40	D3961.contig1_53	188	6.3e-07
SCO1-SenC	PF02630.14	134	D3961.contig1_53	188	0.00036
Rrf2	PF02082.20	83	D3961.contig1_55	150	3.1e-25
HrcA_DNA-bdg	PF03444.15	79	D3961.contig1_55	150	0.0015
PALP	PF00291.25	294	D3961.contig1_56	312	3.2e-67
Peptidase_S9	PF00326.21	212	D3961.contig1_57	573	0.0017
ATP-synt_DE_N	PF02823.16	80	D3961.contig2_2	136	4.1e-25
ATP-synt_DE	PF00401.20	47	D3961.contig2_2	136	1.9e-16
ATP-synt_ab	PF00006.25	213	D3961.contig2_3	475	3.6e-66
ATP-synt_ab_N	PF02874.23	69	D3961.contig2_3	475	7.2e-23
ATPase_2	PF01637.18	233	D3961.contig2_3	475	0.0065
ATP-synt	PF00231.19	279	D3961.contig2_4	285	3.9e-92
Pacs-1	PF10254.9	414	D3961.contig2_4	285	0.032
ATP-synt_ab	PF00006.25	213	D3961.contig2_5	513	5.4e-73
ATP-synt_ab_C	PF00306.27	126	D3961.contig2_5	513	1.4e-50
ATP-synt_ab_N	PF02874.23	69	D3961.contig2_5	513	3.6e-16
ATPase	PF06745.13	231	D3961.contig2_5	513	4.1e-05
Arginosuc_synth	PF00764.19	388	D3961.contig2_5	513	0.012
OSCP	PF00213.18	172	D3961.contig2_6	186	6.4e-45
ATP-synt_B	PF00430.18	132	D3961.contig2_7	166	4.3e-30
DUF3552	PF12072.8	201	D3961.contig2_7	166	7.6e-05
ATP-synt_C	PF00137.21	60	D3961.contig2_8	76	2.9e-14
ATP-synt_A	PF00119.20	211	D3961.contig2_9	225	4.4e-51
ATPase_gene1	PF09527.10	54	D3961.contig2_11	76	3e-13
Epimerase_2	PF02350.19	347	D3961.contig2_12	381	4.5e-122
LpxB	PF02684.15	374	D3961.contig2_12	381	0.0058
Glyco_trans_4_2	PF13477.6	139	D3961.contig2_12	381	0.0079
Glycos_transf_4	PF00953.21	160	D3961.contig2_13	385	4.8e-44
DUF711	PF05167.12	406	D3961.contig2_14	453	6.8e-178
ACT_6	PF13740.6	76	D3961.contig2_15	92	1.7e-13
ACT	PF01842.25	67	D3961.contig2_15	92	7.1e-10
ACT_4	PF13291.6	80	D3961.contig2_15	92	3.7e-06
ACT_7	PF13840.6	65	D3961.contig2_15	92	0.00015
PGM_PMM_I	PF02878.16	138	D3961.contig2_16	549	8.5e-30
PGM_PMM_III	PF02880.16	114	D3961.contig2_16	549	6.6e-26
PGM_PMM_II	PF02879.16	103	D3961.contig2_16	549	3.9e-14
PGM_PMM_IV	PF00408.20	74	D3961.contig2_16	549	1.5e-06
YitT_membrane	PF02588.15	207	D3961.contig2_17	307	1.9e-56
DUF2179	PF10035.9	55	D3961.contig2_17	307	8.8e-20
GHMP_kinases_N	PF00288.26	66	D3961.contig2_18	299	7.3e-09
GHMP_kinases_C	PF08544.13	85	D3961.contig2_18	299	0.028
FCD	PF07729.12	125	D3961.contig2_19	233	1e-28
GntR	PF00392.21	64	D3961.contig2_19	233	1e-17
HTH_24	PF13412.6	48	D3961.contig2_19	233	0.00017
HTH_11	PF08279.12	55	D3961.contig2_19	233	0.00037
Fe_dep_repress	PF01325.19	60	D3961.contig2_19	233	0.002
Na_Ala_symp	PF01235.17	393	D3961.contig2_20	487	9.9e-147
ELFV_dehydrog	PF00208.21	243	D3961.contig2_21	419	8.6e-66
ELFV_dehydrog_N	PF02812.18	130	D3961.contig2_21	419	4.3e-54
2-Hacid_dh_C	PF02826.19	178	D3961.contig2_21	419	0.0034
NAD_binding_7	PF13241.6	104	D3961.contig2_21	419	0.013
QueT	PF06177.11	139	D3961.contig2_22	164	3.7e-27
QueC	PF06508.13	210	D3961.contig2_23	230	1.8e-60
NAD_synthase	PF02540.17	242	D3961.contig2_23	230	2.2e-08
Asn_synthase	PF00733.21	355	D3961.contig2_23	230	2.5e-05
Arginosuc_synth	PF00764.19	388	D3961.contig2_23	230	0.001
ThiI	PF02568.14	197	D3961.contig2_23	230	0.0063
Exo_endo_phos	PF03372.23	233	D3961.contig2_24	252	3.2e-20
Exo_endo_phos_2	PF14529.6	119	D3961.contig2_24	252	4.2e-06
DUF5379	PF17350.2	90	D3961.contig2_25	79	0.046
Rhodanese	PF00581.20	107	D3961.contig2_26	272	1.2e-31
Rhodanese	PF00581.20	107	D3961.contig2_26	272	1.2e-31
DNA_methylase	PF00145.17	335	D3961.contig2_27	431	6e-62
FlbD	PF06289.11	59	D3961.contig2_28	248	0.0029
MutH	PF02976.15	103	D3961.contig2_29	462	5.8e-36
MutH	PF02976.15	103	D3961.contig2_29	462	5.8e-36
DUF3829	PF12889.7	280	D3961.contig2_30	311	1.4e-43
Apolipoprotein	PF01442.18	190	D3961.contig2_30	311	0.00012
SBP_bac_5	PF00496.22	377	D3961.contig2_31	519	6.4e-76
Y1_Tnp	PF01797.16	121	D3961.contig2_32	96	1.2e-21
SBP_bac_5	PF00496.22	377	D3961.contig2_33	521	5.4e-80
ABC_tran	PF00005.27	137	D3961.contig2_34	285	4.3e-35
SMC_N	PF02463.19	220	D3961.contig2_34	285	4.1e-06
AAA_22	PF13401.6	137	D3961.contig2_34	285	6.8e-06
AAA	PF00004.29	132	D3961.contig2_34	285	7.3e-06
AAA_16	PF13191.6	170	D3961.contig2_34	285	1.6e-05
Mg_chelatase	PF01078.21	207	D3961.contig2_34	285	0.0015
ABC_tran	PF00005.27	137	D3961.contig2_35	266	6e-29
AAA_21	PF13304.6	303	D3961.contig2_35	266	3.8e-08
SMC_N	PF02463.19	220	D3961.contig2_35	266	5e-07
AAA_22	PF13401.6	137	D3961.contig2_35	266	0.00013
AAA_29	PF13555.6	61	D3961.contig2_35	266	0.00022
AAA_23	PF13476.6	200	D3961.contig2_35	266	0.0014
AAA_16	PF13191.6	170	D3961.contig2_35	266	0.002
SBP_bac_5	PF00496.22	377	D3961.contig2_36	522	7.8e-81
BPD_transp_1	PF00528.22	185	D3961.contig2_37	274	6.3e-34
OppC_N	PF12911.7	51	D3961.contig2_37	274	0.00045
BPD_transp_1	PF00528.22	185	D3961.contig2_38	313	2.1e-44
AA_permease_2	PF13520.6	425	D3961.contig2_39	444	6.6e-52
AA_permease	PF00324.21	479	D3961.contig2_39	444	2.9e-22
Lyase_1	PF00206.20	312	D3961.contig2_40	476	1.7e-73
ASL_C2	PF14698.6	69	D3961.contig2_40	476	1.9e-26
Arginosuc_synth	PF00764.19	388	D3961.contig2_41	404	1.6e-164
QueC	PF06508.13	210	D3961.contig2_41	404	0.0036
Transgly	PF00912.22	178	D3961.contig2_42	267	7.7e-65
rve	PF00665.26	119	D3961.contig2_43	310	7.3e-19
rve_3	PF13683.6	67	D3961.contig2_43	310	9.7e-07
HTH_28	PF13518.6	52	D3961.contig2_43	310	5.5e-06
HTH_23	PF13384.6	50	D3961.contig2_43	310	9.6e-06
HTH_29	PF13551.6	63	D3961.contig2_43	310	0.00016
Phage_NinH	PF06322.11	60	D3961.contig2_43	310	0.00088
Trns_repr_metal	PF02583.17	77	D3961.contig2_44	93	9.2e-25
PTS-HPr	PF00381.19	82	D3961.contig2_45	87	3.4e-28
PEP-utilizers_C	PF02896.18	294	D3961.contig2_46	576	7.7e-119
PEP-utilisers_N	PF05524.13	116	D3961.contig2_46	576	4.5e-33
PEP-utilizers	PF00391.23	73	D3961.contig2_46	576	1.7e-20
DAP_epimerase	PF01678.19	121	D3961.contig2_47	278	2.7e-62
DAP_epimerase	PF01678.19	121	D3961.contig2_47	278	2.7e-62
Pro_racemase	PF05544.11	325	D3961.contig2_47	278	2.5e-06
Na_H_antiporter	PF03553.14	303	D3961.contig2_48	465	1.9e-21
PfkB	PF00294.24	302	D3961.contig2_49	303	3.4e-49
Phos_pyr_kin	PF08543.12	246	D3961.contig2_49	303	1.4e-07
PTS_EIIA_2	PF00359.22	144	D3961.contig2_50	660	6.3e-34
PTS_IIB	PF02302.17	90	D3961.contig2_50	660	1.3e-16
PTS_EIIC	PF02378.18	324	D3961.contig2_50	660	1.8e-16
DNA_methylase	PF00145.17	335	D3961.contig3_1	274	8.5e-07
RusA	PF05866.11	124	D3961.contig3_4	134	2.4e-07
dUTPase	PF00692.19	129	D3961.contig3_5	160	1.1e-26
DUF4077	PF13295.6	176	D3961.contig3_6	122	0.034
HTH_Tnp_1_2	PF13022.6	123	D3961.contig3_9	130	0.00029
HTH_23	PF13384.6	50	D3961.contig3_9	130	0.00035
GP3_package	PF16677.5	113	D3961.contig3_9	130	0.0059
GerE	PF00196.19	57	D3961.contig3_9	130	0.0071
HTH_Tnp_1	PF01527.20	75	D3961.contig3_9	130	0.024
Terminase_6	PF03237.15	215	D3961.contig3_10	454	9.3e-09
Terminase_3	PF04466.13	201	D3961.contig3_10	454	1.1e-07
P22_portal	PF16510.5	668	D3961.contig3_12	659	5.1e-06
DUF4043	PF13252.6	353	D3961.contig3_14	328	6.9e-36
DUF4043	PF13252.6	353	D3961.contig3_14	328	6.9e-36
Branch	PF02485.21	247	D3961.contig3_18	435	0.012
Hint_2	PF13403.6	143	D3961.contig3_20	510	3.9e-10
Intein_splicing	PF14890.6	134	D3961.contig3_20	510	0.0081
Phage_lysozyme	PF00959.19	109	D3961.contig3_21	516	0.0014
LPD38	PF18857.1	188	D3961.contig3_22	1762	2.1e-45
Phage_lysozyme2	PF18013.1	143	D3961.contig3_22	1762	1.9e-21
Phage_holin_4_1	PF05105.12	114	D3961.contig3_23	178	3.5e-05
Glyco_hydro_25	PF01183.20	178	D3961.contig3_24	199	5.3e-27
Myelin_PLP	PF01275.19	236	D3961.contig3_25	191	0.093
Phage_integrase	PF00589.22	172	D3961.contig3_27	351	6.6e-17
Arm-DNA-bind_4	PF14657.6	46	D3961.contig3_27	351	3.7e-07
Phage_int_SAM_3	PF14659.6	58	D3961.contig3_27	351	4.7e-06
Phage_int_SAM_1	PF02899.17	84	D3961.contig3_27	351	4e-05
DUF4131	PF13567.6	167	D3961.contig3_28	71	0.02
Peptidase_M78	PF06114.13	123	D3961.contig3_29	117	1.9e-13
HTH_3	PF01381.22	55	D3961.contig3_30	115	6e-10
HTH_26	PF13443.6	63	D3961.contig3_30	115	5.4e-08
HTH_19	PF12844.7	65	D3961.contig3_30	115	1.1e-05
Phage_CI_repr	PF07022.13	65	D3961.contig3_30	115	0.00036
HTH_23	PF13384.6	50	D3961.contig3_30	115	0.0011
HTH_31	PF13560.6	64	D3961.contig3_30	115	0.0017
HTH_35	PF13693.6	75	D3961.contig3_30	115	0.0026
HTH_26	PF13443.6	63	D3961.contig3_31	70	1.6e-12
HTH_3	PF01381.22	55	D3961.contig3_31	70	2.2e-12
HTH_19	PF12844.7	65	D3961.contig3_31	70	0.00047
Phage_CII	PF05269.11	91	D3961.contig3_31	70	0.00066
HTH_31	PF13560.6	64	D3961.contig3_31	70	0.00072
HTH_17	PF12728.7	51	D3961.contig3_32	97	5.8e-08
HALZ	PF02183.18	43	D3961.contig3_32	97	0.00085
HTH_22	PF13309.6	63	D3961.contig3_32	97	0.0023
HTH_23	PF13384.6	50	D3961.contig3_32	97	0.0032
Sipho_Gp157	PF05565.11	163	D3961.contig3_35	163	2.7e-42
Filament	PF00038.21	312	D3961.contig3_35	163	0.0036
Rad52_Rad22	PF04098.15	153	D3961.contig3_36	267	0.0011
NinB	PF05772.12	131	D3961.contig3_37	185	0.0072
HNH	PF01844.23	47	D3961.contig3_38	91	2.4e-09
HNH_5	PF14279.6	56	D3961.contig3_38	91	0.00033
HNHc_6	PF16784.5	200	D3961.contig3_38	91	0.0054
Transpos_assoc	PF13963.6	74	D3961.contig3_38	91	0.0073
Phg_2220_C	PF09524.10	74	D3961.contig3_39	288	3.6e-29
Terminase_3C	PF17288.2	155	D3961.contig3_39	288	0.027
Inhibitor_G39P	PF11417.8	70	D3961.contig3_40	212	0.00094
HTH_3	PF01381.22	55	D3961.contig3_41	84	0.0016
HTH_31	PF13560.6	64	D3961.contig3_41	84	0.018
SSB	PF00436.25	104	D3961.contig3_42	129	1e-31
tRNA_anti-codon	PF01336.25	76	D3961.contig3_42	129	0.015
Methyltransf_11	PF08241.12	96	D3961.contig3_46	155	8.8e-06
N6_N4_Mtase	PF01555.18	231	D3961.contig3_46	155	0.027
ThrE	PF06738.12	241	D3961.contig4_1	370	4.6e-39
ThrE	PF06738.12	241	D3961.contig4_1	370	4.6e-39
ThrE_2	PF12821.7	129	D3961.contig4_1	370	2.3e-26
ThrE_2	PF12821.7	129	D3961.contig4_1	370	2.3e-26
Peptidase_M41	PF01434.18	191	D3961.contig4_2	637	1.2e-71
AAA	PF00004.29	132	D3961.contig4_2	637	5.1e-45
AAA_lid_3	PF17862.1	45	D3961.contig4_2	637	7.7e-15
FtsH_ext	PF06480.15	109	D3961.contig4_2	637	7.1e-11
TIP49	PF06068.13	351	D3961.contig4_2	637	2.1e-05
AAA_5	PF07728.14	138	D3961.contig4_2	637	0.00018
RuvB_N	PF05496.12	159	D3961.contig4_2	637	0.00022
Pribosyltran	PF00156.27	159	D3961.contig4_3	181	2.9e-31
THF_DHG_CYH_C	PF02882.19	160	D3961.contig4_3	181	0.0055
UPRTase	PF14681.6	207	D3961.contig4_3	181	0.013
ATP_bind_3	PF01171.20	182	D3961.contig4_4	339	2e-51
ThiI	PF02568.14	197	D3961.contig4_4	339	0.012
Ppx-GppA	PF02541.16	285	D3961.contig4_5	301	5.8e-35
FtsA	PF14450.6	103	D3961.contig4_5	301	0.0066
S1	PF00575.23	75	D3961.contig4_6	134	9e-18
S1_2	PF13509.6	61	D3961.contig4_6	134	0.015
FH2	PF02181.23	372	D3961.contig4_6	134	0.043
DivIC	PF04977.15	80	D3961.contig4_7	109	1.5e-17
FtsL	PF04999.13	97	D3961.contig4_7	109	5.1e-07
RskA	PF10099.9	180	D3961.contig4_7	109	0.0023
MHC2-interact	PF09307.10	109	D3961.contig4_7	109	0.0049
HemX	PF04375.14	338	D3961.contig4_7	109	0.0095
Ldh_1_C	PF02866.18	167	D3961.contig4_8	316	7.9e-26
Ldh_1_N	PF00056.23	141	D3961.contig4_8	316	2e-23
UDPG_MGDP_dh_N	PF03721.14	187	D3961.contig4_8	316	0.0024
F420_oxidored	PF03807.17	97	D3961.contig4_8	316	0.0041
2-Hacid_dh_C	PF02826.19	178	D3961.contig4_8	316	0.011
ABC2_membrane_3	PF12698.7	345	D3961.contig4_9	270	0.054
HPPK	PF01288.20	112	D3961.contig4_10	157	9.5e-32
FolB	PF02152.18	111	D3961.contig4_11	121	7.5e-28
Pterin_bind	PF00809.22	244	D3961.contig4_12	278	9.4e-78
GTP_cyclohydroI	PF01227.22	179	D3961.contig4_13	188	2e-54
Pyr_redox	PF00070.27	81	D3961.contig4_13	188	0.018
ABC_tran	PF00005.27	137	D3961.contig4_14	519	5.5e-49
ABC_tran	PF00005.27	137	D3961.contig4_14	519	5.5e-49
ABC_tran_Xtn	PF12848.7	85	D3961.contig4_14	519	3.2e-22
AAA_21	PF13304.6	303	D3961.contig4_14	519	3.4e-18
SMC_N	PF02463.19	220	D3961.contig4_14	519	7e-11
NACHT	PF05729.12	166	D3961.contig4_14	519	1.8e-05
M20_dimer	PF07687.14	109	D3961.contig4_15	383	2.2e-06
Peptidase_M20	PF01546.28	207	D3961.contig4_15	383	6.9e-06
Peptidase_S66C	PF17676.1	124	D3961.contig4_16	317	3.4e-31
Peptidase_S66	PF02016.15	121	D3961.contig4_16	317	2.4e-29
SBP_bac_5	PF00496.22	377	D3961.contig4_17	534	2.4e-94
Beta-lactamase2	PF13354.6	202	D3961.contig4_18	272	1.5e-52
Peptidase_S11	PF00768.20	241	D3961.contig4_18	272	1.1e-06
Peptidase_S13	PF02113.15	444	D3961.contig4_18	272	0.00013
ABC_tran	PF00005.27	137	D3961.contig4_19	316	5.4e-28
oligo_HPY	PF08352.12	65	D3961.contig4_19	316	1.9e-12
AAA_21	PF13304.6	303	D3961.contig4_19	316	1e-05
SMC_N	PF02463.19	220	D3961.contig4_19	316	0.0031
ABC_tran	PF00005.27	137	D3961.contig4_20	328	5.6e-28
oligo_HPY	PF08352.12	65	D3961.contig4_20	328	1.5e-17
SMC_N	PF02463.19	220	D3961.contig4_20	328	4.9e-05
AAA_21	PF13304.6	303	D3961.contig4_20	328	0.00053
AAA_7	PF12775.7	181	D3961.contig4_20	328	0.0064
BPD_transp_1	PF00528.22	185	D3961.contig4_21	300	2e-28
OppC_N	PF12911.7	51	D3961.contig4_21	300	2.5e-13
BPD_transp_1	PF00528.22	185	D3961.contig4_22	310	4.9e-37
Phos_pyr_kin	PF08543.12	246	D3961.contig4_23	279	2.7e-22
PfkB	PF00294.24	302	D3961.contig4_23	279	2.8e-12
DUF805	PF05656.14	105	D3961.contig4_24	195	8.7e-16
ABC_tran	PF00005.27	137	D3961.contig4_26	1180	1.1e-52
ABC_tran	PF00005.27	137	D3961.contig4_26	1180	1.1e-52
ABC_membrane	PF00664.23	274	D3961.contig4_26	1180	7e-29
Cyt_bd_oxida_II	PF02322.15	303	D3961.contig4_27	340	3.3e-108
Cyt_bd_oxida_I	PF01654.17	418	D3961.contig4_28	463	1.3e-164
Rrf2	PF02082.20	83	D3961.contig4_29	151	2.5e-22
PHO4	PF01384.20	337	D3961.contig4_30	333	7.5e-88
PhoU_div	PF01865.16	214	D3961.contig4_31	178	5e-23
Terminase_1	PF03354.15	468	D3961.contig5_1	134	4.2e-14
Dynein_attach_N	PF15867.5	69	D3961.contig5_1	134	0.0022
Terminase_1	PF03354.15	468	D3961.contig5_2	396	1e-38
Orthopox_A49R	PF06489.11	162	D3961.contig5_2	396	0.039
DUF1056	PF06341.11	63	D3961.contig5_3	60	1e-11
Phage_portal	PF04860.12	314	D3961.contig5_4	384	3.9e-38
CLP_protease	PF00574.23	182	D3961.contig5_5	223	7.4e-32
Peptidase_S49	PF01343.18	154	D3961.contig5_5	223	0.00027
SDH_sah	PF01972.16	286	D3961.contig5_5	223	0.0025
Phage_capsid	PF05065.13	280	D3961.contig5_6	397	5.7e-35
Phage_connect_1	PF05135.13	99	D3961.contig5_7	105	4.2e-09
Phage_H_T_join	PF05521.11	96	D3961.contig5_8	117	2e-10
HK97-gp10_like	PF04883.12	81	D3961.contig5_9	141	2.6e-06
DUF806	PF05657.11	121	D3961.contig5_10	124	4.4e-27
Phage_TTP_1	PF04630.12	199	D3961.contig5_11	205	1.6e-79
Phage_TAC_3	PF06896.11	115	D3961.contig5_12	118	2.5e-14
SLT	PF01464.20	117	D3961.contig5_13	1669	4.4e-11
CHAP	PF05257.16	83	D3961.contig5_13	1669	5.1e-07
Sipho_tail	PF05709.11	255	D3961.contig5_14	524	4.8e-35
Prophage_tail	PF06605.11	316	D3961.contig5_15	1259	3.8e-20
Collagen	PF01391.18	60	D3961.contig5_15	1259	8.5e-15
Collagen	PF01391.18	60	D3961.contig5_15	1259	8.5e-15
DUF859	PF05895.12	626	D3961.contig5_16	668	4.5e-174
GTP_EFTU_D3	PF03143.17	112	D3961.contig6_1	52	5.4e-16
Ribosomal_L33	PF00471.20	47	D3961.contig6_2	50	4.1e-23
SecE	PF00584.20	55	D3961.contig6_3	74	5.8e-24
Ferlin_C	PF16165.5	154	D3961.contig6_3	74	0.0062
NusG	PF02357.19	95	D3961.contig6_4	179	4.9e-29
KOW	PF00467.29	32	D3961.contig6_4	179	4.3e-07
Ribosomal_L11_N	PF03946.14	65	D3961.contig6_5	142	7.2e-29
Ribosomal_L11	PF00298.19	70	D3961.contig6_5	142	1.2e-26
Ribosomal_L1	PF00687.21	204	D3961.contig6_6	237	1.9e-59
Ribosomal_L10	PF00466.20	100	D3961.contig6_7	169	3.3e-26
Ribosomal_L12	PF00542.19	67	D3961.contig6_8	123	1.8e-30
Ribosomal_L12_N	PF16320.5	48	D3961.contig6_8	123	8.1e-19
PMT_2	PF13231.6	159	D3961.contig6_9	549	2.2e-14
PMT	PF02366.18	245	D3961.contig6_9	549	6.6e-13
Lyase_1	PF00206.20	312	D3961.contig6_10	472	5.7e-95
FumaraseC_C	PF10415.9	54	D3961.contig6_10	472	7.5e-21
RNA_pol_Rpb2_6	PF00562.28	390	D3961.contig6_11	1383	8.2e-160
RNA_pol_Rpb2_2	PF04561.14	190	D3961.contig6_11	1383	4e-35
RNA_pol_Rpb2_2	PF04561.14	190	D3961.contig6_11	1383	4e-35
RNA_pol_Rpb2_3	PF04565.16	68	D3961.contig6_11	1383	4.9e-31
RNA_pol_Rpb2_1	PF04563.15	203	D3961.contig6_11	1383	1.3e-28
RNA_pol_Rpb2_45	PF10385.9	65	D3961.contig6_11	1383	4.8e-28
RNA_pol_Rpb2_7	PF04560.20	87	D3961.contig6_11	1383	6.8e-27
RNA_pol_Rpb1_1	PF04997.12	312	D3961.contig6_12	1402	3.2e-89
RNA_pol_Rpb1_5	PF04998.17	267	D3961.contig6_12	1402	9.3e-61
RNA_pol_Rpb1_5	PF04998.17	267	D3961.contig6_12	1402	9.3e-61
RNA_pol_Rpb1_2	PF00623.20	166	D3961.contig6_12	1402	4.9e-37
RNA_pol_Rpb1_2	PF00623.20	166	D3961.contig6_12	1402	4.9e-37
RNA_pol_Rpb1_3	PF04983.18	157	D3961.contig6_12	1402	8.4e-26
RNA_pol_Rpb1_4	PF05000.17	108	D3961.contig6_12	1402	1.7e-16
Apocytochr_F_C	PF01333.19	118	D3961.contig6_12	1402	0.0029
Ribosomal_L7Ae	PF01248.26	95	D3961.contig6_13	82	1.2e-07
DNA_circ_N	PF07157.12	88	D3961.contig6_13	82	0.02
Ribosom_S12_S23	PF00164.25	114	D3961.contig6_14	125	4.4e-42
Ribosomal_S7	PF00177.21	149	D3961.contig6_15	157	1.4e-67
GTP_EFTU	PF00009.27	194	D3961.contig6_16	692	5.1e-68
EFG_IV	PF03764.18	121	D3961.contig6_16	692	5.7e-46
EFG_II	PF14492.6	75	D3961.contig6_16	692	5.3e-37
EFG_C	PF00679.24	89	D3961.contig6_16	692	1.7e-34
GTP_EFTU_D2	PF03144.25	74	D3961.contig6_16	692	6.3e-17
RF3_C	PF16658.5	131	D3961.contig6_16	692	2e-07
MMR_HSR1	PF01926.23	114	D3961.contig6_16	692	0.00045
Na_sulph_symp	PF00939.19	472	D3961.contig7_1	468	2.9e-126
CitMHS	PF03600.16	300	D3961.contig7_1	468	4.3e-10
Cupin_2	PF07883.11	71	D3961.contig7_2	148	5.5e-10
AraC_binding	PF02311.19	136	D3961.contig7_2	148	2.4e-05
HMA	PF00403.26	62	D3961.contig7_3	103	1.7e-15
MttA_Hcf106	PF02416.16	53	D3961.contig7_4	81	4.5e-18
Glucosamine_iso	PF01182.20	225	D3961.contig7_5	252	1.8e-43
ECH_1	PF00378.20	251	D3961.contig7_6	264	2.2e-56
ECH_2	PF16113.5	334	D3961.contig7_6	264	2.4e-30
OpuAC	PF04069.12	257	D3961.contig7_7	512	6.8e-58
BPD_transp_1	PF00528.22	185	D3961.contig7_7	512	4.2e-21
Ribosomal_S9	PF00380.19	121	D3961.contig7_8	131	3e-49
Ribosomal_L13	PF00572.18	125	D3961.contig7_9	147	6.2e-59
HTH_38	PF13936.6	44	D3961.contig7_10	171	1.2e-13
HTH_23	PF13384.6	50	D3961.contig7_10	171	1.8e-05
Sigma70_r4_2	PF08281.12	54	D3961.contig7_10	171	0.0033
rve	PF00665.26	119	D3961.contig7_11	142	2e-05
Baculo_11_kDa	PF06143.11	84	D3961.contig7_14	131	0.054
PgaD	PF13994.6	148	D3961.contig7_14	131	0.35
Fil_haemagg_2	PF13332.6	170	D3961.contig7_15	1195	2.1e-43
Fil_haemagg_2	PF13332.6	170	D3961.contig7_15	1195	2.1e-43
Fil_haemagg_2	PF13332.6	170	D3961.contig7_15	1195	2.1e-43
Fil_haemagg	PF05594.14	77	D3961.contig7_16	582	0.0011
Haemagg_act	PF05860.13	121	D3961.contig7_17	491	2.3e-31
ShlB	PF03865.13	312	D3961.contig7_18	566	7.6e-89
POTRA_3	PF17287.2	56	D3961.contig7_18	566	3.5e-18
POTRA_2	PF08479.11	76	D3961.contig7_18	566	5.6e-15
DBI_PRT	PF02277.17	329	D3961.contig8_1	368	1.4e-71
DBI_PRT	PF02277.17	329	D3961.contig8_2	346	3.5e-95
PDH	PF02153.17	258	D3961.contig8_3	296	5.1e-52
NAD_binding_2	PF03446.15	158	D3961.contig8_3	296	2.1e-12
2-Hacid_dh_C	PF02826.19	178	D3961.contig8_3	296	1.3e-08
F420_oxidored	PF03807.17	97	D3961.contig8_3	296	4.5e-07
Rossmann-like	PF10727.9	127	D3961.contig8_3	296	1.4e-06
IlvN	PF07991.12	165	D3961.contig8_3	296	6.3e-05
MatE	PF01554.18	161	D3961.contig8_4	449	2.8e-50
MatE	PF01554.18	161	D3961.contig8_4	449	2.8e-50
Polysacc_synt_C	PF14667.6	143	D3961.contig8_4	449	6.9e-05
LemA	PF04011.12	149	D3961.contig8_5	240	2e-19
MreD	PF04093.12	160	D3961.contig8_5	240	0.0075
DUF2207	PF09972.9	492	D3961.contig8_6	611	0.00026
DUF308	PF03729.13	73	D3961.contig8_6	611	0.017
TPP_enzyme_C	PF02775.21	153	D3961.contig8_7	291	6.8e-32
PFO_beta_C	PF12367.8	66	D3961.contig8_7	291	8.2e-20
ALAD	PF00490.21	317	D3961.contig8_7	291	0.035
POR_N	PF01855.19	231	D3961.contig8_8	614	4.7e-54
POR	PF01558.18	177	D3961.contig8_8	614	2.1e-35
PFOR_II	PF17147.4	102	D3961.contig8_8	614	2.4e-12
TPP_enzyme_N	PF02776.18	172	D3961.contig8_8	614	6.4e-07
Transketolase_C	PF02780.20	124	D3961.contig8_8	614	0.0007
PseudoU_synth_1	PF01416.20	108	D3961.contig8_9	262	6.1e-36
PseudoU_synth_1	PF01416.20	108	D3961.contig8_9	262	6.1e-36
CbiQ	PF02361.16	218	D3961.contig8_10	267	6.5e-51
ABC_tran	PF00005.27	137	D3961.contig8_11	287	8.4e-33
AAA_21	PF13304.6	303	D3961.contig8_11	287	9.7e-13
SMC_N	PF02463.19	220	D3961.contig8_11	287	1.6e-06
AAA_22	PF13401.6	137	D3961.contig8_11	287	3.7e-06
AAA_29	PF13555.6	61	D3961.contig8_11	287	6.1e-05
MeaB	PF03308.16	267	D3961.contig8_11	287	0.0004
RsgA_GTPase	PF03193.16	167	D3961.contig8_11	287	0.0026
ABC_tran	PF00005.27	137	D3961.contig8_12	288	8.4e-31
SMC_N	PF02463.19	220	D3961.contig8_12	288	1.9e-10
AAA_15	PF13175.6	369	D3961.contig8_12	288	3.5e-05
AAA_29	PF13555.6	61	D3961.contig8_12	288	5.3e-05
AAA_22	PF13401.6	137	D3961.contig8_12	288	8.6e-05
Ribosomal_L17	PF01196.19	94	D3961.contig8_13	112	1.1e-38
RNA_pol_A_CTD	PF03118.15	67	D3961.contig8_14	333	2.5e-26
RNA_pol_L	PF01193.24	69	D3961.contig8_14	333	1.3e-19
RNA_pol_A_bac	PF01000.26	112	D3961.contig8_14	333	1.5e-18
HHH_5	PF14520.6	57	D3961.contig8_14	333	0.00016
Ribosomal_S11	PF00411.19	110	D3961.contig8_15	130	4.8e-51
Ribosomal_S13	PF00416.22	128	D3961.contig8_16	123	2.6e-33
H2TH	PF06831.14	93	D3961.contig8_16	123	0.00047
FbpA	PF05833.11	455	D3961.contig8_16	123	0.001
Ribosomal_L36	PF00444.18	38	D3961.contig8_17	38	1.1e-18
eIF-1a	PF01176.19	64	D3961.contig8_18	73	1.2e-28
RsgA_N	PF16745.5	54	D3961.contig8_18	73	0.00028
Peptidase_M24	PF00557.24	209	D3961.contig8_19	257	1.1e-53
Homez	PF11569.8	57	D3961.contig8_20	41	9.6e-05
AA_permease_N	PF08403.10	70	D3961.contig8_20	41	0.05
YlmH_RBD	PF17774.1	84	D3961.contig9_1	235	5.7e-19
S4	PF01479.25	48	D3961.contig9_1	235	5.6e-08
NAD_binding_7	PF13241.6	104	D3961.contig9_2	216	7.7e-21
CysG_dimeriser	PF10414.9	58	D3961.contig9_2	216	4.6e-06
GlutR_N	PF05201.15	146	D3961.contig9_3	425	3.1e-46
Shikimate_DH	PF01488.20	138	D3961.contig9_3	425	4.9e-41
GlutR_dimer	PF00745.20	97	D3961.contig9_3	425	3.7e-20
F420_oxidored	PF03807.17	97	D3961.contig9_3	425	1.4e-06
Glu_dehyd_C	PF16912.5	212	D3961.contig9_3	425	0.00016
2-Hacid_dh_C	PF02826.19	178	D3961.contig9_3	425	0.00024
OCD_Mu_crystall	PF02423.15	318	D3961.contig9_3	425	0.00029
Porphobil_deam	PF01379.20	204	D3961.contig9_4	313	5.2e-84
Porphobil_deamC	PF03900.15	75	D3961.contig9_4	313	4.7e-18
HEM4	PF02602.15	232	D3961.contig9_5	505	1.1e-57
TP_methylase	PF00590.20	213	D3961.contig9_5	505	8.2e-44
ALAD	PF00490.21	317	D3961.contig9_6	325	5.4e-150
Aminotran_3	PF00202.21	406	D3961.contig9_7	434	2.6e-76
Aminotran_1_2	PF00155.21	363	D3961.contig9_7	434	0.041
HTH_3	PF01381.22	55	D3961.contig9_8	149	4.9e-17
HTH_31	PF13560.6	64	D3961.contig9_8	149	4e-11
HTH_19	PF12844.7	65	D3961.contig9_8	149	1.2e-10
HTH_26	PF13443.6	63	D3961.contig9_8	149	1.3e-05
MotCF	PF09158.10	103	D3961.contig9_9	128	0.03
UNC119_bdg	PF15435.6	198	D3961.contig9_11	129	0.059
MIP	PF00230.20	227	D3961.contig9_12	139	0.072
JAMP	PF05571.12	292	D3961.contig9_13	126	0.076
DUF1246	PF06849.12	122	D3961.contig9_14	250	0.036
Fil_haemagg_2	PF13332.6	170	D3961.contig9_18	243	4.4e-16
DUF637	PF04830.13	172	D3961.contig9_18	243	0.00031
DUF45	PF01863.17	207	D3961.contig9_21	248	3.1e-43
WLM	PF08325.10	191	D3961.contig9_21	248	0.00093
Peptidase_M10	PF00413.24	158	D3961.contig9_21	248	0.0092
DNA_pol3_alpha	PF07733.12	260	D3961.contig9_22	644	4e-105
PHP	PF02811.19	167	D3961.contig9_22	644	3.8e-53
DNA_pol3_finger	PF17657.1	166	D3961.contig9_22	644	7.1e-28
DUF3102	PF11300.8	130	D3961.contig10_1	282	1.2e-10
ORF6C	PF10552.9	114	D3961.contig10_2	179	1.1e-05
HTH_17	PF12728.7	51	D3961.contig10_3	94	0.007
Big_8	PF17961.1	102	D3961.contig10_5	606	2.8e-13
Collagen_bind	PF05737.12	131	D3961.contig10_5	606	1.2e-10
Sipho_Gp157	PF05565.11	163	D3961.contig10_6	158	8e-40
HMMR_N	PF15905.5	335	D3961.contig10_6	158	0.023
AAA_24	PF13479.6	197	D3961.contig10_7	234	8.4e-31
AAA	PF00004.29	132	D3961.contig10_7	234	0.00035
AAA_16	PF13191.6	170	D3961.contig10_7	234	0.0028
ResIII	PF04851.15	171	D3961.contig10_8	471	5.1e-25
ResIII	PF04851.15	171	D3961.contig10_8	471	5.1e-25
Helicase_C	PF00271.31	111	D3961.contig10_8	471	1.1e-17
SWI2_SNF2	PF18766.1	224	D3961.contig10_8	471	1.1e-11
SWI2_SNF2	PF18766.1	224	D3961.contig10_8	471	1.1e-11
AAA_30	PF13604.6	192	D3961.contig10_8	471	9.7e-07
ATPase_2	PF01637.18	233	D3961.contig10_8	471	6.8e-06
AAA_22	PF13401.6	137	D3961.contig10_8	471	3.2e-05
DUF2075	PF09848.9	363	D3961.contig10_8	471	0.0001
TK	PF00265.18	177	D3961.contig10_8	471	0.0016
SNF2_N	PF00176.23	350	D3961.contig10_8	471	0.0033
DUF669	PF05037.13	141	D3961.contig10_9	158	2.3e-22
Prim-Pol	PF09250.11	158	D3961.contig10_10	272	4e-31
PriCT_1	PF08708.11	67	D3961.contig10_10	272	4.2e-08
Pox_D5	PF03288.16	86	D3961.contig10_11	520	3.9e-18
Parvo_NS1	PF01057.17	272	D3961.contig10_11	520	0.00061
VRR_NUC	PF08774.11	108	D3961.contig10_12	109	7.9e-12
Spore_Cse60	PF10957.8	60	D3961.contig10_16	71	1.6e-05
GCR1_C	PF12550.8	80	D3961.contig10_16	71	0.056
DUF1642	PF07852.11	138	D3961.contig10_18	138	3.4e-29
DNA_methylase	PF00145.17	335	D3961.contig10_19	377	1.8e-94
DUF1372	PF07116.11	104	D3961.contig10_20	96	8.7e-37
YopX	PF09643.10	131	D3961.contig10_21	133	1.1e-20
DUF1340	PF07067.11	236	D3961.contig10_22	236	4.2e-72
P5CR_dimer	PF14748.6	103	D3961.contig11_2	263	4.3e-34
F420_oxidored	PF03807.17	97	D3961.contig11_2	263	3.5e-16
UPF0016	PF01169.19	75	D3961.contig11_2	263	0.0053
NAD_binding_2	PF03446.15	158	D3961.contig11_2	263	0.0061
SepF	PF04472.12	72	D3961.contig11_3	165	1.2e-25
Ala_racemase_N	PF01168.20	219	D3961.contig11_4	229	5.1e-24
RPN1_RPN2_N	PF17781.1	309	D3961.contig11_4	229	0.041
Cu-oxidase_4	PF02578.15	231	D3961.contig11_5	287	3.8e-63
Radical_SAM	PF04055.21	167	D3961.contig11_6	576	1e-17
B12-binding	PF02310.19	121	D3961.contig11_6	576	0.00018
DUF421	PF04239.12	108	D3961.contig11_7	240	1e-29
DUF3290	PF11694.8	144	D3961.contig11_8	154	2.4e-37
DUF4188	PF13826.6	117	D3961.contig11_8	154	0.035
DUF4330	PF14221.6	167	D3961.contig11_9	170	0.0084
Chordopox_A13L	PF05961.11	69	D3961.contig11_9	170	0.0086
Mem_trans	PF03547.18	387	D3961.contig11_9	170	0.013
IlvN	PF07991.12	165	D3961.contig11_10	336	1.6e-75
IlvC	PF01450.19	144	D3961.contig11_10	336	1.3e-62
NAD_binding_2	PF03446.15	158	D3961.contig11_10	336	4e-08
F420_oxidored	PF03807.17	97	D3961.contig11_10	336	3.6e-07
2-Hacid_dh_C	PF02826.19	178	D3961.contig11_10	336	6.3e-06
PDH	PF02153.17	258	D3961.contig11_10	336	0.00077
Shikimate_DH	PF01488.20	138	D3961.contig11_10	336	0.0013
ABC_tran	PF00005.27	137	D3961.contig11_11	262	5.5e-26
AAA_21	PF13304.6	303	D3961.contig11_11	262	1.3e-07
AAA_29	PF13555.6	61	D3961.contig11_11	262	0.00077
ALS_ss_C	PF10369.9	74	D3961.contig11_12	163	1e-27
ACT_5	PF13710.6	62	D3961.contig11_12	163	4.7e-19
ACT	PF01842.25	67	D3961.contig11_12	163	5.6e-07
ACT_4	PF13291.6	80	D3961.contig11_12	163	8.9e-05
TPP_enzyme_N	PF02776.18	172	D3961.contig11_13	570	1.7e-54
TPP_enzyme_M	PF00205.22	137	D3961.contig11_13	570	3.5e-47
TPP_enzyme_C	PF02775.21	153	D3961.contig11_13	570	2.9e-44
CO_dh	PF02552.16	168	D3961.contig11_13	570	0.00034
PALP	PF00291.25	294	D3961.contig11_14	408	4.1e-85
ACT	PF01842.25	67	D3961.contig11_14	408	1.2e-05
ACT_4	PF13291.6	80	D3961.contig11_14	408	0.0067
ILVD_EDD	PF00920.21	517	D3961.contig11_15	165	2.8e-68
PK	PF00224.21	348	D3961.contig12_1	583	5.3e-142
PK_C	PF02887.16	117	D3961.contig12_1	583	2.6e-33
PEP-utilizers	PF00391.23	73	D3961.contig12_1	583	4.6e-15
HpcH_HpaI	PF03328.14	221	D3961.contig12_1	583	1.5e-05
LysR_substrate	PF03466.20	209	D3961.contig12_2	304	2.6e-30
HTH_1	PF00126.27	60	D3961.contig12_2	304	1.2e-19
HTH_30	PF13556.6	59	D3961.contig12_2	304	1e-06
Na_sulph_symp	PF00939.19	472	D3961.contig12_3	467	1.1e-129
CitMHS	PF03600.16	300	D3961.contig12_3	467	1e-10
CitMHS	PF03600.16	300	D3961.contig12_3	467	1e-10
ACP	PF06857.11	83	D3961.contig12_4	90	2.2e-26
HpcH_HpaI	PF03328.14	221	D3961.contig12_5	322	3.2e-62
C-C_Bond_Lyase	PF15617.6	335	D3961.contig12_5	322	2.3e-10
Malate_synthase	PF01274.22	526	D3961.contig12_5	322	3.9e-05
CitF	PF04223.12	466	D3961.contig12_6	516	1e-178
AcetylCoA_hyd_C	PF13336.6	154	D3961.contig12_6	516	7.1e-05
KilA-N	PF04383.13	112	D3961.contig12_7	280	2.4e-21
DUF4261	PF14080.6	77	D3961.contig12_8	292	7.9e-24
Cupin_2	PF07883.11	71	D3961.contig12_9	119	3e-13
Cupin_1	PF00190.22	151	D3961.contig12_9	119	4.5e-05
MannoseP_isomer	PF01050.18	151	D3961.contig12_9	119	5e-05
Auxin_BP	PF02041.16	167	D3961.contig12_9	119	0.0047
Cupin_7	PF12973.7	91	D3961.contig12_9	119	0.011
Bax1-I	PF01027.20	207	D3961.contig12_10	249	6.1e-36
MFS_1	PF07690.16	353	D3961.contig12_11	439	4.6e-41
YhfC	PF10086.9	223	D3961.contig12_11	439	0.0049
EKR	PF10371.9	57	D3961.contig13_1	622	2.2e-20
TPP_enzyme_C	PF02775.21	153	D3961.contig13_1	622	2.8e-10
Fer4_16	PF13484.6	67	D3961.contig13_1	622	3.8e-09
Fer4_9	PF13187.6	51	D3961.contig13_1	622	6.6e-08
Fer4_7	PF12838.7	52	D3961.contig13_1	622	7.1e-08
Fer4_6	PF12837.7	24	D3961.contig13_1	622	3.8e-07
Fer4_6	PF12837.7	24	D3961.contig13_1	622	3.8e-07
Fer4	PF00037.27	24	D3961.contig13_1	622	4.6e-07
Fer4	PF00037.27	24	D3961.contig13_1	622	4.6e-07
Fer4_21	PF14697.6	59	D3961.contig13_1	622	1.5e-05
Fer4_10	PF13237.6	56	D3961.contig13_1	622	2.9e-05
Fer4_2	PF12797.7	22	D3961.contig13_1	622	0.00067
Fer4_4	PF12800.7	17	D3961.contig13_1	622	0.0094
MethyTransf_Reg	PF10119.9	84	D3961.contig13_2	549	4.4e-24
Methyltransf_31	PF13847.6	152	D3961.contig13_2	549	2.1e-13
Methyltransf_25	PF13649.6	97	D3961.contig13_2	549	8.6e-09
Methyltransf_4	PF02390.17	173	D3961.contig13_2	549	2.1e-08
Methyltransf_23	PF13489.6	165	D3961.contig13_2	549	4.1e-08
Methyltransf_12	PF08242.12	99	D3961.contig13_2	549	1.2e-07
Methyltransf_11	PF08241.12	96	D3961.contig13_2	549	1.1e-05
CMAS	PF02353.20	273	D3961.contig13_2	549	0.0002
WYL	PF13280.6	172	D3961.contig13_3	343	1.4e-28
SSF	PF00474.17	406	D3961.contig13_4	496	4.4e-102
RQC	PF09382.10	114	D3961.contig13_5	611	3.4e-24
Helicase_C	PF00271.31	111	D3961.contig13_5	611	2.8e-21
HRDC	PF00570.23	68	D3961.contig13_5	611	9.6e-21
DEAD	PF00270.29	176	D3961.contig13_5	611	3.8e-17
RecQ_Zn_bind	PF16124.5	66	D3961.contig13_5	611	6.5e-15
Helicase_Sgs1	PF11408.8	80	D3961.contig13_5	611	0.0038
ResIII	PF04851.15	171	D3961.contig13_5	611	0.0066
Thymidylat_synt	PF00303.19	268	D3961.contig13_6	264	2.3e-97
DUF4979	PF16351.5	168	D3961.contig13_6	264	0.051
DHFR_1	PF00186.19	161	D3961.contig13_7	165	2.6e-59
Tex_N	PF09371.10	182	D3961.contig13_8	726	1.6e-72
Tex_YqgF	PF16921.5	126	D3961.contig13_8	726	1.3e-50
HHH_3	PF12836.7	65	D3961.contig13_8	726	2.1e-26
HHH_9	PF17674.1	70	D3961.contig13_8	726	1.1e-22
S1	PF00575.23	75	D3961.contig13_8	726	4.2e-17
HHH_7	PF14635.6	104	D3961.contig13_8	726	2.4e-08
YqgF	PF14639.6	150	D3961.contig13_8	726	1.1e-06
DUF460	PF04312.13	141	D3961.contig13_8	726	0.0045
SDH_beta	PF03315.15	155	D3961.contig14_1	221	3.3e-16
ACT	PF01842.25	67	D3961.contig14_1	221	3e-07
ACT_4	PF13291.6	80	D3961.contig14_1	221	0.0013
SDH_alpha	PF03313.15	260	D3961.contig14_2	291	1.3e-69
MmgE_PrpD	PF03972.14	439	D3961.contig14_2	291	0.00051
PolyA_pol	PF01743.20	126	D3961.contig14_3	471	7.9e-33
PolyA_pol_RNAbd	PF12627.7	64	D3961.contig14_3	471	7.8e-08
HD	PF01966.22	122	D3961.contig14_3	471	1.5e-07
Transpeptidase	PF00905.22	306	D3961.contig14_4	650	3.2e-87
PBP_dimer	PF03717.15	180	D3961.contig14_4	650	7.3e-20
PASTA	PF03793.19	63	D3961.contig14_4	650	7.3e-10
THF_DHG_CYH_C	PF02882.19	160	D3961.contig14_5	281	5.2e-62
THF_DHG_CYH	PF00763.23	116	D3961.contig14_5	281	4.2e-24
AlaDh_PNT_C	PF01262.21	214	D3961.contig14_5	281	0.00096
adh_short	PF00106.25	195	D3961.contig14_5	281	0.00099
OCD_Mu_crystall	PF02423.15	318	D3961.contig14_5	281	0.0074
Shikimate_DH	PF01488.20	138	D3961.contig14_5	281	0.012
HypA	PF01155.19	112	D3961.contig14_6	114	1.7e-31
TackOD1	PF18551.1	187	D3961.contig14_6	114	0.017
cobW	PF02492.19	177	D3961.contig14_7	217	5.7e-31
AAA_16	PF13191.6	170	D3961.contig14_7	217	0.0039
Zeta_toxin	PF06414.12	199	D3961.contig14_7	217	0.0039
KAP_NTPase	PF07693.14	326	D3961.contig14_7	217	0.004
AAA_22	PF13401.6	137	D3961.contig14_9	155	1.9e-06
AAA_16	PF13191.6	170	D3961.contig14_9	155	2.9e-05
AAA_17	PF13207.6	136	D3961.contig14_9	155	0.00011
Ploopntkinase3	PF18751.1	185	D3961.contig14_9	155	0.00054
Rad17	PF03215.15	186	D3961.contig14_9	155	0.0006
AAA	PF00004.29	132	D3961.contig14_9	155	0.0012
AAA_28	PF13521.6	163	D3961.contig14_9	155	0.0016
AAA_5	PF07728.14	138	D3961.contig14_9	155	0.0017
AAA_18	PF13238.6	130	D3961.contig14_9	155	0.0022
BacA	PF02673.18	256	D3961.contig14_10	266	3.6e-70
GTP_EFTU	PF00009.27	194	D3961.contig14_11	378	6.5e-62
GTP_EFTU_D3	PF03143.17	112	D3961.contig14_11	378	2.5e-24
GTP_EFTU_D2	PF03144.25	74	D3961.contig14_11	378	1.7e-18
MMR_HSR1	PF01926.23	114	D3961.contig14_11	378	1.9e-05
RsgA_GTPase	PF03193.16	167	D3961.contig14_11	378	0.0088
DUF3090	PF11290.8	171	D3961.contig15_3	133	0.0071
Nit_Regul_Hom	PF10126.9	107	D3961.contig15_3	133	0.014
PKcGMP_CC	PF16808.5	35	D3961.contig15_4	131	0.0036
RusA	PF05866.11	124	D3961.contig15_6	267	1.5e-19
DctQ	PF04290.12	132	D3961.contig15_7	88	0.023
DUF997	PF06196.12	76	D3961.contig15_7	88	0.038
DUF2378	PF09536.10	177	D3961.contig15_8	133	0.048
HTH_17	PF12728.7	51	D3961.contig15_9	78	6.4e-06
HTH_23	PF13384.6	50	D3961.contig15_9	78	0.00018
Terminase_5	PF06056.12	58	D3961.contig15_9	78	0.0046
HTH_7	PF02796.15	45	D3961.contig15_9	78	0.0064
Bro-N	PF02498.17	95	D3961.contig15_11	256	1.1e-10
P22_AR_N	PF10547.9	114	D3961.contig15_11	256	0.024
HTH_17	PF12728.7	51	D3961.contig15_13	83	0.00073
Phage_AlpA	PF05930.12	51	D3961.contig15_13	83	0.0033
HEPN_Cthe2314	PF18730.1	176	D3961.contig15_14	276	0.011
Peptidase_M78	PF06114.13	123	D3961.contig15_15	143	0.00082
Phage_holin_3_6	PF07332.11	113	D3961.contig15_16	391	0.00029
Acetyltransf_1	PF00583.25	117	D3961.contig15_17	186	1e-06
Phage_integrase	PF00589.22	172	D3961.contig15_19	392	3.4e-24
Arm-DNA-bind_4	PF14657.6	46	D3961.contig15_19	392	0.0061
Phage_holin_Dp1	PF16938.5	63	D3961.contig15_20	104	1.9e-18
SLH	PF00395.20	45	D3961.contig16_1	424	4e-14
Porin_5	PF16930.5	533	D3961.contig16_1	424	5.9e-07
Peptidase_S26	PF10502.9	138	D3961.contig16_2	207	1.9e-11
Peptidase_S24	PF00717.23	70	D3961.contig16_2	207	1.4e-10
Peptidase_S24	PF00717.23	70	D3961.contig16_2	207	1.4e-10
YitT_membrane	PF02588.15	207	D3961.contig16_3	290	1.6e-62
DUF2179	PF10035.9	55	D3961.contig16_3	290	7.7e-23
RuvX	PF03652.15	135	D3961.contig16_4	175	5.7e-05
DUF3084	PF11283.8	77	D3961.contig16_5	403	1.4e-31
Spc7	PF08317.11	310	D3961.contig16_5	403	0.00012
tRNA-synt_1d	PF00750.19	349	D3961.contig16_5	403	0.00057
LptF_LptG	PF03739.14	354	D3961.contig16_6	364	4.4e-90
CitMHS	PF03600.16	300	D3961.contig16_6	364	2.9e-06
DUF3496	PF12001.8	109	D3961.contig16_6	364	0.013
ABC_tran	PF00005.27	137	D3961.contig16_7	240	3e-36
BCA_ABC_TP_C	PF12399.8	23	D3961.contig16_7	240	5.4e-06
OstA	PF03968.14	113	D3961.contig16_8	240	2e-14
OstA	PF03968.14	113	D3961.contig16_8	240	2e-14
OstA_2	PF13100.6	158	D3961.contig16_8	240	1.6e-11
OstA_2	PF13100.6	158	D3961.contig16_8	240	1.6e-11
LptC	PF06835.13	176	D3961.contig16_8	240	3.3e-05
LptC	PF06835.13	176	D3961.contig16_9	179	4.1e-18
OstA_2	PF13100.6	158	D3961.contig16_9	179	0.036
Lip_A_acyltrans	PF03279.13	295	D3961.contig16_10	311	3.3e-47
Hydrolase_3	PF08282.12	255	D3961.contig16_11	174	3.3e-14
Hydrolase	PF00702.26	210	D3961.contig16_11	174	3.7e-06
HAD	PF12710.7	188	D3961.contig16_11	174	2.4e-05
HAD_2	PF13419.6	178	D3961.contig16_11	174	0.00022
Hydrolase_6	PF13344.6	101	D3961.contig16_11	174	0.014
CBS	PF00571.28	57	D3961.contig16_12	198	6.5e-18
CBS	PF00571.28	57	D3961.contig16_12	198	6.5e-18
SIS	PF01380.22	131	D3961.contig16_12	198	0.013
Ppx-GppA	PF02541.16	285	D3961.contig17_1	284	4.1e-61
DDR	PF08841.10	328	D3961.contig17_1	284	0.0099
TatD_DNase	PF01026.21	255	D3961.contig17_2	257	1.4e-79
tRNA-synt_1g	PF09334.11	391	D3961.contig17_3	651	1.9e-112
tRNA-synt_1g	PF09334.11	391	D3961.contig17_3	651	1.9e-112
tRNA-synt_1	PF00133.22	602	D3961.contig17_3	651	2.6e-32
tRNA-synt_1	PF00133.22	602	D3961.contig17_3	651	2.6e-32
tRNA_bind	PF01588.20	96	D3961.contig17_3	651	8.7e-26
tRNA-synt_1e	PF01406.19	301	D3961.contig17_3	651	2e-13
tRNA-synt_1e	PF01406.19	301	D3961.contig17_3	651	2e-13
Anticodon_1	PF08264.13	152	D3961.contig17_3	651	8.2e-10
TP_methylase	PF00590.20	213	D3961.contig17_4	282	3.3e-26
HTH_29	PF13551.6	63	D3961.contig17_4	282	0.014
MTS	PF05175.14	169	D3961.contig17_5	248	4.4e-08
Methyltransf_31	PF13847.6	152	D3961.contig17_5	248	6.6e-08
PrmA	PF06325.13	296	D3961.contig17_5	248	4.5e-07
Methyltransf_25	PF13649.6	97	D3961.contig17_5	248	1.1e-05
Cons_hypoth95	PF03602.15	182	D3961.contig17_5	248	8.8e-05
Methyltransf_10	PF05971.12	299	D3961.contig17_5	248	0.00011
Methyltransf_23	PF13489.6	165	D3961.contig17_5	248	0.00039
DOT1	PF08123.13	205	D3961.contig17_5	248	0.0011
PSP1	PF04468.12	86	D3961.contig17_6	282	3.4e-32
DNA_pol3_delta2	PF13177.6	163	D3961.contig17_7	347	1.1e-25
Thymidylate_kin	PF02223.17	185	D3961.contig17_8	229	1.7e-17
OKR_DC_1	PF01276.20	417	D3961.contig17_9	494	4.2e-71
Aminotran_1_2	PF00155.21	363	D3961.contig17_9	494	1.3e-10
DegT_DnrJ_EryC1	PF01041.17	361	D3961.contig17_9	494	9.3e-09
Aminotran_5	PF00266.19	371	D3961.contig17_9	494	2.4e-06
OKR_DC_1_C	PF03711.15	132	D3961.contig17_9	494	3.8e-06
Cys_Met_Meta_PP	PF01053.20	382	D3961.contig17_9	494	0.004
Pept_tRNA_hydro	PF01195.19	171	D3961.contig17_10	194	3.8e-61
Exonuc_VII_L	PF02601.15	304	D3961.contig18_1	361	1.2e-70
tRNA_anti_2	PF13742.6	95	D3961.contig18_1	361	9.3e-24
tRNA_anti-codon	PF01336.25	76	D3961.contig18_1	361	9.5e-08
tRNA_anti-like	PF12869.7	161	D3961.contig18_1	361	0.0035
Peptidase_M22	PF00814.25	271	D3961.contig18_2	313	7e-24
NusB	PF01029.18	134	D3961.contig18_3	135	5.9e-29
Asp23	PF03780.13	108	D3961.contig18_4	124	1.1e-18
SecA_DEAD	PF07517.14	290	D3961.contig18_4	124	0.059
Asp23	PF03780.13	108	D3961.contig18_5	130	5e-28
EFP_N	PF08207.12	58	D3961.contig18_6	186	4.3e-30
Elong-fact-P_C	PF09285.11	56	D3961.contig18_6	186	9.9e-27
EFP	PF01132.20	54	D3961.contig18_6	186	1e-22
Peptidase_M24	PF00557.24	209	D3961.contig18_7	358	4.9e-63
Creatinase_N	PF01321.18	132	D3961.contig18_7	358	2.8e-21
PseudoU_synth_2	PF00849.22	160	D3961.contig18_8	232	3.6e-14
S4	PF01479.25	48	D3961.contig18_8	232	7.4e-10
S4_2	PF13275.6	65	D3961.contig18_8	232	0.00031
His_Phos_1	PF00300.22	194	D3961.contig18_9	213	1.9e-61
Aminotran_1_2	PF00155.21	363	D3961.contig18_10	377	6.3e-42
GHMP_kinases_N	PF00288.26	66	D3961.contig18_11	293	8.6e-05
CobS	PF02654.15	204	D3961.contig18_12	296	1.4e-53
CobD_Cbib	PF03186.13	276	D3961.contig18_13	61	0.015
UPF0029	PF01205.19	105	D3961.contig19_1	85	1.3e-12
EamA	PF00892.20	137	D3961.contig19_2	293	5e-11
EamA	PF00892.20	137	D3961.contig19_2	293	5e-11
Sugar_transport	PF06800.12	281	D3961.contig19_2	293	2.8e-05
S_4TM	PF18159.1	292	D3961.contig19_2	293	0.022
RibD_C	PF01872.17	200	D3961.contig19_3	352	1.2e-34
dCMP_cyt_deam_1	PF00383.23	101	D3961.contig19_3	352	2.5e-20
MafB19-deam	PF14437.6	138	D3961.contig19_3	352	1.3e-14
Inv-AAD	PF18785.1	129	D3961.contig19_3	352	5.7e-08
MTS	PF05175.14	169	D3961.contig19_4	298	2.5e-17
Methyltransf_25	PF13649.6	97	D3961.contig19_4	298	2.7e-12
PrmA	PF06325.13	296	D3961.contig19_4	298	6.3e-11
Methyltransf_31	PF13847.6	152	D3961.contig19_4	298	7.9e-11
PrmC_N	PF17827.1	71	D3961.contig19_4	298	1.3e-08
Methyltransf_11	PF08241.12	96	D3961.contig19_4	298	1.5e-06
Methyltransf_16	PF10294.9	174	D3961.contig19_4	298	3.7e-06
Methyltransf_12	PF08242.12	99	D3961.contig19_4	298	1.3e-05
UPF0020	PF01170.18	197	D3961.contig19_4	298	2.3e-05
Methyltransf_18	PF12847.7	151	D3961.contig19_4	298	6.4e-05
Methyltransf_23	PF13489.6	165	D3961.contig19_4	298	0.0006
Ubie_methyltran	PF01209.18	233	D3961.contig19_4	298	0.0017
Methyltransf_15	PF09445.10	165	D3961.contig19_4	298	0.0021
Methyltransf_10	PF05971.12	299	D3961.contig19_4	298	0.0039
Phage_integrase	PF00589.22	172	D3961.contig19_6	300	1.1e-45
Phage_int_SAM_1	PF02899.17	84	D3961.contig19_6	300	4.2e-15
Phage_int_SAM_4	PF13495.6	85	D3961.contig19_6	300	4.6e-08
Phage_int_SAM_5	PF13102.6	99	D3961.contig19_6	300	6.5e-07
DHquinase_II	PF01220.19	138	D3961.contig19_7	140	3.9e-56
Methyltransf_21	PF05050.12	173	D3961.contig19_8	292	1.4e-16
Met_10	PF02475.16	199	D3961.contig19_8	292	3.9e-06
V_cholerae_RfbT	PF05575.11	286	D3961.contig19_8	292	2e-05
DOT1	PF08123.13	205	D3961.contig19_8	292	2.5e-05
MS_channel	PF00924.18	206	D3961.contig19_9	855	1.1e-44
Phage_GP20	PF06810.11	149	D3961.contig19_9	855	0.0051
Glycos_transf_2	PF00535.26	170	D3961.contig19_10	298	1.2e-07
Glyco_tranf_2_3	PF13641.6	230	D3961.contig19_10	298	5e-07
Glyco_tranf_2_2	PF10111.9	276	D3961.contig19_10	298	1.9e-06
Glyco_trans_2_3	PF13632.6	197	D3961.contig19_10	298	8.7e-06
OTCace_N	PF02729.21	148	D3961.contig20_2	317	7.2e-41
OTCace	PF00185.24	157	D3961.contig20_2	317	1.8e-29
DUF4431	PF14485.6	48	D3961.contig20_2	317	0.0077
Amidohydro_1	PF01979.20	344	D3961.contig20_3	429	4.3e-33
Amidohydro_3	PF07969.11	473	D3961.contig20_3	429	2.6e-17
Amidohydro_3	PF07969.11	473	D3961.contig20_3	429	2.6e-17
DHOase	PF12890.7	142	D3961.contig20_3	429	2.7e-14
GATase	PF00117.28	190	D3961.contig20_4	356	9e-49
CPSase_sm_chain	PF00988.22	128	D3961.contig20_4	356	3.5e-48
Peptidase_C26	PF07722.13	216	D3961.contig20_4	356	2.1e-10
DJ-1_PfpI	PF01965.24	165	D3961.contig20_4	356	0.0017
CPSase_L_D2	PF02786.17	211	D3961.contig20_5	1067	5.8e-123
CPSase_L_D2	PF02786.17	211	D3961.contig20_5	1067	5.8e-123
CPSase_L_D3	PF02787.19	122	D3961.contig20_5	1067	1.4e-40
MGS	PF02142.22	95	D3961.contig20_5	1067	1.7e-18
ATP-grasp	PF02222.22	171	D3961.contig20_5	1067	3.3e-15
ATP-grasp	PF02222.22	171	D3961.contig20_5	1067	3.3e-15
ATP-grasp_3	PF02655.14	161	D3961.contig20_5	1067	5.2e-15
ATPgrasp_Ter	PF15632.6	131	D3961.contig20_5	1067	1.9e-13
ATPgrasp_Ter	PF15632.6	131	D3961.contig20_5	1067	1.9e-13
GARS_A	PF01071.19	194	D3961.contig20_5	1067	7.3e-13
GARS_A	PF01071.19	194	D3961.contig20_5	1067	7.3e-13
Dala_Dala_lig_C	PF07478.13	204	D3961.contig20_5	1067	2.2e-12
Dala_Dala_lig_C	PF07478.13	204	D3961.contig20_5	1067	2.2e-12
DHODB_Fe-S_bind	PF10418.9	42	D3961.contig20_6	256	3.5e-13
NAD_binding_1	PF00175.21	109	D3961.contig20_6	256	1.4e-06
FAD_binding_6	PF00970.24	99	D3961.contig20_6	256	1.6e-06
NAD_binding_6	PF08030.12	156	D3961.contig20_6	256	0.00027
DHO_dh	PF01180.21	295	D3961.contig20_7	317	2.1e-72
Dus	PF01207.17	310	D3961.contig20_7	317	9.3e-09
Dus	PF01207.17	310	D3961.contig20_7	317	9.3e-09
NMO	PF03060.15	331	D3961.contig20_7	317	4.2e-07
His_biosynth	PF00977.21	229	D3961.contig20_7	317	1.7e-06
FMN_dh	PF01070.18	348	D3961.contig20_7	317	0.003
LysR_substrate	PF03466.20	209	D3961.contig20_8	262	7.6e-18
HTH_1	PF00126.27	60	D3961.contig20_8	262	0.014
Nuc_H_symport	PF03825.16	400	D3961.contig21_1	56	1e-11
LacY_symp	PF01306.19	413	D3961.contig21_1	56	0.00042
ThuA	PF06283.11	210	D3961.contig21_2	246	2e-77
TROVE	PF05731.11	445	D3961.contig21_3	219	0.036
Cys_Met_Meta_PP	PF01053.20	382	D3961.contig21_4	388	4.4e-130
Met_gamma_lyase	PF06838.11	405	D3961.contig21_4	388	1.2e-08
Aminotran_1_2	PF00155.21	363	D3961.contig21_4	388	3.5e-08
DegT_DnrJ_EryC1	PF01041.17	361	D3961.contig21_4	388	2.1e-06
Beta_elim_lyase	PF01212.21	293	D3961.contig21_4	388	2.8e-05
Aminotran_5	PF00266.19	371	D3961.contig21_4	388	9.1e-05
SelA	PF03841.13	367	D3961.contig21_4	388	0.0025
Abhydrolase_1	PF00561.20	257	D3961.contig21_5	348	2.8e-28
Hydrolase_4	PF12146.8	239	D3961.contig21_5	348	0.0036
Esterase	PF00756.20	251	D3961.contig21_5	348	0.0072
Abhydrolase_6	PF12697.7	220	D3961.contig21_5	348	0.0079
Abhydrolase_4	PF08386.10	103	D3961.contig21_5	348	0.012
ODV-E18	PF10717.9	87	D3961.contig21_6	59	0.11
LpxB	PF02684.15	374	D3961.contig21_7	374	2.9e-91
DUF5085	PF16895.5	141	D3961.contig21_7	374	0.013
Penicillinase_R	PF03965.16	115	D3961.contig21_8	121	1.1e-27
Amidase_3	PF01520.18	175	D3961.contig21_9	907	2.2e-39
Peptidase_M56	PF05569.11	299	D3961.contig21_9	907	1.2e-10
TonB_C	PF03544.14	79	D3961.contig21_9	907	2.1e-07
DUF4157	PF13699.6	79	D3961.contig21_9	907	0.00012
Terminase_1	PF03354.15	468	D3961.contig22_1	312	2.3e-21
Baculo_p24	PF05073.12	182	D3961.contig22_2	85	0.0022
Golgin_A5	PF09787.9	306	D3961.contig22_2	85	0.0092
Phage_portal	PF04860.12	314	D3961.contig22_3	384	1.4e-33
DUF2526	PF10735.9	81	D3961.contig22_3	384	0.0078
CLP_protease	PF00574.23	182	D3961.contig22_4	257	3.4e-29
SDH_sah	PF01972.16	286	D3961.contig22_4	257	0.00013
CelTOS	PF18659.1	122	D3961.contig22_4	257	0.0096
Phage_capsid	PF05065.13	280	D3961.contig22_5	370	4.3e-14
Tub	PF01167.18	241	D3961.contig22_6	90	0.15
Phage_H_T_join	PF05521.11	96	D3961.contig22_8	130	0.061
HK97-gp10_like	PF04883.12	81	D3961.contig22_9	135	0.004
Phage_TTP_1	PF04630.12	199	D3961.contig22_11	201	3e-14
DUF4352	PF11611.8	125	D3961.contig22_12	207	0.0053
AAA_13	PF13166.6	713	D3961.contig22_14	242	8.1e-05
Macoilin	PF09726.9	671	D3961.contig22_14	242	0.0015
Macro	PF01661.21	118	D3961.contig23_1	256	2.1e-34
ABM	PF03992.16	78	D3961.contig23_2	270	1.5e-16
ABM	PF03992.16	78	D3961.contig23_2	270	1.5e-16
Radical_SAM	PF04055.21	167	D3961.contig23_3	447	4.9e-17
DUF4070	PF13282.6	140	D3961.contig23_3	447	4.4e-07
B12-binding	PF02310.19	121	D3961.contig23_3	447	6.6e-05
PBP3	PF18056.1	110	D3961.contig23_3	447	0.00096
tRNA_edit	PF04073.15	123	D3961.contig23_4	162	1.4e-19
DUF4375	PF14300.6	120	D3961.contig23_5	349	1.5e-26
SUKH_6	PF14568.6	121	D3961.contig23_6	505	4.7e-22
SMI1_KNR4	PF09346.10	133	D3961.contig23_6	505	5.1e-17
SUKH_5	PF14567.6	139	D3961.contig23_6	505	1.7e-07
Ank_4	PF13637.6	55	D3961.contig23_10	212	5.9e-10
Ank_5	PF13857.6	56	D3961.contig23_10	212	1.6e-08
Ank_2	PF12796.7	83	D3961.contig23_10	212	4.5e-08
Ank	PF00023.30	32	D3961.contig23_10	212	0.0015
Fumerase	PF05681.14	270	D3961.contig24_1	281	2.1e-108
Fumerase_C	PF05683.12	206	D3961.contig24_2	187	3.5e-58
DUF436	PF04260.12	171	D3961.contig24_3	184	1e-75
cNMP_binding	PF00027.29	89	D3961.contig24_5	242	3.9e-14
HTH_Crp_2	PF13545.6	68	D3961.contig24_5	242	4.6e-13
Fe_dep_repress	PF01325.19	60	D3961.contig24_5	242	3.6e-05
HTH_11	PF08279.12	55	D3961.contig24_5	242	0.001
GntR	PF00392.21	64	D3961.contig24_5	242	0.003
Prismane	PF03063.20	511	D3961.contig24_6	522	1.5e-163
Ribosomal_S8	PF00410.19	127	D3961.contig25_1	55	1.6e-16
Ribosomal_S14	PF00253.21	54	D3961.contig25_2	90	4.3e-29
Ribosomal_L5_C	PF00673.21	94	D3961.contig25_3	180	2e-41
Ribosomal_L5	PF00281.19	57	D3961.contig25_3	180	2.3e-28
ribosomal_L24	PF17136.4	65	D3961.contig25_4	107	1.6e-24
KOW	PF00467.29	32	D3961.contig25_4	107	2.3e-09
Ribosomal_L14	PF00238.19	122	D3961.contig25_5	123	7.2e-55
Ribosomal_S17	PF00366.20	68	D3961.contig25_6	87	5.6e-31
Ribosomal_L29	PF00831.23	57	D3961.contig25_7	68	1.6e-27
Ribosomal_L16	PF00252.18	132	D3961.contig25_8	146	1.9e-52
Ribosomal_S3_C	PF00189.20	83	D3961.contig25_9	222	6.3e-40
KH_2	PF07650.17	78	D3961.contig25_9	222	7.5e-18
KH_4	PF13083.6	73	D3961.contig25_9	222	0.00093
Ribosomal_L22	PF00237.19	103	D3961.contig25_10	112	1.8e-31
Ribosomal_S19	PF00203.21	81	D3961.contig25_11	94	2.5e-37
DUF1442	PF07279.11	218	D3961.contig25_11	94	0.024
Ribosomal_L2_C	PF03947.18	126	D3961.contig25_12	277	2.2e-57
Ribosomal_L2	PF00181.23	77	D3961.contig25_12	277	3.8e-34
Ribosomal_L23	PF00276.20	86	D3961.contig25_13	95	8.1e-37
Cadherin-like	PF12733.7	90	D3961.contig25_13	95	0.061
Ribosomal_L4	PF00573.22	192	D3961.contig25_14	208	2.8e-67
Ribosomal_L3	PF00297.22	369	D3961.contig25_15	214	6.5e-17
Ribosomal_S10	PF00338.22	98	D3961.contig25_16	104	1.8e-36
GTP_EFTU_D3	PF03143.17	112	D3961.contig25_17	55	4.9e-16
ABC_membrane	PF00664.23	274	D3961.contig26_1	198	1.1e-36
LpxB	PF02684.15	374	D3961.contig26_2	381	3.1e-96
DUF354	PF04007.12	340	D3961.contig26_2	381	0.00057
Glyphos_transf	PF04464.14	367	D3961.contig26_2	381	0.012
LpxI_C	PF06230.11	132	D3961.contig26_3	279	1.2e-48
LpxI_N	PF17930.1	129	D3961.contig26_3	279	2.5e-38
Hexapep	PF00132.24	36	D3961.contig26_4	271	1.9e-29
Hexapep	PF00132.24	36	D3961.contig26_4	271	1.9e-29
Hexapep	PF00132.24	36	D3961.contig26_4	271	1.9e-29
Hexapep	PF00132.24	36	D3961.contig26_4	271	1.9e-29
Acetyltransf_11	PF13720.6	82	D3961.contig26_4	271	1.2e-27
Hexapep_2	PF14602.6	34	D3961.contig26_4	271	4.2e-09
Hexapep_2	PF14602.6	34	D3961.contig26_4	271	4.2e-09
FabA	PF07977.13	138	D3961.contig26_5	142	1.5e-32
4HBT	PF03061.22	79	D3961.contig26_5	142	7.3e-06
MaoC_dehydratas	PF01575.19	123	D3961.contig26_5	142	9.1e-05
4HBT_2	PF13279.6	123	D3961.contig26_5	142	0.00011
LpxC	PF03331.13	270	D3961.contig26_6	280	2.6e-97
Lip_A_acyltrans	PF03279.13	295	D3961.contig26_7	301	6.5e-43
Ldt_C	PF17969.1	67	D3961.contig26_7	301	0.037
Hexapep	PF00132.24	36	D3961.contig26_8	344	1.4e-27
Hexapep	PF00132.24	36	D3961.contig26_8	344	1.4e-27
Hexapep	PF00132.24	36	D3961.contig26_8	344	1.4e-27
Hexapep	PF00132.24	36	D3961.contig26_8	344	1.4e-27
LpxD	PF04613.14	70	D3961.contig26_8	344	2.8e-11
NMT1_2	PF13379.6	253	D3961.contig27_1	328	4.5e-16
NMT1	PF09084.11	216	D3961.contig27_1	328	3.4e-14
SBP_bac_3	PF00497.20	225	D3961.contig27_1	328	0.0079
BPD_transp_1	PF00528.22	185	D3961.contig27_2	271	2.7e-13
ABC_tran	PF00005.27	137	D3961.contig27_3	261	2.9e-29
MMR_HSR1	PF01926.23	114	D3961.contig27_3	261	0.0043
Porin_4	PF13609.6	312	D3961.contig27_4	358	3.8e-48
Porin_1	PF00267.21	340	D3961.contig27_4	358	1.4e-08
DDE_Tnp_1	PF01609.21	214	D3961.contig27_5	331	2.3e-33
DUF772	PF05598.11	73	D3961.contig27_5	331	4.1e-23
DDE_Tnp_1_3	PF13612.6	155	D3961.contig27_5	331	6.3e-10
DDE_Tnp_4	PF13359.6	158	D3961.contig27_5	331	0.0041
DDE_Tnp_1_6	PF13751.6	125	D3961.contig27_5	331	0.0082
MarR	PF01047.22	59	D3961.contig27_6	160	3.2e-11
HTH_27	PF13463.6	68	D3961.contig27_6	160	1.6e-05
MarR_2	PF12802.7	62	D3961.contig27_6	160	3.4e-05
HTH_24	PF13412.6	48	D3961.contig27_6	160	4.7e-05
TrmB	PF01978.19	68	D3961.contig27_6	160	0.0006
HTH_IclR	PF09339.10	52	D3961.contig27_6	160	0.0056
HTH_34	PF13601.6	80	D3961.contig27_6	160	0.0071
rve	PF00665.26	119	D3961.contig27_7	202	4.7e-26
rve_3	PF13683.6	67	D3961.contig27_7	202	8.9e-15
VanZ	PF04892.12	126	D3961.contig28_1	149	5.4e-18
UDPG_MGDP_dh_N	PF03721.14	187	D3961.contig28_2	389	2.1e-34
UDPG_MGDP_dh	PF00984.19	94	D3961.contig28_2	389	2e-25
UDPG_MGDP_dh_C	PF03720.15	105	D3961.contig28_2	389	1.1e-08
ApbA	PF02558.16	152	D3961.contig28_2	389	0.0064
GDP_Man_Dehyd	PF16363.5	332	D3961.contig28_3	365	2.1e-51
Epimerase	PF01370.21	241	D3961.contig28_3	365	1.9e-49
3Beta_HSD	PF01073.19	280	D3961.contig28_3	365	1.4e-15
Polysacc_synt_2	PF02719.15	294	D3961.contig28_3	365	1.4e-13
RmlD_sub_bind	PF04321.17	287	D3961.contig28_3	365	2e-13
NAD_binding_4	PF07993.12	257	D3961.contig28_3	365	2e-05
Polysacc_synt_3	PF13440.6	293	D3961.contig28_4	484	9.4e-67
Polysacc_synt	PF01943.17	274	D3961.contig28_4	484	1.1e-22
LrgA	PF03788.14	94	D3961.contig28_4	484	0.00045
ATPgrasp_TupA	PF14305.6	241	D3961.contig28_5	311	1.8e-68
Wzy_C	PF04932.15	155	D3961.contig28_6	407	5.3e-15
Na_Ala_symp	PF01235.17	393	D3961.contig29_3	297	0.063
LMBR1	PF04791.16	510	D3961.contig29_4	172	0.00012
ThrE	PF06738.12	241	D3961.contig29_5	411	2.7e-64
ThrE	PF06738.12	241	D3961.contig29_5	411	2.7e-64
ThrE_2	PF12821.7	129	D3961.contig29_5	411	1.6e-32
ThrE_2	PF12821.7	129	D3961.contig29_5	411	1.6e-32
ZT_dimer	PF16916.5	79	D3961.contig30_1	137	0.037
tRNA-synt_2b	PF00587.25	179	D3961.contig30_2	427	8.3e-34
Seryl_tRNA_N	PF02403.22	108	D3961.contig30_2	427	8.1e-29
DUF4201	PF13870.6	177	D3961.contig30_2	427	0.0039
TAL_FSA	PF00923.19	287	D3961.contig30_3	215	1.2e-59
FBPase_glpX	PF03320.13	308	D3961.contig30_4	321	3.6e-137
EPSP_synthase	PF00275.20	417	D3961.contig30_5	440	5.6e-108
MreB_Mbl	PF06723.13	327	D3961.contig30_6	410	3.4e-120
Actin	PF00022.19	407	D3961.contig30_6	410	3.8e-12
HSP70	PF00012.20	599	D3961.contig30_6	410	2.7e-09
FtsA	PF14450.6	103	D3961.contig30_6	410	3.9e-09
EutA	PF06277.11	475	D3961.contig30_6	410	0.0003
Ppx-GppA	PF02541.16	285	D3961.contig30_6	410	0.001
Glucosaminidase	PF01832.20	87	D3961.contig31_2	646	4.2e-13
CHAP	PF05257.16	83	D3961.contig31_2	646	1.9e-12
Phage_holin_4_1	PF05105.12	114	D3961.contig31_3	164	2.5e-29
BppU_N	PF10651.9	148	D3961.contig31_4	399	7.4e-14
APP_E2	PF12925.7	190	D3961.contig31_4	399	0.0031
Apolipoprotein	PF01442.18	190	D3961.contig31_4	399	0.0087
Peptidase_M14	PF00246.24	289	D3961.contig31_5	625	5.8e-18
DUF2817	PF10994.8	340	D3961.contig31_5	625	1.3e-11
AstE_AspA	PF04952.14	291	D3961.contig31_5	625	1.3e-08
Pilin_N	PF07790.11	81	D3961.contig31_6	125	0.082
OEP	PF02321.18	188	D3961.contig32_1	497	3.3e-54
OEP	PF02321.18	188	D3961.contig32_1	497	3.3e-54
MlaD	PF02470.20	81	D3961.contig32_2	420	3.1e-17
ABC_tran	PF00005.27	137	D3961.contig32_3	253	8.6e-34
AAA_21	PF13304.6	303	D3961.contig32_3	253	1.9e-06
AAA_29	PF13555.6	61	D3961.contig32_3	253	0.00073
RsgA_GTPase	PF03193.16	167	D3961.contig32_3	253	0.0016
MlaE	PF02405.16	212	D3961.contig32_4	254	1.8e-76
TolA_bind_tri	PF16331.5	76	D3961.contig33_1	39	0.00013
DivIC	PF04977.15	80	D3961.contig33_1	39	0.00093
SIKE	PF05769.11	180	D3961.contig33_1	39	0.0016
bZIP_2	PF07716.15	54	D3961.contig33_1	39	0.002
bZIP_1	PF00170.21	64	D3961.contig33_1	39	0.013
Post_transc_reg	PF13797.6	83	D3961.contig33_3	250	0.015
ArsC	PF03960.15	64	D3961.contig33_7	131	1.6e-11
Glutaredoxin	PF00462.24	60	D3961.contig33_7	131	1.7e-06
PTPS	PF01242.19	123	D3961.contig33_7	131	0.024
AIF_C	PF14721.6	131	D3961.contig34_1	135	0.0053
PFK	PF00365.20	284	D3961.contig34_2	305	1.9e-92
HlyD_D23	PF16576.5	214	D3961.contig34_3	361	1.4e-17
HlyD_3	PF13437.6	106	D3961.contig34_3	361	4.7e-16
Biotin_lipoyl_2	PF13533.6	50	D3961.contig34_3	361	1.2e-14
Biotin_lipoyl	PF00364.22	73	D3961.contig34_3	361	2.8e-06
Peptidase_M23	PF01551.22	96	D3961.contig34_3	361	0.003
ABC_tran	PF00005.27	137	D3961.contig34_4	241	9.6e-31
SMC_N	PF02463.19	220	D3961.contig34_4	241	1.3e-05
AAA_29	PF13555.6	61	D3961.contig34_4	241	0.00053
MacB_PCD	PF12704.7	195	D3961.contig34_5	404	8.4e-46
FtsX	PF02687.21	96	D3961.contig34_5	404	5.4e-10
4HBT	PF03061.22	79	D3961.contig34_6	155	1e-12
DUF4442	PF14539.6	132	D3961.contig34_6	155	0.012
Phe_tRNA-synt_N	PF02912.18	69	D3961.contig34_7	76	4.1e-24
HBS1_N	PF08938.10	78	D3961.contig34_7	76	0.016
Metallophos	PF00149.28	204	D3961.contig35_1	412	2.6e-14
Metallophos_2	PF12850.7	165	D3961.contig35_1	412	3.5e-06
SbcD_C	PF12320.8	95	D3961.contig35_1	412	1.7e-05
AAA_23	PF13476.6	200	D3961.contig35_2	1028	1.3e-20
SbcCD_C	PF13558.6	90	D3961.contig35_2	1028	5.1e-13
SMC_N	PF02463.19	220	D3961.contig35_2	1028	3.1e-08
AAA_29	PF13555.6	61	D3961.contig35_2	1028	1.9e-06
AAA_27	PF13514.6	207	D3961.contig35_2	1028	2e-06
POR_N	PF01855.19	231	D3961.contig36_1	564	4.8e-82
POR	PF01558.18	177	D3961.contig36_1	564	2.2e-22
PFOR_II	PF17147.4	102	D3961.contig36_1	564	4.5e-14
SLH	PF00395.20	45	D3961.contig36_1	564	0.0042
Transketolase_C	PF02780.20	124	D3961.contig36_1	564	0.011
LysR_substrate	PF03466.20	209	D3961.contig36_2	308	8.3e-41
HTH_1	PF00126.27	60	D3961.contig36_2	308	1.7e-21
DUF4446	PF14584.6	150	D3961.contig36_3	140	0.0078
TamB	PF04357.13	383	D3961.contig37_1	1403	2.2e-40
AsmA_2	PF13502.6	229	D3961.contig37_1	1403	4.9e-17
AsmA_2	PF13502.6	229	D3961.contig37_1	1403	4.9e-17
AsmA_2	PF13502.6	229	D3961.contig37_1	1403	4.9e-17
AsmA_2	PF13502.6	229	D3961.contig37_1	1403	4.9e-17
AsmA	PF05170.14	608	D3961.contig37_1	1403	1.8e-06
OmpH	PF03938.14	138	D3961.contig38_1	173	2.8e-07
OmpH	PF03938.14	138	D3961.contig38_1	173	2.8e-07
TrbI_Ftype	PF09677.10	106	D3961.contig38_1	173	0.0019
OmpH	PF03938.14	138	D3961.contig38_3	164	1.2e-10
TrbI_Ftype	PF09677.10	106	D3961.contig38_3	164	0.0047
DUF1525	PF07511.11	114	D3961.contig38_3	164	0.013
Bac_surface_Ag	PF01103.23	324	D3961.contig38_4	726	1.7e-49
POTRA	PF07244.15	80	D3961.contig38_4	726	3.3e-25
POTRA	PF07244.15	80	D3961.contig38_4	726	3.3e-25
POTRA	PF07244.15	80	D3961.contig38_4	726	3.3e-25
POTRA_2	PF08479.11	76	D3961.contig38_4	726	0.00072
Glt_symporter	PF03616.14	368	D3961.contig39_1	416	5.4e-99
RrnaAD	PF00398.20	265	D3961.contig39_2	285	1.3e-64
Methyltransf_25	PF13649.6	97	D3961.contig39_2	285	3.2e-06
Methyltransf_11	PF08241.12	96	D3961.contig39_2	285	4.6e-05
Methyltransf_23	PF13489.6	165	D3961.contig39_2	285	0.00075
NodS	PF05401.11	201	D3961.contig39_2	285	0.0016
Methyltransf_12	PF08242.12	99	D3961.contig39_2	285	0.004
CMAS	PF02353.20	273	D3961.contig39_2	285	0.0062
DUF4093	PF13331.6	83	D3961.contig39_3	177	3.8e-25
Toprim_4	PF13662.6	89	D3961.contig39_3	177	5.2e-08
Toprim	PF01751.22	103	D3961.contig39_3	177	1.5e-06
Toprim_2	PF13155.6	90	D3961.contig39_3	177	0.00023
HTH_1	PF00126.27	60	D3961.contig39_4	312	5.1e-17
LysR_substrate	PF03466.20	209	D3961.contig39_4	312	7.7e-06
MarR	PF01047.22	59	D3961.contig39_4	312	0.00023
H_kinase_N	PF12282.8	143	D3961.contig39_5	56	0.031
Sipho_tail	PF05709.11	255	D3961.contig40_1	180	0.00021
PhageMin_Tail	PF10145.9	198	D3961.contig40_2	1227	3.7e-08
SWIRM-assoc_3	PF16498.5	67	D3961.contig40_2	1227	0.0033
Ribosomal_S8	PF00410.19	127	D3961.contig41_1	70	3.8e-30
Ribosomal_L6	PF00347.23	76	D3961.contig41_2	182	3.1e-43
Ribosomal_L6	PF00347.23	76	D3961.contig41_2	182	3.1e-43
Ribosomal_L18p	PF00861.22	116	D3961.contig41_3	127	4.8e-48
Ribosomal_S5	PF00333.20	65	D3961.contig41_4	168	3.9e-31
Ribosomal_S5_C	PF03719.15	72	D3961.contig41_4	168	1.5e-30
Ribosomal_L30	PF00327.20	51	D3961.contig41_5	60	7.7e-22
Ribosomal_L27A	PF00828.19	128	D3961.contig41_6	148	4.6e-39
Ribosomal_L18	PF17135.4	187	D3961.contig41_6	148	0.041
SecY	PF00344.20	306	D3961.contig41_7	399	1e-116
ADK	PF00406.22	151	D3961.contig41_8	188	2.2e-60
AAA_17	PF13207.6	136	D3961.contig41_8	188	1.3e-29
AAA_33	PF13671.6	143	D3961.contig41_8	188	1e-06
AAA_18	PF13238.6	130	D3961.contig41_8	188	9.9e-06
Cytidylate_kin	PF02224.18	211	D3961.contig41_8	188	0.002
TOBE	PF03459.17	64	D3961.contig42_4	70	1.3e-17
YadA_head	PF05658.14	27	D3961.contig43_1	1268	2.6e-36
YadA_head	PF05658.14	27	D3961.contig43_1	1268	2.6e-36
YadA_head	PF05658.14	27	D3961.contig43_1	1268	2.6e-36
YadA_head	PF05658.14	27	D3961.contig43_1	1268	2.6e-36
YadA_head	PF05658.14	27	D3961.contig43_1	1268	2.6e-36
YadA_head	PF05658.14	27	D3961.contig43_1	1268	2.6e-36
YadA_head	PF05658.14	27	D3961.contig43_1	1268	2.6e-36
YadA_head	PF05658.14	27	D3961.contig43_1	1268	2.6e-36
YadA_head	PF05658.14	27	D3961.contig43_1	1268	2.6e-36
YadA_stalk	PF05662.14	43	D3961.contig43_1	1268	4.1e-21
YadA_stalk	PF05662.14	43	D3961.contig43_1	1268	4.1e-21
YadA_stalk	PF05662.14	43	D3961.contig43_1	1268	4.1e-21
MFS_1	PF07690.16	353	D3961.contig44_1	399	5.8e-40
MFS_1	PF07690.16	353	D3961.contig44_1	399	5.8e-40
MFS_3	PF05977.13	522	D3961.contig44_1	399	3.5e-06
Phg_2220_C	PF09524.10	74	D3961.contig45_1	117	2.7e-30
IstB_IS21	PF01695.17	178	D3961.contig45_2	267	7.3e-12
AAA	PF00004.29	132	D3961.contig45_2	267	1.4e-05
AAA_5	PF07728.14	138	D3961.contig45_2	267	2.2e-05
RuvB_N	PF05496.12	159	D3961.contig45_2	267	0.0017
AAA_16	PF13191.6	170	D3961.contig45_2	267	0.0044
MazG-like	PF12643.7	85	D3961.contig45_3	165	0.0022
MazG	PF03819.17	74	D3961.contig45_3	165	0.006
PRA-PH	PF01503.17	83	D3961.contig45_3	165	0.01
DUF3310	PF11753.8	60	D3961.contig45_4	94	1.8e-20
Hormone_2	PF00123.20	28	D3961.contig45_4	94	0.024
HTH_3	PF01381.22	55	D3961.contig45_5	134	0.00054
HTH_19	PF12844.7	65	D3961.contig45_5	134	0.0078
HTH_26	PF13443.6	63	D3961.contig45_5	134	0.009
MGS	PF02142.22	95	D3961.contig45_6	84	0.02
SSB	PF00436.25	104	D3961.contig45_7	137	6.3e-33
tRNA_anti-codon	PF01336.25	76	D3961.contig45_7	137	7.1e-06
tRNA_anti_2	PF13742.6	95	D3961.contig45_7	137	0.029
HTH_3	PF01381.22	55	D3961.contig45_8	102	6.5e-12
HTH_19	PF12844.7	65	D3961.contig45_8	102	3.9e-08
HTH_31	PF13560.6	64	D3961.contig45_8	102	9.5e-07
HTH_26	PF13443.6	63	D3961.contig45_8	102	0.0082
HTH_3	PF01381.22	55	D3961.contig45_9	128	1.7e-12
HTH_19	PF12844.7	65	D3961.contig45_9	128	4.7e-12
HTH_26	PF13443.6	63	D3961.contig45_9	128	6.5e-07
HTH_31	PF13560.6	64	D3961.contig45_9	128	3.3e-05
HTH_Tnp_1_2	PF13022.6	123	D3961.contig45_9	128	0.00033
Phage_integrase	PF00589.22	172	D3961.contig46_1	181	2.7e-25
Chromo	PF00385.24	54	D3961.contig46_6	45	0.068
YopX	PF09643.10	131	D3961.contig46_7	130	1.8e-20
Methyltransf_11	PF08241.12	96	D3961.contig46_8	163	3.6e-07
Methyltransf_25	PF13649.6	97	D3961.contig46_8	163	5.3e-07
N6_N4_Mtase	PF01555.18	231	D3961.contig46_8	163	0.001
DUF1642	PF07852.11	138	D3961.contig46_9	164	6.5e-25
NMO	PF03060.15	331	D3961.contig47_1	145	1.3e-18
DUF1729	PF08354.10	353	D3961.contig47_1	145	0.006
Glu_cyclase_2	PF05096.12	251	D3961.contig47_1	145	0.041
Hexapep	PF00132.24	36	D3961.contig47_2	183	3.3e-15
Hexapep_2	PF14602.6	34	D3961.contig47_2	183	0.0003
Fucokinase	PF07959.12	406	D3961.contig47_2	183	0.00045
Voltage_CLC	PF00654.20	354	D3961.contig47_3	411	3.2e-52
Fer4_12	PF13353.6	139	D3961.contig47_4	170	5.6e-44
Fer4_14	PF13394.6	118	D3961.contig47_4	170	5.6e-20
Radical_SAM	PF04055.21	167	D3961.contig47_4	170	2e-05
NRDD	PF13597.6	561	D3961.contig47_5	238	5.3e-76
Gly_radical	PF01228.21	106	D3961.contig47_5	238	1.7e-18
OrfB_Zn_ribbon	PF07282.11	69	D3961.contig47_5	238	0.0087
DUF4119	PF13494.6	92	D3961.contig48_1	61	0.0047
Phage_integrase	PF00589.22	172	D3961.contig48_4	360	1.7e-20
Arm-DNA-bind_4	PF14657.6	46	D3961.contig48_4	360	8.6e-14
Phage_int_SAM_3	PF14659.6	58	D3961.contig48_4	360	9.5e-06
Phage_int_SAM_5	PF13102.6	99	D3961.contig48_4	360	4.2e-05
zf-LITAF-like	PF10601.9	70	D3961.contig48_5	160	0.0013
Peptidase_M78	PF06114.13	123	D3961.contig48_6	129	3e-08
Lac_bphage_repr	PF06543.12	49	D3961.contig48_7	40	0.0034
SUKH_5	PF14567.6	139	D3961.contig49_1	420	0.068
DUF2833	PF11090.8	86	D3961.contig49_2	163	1.5e-05
DUF3987	PF13148.6	365	D3961.contig49_3	219	0.049
NLPC_P60	PF00877.19	105	D3961.contig49_4	426	5.9e-11
Sua5_yciO_yrdC	PF01300.18	179	D3961.contig50_1	753	5.8e-47
HypF_C	PF17788.1	102	D3961.contig50_1	753	4.9e-32
zf-HYPF	PF07503.12	34	D3961.contig50_1	753	1e-27
zf-HYPF	PF07503.12	34	D3961.contig50_1	753	1e-27
Acylphosphatase	PF00708.18	85	D3961.contig50_1	753	7.8e-18
Peptidase_M22	PF00814.25	271	D3961.contig50_1	753	1.4e-10
Fer4_12	PF13353.6	139	D3961.contig50_2	409	6.2e-13
Radical_SAM	PF04055.21	167	D3961.contig50_2	409	4.2e-12
Fer4_14	PF13394.6	118	D3961.contig50_2	409	2.5e-06
SPASM	PF13186.6	68	D3961.contig50_2	409	4.9e-06
DNA_binding_1	PF01035.20	81	D3961.contig51_1	166	1.6e-31
FAA_hydrolase	PF01557.18	218	D3961.contig51_2	75	2.2e-19
PriA_3primeBD	PF17764.1	96	D3961.contig51_3	402	0.046
Aminotran_4	PF01063.19	223	D3961.contig51_4	346	3.3e-36
Collagen	PF01391.18	60	D3961.contig52_1	1105	9.4e-11
Collagen	PF01391.18	60	D3961.contig52_1	1105	9.4e-11
YadA_stalk	PF05662.14	43	D3961.contig52_1	1105	9.2e-09
3D	PF06725.11	75	D3961.contig53_1	324	2.4e-17
G5	PF07501.12	75	D3961.contig53_1	324	1.3e-15
DUF348	PF03990.14	41	D3961.contig53_1	324	2.4e-11
DUF348	PF03990.14	41	D3961.contig53_1	324	2.4e-11
PMSR	PF01625.21	153	D3961.contig53_2	312	5.3e-56
SelR	PF01641.18	121	D3961.contig53_2	312	1.3e-40
Meth_synt_2	PF01717.18	324	D3961.contig53_3	310	3.6e-17
Meth_synt_1	PF08267.12	313	D3961.contig53_3	310	0.016
Lipase_GDSL_2	PF13472.6	179	D3961.contig54_1	693	0.0024
Spectrin	PF00435.21	105	D3961.contig54_2	115	0.027
ArlS_N	PF18719.1	128	D3961.contig54_3	155	0.00023
CarboxypepD_reg	PF13620.6	82	D3961.contig54_3	155	0.02
TMP-TENI	PF02581.17	181	D3961.contig54_4	88	0.021
IL2RB_N1	PF18707.1	92	D3961.contig54_4	88	0.044
YdaS_antitoxin	PF15943.5	65	D3961.contig55_2	70	0.00033
HTH_37	PF13744.6	80	D3961.contig55_2	70	0.00044
HTH_31	PF13560.6	64	D3961.contig55_2	70	0.0015
HTH_3	PF01381.22	55	D3961.contig55_2	70	0.0027
DUF3218	PF11508.8	213	D3961.contig55_3	45	0.023
TRPM_tetra	PF16519.5	56	D3961.contig55_3	45	0.051
DUF4145	PF13643.6	88	D3961.contig55_4	228	1.2e-09
zf-ribbon_3	PF13248.6	26	D3961.contig55_4	228	0.019
zinc_ribbon_2	PF13240.6	23	D3961.contig55_4	228	0.02
DUF3102	PF11300.8	130	D3961.contig55_5	303	3e-07
Exonuc_VII_L	PF02601.15	304	D3961.contig55_5	303	0.0024
ORF6C	PF10552.9	114	D3961.contig55_6	141	5.3e-33
HTH_17	PF12728.7	51	D3961.contig55_7	93	9.8e-06
MerR_1	PF13411.6	69	D3961.contig55_7	93	0.00031
Bac_transf	PF02397.16	184	D3961.contig56_1	223	1.5e-51
DegT_DnrJ_EryC1	PF01041.17	361	D3961.contig56_2	400	1.4e-96
Aminotran_1_2	PF00155.21	363	D3961.contig56_2	400	7.6e-07
Cys_Met_Meta_PP	PF01053.20	382	D3961.contig56_2	400	4.9e-06
AAA_31	PF13614.6	177	D3961.contig56_3	207	5.1e-09
CBP_BcsQ	PF06564.12	234	D3961.contig56_3	207	7.2e-07
CbiA	PF01656.23	128	D3961.contig56_3	207	1.8e-06
ParA	PF10609.9	246	D3961.contig56_3	207	8.3e-06
MipZ	PF09140.11	262	D3961.contig56_3	207	4.5e-05
GNVR	PF13807.6	82	D3961.contig56_4	213	1.8e-17
LapA_dom	PF06305.11	64	D3961.contig56_4	213	0.0027
OstA	PF03968.14	113	D3961.contig57_1	461	4.1e-07
