target	acc	tlen	query	qlen	evalue
RecT	PF03837.14	199	D3940.contig1_1	344	4.6e-26
SSB	PF00436.25	104	D3940.contig1_2	129	2.1e-35
TraN	PF06986.11	240	D3940.contig1_7	1120	9.4e-37
TraN	PF06986.11	240	D3940.contig1_7	1120	9.4e-37
TraU	PF06834.11	307	D3940.contig1_8	349	3.9e-82
EAL	PF00563.20	238	D3940.contig1_9	230	1.4e-25
TrbC_Ftype	PF09673.10	112	D3940.contig1_10	384	2.4e-15
Diphthamide_syn	PF01866.17	303	D3940.contig1_10	384	0.026
Peptidase_S26	PF10502.9	138	D3940.contig1_11	164	1.3e-17
Peptidase_S24	PF00717.23	70	D3940.contig1_11	164	0.032
TraC_F_IV	PF11130.8	238	D3940.contig1_13	801	2.3e-36
AAA_10	PF12846.7	362	D3940.contig1_13	801	3.4e-15
DUF87	PF01935.17	227	D3940.contig1_13	801	0.0067
Thioredoxin_2	PF13098.6	109	D3940.contig1_14	229	7e-13
DsbC_N	PF10411.9	54	D3940.contig1_14	229	8.5e-06
DDE_Tnp_1	PF01609.21	214	D3940.contig1_15	475	3.5e-16
DUF772	PF05598.11	73	D3940.contig1_15	475	3.4e-15
DDE_Tnp_1_6	PF13751.6	125	D3940.contig1_15	475	1.2e-14
Big_9	PF17963.1	90	D3940.contig1_16	2262	1e-78
Big_9	PF17963.1	90	D3940.contig1_16	2262	1e-78
Big_9	PF17963.1	90	D3940.contig1_16	2262	1e-78
Big_9	PF17963.1	90	D3940.contig1_16	2262	1e-78
Big_9	PF17963.1	90	D3940.contig1_16	2262	1e-78
Big_9	PF17963.1	90	D3940.contig1_16	2262	1e-78
Big_9	PF17963.1	90	D3940.contig1_16	2262	1e-78
Big_9	PF17963.1	90	D3940.contig1_16	2262	1e-78
Big_9	PF17963.1	90	D3940.contig1_16	2262	1e-78
Cadherin_5	PF17892.1	98	D3940.contig1_16	2262	1.6e-22
Cadherin_4	PF17803.1	72	D3940.contig1_16	2262	2.5e-09
TrbC	PF04956.13	99	D3940.contig1_17	124	6.5e-07
TraV	PF09676.10	132	D3940.contig1_18	176	7.3e-21
TrbI	PF03743.14	187	D3940.contig1_19	451	2e-36
TraK	PF06586.11	231	D3940.contig1_20	392	8.3e-22
TraE	PF05309.11	182	D3940.contig1_21	213	8.5e-22
TraL	PF07178.11	90	D3940.contig1_22	94	6.2e-27
Thioredoxin_4	PF13462.6	166	D3940.contig1_23	271	5.5e-24
DSBA	PF01323.20	193	D3940.contig1_23	271	2.7e-14
Thioredoxin_2	PF13098.6	109	D3940.contig1_23	271	0.0016
Thioredoxin_5	PF13743.6	186	D3940.contig1_23	271	0.011
Castor_Poll_mid	PF06241.12	104	D3940.contig1_23	271	0.018
DUF4400	PF14348.6	204	D3940.contig1_24	218	6.4e-27
TrwB_AAD_bind	PF10412.9	386	D3940.contig1_26	624	1.3e-15
TrwB_AAD_bind	PF10412.9	386	D3940.contig1_26	624	1.3e-15
TraG-D_C	PF12696.7	126	D3940.contig1_26	624	4.3e-15
DUF87	PF01935.17	227	D3940.contig1_26	624	7.5e-08
AAA_10	PF12846.7	362	D3940.contig1_26	624	1.2e-05
FtsK_SpoIIIE	PF01580.18	243	D3940.contig1_26	624	0.00014
TraI_2	PF07514.11	327	D3940.contig1_27	1219	1.2e-83
KorB	PF08535.10	89	D3940.contig1_30	378	0.00088
DnaB_C	PF03796.15	255	D3940.contig1_31	465	9.3e-113
DnaB	PF00772.21	103	D3940.contig1_31	465	4.1e-37
AAA_25	PF13481.6	194	D3940.contig1_31	465	1.2e-11
ATPase	PF06745.13	231	D3940.contig1_31	465	3.3e-07
AAA_33	PF13671.6	143	D3940.contig1_31	465	0.0006
AAA_22	PF13401.6	137	D3940.contig1_31	465	0.0017
DnaB_C	PF03796.15	255	D3940.contig1_32	508	2.1e-102
DnaB	PF00772.21	103	D3940.contig1_32	508	5.5e-30
AAA_25	PF13481.6	194	D3940.contig1_32	508	7.9e-08
ATPase	PF06745.13	231	D3940.contig1_32	508	0.011
PDDEXK_1	PF12705.7	255	D3940.contig1_33	173	0.00032
DUF2800	PF10926.8	363	D3940.contig1_33	173	0.017
Toprim	PF01751.22	103	D3940.contig1_35	150	1.2e-30
Topoisom_bac	PF01131.20	413	D3940.contig1_35	150	0.0015
Toprim_4	PF13662.6	89	D3940.contig1_35	150	0.0031
Abhydrolase_6	PF12697.7	220	D3940.contig2_2	292	3.3e-19
Abhydrolase_1	PF00561.20	257	D3940.contig2_2	292	4.9e-12
Hydrolase_4	PF12146.8	239	D3940.contig2_2	292	4.7e-10
UPF0061	PF02696.14	468	D3940.contig2_3	453	3.4e-125
Aldedh	PF00171.22	462	D3940.contig2_4	471	5.6e-104
TP_methylase	PF00590.20	213	D3940.contig2_5	263	4.1e-48
DUF2849	PF11011.8	86	D3940.contig2_6	99	1.8e-22
NIR_SIR	PF01077.22	159	D3940.contig2_7	563	5.1e-57
NIR_SIR	PF01077.22	159	D3940.contig2_7	563	5.1e-57
NIR_SIR_ferr	PF03460.17	69	D3940.contig2_7	563	1e-35
NIR_SIR_ferr	PF03460.17	69	D3940.contig2_7	563	1e-35
DUF934	PF06073.12	107	D3940.contig2_8	175	1e-37
PAPS_reduct	PF01507.19	174	D3940.contig2_9	252	3.8e-36
DUF4304	PF14137.6	117	D3940.contig2_10	261	0.00052
Metal_hydrol	PF10118.9	248	D3940.contig2_11	287	4.2e-72
TetR_N	PF00440.23	47	D3940.contig2_12	194	9.7e-09
GTP1_OBG	PF01018.22	155	D3940.contig2_13	348	2.9e-54
MMR_HSR1	PF01926.23	114	D3940.contig2_13	348	6.8e-26
FeoB_N	PF02421.18	156	D3940.contig2_13	348	4.1e-16
Uma2	PF05685.12	172	D3940.contig2_14	187	1.5e-26
AA_kinase	PF00696.28	241	D3940.contig2_15	373	2.3e-39
PUA	PF01472.20	74	D3940.contig2_15	373	1.7e-19
NAD_binding_10	PF13460.6	184	D3940.contig2_16	302	4.2e-25
Epimerase	PF01370.21	241	D3940.contig2_16	302	3.9e-20
3Beta_HSD	PF01073.19	280	D3940.contig2_16	302	6.3e-15
NmrA	PF05368.13	233	D3940.contig2_16	302	7.5e-15
NAD_binding_4	PF07993.12	257	D3940.contig2_16	302	9.5e-12
RmlD_sub_bind	PF04321.17	287	D3940.contig2_16	302	1.2e-08
Polysacc_synt_2	PF02719.15	294	D3940.contig2_16	302	2e-07
GDP_Man_Dehyd	PF16363.5	332	D3940.contig2_16	302	9.9e-07
PP-binding	PF00550.25	67	D3940.contig2_17	81	5e-09
PP-binding_2	PF14573.6	96	D3940.contig2_17	81	0.00028
Aminotran_1_2	PF00155.21	363	D3940.contig2_18	421	1.3e-55
Aminotran_5	PF00266.19	371	D3940.contig2_18	421	3e-07
Cys_Met_Meta_PP	PF01053.20	382	D3940.contig2_18	421	9.3e-07
Beta_elim_lyase	PF01212.21	293	D3940.contig2_18	421	1.2e-06
HATPase_c	PF02518.26	112	D3940.contig2_19	652	1.8e-20
CHASE3	PF05227.13	138	D3940.contig2_19	652	3.1e-12
Response_reg	PF00072.24	112	D3940.contig2_19	652	4.1e-11
HisKA	PF00512.25	67	D3940.contig2_19	652	5.5e-09
HisKA_3	PF07730.13	68	D3940.contig2_19	652	0.0016
LptF_LptG	PF03739.14	354	D3940.contig2_20	404	8e-63
LptF_LptG	PF03739.14	354	D3940.contig2_21	366	1.1e-61
Catalase	PF00199.19	383	D3940.contig2_23	693	3.8e-172
Catalase-rel	PF06628.12	65	D3940.contig2_23	693	2.1e-23
Catalase_C	PF18011.1	152	D3940.contig2_23	693	3.3e-07
DJ-1_PfpI	PF01965.24	165	D3940.contig2_23	693	0.0001
FA_desaturase	PF00487.24	254	D3940.contig2_24	367	2.2e-26
Acetyltransf_1	PF00583.25	117	D3940.contig2_25	386	0.00027
Phenol_MetA_deg	PF13557.6	241	D3940.contig2_27	267	4e-13
Exo_endo_phos	PF03372.23	233	D3940.contig2_28	257	2.7e-19
Fe-S_biosyn	PF01521.20	111	D3940.contig2_29	114	8.8e-19
Peptidase_M23	PF01551.22	96	D3940.contig2_30	421	4.5e-34
AhpC-TSA	PF00578.21	124	D3940.contig2_31	157	9.7e-33
Redoxin	PF08534.10	147	D3940.contig2_31	157	3.5e-15
AhpC-TSA_2	PF13911.6	113	D3940.contig2_31	157	0.0015
SCO1-SenC	PF02630.14	134	D3940.contig2_31	157	0.02
GlnE	PF03710.15	251	D3940.contig2_32	890	1.3e-102
GlnE	PF03710.15	251	D3940.contig2_32	890	1.3e-102
GlnD_UR_UTase	PF08335.11	146	D3940.contig2_32	890	1.9e-43
GlnD_UR_UTase	PF08335.11	146	D3940.contig2_32	890	1.9e-43
DUF294	PF03445.13	138	D3940.contig2_32	890	0.0056
DUF294_C	PF10335.9	145	D3940.contig2_32	890	0.014
Sigma70_r4_2	PF08281.12	54	D3940.contig2_34	215	1.8e-13
Sigma70_r2	PF04542.14	71	D3940.contig2_34	215	7e-12
Sigma70_r4	PF04545.16	50	D3940.contig2_34	215	0.00036
Sigma70_ECF	PF07638.11	185	D3940.contig2_34	215	0.0052
Response_reg	PF00072.24	112	D3940.contig2_36	269	4e-13
Sigma70_r4_2	PF08281.12	54	D3940.contig2_36	269	0.00032
NepR	PF18557.1	35	D3940.contig2_37	30	3.4e-07
HisKA_2	PF07568.12	76	D3940.contig2_38	529	4.6e-18
HWE_HK	PF07536.14	83	D3940.contig2_38	529	1.3e-07
DUF4198	PF10670.9	213	D3940.contig3_1	240	2.3e-16
TonB_dep_Rec	PF00593.24	470	D3940.contig3_2	704	4.5e-64
Plug	PF07715.15	108	D3940.contig3_2	704	7.6e-19
Trypsin_2	PF13365.6	150	D3940.contig3_3	385	1e-31
PDZ_2	PF13180.6	82	D3940.contig3_3	385	1.3e-15
Trypsin	PF00089.26	221	D3940.contig3_3	385	6.9e-14
PDZ	PF00595.24	82	D3940.contig3_3	385	2.4e-10
PDZ_6	PF17820.1	56	D3940.contig3_3	385	1.8e-07
NIF3	PF01784.18	245	D3940.contig3_4	253	3.2e-56
PAPS_reduct	PF01507.19	174	D3940.contig3_5	306	2.6e-67
APS_kinase	PF01583.20	158	D3940.contig3_6	633	3e-48
GTP_EFTU	PF00009.27	194	D3940.contig3_6	633	2.9e-44
MMR_HSR1	PF01926.23	114	D3940.contig3_6	633	2e-09
GTP_EFTU_D2	PF03144.25	74	D3940.contig3_6	633	3.7e-07
AAA_33	PF13671.6	143	D3940.contig3_6	633	2.2e-05
Zeta_toxin	PF06414.12	199	D3940.contig3_6	633	0.00022
AAA_16	PF13191.6	170	D3940.contig3_6	633	0.0016
Acyltransferase	PF01553.21	135	D3940.contig3_7	300	2e-16
PTA_PTB	PF01515.19	319	D3940.contig3_8	700	1.6e-110
AAA_26	PF13500.6	198	D3940.contig3_8	700	5.3e-40
DRTGG	PF07085.12	105	D3940.contig3_8	700	4.2e-30
CbiA	PF01656.23	128	D3940.contig3_8	700	6.6e-05
FKBP_C	PF00254.28	94	D3940.contig3_9	162	2.3e-12
GSHPx	PF00255.19	108	D3940.contig3_10	161	1.4e-40
Redoxin	PF08534.10	147	D3940.contig3_10	161	1.3e-05
AhpC-TSA	PF00578.21	124	D3940.contig3_10	161	1.7e-05
Oxidored_FMN	PF00724.20	342	D3940.contig3_11	368	1.7e-74
Glycos_transf_1	PF00534.20	172	D3940.contig3_12	412	1.9e-26
Glyco_trans_1_4	PF13692.6	134	D3940.contig3_12	412	2.5e-25
Glyco_transf_4	PF13439.6	170	D3940.contig3_12	412	1.6e-24
Glyco_trans_4_4	PF13579.6	160	D3940.contig3_12	412	3.2e-15
Glyco_trans_1_2	PF13524.6	92	D3940.contig3_12	412	1.5e-06
Glyco_trans_4_2	PF13477.6	139	D3940.contig3_12	412	5.2e-06
EI24	PF07264.11	178	D3940.contig3_13	252	2.2e-36
Pyr_redox_2	PF07992.14	294	D3940.contig3_14	321	7.6e-49
Pyr_redox_3	PF13738.6	305	D3940.contig3_14	321	2e-20
Pyr_redox	PF00070.27	81	D3940.contig3_14	321	8.8e-15
FAD_binding_2	PF00890.24	417	D3940.contig3_14	321	5.5e-06
GIDA	PF01134.22	392	D3940.contig3_14	321	2.1e-05
FAD_oxidored	PF12831.7	433	D3940.contig3_14	321	5e-05
NAD_binding_8	PF13450.6	68	D3940.contig3_14	321	0.0019
HopJ	PF08888.11	109	D3940.contig3_15	113	2.5e-37
DUF1244	PF06844.11	67	D3940.contig3_16	99	5.3e-37
Terminase_4	PF05119.12	99	D3940.contig3_16	99	0.001
FolB	PF02152.18	111	D3940.contig3_17	124	3e-25
GTP_cyclohydroI	PF01227.22	179	D3940.contig3_18	187	1.3e-76
MAPKK1_Int	PF08923.10	119	D3940.contig3_18	187	0.016
adh_short	PF00106.25	195	D3940.contig3_19	237	6.4e-25
adh_short_C2	PF13561.6	234	D3940.contig3_19	237	1.1e-24
KR	PF08659.10	180	D3940.contig3_19	237	0.00012
ABM	PF03992.16	78	D3940.contig3_20	187	0.0018
MerR_1	PF13411.6	69	D3940.contig3_21	309	1.9e-16
MerR	PF00376.23	38	D3940.contig3_21	309	7.3e-15
HTH_17	PF12728.7	51	D3940.contig3_21	309	0.0013
HTH_23	PF13384.6	50	D3940.contig3_21	309	0.0026
HTH_28	PF13518.6	52	D3940.contig3_21	309	0.0045
PAS_9	PF13426.7	104	D3940.contig3_23	156	1.6e-18
PAS	PF00989.25	113	D3940.contig3_23	156	1.8e-11
PAS_8	PF13188.7	67	D3940.contig3_23	156	2e-09
PAS_3	PF08447.12	89	D3940.contig3_23	156	2.2e-09
PAS_4	PF08448.10	110	D3940.contig3_23	156	9.3e-05
DUF2399	PF09664.10	152	D3940.contig3_23	156	0.0019
Flavodoxin_1	PF00258.25	143	D3940.contig3_24	152	1.1e-16
FMN_red	PF03358.15	155	D3940.contig3_24	152	0.0045
LysR_substrate	PF03466.20	209	D3940.contig3_25	299	2.8e-44
HTH_1	PF00126.27	60	D3940.contig3_25	299	6e-21
LrgA	PF03788.14	94	D3940.contig3_26	129	8.7e-23
LrgB	PF04172.16	214	D3940.contig3_27	229	1.7e-67
Aldolase_II	PF00596.21	186	D3940.contig3_28	261	1.3e-40
Abhydrolase_1	PF00561.20	257	D3940.contig3_29	291	4.6e-18
Abhydrolase_6	PF12697.7	220	D3940.contig3_29	291	3.8e-17
Hydrolase_4	PF12146.8	239	D3940.contig3_29	291	8.9e-05
DUF1057	PF06342.12	297	D3940.contig3_29	291	0.015
HTH_50	PF18024.1	50	D3940.contig4_6	200	0.0017
ANAPC3	PF12895.7	82	D3940.contig4_7	496	0.0098
DUF4055	PF13264.6	135	D3940.contig4_8	489	4e-26
Phage_Mu_F	PF04233.14	112	D3940.contig4_9	348	3.9e-05
APG6_N	PF17675.1	133	D3940.contig4_10	233	0.014
Taxilin	PF09728.9	308	D3940.contig4_13	183	0.0016
HeH	PF12949.7	35	D3940.contig4_13	183	0.0021
HipA_C	PF07804.12	212	D3940.contig4_16	192	0.063
DUF4128	PF13554.6	128	D3940.contig4_17	132	1.3e-07
TMP_2	PF06791.13	205	D3940.contig4_21	988	3.3e-77
Phage_min_tail	PF05939.13	108	D3940.contig4_22	113	7.1e-30
Phage_tail_L	PF05100.12	206	D3940.contig4_23	229	2.6e-59
NLPC_P60	PF00877.19	105	D3940.contig4_24	251	4.5e-17
Prok-JAB	PF14464.6	118	D3940.contig4_24	251	9.5e-14
Lambda_tail_I	PF06805.12	86	D3940.contig4_25	199	1.8e-07
Phage-tail_3	PF13550.6	164	D3940.contig4_26	1256	2.2e-17
DUF1983	PF09327.11	81	D3940.contig4_26	1256	3.9e-16
T4_gp9_10	PF07880.11	285	D3940.contig4_28	164	0.012
Caudo_TAP	PF02413.17	130	D3940.contig4_29	189	1.2e-10
Phage_tail_APC	PF16778.5	60	D3940.contig4_29	189	5.9e-08
Acetyltransf_6	PF13480.7	142	D3940.contig4_30	327	6.2e-10
Glyco_hydro_19	PF00182.19	232	D3940.contig4_31	202	3.7e-12
Phage_lysis	PF03245.13	126	D3940.contig4_32	169	5.6e-14
HemX	PF04375.14	338	D3940.contig4_32	169	0.0022
TALPID3	PF15324.6	1254	D3940.contig4_32	169	0.052
CopD	PF05425.13	105	D3940.contig5_3	313	1.3e-19
CopC	PF04234.12	92	D3940.contig5_4	128	1.4e-22
Big_5	PF13205.6	108	D3940.contig5_4	128	1.3e-07
HATPase_c	PF02518.26	112	D3940.contig5_5	463	4.3e-19
HisKA	PF00512.25	67	D3940.contig5_5	463	2.1e-12
HAMP	PF00672.25	53	D3940.contig5_5	463	1.9e-09
HATPase_c_5	PF14501.6	101	D3940.contig5_5	463	4e-05
HATPase_c_2	PF13581.6	125	D3940.contig5_5	463	0.011
Response_reg	PF00072.24	112	D3940.contig5_6	230	4.7e-28
Trans_reg_C	PF00486.28	77	D3940.contig5_6	230	1.3e-24
Copper-bind	PF00127.20	99	D3940.contig5_8	179	1.6e-08
Cupredoxin_1	PF13473.6	104	D3940.contig5_8	179	3.9e-06
DUF2933	PF11666.8	52	D3940.contig5_9	84	4.6e-19
E1-E2_ATPase	PF00122.20	181	D3940.contig5_10	786	3.8e-54
Hydrolase	PF00702.26	210	D3940.contig5_10	786	6.2e-39
YHS	PF04945.13	48	D3940.contig5_10	786	1.3e-13
Hydrolase_3	PF08282.12	255	D3940.contig5_10	786	6.1e-08
DUF2971	PF11185.8	84	D3940.contig5_12	494	9.3e-08
Histone_HNS	PF00816.21	92	D3940.contig5_13	122	0.00083
UPF0126	PF03458.13	78	D3940.contig5_15	43	0.071
DDE_Tnp_1	PF01609.21	214	D3940.contig5_17	327	1.5e-34
DUF772	PF05598.11	73	D3940.contig5_17	327	7.5e-20
DDE_Tnp_4	PF13359.6	158	D3940.contig5_17	327	4.1e-06
DDE_Tnp_1_6	PF13751.6	125	D3940.contig5_17	327	5.7e-06
DDE_Tnp_1_3	PF13612.6	155	D3940.contig5_17	327	6.5e-05
HupE_UreJ_2	PF13795.6	155	D3940.contig5_18	246	5.5e-53
Cyt_bd_oxida_I	PF01654.17	418	D3940.contig5_19	120	6.9e-05
Trns_repr_metal	PF02583.17	77	D3940.contig5_20	98	4.4e-24
NicO	PF03824.16	283	D3940.contig5_21	383	1.9e-38
DsbD_2	PF13386.6	199	D3940.contig5_21	383	6.4e-10
DsbD	PF02683.15	213	D3940.contig5_21	383	0.003
TraX	PF05857.11	217	D3940.contig5_22	321	5.1e-47
Amidase_3	PF01520.18	175	D3940.contig5_23	368	1.1e-41
AMIN	PF11741.8	97	D3940.contig5_23	368	7.5e-19
CytB6-F_Fe-S	PF08802.10	39	D3940.contig5_23	368	0.022
DDE_Tnp_1	PF01609.21	214	D3940.contig5_24	178	3e-29
DDE_Tnp_4	PF13359.6	158	D3940.contig5_24	178	2.1e-06
DDE_Tnp_1_6	PF13751.6	125	D3940.contig5_24	178	3.9e-06
DDE_Tnp_1_3	PF13612.6	155	D3940.contig5_24	178	0.0022
RVT_1	PF00078.27	222	D3940.contig5_25	423	7.6e-46
GIIM	PF08388.11	80	D3940.contig5_25	423	9.9e-16
Transcrip_reg	PF01709.20	240	D3940.contig6_1	186	1.4e-60
Epimerase	PF01370.21	241	D3940.contig6_2	317	5.1e-28
GDP_Man_Dehyd	PF16363.5	332	D3940.contig6_2	317	9.3e-16
RmlD_sub_bind	PF04321.17	287	D3940.contig6_2	317	4.9e-13
NAD_binding_4	PF07993.12	257	D3940.contig6_2	317	6e-06
3Beta_HSD	PF01073.19	280	D3940.contig6_2	317	2.4e-05
Polysacc_synt_2	PF02719.15	294	D3940.contig6_2	317	3.3e-05
Semialdhyde_dhC	PF02774.18	184	D3940.contig6_4	336	2.4e-51
Semialdhyde_dh	PF01118.24	121	D3940.contig6_4	336	2.3e-27
DapB_N	PF01113.20	124	D3940.contig6_4	336	0.0046
LysR_substrate	PF03466.20	209	D3940.contig6_7	298	4.2e-38
HTH_1	PF00126.27	60	D3940.contig6_7	298	4e-19
RseC_MucC	PF04246.12	130	D3940.contig6_8	66	0.049
Amino_oxidase	PF01593.24	452	D3940.contig6_9	490	2.4e-24
NAD_binding_8	PF13450.6	68	D3940.contig6_9	490	1.2e-15
DAO	PF01266.24	352	D3940.contig6_9	490	6.7e-12
HI0933_like	PF03486.14	409	D3940.contig6_9	490	6.5e-08
Pyr_redox_2	PF07992.14	294	D3940.contig6_9	490	6.9e-06
MCRA	PF06100.11	496	D3940.contig6_9	490	0.00011
FAD_binding_2	PF00890.24	417	D3940.contig6_9	490	0.00014
FAD_oxidored	PF12831.7	433	D3940.contig6_9	490	0.0037
Peptidase_M24	PF00557.24	209	D3940.contig6_10	467	3.4e-42
AMP_N	PF05195.16	123	D3940.contig6_10	467	8.9e-22
Ferrochelatase	PF00762.19	317	D3940.contig6_11	344	1.2e-98
FA_desaturase	PF00487.24	254	D3940.contig6_12	234	9.9e-19
FA_desaturase	PF00487.24	254	D3940.contig6_12	234	9.9e-19
LYTB	PF02401.18	264	D3940.contig6_13	284	7.5e-83
Caroten_synth	PF04240.12	209	D3940.contig6_14	225	9.7e-29
Glycos_transf_2	PF00535.26	170	D3940.contig6_15	363	1.5e-22
Glyco_tranf_2_3	PF13641.6	230	D3940.contig6_15	363	2.7e-16
Glyco_tranf_2_4	PF13704.6	96	D3940.contig6_15	363	3.2e-07
Glyco_tranf_2_2	PF10111.9	276	D3940.contig6_15	363	0.00026
Acyltransferase	PF01553.21	135	D3940.contig6_16	209	1.3e-07
Acyltransferase	PF01553.21	135	D3940.contig6_17	208	1.1e-09
GDP_Man_Dehyd	PF16363.5	332	D3940.contig6_18	272	4.9e-38
Epimerase	PF01370.21	241	D3940.contig6_18	272	8.7e-31
3Beta_HSD	PF01073.19	280	D3940.contig6_18	272	3.8e-05
RmlD_sub_bind	PF04321.17	287	D3940.contig6_18	272	0.0046
Transgly	PF00912.22	178	D3940.contig7_1	820	1.5e-62
Transpeptidase	PF00905.22	306	D3940.contig7_1	820	7e-29
Transpeptidase	PF00905.22	306	D3940.contig7_1	820	7e-29
PCB_OB	PF17092.5	112	D3940.contig7_1	820	1.8e-22
PilM_2	PF11104.8	340	D3940.contig7_2	218	2.1e-55
PilN	PF05137.13	78	D3940.contig7_3	184	1.6e-16
RskA	PF10099.9	180	D3940.contig7_3	184	0.0023
PilO	PF04350.13	146	D3940.contig7_4	342	7.9e-35
PilP	PF04351.13	147	D3940.contig7_4	342	7.4e-30
Secretin	PF00263.21	170	D3940.contig7_5	465	1.1e-49
Secretin_N	PF03958.17	82	D3940.contig7_5	465	8.7e-13
STN	PF07660.14	52	D3940.contig7_5	465	9.5e-12
SKI	PF01202.22	158	D3940.contig7_6	164	4.1e-53
AAA_18	PF13238.6	130	D3940.contig7_6	164	0.00049
DHQ_synthase	PF01761.20	262	D3940.contig7_7	367	9.3e-107
Fe-ADH_2	PF13685.6	250	D3940.contig7_7	367	2.2e-12
Fe-ADH	PF00465.19	364	D3940.contig7_7	367	2.8e-07
SPOR	PF05036.13	76	D3940.contig7_8	520	8.6e-12
AAA_22	PF13401.6	137	D3940.contig7_8	520	7.4e-11
AAA_30	PF13604.6	192	D3940.contig7_8	520	1.2e-06
AAA_16	PF13191.6	170	D3940.contig7_8	520	6.4e-06
T2SSE	PF00437.20	273	D3940.contig7_8	520	0.0027
GATase_2	PF00310.21	420	D3940.contig7_9	1320	1.7e-171
Glu_synthase	PF01645.17	368	D3940.contig7_9	1320	1e-147
Glu_syn_central	PF04898.14	279	D3940.contig7_9	1320	8.3e-102
GXGXG	PF01493.19	190	D3940.contig7_9	1320	1.2e-25
FMN_dh	PF01070.18	348	D3940.contig7_9	1320	2.7e-05
Flavodoxin_1	PF00258.25	143	D3940.contig8_1	214	1.1e-09
FAD_binding_1	PF00667.20	222	D3940.contig8_1	214	9e-08
PhyH	PF05721.13	211	D3940.contig8_2	292	2.3e-30
adh_short	PF00106.25	195	D3940.contig8_3	311	1.4e-47
adh_short_C2	PF13561.6	234	D3940.contig8_3	311	2.7e-38
KR	PF08659.10	180	D3940.contig8_3	311	2.2e-21
Acyl-CoA_dh_C	PF12806.7	124	D3940.contig8_4	608	7e-27
Acyl-CoA_dh_1	PF00441.24	150	D3940.contig8_4	608	2.2e-18
Acyl-CoA_dh_M	PF02770.19	97	D3940.contig8_4	608	7.3e-15
AcylCoA_DH_N	PF12418.8	32	D3940.contig8_4	608	7.6e-06
Acyl-CoA_dh_N	PF02771.16	113	D3940.contig8_4	608	0.0013
Thiolase_N	PF00108.23	260	D3940.contig8_5	395	1.2e-63
Thiolase_C	PF02803.18	123	D3940.contig8_5	395	9e-42
ketoacyl-synt	PF00109.26	253	D3940.contig8_5	395	0.00029
MFS_1	PF07690.16	353	D3940.contig8_8	383	4e-22
MFS_1	PF07690.16	353	D3940.contig8_8	383	4e-22
PhyH	PF05721.13	211	D3940.contig8_9	293	9.2e-32
NAD_binding_2	PF03446.15	158	D3940.contig8_10	286	6.6e-19
F420_oxidored	PF03807.17	97	D3940.contig8_10	286	4.8e-10
ApbA	PF02558.16	152	D3940.contig8_10	286	1.7e-08
2-Hacid_dh_C	PF02826.19	178	D3940.contig8_10	286	4.4e-07
Shikimate_DH	PF01488.20	138	D3940.contig8_10	286	6.5e-07
IlvN	PF07991.12	165	D3940.contig8_10	286	6.4e-06
NAD_Gly3P_dh_N	PF01210.23	157	D3940.contig8_10	286	7.5e-06
3HCDH_N	PF02737.18	180	D3940.contig8_10	286	7e-05
TetR_N	PF00440.23	47	D3940.contig8_12	210	9.6e-11
TetR_C_15	PF17918.1	108	D3940.contig8_12	210	0.016
TetR_N	PF00440.23	47	D3940.contig8_13	200	6.4e-10
DUF148	PF02520.17	109	D3940.contig8_13	200	0.027
Aldedh	PF00171.22	462	D3940.contig8_14	153	1.9e-50
SNF2_N	PF00176.23	350	D3940.contig9_3	571	8e-31
Helicase_C	PF00271.31	111	D3940.contig9_3	571	2.5e-16
ResIII	PF04851.15	171	D3940.contig9_3	571	7.7e-11
SWI2_SNF2	PF18766.1	224	D3940.contig9_3	571	0.0002
DEAD	PF00270.29	176	D3940.contig9_3	571	0.00021
Ribonuc_red_lgC	PF02867.15	524	D3940.contig9_5	366	0.0003
AAA_31	PF13614.6	177	D3940.contig9_7	326	2.7e-07
CbiA	PF01656.23	128	D3940.contig9_7	326	3.3e-05
CBP_BcsQ	PF06564.12	234	D3940.contig9_7	326	0.0084
MPTase-PolyVal	PF18818.1	126	D3940.contig9_10	333	5.1e-15
DUF1738	PF08401.11	128	D3940.contig9_10	333	0.015
DDE_Tnp_ISL3	PF01610.17	240	D3940.contig9_11	434	5.6e-70
zf-ISL3	PF14690.6	47	D3940.contig9_11	434	2.8e-08
HTH_Tnp_ISL3	PF13542.6	52	D3940.contig9_11	434	0.0011
Histone_HNS	PF00816.21	92	D3940.contig9_14	123	0.00029
NucS	PF01939.16	229	D3940.contig9_15	258	3e-11
YhcG_C	PF06250.11	155	D3940.contig9_15	258	0.012
Queuosine_synth	PF02547.15	325	D3940.contig9_17	159	1.6e-31
Gag_spuma	PF03276.14	614	D3940.contig10_2	101	0.013
SprT-like	PF10263.9	113	D3940.contig10_5	624	8.7e-19
SNF2_N	PF00176.23	350	D3940.contig10_5	624	2e-12
DDE_3	PF13358.6	146	D3940.contig10_6	335	8.8e-15
HTH_Tnp_Tc3_2	PF01498.18	72	D3940.contig10_6	335	6.5e-08
HTH_28	PF13518.6	52	D3940.contig10_6	335	6.6e-06
HTH_32	PF13565.6	73	D3940.contig10_6	335	0.00057
HTH_11	PF08279.12	55	D3940.contig10_6	335	0.00097
DDE_Tnp_1_7	PF13843.6	350	D3940.contig10_8	329	2.1e-09
DDE_Tnp_1	PF01609.21	214	D3940.contig10_8	329	0.019
BppU_N	PF10651.9	148	D3940.contig11_1	98	7.1e-05
Peptidase_G2	PF11962.8	228	D3940.contig11_2	889	2.4e-50
Pectate_lyase_3	PF12708.7	215	D3940.contig11_2	889	5e-18
Prophage_tail	PF06605.11	316	D3940.contig11_3	619	2.8e-22
Lipase_GDSL_2	PF13472.6	179	D3940.contig11_3	619	2.6e-17
Lipase_GDSL	PF00657.22	200	D3940.contig11_3	619	1.8e-11
Lipase_GDSL_3	PF14606.6	178	D3940.contig11_3	619	0.00077
Sipho_tail	PF05709.11	255	D3940.contig11_4	313	5.2e-21
DUF3029	PF11230.8	485	D3940.contig11_4	313	0.0013
Phage_TAC_12	PF12363.8	111	D3940.contig11_7	165	1.4e-13
DUF2572	PF10833.8	220	D3940.contig11_7	165	0.0044
PUD	PF03714.14	92	D3940.contig11_8	180	0.019
DUF3168	PF11367.8	117	D3940.contig11_9	146	6.1e-16
Ras	PF00071.22	162	D3940.contig12_1	178	8.1e-43
Roc	PF08477.13	120	D3940.contig12_1	178	4.2e-13
GTP_EFTU	PF00009.27	194	D3940.contig12_1	178	1.9e-05
Arf	PF00025.21	175	D3940.contig12_1	178	0.0013
Pkinase	PF00069.25	264	D3940.contig12_7	169	6.3e-32
Pkinase_Tyr	PF07714.17	259	D3940.contig12_7	169	4.1e-08
zf-CGNR	PF11706.8	44	D3940.contig13_1	131	1.3e-18
ABATE	PF07336.11	129	D3940.contig13_1	131	1.7e-10
DNA_binding_1	PF01035.20	81	D3940.contig13_2	355	3.8e-33
Ada_Zn_binding	PF02805.16	65	D3940.contig13_2	355	5.9e-29
HTH_18	PF12833.7	81	D3940.contig13_2	355	5.1e-17
HTH_AraC	PF00165.23	42	D3940.contig13_2	355	1.4e-13
Methyltransf_1N	PF02870.15	77	D3940.contig13_2	355	0.0068
2OG-FeII_Oxy_2	PF13532.6	196	D3940.contig13_3	227	1.8e-51
Oxygenase-NA	PF09859.9	172	D3940.contig13_4	239	4.8e-85
2OG-FeII_Oxy_3	PF13640.6	96	D3940.contig13_4	239	7.5e-06
DUF4973	PF16343.5	130	D3940.contig13_5	57	0.064
TPR_19	PF14559.6	68	D3940.contig13_5	57	0.081
DUF1883	PF08980.10	89	D3940.contig13_6	101	2.2e-31
Cytochrom_C	PF00034.21	92	D3940.contig13_8	217	7.2e-16
Cytochrom_C	PF00034.21	92	D3940.contig13_8	217	7.2e-16
Cytochrome_CBB3	PF13442.6	67	D3940.contig13_8	217	3.2e-13
Cytochrome_CBB3	PF13442.6	67	D3940.contig13_8	217	3.2e-13
Cytochrome_CBB3	PF13442.6	67	D3940.contig13_9	308	4.3e-14
Cytochrom_C	PF00034.21	92	D3940.contig13_9	308	4.2e-13
NTP_transferase	PF00483.23	248	D3940.contig13_13	280	2.9e-30
NTP_transf_3	PF12804.7	160	D3940.contig13_13	280	8.1e-07
HTH_18	PF12833.7	81	D3940.contig13_14	256	2.1e-20
HTH_AraC	PF00165.23	42	D3940.contig13_14	256	1.3e-08
AraC_binding	PF02311.19	136	D3940.contig13_14	256	6.9e-08
Plug	PF07715.15	108	D3940.contig13_15	510	2.7e-22
TonB_dep_Rec	PF00593.24	470	D3940.contig13_15	510	1.7e-21
OMP_b-brl	PF13505.6	178	D3940.contig13_15	510	0.0021
Resolvase	PF00239.21	146	D3940.contig14_2	459	2.6e-41
Recombinase	PF07508.13	104	D3940.contig14_2	459	6.4e-19
Zn_ribbon_recom	PF13408.6	58	D3940.contig14_2	459	0.00032
Zn_Tnp_IS1595	PF12760.7	46	D3940.contig14_2	459	0.00082
Lar_restr_allev	PF14354.6	62	D3940.contig14_2	459	0.012
Amidase_3	PF01520.18	175	D3940.contig14_3	472	4.7e-26
CHAP	PF05257.16	83	D3940.contig14_3	472	1.2e-13
SH3_5	PF08460.10	65	D3940.contig14_3	472	0.0081
Holin_SPP1	PF04688.13	74	D3940.contig14_4	90	1.3e-16
Conotoxin	PF02950.17	75	D3940.contig14_5	128	0.034
Peptidase_M78	PF06114.13	123	D3940.contig14_7	154	6.4e-08
HTH_3	PF01381.22	55	D3940.contig14_8	108	4.4e-17
HTH_19	PF12844.7	65	D3940.contig14_8	108	6.2e-13
HTH_31	PF13560.6	64	D3940.contig14_8	108	6.6e-11
HTH_26	PF13443.6	63	D3940.contig14_8	108	2.8e-09
YdaS_antitoxin	PF15943.5	65	D3940.contig14_8	108	0.00028
MarR	PF01047.22	59	D3940.contig14_8	108	0.00036
MqsA_antitoxin	PF15731.5	131	D3940.contig14_8	108	0.0044
HTH_3	PF01381.22	55	D3940.contig14_9	83	5.7e-10
HTH_19	PF12844.7	65	D3940.contig14_9	83	1.3e-06
HTH_31	PF13560.6	64	D3940.contig14_9	83	2.9e-06
HTH_26	PF13443.6	63	D3940.contig14_9	83	0.00094
DUF739	PF05339.11	69	D3940.contig14_9	83	0.0084
Ubiq_cyt_C_chap	PF03981.12	141	D3940.contig14_11	57	0.097
ANT	PF03374.14	108	D3940.contig14_12	256	1.6e-36
Phage_pRha	PF09669.10	88	D3940.contig14_12	256	7.4e-21
Vac_Fusion	PF02346.16	56	D3940.contig14_16	92	0.00017
DUF349	PF03993.12	75	D3940.contig14_16	92	0.003
Laminin_I	PF06008.14	259	D3940.contig14_16	92	0.0036
DUF2483	PF10656.9	72	D3940.contig14_17	75	9.7e-26
DUF1071	PF06378.11	148	D3940.contig14_18	209	5.8e-42
SSB	PF00436.25	104	D3940.contig14_19	139	2e-23
HNHc_6	PF16784.5	200	D3940.contig14_20	222	1e-66
DUF968	PF06147.11	200	D3940.contig14_20	222	0.001
ANAPC15	PF15243.6	90	D3940.contig14_21	178	0.035
tRNA-synt_2d	PF01409.20	245	D3940.contig15_2	342	4.1e-103
Phe_tRNA-synt_N	PF02912.18	69	D3940.contig15_2	342	8.7e-21
tRNA_synthFbeta	PF17759.1	214	D3940.contig15_3	695	1.7e-62
B3_4	PF03483.17	174	D3940.contig15_3	695	7.9e-61
FDX-ACB	PF03147.14	94	D3940.contig15_3	695	1.7e-23
B5	PF03484.15	67	D3940.contig15_3	695	3.2e-17
FtsK_SpoIIIE	PF01580.18	243	D3940.contig15_4	762	1.8e-70
FtsK_alpha	PF17854.1	101	D3940.contig15_4	762	8.3e-30
FtsK_gamma	PF09397.10	63	D3940.contig15_4	762	7.9e-27
FtsK_4TM	PF13491.6	171	D3940.contig15_4	762	4.2e-21
AAA_10	PF12846.7	362	D3940.contig15_4	762	4e-05
DUF87	PF01935.17	227	D3940.contig15_4	762	9.4e-05
T2SSE	PF00437.20	273	D3940.contig15_4	762	0.0051
MurJ	PF03023.14	452	D3940.contig15_5	532	1.8e-126
Polysacc_synt_C	PF14667.6	143	D3940.contig15_5	532	1.1e-11
MatE	PF01554.18	161	D3940.contig15_5	532	0.00016
Lysine_decarbox	PF03641.14	132	D3940.contig15_6	304	1.8e-31
LDcluster4	PF18306.1	157	D3940.contig15_6	304	2.9e-08
DsbB	PF02600.16	147	D3940.contig15_7	192	6.2e-10
AAA_5	PF07728.14	138	D3940.contig16_1	345	2.4e-20
CbbQ_C	PF08406.10	85	D3940.contig16_1	345	1.9e-10
AAA	PF00004.29	132	D3940.contig16_1	345	0.0002
DUF3150	PF11348.8	256	D3940.contig16_4	409	2e-81
VWA	PF00092.28	175	D3940.contig16_5	602	2.2e-10
CobT	PF06213.12	276	D3940.contig16_5	602	8.4e-10
PI3K_1B_p101	PF10486.9	859	D3940.contig16_6	141	0.088
DUF4422	PF14393.6	229	D3940.contig16_11	154	0.14
Put_DNA-bind_N	PF06971.13	49	D3940.contig16_12	32	0.032
OEP	PF02321.18	188	D3940.contig17_1	416	2.3e-35
OEP	PF02321.18	188	D3940.contig17_1	416	2.3e-35
HlyD_D23	PF16576.5	214	D3940.contig17_2	495	1.1e-70
HlyD_D4	PF16572.5	56	D3940.contig17_2	495	3.6e-23
HlyD_3	PF13437.6	106	D3940.contig17_2	495	3.1e-21
CusF_Ec	PF11604.8	68	D3940.contig17_2	495	1.8e-20
Biotin_lipoyl_2	PF13533.6	50	D3940.contig17_2	495	9.3e-07
Biotin_lipoyl	PF00364.22	73	D3940.contig17_2	495	0.0007
ACR_tran	PF00873.19	1021	D3940.contig17_3	1048	2.5e-236
SAVED	PF18145.1	191	D3940.contig17_4	389	7.2e-30
HNH_2	PF13391.6	72	D3940.contig17_4	389	6.6e-06
HNH	PF01844.23	47	D3940.contig17_4	389	0.0041
SMODS	PF18144.1	164	D3940.contig17_5	417	1.9e-14
ABC_tran	PF00005.27	137	D3940.contig18_1	150	1.9e-06
DUF4062	PF13271.6	83	D3940.contig18_2	348	4.8e-29
Resolvase	PF00239.21	146	D3940.contig18_4	196	1.2e-37
HTH_7	PF02796.15	45	D3940.contig18_4	196	9e-09
HTH_38	PF13936.6	44	D3940.contig18_4	196	5.8e-05
HTH_28	PF13518.6	52	D3940.contig18_4	196	0.00017
Transposase_mut	PF00872.18	381	D3940.contig18_5	420	3.1e-118
MULE	PF10551.9	96	D3940.contig18_5	420	4.1e-05
HTH_31	PF13560.6	64	D3940.contig18_6	75	0.0063
IstB_IS21	PF01695.17	178	D3940.contig18_9	289	3.6e-60
Bac_DnaA	PF00308.18	219	D3940.contig18_9	289	2.7e-06
PhoH	PF02562.16	205	D3940.contig18_9	289	0.0002
AAA	PF00004.29	132	D3940.contig18_9	289	0.00069
rve	PF00665.26	119	D3940.contig18_10	419	9.6e-21
HTH_38	PF13936.6	44	D3940.contig18_10	419	1.3e-05
HTH_29	PF13551.6	63	D3940.contig18_10	419	6e-05
HTH_23	PF13384.6	50	D3940.contig18_10	419	7.3e-05
rve_3	PF13683.6	67	D3940.contig18_10	419	0.00018
Sigma70_r4_2	PF08281.12	54	D3940.contig18_10	419	0.00032
HTH_11	PF08279.12	55	D3940.contig18_10	419	0.00059
rve	PF00665.26	119	D3940.contig18_11	247	8.6e-33
DDE_Tnp_IS240	PF13610.6	140	D3940.contig18_11	247	1.2e-11
rve_3	PF13683.6	67	D3940.contig18_11	247	1.7e-11
HTH_21	PF13276.6	60	D3940.contig18_11	247	2.2e-10
Transgly	PF00912.22	178	D3940.contig19_1	948	6.6e-26
Transpeptidase	PF00905.22	306	D3940.contig19_1	948	9.4e-10
Transpeptidase	PF00905.22	306	D3940.contig19_1	948	9.4e-10
LysR_substrate	PF03466.20	209	D3940.contig19_2	328	1.1e-34
HTH_1	PF00126.27	60	D3940.contig19_2	328	5.4e-16
DHDPS	PF00701.22	289	D3940.contig19_3	311	3.2e-32
Sigma70_r4_2	PF08281.12	54	D3940.contig19_4	190	1e-13
Sigma70_r2	PF04542.14	71	D3940.contig19_4	190	2.3e-13
Sigma70_r4	PF04545.16	50	D3940.contig19_4	190	6.2e-13
HTH_23	PF13384.6	50	D3940.contig19_4	190	4e-05
Sigma70_ECF	PF07638.11	185	D3940.contig19_4	190	0.0012
RskA	PF10099.9	180	D3940.contig19_5	261	6.5e-27
DAO	PF01266.24	352	D3940.contig19_6	442	3e-55
FAD_binding_2	PF00890.24	417	D3940.contig19_6	442	9.4e-10
Pyr_redox_3	PF13738.6	305	D3940.contig19_6	442	2.3e-07
Thi4	PF01946.17	235	D3940.contig19_6	442	0.00044
FAD_binding_3	PF01494.19	349	D3940.contig19_6	442	0.0008
Pyr_redox_2	PF07992.14	294	D3940.contig19_6	442	0.0027
NAD_binding_8	PF13450.6	68	D3940.contig19_6	442	0.0053
TetR_C_29	PF17938.1	119	D3940.contig19_7	232	2.3e-45
TetR_N	PF00440.23	47	D3940.contig19_7	232	8e-13
TetR_C_24	PF17932.1	114	D3940.contig19_7	232	0.00036
TetR_C_21	PF17926.1	111	D3940.contig19_7	232	0.00075
MFS_1	PF07690.16	353	D3940.contig19_8	85	0.00049
ATG22	PF11700.8	478	D3940.contig19_8	85	0.0086
GXGXG	PF01493.19	190	D3940.contig20_1	164	8e-46
Fer4_20	PF14691.6	113	D3940.contig20_2	473	9.6e-38
Pyr_redox_2	PF07992.14	294	D3940.contig20_2	473	7.6e-26
Pyr_redox_3	PF13738.6	305	D3940.contig20_2	473	1.2e-12
Pyr_redox_3	PF13738.6	305	D3940.contig20_2	473	1.2e-12
Pyr_redox	PF00070.27	81	D3940.contig20_2	473	8.9e-10
NAD_binding_8	PF13450.6	68	D3940.contig20_2	473	4.4e-06
FMO-like	PF00743.19	532	D3940.contig20_2	473	1.4e-05
FAD_oxidored	PF12831.7	433	D3940.contig20_2	473	7.1e-05
HI0933_like	PF03486.14	409	D3940.contig20_2	473	0.0005
FAD_binding_3	PF01494.19	349	D3940.contig20_2	473	0.00053
URO-D	PF01208.17	346	D3940.contig20_3	356	9.6e-140
MFS_1	PF07690.16	353	D3940.contig20_4	425	2.1e-45
MFS_1	PF07690.16	353	D3940.contig20_4	425	2.1e-45
Sugar_tr	PF00083.24	452	D3940.contig20_4	425	2.8e-12
MFS_1_like	PF12832.7	385	D3940.contig20_4	425	0.0054
LysR_substrate	PF03466.20	209	D3940.contig20_5	298	3.8e-40
HTH_1	PF00126.27	60	D3940.contig20_5	298	1.3e-23
ketoacyl-synt	PF00109.26	253	D3940.contig20_7	409	6.3e-48
Ketoacyl-synt_C	PF02801.22	118	D3940.contig20_7	409	5.7e-28
Thiolase_N	PF00108.23	260	D3940.contig20_7	409	0.0027
adh_short_C2	PF13561.6	234	D3940.contig20_8	243	3.7e-55
adh_short	PF00106.25	195	D3940.contig20_8	243	2.7e-50
KR	PF08659.10	180	D3940.contig20_8	243	1.6e-21
Epimerase	PF01370.21	241	D3940.contig20_8	243	0.00012
ApbA	PF02558.16	152	D3940.contig20_8	243	0.021
DUF3105	PF11303.8	129	D3940.contig21_1	102	0.068
HEAT	PF02985.22	31	D3940.contig21_4	621	4.2e-10
ROK	PF00480.20	294	D3940.contig22_2	409	2.7e-23
MarR_2	PF12802.7	62	D3940.contig22_2	409	1.2e-06
HTH_27	PF13463.6	68	D3940.contig22_2	409	0.0023
ABC_tran	PF00005.27	137	D3940.contig22_3	266	1.4e-29
AAA_21	PF13304.6	303	D3940.contig22_3	266	1.6e-06
AAA_29	PF13555.6	61	D3940.contig22_3	266	0.0003
Dynamin_N	PF00350.23	168	D3940.contig22_3	266	0.00033
AAA_22	PF13401.6	137	D3940.contig22_3	266	0.00092
RsgA_GTPase	PF03193.16	167	D3940.contig22_3	266	0.0032
AAA_16	PF13191.6	170	D3940.contig22_3	266	0.0034
AAA_23	PF13476.6	200	D3940.contig22_3	266	0.0035
BPD_transp_2	PF02653.16	268	D3940.contig22_4	329	5.9e-46
Peripla_BP_4	PF13407.6	258	D3940.contig22_5	335	5.8e-50
Peripla_BP_1	PF00532.21	279	D3940.contig22_5	335	3.2e-24
YcgR	PF07317.12	107	D3940.contig22_6	255	2.4e-28
PilZ	PF07238.14	103	D3940.contig22_6	255	4.8e-09
Peripla_BP_3	PF13377.6	166	D3940.contig22_7	133	2.6e-21
Peripla_BP_1	PF00532.21	279	D3940.contig22_7	133	0.00011
Peripla_BP_4	PF13407.6	258	D3940.contig22_7	133	0.00037
NLPC_P60	PF00877.19	105	D3940.contig23_2	193	6.9e-21
LRAT	PF04970.13	127	D3940.contig23_2	193	0.0093
Peptidase_S9	PF00326.21	212	D3940.contig23_3	665	8.6e-48
PD40	PF07676.12	38	D3940.contig23_3	665	1.1e-27
PD40	PF07676.12	38	D3940.contig23_3	665	1.1e-27
PD40	PF07676.12	38	D3940.contig23_3	665	1.1e-27
DPPIV_N	PF00930.21	354	D3940.contig23_3	665	5.7e-11
DLH	PF01738.18	217	D3940.contig23_3	665	7.6e-10
Hydrolase_4	PF12146.8	239	D3940.contig23_3	665	8.3e-10
Peptidase_S15	PF02129.18	269	D3940.contig23_3	665	1.3e-09
Peptidase_S15	PF02129.18	269	D3940.contig23_3	665	1.3e-09
Abhydrolase_6	PF12697.7	220	D3940.contig23_3	665	2.6e-05
FSH1	PF03959.13	212	D3940.contig23_3	665	8.9e-05
BAAT_C	PF08840.11	213	D3940.contig23_3	665	0.00083
Peptidase_S9	PF00326.21	212	D3940.contig23_4	658	2.3e-41
PD40	PF07676.12	38	D3940.contig23_4	658	7.8e-28
PD40	PF07676.12	38	D3940.contig23_4	658	7.8e-28
PD40	PF07676.12	38	D3940.contig23_4	658	7.8e-28
DPPIV_N	PF00930.21	354	D3940.contig23_4	658	3.7e-13
DPPIV_N	PF00930.21	354	D3940.contig23_4	658	3.7e-13
DLH	PF01738.18	217	D3940.contig23_4	658	4.1e-11
Peptidase_S15	PF02129.18	269	D3940.contig23_4	658	5.7e-09
Hydrolase_4	PF12146.8	239	D3940.contig23_4	658	2.2e-06
Abhydrolase_6	PF12697.7	220	D3940.contig23_4	658	6.2e-05
FSH1	PF03959.13	212	D3940.contig23_4	658	0.0005
OMPdecase	PF00215.24	225	D3940.contig23_5	232	5.3e-21
MutL	PF13941.6	452	D3940.contig23_5	232	0.047
Ferrochelatase	PF00762.19	317	D3940.contig24_1	342	3.3e-98
CbiX	PF01903.17	107	D3940.contig24_1	342	4.4e-07
CbiK	PF06180.11	262	D3940.contig24_1	342	0.014
Epimerase	PF01370.21	241	D3940.contig24_2	300	3.6e-22
DUF1731	PF08338.11	47	D3940.contig24_2	300	3.8e-19
NAD_binding_10	PF13460.6	184	D3940.contig24_2	300	8.6e-05
NAD_binding_2	PF03446.15	158	D3940.contig24_2	300	9.2e-05
adh_short	PF00106.25	195	D3940.contig24_2	300	0.0032
Amino_oxidase	PF01593.24	452	D3940.contig24_3	329	1.8e-26
Amino_oxidase	PF01593.24	452	D3940.contig24_3	329	1.8e-26
NAD_binding_8	PF13450.6	68	D3940.contig24_3	329	3.8e-14
DAO	PF01266.24	352	D3940.contig24_3	329	8.3e-05
Pyr_redox_2	PF07992.14	294	D3940.contig24_3	329	0.00013
FAD_binding_2	PF00890.24	417	D3940.contig24_3	329	0.00016
FAD_oxidored	PF12831.7	433	D3940.contig24_3	329	0.001
AlaDh_PNT_C	PF01262.21	214	D3940.contig24_3	329	0.0026
HI0933_like	PF03486.14	409	D3940.contig24_3	329	0.0036
GIDA	PF01134.22	392	D3940.contig24_3	329	0.0052
DUF2389	PF09493.10	61	D3940.contig24_4	72	7.7e-21
DUF1722	PF08349.11	117	D3940.contig24_5	324	7.3e-43
DUF523	PF04463.12	137	D3940.contig24_5	324	3.1e-35
MerR_1	PF13411.6	69	D3940.contig24_6	310	1.5e-17
MerR	PF00376.23	38	D3940.contig24_6	310	5.8e-13
B12-binding_2	PF02607.17	75	D3940.contig24_6	310	0.00013
HTH_Tnp_1	PF01527.20	75	D3940.contig24_6	310	0.00063
HTH_28	PF13518.6	52	D3940.contig24_6	310	0.0028
DNA_photolyase	PF00875.18	164	D3940.contig24_7	117	1.3e-30
CAP59_mtransfer	PF11735.8	241	D3940.contig24_7	117	0.027
SBP_bac_1	PF01547.25	315	D3940.contig25_1	418	3.8e-41
SBP_bac_8	PF13416.6	282	D3940.contig25_1	418	1.7e-32
SBP_bac_6	PF13343.6	245	D3940.contig25_1	418	0.00029
Glyco_hydro_42	PF02449.15	374	D3940.contig25_2	667	1.5e-146
Glyco_hydro_42M	PF08532.10	207	D3940.contig25_2	667	2.4e-33
Cellulase	PF00150.18	281	D3940.contig25_2	667	0.0043
Glyco_hydro_35	PF01301.19	316	D3940.contig25_2	667	0.0064
ABC_tran	PF00005.27	137	D3940.contig25_3	386	5e-30
TOBE_2	PF08402.10	76	D3940.contig25_3	386	1.7e-12
OB_MalK	PF17912.1	53	D3940.contig25_3	386	8.8e-12
TOBE	PF03459.17	64	D3940.contig25_3	386	1.4e-07
RsgA_GTPase	PF03193.16	167	D3940.contig25_3	386	0.00031
CysA_C_terminal	PF17850.1	43	D3940.contig25_3	386	0.001
AAA_16	PF13191.6	170	D3940.contig25_3	386	0.0015
Peripla_BP_1	PF00532.21	279	D3940.contig25_4	243	1.8e-19
LacI	PF00356.21	46	D3940.contig25_4	243	1.4e-16
Peripla_BP_4	PF13407.6	258	D3940.contig25_4	243	1.9e-05
Peripla_BP_3	PF13377.6	166	D3940.contig25_4	243	2.6e-05
HTH_31	PF13560.6	64	D3940.contig25_4	243	0.0008
FCD	PF07729.12	125	D3940.contig26_1	162	3.6e-16
Melibiase_2	PF16499.5	284	D3940.contig26_2	527	2.1e-74
Melibiase_C	PF17801.1	71	D3940.contig26_2	527	1.3e-14
Glyco_hydro_97	PF10566.9	281	D3940.contig26_2	527	0.0011
Melibiase	PF02065.18	347	D3940.contig26_2	527	0.019
Glyco_hydro_43	PF04616.14	288	D3940.contig26_3	538	1.4e-35
F5_F8_type_C	PF00754.25	127	D3940.contig26_3	538	0.0015
DPPIV_N	PF00930.21	354	D3940.contig26_5	119	1.9e-11
SBP_bac_5	PF00496.22	377	D3940.contig27_1	312	1.7e-38
tRNA-synt_1g	PF09334.11	391	D3940.contig28_1	345	9.1e-125
tRNA-synt_1	PF00133.22	602	D3940.contig28_1	345	1.1e-12
RNase_HII	PF01351.18	198	D3940.contig28_2	189	6.2e-38
HlyD_3	PF13437.6	106	D3940.contig28_3	271	5.3e-10
HlyD_D23	PF16576.5	214	D3940.contig28_3	271	1.3e-07
Biotin_lipoyl_2	PF13533.6	50	D3940.contig28_3	271	9.5e-05
ABC_tran	PF00005.27	137	D3940.contig28_4	313	5.4e-32
AAA_21	PF13304.6	303	D3940.contig28_4	313	7.8e-11
AAA_23	PF13476.6	200	D3940.contig28_4	313	0.00013
SMC_N	PF02463.19	220	D3940.contig28_4	313	0.00049
ABC2_membrane_3	PF12698.7	345	D3940.contig28_5	379	1.9e-47
ABC2_membrane	PF01061.24	210	D3940.contig28_5	379	3.8e-34
ABC2_membrane_2	PF12679.7	288	D3940.contig28_5	379	9.9e-28
ABC2_membrane_4	PF12730.7	179	D3940.contig28_5	379	2.1e-07
Nuc_H_symport	PF03825.16	400	D3940.contig29_1	352	1.1e-110
MFS_1_like	PF12832.7	385	D3940.contig29_1	352	7.2e-26
MFS_1	PF07690.16	353	D3940.contig29_1	352	2e-15
LacY_symp	PF01306.19	413	D3940.contig29_1	352	8.9e-12
AP_endonuc_2	PF01261.24	210	D3940.contig29_2	351	3.8e-38
AP_endonuc_2_N	PF07582.12	56	D3940.contig29_2	351	2.3e-22
GFO_IDH_MocA	PF01408.22	120	D3940.contig29_3	386	8.2e-17
GFO_IDH_MocA_C	PF02894.17	116	D3940.contig29_3	386	0.0001
Peripla_BP_3	PF13377.6	166	D3940.contig29_4	332	8.9e-46
Peripla_BP_1	PF00532.21	279	D3940.contig29_4	332	1.1e-34
LacI	PF00356.21	46	D3940.contig29_4	332	9.1e-18
Peripla_BP_4	PF13407.6	258	D3940.contig29_4	332	8.2e-13
Vps16_N	PF04841.13	410	D3940.contig30_5	424	0.036
DUF5131	PF07505.11	247	D3940.contig30_6	91	2.6e-21
QueC	PF06508.13	210	D3940.contig31_1	402	0.00014
Peptidase_M78	PF06114.13	123	D3940.contig31_2	387	4.5e-17
HTH_31	PF13560.6	64	D3940.contig31_2	387	4.1e-11
HTH_19	PF12844.7	65	D3940.contig31_2	387	9e-10
HTH_3	PF01381.22	55	D3940.contig31_2	387	1.3e-09
GGDEF	PF00990.21	161	D3940.contig31_4	385	3.7e-41
GGDEF_2	PF17853.1	116	D3940.contig31_4	385	0.0014
AAA_30	PF13604.6	192	D3940.contig32_4	453	1.6e-33
AAA_19	PF13245.6	146	D3940.contig32_4	453	4.4e-24
UvrD_C_2	PF13538.6	52	D3940.contig32_4	453	1.4e-12
AAA_11	PF13086.6	261	D3940.contig32_4	453	3.9e-08
Viral_helicase1	PF01443.18	234	D3940.contig32_4	453	4.6e-08
SH3_13	PF18335.1	65	D3940.contig32_4	453	0.00017
Peptidase_S9	PF00326.21	212	D3940.contig33_1	257	5.1e-13
Peptidase_S9	PF00326.21	212	D3940.contig33_1	257	5.1e-13
Abhydrolase_2	PF02230.16	217	D3940.contig33_1	257	5.3e-11
DLH	PF01738.18	217	D3940.contig33_1	257	2.6e-10
Hydrolase_4	PF12146.8	239	D3940.contig33_1	257	6e-08
Esterase	PF00756.20	251	D3940.contig33_1	257	2e-05
Esterase_phd	PF10503.9	220	D3940.contig33_1	257	7.8e-05
Glycoamylase	PF10091.9	221	D3940.contig33_2	451	9.1e-85
DUF3131	PF11329.8	366	D3940.contig33_2	451	7.4e-05
SusD_RagB	PF07980.11	298	D3940.contig33_4	487	1.8e-37
SusD-like_3	PF14322.6	190	D3940.contig33_4	487	1.4e-26
SusD-like_2	PF12771.7	414	D3940.contig33_4	487	3.4e-06
AP_endonuc_2	PF01261.24	210	D3940.contig34_1	628	6.4e-37
Glyoxalase_5	PF14696.6	139	D3940.contig34_1	628	1.3e-29
Glyoxalase_4	PF13669.6	109	D3940.contig34_1	628	1.3e-09
Glyoxalase_4	PF13669.6	109	D3940.contig34_1	628	1.3e-09
Glyoxalase	PF00903.25	128	D3940.contig34_1	628	1e-08
DHquinase_II	PF01220.19	138	D3940.contig34_2	152	1.4e-61
Shikimate_dh_N	PF08501.11	83	D3940.contig34_3	312	2.2e-22
AlaDh_PNT_C	PF01262.21	214	D3940.contig34_3	312	1.7e-05
SDH_C	PF18317.1	31	D3940.contig34_3	312	2e-05
ThiF	PF00899.21	244	D3940.contig34_3	312	0.001
MFS_1	PF07690.16	353	D3940.contig34_4	259	9.1e-40
FlgI	PF02119.16	343	D3940.contig35_1	146	8.6e-60
FlgH	PF02107.16	168	D3940.contig35_2	232	7.3e-59
Flg_bbr_C	PF06429.13	74	D3940.contig35_3	262	2.9e-25
Flg_bb_rod	PF00460.20	31	D3940.contig35_3	262	3e-12
Flg_bbr_C	PF06429.13	74	D3940.contig35_4	247	1.6e-17
Flg_bb_rod	PF00460.20	31	D3940.contig35_4	247	1.3e-07
Sigma54_activat	PF00158.26	168	D3940.contig35_5	454	6.2e-58
HTH_50	PF18024.1	50	D3940.contig35_5	454	1.7e-20
Sigma54_activ_2	PF14532.6	138	D3940.contig35_5	454	3.8e-17
PAS_8	PF13188.7	67	D3940.contig35_5	454	5e-05
PAS	PF00989.25	113	D3940.contig35_5	454	8.3e-05
HTH_38	PF13936.6	44	D3940.contig35_5	454	0.0037
Peptidase_M24	PF00557.24	209	D3940.contig37_2	229	2.4e-17
DAO	PF01266.24	352	D3940.contig37_3	422	7.1e-58
HI0933_like	PF03486.14	409	D3940.contig37_3	422	5e-10
NAD_binding_9	PF13454.6	156	D3940.contig37_3	422	2.3e-08
FAD_binding_2	PF00890.24	417	D3940.contig37_3	422	1.8e-07
FAD_binding_3	PF01494.19	349	D3940.contig37_3	422	5.6e-07
Pyr_redox_2	PF07992.14	294	D3940.contig37_3	422	1.1e-06
Thi4	PF01946.17	235	D3940.contig37_3	422	4.9e-06
NAD_binding_8	PF13450.6	68	D3940.contig37_3	422	1.1e-05
UDPG_MGDP_dh_N	PF03721.14	187	D3940.contig37_3	422	0.0012
Lycopene_cycl	PF05834.12	380	D3940.contig37_3	422	0.0013
ABC_tran	PF00005.27	137	D3940.contig37_4	251	5.2e-35
AAA_21	PF13304.6	303	D3940.contig37_4	251	1.3e-11
AAA_21	PF13304.6	303	D3940.contig37_4	251	1.3e-11
SMC_N	PF02463.19	220	D3940.contig37_4	251	1.4e-08
AAA_16	PF13191.6	170	D3940.contig37_4	251	1.3e-05
AAA_29	PF13555.6	61	D3940.contig37_4	251	2.7e-05
RsgA_GTPase	PF03193.16	167	D3940.contig37_4	251	0.00031
AAA_23	PF13476.6	200	D3940.contig37_4	251	0.00046
AAA_30	PF13604.6	192	D3940.contig37_4	251	0.0012
BPD_transp_1	PF00528.22	185	D3940.contig37_5	183	4.3e-18
AAA_19	PF13245.6	146	D3940.contig38_1	274	5.1e-10
UvrD-helicase	PF00580.21	315	D3940.contig38_1	274	8.3e-08
AAA_30	PF13604.6	192	D3940.contig38_1	274	0.00025
AAA_15	PF13175.6	369	D3940.contig38_2	596	8.3e-21
AAA_15	PF13175.6	369	D3940.contig38_2	596	8.3e-21
AAA_21	PF13304.6	303	D3940.contig38_2	596	8.2e-14
AAA_21	PF13304.6	303	D3940.contig38_2	596	8.2e-14
DUF2813	PF11398.8	372	D3940.contig38_2	596	2.4e-12
AAA_23	PF13476.6	200	D3940.contig38_2	596	5.2e-06
SMC_N	PF02463.19	220	D3940.contig38_2	596	0.00062
KH_5	PF13184.6	69	D3940.contig38_2	596	0.0065
AAA_29	PF13555.6	61	D3940.contig38_2	596	0.007
AAA_27	PF13514.6	207	D3940.contig38_2	596	0.013
Herpes_UL20	PF04544.12	179	D3940.contig38_3	102	0.09
DUF3817	PF12823.7	83	D3940.contig38_4	217	0.026
E1-E2_ATPase	PF00122.20	181	D3940.contig39_1	300	2.4e-29
Cation_ATPase_N	PF00690.26	69	D3940.contig39_1	300	4.7e-13
MFS_1	PF07690.16	353	D3940.contig39_1	300	0.02
LysE	PF01810.18	193	D3940.contig39_3	137	1.5e-18
HTH_18	PF12833.7	81	D3940.contig39_4	264	1.7e-21
HTH_AraC	PF00165.23	42	D3940.contig39_4	264	7.3e-19
HTH_AraC	PF00165.23	42	D3940.contig39_4	264	7.3e-19
AraC_binding	PF02311.19	136	D3940.contig39_4	264	2.6e-15
AraC_binding_2	PF14525.6	172	D3940.contig39_4	264	5.4e-06
DUF971	PF06155.12	85	D3940.contig40_1	126	4.4e-25
PhaC_N	PF07167.13	173	D3940.contig40_2	560	1.6e-63
Abhydrolase_1	PF00561.20	257	D3940.contig40_2	560	5.7e-26
Abhydrolase_1	PF00561.20	257	D3940.contig40_3	282	6.5e-29
Abhydrolase_6	PF12697.7	220	D3940.contig40_3	282	3.4e-14
Hydrolase_4	PF12146.8	239	D3940.contig40_3	282	5e-11
Abhydrolase_4	PF08386.10	103	D3940.contig40_3	282	0.00069
Ndr	PF03096.14	283	D3940.contig40_3	282	0.0018
PhaC_N	PF07167.13	173	D3940.contig40_4	129	4.9e-10
Peptidase_S76	PF13611.6	121	D3940.contig41_1	224	0.037
DUF3232	PF11554.8	128	D3940.contig41_2	89	0.032
Phage_H_T_join	PF05521.11	96	D3940.contig41_3	110	0.01
Phage_connect_1	PF05135.13	99	D3940.contig41_4	105	4.2e-05
RE_SinI	PF09570.10	217	D3940.contig41_4	105	0.059
Rho_N	PF07498.12	43	D3940.contig41_5	97	9.2e-12
SAP	PF02037.27	35	D3940.contig41_5	97	0.00033
HeH	PF12949.7	35	D3940.contig41_5	97	0.0095
Phage_GP20	PF06810.11	149	D3940.contig41_7	163	2.2e-26
T3SSipB	PF16535.5	155	D3940.contig41_7	163	0.0025
ThiF	PF00899.21	244	D3940.contig42_1	406	5.1e-18
Prok-JAB	PF14464.6	118	D3940.contig42_2	161	3e-08
JAB	PF01398.21	118	D3940.contig42_2	161	0.037
RNase_T	PF00929.24	165	D3940.contig42_3	183	2e-09
DUF5051	PF16473.5	166	D3940.contig42_3	183	6.1e-08
DUF2384	PF09722.10	51	D3940.contig42_4	213	1.8e-09
MazE_antitoxin	PF04014.18	46	D3940.contig42_4	213	0.0012
tRNA-synt_1d	PF00750.19	349	D3940.contig43_2	579	4.3e-126
DALR_1	PF05746.15	119	D3940.contig43_2	579	3.2e-32
Arg_tRNA_synt_N	PF03485.16	85	D3940.contig43_2	579	2e-25
PriA_C	PF18074.1	94	D3940.contig43_3	471	8.1e-24
PriA_CRR	PF18319.1	27	D3940.contig43_3	471	1.4e-10
Helicase_C	PF00271.31	111	D3940.contig43_3	471	7.9e-09
DEAD	PF00270.29	176	D3940.contig43_3	471	0.0046
Peptidase_G2	PF11962.8	228	D3940.contig44_1	631	2.1e-56
Beta_helix	PF13229.6	158	D3940.contig44_1	631	0.00011
BppU_N	PF10651.9	148	D3940.contig44_2	508	3.7e-10
DUF2150	PF09920.9	188	D3940.contig44_2	508	0.0096
Fib_alpha	PF08702.10	143	D3940.contig44_3	113	0.06
SQS_PSY	PF00494.19	263	D3940.contig45_1	120	0.11
IL4Ra_N	PF09238.10	94	D3940.contig45_2	170	0.012
Glucosaminidase	PF01832.20	87	D3940.contig45_3	605	6.2e-12
CHAP	PF05257.16	83	D3940.contig45_3	605	4.4e-09
DUF2951	PF11166.8	98	D3940.contig45_5	111	1.8e-27
Phage_XkdX	PF09693.10	40	D3940.contig45_6	47	1.9e-11
Flagellin_N	PF00669.20	139	D3940.contig46_1	223	7.9e-39
ACP_syn_III_C	PF08541.10	90	D3940.contig46_2	310	1.5e-21
ACP_syn_III	PF08545.10	80	D3940.contig46_2	310	1e-18
FAE1_CUT1_RppA	PF08392.12	290	D3940.contig46_2	310	7.9e-05
Flagellin_N	PF00669.20	139	D3940.contig46_3	506	1.1e-18
Flagellin_C	PF00700.21	86	D3940.contig46_3	506	1.1e-05
PAP_PilO	PF06864.12	410	D3940.contig47_1	81	1.1e-18
T2SSE	PF00437.20	273	D3940.contig47_3	520	8.8e-42
AAA_30	PF13604.6	192	D3940.contig47_3	520	0.0024
T2SSF	PF00482.23	125	D3940.contig47_4	380	3.9e-30
T2SSF	PF00482.23	125	D3940.contig47_4	380	3.9e-30
Methyltransf_11	PF08241.12	96	D3940.contig48_2	245	2.3e-23
Methyltransf_25	PF13649.6	97	D3940.contig48_2	245	3.6e-20
Methyltransf_31	PF13847.6	152	D3940.contig48_2	245	9.6e-19
Methyltransf_23	PF13489.6	165	D3940.contig48_2	245	2.6e-13
Methyltransf_12	PF08242.12	99	D3940.contig48_2	245	1.9e-12
Ubie_methyltran	PF01209.18	233	D3940.contig48_2	245	3.5e-10
Methyltransf_8	PF05148.15	219	D3940.contig48_2	245	7.8e-06
MTS	PF05175.14	169	D3940.contig48_2	245	4.9e-05
DUF3261	PF11659.8	138	D3940.contig48_3	161	0.1
Ketoacyl-synt_C	PF02801.22	118	D3940.contig48_4	389	8.7e-29
ketoacyl-synt	PF00109.26	253	D3940.contig48_4	389	2.1e-20
Thiolase_N	PF00108.23	260	D3940.contig48_4	389	0.00056
PVL_ORF50	PF07768.11	116	D3940.contig49_1	60	0.00019
DUF1064	PF06356.11	117	D3940.contig49_4	139	1.9e-40
DUF3269	PF11673.8	73	D3940.contig49_5	75	9.1e-34
DnaB_C	PF03796.15	255	D3940.contig49_7	417	7.1e-75
AAA_25	PF13481.6	194	D3940.contig49_7	417	1.1e-08
Inhibitor_G39P	PF11417.8	70	D3940.contig49_8	118	0.0012
DnaB_2	PF07261.11	74	D3940.contig49_9	94	1.4e-09
DUF5617	PF18493.1	96	D3940.contig49_9	94	0.05
Rho_RNA_bind	PF07497.12	73	D3940.contig50_1	453	3.3e-32
ATP-synt_ab	PF00006.25	213	D3940.contig50_1	453	5.9e-24
AAA_25	PF13481.6	194	D3940.contig50_1	453	0.00097
NACHT	PF05729.12	166	D3940.contig50_1	453	0.0019
AAA	PF00004.29	132	D3940.contig50_1	453	0.0053
CDP-OH_P_transf	PF01066.21	66	D3940.contig50_2	241	1.1e-11
PurS	PF02700.14	77	D3940.contig50_3	86	3.5e-29
Hpt	PF01627.23	85	D3940.contig50_4	126	5.3e-09
HPPK	PF01288.20	112	D3940.contig50_5	92	1.6e-17
Phage_integrase	PF00589.22	172	D3940.contig51_3	340	1.4e-18
Phage_int_SAM_1	PF02899.17	84	D3940.contig51_3	340	0.003
DUF4224	PF13986.6	45	D3940.contig51_4	72	1.1e-17
Helitron_like_N	PF14214.6	190	D3940.contig51_5	168	0.073
CarboxypepD_reg	PF13620.6	82	D3940.contig52_1	189	1.2e-11
CarbopepD_reg_2	PF13715.6	88	D3940.contig52_1	189	1.6e-05
SdrD_B	PF17210.3	112	D3940.contig52_1	189	0.0023
Sigma70_r2	PF04542.14	71	D3940.contig52_2	671	1.2e-07
Sigma70_ECF	PF07638.11	185	D3940.contig52_2	671	0.013
MFS_1	PF07690.16	353	D3940.contig53_2	412	5.2e-24
Acetyltransf_1	PF00583.25	117	D3940.contig53_3	143	3.7e-08
Acetyltransf_10	PF13673.7	127	D3940.contig53_3	143	5.4e-07
Acetyltransf_7	PF13508.7	76	D3940.contig53_3	143	2e-05
PanZ	PF12568.8	128	D3940.contig53_3	143	0.00062
FR47	PF08445.10	86	D3940.contig53_3	143	0.011
KMP11	PF03037.16	90	D3940.contig53_4	115	0.011
HOOK	PF05622.12	702	D3940.contig54_1	146	0.0016
KELK	PF15796.5	80	D3940.contig54_1	146	0.003
F-box-like	PF12937.7	48	D3940.contig54_2	95	0.093
Entericidin	PF08085.11	20	D3940.contig55_1	45	1.6e-06
TatC	PF00902.18	207	D3940.contig55_2	260	2.5e-60
MttA_Hcf106	PF02416.16	53	D3940.contig55_3	137	0.059
MttA_Hcf106	PF02416.16	53	D3940.contig55_4	79	0.00017
SMC_ScpB	PF04079.16	160	D3940.contig55_5	196	2.8e-48
SMC_ScpA	PF02616.14	241	D3940.contig55_6	244	5e-14
SMC_ScpA	PF02616.14	241	D3940.contig55_6	244	5e-14
Rad21_Rec8	PF04824.16	55	D3940.contig55_6	244	0.00077
DUF4200	PF13863.6	119	D3940.contig56_1	68	0.0069
Muted	PF14942.6	146	D3940.contig56_2	178	0.02
DUF885	PF05960.11	529	D3940.contig57_1	312	1.6e-36
AA_permease_2	PF13520.6	425	D3940.contig57_2	511	9.4e-55
AA_permease	PF00324.21	479	D3940.contig57_2	511	7.8e-37
GntR	PF00392.21	64	D3940.contig57_3	105	7.2e-11
HTH_24	PF13412.6	48	D3940.contig57_3	105	0.0011
HTH_11	PF08279.12	55	D3940.contig57_3	105	0.0021
