target	acc	tlen	query	qlen	evalue
EutC	PF05985.11	233	DT4.contig1_2	283	2.5e-94
EutB	PF06751.11	435	DT4.contig1_3	465	3.2e-220
AA_permease_2	PF13520.6	425	DT4.contig1_4	483	7.6e-40
AA_permease	PF00324.21	479	DT4.contig1_4	483	4.1e-28
Aldedh	PF00171.22	462	DT4.contig1_5	507	4.4e-165
Sigma54_activat	PF00158.26	168	DT4.contig1_6	654	6.5e-61
Sigma54_activ_2	PF14532.6	138	DT4.contig1_6	654	6.2e-19
HTH_8	PF02954.19	42	DT4.contig1_6	654	1.1e-12
GAF	PF01590.26	133	DT4.contig1_6	654	2.6e-08
AAA_5	PF07728.14	138	DT4.contig1_6	654	0.00013
HTH_23	PF13384.6	50	DT4.contig1_6	654	0.00019
LZ_Tnp_IS481	PF13011.6	85	DT4.contig1_6	654	0.00039
HTH_50	PF18024.1	50	DT4.contig1_6	654	0.00087
PAS_8	PF13188.7	67	DT4.contig1_6	654	0.0012
IclR	PF01614.18	129	DT4.contig1_6	654	0.002
DUF1455	PF07306.11	130	DT4.contig1_7	329	0.015
Mur_ligase_M	PF08245.12	192	DT4.contig1_8	450	1.8e-21
Mur_ligase	PF01225.25	88	DT4.contig1_8	450	4.5e-18
Mur_ligase_C	PF02875.21	91	DT4.contig1_8	450	2.1e-10
Flavoprotein	PF02441.19	158	DT4.contig1_9	210	2.5e-25
DUF1375	PF07119.12	53	DT4.contig1_10	95	7.2e-15
NAD_binding_10	PF13460.6	184	DT4.contig1_11	214	2.3e-09
HIM1	PF08732.10	169	DT4.contig1_11	214	8.3e-07
Semialdhyde_dh	PF01118.24	121	DT4.contig1_11	214	0.00025
Epimerase	PF01370.21	241	DT4.contig1_11	214	0.00041
Peptidase_C13	PF01650.18	256	DT4.contig1_12	573	1.2e-47
MORN	PF02493.20	23	DT4.contig1_12	573	7.4e-32
MORN	PF02493.20	23	DT4.contig1_12	573	7.4e-32
MORN	PF02493.20	23	DT4.contig1_12	573	7.4e-32
MORN	PF02493.20	23	DT4.contig1_12	573	7.4e-32
MORN	PF02493.20	23	DT4.contig1_12	573	7.4e-32
Peptidase_C14	PF00656.22	248	DT4.contig1_12	573	3.9e-07
MaoC_dehydratas	PF01575.19	123	DT4.contig1_13	152	1.1e-26
MaoC_dehydrat_N	PF13452.6	132	DT4.contig1_13	152	1.2e-05
LrgA	PF03788.14	94	DT4.contig1_14	121	3.8e-20
SBF_like	PF13593.6	313	DT4.contig1_14	121	0.0018
LrgB	PF04172.16	214	DT4.contig1_15	239	4.4e-70
LON_substr_bdg	PF02190.16	208	DT4.contig1_16	197	6.5e-21
YAcAr	PF10686.9	67	DT4.contig1_17	69	0.056
SNARE_assoc	PF09335.11	120	DT4.contig1_18	467	1.2e-19
PAP2	PF01569.21	136	DT4.contig1_18	467	2.6e-18
PAP2_3	PF14378.6	190	DT4.contig1_18	467	1.4e-05
Pur_DNA_glyco	PF02245.16	175	DT4.contig1_19	228	3.6e-34
Aldedh	PF00171.22	462	DT4.contig1_20	422	1.2e-22
Aldedh	PF00171.22	462	DT4.contig1_20	422	1.2e-22
CTP_transf_like	PF01467.26	143	DT4.contig1_21	215	1e-27
RsfS	PF02410.15	99	DT4.contig1_22	165	2.1e-29
SPOUT_MTase	PF02590.17	154	DT4.contig1_23	156	8.4e-48
Transpeptidase	PF00905.22	306	DT4.contig1_24	633	3.5e-80
PBP_dimer	PF03717.15	180	DT4.contig1_24	633	8.1e-43
FTSW_RODA_SPOVE	PF01098.19	359	DT4.contig1_25	382	1.8e-109
SLT_2	PF13406.6	291	DT4.contig1_26	345	9e-105
SLT	PF01464.20	117	DT4.contig1_26	345	0.0033
DPBB_1	PF03330.18	83	DT4.contig1_27	333	2.3e-25
SPOR	PF05036.13	76	DT4.contig1_27	333	4.8e-12
Peptidase_S11	PF00768.20	241	DT4.contig1_28	386	1.6e-85
PBP5_C	PF07943.13	91	DT4.contig1_28	386	4e-24
Beta-lactamase2	PF13354.6	202	DT4.contig1_28	386	3.6e-14
Peptidase_S13	PF02113.15	444	DT4.contig1_28	386	7e-05
DUF493	PF04359.14	84	DT4.contig1_29	92	9.5e-19
ACT_4	PF13291.6	80	DT4.contig1_29	92	0.054
BPL_LplA_LipB	PF03099.19	131	DT4.contig1_30	216	7e-06
Radical_SAM	PF04055.21	167	DT4.contig1_31	340	1.8e-13
LIAS_N	PF16881.5	108	DT4.contig1_31	340	5.6e-08
Peptidase_S66	PF02016.15	121	DT4.contig1_32	312	9.9e-38
Peptidase_S66C	PF17676.1	124	DT4.contig1_32	312	2.1e-31
SLT_2	PF13406.6	291	DT4.contig1_33	283	2.8e-79
PG_binding_1	PF01471.18	57	DT4.contig1_33	283	6.9e-11
PG_binding_3	PF09374.10	76	DT4.contig1_33	283	0.014
Hydrolase	PF00702.26	210	DT4.contig2_1	385	6.8e-43
Hydrolase_3	PF08282.12	255	DT4.contig2_1	385	3.6e-07
E1-E2_ATPase	PF00122.20	181	DT4.contig2_1	385	3.7e-07
HAD	PF12710.7	188	DT4.contig2_1	385	0.002
HMA	PF00403.26	62	DT4.contig2_2	71	9e-07
HTH_18	PF12833.7	81	DT4.contig2_4	188	2e-16
HTH_AraC	PF00165.23	42	DT4.contig2_4	188	5.1e-09
Cu-oxidase_3	PF07732.15	119	DT4.contig2_5	906	5.1e-38
Cu-oxidase_3	PF07732.15	119	DT4.contig2_5	906	5.1e-38
Cu-oxidase_2	PF07731.14	137	DT4.contig2_5	906	9.4e-29
Cu-oxidase_2	PF07731.14	137	DT4.contig2_5	906	9.4e-29
Cu-oxidase	PF00394.22	159	DT4.contig2_5	906	2.7e-23
DUF305	PF03713.13	152	DT4.contig2_6	219	3.3e-39
DUF305	PF03713.13	152	DT4.contig2_6	219	3.3e-39
DUF4142	PF13628.6	139	DT4.contig2_6	219	5.9e-09
DUF305	PF03713.13	152	DT4.contig2_7	206	4.8e-28
DUF305	PF03713.13	152	DT4.contig2_7	206	4.8e-28
DUF4142	PF13628.6	139	DT4.contig2_7	206	1.7e-05
tRNA_lig_kinase	PF08303.11	168	DT4.contig2_7	206	0.00045
DUF326	PF03860.16	21	DT4.contig2_8	112	2.6e-16
DUF326	PF03860.16	21	DT4.contig2_8	112	2.6e-16
DUF326	PF03860.16	21	DT4.contig2_8	112	2.6e-16
DUF326	PF03860.16	21	DT4.contig2_8	112	2.6e-16
DUF305	PF03713.13	152	DT4.contig2_9	143	7e-11
Tmpp129	PF10272.9	355	DT4.contig2_9	143	0.0016
Ferritin	PF00210.24	142	DT4.contig2_9	143	0.014
DUF3347	PF11827.8	186	DT4.contig2_13	167	7.3e-40
DUF3347	PF11827.8	186	DT4.contig2_14	195	9.6e-51
TipE	PF16972.5	486	DT4.contig2_14	195	0.01
Haem_bd	PF14376.6	133	DT4.contig2_15	152	1.4e-43
FixO	PF02433.15	217	DT4.contig2_15	152	0.0085
Cu-oxidase_3	PF07732.15	119	DT4.contig2_16	922	4.4e-42
Cu-oxidase_3	PF07732.15	119	DT4.contig2_16	922	4.4e-42
Cu-oxidase_2	PF07731.14	137	DT4.contig2_16	922	6.3e-30
Cu-oxidase	PF00394.22	159	DT4.contig2_16	922	1.8e-22
E1-E2_ATPase	PF00122.20	181	DT4.contig2_17	682	1.7e-52
Hydrolase	PF00702.26	210	DT4.contig2_17	682	2.1e-41
Hydrolase_3	PF08282.12	255	DT4.contig2_17	682	4.5e-07
HAD	PF12710.7	188	DT4.contig2_17	682	0.00097
ACR_tran	PF00873.19	1021	DT4.contig2_18	1462	4.1e-288
OEP	PF02321.18	188	DT4.contig2_18	1462	5.5e-36
OEP	PF02321.18	188	DT4.contig2_18	1462	5.5e-36
HlyD_D23	PF16576.5	214	DT4.contig2_19	401	2.6e-34
HlyD_3	PF13437.6	106	DT4.contig2_19	401	1.9e-18
Biotin_lipoyl_2	PF13533.6	50	DT4.contig2_19	401	2.9e-05
HlyD_2	PF12700.7	417	DT4.contig2_19	401	5.6e-05
FUR	PF01475.19	120	DT4.contig2_20	141	7.8e-09
HTH_20	PF12840.7	61	DT4.contig2_20	141	0.037
E1-E2_ATPase	PF00122.20	181	DT4.contig2_23	319	9.7e-35
DUF2207	PF09972.9	492	DT4.contig2_23	319	0.00014
ChapFlgA_N	PF17656.1	77	DT4.contig3_1	137	1.3e-23
CheW	PF01584.19	138	DT4.contig3_2	311	2.8e-35
Response_reg	PF00072.24	112	DT4.contig3_2	311	2.1e-18
CheR	PF01739.18	195	DT4.contig3_3	276	2.4e-64
CheR_N	PF03705.15	53	DT4.contig3_3	276	1.6e-12
Methyltransf_11	PF08241.12	96	DT4.contig3_3	276	1.1e-05
Methyltransf_25	PF13649.6	97	DT4.contig3_3	276	0.00012
Methyltransf_12	PF08242.12	99	DT4.contig3_3	276	0.00033
Methyltransf_31	PF13847.6	152	DT4.contig3_3	276	0.0038
Flg_bb_rod	PF00460.20	31	DT4.contig3_4	136	4.9e-08
ACD	PF16671.5	386	DT4.contig3_4	136	0.0084
Flg_bbr_C	PF06429.13	74	DT4.contig3_5	154	9.9e-15
Flg_bb_rod	PF00460.20	31	DT4.contig3_5	154	4.9e-09
FlgD	PF03963.14	75	DT4.contig3_6	243	3.1e-24
FlgD_ig	PF13860.6	79	DT4.contig3_6	243	4.2e-22
FLgD_tudor	PF13861.6	58	DT4.contig3_6	243	1.2e-15
Gmad2	PF10648.9	86	DT4.contig3_6	243	0.0022
MG2	PF01835.19	96	DT4.contig3_6	243	0.0026
CHU_C	PF13585.6	86	DT4.contig3_6	243	0.005
FlaE	PF07559.14	122	DT4.contig3_7	441	3.3e-18
Flg_bbr_C	PF06429.13	74	DT4.contig3_7	441	4.1e-16
Flg_bb_rod	PF00460.20	31	DT4.contig3_7	441	7.4e-10
Ribonuc_red_lgC	PF02867.15	524	DT4.contig3_8	966	1.2e-181
ATP-cone	PF03477.16	86	DT4.contig3_8	966	3e-28
ATP-cone	PF03477.16	86	DT4.contig3_8	966	3e-28
Ribonuc_red_lgN	PF00317.21	83	DT4.contig3_8	966	1.7e-22
Response_reg	PF00072.24	112	DT4.contig3_9	242	1.5e-23
Trans_reg_C	PF00486.28	77	DT4.contig3_9	242	4.9e-23
HATPase_c	PF02518.26	112	DT4.contig3_10	537	1.6e-21
HisKA	PF00512.25	67	DT4.contig3_10	537	1e-11
HAMP	PF00672.25	53	DT4.contig3_10	537	2.1e-11
HATPase_c_3	PF13589.6	137	DT4.contig3_10	537	0.0015
HATPase_c_2	PF13581.6	125	DT4.contig3_10	537	0.0018
4PPT_N	PF17837.1	68	DT4.contig3_11	239	1.5e-23
ACPS	PF01648.20	114	DT4.contig3_11	239	7.8e-12
Response_reg	PF00072.24	112	DT4.contig3_13	226	1.5e-26
Trans_reg_C	PF00486.28	77	DT4.contig3_13	226	6.4e-23
HATPase_c	PF02518.26	112	DT4.contig3_14	440	4.9e-12
HisKA	PF00512.25	67	DT4.contig3_14	440	6.1e-05
HATPase_c_2	PF13581.6	125	DT4.contig3_14	440	0.00044
HATPase_c_3	PF13589.6	137	DT4.contig3_14	440	0.00096
HATPase_c_5	PF14501.6	101	DT4.contig3_14	440	0.0022
Arabinose_bd	PF12625.7	187	DT4.contig3_15	333	3.4e-43
HTH_18	PF12833.7	81	DT4.contig3_15	333	4.3e-20
HTH_AraC	PF00165.23	42	DT4.contig3_15	333	3.5e-15
SurA_N	PF09312.11	118	DT4.contig3_15	333	0.0014
SDF	PF00375.18	390	DT4.contig3_16	445	1.5e-109
CoA_transf_3	PF02515.17	368	DT4.contig3_17	394	1.9e-95
SprT-like	PF10263.9	113	DT4.contig3_18	165	7.4e-19
Zn_ribbon_SprT	PF17283.2	38	DT4.contig3_18	165	5.8e-08
DUF1282	PF06930.12	172	DT4.contig3_19	201	1.6e-50
Yip1	PF04893.17	172	DT4.contig3_19	201	1.1e-30
ATP_bind_3	PF01171.20	182	DT4.contig3_20	275	1.2e-14
NAD_synthase	PF02540.17	242	DT4.contig3_20	275	0.012
Adenine_glyco	PF03352.13	177	DT4.contig3_21	224	2.8e-19
DUF2069	PF09842.9	104	DT4.contig3_22	106	3.5e-19
MauE	PF07291.11	184	DT4.contig4_1	140	6.6e-09
DoxX_3	PF13781.6	102	DT4.contig4_1	140	0.00091
DoxX	PF07681.12	85	DT4.contig4_1	140	0.011
cNMP_binding	PF00027.29	89	DT4.contig4_2	204	2.3e-07
HTH_Crp_2	PF13545.6	68	DT4.contig4_2	204	7.3e-06
GerE	PF00196.19	57	DT4.contig4_3	311	3.1e-15
DUF63	PF01889.17	272	DT4.contig4_3	311	0.0025
Sigma70_r4_2	PF08281.12	54	DT4.contig4_3	311	0.0056
Acetyltransf_1	PF00583.25	117	DT4.contig4_4	193	1.9e-10
Acetyltransf_7	PF13508.7	76	DT4.contig4_4	193	2.1e-09
Acetyltransf_10	PF13673.7	127	DT4.contig4_4	193	2.2e-07
Acetyltransf_9	PF13527.7	128	DT4.contig4_4	193	0.00019
FR47	PF08445.10	86	DT4.contig4_4	193	0.0049
Acetyltransf_6	PF13480.7	142	DT4.contig4_4	193	0.012
Lant_dehydr_N	PF04738.13	653	DT4.contig4_6	950	1.7e-72
Lant_dehydr_N	PF04738.13	653	DT4.contig4_6	950	1.7e-72
Lant_dehydr_C	PF14028.6	312	DT4.contig4_6	950	2.8e-37
OMP_b-brl_3	PF14905.6	408	DT4.contig4_7	770	8e-48
CarbopepD_reg_2	PF13715.6	88	DT4.contig4_7	770	1.9e-12
CarboxypepD_reg	PF13620.6	82	DT4.contig4_7	770	1e-08
Plug	PF07715.15	108	DT4.contig4_7	770	1.1e-06
TonB_dep_Rec	PF00593.24	470	DT4.contig4_7	770	5.2e-05
bMG3	PF11974.8	103	DT4.contig4_7	770	0.00061
MauE	PF07291.11	184	DT4.contig4_9	152	0.15
Defensin_big	PF14862.6	58	DT4.contig4_10	57	0.045
LytTR	PF04397.15	98	DT4.contig4_11	245	1.5e-19
Response_reg	PF00072.24	112	DT4.contig4_11	245	4.5e-06
SecA_PP_bind	PF01043.20	111	DT4.contig4_11	245	0.0044
Plug	PF07715.15	108	DT4.contig5_2	488	2.2e-07
SBP_bac_5	PF00496.22	377	DT4.contig5_3	519	5.7e-69
TAT_signal	PF10518.9	26	DT4.contig5_3	519	8.6e-05
Bac_luciferase	PF00296.20	314	DT4.contig5_4	403	2.1e-62
LIP	PF03583.14	286	DT4.contig5_5	409	3.9e-10
Abhydrolase_6	PF12697.7	220	DT4.contig5_5	409	3.4e-06
Hydrolase_4	PF12146.8	239	DT4.contig5_5	409	6.5e-05
Abhydrolase_1	PF00561.20	257	DT4.contig5_5	409	0.013
NMT1	PF09084.11	216	DT4.contig5_6	359	1.3e-10
NMT1_2	PF13379.6	253	DT4.contig5_6	359	7.8e-08
Phosphonate-bd	PF12974.7	243	DT4.contig5_6	359	9.3e-06
SBP_bac_3	PF00497.20	225	DT4.contig5_6	359	0.0027
NMT1_3	PF16868.5	289	DT4.contig5_6	359	0.0065
Sigma54_activat	PF00158.26	168	DT4.contig5_7	359	4.2e-69
Sigma54_activ_2	PF14532.6	138	DT4.contig5_7	359	2.8e-21
AAA_5	PF07728.14	138	DT4.contig5_7	359	1.4e-08
HTH_30	PF13556.6	59	DT4.contig5_7	359	0.00032
AAA	PF00004.29	132	DT4.contig5_7	359	0.0064
Hexapep	PF00132.24	36	DT4.contig5_8	207	1.9e-13
Sigma70_r4_2	PF08281.12	54	DT4.contig5_9	173	2e-16
Sigma70_r2	PF04542.14	71	DT4.contig5_9	173	7.2e-12
Sigma70_r4	PF04545.16	50	DT4.contig5_9	173	1.5e-06
Sigma70_ECF	PF07638.11	185	DT4.contig5_9	173	1.5e-06
HTH_23	PF13384.6	50	DT4.contig5_9	173	6e-05
GerE	PF00196.19	57	DT4.contig5_9	173	6.5e-05
HTH_11	PF08279.12	55	DT4.contig5_9	173	0.0011
DUF2285	PF10074.9	107	DT4.contig5_9	173	0.0012
HTH_24	PF13412.6	48	DT4.contig5_9	173	0.0022
FecR	PF04773.13	96	DT4.contig5_10	312	3.2e-13
DUF4880	PF16220.5	43	DT4.contig5_10	312	1.2e-12
ABC_tran	PF00005.27	137	DT4.contig5_11	238	2.3e-28
AAA_16	PF13191.6	170	DT4.contig5_11	238	0.00011
AAA_33	PF13671.6	143	DT4.contig5_11	238	0.0004
Rad17	PF03215.15	186	DT4.contig5_11	238	0.0028
AAA_29	PF13555.6	61	DT4.contig5_11	238	0.0046
BPD_transp_1	PF00528.22	185	DT4.contig5_12	289	6.6e-24
TraI_2	PF07514.11	327	DT4.contig6_1	106	7.3e-26
MPTase-PolyVal	PF18818.1	126	DT4.contig6_3	321	9.9e-45
DUF1738	PF08401.11	128	DT4.contig6_3	321	2.2e-33
EpmC	PF04315.12	163	DT4.contig6_3	321	0.0022
Tox-MPTase3	PF15639.6	137	DT4.contig6_3	321	0.008
DUF3742	PF12553.8	121	DT4.contig6_5	128	6.6e-08
Glyco_trans_2_3	PF13632.6	197	DT4.contig6_5	128	0.052
TraG_N	PF07916.11	467	DT4.contig6_6	515	1.2e-82
TraU	PF06834.11	307	DT4.contig6_9	319	1.9e-65
HTH_3	PF01381.22	55	DT4.contig6_10	85	1.6e-11
HTH_19	PF12844.7	65	DT4.contig6_10	85	2.9e-09
HTH_31	PF13560.6	64	DT4.contig6_10	85	5.1e-08
HTH_37	PF13744.6	80	DT4.contig6_10	85	0.0011
QslA_E	PF18226.1	71	DT4.contig6_11	86	1.3e-27
TraC_F_IV	PF11130.8	238	DT4.contig6_12	918	5.3e-73
FtsK_SpoIIIE	PF01580.18	243	DT4.contig6_12	918	0.0014
AAA_22	PF13401.6	137	DT4.contig6_12	918	0.0048
tRNA-Thr_ED	PF08915.11	137	DT4.contig6_13	139	0.063
T2SSG	PF08334.11	108	DT4.contig7_1	53	6.2e-11
Acetyltransf_1	PF00583.25	117	DT4.contig7_3	194	3.8e-16
Acetyltransf_10	PF13673.7	127	DT4.contig7_3	194	1.5e-09
Acetyltransf_7	PF13508.7	76	DT4.contig7_3	194	1.7e-08
Acetyltransf_3	PF13302.7	138	DT4.contig7_3	194	0.02
OKR_DC_1	PF01276.20	417	DT4.contig7_4	752	9.5e-157
OKR_DC_1_C	PF03711.15	132	DT4.contig7_4	752	5.6e-49
OKR_DC_1_N	PF03709.15	111	DT4.contig7_4	752	5.3e-25
Aminotran_1_2	PF00155.21	363	DT4.contig7_5	458	2.5e-21
GntR	PF00392.21	64	DT4.contig7_5	458	2.6e-16
HTH_41	PF14502.6	48	DT4.contig7_5	458	3.7e-05
CMD	PF02627.20	85	DT4.contig7_6	159	7.5e-18
Acetyltransf_1	PF00583.25	117	DT4.contig7_7	147	1.5e-12
Acetyltransf_10	PF13673.7	127	DT4.contig7_7	147	1.3e-07
Acetyltransf_7	PF13508.7	76	DT4.contig7_7	147	4e-06
PanZ	PF12568.8	128	DT4.contig7_7	147	0.00059
Acetyltransf_6	PF13480.7	142	DT4.contig7_7	147	0.016
Flavodoxin_2	PF02525.17	198	DT4.contig7_8	208	7.7e-33
FMN_red	PF03358.15	155	DT4.contig7_8	208	2.9e-10
Aminotran_1_2	PF00155.21	363	DT4.contig7_9	383	4.8e-31
LpoB	PF13036.6	147	DT4.contig8_2	198	4.2e-41
CVNH	PF08881.10	101	DT4.contig8_2	198	0.026
Flavodoxin_2	PF02525.17	198	DT4.contig8_4	204	1.3e-45
FMN_red	PF03358.15	155	DT4.contig8_4	204	2.3e-11
TnpW	PF14202.6	35	DT4.contig8_4	204	0.0011
CarboxypepD_reg	PF13620.6	82	DT4.contig8_6	367	2.7e-14
CarbopepD_reg_2	PF13715.6	88	DT4.contig8_6	367	7.2e-12
Plug	PF07715.15	108	DT4.contig8_6	367	0.00015
SdrD_B	PF17210.3	112	DT4.contig8_6	367	0.0016
SpaA	PF17802.1	82	DT4.contig8_6	367	0.004
CarboxypepD_reg	PF13620.6	82	DT4.contig8_7	42	0.0048
Big_1	PF02369.16	64	DT4.contig8_7	42	0.016
FecCD	PF01032.18	312	DT4.contig9_1	333	1.6e-91
FecCD	PF01032.18	312	DT4.contig9_2	335	9.8e-91
Peripla_BP_2	PF01497.18	238	DT4.contig9_3	327	4.8e-29
AzlD	PF05437.12	99	DT4.contig9_4	111	4.6e-10
Polysacc_synt_C	PF14667.6	143	DT4.contig9_4	111	0.0048
AzlC	PF03591.14	136	DT4.contig9_5	241	5.6e-39
HTH_31	PF13560.6	64	DT4.contig9_6	177	1.3e-10
HTH_3	PF01381.22	55	DT4.contig9_6	177	5.7e-10
HTH_26	PF13443.6	63	DT4.contig9_6	177	4.7e-05
HTH_25	PF13413.6	62	DT4.contig9_6	177	0.00036
Cupin_2	PF07883.11	71	DT4.contig9_6	177	0.00042
HTH_19	PF12844.7	65	DT4.contig9_6	177	0.0016
HTH_37	PF13744.6	80	DT4.contig9_6	177	0.011
MFS_1	PF07690.16	353	DT4.contig9_7	435	5.3e-24
MFS_1	PF07690.16	353	DT4.contig9_7	435	5.3e-24
MFS_3	PF05977.13	522	DT4.contig9_7	435	0.00026
MFS_1_like	PF12832.7	385	DT4.contig9_7	435	0.00089
Glyco_hydro_36	PF17167.4	423	DT4.contig9_9	521	2.6e-113
DUF932	PF06067.11	228	DT4.contig10_1	294	4.1e-61
Rox3	PF08633.10	205	DT4.contig10_4	188	0.022
Prok_Ub	PF14454.6	64	DT4.contig10_5	72	1.7e-20
Prok-E2_D	PF14460.6	169	DT4.contig10_7	239	8.1e-30
ThiF	PF00899.21	244	DT4.contig10_8	268	3e-12
FoP_duplication	PF13865.6	81	DT4.contig10_9	58	0.06
DWNN	PF08783.11	74	DT4.contig10_9	58	0.076
ArsC	PF03960.15	64	DT4.contig10_10	379	0.00074
SHOCT	PF09851.9	28	DT4.contig10_10	379	0.002
Response_reg	PF00072.24	112	DT4.contig11_2	248	1.3e-16
LytTR	PF04397.15	98	DT4.contig11_2	248	1.9e-14
DUF4377	PF14302.6	75	DT4.contig11_2	248	0.015
Response_reg	PF00072.24	112	DT4.contig11_3	250	7.2e-19
LytTR	PF04397.15	98	DT4.contig11_3	250	5.8e-09
Toprim_2	PF13155.6	90	DT4.contig11_5	314	3.7e-07
zf-CHC2	PF01807.20	98	DT4.contig11_5	314	3.6e-06
MobC	PF05713.11	45	DT4.contig11_6	153	1.8e-07
DUF3829	PF12889.7	280	DT4.contig11_6	153	0.065
Relaxase	PF03432.14	242	DT4.contig11_7	331	3.5e-10
AAA_31	PF13614.6	177	DT4.contig11_8	209	8.6e-09
CbiA	PF01656.23	128	DT4.contig11_8	209	9.1e-09
MipZ	PF09140.11	262	DT4.contig11_8	209	3.5e-06
ParA	PF10609.9	246	DT4.contig11_8	209	0.0013
RNA_binding	PF01877.17	119	DT4.contig11_9	120	0.027
SIT	PF15330.6	115	DT4.contig11_10	55	0.027
FCD	PF07729.12	125	DT4.contig12_1	167	2.3e-27
Phosphodiest	PF01663.22	357	DT4.contig12_2	423	8.4e-24
Aldedh	PF00171.22	462	DT4.contig12_3	484	4.9e-141
HD	PF01966.22	122	DT4.contig12_4	187	0.00049
HD_4	PF13328.6	156	DT4.contig12_4	187	0.0018
MIOX	PF05153.15	249	DT4.contig12_4	187	0.028
Integrase_1	PF12835.7	149	DT4.contig13_2	327	2.5e-09
Phage_integrase	PF00589.22	172	DT4.contig13_2	327	0.013
Arm-DNA-bind_3	PF13356.6	74	DT4.contig13_3	441	7.4e-18
Phage_integrase	PF00589.22	172	DT4.contig13_3	441	4.9e-16
DUF2790	PF10976.8	78	DT4.contig13_5	77	5e-14
CBP_BcsQ	PF06564.12	234	DT4.contig13_7	351	1.4e-26
AAA_31	PF13614.6	177	DT4.contig13_7	351	4.1e-13
AAA_31	PF13614.6	177	DT4.contig13_7	351	4.1e-13
CbiA	PF01656.23	128	DT4.contig13_7	351	1.3e-11
ParA	PF10609.9	246	DT4.contig13_7	351	1.4e-07
MipZ	PF09140.11	262	DT4.contig13_7	351	2e-07
ArsA_ATPase	PF02374.15	305	DT4.contig13_7	351	0.0001
SusD-like_3	PF14322.6	190	DT4.contig14_1	393	1.9e-10
SusD_RagB	PF07980.11	298	DT4.contig14_1	393	0.03
TonB_dep_Rec	PF00593.24	470	DT4.contig14_2	1037	2.4e-27
Plug	PF07715.15	108	DT4.contig14_2	1037	4.4e-19
CarbopepD_reg_2	PF13715.6	88	DT4.contig14_2	1037	2.9e-18
CarboxypepD_reg	PF13620.6	82	DT4.contig14_2	1037	7.1e-14
fn3_3	PF14686.6	75	DT4.contig14_2	1037	0.0063
DeoRC	PF00455.22	160	DT4.contig14_3	248	4.2e-36
HTH_DeoR	PF08220.12	57	DT4.contig14_3	248	3.9e-12
HTH_11	PF08279.12	55	DT4.contig14_3	248	1e-05
Put_DNA-bind_N	PF06971.13	49	DT4.contig14_3	248	0.0025
AnmK	PF03702.14	366	DT4.contig14_4	401	2.4e-92
Response_reg	PF00072.24	112	DT4.contig15_1	701	8.1e-45
Response_reg	PF00072.24	112	DT4.contig15_1	701	8.1e-45
HATPase_c	PF02518.26	112	DT4.contig15_1	701	8.8e-31
HisKA	PF00512.25	67	DT4.contig15_1	701	8.8e-19
CheR	PF01739.18	195	DT4.contig15_2	282	3.9e-39
CheR_N	PF03705.15	53	DT4.contig15_2	282	9.9e-11
CheB_methylest	PF01339.17	170	DT4.contig15_3	191	2.2e-43
Response_reg	PF00072.24	112	DT4.contig15_4	370	5.2e-23
HATPase_c	PF02518.26	112	DT4.contig15_4	370	2.6e-20
HisKA	PF00512.25	67	DT4.contig15_4	370	1.6e-10
HATPase_c_3	PF13589.6	137	DT4.contig15_4	370	0.00056
HATPase_c_5	PF14501.6	101	DT4.contig15_4	370	0.00099
HATPase_c_2	PF13581.6	125	DT4.contig15_4	370	0.013
ABC_tran	PF00005.27	137	DT4.contig15_5	206	5e-23
AAA_21	PF13304.6	303	DT4.contig15_5	206	8.4e-11
AAA_21	PF13304.6	303	DT4.contig15_5	206	8.4e-11
SMC_N	PF02463.19	220	DT4.contig15_5	206	1.6e-05
AAA_29	PF13555.6	61	DT4.contig15_5	206	2e-05
AAA_23	PF13476.6	200	DT4.contig15_5	206	0.00069
AAA_18	PF13238.6	130	DT4.contig15_5	206	0.001
AAA_25	PF13481.6	194	DT4.contig15_5	206	0.0011
Acetyltransf_11	PF13720.6	82	DT4.contig15_6	125	3.7e-25
DUF1845	PF08900.11	215	DT4.contig16_1	206	6.5e-69
TolA_bind_tri	PF16331.5	76	DT4.contig16_1	206	0.0069
DUF2857	PF11198.8	175	DT4.contig16_3	183	4.5e-51
Arg_repressor	PF01316.21	70	DT4.contig16_4	529	4e-06
ParBc	PF02195.18	90	DT4.contig16_4	529	0.00019
AAA_31	PF13614.6	177	DT4.contig16_6	263	1.4e-17
CbiA	PF01656.23	128	DT4.contig16_6	263	1.4e-07
MipZ	PF09140.11	262	DT4.contig16_6	263	0.0024
CBP_BcsQ	PF06564.12	234	DT4.contig16_6	263	0.0029
Cytochrome_C554	PF13435.6	84	DT4.contig17_1	133	0.0092
Cytochrom_NNT	PF03264.14	174	DT4.contig17_1	133	0.062
SusD_RagB	PF07980.11	298	DT4.contig17_2	499	3.8e-28
SusD-like_3	PF14322.6	190	DT4.contig17_2	499	7.1e-19
TonB_dep_Rec	PF00593.24	470	DT4.contig17_3	1043	3.9e-31
Plug	PF07715.15	108	DT4.contig17_3	1043	2.7e-24
CarbopepD_reg_2	PF13715.6	88	DT4.contig17_3	1043	3.4e-18
CarboxypepD_reg	PF13620.6	82	DT4.contig17_3	1043	5.1e-09
ABC_tran	PF00005.27	137	DT4.contig18_1	470	1.5e-32
ABC_membrane	PF00664.23	274	DT4.contig18_1	470	7.2e-15
ABC_membrane	PF00664.23	274	DT4.contig18_2	242	2.8e-22
FA_hydroxylase	PF04116.13	133	DT4.contig19_1	176	8.2e-09
DUF4173	PF13777.6	190	DT4.contig19_2	131	0.023
Peptidase_M48_N	PF16491.5	182	DT4.contig19_3	70	0.0014
RDD	PF06271.12	141	DT4.contig19_3	70	0.02
DJ-1_PfpI	PF01965.24	165	DT4.contig19_4	206	1.2e-10
YAcAr	PF10686.9	67	DT4.contig19_4	206	0.028
MFS_1	PF07690.16	353	DT4.contig19_5	435	1.5e-32
MFS_1	PF07690.16	353	DT4.contig19_5	435	1.5e-32
Sugar_tr	PF00083.24	452	DT4.contig19_5	435	8e-30
Sugar_tr	PF00083.24	452	DT4.contig19_5	435	8e-30
MFS_2	PF13347.6	427	DT4.contig19_5	435	3.8e-05
Fer2	PF00111.27	78	DT4.contig19_6	315	4.6e-09
NAD_binding_1	PF00175.21	109	DT4.contig19_6	315	4.2e-08
NAD_binding_6	PF08030.12	156	DT4.contig19_6	315	3e-06
FAD_binding_6	PF00970.24	99	DT4.contig19_6	315	0.00028
MOSC	PF03473.17	131	DT4.contig19_7	171	0.046
Ribonuc_L-PSP	PF01042.21	121	DT4.contig19_8	122	3e-39
Phenol_MetA_deg	PF13557.6	241	DT4.contig20_2	333	1.3e-56
MCPsignal	PF00015.21	172	DT4.contig20_3	490	4.6e-38
HAMP	PF00672.25	53	DT4.contig20_3	490	2.2e-10
AAA_31	PF13614.6	177	DT4.contig21_1	722	3e-11
GNVR	PF13807.6	82	DT4.contig21_1	722	2.2e-09
CbiA	PF01656.23	128	DT4.contig21_1	722	6.1e-09
ParA	PF10609.9	246	DT4.contig21_1	722	1.3e-07
Wzz	PF02706.15	92	DT4.contig21_1	722	2.9e-06
MipZ	PF09140.11	262	DT4.contig21_1	722	0.00018
CLP1_P	PF16575.5	188	DT4.contig21_1	722	0.00038
CBP_BcsQ	PF06564.12	234	DT4.contig21_1	722	0.0047
Poly_export	PF02563.16	82	DT4.contig21_2	389	3.2e-13
SLBB	PF10531.9	58	DT4.contig21_2	389	2.8e-08
SLBB	PF10531.9	58	DT4.contig21_2	389	2.8e-08
Pkinase	PF00069.25	264	DT4.contig22_1	662	6.3e-72
Pkinase_Tyr	PF07714.17	259	DT4.contig22_1	662	3.1e-30
Kinase-like	PF14531.6	288	DT4.contig22_1	662	1.9e-05
UQ_con	PF00179.26	140	DT4.contig22_2	128	2.2e-07
Prok-E2_B	PF14461.6	134	DT4.contig22_2	128	0.0016
Prok-E2_A	PF14457.6	163	DT4.contig22_2	128	0.0021
RWD	PF05773.22	116	DT4.contig22_2	128	0.028
DUF3077	PF11275.8	77	DT4.contig23_1	114	0.013
adh_short_C2	PF13561.6	234	DT4.contig23_2	237	1.3e-47
adh_short	PF00106.25	195	DT4.contig23_2	237	1.1e-41
KR	PF08659.10	180	DT4.contig23_2	237	2.1e-07
Epimerase	PF01370.21	241	DT4.contig23_2	237	0.016
DSBA	PF01323.20	193	DT4.contig23_3	217	4.5e-35
Thioredoxin_4	PF13462.6	166	DT4.contig23_3	217	1.1e-08
Thioredoxin_4	PF13462.6	166	DT4.contig23_3	217	1.1e-08
Thioredoxin_3	PF13192.6	76	DT4.contig23_3	217	7.7e-05
Thioredoxin_5	PF13743.6	186	DT4.contig23_3	217	0.013
Tautomerase	PF01361.21	60	DT4.contig23_4	72	1.3e-15
Tautomerase_2	PF14552.6	82	DT4.contig23_4	72	4.9e-06
Abhydrolase_6	PF12697.7	220	DT4.contig23_5	258	1.1e-17
Abhydrolase_5	PF12695.7	164	DT4.contig23_5	258	8.2e-07
Ser_hydrolase	PF06821.13	171	DT4.contig23_5	258	0.0053
GIY-YIG	PF01541.24	78	DT4.contig24_1	91	0.018
AAA_21	PF13304.6	303	DT4.contig24_2	586	2.2e-16
AAA_15	PF13175.6	369	DT4.contig24_2	586	9.1e-13
SMC_N	PF02463.19	220	DT4.contig24_2	586	0.00023
DUF1302	PF06980.11	570	DT4.contig25_1	59	0.0015
POR	PF01558.18	177	DT4.contig25_4	1013	8.4e-27
TPP_enzyme_C	PF02775.21	153	DT4.contig25_4	1013	1.3e-06
TOBE_2	PF08402.10	76	DT4.contig26_1	108	1.2e-06
Beta-lactamase	PF00144.24	330	DT4.contig26_2	363	4.1e-30
Flavin_Reduct	PF01613.18	155	DT4.contig26_3	202	4.1e-08
PAS_3	PF08447.12	89	DT4.contig26_4	616	6e-26
PAS_3	PF08447.12	89	DT4.contig26_4	616	6e-26
GAF	PF01590.26	133	DT4.contig26_4	616	8.4e-12
PAS	PF00989.25	113	DT4.contig26_4	616	1.5e-11
HisKA	PF00512.25	67	DT4.contig26_4	616	3.7e-10
PAS_9	PF13426.7	104	DT4.contig26_4	616	1.1e-08
HATPase_c	PF02518.26	112	DT4.contig26_4	616	1e-07
Hydrolase	PF00702.26	210	DT4.contig27_1	403	9.9e-38
E1-E2_ATPase	PF00122.20	181	DT4.contig27_1	403	1.6e-15
HAD	PF12710.7	188	DT4.contig27_1	403	0.00046
Sigma70_r4_2	PF08281.12	54	DT4.contig27_2	174	1.1e-07
Sigma70_r2	PF04542.14	71	DT4.contig27_2	174	1.3e-05
DUF3027	PF11228.8	193	DT4.contig27_4	110	0.044
E1-E2_ATPase	PF00122.20	181	DT4.contig27_6	51	7.5e-05
Tim54	PF11711.8	374	DT4.contig28_5	142	0.0031
ABC2_membrane	PF01061.24	210	DT4.contig29_1	1026	2.5e-43
PDR_CDR	PF06422.12	92	DT4.contig29_1	1026	1.5e-30
ABC_tran	PF00005.27	137	DT4.contig29_1	1026	1.6e-16
ABC2_membrane_3	PF12698.7	345	DT4.contig29_1	1026	6e-07
ABC_trans_N	PF14510.6	81	DT4.contig29_2	86	1.1e-10
NTP_transferase	PF00483.23	248	DT4.contig30_1	290	2.3e-68
NTP_transf_3	PF12804.7	160	DT4.contig30_1	290	9.7e-14
IspD	PF01128.19	221	DT4.contig30_1	290	0.0046
RmlD_sub_bind	PF04321.17	287	DT4.contig30_2	282	1.1e-97
Epimerase	PF01370.21	241	DT4.contig30_2	282	1.7e-16
GDP_Man_Dehyd	PF16363.5	332	DT4.contig30_2	282	8.3e-14
NAD_binding_4	PF07993.12	257	DT4.contig30_2	282	8.1e-07
Polysacc_synt_2	PF02719.15	294	DT4.contig30_2	282	1.1e-05
GDP_Man_Dehyd	PF16363.5	332	DT4.contig30_3	351	2.3e-89
Epimerase	PF01370.21	241	DT4.contig30_3	351	1.4e-65
RmlD_sub_bind	PF04321.17	287	DT4.contig30_3	351	8.4e-14
Polysacc_synt_2	PF02719.15	294	DT4.contig30_3	351	1.8e-13
3Beta_HSD	PF01073.19	280	DT4.contig30_3	351	1.5e-11
NAD_binding_4	PF07993.12	257	DT4.contig30_3	351	1.6e-10
dTDP_sugar_isom	PF00908.17	169	DT4.contig30_4	187	4e-66
Thioredoxin_8	PF13905.6	95	DT4.contig31_1	454	7.1e-10
Thioredoxin	PF00085.20	103	DT4.contig31_1	454	4.6e-09
Redoxin	PF08534.10	147	DT4.contig31_1	454	1e-08
AhpC-TSA	PF00578.21	124	DT4.contig31_1	454	1.3e-07
GSHPx	PF00255.19	108	DT4.contig31_1	454	2.5e-05
Thioredoxin_2	PF13098.6	109	DT4.contig31_1	454	0.0024
DUF3738	PF12543.8	189	DT4.contig31_1	454	0.0025
Plug	PF07715.15	108	DT4.contig31_2	608	1.1e-14
CarbopepD_reg_2	PF13715.6	88	DT4.contig31_2	608	6.7e-12
CarboxypepD_reg	PF13620.6	82	DT4.contig31_2	608	7.3e-05
MaoC_dehydratas	PF01575.19	123	DT4.contig32_2	283	2.1e-16
adh_short_C2	PF13561.6	234	DT4.contig32_3	245	3.2e-45
adh_short	PF00106.25	195	DT4.contig32_3	245	3.5e-31
KR	PF08659.10	180	DT4.contig32_3	245	3.9e-16
E1-E2_ATPase	PF00122.20	181	DT4.contig33_1	406	1.3e-53
HMA	PF00403.26	62	DT4.contig33_1	406	2.7e-13
TrbC	PF04956.13	99	DT4.contig33_1	406	0.0093
DUF4145	PF13643.6	88	DT4.contig34_2	202	0.00027
rve	PF00665.26	119	DT4.contig34_3	505	1.4e-19
HTH_23	PF13384.6	50	DT4.contig34_3	505	0.005
IstB_IS21_ATP	PF08483.11	29	DT4.contig34_4	53	4.5e-16
