target	acc	tlen	query	qlen	evalue
DNA_methylase	PF00145.17	335	D3454.contig1_1	322	1.8e-24
DNA_methylase	PF00145.17	335	D3454.contig1_1	322	1.8e-24
ZapB	PF06005.12	71	D3454.contig1_4	168	0.00027
bZIP_1	PF00170.21	64	D3454.contig1_4	168	0.0007
HAP1_N	PF04849.13	308	D3454.contig1_4	168	0.0024
CCDC85	PF10226.9	193	D3454.contig1_4	168	0.0031
Nmad5	PF18757.1	206	D3454.contig1_4	168	0.0032
DUF2263	PF10021.9	146	D3454.contig1_5	261	4e-26
Macro	PF01661.21	118	D3454.contig1_5	261	0.011
TOM6p	PF15184.6	74	D3454.contig1_5	261	0.012
Isochorismatase	PF00857.20	175	D3454.contig1_7	170	1.4e-23
Fer4_14	PF13394.6	118	D3454.contig1_8	215	2.2e-05
Radical_SAM	PF04055.21	167	D3454.contig1_8	215	0.00037
Fer4_12	PF13353.6	139	D3454.contig1_8	215	0.0068
NAPRTase	PF04095.16	241	D3454.contig1_10	419	1.4e-65
NAPRTase_N	PF17767.1	125	D3454.contig1_10	419	4.2e-27
CTP_transf_like	PF01467.26	143	D3454.contig1_11	209	4e-17
Citrate_ly_lig	PF08218.11	182	D3454.contig1_11	209	0.0016
NAD_synthase	PF02540.17	242	D3454.contig1_12	244	3.5e-54
tRNA_Me_trans	PF03054.16	356	D3454.contig1_12	244	0.0026
QueC	PF06508.13	210	D3454.contig1_12	244	0.0028
Asn_synthase	PF00733.21	355	D3454.contig1_12	244	0.021
Methyltransf_23	PF13489.6	165	D3454.contig1_13	50	0.035
SOTI	PF17079.5	101	D3454.contig1_13	50	0.087
DUF5106	PF17127.4	153	D3454.contig1_14	138	0.019
S-layer	PF07752.11	258	D3454.contig1_15	71	0.005
N6_N4_Mtase	PF01555.18	231	D3454.contig1_17	253	2.9e-20
MethyltransfD12	PF02086.15	260	D3454.contig1_18	247	9.1e-15
OrfB_IS605	PF01385.19	120	D3454.contig1_19	434	2.2e-20
OrfB_Zn_ribbon	PF07282.11	69	D3454.contig1_19	434	2.6e-08
Glyco_hydro_97	PF10566.9	281	D3454.contig1_19	434	0.00022
Hit1_C	PF18268.1	82	D3454.contig1_20	118	0.0094
DUF3990	PF13151.6	152	D3454.contig1_20	118	0.032
EcoRI_methylase	PF13651.6	353	D3454.contig1_21	183	0.00038
USP7_ICP0_bdg	PF12436.8	240	D3454.contig1_25	93	0.031
Prok-E2_B	PF14461.6	134	D3454.contig1_26	127	0.018
RNA_lig_T4_1	PF09511.10	220	D3454.contig1_28	733	1.2e-47
AAA_33	PF13671.6	143	D3454.contig1_28	733	2.6e-13
Metallophos	PF00149.28	204	D3454.contig1_28	733	6.5e-13
KTI12	PF08433.10	272	D3454.contig1_28	733	0.0002
FemAB	PF02388.16	405	D3454.contig1_29	165	0.004
DUF4570	PF15134.6	110	D3454.contig1_29	165	0.006
DNA_pol_alpha_N	PF12254.8	66	D3454.contig1_32	146	0.0089
HMG_box	PF00505.19	69	D3454.contig1_33	138	0.044
Radical_SAM	PF04055.21	167	D3454.contig1_34	297	1e-07
Fer4_12	PF13353.6	139	D3454.contig1_34	297	0.00029
PAPS_reduct	PF01507.19	174	D3454.contig1_38	337	2.7e-10
zf-CXXC	PF02008.20	48	D3454.contig1_39	60	0.0071
CarbpepA_inh	PF02977.15	46	D3454.contig1_44	91	0.024
Adenylsucc_synt	PF00709.21	419	D3454.contig1_48	364	2.6e-41
MIF4G_like_2	PF09090.11	267	D3454.contig1_49	110	0.062
MmcB-like	PF06319.12	148	D3454.contig1_52	227	0.00021
LAGLIDADG_2	PF03161.13	169	D3454.contig1_53	296	7.4e-21
UPF0175	PF03683.13	75	D3454.contig1_53	296	0.0009
Thg1	PF04446.12	125	D3454.contig1_54	284	2.3e-27
Thg1C	PF14413.6	122	D3454.contig1_54	284	1.9e-05
DUF1653	PF07866.11	62	D3454.contig1_60	148	1.1e-21
SSB	PF00436.25	104	D3454.contig1_61	398	0.0044
DUF3107	PF11305.8	73	D3454.contig1_61	398	0.0088
AAA_24	PF13479.6	197	D3454.contig1_62	327	5e-11
Med9	PF07544.13	80	D3454.contig1_62	327	0.0081
DnaB_C	PF03796.15	255	D3454.contig1_64	503	0.00067
ATPase	PF06745.13	231	D3454.contig1_64	503	0.0083
PDDEXK_1	PF12705.7	255	D3454.contig1_66	390	1.1e-11
DNA_pol3_alpha	PF07733.12	260	D3454.contig1_67	1067	3.5e-49
PHP	PF02811.19	167	D3454.contig1_67	1067	4.1e-23
DNA_pol3_finger	PF17657.1	166	D3454.contig1_67	1067	5.7e-15
HHH_6	PF14579.6	90	D3454.contig1_67	1067	1.5e-05
AAA_30	PF13604.6	192	D3454.contig1_68	758	1.6e-33
AAA_19	PF13245.6	146	D3454.contig1_68	758	1.9e-21
UvrD_C_2	PF13538.6	52	D3454.contig1_68	758	1e-12
HHH_4	PF14490.6	92	D3454.contig1_68	758	3.1e-10
SH3_13	PF18335.1	65	D3454.contig1_68	758	1.1e-09
PIF1	PF05970.14	364	D3454.contig1_68	758	0.00019
HHH_5	PF14520.6	57	D3454.contig1_68	758	0.0017
HD	PF01966.22	122	D3454.contig1_69	230	1e-09
DNA_ligase_aden	PF01653.18	318	D3454.contig1_76	662	2.7e-56
DNA_ligase_OB	PF03120.16	79	D3454.contig1_76	662	6.7e-16
BRCT	PF00533.26	79	D3454.contig1_76	662	7.3e-12
HHH_5	PF14520.6	57	D3454.contig1_76	662	9.5e-05
PTCB-BRCT	PF12738.7	63	D3454.contig1_76	662	0.00028
BRCT_2	PF16589.5	85	D3454.contig1_76	662	0.0029
PTS-HPr	PF00381.19	82	D3454.contig1_79	83	2e-05
Guanylate_kin	PF00625.21	182	D3454.contig1_80	180	6.4e-18
AAA_18	PF13238.6	130	D3454.contig1_80	180	1.6e-10
AAA_33	PF13671.6	143	D3454.contig1_80	180	8.1e-05
Nuc_deoxyrib_tr	PF05014.15	131	D3454.contig1_82	143	5.1e-07
Nuc_deoxyri_tr2	PF15891.5	108	D3454.contig1_82	143	4.7e-06
Cauli_DNA-bind	PF03310.13	121	D3454.contig1_84	100	0.14
NRDD	PF13597.6	561	D3454.contig1_86	1091	8e-162
NRDD	PF13597.6	561	D3454.contig1_86	1091	8e-162
Gly_radical	PF01228.21	106	D3454.contig1_86	1091	3.8e-17
ATP-cone	PF03477.16	86	D3454.contig1_86	1091	2.6e-14
LAGLIDADG_3	PF14528.6	83	D3454.contig1_86	1091	1.2e-12
Intein_splicing	PF14890.6	134	D3454.contig1_86	1091	8.8e-07
Hom_end	PF05204.14	110	D3454.contig1_86	1091	1.2e-06
Fer4_12	PF13353.6	139	D3454.contig1_87	186	5.5e-42
Fer4_14	PF13394.6	118	D3454.contig1_87	186	7.8e-21
Radical_SAM	PF04055.21	167	D3454.contig1_87	186	1.1e-06
DUF2073	PF09846.9	105	D3454.contig1_88	92	0.0022
P_C10	PF14974.6	103	D3454.contig1_90	107	0.03
dUTPase	PF00692.19	129	D3454.contig1_91	150	3.4e-29
HTH_17	PF12728.7	51	D3454.contig1_92	71	6.1e-09
Tn916-Xis	PF09035.10	69	D3454.contig1_92	71	0.0024
ANT	PF03374.14	108	D3454.contig1_92	71	0.044
Phage_integrase	PF00589.22	172	D3454.contig1_93	390	3e-32
Phage_int_SAM_3	PF14659.6	58	D3454.contig1_93	390	6.3e-09
Integrase_DNA	PF02920.15	58	D3454.contig1_93	390	1.3e-08
Wound_ind	PF08186.11	44	D3454.contig1_94	66	0.016
Phage_fiber_2	PF03406.13	42	D3454.contig1_96	1391	1.2e-05
HopW1-1	PF15457.6	321	D3454.contig1_100	90	0.003
DUF3800	PF12686.7	120	D3454.contig1_101	244	6e-09
Zn_Tnp_IS1595	PF12760.7	46	D3454.contig1_103	126	0.001
Glyco_hydro_31	PF01055.26	440	D3454.contig1_103	126	0.01
PemK_toxin	PF02452.17	111	D3454.contig1_106	204	0.0001
DUF262	PF03235.14	221	D3454.contig1_107	333	1.4e-08
PhageMin_Tail	PF10145.9	198	D3454.contig1_109	1317	2e-19
Prefoldin_2	PF01920.20	106	D3454.contig1_109	1317	0.034
PI31_Prot_N	PF11566.8	163	D3454.contig2_4	102	0.053
Peptidase_M42	PF05343.14	292	D3454.contig2_12	367	0.0012
Peptidase_M28	PF04389.17	198	D3454.contig2_12	367	0.0042
HTH_36	PF13730.6	55	D3454.contig2_13	297	2.4e-06
HTH_Crp_2	PF13545.6	68	D3454.contig2_13	297	0.00034
MarR_2	PF12802.7	62	D3454.contig2_13	297	0.0012
MarR	PF01047.22	59	D3454.contig2_13	297	0.0016
AAA_25	PF13481.6	194	D3454.contig2_14	591	1.3e-31
RepB_primase	PF16793.5	240	D3454.contig2_14	591	1.3e-08
DnaB_C	PF03796.15	255	D3454.contig2_14	591	5.6e-05
PnpCD_PnpD_N	PF18191.1	151	D3454.contig2_15	158	0.12
DNA_pol_A	PF00476.20	376	D3454.contig2_17	632	1e-63
DNA_pol_A_exo1	PF01612.20	176	D3454.contig2_17	632	6.6e-14
RNase_H_2	PF13482.6	166	D3454.contig2_17	632	0.0029
Neisseria_TspB	PF05616.13	517	D3454.contig2_18	157	0.025
HTH_3	PF01381.22	55	D3454.contig2_21	147	1.6e-11
HTH_19	PF12844.7	65	D3454.contig2_21	147	7.1e-11
HTH_31	PF13560.6	64	D3454.contig2_21	147	3.8e-06
DUF1642	PF07852.11	138	D3454.contig2_22	145	3.2e-18
PDDEXK_1	PF12705.7	255	D3454.contig2_24	270	2.7e-21
DHFR_1	PF00186.19	161	D3454.contig2_27	162	1.3e-39
DUF3310	PF11753.8	60	D3454.contig2_29	129	3.7e-08
dUTPase	PF00692.19	129	D3454.contig2_30	173	1.1e-09
AAA_24	PF13479.6	197	D3454.contig2_31	235	4.6e-19
MMR_HSR1	PF01926.23	114	D3454.contig2_31	235	0.0055
aGPT-Pplase1	PF18723.1	280	D3454.contig2_33	301	0.00013
TEA	PF01285.18	68	D3454.contig2_34	76	0.051
EMC3_TMCO1	PF01956.16	170	D3454.contig2_35	91	0.094
MucBP	PF06458.12	63	D3454.contig2_42	458	0.078
AAA_PrkA	PF08298.11	358	D3454.contig2_47	121	0.073
Phage_holin_Dp1	PF16938.5	63	D3454.contig2_48	68	9e-18
AbiGii_2	PF16873.5	397	D3454.contig2_52	85	0.015
zf-RING_14	PF17978.1	91	D3454.contig2_52	85	0.023
Baculo_PEP_C	PF04513.12	140	D3454.contig2_54	1403	0.0049
CW_binding_1	PF01473.20	19	D3454.contig2_55	323	3.4e-22
CW_binding_1	PF01473.20	19	D3454.contig2_55	323	3.4e-22
CW_binding_1	PF01473.20	19	D3454.contig2_55	323	3.4e-22
CW_binding_1	PF01473.20	19	D3454.contig2_55	323	3.4e-22
CW_binding_1	PF01473.20	19	D3454.contig2_55	323	3.4e-22
Amidase_2	PF01510.25	126	D3454.contig2_55	323	4.1e-05
Asparaginase	PF00710.20	191	D3454.contig2_56	117	0.086
DEAD	PF00270.29	176	D3454.contig2_57	110	0.035
CHAP	PF05257.16	83	D3454.contig2_58	356	1e-06
Phage_lysozyme2	PF18013.1	143	D3454.contig2_61	419	8.3e-19
Terminase_1	PF03354.15	468	D3454.contig3_2	538	0.0013
Phage_portal	PF04860.12	314	D3454.contig3_3	469	6.9e-49
Peptidase_S78	PF04586.17	163	D3454.contig3_4	261	3.2e-28
PIEZO	PF15917.5	228	D3454.contig3_4	261	0.016
Phage_capsid	PF05065.13	280	D3454.contig3_5	401	7.7e-36
Phage_head_fibr	PF11133.8	277	D3454.contig3_6	116	0.0037
HK97-gp10_like	PF04883.12	81	D3454.contig3_9	94	0.0036
Baculo_PEP_C	PF04513.12	140	D3454.contig3_14	951	1.2e-10
MscS_porin	PF12795.7	238	D3454.contig3_16	1617	0.00036
WEMBL	PF05701.11	562	D3454.contig3_16	1617	0.00048
Spc7	PF08317.11	310	D3454.contig3_16	1617	0.0014
LPP	PF04728.13	53	D3454.contig3_19	58	0.0017
CdvA	PF18822.1	123	D3454.contig3_19	58	0.0054
Amidase_2	PF01510.25	126	D3454.contig3_26	268	1.6e-22
SH3_5	PF08460.10	65	D3454.contig3_26	268	5.7e-05
SH3_3	PF08239.11	55	D3454.contig3_26	268	6.1e-05
DUF3040	PF11239.8	84	D3454.contig3_27	94	0.054
PBECR4	PF18813.1	182	D3454.contig3_29	185	1.3e-07
P22_Cro	PF14549.6	60	D3454.contig3_30	69	0.0031
Phage_holin_3_3	PF16083.5	78	D3454.contig3_31	52	0.067
Phage_integrase	PF00589.22	172	D3454.contig3_33	377	1.4e-23
Phage_int_SAM_3	PF14659.6	58	D3454.contig3_33	377	1.9e-05
RNase_T	PF00929.24	165	D3454.contig3_35	262	1.3e-31
DUF5051	PF16473.5	166	D3454.contig3_35	262	1.7e-06
RNase_H_2	PF13482.6	166	D3454.contig3_35	262	2.5e-05
DNA_pol_A_exo1	PF01612.20	176	D3454.contig3_35	262	0.0002
Peptidase_M78	PF06114.13	123	D3454.contig3_37	138	0.00016
DUF4236	PF14020.6	55	D3454.contig3_38	188	4.1e-08
UL45	PF05473.12	200	D3454.contig3_38	188	0.035
HTH_3	PF01381.22	55	D3454.contig3_40	82	4.7e-06
DUF739	PF05339.11	69	D3454.contig3_40	82	2.1e-05
HTH_26	PF13443.6	63	D3454.contig3_40	82	4e-05
HTH_31	PF13560.6	64	D3454.contig3_40	82	0.00011
BetR	PF08667.10	148	D3454.contig3_40	82	0.00017
HTH_AsnC-type	PF13404.6	42	D3454.contig3_40	82	0.0003
HTH_24	PF13412.6	48	D3454.contig3_40	82	0.00036
HTH_10	PF04967.12	53	D3454.contig3_40	82	0.0014
Phage_CI_repr	PF07022.13	65	D3454.contig3_40	82	0.0019
HTH_Tnp_ISL3	PF13542.6	52	D3454.contig3_40	82	0.0023
YdaS_antitoxin	PF15943.5	65	D3454.contig3_40	82	0.003
Methyltransf_11	PF08241.12	96	D3454.contig3_42	161	0.00011
Methyltransf_25	PF13649.6	97	D3454.contig3_42	161	0.00021
N6_N4_Mtase	PF01555.18	231	D3454.contig3_42	161	0.0034
DUF308	PF03729.13	73	D3454.contig3_44	69	0.012
DUF716	PF04819.12	138	D3454.contig3_44	69	0.033
HTH_17	PF12728.7	51	D3454.contig3_45	74	1.6e-07
HTH_23	PF13384.6	50	D3454.contig3_45	74	5.5e-05
AbiEi_4	PF13338.6	49	D3454.contig3_45	74	0.0012
MerR	PF00376.23	38	D3454.contig3_45	74	0.0033
HTH_29	PF13551.6	63	D3454.contig3_45	74	0.004
HTH_3	PF01381.22	55	D3454.contig3_45	74	0.0046
HTH_Crp_2	PF13545.6	68	D3454.contig3_46	267	0.00084
HTH_5	PF01022.20	47	D3454.contig3_46	267	0.0035
YqaJ	PF09588.10	148	D3454.contig3_48	321	1e-17
RecT	PF03837.14	199	D3454.contig3_49	279	1.4e-50
SSB	PF00436.25	104	D3454.contig3_50	167	5.4e-28
tRNA_anti-codon	PF01336.25	76	D3454.contig3_50	167	0.00026
tRNA_anti_2	PF13742.6	95	D3454.contig3_50	167	0.018
RusA	PF05866.11	124	D3454.contig3_52	132	0.046
DUF4972	PF16342.5	128	D3454.contig3_53	139	0.072
zf-ribbon_3	PF13248.6	26	D3454.contig3_55	59	1e-05
zinc_ribbon_2	PF13240.6	23	D3454.contig3_55	59	5.7e-05
DZR	PF12773.7	49	D3454.contig3_55	59	0.0041
Dam	PF05869.11	171	D3454.contig3_56	93	9.6e-15
DUF433	PF04255.14	56	D3454.contig3_61	48	0.0044
VirE	PF05272.11	198	D3454.contig4_1	803	7.1e-68
VRR_NUC	PF08774.11	108	D3454.contig4_3	108	4.9e-06
SNF2_N	PF00176.23	350	D3454.contig4_4	461	5.1e-17
Helicase_C	PF00271.31	111	D3454.contig4_4	461	2.1e-06
ResIII	PF04851.15	171	D3454.contig4_4	461	0.00069
DUF1492	PF07374.11	100	D3454.contig4_7	158	0.022
Terminase_2	PF03592.16	140	D3454.contig4_8	167	4.1e-43
Terminase_3C	PF17288.2	155	D3454.contig4_9	455	0.067
EHD_N	PF16880.5	33	D3454.contig4_10	610	0.027
Phage_min_cap2	PF06152.11	367	D3454.contig4_12	499	1.6e-32
HJURP_C	PF12347.8	63	D3454.contig4_13	66	0.11
TerB	PF05099.13	144	D3454.contig4_15	201	0.0074
DivIC	PF04977.15	80	D3454.contig4_17	90	0.0012
bZIP_1	PF00170.21	64	D3454.contig4_17	90	0.034
Minor_capsid_2	PF11114.8	114	D3454.contig4_20	128	0.0075
Mrr_cat	PF04471.12	115	D3454.contig4_22	175	0.048
Phage_Gp15	PF06854.11	170	D3454.contig4_24	79	0.0013
Collagen	PF01391.18	60	D3454.contig4_30	430	0.0013
Collagen	PF01391.18	60	D3454.contig4_31	727	7.4e-17
Collagen	PF01391.18	60	D3454.contig4_31	727	7.4e-17
7TMR-DISM_7TM	PF07695.11	205	D3454.contig4_34	109	0.0068
HicA_toxin	PF07927.12	58	D3454.contig4_35	62	6.6e-11
HicB_lk_antitox	PF15919.5	123	D3454.contig4_36	131	1.8e-14
HicB-like_2	PF15970.5	81	D3454.contig4_36	131	0.022
Glucosaminidase	PF01832.20	87	D3454.contig4_37	492	3e-19
PG_binding_1	PF01471.18	57	D3454.contig4_37	492	4.4e-15
CHAP	PF05257.16	83	D3454.contig4_37	492	8.4e-12
SH3_3	PF08239.11	55	D3454.contig4_37	492	8.6e-05
DUF433	PF04255.14	56	D3454.contig4_38	48	0.13
MazE_antitoxin	PF04014.18	46	D3454.contig4_39	61	0.00021
Phage_integrase	PF00589.22	172	D3454.contig4_40	408	3.9e-07
Phage_int_SAM_5	PF13102.6	99	D3454.contig4_40	408	0.0017
HNH	PF01844.23	47	D3454.contig4_41	322	7.1e-16
HNH_5	PF14279.6	56	D3454.contig4_41	322	8.2e-11
HNH_4	PF13395.6	55	D3454.contig4_41	322	0.00014
Syntaxin-18_N	PF10496.9	85	D3454.contig4_41	322	0.021
Sigma70_r2	PF04542.14	71	D3454.contig4_42	179	1.4e-12
Sigma70_r4_2	PF08281.12	54	D3454.contig4_42	179	3.9e-07
Sigma70_ECF	PF07638.11	185	D3454.contig4_42	179	4.9e-07
GerE	PF00196.19	57	D3454.contig4_42	179	0.0063
HTH_19	PF12844.7	65	D3454.contig4_43	124	4.1e-12
HTH_3	PF01381.22	55	D3454.contig4_43	124	4.9e-11
HTH_31	PF13560.6	64	D3454.contig4_43	124	2.2e-10
Phage_CI_repr	PF07022.13	65	D3454.contig4_43	124	0.007
Phage_pRha	PF09669.10	88	D3454.contig4_45	181	2.8e-22
RHH_5	PF07878.11	43	D3454.contig4_46	53	0.0021
CopG_antitoxin	PF12441.8	79	D3454.contig4_46	53	0.03
Arc	PF03869.14	50	D3454.contig4_47	58	8.1e-06
ParD_like	PF11903.8	73	D3454.contig4_47	58	0.00081
RHH_1	PF01402.21	39	D3454.contig4_47	58	0.0018
RHH_5	PF07878.11	43	D3454.contig4_47	58	0.0035
Arc	PF03869.14	50	D3454.contig4_48	57	4.4e-07
HicB	PF05534.12	51	D3454.contig4_48	57	1.9e-06
RHH_1	PF01402.21	39	D3454.contig4_48	57	0.001
CopG_antitoxin	PF12441.8	79	D3454.contig4_48	57	0.0019
Pentapeptide	PF00805.22	40	D3454.contig4_52	161	5.9e-15
Pentapeptide	PF00805.22	40	D3454.contig4_52	161	5.9e-15
Pentapeptide_4	PF13599.6	77	D3454.contig4_52	161	0.0034
DUF2800	PF10926.8	363	D3454.contig4_54	396	1.8e-130
PDDEXK_1	PF12705.7	255	D3454.contig4_54	396	2.6e-06
DUF2815	PF10991.8	173	D3454.contig4_55	205	6.5e-53
Tube	PF17212.3	169	D3454.contig5_3	200	1.7e-05
Endonuc-dimeris	PF09124.10	54	D3454.contig5_4	54	0.00058
HeH	PF12949.7	35	D3454.contig5_4	54	0.00075
Ish1	PF10281.9	37	D3454.contig5_4	54	0.017
TIP120	PF08623.10	168	D3454.contig5_5	118	0.02
HATPase_c_2	PF13581.6	125	D3454.contig5_5	118	0.066
Head-tail_con	PF12236.8	481	D3454.contig5_9	581	1.2e-128
TrfA	PF07042.11	282	D3454.contig5_11	481	0.043
HTH_23	PF13384.6	50	D3454.contig5_12	198	5.3e-06
HTH_Tnp_1_2	PF13022.6	123	D3454.contig5_12	198	0.00038
GP3_package	PF16677.5	113	D3454.contig5_12	198	0.0024
HTH_29	PF13551.6	63	D3454.contig5_12	198	0.0039
DUF1492	PF07374.11	100	D3454.contig5_13	160	8.9e-05
ParBc	PF02195.18	90	D3454.contig5_15	372	8.7e-11
AAA_31	PF13614.6	177	D3454.contig5_16	252	1.5e-26
CbiA	PF01656.23	128	D3454.contig5_16	252	1.2e-09
ParA	PF10609.9	246	D3454.contig5_16	252	0.0034
Foamy_BEL	PF03274.14	257	D3454.contig5_18	100	0.031
LysM	PF01476.20	44	D3454.contig5_21	110	2.9e-08
HNH	PF01844.23	47	D3454.contig5_24	139	5.3e-10
HNH_5	PF14279.6	56	D3454.contig5_24	139	1.3e-09
Endonuclease_7	PF02945.15	82	D3454.contig5_24	139	3.4e-05
HNH_4	PF13395.6	55	D3454.contig5_24	139	0.0012
SLATT_4	PF18186.1	165	D3454.contig5_25	79	0.0041
Phage_holin_3_3	PF16083.5	78	D3454.contig5_26	83	0.032
YbaJ	PF10757.9	118	D3454.contig5_26	83	0.042
HTH_19	PF12844.7	65	D3454.contig5_28	70	9.6e-11
HTH_31	PF13560.6	64	D3454.contig5_28	70	2.1e-10
HTH_3	PF01381.22	55	D3454.contig5_28	70	3.1e-10
HTH_3	PF01381.22	55	D3454.contig5_29	118	2.5e-19
HTH_19	PF12844.7	65	D3454.contig5_29	118	3.2e-16
HTH_31	PF13560.6	64	D3454.contig5_29	118	1.1e-14
HTH_26	PF13443.6	63	D3454.contig5_29	118	3.2e-09
HTH_37	PF13744.6	80	D3454.contig5_29	118	0.00078
HTH_25	PF13413.6	62	D3454.contig5_29	118	0.00094
HTH_24	PF13412.6	48	D3454.contig5_29	118	0.0018
MqsA_antitoxin	PF15731.5	131	D3454.contig5_29	118	0.0069
Ada_Zn_binding	PF02805.16	65	D3454.contig5_32	333	1.1e-07
zf-C4_Topoisom	PF01396.19	39	D3454.contig5_32	333	1.4e-05
Resolvase	PF00239.21	146	D3454.contig5_33	529	4.1e-31
Zn_ribbon_recom	PF13408.6	58	D3454.contig5_33	529	9.6e-14
Recombinase	PF07508.13	104	D3454.contig5_33	529	6.2e-13
HemX	PF04375.14	338	D3454.contig5_34	135	5.7e-06
DUF3450	PF11932.8	241	D3454.contig5_34	135	3.2e-05
Ly49	PF08391.10	119	D3454.contig5_34	135	0.0011
Exonuc_VII_S	PF02609.16	52	D3454.contig5_34	135	0.0018
GspL_C	PF12693.7	158	D3454.contig5_34	135	0.0021
DUF745	PF05335.13	183	D3454.contig5_34	135	0.0029
Glyco_hydro_25	PF01183.20	178	D3454.contig5_35	199	3.1e-19
DUF4406	PF14359.6	91	D3454.contig5_36	102	0.0024
EMP70	PF02990.16	519	D3454.contig5_38	108	0.0029
Nbl1_Borealin_N	PF10444.9	57	D3454.contig5_39	80	0.006
ZapB	PF06005.12	71	D3454.contig5_39	80	0.0099
DUF4675	PF15720.5	198	D3454.contig5_39	80	0.028
DUF3104	PF11302.8	71	D3454.contig5_43	320	0.033
ART-PolyVal	PF18760.1	137	D3454.contig5_44	2596	0.016
Peptidase_M15_3	PF08291.11	111	D3454.contig5_45	930	6.8e-07
SLT	PF01464.20	117	D3454.contig5_45	930	2e-06
Ndc1_Nup	PF09531.10	611	D3454.contig5_46	245	0.0042
DUF2833	PF11090.8	86	D3454.contig5_47	137	0.00013
Col_cuticle_N	PF01484.17	50	D3454.contig6_1	73	0.06
ResIII	PF04851.15	171	D3454.contig6_4	534	7.9e-30
Helicase_C	PF00271.31	111	D3454.contig6_4	534	1.8e-14
DEAD	PF00270.29	176	D3454.contig6_4	534	5.1e-11
SWI2_SNF2	PF18766.1	224	D3454.contig6_4	534	5.1e-10
AAA_30	PF13604.6	192	D3454.contig6_4	534	0.00026
DUF2075	PF09848.9	363	D3454.contig6_4	534	0.0047
DUF4145	PF13643.6	88	D3454.contig6_5	253	2.6e-07
EutN_CcmL	PF03319.13	83	D3454.contig6_6	77	0.093
AAA_24	PF13479.6	197	D3454.contig6_10	356	2.3e-60
Roc	PF08477.13	120	D3454.contig6_10	356	0.0037
AAA_15	PF13175.6	369	D3454.contig6_11	447	5e-10
AAA_23	PF13476.6	200	D3454.contig6_11	447	5.7e-09
SMC_N	PF02463.19	220	D3454.contig6_11	447	5.3e-08
AAA_29	PF13555.6	61	D3454.contig6_11	447	0.003
HTH_11	PF08279.12	55	D3454.contig6_13	275	1.8e-05
HTH_23	PF13384.6	50	D3454.contig6_13	275	0.00015
Myb_DNA-binding	PF00249.31	46	D3454.contig6_13	275	0.0014
HTH_17	PF12728.7	51	D3454.contig6_14	95	0.0072
HTH_3	PF01381.22	55	D3454.contig6_15	64	0.00054
HTH_31	PF13560.6	64	D3454.contig6_15	64	0.012
Streptin-Immun	PF11083.8	93	D3454.contig6_15	64	0.042
HTH_3	PF01381.22	55	D3454.contig6_16	117	6.9e-09
HTH_26	PF13443.6	63	D3454.contig6_16	117	1.3e-07
HTH_19	PF12844.7	65	D3454.contig6_16	117	1.9e-06
Peptidase_M78	PF06114.13	123	D3454.contig6_17	147	3.3e-05
DUF3920	PF13058.6	126	D3454.contig6_17	147	0.029
Phage_integrase	PF00589.22	172	D3454.contig6_20	380	2.4e-29
Phage_int_SAM_3	PF14659.6	58	D3454.contig6_20	380	2e-15
Arm-DNA-bind_4	PF14657.6	46	D3454.contig6_20	380	5.1e-11
DUF5067	PF16729.5	125	D3454.contig6_21	188	2.4e-18
DUF3558	PF12079.8	174	D3454.contig6_21	188	0.023
NA37	PF04245.13	309	D3454.contig6_26	346	1.1e-11
Amidase_2	PF01510.25	126	D3454.contig6_27	263	3.4e-16
Phage_holin_4_1	PF05105.12	114	D3454.contig6_28	169	3.7e-24
DUF1617	PF07761.12	143	D3454.contig6_30	148	9.9e-06
ZoocinA_TRD	PF16775.5	106	D3454.contig6_30	148	0.01
CBM_4_9	PF02018.17	138	D3454.contig6_31	1316	9.8e-09
Gp58	PF07902.11	594	D3454.contig6_31	1316	1.8e-06
Tropomyosin	PF00261.20	237	D3454.contig6_31	1316	0.00018
Apolipoprotein	PF01442.18	190	D3454.contig6_33	1632	8.4e-13
SLT	PF01464.20	117	D3454.contig6_33	1632	6.7e-08
Collagen_mid	PF15984.5	199	D3454.contig6_33	1632	0.0068
Phage_TTP_12	PF16461.5	134	D3454.contig6_36	140	0.00018
Phage_tail_3	PF08813.11	165	D3454.contig6_36	140	0.00041
Phage_cap_E	PF03864.15	333	D3454.contig6_42	337	1.5e-50
Macscav_rec	PF03523.13	49	D3454.contig6_43	109	0.069
DUF4355	PF14265.6	125	D3454.contig6_44	254	5.4e-25
OmpH	PF03938.14	138	D3454.contig6_44	254	0.0076
putAbiC	PF16872.5	81	D3454.contig6_45	357	3.7e-08
YajC	PF02699.15	80	D3454.contig7_1	49	0.013
Phi-29_GP16_7	PF06720.11	130	D3454.contig7_1	49	0.038
TPR_21	PF09976.9	193	D3454.contig7_1	49	0.043
zf-CXXC	PF02008.20	48	D3454.contig7_8	68	0.0037
DUF1149	PF06619.11	125	D3454.contig7_9	80	0.097
DpnD-PcfM	PF14207.6	46	D3454.contig7_11	76	0.0098
DUF2315	PF10231.9	123	D3454.contig7_12	107	0.1
zinc_ribbon_4	PF13717.6	36	D3454.contig7_13	96	0.00025
Zn_Tnp_IS1595	PF12760.7	46	D3454.contig7_13	96	0.0078
RNR_Alpha	PF17975.1	101	D3454.contig7_17	132	0.071
RAP	PF08373.10	58	D3454.contig7_27	89	0.011
DUF4942	PF13708.6	199	D3454.contig7_28	545	5.1e-37
MTS	PF05175.14	169	D3454.contig7_28	545	6.2e-05
Dam	PF05869.11	171	D3454.contig7_28	545	0.00045
RrnaAD	PF00398.20	265	D3454.contig7_28	545	0.01
DUF1706	PF08020.11	166	D3454.contig7_32	64	0.063
SNF2_assoc	PF08455.10	372	D3454.contig7_33	67	0.033
Trypan_glycop	PF00913.19	367	D3454.contig7_34	71	0.00041
VASP_tetra	PF08776.11	37	D3454.contig7_35	87	0.026
HicA_toxin	PF07927.12	58	D3454.contig7_38	68	8.4e-05
MDD_C	PF18376.1	187	D3454.contig7_38	68	0.073
HTH_3	PF01381.22	55	D3454.contig7_39	376	8.1e-15
HTH_19	PF12844.7	65	D3454.contig7_39	376	3.5e-10
HTH_31	PF13560.6	64	D3454.contig7_39	376	1.5e-09
HTH_26	PF13443.6	63	D3454.contig7_39	376	6.2e-06
HTH_24	PF13412.6	48	D3454.contig7_39	376	0.0004
YdaS_antitoxin	PF15943.5	65	D3454.contig7_39	376	0.00096
HTH_38	PF13936.6	44	D3454.contig7_39	376	0.0012
MarR_2	PF12802.7	62	D3454.contig7_39	376	0.0018
DS	PF01916.17	288	D3454.contig7_40	53	0.095
RsgI_N	PF12791.7	53	D3454.contig7_44	64	0.019
UPF0160	PF03690.13	317	D3454.contig7_45	273	1.3e-28
TF_Zn_Ribbon	PF08271.12	43	D3454.contig7_47	107	0.00093
HTH_26	PF13443.6	63	D3454.contig7_49	96	3.9e-09
GPS2_interact	PF15784.5	89	D3454.contig7_49	96	0.0034
MerR-DNA-bind	PF09278.11	65	D3454.contig7_49	96	0.016
Osmo_CC	PF08946.10	46	D3454.contig7_49	96	0.02
Leptin	PF02024.15	145	D3454.contig7_50	280	0.0017
Tho2	PF11262.8	301	D3454.contig7_50	280	0.0084
RelA_SpoT	PF04607.17	117	D3454.contig7_51	373	5.9e-21
ParBc	PF02195.18	90	D3454.contig7_54	387	7.1e-11
APG6_N	PF17675.1	133	D3454.contig7_54	387	0.0004
ZapB	PF06005.12	71	D3454.contig7_54	387	0.0064
MutS_II	PF05188.17	137	D3454.contig7_54	387	0.0085
Lipase_GDSL	PF00657.22	200	D3454.contig7_55	294	0.0041
Glyco_hydro_79n	PF03662.14	318	D3454.contig7_58	108	0.018
dCMP_cyt_deam_1	PF00383.23	101	D3454.contig7_59	138	5e-12
MafB19-deam	PF14437.6	138	D3454.contig7_59	138	3.2e-05
SNAD4	PF18750.1	114	D3454.contig7_59	138	0.029
DUF2175	PF09943.9	98	D3454.contig7_60	80	0.019
SBP	PF03110.14	75	D3454.contig7_63	253	0.02
Pfg27	PF09216.10	174	D3454.contig7_66	104	0.012
APG6_N	PF17675.1	133	D3454.contig7_68	128	0.022
Mak16	PF04874.14	100	D3454.contig7_68	128	0.025
Ndc80_HEC	PF03801.13	153	D3454.contig8_5	90	0.09
MPTase-PolyVal	PF18818.1	126	D3454.contig8_6	509	5.9e-22
DUF1738	PF08401.11	128	D3454.contig8_6	509	3.7e-06
Nuf2	PF03800.14	139	D3454.contig8_6	509	0.002
DUF22	PF01629.16	106	D3454.contig8_8	69	0.079
GP3_package	PF16677.5	113	D3454.contig8_9	121	4.2e-10
DUF5316	PF17247.2	74	D3454.contig8_11	70	0.016
RNA_capsid	PF03035.14	226	D3454.contig8_14	296	0.0019
DUF2460	PF09343.10	200	D3454.contig8_16	641	0.058
PhaP_Bmeg	PF09602.10	168	D3454.contig8_17	105	0.075
GBP_PSP	PF02425.15	23	D3454.contig8_18	161	0.043
SH3_3	PF08239.11	55	D3454.contig8_22	285	0.00055
Phage_holin_Dp1	PF16938.5	63	D3454.contig8_23	90	8.3e-21
S_4TM	PF18159.1	292	D3454.contig8_23	90	0.0067
Phage_int_SAM_5	PF13102.6	99	D3454.contig8_24	124	0.011
Collagen	PF01391.18	60	D3454.contig8_28	253	2.3e-20
Collagen	PF01391.18	60	D3454.contig8_28	253	2.3e-20
Rubrerythrin	PF02915.17	137	D3454.contig8_29	103	0.00036
Gp-FAR-1	PF05823.12	149	D3454.contig8_29	103	0.0064
ELH	PF02323.15	255	D3454.contig8_29	103	0.026
Phage_integrase	PF00589.22	172	D3454.contig8_30	386	3e-26
Phage_int_SAM_3	PF14659.6	58	D3454.contig8_30	386	0.00094
HTH_3	PF01381.22	55	D3454.contig8_31	106	4.1e-14
HTH_19	PF12844.7	65	D3454.contig8_31	106	4.1e-13
HTH_31	PF13560.6	64	D3454.contig8_31	106	3.7e-12
HTH_26	PF13443.6	63	D3454.contig8_31	106	0.00076
YdaS_antitoxin	PF15943.5	65	D3454.contig8_31	106	0.0046
HTH_37	PF13744.6	80	D3454.contig8_31	106	0.0064
DUF739	PF05339.11	69	D3454.contig8_32	85	1.8e-10
HTH_3	PF01381.22	55	D3454.contig8_32	85	7.1e-06
HTH_26	PF13443.6	63	D3454.contig8_32	85	1.6e-05
HTH_19	PF12844.7	65	D3454.contig8_32	85	0.00015
HTH_31	PF13560.6	64	D3454.contig8_32	85	0.00078
HTH_37	PF13744.6	80	D3454.contig8_32	85	0.0019
BetR	PF08667.10	148	D3454.contig8_32	85	0.01
HTH_17	PF12728.7	51	D3454.contig8_33	76	1.5e-07
ERF	PF04404.12	153	D3454.contig8_35	211	6.7e-15
Sipho_Gp157	PF05565.11	163	D3454.contig8_36	106	3.7e-05
PDDEXK_1	PF12705.7	255	D3454.contig8_37	218	8.9e-05
DUF2913	PF11140.8	207	D3454.contig8_38	98	0.011
HNH_3	PF13392.6	46	D3454.contig8_39	177	8.6e-13
NUMOD4	PF07463.11	49	D3454.contig8_39	177	3e-12
RusA	PF05866.11	124	D3454.contig8_41	136	2.3e-05
SSB	PF00436.25	104	D3454.contig8_42	133	3.6e-11
DUF3258	PF11646.8	99	D3454.contig8_43	63	0.031
PPR	PF01535.20	31	D3454.contig8_45	302	0.015
Molybdopterin_N	PF18364.1	41	D3454.contig9_2	220	0.029
Sugarporin_N	PF11471.8	55	D3454.contig9_8	54	0.029
AAA_13	PF13166.6	713	D3454.contig9_11	860	0.00029
ERM	PF00769.19	246	D3454.contig9_11	860	0.0016
FliJ	PF02050.16	123	D3454.contig9_11	860	0.0019
tRNA_anti-like	PF12869.7	161	D3454.contig9_12	279	1.2e-21
Phage_Gp15	PF06854.11	170	D3454.contig9_13	191	3.2e-16
Minor_capsid_2	PF11114.8	114	D3454.contig9_17	137	3.9e-15
MU2_FHA	PF18221.1	94	D3454.contig9_20	118	0.047
Phage_capsid	PF05065.13	280	D3454.contig9_21	324	3.7e-31
DegV	PF02645.16	280	D3454.contig9_22	167	0.0015
Phage_min_cap2	PF06152.11	367	D3454.contig9_24	509	5.3e-92
Phage_prot_Gp6	PF05133.14	420	D3454.contig9_25	474	4.1e-16
Terminase_6	PF03237.15	215	D3454.contig9_26	393	2.5e-10
Terminase_6C	PF17289.2	155	D3454.contig9_26	393	3e-06
Terminase_3	PF04466.13	201	D3454.contig9_26	393	1e-05
HTH_28	PF13518.6	52	D3454.contig9_27	140	0.00014
HTH_23	PF13384.6	50	D3454.contig9_27	140	0.0012
Sigma70_r4_2	PF08281.12	54	D3454.contig9_27	140	0.0037
HTH_Tnp_ISL3	PF13542.6	52	D3454.contig9_27	140	0.0057
TnsD	PF15978.5	360	D3454.contig9_27	140	0.017
UPF0102	PF02021.17	79	D3454.contig9_28	97	0.004
ANT	PF03374.14	108	D3454.contig9_29	236	8.7e-33
AntA	PF08346.12	68	D3454.contig9_29	236	1.6e-23
HTH_3	PF01381.22	55	D3454.contig9_31	151	5.6e-11
HTH_31	PF13560.6	64	D3454.contig9_31	151	4.2e-08
HTH_19	PF12844.7	65	D3454.contig9_31	151	2.3e-07
HTH_25	PF13413.6	62	D3454.contig9_31	151	4.5e-05
HTH_26	PF13443.6	63	D3454.contig9_31	151	0.00044
Acetyltransf_4	PF13420.7	155	D3454.contig9_34	153	0.0028
ParBc	PF02195.18	90	D3454.contig9_40	520	4.2e-15
Flagellin_N	PF00669.20	139	D3454.contig10_2	97	0.023
Terminase_3	PF04466.13	201	D3454.contig10_3	478	1.7e-05
Terminase_1	PF03354.15	468	D3454.contig10_3	478	0.0018
Helicase_RecD	PF05127.14	177	D3454.contig10_3	478	0.0033
AAA_22	PF13401.6	137	D3454.contig10_3	478	0.0047
Terminase_6	PF03237.15	215	D3454.contig10_3	478	0.011
Phage_prot_Gp6	PF05133.14	420	D3454.contig10_4	508	6.9e-26
CdiA_C	PF18451.1	81	D3454.contig10_5	387	8.3e-16
DUF4355	PF14265.6	125	D3454.contig10_6	178	0.012
PspA_IM30	PF04012.12	221	D3454.contig10_6	178	0.015
Phage_capsid	PF05065.13	280	D3454.contig10_7	302	1.8e-14
Phage_head_fibr	PF11133.8	277	D3454.contig10_8	105	1.2e-06
Phage_Gp19	PF09355.10	116	D3454.contig10_9	151	3.9e-12
DUF5361	PF17318.2	87	D3454.contig10_15	131	5.6e-06
Baculo_PEP_C	PF04513.12	140	D3454.contig10_16	1022	7.8e-12
Baculo_PEP_C	PF04513.12	140	D3454.contig10_16	1022	7.8e-12
Sipho_tail	PF05709.11	255	D3454.contig10_17	261	0.00013
Prophage_tail	PF06605.11	316	D3454.contig10_18	913	2.7e-35
PKcGMP_CC	PF16808.5	35	D3454.contig10_20	61	0.0034
MBG_2	PF18676.1	72	D3454.contig10_22	527	0.042
RVT_1	PF00078.27	222	D3454.contig10_23	412	1.5e-12
DUF2300	PF10062.9	127	D3454.contig10_23	412	0.017
DUF3717	PF12512.8	68	D3454.contig10_24	45	0.11
Glyco_hydro_25	PF01183.20	178	D3454.contig10_26	411	6.4e-28
LysM	PF01476.20	44	D3454.contig10_26	411	4.2e-12
LysM	PF01476.20	44	D3454.contig10_26	411	4.2e-12
CW_7	PF08230.11	40	D3454.contig10_26	411	5.5e-10
Phage_holin_Dp1	PF16938.5	63	D3454.contig10_27	88	1.9e-18
CopG_antitoxin	PF12441.8	79	D3454.contig10_28	95	0.00042
RHH_1	PF01402.21	39	D3454.contig10_28	95	0.051
BrnT_toxin	PF04365.13	78	D3454.contig10_29	91	4.3e-23
Phage_integrase	PF00589.22	172	D3454.contig10_30	238	6.7e-15
HTH_3	PF01381.22	55	D3454.contig10_31	117	2.3e-05
HTH_26	PF13443.6	63	D3454.contig10_31	117	0.00011
HTH_3	PF01381.22	55	D3454.contig10_32	89	9.2e-10
HTH_19	PF12844.7	65	D3454.contig10_32	89	1.3e-05
HTH_26	PF13443.6	63	D3454.contig10_32	89	2.7e-05
HTH_31	PF13560.6	64	D3454.contig10_32	89	0.0048
HTH_Crp_2	PF13545.6	68	D3454.contig10_32	89	0.011
MarR_2	PF12802.7	62	D3454.contig10_32	89	0.012
AAA_24	PF13479.6	197	D3454.contig11_1	609	4.8e-41
PDDEXK_1	PF12705.7	255	D3454.contig11_1	609	5.6e-11
CT47	PF15623.6	282	D3454.contig11_1	609	0.01
Hjc	PF01870.18	93	D3454.contig11_2	117	8.6e-06
VRR_NUC	PF08774.11	108	D3454.contig11_2	117	0.0056
Sipho_Gp157	PF05565.11	163	D3454.contig11_3	144	0.00044
GWT1	PF06423.12	149	D3454.contig11_4	84	0.055
SNF2_N	PF00176.23	350	D3454.contig11_5	428	2.1e-10
Helicase_C	PF00271.31	111	D3454.contig11_5	428	2.4e-07
ResIII	PF04851.15	171	D3454.contig11_5	428	0.00018
Pentapeptide_2	PF01469.18	40	D3454.contig11_6	289	1.2e-12
Pentapeptide_2	PF01469.18	40	D3454.contig11_6	289	1.2e-12
HTH_17	PF12728.7	51	D3454.contig11_7	61	0.029
HTH_3	PF01381.22	55	D3454.contig11_8	66	1.3e-07
HTH_26	PF13443.6	63	D3454.contig11_8	66	4.1e-06
HTH_19	PF12844.7	65	D3454.contig11_8	66	7.1e-06
MarR_2	PF12802.7	62	D3454.contig11_8	66	0.00066
HTH_37	PF13744.6	80	D3454.contig11_8	66	0.0011
HTH_Tnp_ISL3	PF13542.6	52	D3454.contig11_8	66	0.0023
HTH_Crp_2	PF13545.6	68	D3454.contig11_8	66	0.0049
YdaS_antitoxin	PF15943.5	65	D3454.contig11_8	66	0.0062
Peptidase_S24	PF00717.23	70	D3454.contig11_9	222	2e-17
HTH_26	PF13443.6	63	D3454.contig11_9	222	2.6e-05
HTH_19	PF12844.7	65	D3454.contig11_9	222	4.5e-05
HTH_3	PF01381.22	55	D3454.contig11_9	222	0.00055
PI3K_P85_iSH2	PF16454.5	161	D3454.contig11_10	200	0.0015
DUF2505	PF10698.9	158	D3454.contig11_10	200	0.012
Phage_integrase	PF00589.22	172	D3454.contig11_11	351	4.3e-23
Phage_int_SAM_3	PF14659.6	58	D3454.contig11_11	351	0.00051
CW_7	PF08230.11	40	D3454.contig11_12	475	7.9e-62
CW_7	PF08230.11	40	D3454.contig11_12	475	7.9e-62
CW_7	PF08230.11	40	D3454.contig11_12	475	7.9e-62
Glucosaminidase	PF01832.20	87	D3454.contig11_12	475	1.9e-20
CHAP	PF05257.16	83	D3454.contig11_12	475	9.5e-10
Phage_holin_4_1	PF05105.12	114	D3454.contig11_13	140	6e-36
bPH_3	PF14470.6	95	D3454.contig11_16	89	0.041
RVT_1	PF00078.27	222	D3454.contig11_17	383	5.3e-19
TPR_MLP1_2	PF07926.12	129	D3454.contig11_18	698	6.1e-06
Prophage_tail	PF06605.11	316	D3454.contig11_20	820	3.6e-32
Peptidase_S74	PF13884.6	58	D3454.contig11_20	820	7.7e-08
PhageMin_Tail	PF10145.9	198	D3454.contig11_22	899	1.9e-30
Baculo_PEP_C	PF04513.12	140	D3454.contig11_22	899	4.5e-08
Prominin	PF05478.11	800	D3454.contig11_22	899	0.00052
DUF3601	PF12208.8	77	D3454.contig11_25	63	0.017
HK97-gp10_like	PF04883.12	81	D3454.contig11_28	165	0.0019
zf-Mss51	PF13824.6	57	D3454.contig12_1	62	0.013
Phage_prot_Gp6	PF05133.14	420	D3454.contig12_3	407	2.7e-12
YjcQ	PF09639.10	96	D3454.contig12_6	113	4.7e-15
DUF2513	PF10711.9	104	D3454.contig12_6	113	2.4e-07
YjcQ	PF09639.10	96	D3454.contig12_7	95	4.3e-12
Terminase_1	PF03354.15	468	D3454.contig12_8	469	4.2e-08
DUF4355	PF14265.6	125	D3454.contig12_9	159	8.8e-06
TMF_DNA_bd	PF12329.8	74	D3454.contig12_9	159	0.023
Phage_capsid	PF05065.13	280	D3454.contig12_10	296	1.9e-17
UPF0239	PF06783.11	88	D3454.contig12_11	76	0.058
Phage_Gp19	PF09355.10	116	D3454.contig12_12	139	5.7e-26
DUF61	PF01886.16	127	D3454.contig12_15	114	0.0079
Cytochrom_B562	PF07361.11	102	D3454.contig12_17	98	0.013
YlbD_coat	PF14071.6	126	D3454.contig12_17	98	0.054
DUF5361	PF17318.2	87	D3454.contig12_18	126	1.4e-26
Sipho_tail	PF05709.11	255	D3454.contig12_20	234	0.00014
Prophage_tail	PF06605.11	316	D3454.contig12_21	596	1.8e-16
EcoRII-C	PF09019.11	165	D3454.contig12_22	68	0.019
GARP	PF16731.5	193	D3454.contig12_24	292	0.00013
T3SSipB	PF16535.5	155	D3454.contig12_24	292	0.0017
Alanine_zipper	PF11839.8	69	D3454.contig12_24	292	0.0018
DUF859	PF05895.12	626	D3454.contig12_25	610	2.2e-39
He_PIG	PF05345.12	49	D3454.contig12_25	610	0.0094
Phage_XkdX	PF09693.10	40	D3454.contig12_27	43	7.4e-07
SHOCT	PF09851.9	28	D3454.contig12_27	43	0.028
Glyco_hydro_25	PF01183.20	178	D3454.contig12_28	318	2.2e-35
CW_7	PF08230.11	40	D3454.contig12_28	318	5.9e-21
LysM	PF01476.20	44	D3454.contig12_28	318	1.1e-17
DUF4446	PF14584.6	150	D3454.contig12_29	108	0.00025
XhlA	PF10779.9	67	D3454.contig12_29	108	0.0041
Phage_holin_1	PF04531.13	82	D3454.contig12_30	88	3.5e-27
Phage_integrase	PF00589.22	172	D3454.contig12_31	347	1.7e-29
Arm-DNA-bind_4	PF14657.6	46	D3454.contig12_31	347	3.6e-08
DUF3435	PF11917.8	418	D3454.contig12_31	347	0.0079
HTH_3	PF01381.22	55	D3454.contig12_32	71	1.7e-13
HTH_19	PF12844.7	65	D3454.contig12_32	71	9.3e-10
HTH_26	PF13443.6	63	D3454.contig12_32	71	1.1e-07
HTH_31	PF13560.6	64	D3454.contig12_32	71	1.2e-06
Sigma70_r4	PF04545.16	50	D3454.contig12_32	71	0.0035
MqsA_antitoxin	PF15731.5	131	D3454.contig12_32	71	0.004
HTH_11	PF08279.12	55	D3454.contig12_32	71	0.0043
YdaS_antitoxin	PF15943.5	65	D3454.contig12_32	71	0.0056
DUF2313	PF10076.9	163	D3454.contig13_3	302	1.4e-15
Baseplate_J	PF04865.14	255	D3454.contig13_4	374	1.8e-54
DUF2634	PF10934.8	105	D3454.contig13_5	137	7.8e-17
DUF2577	PF10844.8	98	D3454.contig13_6	163	2.5e-15
HR1	PF02185.16	69	D3454.contig13_7	326	0.051
GW	PF13457.6	76	D3454.contig13_8	250	0.013
Phage_TAC_5	PF08890.11	136	D3454.contig13_11	135	2.3e-34
DUF2001	PF09393.10	139	D3454.contig13_12	159	8.5e-20
Phage_sheath_1	PF04984.14	168	D3454.contig13_13	446	1.5e-26
Phage_sheath_1C	PF17482.2	104	D3454.contig13_13	446	2.9e-22
Phage_sheath_1N	PF17481.2	104	D3454.contig13_13	446	2.4e-14
HK97-gp10_like	PF04883.12	81	D3454.contig13_16	162	2.3e-06
DUF4054	PF13262.6	107	D3454.contig13_18	163	1.3e-15
DUF2184	PF09950.9	251	D3454.contig13_20	346	9.4e-73
Phage_head_fibr	PF11133.8	277	D3454.contig13_22	269	1.3e-12
Collagen	PF01391.18	60	D3454.contig13_22	269	5.6e-09
HDPD	PF02924.14	116	D3454.contig13_22	269	0.016
DUF2213	PF09979.9	168	D3454.contig13_23	410	1.2e-43
Ferritin_2	PF13668.6	136	D3454.contig13_24	73	0.0018
Rubrerythrin	PF02915.17	137	D3454.contig13_24	73	0.05
PLDc_2	PF13091.6	133	D3454.contig13_25	46	0.013
DUF4926	PF16277.5	58	D3454.contig13_26	79	0.0023
Phage_min_cap2	PF06152.11	367	D3454.contig13_27	503	1.7e-16
YjcQ	PF09639.10	96	D3454.contig13_28	119	1.8e-17
DUF4116	PF13475.6	49	D3454.contig13_29	89	0.073
DUF1073	PF06381.11	357	D3454.contig13_30	579	3.3e-100
Terminase_6	PF03237.15	215	D3454.contig13_31	407	4.3e-09
Terminase_3	PF04466.13	201	D3454.contig13_31	407	0.001
KGG	PF10685.9	21	D3454.contig13_32	132	0.0067
HTH_31	PF13560.6	64	D3454.contig13_33	72	1.5e-10
HTH_3	PF01381.22	55	D3454.contig13_33	72	4.7e-08
HTH_19	PF12844.7	65	D3454.contig13_33	72	0.00096
Phage_T7_tail	PF03906.14	157	D3454.contig14_1	261	2.5e-45
Tube	PF17212.3	169	D3454.contig14_7	192	1.1e-39
Phage_T7_Capsid	PF05396.11	123	D3454.contig14_10	260	4.1e-10
Phosphoesterase	PF04185.14	356	D3454.contig14_10	260	0.0052
Head-tail_con	PF12236.8	481	D3454.contig14_11	529	1.2e-76
Acetyltransf_1	PF00583.25	117	D3454.contig14_13	174	0.012
DUF5476	PF17570.2	62	D3454.contig14_14	65	0.005
5_3_exonuc_N	PF02739.16	159	D3454.contig14_16	265	1.1e-09
5_3_exonuc	PF01367.20	97	D3454.contig14_16	265	2e-05
DNA_pol_A	PF00476.20	376	D3454.contig14_19	635	2.2e-47
RNase_H_2	PF13482.6	166	D3454.contig14_19	635	0.00055
DnaB_C	PF03796.15	255	D3454.contig14_20	491	2.5e-16
Toprim_2	PF13155.6	90	D3454.contig14_20	491	3.6e-11
Toprim_4	PF13662.6	89	D3454.contig14_20	491	1.4e-06
ATPase	PF06745.13	231	D3454.contig14_20	491	1.7e-06
AAA_25	PF13481.6	194	D3454.contig14_20	491	0.0018
UvrD_C_2	PF13538.6	52	D3454.contig14_20	491	0.009
Thy1	PF02511.15	188	D3454.contig14_21	283	1.7e-16
HSCB_C	PF07743.13	76	D3454.contig14_23	125	0.03
BppU_N	PF10651.9	148	D3454.contig15_1	449	7.6e-24
Pectate_lyase_3	PF12708.7	215	D3454.contig15_1	449	2.2e-05
End_N_terminal	PF12218.8	67	D3454.contig15_1	449	0.0022
Lysozyme_like	PF13702.6	158	D3454.contig15_2	954	4.8e-35
Peptidase_M23	PF01551.22	96	D3454.contig15_2	954	1.8e-29
Prophage_tail	PF06605.11	316	D3454.contig15_2	954	2.2e-19
Sipho_tail	PF05709.11	255	D3454.contig15_3	257	5.2e-16
HTH_12	PF08461.10	66	D3454.contig15_5	78	0.028
PrlF_antitoxin	PF15937.5	97	D3454.contig15_5	78	0.035
Phage_TAC_12	PF12363.8	111	D3454.contig15_6	116	5.8e-21
Phage_tail_2	PF06199.11	135	D3454.contig15_7	169	4.5e-23
T6SS_HCP	PF05638.12	129	D3454.contig15_7	169	0.0047
HK97-gp10_like	PF04883.12	81	D3454.contig15_9	91	1e-10
Phage_connect_1	PF05135.13	99	D3454.contig15_11	113	6.9e-13
RsgI_N	PF12791.7	53	D3454.contig15_12	69	0.0025
HTH_40	PF14493.6	89	D3454.contig15_12	69	0.075
Phage_cap_E	PF03864.15	333	D3454.contig15_13	336	5.4e-47
DUF4355	PF14265.6	125	D3454.contig15_15	199	4.4e-18
DUF3135	PF11333.8	81	D3454.contig15_16	101	0.006
Prominin	PF05478.11	800	D3454.contig15_16	101	0.013
Phage_Mu_F	PF04233.14	112	D3454.contig15_17	318	1.3e-16
Peptidase_C1_2	PF03051.15	438	D3454.contig15_19	77	0.003
DUF2815	PF10991.8	173	D3454.contig15_19	77	0.014
SSPI	PF14098.6	65	D3454.contig15_19	77	0.023
Phage_prot_Gp6	PF05133.14	420	D3454.contig15_21	540	3.2e-79
Terminase_6	PF03237.15	215	D3454.contig15_22	471	7.4e-06
Terminase_6C	PF17289.2	155	D3454.contig15_22	471	2.3e-05
HTH_Tnp_1	PF01527.20	75	D3454.contig15_23	154	5.3e-05
HTH_23	PF13384.6	50	D3454.contig15_23	154	0.00072
HTH_Tnp_1_2	PF13022.6	123	D3454.contig15_23	154	0.0017
GP3_package	PF16677.5	113	D3454.contig15_23	154	0.0024
DUF4865	PF16157.5	183	D3454.contig15_26	407	0.0015
GcrA	PF07750.11	162	D3454.contig15_26	407	0.0032
Terminase_6	PF03237.15	215	D3454.contig16_2	420	2e-06
Terminase_3	PF04466.13	201	D3454.contig16_2	420	0.012
Phage_prot_Gp6	PF05133.14	420	D3454.contig16_3	460	1.7e-11
Peptidase_C37	PF05416.12	535	D3454.contig16_3	460	0.0095
Phage_min_cap2	PF06152.11	367	D3454.contig16_4	568	4.2e-102
Phage_GP20	PF06810.11	149	D3454.contig16_5	178	1.9e-25
Phage_capsid	PF05065.13	280	D3454.contig16_6	397	1e-27
CarboxypepD_reg	PF13620.6	82	D3454.contig16_6	397	3.1e-05
Invasin_D3	PF09134.10	96	D3454.contig16_6	397	0.0025
PEGA	PF08308.11	70	D3454.contig16_6	397	0.0065
DUF4224	PF13986.6	45	D3454.contig16_7	124	0.028
Minor_capsid_2	PF11114.8	114	D3454.contig16_9	142	1.8e-06
Phage_Gp15	PF06854.11	170	D3454.contig16_13	187	1e-25
ProQ	PF04352.13	110	D3454.contig16_14	414	0.033
H_lectin	PF09458.10	67	D3454.contig16_23	183	0.0033
DEDD_Tnp_IS110	PF01548.17	155	D3454.contig16_25	489	8.6e-31
Transposase_20	PF02371.16	87	D3454.contig16_25	489	1.7e-22
HTH_3	PF01381.22	55	D3454.contig17_1	151	2.2e-10
HTH_31	PF13560.6	64	D3454.contig17_1	151	1.3e-07
HTH_19	PF12844.7	65	D3454.contig17_1	151	2.7e-07
HTH_25	PF13413.6	62	D3454.contig17_1	151	0.00012
HTH_26	PF13443.6	63	D3454.contig17_1	151	0.0014
HTH_31	PF13560.6	64	D3454.contig17_2	82	2.5e-12
HTH_3	PF01381.22	55	D3454.contig17_2	82	2.5e-12
HTH_19	PF12844.7	65	D3454.contig17_2	82	8.9e-12
HTH_26	PF13443.6	63	D3454.contig17_2	82	6.8e-06
HTH_25	PF13413.6	62	D3454.contig17_2	82	0.0015
BetR	PF08667.10	148	D3454.contig17_2	82	0.0048
PMR5N	PF14416.6	53	D3454.contig17_3	160	0.059
Lar_restr_allev	PF14354.6	62	D3454.contig17_9	99	0.0019
DNA_methylase	PF00145.17	335	D3454.contig17_10	275	2.3e-36
HTH_40	PF14493.6	89	D3454.contig17_11	143	0.0059
RusA	PF05866.11	124	D3454.contig17_12	127	0.039
DnaB_C	PF03796.15	255	D3454.contig17_14	423	2.4e-09
AAA_25	PF13481.6	194	D3454.contig17_14	423	7.6e-08
SSB	PF00436.25	104	D3454.contig17_16	138	2.1e-31
Rad52_Rad22	PF04098.15	153	D3454.contig17_18	173	0.00033
Sipho_Gp157	PF05565.11	163	D3454.contig17_19	163	2.7e-32
Tektin	PF03148.14	383	D3454.contig17_19	163	0.014
DUF2353	PF09789.9	314	D3454.contig17_19	163	0.016
DUF1180	PF06679.12	169	D3454.contig17_21	75	0.13
HTH_17	PF12728.7	51	D3454.contig17_23	65	3.9e-09
Tn916-Xis	PF09035.10	69	D3454.contig17_23	65	9e-05
Phage_AlpA	PF05930.12	51	D3454.contig17_23	65	0.0028
RIC1	PF07064.13	252	D3454.contig17_23	65	0.0052
WXG100	PF06013.12	86	D3454.contig17_24	89	0.098
HTH_3	PF01381.22	55	D3454.contig17_27	123	1.5e-10
HTH_19	PF12844.7	65	D3454.contig17_27	123	7.1e-08
HTH_31	PF13560.6	64	D3454.contig17_27	123	1.2e-06
HTH_26	PF13443.6	63	D3454.contig17_27	123	1.5e-06
Phage_CI_repr	PF07022.13	65	D3454.contig17_27	123	0.0012
YdaS_antitoxin	PF15943.5	65	D3454.contig17_27	123	0.0076
DUF4574	PF15141.6	84	D3454.contig17_28	45	0.019
Phage_integrase	PF00589.22	172	D3454.contig17_30	390	2e-30
Phage_int_SAM_3	PF14659.6	58	D3454.contig17_30	390	1.4e-14
Integrase_1	PF12835.7	149	D3454.contig17_30	390	5.3e-06
Phage_int_SAM_5	PF13102.6	99	D3454.contig17_30	390	0.00017
Arm-DNA-bind_4	PF14657.6	46	D3454.contig17_30	390	0.0055
TFX_C	PF14601.6	83	D3454.contig17_32	132	0.1
SKA2	PF16740.5	110	D3454.contig17_33	254	0.0027
DUF1192	PF06698.11	58	D3454.contig17_34	162	0.073
Phage_holin_5_2	PF16079.5	75	D3454.contig17_38	91	4e-23
Phage_holin_5_1	PF06946.11	93	D3454.contig17_38	91	0.0051
Amidase_3	PF01520.18	175	D3454.contig17_39	445	1.6e-38
NAGPA	PF09992.9	170	D3454.contig17_39	445	1.5e-09
TerD	PF02342.18	187	D3454.contig18_1	46	4e-13
E1-E2_ATPase	PF00122.20	181	D3454.contig18_3	867	1.3e-33
Cation_ATPase_C	PF00689.21	182	D3454.contig18_3	867	1.9e-29
Hydrolase	PF00702.26	210	D3454.contig18_3	867	2e-20
Cation_ATPase_N	PF00690.26	69	D3454.contig18_3	867	5.5e-08
Cation_ATPase	PF13246.6	91	D3454.contig18_3	867	1e-05
Hydrolase_3	PF08282.12	255	D3454.contig18_3	867	0.0004
DUF3791	PF12668.7	60	D3454.contig18_6	92	0.006
MIT_C	PF16565.5	141	D3454.contig18_7	111	0.032
IP_trans	PF02121.18	247	D3454.contig18_8	94	0.084
Band_7	PF01145.25	178	D3454.contig18_13	290	3e-25
Band_7_1	PF13421.6	211	D3454.contig18_13	290	1.1e-05
Spore_III_AF	PF09581.10	189	D3454.contig18_14	55	0.013
DUF4834	PF16118.5	99	D3454.contig18_14	55	0.041
QLQ	PF08880.11	35	D3454.contig18_15	44	0.082
DUF3797	PF12677.7	48	D3454.contig18_18	63	0.0058
DUF4838	PF16126.5	265	D3454.contig18_18	63	0.018
PemK_toxin	PF02452.17	111	D3454.contig18_21	128	9.8e-17
GshA	PF08886.11	402	D3454.contig18_21	128	0.074
HTH_26	PF13443.6	63	D3454.contig18_22	89	1.4e-15
HTH_3	PF01381.22	55	D3454.contig18_22	89	7.6e-11
HTH_19	PF12844.7	65	D3454.contig18_22	89	0.00096
HTH_37	PF13744.6	80	D3454.contig18_22	89	0.002
Phage_integrase	PF00589.22	172	D3454.contig18_23	332	7.9e-29
Phage_int_SAM_4	PF13495.6	85	D3454.contig18_23	332	0.00024
DpnD-PcfM	PF14207.6	46	D3454.contig18_26	70	0.0019
DUF262	PF03235.14	221	D3454.contig18_30	173	3e-12
Arteri_nsp7a	PF16749.5	130	D3454.contig18_31	57	0.065
Peripla_BP_2	PF01497.18	238	D3454.contig18_36	67	0.045
Phage_GP20	PF06810.11	149	D3454.contig19_3	210	3.7e-10
HemX	PF04375.14	338	D3454.contig19_3	210	0.0053
Phage_Mu_F	PF04233.14	112	D3454.contig19_5	566	6.1e-16
DUF1657	PF07870.11	49	D3454.contig19_5	566	0.1
Phage_prot_Gp6	PF05133.14	420	D3454.contig19_6	488	4.4e-58
Terminase_3	PF04466.13	201	D3454.contig19_7	413	8.3e-54
Terminase_3C	PF17288.2	155	D3454.contig19_7	413	1.4e-24
Terminase_2	PF03592.16	140	D3454.contig19_8	144	5.4e-24
DUF1525	PF07511.11	114	D3454.contig19_8	144	0.029
UPF0122	PF04297.14	101	D3454.contig19_9	121	8.8e-05
DUF4254	PF14063.6	144	D3454.contig19_10	229	0.11
DUF2754	PF10953.8	70	D3454.contig19_11	41	0.059
MazG	PF03819.17	74	D3454.contig19_12	131	4.3e-13
NRDD	PF13597.6	561	D3454.contig19_13	715	2.6e-128
ATP-cone	PF03477.16	86	D3454.contig19_13	715	9.8e-13
Fer4_12	PF13353.6	139	D3454.contig19_14	169	4.8e-45
Fer4_14	PF13394.6	118	D3454.contig19_14	169	1.3e-25
Radical_SAM	PF04055.21	167	D3454.contig19_14	169	7.5e-08
DUF3310	PF11753.8	60	D3454.contig19_15	91	4.5e-20
D5_N	PF08706.11	151	D3454.contig19_16	628	6.4e-12
Pox_D5	PF03288.16	86	D3454.contig19_16	628	3.4e-08
AAA_29	PF13555.6	61	D3454.contig19_16	628	0.0075
DNA_pol_B	PF00136.21	459	D3454.contig19_18	606	3e-05
DUF669	PF05037.13	141	D3454.contig19_19	155	7.6e-05
DUF1858	PF08984.11	59	D3454.contig19_20	134	0.033
Phage_portal	PF04860.12	314	D3454.contig20_2	379	1e-61
Acetyltransf_6	PF13480.7	142	D3454.contig20_2	379	0.041
Peptidase_S78	PF04586.17	163	D3454.contig20_3	523	1.2e-15
Phage_capsid	PF05065.13	280	D3454.contig20_3	523	0.0016
HK97-gp10_like	PF04883.12	81	D3454.contig20_7	138	2.5e-07
DUF2207	PF09972.9	492	D3454.contig20_9	567	0.0018
60KD_IMP	PF02096.20	166	D3454.contig20_9	567	0.005
Phage_holin_2_4	PF16082.5	76	D3454.contig20_12	80	0.00061
Amidase_2	PF01510.25	126	D3454.contig20_13	292	1.8e-15
Holin_SPP1	PF04688.13	74	D3454.contig20_14	86	2.1e-20
DUF4223	PF13978.6	54	D3454.contig20_15	138	0.091
Phage_integrase	PF00589.22	172	D3454.contig20_16	275	8.2e-18
Phage_int_SAM_4	PF13495.6	85	D3454.contig20_16	275	0.0014
HTH_3	PF01381.22	55	D3454.contig20_17	83	0.0003
DUF739	PF05339.11	69	D3454.contig20_17	83	0.0034
HTH_26	PF13443.6	63	D3454.contig20_17	83	0.0085
HTH_3	PF01381.22	55	D3454.contig20_18	80	2.8e-08
HTH_37	PF13744.6	80	D3454.contig20_18	80	0.00015
HTH_26	PF13443.6	63	D3454.contig20_18	80	0.0015
HTH_31	PF13560.6	64	D3454.contig20_18	80	0.0059
BetR	PF08667.10	148	D3454.contig20_18	80	0.0062
DUF1233	PF06806.12	70	D3454.contig20_23	43	0.013
HNH	PF01844.23	47	D3454.contig20_24	252	4.6e-06
HNH_5	PF14279.6	56	D3454.contig20_24	252	6.4e-06
AAA_33	PF13671.6	143	D3454.contig20_24	252	0.0011
Tissue_fac	PF01108.17	107	D3454.contig21_2	115	0.02
Uteroglobin	PF01099.17	90	D3454.contig21_2	115	0.027
SAPIS-gp6	PF16722.5	72	D3454.contig21_2	115	0.032
LAGLIDADG_3	PF14528.6	83	D3454.contig21_7	278	2e-12
HTH_23	PF13384.6	50	D3454.contig21_7	278	0.00016
HTH_38	PF13936.6	44	D3454.contig21_7	278	0.00097
UPF0175	PF03683.13	75	D3454.contig21_7	278	0.0031
IF2_N	PF04760.15	54	D3454.contig21_11	224	1.5e-10
TelA	PF05816.11	331	D3454.contig21_14	548	0.019
Cyclin_C	PF02984.19	119	D3454.contig21_16	525	0.04
Metallophos	PF00149.28	204	D3454.contig22_1	347	1.4e-05
Collagen	PF01391.18	60	D3454.contig22_2	208	1.2e-15
Collagen	PF01391.18	60	D3454.contig22_2	208	1.2e-15
MutS_IV	PF05190.18	92	D3454.contig22_3	134	0.039
NigD_N	PF12667.7	67	D3454.contig22_4	93	0.038
Prophage_tail	PF06605.11	316	D3454.contig22_5	422	5.8e-29
Sipho_tail	PF05709.11	255	D3454.contig22_6	236	0.00023
PhageMin_Tail	PF10145.9	198	D3454.contig22_7	926	3e-27
DUF2207	PF09972.9	492	D3454.contig22_7	926	0.002
ResB	PF05140.14	495	D3454.contig22_10	110	0.027
Phage_H_T_join	PF05521.11	96	D3454.contig22_12	115	5.7e-15
DUF5025	PF16428.5	161	D3454.contig22_12	115	0.00014
Phage_connect_1	PF05135.13	99	D3454.contig22_13	94	7.2e-07
Phage_capsid	PF05065.13	280	D3454.contig22_14	428	4.9e-45
Peptidase_S78	PF04586.17	163	D3454.contig22_15	196	2e-35
Phage_portal	PF04860.12	314	D3454.contig22_16	421	4.6e-64
Terminase_1	PF03354.15	468	D3454.contig22_17	560	1.1e-51
Imm58	PF15581.6	109	D3454.contig22_17	560	0.013
Terminase_4	PF05119.12	99	D3454.contig22_18	153	1.3e-10
Phage_pRha	PF09669.10	88	D3454.contig23_1	189	3.5e-14
ANT	PF03374.14	108	D3454.contig23_1	189	6.6e-06
Mto2_bdg	PF12808.7	52	D3454.contig23_1	189	0.0046
Spc7	PF08317.11	310	D3454.contig23_5	144	5.8e-05
Phage_GPO	PF05929.11	272	D3454.contig23_5	144	0.0002
HIP1_clath_bdg	PF16515.5	99	D3454.contig23_5	144	0.00025
GAS	PF13851.6	200	D3454.contig23_5	144	0.0006
Golgin_A5	PF09787.9	306	D3454.contig23_5	144	0.001
HeLo	PF14479.6	205	D3454.contig23_5	144	0.0012
Exonuc_VII_L	PF02601.15	304	D3454.contig23_5	144	0.0017
Arm_3	PF16186.5	53	D3454.contig23_6	41	0.069
PMBR	PF09373.10	33	D3454.contig23_8	38	0.092
FEZ	PF07763.13	240	D3454.contig23_9	79	0.037
Sipho_Gp157	PF05565.11	163	D3454.contig23_10	157	1.1e-45
CCDC66	PF15236.6	152	D3454.contig23_10	157	0.011
CALCOCO1	PF07888.11	498	D3454.contig23_10	157	0.02
AAA_24	PF13479.6	197	D3454.contig23_11	227	7.9e-28
AAA_22	PF13401.6	137	D3454.contig23_11	227	0.0088
ResIII	PF04851.15	171	D3454.contig23_12	447	2.4e-24
ResIII	PF04851.15	171	D3454.contig23_12	447	2.4e-24
Helicase_C	PF00271.31	111	D3454.contig23_12	447	7.3e-20
SWI2_SNF2	PF18766.1	224	D3454.contig23_12	447	5.8e-09
DUF669	PF05037.13	141	D3454.contig23_13	170	5.5e-18
D5_N	PF08706.11	151	D3454.contig23_14	776	2.5e-28
Pox_D5	PF03288.16	86	D3454.contig23_14	776	2.4e-10
RFX_DNA_binding	PF02257.15	79	D3454.contig23_14	776	0.0021
Acetone_carb_G	PF08882.11	114	D3454.contig23_15	92	0.16
VRR_NUC	PF08774.11	108	D3454.contig23_16	111	0.00031
FapA	PF03961.13	454	D3454.contig23_16	111	0.036
LEM	PF03020.15	40	D3454.contig23_17	40	0.056
DUF1642	PF07852.11	138	D3454.contig23_18	204	3.9e-12
TraV	PF09676.10	132	D3454.contig23_23	133	0.12
DUF4521	PF15021.6	204	D3454.contig23_27	71	0.052
YopX	PF09643.10	131	D3454.contig23_28	131	8.6e-23
Methylase_S	PF01420.19	168	D3454.contig23_28	131	0.0011
Med9	PF07544.13	80	D3454.contig23_29	63	0.00034
MHC2-interact	PF09307.10	109	D3454.contig23_29	63	0.00072
SlyX	PF04102.12	67	D3454.contig23_29	63	0.0046
PrgH	PF09480.10	379	D3454.contig23_29	63	0.013
DUF3357	PF11837.8	109	D3454.contig23_31	51	0.049
HTH_3	PF01381.22	55	D3454.contig24_1	52	0.012
HTH_26	PF13443.6	63	D3454.contig24_1	52	0.045
ANT	PF03374.14	108	D3454.contig24_2	213	1.7e-32
Bro-N	PF02498.17	95	D3454.contig24_2	213	5.1e-13
LNS2	PF08235.13	226	D3454.contig24_2	213	0.013
Pneumo_ncap	PF03246.13	392	D3454.contig24_4	72	0.14
DUF630	PF04783.12	59	D3454.contig24_5	119	0.0064
AF0941-like	PF14591.6	113	D3454.contig24_8	78	0.0013
CheZ	PF04344.13	202	D3454.contig24_8	78	0.017
Sipho_Gp157	PF05565.11	163	D3454.contig24_10	161	6.8e-37
THOC7	PF05615.13	132	D3454.contig24_10	161	0.009
ERM	PF00769.19	246	D3454.contig24_10	161	0.021
AAA_24	PF13479.6	197	D3454.contig24_11	307	1e-08
AAA_22	PF13401.6	137	D3454.contig24_11	307	1.4e-05
DUF669	PF05037.13	141	D3454.contig24_12	142	0.00054
RusA	PF05866.11	124	D3454.contig24_13	132	4.6e-35
AAA_25	PF13481.6	194	D3454.contig24_14	695	9.2e-28
PriCT_2	PF08707.11	77	D3454.contig24_14	695	7.3e-21
PMEI	PF04043.15	154	D3454.contig24_16	126	0.12
MerR	PF00376.23	38	D3454.contig24_17	63	0.0036
Fib_alpha	PF08702.10	143	D3454.contig24_18	54	0.028
HSR	PF03172.13	99	D3454.contig24_19	95	0.022
Zn_ribbon_SprT	PF17283.2	38	D3454.contig24_22	101	0.01
DZR	PF12773.7	49	D3454.contig24_22	101	0.017
DZR	PF12773.7	49	D3454.contig24_23	121	5.6e-05
zinc_ribbon_2	PF13240.6	23	D3454.contig24_23	121	0.00014
zinc_ribbon_15	PF17032.5	86	D3454.contig24_23	121	0.00068
zf-ribbon_3	PF13248.6	26	D3454.contig24_23	121	0.0045
Phage_holin_2_4	PF16082.5	76	D3454.contig24_26	41	0.008
HNH	PF01844.23	47	D3454.contig24_28	152	1.9e-14
HNH_4	PF13395.6	55	D3454.contig24_28	152	1.5e-07
HNH_5	PF14279.6	56	D3454.contig24_28	152	1e-06
Terminase_1	PF03354.15	468	D3454.contig25_1	485	3.8e-29
Phage_portal	PF04860.12	314	D3454.contig25_2	389	4.2e-44
CLP_protease	PF00574.23	182	D3454.contig25_3	228	3.8e-34
Phage_capsid	PF05065.13	280	D3454.contig25_4	411	2.1e-10
UPF0061	PF02696.14	468	D3454.contig25_4	411	0.0039
STT3_PglB_C	PF18527.1	80	D3454.contig25_6	128	0.061
HK97-gp10_like	PF04883.12	81	D3454.contig25_8	135	0.00029
Transposase_mut	PF00872.18	381	D3454.contig25_8	135	0.034
DUF4369	PF14289.6	91	D3454.contig25_9	191	0.019
PhageMin_Tail	PF10145.9	198	D3454.contig25_12	911	2.9e-45
ERM	PF00769.19	246	D3454.contig25_12	911	0.0024
Sipho_tail	PF05709.11	255	D3454.contig25_13	233	0.00017
hEGF	PF12661.7	22	D3454.contig25_13	233	0.018
PP_kinase_N	PF13089.6	107	D3454.contig26_7	75	0.012
DUF3821	PF12863.7	209	D3454.contig26_10	238	0.068
MAP	PF03642.13	88	D3454.contig27_2	332	0.021
DUF3882	PF07066.11	159	D3454.contig27_3	185	2.5e-07
RuvC	PF02075.17	148	D3454.contig27_3	185	7.9e-05
Phage_Mu_F	PF04233.14	112	D3454.contig27_5	227	0.001
Phage_portal	PF04860.12	314	D3454.contig27_7	448	0.00016
mRNA_decap_C	PF16741.5	43	D3454.contig27_7	448	0.003
DUF902	PF06001.13	40	D3454.contig27_11	87	0.021
Receptor_2B4	PF11465.8	108	D3454.contig27_11	87	0.033
Terminase_GpA	PF05876.12	558	D3454.contig28_2	513	0.0023
Terminase_6	PF03237.15	215	D3454.contig28_2	513	0.03
DNA_Packaging_2	PF11123.8	82	D3454.contig28_3	88	4.7e-05
MazG	PF03819.17	74	D3454.contig28_4	134	0.0048
NRDD	PF13597.6	561	D3454.contig28_5	315	7.8e-70
Gly_radical	PF01228.21	106	D3454.contig28_5	315	0.00026
TackOD1	PF18551.1	187	D3454.contig28_5	315	0.00036
tRNA-synt_1g	PF09334.11	391	D3454.contig28_5	315	0.00086
HypA	PF01155.19	112	D3454.contig28_5	315	0.0035
zinc_ribbon_6	PF14599.6	59	D3454.contig28_5	315	0.004
NUMOD4	PF07463.11	49	D3454.contig28_6	208	3.3e-13
HNH_3	PF13392.6	46	D3454.contig28_6	208	1.3e-12
NRDD	PF13597.6	561	D3454.contig28_7	401	1.3e-46
ATP-cone	PF03477.16	86	D3454.contig28_7	401	9e-11
Phage_tail_APC	PF16778.5	60	D3454.contig28_12	141	1.8e-20
PTR	PF12789.7	60	D3454.contig28_14	220	1.4e-10
Methyltransf_30	PF05430.11	124	D3454.contig29_1	106	0.028
Phage_Gp15	PF06854.11	170	D3454.contig29_2	199	1.1e-19
Het-C	PF07217.11	561	D3454.contig29_3	1031	0.0053
Phage_holin_4_1	PF05105.12	114	D3454.contig30_1	55	0.031
Lipase_GDSL_2	PF13472.6	179	D3454.contig30_2	855	1.6e-05
Lipase_GDSL	PF00657.22	200	D3454.contig30_2	855	0.00025
Prophage_tail	PF06605.11	316	D3454.contig30_3	613	1.7e-20
GBS_Bsp-like	PF08481.10	92	D3454.contig30_3	613	2.9e-20
DUF1192	PF06698.11	58	D3454.contig30_3	613	0.001
Sipho_tail	PF05709.11	255	D3454.contig30_4	243	0.0033
Baculo_PEP_C	PF04513.12	140	D3454.contig30_5	1408	2.7e-06
Baculo_PEP_C	PF04513.12	140	D3454.contig30_5	1408	2.7e-06
Collagen_mid	PF15984.5	199	D3454.contig30_5	1408	3.4e-05
AAA_25	PF13481.6	194	D3454.contig31_1	751	5.5e-34
PriCT_2	PF08707.11	77	D3454.contig31_1	751	8.9e-21
HTH_11	PF08279.12	55	D3454.contig31_1	751	2.6e-05
HTH_17	PF12728.7	51	D3454.contig31_1	751	0.0012
DnaB_C	PF03796.15	255	D3454.contig31_1	751	0.0014
RusA	PF05866.11	124	D3454.contig31_2	131	2.8e-25
Cep3	PF16846.5	511	D3454.contig31_3	76	0.055
TACC_C	PF05010.14	201	D3454.contig31_4	139	0.0001
Sigma70_r4_2	PF08281.12	54	D3454.contig31_4	139	0.00063
Sigma70_r4	PF04545.16	50	D3454.contig31_4	139	0.00091
Terminase_2	PF03592.16	140	D3454.contig31_6	187	1.1e-40
Terminase_3	PF04466.13	201	D3454.contig31_7	399	5.9e-36
Terminase_3C	PF17288.2	155	D3454.contig31_7	399	4.2e-14
Phage_prot_Gp6	PF05133.14	420	D3454.contig31_8	480	1.5e-74
Phage_Mu_F	PF04233.14	112	D3454.contig31_9	384	2.8e-10
Ntox50	PF15542.6	93	D3454.contig31_10	127	1.5e-15
HicA_toxin	PF07927.12	58	D3454.contig32_1	62	3.2e-11
HicB_lk_antitox	PF15919.5	123	D3454.contig32_2	153	1e-13
HTH_17	PF12728.7	51	D3454.contig32_2	153	5.1e-05
Phage_integrase	PF00589.22	172	D3454.contig32_3	413	5.6e-07
DUF2946	PF11162.8	115	D3454.contig32_4	101	0.07
Amidase_3	PF01520.18	175	D3454.contig32_5	280	5.6e-10
SH3_3	PF08239.11	55	D3454.contig32_5	280	0.0017
SH3_5	PF08460.10	65	D3454.contig32_5	280	0.0056
Phage_holin_4_1	PF05105.12	114	D3454.contig32_6	125	1.7e-15
Phage_integrase	PF00589.22	172	D3454.contig32_9	290	2.4e-15
Phage_int_SAM_3	PF14659.6	58	D3454.contig32_9	290	1.2e-08
Collagen	PF01391.18	60	D3454.contig32_17	84	9.2e-08
Amidase_2	PF01510.25	126	D3454.contig33_1	290	5.3e-23
SH3_3	PF08239.11	55	D3454.contig33_1	290	2.6e-09
Phage_holin_4_1	PF05105.12	114	D3454.contig33_2	160	1.7e-33
HicB	PF05534.12	51	D3454.contig33_5	62	5.7e-05
Arc	PF03869.14	50	D3454.contig33_5	62	0.0031
Phage_integrase	PF00589.22	172	D3454.contig33_8	360	7.1e-17
Peptidase_M78	PF06114.13	123	D3454.contig33_9	205	1.1e-08
HTH_3	PF01381.22	55	D3454.contig33_10	173	5.6e-13
HTH_31	PF13560.6	64	D3454.contig33_10	173	2.6e-11
HTH_19	PF12844.7	65	D3454.contig33_10	173	4.2e-09
Pou	PF00157.17	72	D3454.contig33_10	173	0.0011
HTH_26	PF13443.6	63	D3454.contig33_10	173	0.0022
DUF739	PF05339.11	69	D3454.contig33_11	78	0.00056
HTH_26	PF13443.6	63	D3454.contig33_11	78	0.0018
Mal_decarbox_Al	PF16957.5	548	D3454.contig33_11	78	0.012
Bro-N	PF02498.17	95	D3454.contig33_12	274	4.5e-20
RHH_3	PF12651.7	44	D3454.contig33_16	61	0.0068
DUF2800	PF10926.8	363	D3454.contig33_17	332	4.3e-108
PDDEXK_1	PF12705.7	255	D3454.contig33_17	332	5.4e-15
Phi29_Phage_SSB	PF17427.2	123	D3454.contig34_3	140	8.8e-09
Podovirus_Gp16	PF05894.12	325	D3454.contig34_6	357	1.4e-44
DUF4763	PF15960.5	244	D3454.contig34_7	109	0.056
Big_2	PF02368.18	79	D3454.contig34_8	459	0.015
Stc1	PF12898.7	85	D3454.contig35_1	147	0.017
GIY-YIG	PF01541.24	78	D3454.contig35_2	427	2e-14
NUMOD1	PF07453.13	37	D3454.contig35_2	427	1.4e-05
ORF6N	PF10543.9	84	D3454.contig35_4	264	1.5e-06
COMM_domain	PF07258.14	72	D3454.contig35_7	98	0.0035
Phage_integrase	PF00589.22	172	D3454.contig35_8	343	2.5e-16
DUF551	PF04448.12	69	D3454.contig36_2	191	1.3e-11
DZR	PF12773.7	49	D3454.contig36_3	100	0.033
SNF2_N	PF00176.23	350	D3454.contig36_5	449	6e-11
Helicase_C	PF00271.31	111	D3454.contig36_5	449	0.02
VRR_NUC	PF08774.11	108	D3454.contig36_7	103	2e-07
VirE	PF05272.11	198	D3454.contig36_9	798	2.2e-70
DNA_pol_A	PF00476.20	376	D3454.contig36_10	675	5.8e-17
DUF2815	PF10991.8	173	D3454.contig36_11	207	1.2e-53
DUF2800	PF10926.8	363	D3454.contig36_12	59	2.8e-07
Phage_integrase	PF00589.22	172	D3454.contig37_1	149	0.0009
DUF1492	PF07374.11	100	D3454.contig37_3	130	0.0018
EpsG	PF14897.6	326	D3454.contig37_5	104	0.043
DNA_methylase	PF00145.17	335	D3454.contig37_6	314	1.2e-55
DNA_methylase	PF00145.17	335	D3454.contig37_6	314	1.2e-55
sCache_3_3	PF17202.4	107	D3454.contig37_8	85	0.028
DnaB_C	PF03796.15	255	D3454.contig37_9	439	4.8e-100
DnaB	PF00772.21	103	D3454.contig37_9	439	1.6e-28
AAA_25	PF13481.6	194	D3454.contig37_9	439	8e-11
DUF2608	PF11019.8	246	D3454.contig37_9	439	0.00011
PadR	PF03551.14	75	D3454.contig37_10	246	0.041
ALP_N	PF17989.1	147	D3454.contig37_12	292	1.5e-08
StbA	PF06406.11	317	D3454.contig37_12	292	1e-07
StbA	PF06406.11	317	D3454.contig37_12	292	1e-07
Hydantoinase_A	PF01968.18	291	D3454.contig37_12	292	0.00016
EutA	PF06277.11	475	D3454.contig37_12	292	0.0024
MutL	PF13941.6	452	D3454.contig37_12	292	0.0049
DHR10	PF18595.1	117	D3454.contig37_13	101	0.019
URO-D	PF01208.17	346	D3454.contig37_14	75	0.11
HTH_3	PF01381.22	55	D3454.contig37_15	145	2.2e-07
HTH_31	PF13560.6	64	D3454.contig37_15	145	4.6e-06
HTH_19	PF12844.7	65	D3454.contig37_15	145	0.0014
HTH_25	PF13413.6	62	D3454.contig37_15	145	0.0073
HTH_3	PF01381.22	55	D3454.contig37_16	91	7.2e-15
HTH_19	PF12844.7	65	D3454.contig37_16	91	6.4e-11
HTH_31	PF13560.6	64	D3454.contig37_16	91	5e-06
HTH_psq	PF05225.16	45	D3454.contig37_16	91	0.0012
HTH_26	PF13443.6	63	D3454.contig37_16	91	0.0019
HTH_7	PF02796.15	45	D3454.contig37_16	91	0.0046
Phage_CI_repr	PF07022.13	65	D3454.contig37_16	91	0.0083
Prim-Pol	PF09250.11	158	D3454.contig38_5	767	8.9e-25
AAA_25	PF13481.6	194	D3454.contig38_5	767	2.3e-11
ATPase	PF06745.13	231	D3454.contig38_5	767	5e-07
Penicillinase_R	PF03965.16	115	D3454.contig38_5	767	8.1e-06
DUF3090	PF11290.8	171	D3454.contig38_9	133	0.0078
PKcGMP_CC	PF16808.5	35	D3454.contig38_10	131	0.0021
RusA	PF05866.11	124	D3454.contig38_12	157	6.9e-20
DctQ	PF04290.12	132	D3454.contig38_13	88	0.0045
DUF997	PF06196.12	76	D3454.contig38_13	88	0.0088
DUF2378	PF09536.10	177	D3454.contig38_14	133	0.051
HTH_17	PF12728.7	51	D3454.contig38_15	80	0.00029
Terminase_5	PF06056.12	58	D3454.contig38_15	80	0.0013
HTH_23	PF13384.6	50	D3454.contig38_15	80	0.0039
ANT	PF03374.14	108	D3454.contig38_16	61	3.6e-13
DUF1018	PF06252.12	119	D3454.contig39_1	141	4.7e-26
Choline_kinase	PF01633.20	213	D3454.contig39_1	141	0.032
Phage_Mu_Gam	PF07352.12	155	D3454.contig39_2	175	1.3e-30
DUF5420	PF17457.2	185	D3454.contig39_3	185	2.5e-11
AAA_22	PF13401.6	137	D3454.contig39_4	396	1.2e-14
AAA_16	PF13191.6	170	D3454.contig39_4	396	6.6e-06
ABC_tran	PF00005.27	137	D3454.contig39_4	396	0.00014
AAA_30	PF13604.6	192	D3454.contig39_4	396	0.00017
HTH_31	PF13560.6	64	D3454.contig39_4	396	0.0016
DUF87	PF01935.17	227	D3454.contig39_4	396	0.0025
rve	PF00665.26	119	D3454.contig39_5	614	2.8e-08
HTH_28	PF13518.6	52	D3454.contig39_6	350	0.00057
HTH_40	PF14493.6	89	D3454.contig39_6	350	0.0036
HTH_IclR	PF09339.10	52	D3454.contig39_8	106	0.00074
zf-C4_ClpX	PF06689.13	39	D3454.contig39_10	89	3.7e-09
DUF4686	PF15742.5	384	D3454.contig39_11	98	0.011
HTH_19	PF12844.7	65	D3454.contig39_13	121	1.2e-06
HTH_3	PF01381.22	55	D3454.contig39_13	121	8.9e-06
HTH_31	PF13560.6	64	D3454.contig39_13	121	2e-05
Baseplate_J	PF04865.14	255	D3454.contig40_1	102	3e-07
GP46	PF07409.12	116	D3454.contig40_2	138	3.5e-37
Phage_Mu_Gp45	PF06890.12	100	D3454.contig40_4	211	9.9e-35
Phage_spike	PF18715.1	54	D3454.contig40_4	211	9.6e-07
Phage_GPD	PF05954.11	304	D3454.contig40_6	385	1.5e-06
DNA_circ_N	PF07157.12	88	D3454.contig40_7	429	1.8e-36
PhageMin_Tail	PF10145.9	198	D3454.contig40_8	589	5.4e-06
Phage_TAC_7	PF10109.9	83	D3454.contig40_9	91	9.2e-13
Tail_tube	PF10618.9	117	D3454.contig40_10	120	2.7e-37
Phage_sheath_1	PF04984.14	168	D3454.contig40_11	425	1.6e-22
Phage_sheath_1C	PF17482.2	104	D3454.contig40_11	425	5.7e-18
Phage_sheath_1N	PF17481.2	104	D3454.contig40_11	425	3.9e-06
Sigma70_r2	PF04542.14	71	D3454.contig41_1	287	9.8e-11
Sigma70_r4	PF04545.16	50	D3454.contig41_1	287	3.8e-09
Sigma70_r3	PF04539.16	78	D3454.contig41_1	287	8.7e-08
Linocin_M18	PF04454.12	255	D3454.contig41_2	283	0.028
DUF4355	PF14265.6	125	D3454.contig41_3	147	0.002
DUF3987	PF13148.6	365	D3454.contig41_8	482	2.3e-104
HTH_17	PF12728.7	51	D3454.contig41_10	65	1.3e-07
TrmB	PF01978.19	68	D3454.contig41_10	65	0.00072
Mga	PF05043.13	87	D3454.contig41_10	65	0.0012
HTH_11	PF08279.12	55	D3454.contig41_10	65	0.0042
HTH_31	PF13560.6	64	D3454.contig41_11	68	1.8e-06
UPF0175	PF03683.13	75	D3454.contig41_11	68	0.0003
HTH_19	PF12844.7	65	D3454.contig41_11	68	0.00051
HTH_3	PF01381.22	55	D3454.contig41_11	68	0.0024
HTH_AraC	PF00165.23	42	D3454.contig41_11	68	0.0026
HTH_26	PF13443.6	63	D3454.contig41_12	128	1.9e-08
HTH_19	PF12844.7	65	D3454.contig41_12	128	3.9e-06
HTH_3	PF01381.22	55	D3454.contig41_12	128	0.00026
HTH_17	PF12728.7	51	D3454.contig41_12	128	0.00043
Phage_int_SAM_3	PF14659.6	58	D3454.contig41_13	328	1.9e-19
Arm-DNA-bind_4	PF14657.6	46	D3454.contig41_13	328	4.7e-15
Phage_integrase	PF00589.22	172	D3454.contig41_13	328	8.3e-15
PsbQ	PF05757.11	200	D3454.contig42_1	253	0.017
fn3_6	PF17766.1	99	D3454.contig42_2	247	0.035
HNH_3	PF13392.6	46	D3454.contig42_5	202	3.9e-11
MRP-L20	PF12824.7	164	D3454.contig42_5	202	0.055
DUF4376	PF14301.6	102	D3454.contig42_6	254	1.4e-07
Arm-DNA-bind_3	PF13356.6	74	D3454.contig42_7	390	5.1e-13
Phage_integrase	PF00589.22	172	D3454.contig42_7	390	6e-12
Collar	PF07484.12	57	D3454.contig42_8	188	1.6e-21
Mtd_N	PF18454.1	37	D3454.contig42_9	200	1.8e-10
DUF2313	PF10076.9	163	D3454.contig42_10	202	2e-26
Baseplate_J	PF04865.14	255	D3454.contig42_11	244	1.3e-55
ETF	PF01012.21	182	D3454.contig43_2	263	3e-38
GntR	PF00392.21	64	D3454.contig43_3	125	1.9e-15
Rrf2	PF02082.20	83	D3454.contig43_3	125	4.2e-05
HTH_36	PF13730.6	55	D3454.contig43_3	125	0.0023
HTH_41	PF14502.6	48	D3454.contig43_3	125	0.0061
ABC_tran	PF00005.27	137	D3454.contig43_4	293	2e-23
AAA_21	PF13304.6	303	D3454.contig43_4	293	2.3e-09
AAA_21	PF13304.6	303	D3454.contig43_4	293	2.3e-09
AAA_22	PF13401.6	137	D3454.contig43_4	293	0.00071
AAA_30	PF13604.6	192	D3454.contig43_4	293	0.0022
AAA_15	PF13175.6	369	D3454.contig43_4	293	0.0022
AAA_29	PF13555.6	61	D3454.contig43_4	293	0.005
ABC2_membrane_5	PF13346.6	206	D3454.contig43_5	214	3e-40
Fe_dep_repress	PF01325.19	60	D3454.contig43_7	156	6.9e-15
Fe_dep_repr_C	PF02742.15	70	D3454.contig43_7	156	1.3e-10
MarR_2	PF12802.7	62	D3454.contig43_7	156	2.4e-06
MarR	PF01047.22	59	D3454.contig43_7	156	0.0021
HTH_Crp_2	PF13545.6	68	D3454.contig43_7	156	0.0035
Rrf2	PF02082.20	83	D3454.contig43_7	156	0.0059
FeoA	PF04023.14	74	D3454.contig43_8	78	2.5e-14
FeoB_N	PF02421.18	156	D3454.contig43_9	715	2e-55
Gate	PF07670.14	112	D3454.contig43_9	715	3.2e-20
Gate	PF07670.14	112	D3454.contig43_9	715	3.2e-20
FeoB_Cyto	PF17910.1	91	D3454.contig43_9	715	4.2e-18
MMR_HSR1	PF01926.23	114	D3454.contig43_9	715	5.4e-18
FeoB_C	PF07664.12	53	D3454.contig43_9	715	3.4e-12
RsgA_GTPase	PF03193.16	167	D3454.contig43_9	715	0.00037
SRPRB	PF09439.10	181	D3454.contig43_9	715	0.0023
Cpn60_TCP1	PF00118.24	491	D3454.contig43_10	141	4.3e-28
SSB	PF00436.25	104	D3454.contig44_4	206	2.2e-23
ParBc	PF02195.18	90	D3454.contig44_7	472	1.2e-18
KorB	PF08535.10	89	D3454.contig44_7	472	0.0054
RNase_T	PF00929.24	165	D3454.contig44_11	192	0.00065
Zot	PF05707.12	194	D3454.contig45_2	349	2.4e-46
DUF5455	PF17537.2	102	D3454.contig45_3	113	2.4e-32
Phage_Coat_A	PF05357.13	63	D3454.contig45_4	467	3.7e-53
Phage_Coat_A	PF05357.13	63	D3454.contig45_4	467	3.7e-53
Phage_Coat_Gp8	PF05371.12	52	D3454.contig45_5	74	1.2e-28
TrbC	PF04956.13	99	D3454.contig45_5	74	0.0005
Phage_DNA_bind	PF02303.17	83	D3454.contig45_6	88	4.3e-37
ssDBP	PF17878.1	72	D3454.contig45_6	88	0.022
Phage_CRI	PF05144.14	271	D3454.contig45_7	411	1.8e-105
Phage_X	PF05155.15	88	D3454.contig45_7	411	8.9e-33
Secretin	PF00263.21	170	D3454.contig45_8	405	6.5e-43
Secretin_N	PF03958.17	82	D3454.contig45_8	405	0.00034
ANT	PF03374.14	108	D3454.contig46_6	251	3.3e-33
Bro-N	PF02498.17	95	D3454.contig46_6	251	1.6e-20
HTH_23	PF13384.6	50	D3454.contig46_8	92	0.013
HTH_29	PF13551.6	63	D3454.contig46_8	92	0.014
HTH_31	PF13560.6	64	D3454.contig46_10	133	0.0026
Peptidase_M78	PF06114.13	123	D3454.contig46_11	140	0.0016
LapA_dom	PF06305.11	64	D3454.contig46_12	173	0.019
FeoB_associated	PF12669.7	44	D3454.contig46_13	101	0.024
DUF4065	PF13274.6	114	D3454.contig46_14	183	8.4e-06
Arm-DNA-bind_4	PF14657.6	46	D3454.contig46_15	123	0.00035
Phage_int_SAM_3	PF14659.6	58	D3454.contig46_15	123	0.0033
AsnA	PF03590.15	227	D3454.contig47_1	324	4.3e-106
tRNA-synt_2	PF00152.20	314	D3454.contig47_1	324	0.00036
UPF0126	PF03458.13	78	D3454.contig47_2	222	4.6e-47
UPF0126	PF03458.13	78	D3454.contig47_2	222	4.6e-47
Na_Pi_cotrans	PF02690.15	139	D3454.contig47_3	557	2.7e-68
Na_Pi_cotrans	PF02690.15	139	D3454.contig47_3	557	2.7e-68
PhoU	PF01895.19	89	D3454.contig47_3	557	3.3e-18
PhoU	PF01895.19	89	D3454.contig47_3	557	3.3e-18
MFS_1	PF07690.16	353	D3454.contig47_4	400	3.4e-21
MFS_1	PF07690.16	353	D3454.contig47_4	400	3.4e-21
BPD_transp_2	PF02653.16	268	D3454.contig47_5	325	8.8e-41
RusA	PF05866.11	124	D3454.contig48_2	152	2.3e-30
HNHc_6	PF16784.5	200	D3454.contig48_3	210	7.8e-36
DUF1071	PF06378.11	148	D3454.contig48_4	207	1.7e-56
DUF410	PF04190.13	255	D3454.contig48_5	56	0.028
AA_permease	PF00324.21	479	D3454.contig48_9	80	0.038
HTH_3	PF01381.22	55	D3454.contig48_10	61	9.2e-07
HTH_19	PF12844.7	65	D3454.contig48_10	61	9.8e-05
HTH_26	PF13443.6	63	D3454.contig48_10	61	0.00014
HTH_19	PF12844.7	65	D3454.contig48_11	139	5.4e-06
HTH_26	PF13443.6	63	D3454.contig48_11	139	0.0011
HTH_3	PF01381.22	55	D3454.contig48_11	139	0.0059
Peptidase_M78	PF06114.13	123	D3454.contig48_12	144	2.3e-16
DUF3920	PF13058.6	126	D3454.contig48_12	144	0.00033
DUF2268	PF10026.9	195	D3454.contig48_12	144	0.0097
SprT-like	PF10263.9	113	D3454.contig48_12	144	0.01
Peptidase_M48	PF01435.18	196	D3454.contig48_12	144	0.013
HSDR_N	PF04313.14	194	D3454.contig48_13	339	4.6e-14
HSDR_N_2	PF13588.6	110	D3454.contig48_13	339	2.3e-09
PDDEXK_3	PF13366.6	118	D3454.contig48_13	339	0.0073
SID	PF11778.8	135	D3454.contig49_1	88	0.022
DUF3987	PF13148.6	365	D3454.contig49_3	464	3.6e-97
DUF2067	PF09840.9	186	D3454.contig49_3	464	0.015
ArfGap	PF01412.18	117	D3454.contig49_4	134	0.0096
NPA	PF16469.5	123	D3454.contig49_4	134	0.01
HTH_17	PF12728.7	51	D3454.contig49_5	69	2.8e-12
Sigma70_r4_2	PF08281.12	54	D3454.contig49_5	69	0.017
HTH_26	PF13443.6	63	D3454.contig49_7	65	1.2e-08
HTH_3	PF01381.22	55	D3454.contig49_7	65	1.4e-08
HTH_31	PF13560.6	64	D3454.contig49_7	65	1.4e-05
Trp_repressor	PF01371.19	88	D3454.contig49_7	65	0.00021
HTH_19	PF12844.7	65	D3454.contig49_7	65	0.00025
YycC	PF14174.6	51	D3454.contig49_7	65	0.0011
HTH_3	PF01381.22	55	D3454.contig49_8	145	6.1e-13
HTH_31	PF13560.6	64	D3454.contig49_8	145	1.6e-09
HTH_19	PF12844.7	65	D3454.contig49_8	145	6.3e-09
HTH_26	PF13443.6	63	D3454.contig49_8	145	2.4e-05
HTH_24	PF13412.6	48	D3454.contig49_8	145	0.00035
HTH_37	PF13744.6	80	D3454.contig49_8	145	0.0012
Phage_integrase	PF00589.22	172	D3454.contig49_9	402	1.2e-16
Phage_int_SAM_3	PF14659.6	58	D3454.contig49_9	402	5.4e-15
Phage_int_SAM_1	PF02899.17	84	D3454.contig49_9	402	0.00098
DDRGK	PF09756.9	188	D3454.contig50_1	143	0.0024
DUF4760	PF15956.5	142	D3454.contig50_1	143	0.021
Phage_prot_Gp6	PF05133.14	420	D3454.contig50_2	496	4.1e-68
bPH_1	PF08000.11	122	D3454.contig51_1	132	3.5e-39
bPH_3	PF14470.6	95	D3454.contig51_1	132	2.6e-07
Lipoprotein_Ltp	PF07553.11	48	D3454.contig51_2	320	2.7e-25
Lipoprotein_Ltp	PF07553.11	48	D3454.contig51_2	320	2.7e-25
CW_binding_1	PF01473.20	19	D3454.contig51_2	320	9e-16
CW_binding_1	PF01473.20	19	D3454.contig51_2	320	9e-16
CW_binding_1	PF01473.20	19	D3454.contig51_2	320	9e-16
CW_binding_1	PF01473.20	19	D3454.contig51_2	320	9e-16
Recombinase	PF07508.13	104	D3454.contig51_3	501	2.4e-26
Resolvase	PF00239.21	146	D3454.contig51_3	501	2.8e-26
Zn_ribbon_recom	PF13408.6	58	D3454.contig51_3	501	2.3e-10
CW_binding_1	PF01473.20	19	D3454.contig51_4	283	5.6e-24
CW_binding_1	PF01473.20	19	D3454.contig51_4	283	5.6e-24
CW_binding_1	PF01473.20	19	D3454.contig51_4	283	5.6e-24
CW_binding_1	PF01473.20	19	D3454.contig51_4	283	5.6e-24
Amidase_2	PF01510.25	126	D3454.contig51_4	283	7.4e-23
Phage_r1t_holin	PF16945.5	72	D3454.contig51_5	76	2.5e-10
DUF3042	PF11240.8	54	D3454.contig52_1	50	0.0023
RNase_T	PF00929.24	165	D3454.contig52_3	215	6.4e-05
zf-RING_4	PF14570.6	48	D3454.contig52_5	61	0.013
DZR	PF12773.7	49	D3454.contig52_5	61	0.017
DUF3310	PF11753.8	60	D3454.contig52_6	126	1.6e-18
Creatinase_N	PF01321.18	132	D3454.contig52_6	126	0.0037
DUF2724	PF10893.8	63	D3454.contig52_7	62	0.019
Rubredoxin_2	PF18073.1	28	D3454.contig52_7	62	0.02
HTH_12	PF08461.10	66	D3454.contig52_10	66	0.0057
Mrr_N	PF14338.6	87	D3454.contig52_10	66	0.021
Whib	PF02467.16	64	D3454.contig52_12	69	1.1e-14
HNH	PF01844.23	47	D3454.contig52_16	119	0.0017
HNH_5	PF14279.6	56	D3454.contig52_16	119	0.0068
Phage_Gp15	PF06854.11	170	D3454.contig53_2	221	2.6e-41
Phage_TAC_8	PF10666.9	143	D3454.contig53_3	121	0.0023
Peptidase_M9_N	PF08453.10	183	D3454.contig53_3	121	0.025
Minor_capsid_3	PF12691.7	129	D3454.contig53_5	135	1.1e-36
SMC_Nse1	PF07574.13	194	D3454.contig53_5	135	0.052
Minor_capsid_2	PF11114.8	114	D3454.contig53_6	120	2.3e-32
Minor_capsid_1	PF10665.9	105	D3454.contig53_7	112	4.4e-19
DUF4054	PF13262.6	107	D3454.contig53_8	130	0.00076
Rho_N	PF07498.12	43	D3454.contig53_9	62	8.7e-07
SAP	PF02037.27	35	D3454.contig53_9	62	0.001
Phage_GP20	PF06810.11	149	D3454.contig53_11	206	5.8e-26
UPF0242	PF06785.11	193	D3454.contig53_11	206	0.0015
APG6_N	PF17675.1	133	D3454.contig53_11	206	0.008
Phage_min_cap2	PF06152.11	367	D3454.contig53_12	199	3.1e-39
HTH_3	PF01381.22	55	D3454.contig54_1	95	8.6e-05
HTH_7	PF02796.15	45	D3454.contig54_1	95	0.014
Gp49	PF05973.14	90	D3454.contig54_2	103	7.2e-08
DUF1922	PF09082.10	67	D3454.contig54_3	219	0.00016
MerR-DNA-bind	PF09278.11	65	D3454.contig54_4	64	0.029
Sigma70_r3	PF04539.16	78	D3454.contig54_4	64	0.03
ATP-synt_E	PF05680.12	96	D3454.contig54_7	101	0.027
CmlA_N	PF18456.1	232	D3454.contig54_10	80	0.013
Sipho_tail	PF05709.11	255	D3454.contig55_1	179	5.2e-08
PhageMin_Tail	PF10145.9	198	D3454.contig55_2	1567	4.3e-51
Apolipoprotein	PF01442.18	190	D3454.contig55_2	1567	1.1e-08
Apolipoprotein	PF01442.18	190	D3454.contig55_2	1567	1.1e-08
RNR_N	PF08343.10	82	D3454.contig55_3	74	0.029
HEPN_DZIP3	PF18738.1	143	D3454.contig56_1	60	0.11
Terminase_2	PF03592.16	140	D3454.contig56_2	169	4.6e-44
Terminase_3	PF04466.13	201	D3454.contig56_3	446	5.9e-53
Terminase_3C	PF17288.2	155	D3454.contig56_3	446	5.1e-25
Peptidase_M78	PF06114.13	123	D3454.contig56_4	110	0.012
SprT-like	PF10263.9	113	D3454.contig56_4	110	0.046
Phage_prot_Gp6	PF05133.14	420	D3454.contig56_5	492	8.7e-50
Phage_Mu_F	PF04233.14	112	D3454.contig56_6	378	3.9e-19
Sipho_tail	PF05709.11	255	D3454.contig57_2	296	8.2e-46
Sipho_Gp37	PF14594.6	351	D3454.contig57_3	385	1e-94
Prophage_tail	PF06605.11	316	D3454.contig57_3	385	0.0001
DUF4407	PF14362.6	298	D3454.contig57_4	379	0.00011
FAM184	PF15665.5	211	D3454.contig57_4	379	0.00022
Spc7	PF08317.11	310	D3454.contig57_4	379	0.0028
HNH_4	PF13395.6	55	D3454.contig58_1	309	0.00024
AAA_15	PF13175.6	369	D3454.contig58_2	534	6.9e-11
AAA_15	PF13175.6	369	D3454.contig58_2	534	6.9e-11
AAA_21	PF13304.6	303	D3454.contig58_2	534	1.2e-10
BacA	PF02673.18	256	D3454.contig58_4	281	9.9e-86
UDG	PF03167.19	155	D3454.contig58_5	181	3.8e-24
AzlC	PF03591.14	136	D3454.contig59_1	215	4.4e-37
AzlD	PF05437.12	99	D3454.contig59_2	118	2.1e-23
Cad	PF03596.13	192	D3454.contig59_3	189	7.3e-27
UPF0016	PF01169.19	75	D3454.contig59_3	189	0.013
GGDEF	PF00990.21	161	D3454.contig59_4	857	3.3e-36
HD	PF01966.22	122	D3454.contig59_4	857	9.3e-22
HD_5	PF13487.6	64	D3454.contig59_4	857	2.8e-20
HisKA_7TM	PF16927.5	220	D3454.contig59_4	857	8.4e-09
HDOD	PF08668.12	196	D3454.contig59_4	857	0.0032
GAF_3	PF13492.6	129	D3454.contig59_4	857	0.0049
GH3	PF03321.13	527	D3454.contig59_5	246	7.8e-21
DUF2829	PF11195.8	72	D3454.contig60_3	168	1.1e-14
DUF4406	PF14359.6	91	D3454.contig60_4	109	6.5e-05
Imm10	PF15588.6	106	D3454.contig60_5	90	0.11
HOK_GEF	PF01848.16	42	D3454.contig60_6	34	0.00017
Tna_leader	PF08053.11	24	D3454.contig60_6	34	0.0083
Phage_min_cap2	PF06152.11	367	D3454.contig60_7	409	2e-81
DUF641	PF04859.12	128	D3454.contig60_7	409	0.72
Phage_GP20	PF06810.11	149	D3454.contig60_8	204	9e-17
Med9	PF07544.13	80	D3454.contig60_8	204	0.0059
Phage_integrase	PF00589.22	172	D3454.contig61_1	341	4.2e-26
Phage_int_SAM_3	PF14659.6	58	D3454.contig61_1	341	2e-05
Peptidase_M78	PF06114.13	123	D3454.contig61_2	164	1.4e-08
MPTase-PolyVal	PF18818.1	126	D3454.contig61_2	164	0.0083
HU-HIG	PF18291.1	125	D3454.contig61_3	201	0.0086
Beta_protein	PF14350.6	341	D3454.contig61_4	366	2.2e-74
DUF1863	PF08937.11	130	D3454.contig61_5	140	1.2e-17
TIR_2	PF13676.6	118	D3454.contig61_5	140	0.0059
PGDYG	PF14083.6	102	D3454.contig61_6	69	3.6e-06
DUF4231	PF14015.6	105	D3454.contig61_7	150	6.1e-22
SLATT_1	PF18181.1	122	D3454.contig61_7	150	2.6e-13
SLATT_3	PF18184.1	155	D3454.contig61_7	150	0.019
DUF2281	PF10047.9	64	D3454.contig61_8	54	0.00088
DUF5309	PF17236.2	280	D3454.contig62_10	67	1.3e-15
DUF3377	PF11857.8	72	D3454.contig63_1	61	0.022
CrgA	PF06781.12	88	D3454.contig63_1	61	0.033
HTH_3	PF01381.22	55	D3454.contig63_2	83	0.00011
HTH_26	PF13443.6	63	D3454.contig63_2	83	0.0013
Phage_F	PF02305.17	510	D3454.contig63_2	83	0.056
HTH_26	PF13443.6	63	D3454.contig63_3	69	8.9e-09
HTH_3	PF01381.22	55	D3454.contig63_3	69	1.6e-05
HTH_19	PF12844.7	65	D3454.contig63_3	69	0.028
HTH_19	PF12844.7	65	D3454.contig63_4	125	2.9e-08
HTH_3	PF01381.22	55	D3454.contig63_4	125	1.5e-07
HTH_26	PF13443.6	63	D3454.contig63_4	125	4.7e-05
SYF2	PF08231.12	159	D3454.contig63_5	135	0.00013
DZR	PF12773.7	49	D3454.contig63_6	327	7.8e-09
zinc_ribbon_15	PF17032.5	86	D3454.contig63_6	327	9.6e-08
zinc_ribbon_15	PF17032.5	86	D3454.contig63_6	327	9.6e-08
zf-ribbon_3	PF13248.6	26	D3454.contig63_6	327	6.2e-07
zinc_ribbon_2	PF13240.6	23	D3454.contig63_6	327	3.1e-06
DUF4352	PF11611.8	125	D3454.contig63_7	193	2.5e-20
DUF5067	PF16729.5	125	D3454.contig63_7	193	2.9e-19
Pilin_N	PF07790.11	81	D3454.contig63_7	193	0.00023
Phage_integrase	PF00589.22	172	D3454.contig63_9	361	7.3e-12
Phage_int_SAM_3	PF14659.6	58	D3454.contig63_9	361	8.1e-08
NinG	PF05766.12	186	D3454.contig64_1	103	0.025
CcmE	PF03100.15	128	D3454.contig64_2	186	0.0067
Glyco_hydro_59	PF02057.15	294	D3454.contig64_3	73	0.013
RNase_H_2	PF13482.6	166	D3454.contig64_3	73	0.027
PAPS_reduct	PF01507.19	174	D3454.contig64_5	127	1.5e-09
Arginosuc_synth	PF00764.19	388	D3454.contig64_5	127	0.014
PAPS_reduct	PF01507.19	174	D3454.contig64_6	194	8.9e-08
DNA_methylase	PF00145.17	335	D3454.contig64_7	456	4.6e-24
NYN	PF01936.18	147	D3454.contig64_8	181	6.7e-15
Gp58	PF07902.11	594	D3454.contig65_1	238	3e-08
Serpentine_r_xa	PF03383.15	153	D3454.contig65_6	184	0.00013
Amidase_2	PF01510.25	126	D3454.contig65_8	171	4.4e-07
SLH	PF00395.20	45	D3454.contig65_8	171	0.0008
WXG100	PF06013.12	86	D3454.contig66_1	60	0.019
Band_7	PF01145.25	178	D3454.contig66_2	300	2.2e-27
Band_7_1	PF13421.6	211	D3454.contig66_2	300	0.0012
SBP_bac_5	PF00496.22	377	D3454.contig66_2	300	0.0018
RAMP4	PF06624.12	60	D3454.contig66_3	61	0.053
SSB	PF00436.25	104	D3454.contig66_7	180	5.6e-26
tRNA_anti-codon	PF01336.25	76	D3454.contig66_7	180	0.0064
Cpn60_TCP1	PF00118.24	491	D3454.contig67_1	351	1.7e-64
Cpn10	PF00166.21	93	D3454.contig67_2	95	2.6e-31
DUF4235	PF14019.6	77	D3454.contig67_3	219	0.0024
Aminotran_1_2	PF00155.21	363	D3454.contig67_5	500	4.7e-19
GntR	PF00392.21	64	D3454.contig67_5	500	1.9e-15
Fe_dep_repress	PF01325.19	60	D3454.contig67_5	500	0.0043
Apolipoprotein	PF01442.18	190	D3454.contig68_1	821	3.3e-13
Baculo_PEP_C	PF04513.12	140	D3454.contig68_1	821	1.8e-11
Baculo_PEP_C	PF04513.12	140	D3454.contig68_1	821	1.8e-11
Baculo_PEP_C	PF04513.12	140	D3454.contig68_1	821	1.8e-11
Prominin	PF05478.11	800	D3454.contig68_1	821	7.9e-06
Sipho_Gp37	PF14594.6	351	D3454.contig68_3	413	1.1e-07
Sipho_Gp37	PF14594.6	351	D3454.contig68_3	413	1.1e-07
Acetyltransf_1	PF00583.25	117	D3454.contig69_2	187	4.8e-05
Acetyltransf_3	PF13302.7	138	D3454.contig69_2	187	0.0046
Acetyltransf_8	PF13523.6	145	D3454.contig69_2	187	0.017
DUF2511	PF10709.9	87	D3454.contig69_3	128	6.3e-06
RskA	PF10099.9	180	D3454.contig69_4	217	2.3e-05
MctB	PF11382.8	306	D3454.contig69_4	217	0.00044
CENP-F_leu_zip	PF10473.9	140	D3454.contig69_4	217	0.0017
GIT_CC	PF16559.5	66	D3454.contig69_4	217	0.002
Peptidase_M78	PF06114.13	123	D3454.contig69_5	129	1.8e-06
Peptidase_M48	PF01435.18	196	D3454.contig69_5	129	0.001
Peptidase_U49	PF10463.9	206	D3454.contig69_5	129	0.017
CRIC_ras_sig	PF10534.9	93	D3454.contig69_8	227	0.037
HTH_23	PF13384.6	50	D3454.contig69_9	100	0.01
Terminase_5	PF06056.12	58	D3454.contig69_9	100	0.028
Band_7	PF01145.25	178	D3454.contig69_12	145	7.2e-06
TerD	PF02342.18	187	D3454.contig70_1	103	5.2e-38
PQQ	PF01011.21	38	D3454.contig70_1	103	0.0026
TerD	PF02342.18	187	D3454.contig70_2	192	1.1e-68
TerD	PF02342.18	187	D3454.contig70_3	194	5.4e-83
PspA_IM30	PF04012.12	221	D3454.contig70_4	250	1.3e-06
DUF3792	PF12670.7	115	D3454.contig70_5	31	0.01
DUF2627	PF11118.8	76	D3454.contig70_5	31	0.014
T4_tail_cap	PF11091.8	348	D3454.contig70_6	122	0.018
DUF2120	PF09893.9	136	D3454.contig70_6	122	0.02
Anti-TRAP	PF15777.5	59	D3454.contig70_9	158	0.0062
DnaJ_CXXCXGXG	PF00684.19	67	D3454.contig70_9	158	0.013
Phage_Gp15	PF06854.11	170	D3454.contig71_1	199	8.3e-42
Sipho_tail	PF05709.11	255	D3454.contig71_3	491	3.3e-44
Gp-FAR-1	PF05823.12	149	D3454.contig72_1	80	7.1e-05
SGBP_B_XBD	PF18329.1	186	D3454.contig72_2	503	0.066
BclA_C	PF18573.1	128	D3454.contig72_4	246	8e-07
CstA	PF02554.14	375	D3454.contig73_2	498	2e-45
CstA	PF02554.14	375	D3454.contig73_2	498	2e-45
CstA_5TM	PF13722.6	116	D3454.contig73_2	498	5.1e-22
DUF2207	PF09972.9	492	D3454.contig73_3	338	0.01
DUF3784	PF12650.7	94	D3454.contig73_3	338	0.011
DUF3040	PF11239.8	84	D3454.contig73_3	338	0.013
GGDEF	PF00990.21	161	D3454.contig73_4	542	1.3e-28
Peripla_BP_3	PF13377.6	166	D3454.contig73_4	542	1.1e-23
Peripla_BP_4	PF13407.6	258	D3454.contig73_4	542	5e-15
Phage_pRha	PF09669.10	88	D3454.contig74_1	41	1.2e-08
HTH_3	PF01381.22	55	D3454.contig74_2	71	3.4e-14
HTH_19	PF12844.7	65	D3454.contig74_2	71	9.2e-10
HTH_31	PF13560.6	64	D3454.contig74_2	71	5.5e-07
HTH_26	PF13443.6	63	D3454.contig74_2	71	1.4e-06
YdaS_antitoxin	PF15943.5	65	D3454.contig74_2	71	4.8e-05
HTH_38	PF13936.6	44	D3454.contig74_2	71	0.0024
Phage_CII	PF05269.11	91	D3454.contig74_2	71	0.0026
HTH_28	PF13518.6	52	D3454.contig74_2	71	0.003
HTH_24	PF13412.6	48	D3454.contig74_2	71	0.0039
HTH_19	PF12844.7	65	D3454.contig74_3	238	3.6e-13
HTH_3	PF01381.22	55	D3454.contig74_3	238	9.2e-13
Peptidase_S24	PF00717.23	70	D3454.contig74_3	238	6.8e-11
HTH_31	PF13560.6	64	D3454.contig74_3	238	4.9e-07
Spc7	PF08317.11	310	D3454.contig74_4	186	2.1e-05
DUF1043	PF06295.12	123	D3454.contig74_4	186	0.00019
CENP-F_leu_zip	PF10473.9	140	D3454.contig74_4	186	0.0002
DUF4201	PF13870.6	177	D3454.contig74_4	186	0.00027
LMBR1	PF04791.16	510	D3454.contig74_4	186	0.00036
Atg14	PF10186.9	319	D3454.contig74_4	186	0.00059
Resolvase	PF00239.21	146	D3454.contig74_5	467	9.9e-41
Zn_ribbon_recom	PF13408.6	58	D3454.contig74_5	467	6.9e-11
Recombinase	PF07508.13	104	D3454.contig74_5	467	7.4e-11
PG_binding_1	PF01471.18	57	D3454.contig74_7	155	1.1e-05
Gp58	PF07902.11	594	D3454.contig75_1	315	0.00023
Par3_HAL_N_term	PF12053.8	83	D3454.contig75_2	72	0.047
PspA_IM30	PF04012.12	221	D3454.contig75_3	214	0.011
Phage_holin_6_1	PF09682.10	101	D3454.contig75_5	110	5e-28
EELM2	PF15863.5	172	D3454.contig75_5	110	0.019
ZoocinA_TRD	PF16775.5	106	D3454.contig75_6	282	2.7e-27
Amidase_5	PF05382.13	142	D3454.contig75_6	282	6.7e-13
NLPC_P60	PF00877.19	105	D3454.contig75_6	282	0.0088
DUF2012	PF09430.10	123	D3454.contig75_7	266	0.014
Fer4_24	PF18109.1	35	D3454.contig75_7	266	0.054
rve	PF00665.26	119	D3454.contig76_1	440	6.1e-11
HTH_7	PF02796.15	45	D3454.contig76_1	440	5e-09
HTH_33	PF13592.6	60	D3454.contig76_1	440	1.8e-07
HTH_11	PF08279.12	55	D3454.contig76_1	440	1.2e-06
HTH_23	PF13384.6	50	D3454.contig76_1	440	1.8e-06
HTH_29	PF13551.6	63	D3454.contig76_1	440	5.3e-06
TnsD	PF15978.5	360	D3454.contig76_1	440	0.00022
DUF3486	PF11985.8	180	D3454.contig76_1	440	0.00039
HTH_38	PF13936.6	44	D3454.contig76_1	440	0.0015
HTH_3	PF01381.22	55	D3454.contig76_2	210	1e-14
HTH_19	PF12844.7	65	D3454.contig76_2	210	3.4e-12
HTH_31	PF13560.6	64	D3454.contig76_2	210	2.1e-08
HTH_26	PF13443.6	63	D3454.contig76_2	210	1.1e-05
Peptidase_S24	PF00717.23	70	D3454.contig76_2	210	9.3e-05
HTH_3	PF01381.22	55	D3454.contig76_3	577	1.7e-23
HTH_3	PF01381.22	55	D3454.contig76_3	577	1.7e-23
HTH_31	PF13560.6	64	D3454.contig76_3	577	3.7e-16
HTH_19	PF12844.7	65	D3454.contig76_3	577	9.6e-13
HTH_26	PF13443.6	63	D3454.contig76_3	577	1.1e-10
HTH_26	PF13443.6	63	D3454.contig76_3	577	1.1e-10
P22_Cro	PF14549.6	60	D3454.contig76_3	577	1.4e-09
YdaS_antitoxin	PF15943.5	65	D3454.contig76_3	577	2.7e-09
Peptidase_S24	PF00717.23	70	D3454.contig76_3	577	2.8e-08
MqsA_antitoxin	PF15731.5	131	D3454.contig76_3	577	0.00093
GerE	PF00196.19	57	D3454.contig76_4	59	0.0045
HTH_20	PF12840.7	61	D3454.contig76_4	59	0.0062
FliMN_C	PF01052.20	73	D3454.contig77_1	86	0.0018
Phage_min_cap2	PF06152.11	367	D3454.contig77_2	561	1e-116
Terminase_6	PF03237.15	215	D3454.contig77_4	328	6.6e-07
Terminase_3	PF04466.13	201	D3454.contig77_4	328	9.6e-05
Gp58	PF07902.11	594	D3454.contig78_1	832	5.3e-07
Gp58	PF07902.11	594	D3454.contig78_1	832	5.3e-07
Peptidase_S74	PF13884.6	58	D3454.contig78_1	832	0.00013
EMP24_GP25L	PF01105.24	182	D3454.contig78_1	832	0.0004
Virul_fac_BrkB	PF03631.15	258	D3454.contig78_2	137	0.0001
DsbD	PF02683.15	213	D3454.contig78_2	137	0.0078
Peptidase_U4	PF03419.13	284	D3454.contig78_2	137	0.018
XhlA	PF10779.9	67	D3454.contig78_3	76	0.013
DJ-1_PfpI	PF01965.24	165	D3454.contig78_3	76	0.018
CHAP	PF05257.16	83	D3454.contig78_4	276	3.2e-06
TauE	PF01925.19	236	D3454.contig79_1	150	4.8e-09
Glyco_hydro_31	PF01055.26	440	D3454.contig79_2	674	2.4e-72
Gal_mutarotas_2	PF13802.6	66	D3454.contig79_2	674	0.00049
SSF	PF00474.17	406	D3454.contig79_3	585	6.3e-47
Phage_integrase	PF00589.22	172	D3454.contig80_1	465	5.8e-30
HTH_3	PF01381.22	55	D3454.contig80_1	465	3.7e-05
EamA	PF00892.20	137	D3454.contig80_2	138	3.9e-23
Mg_trans_NIPA	PF05653.14	295	D3454.contig80_2	138	1.2e-05
SLC35F	PF06027.12	299	D3454.contig80_2	138	0.0011
TMEM234	PF10639.9	116	D3454.contig80_2	138	0.0024
AhpC-TSA	PF00578.21	124	D3454.contig80_6	158	9.7e-41
Redoxin	PF08534.10	147	D3454.contig80_6	158	3.1e-28
DUF4174	PF13778.6	120	D3454.contig80_6	158	0.0019
Thioredoxin_8	PF13905.6	95	D3454.contig80_6	158	0.019
Ta0938	PF11494.8	105	D3454.contig81_2	76	0.03
Poxvirus_B22R_N	PF13169.6	89	D3454.contig81_8	61	0.031
RelB	PF04221.12	83	D3454.contig81_10	51	0.0084
NUT	PF12881.7	729	D3454.contig81_10	51	0.038
HTH_11	PF08279.12	55	D3454.contig82_5	156	3.2e-06
HTH_DeoR	PF08220.12	57	D3454.contig82_5	156	6.3e-05
HTH_10	PF04967.12	53	D3454.contig82_5	156	0.00043
HTH_5	PF01022.20	47	D3454.contig82_5	156	0.00051
HTH_23	PF13384.6	50	D3454.contig82_5	156	0.00094
HTH_24	PF13412.6	48	D3454.contig82_5	156	0.00098
HTH_17	PF12728.7	51	D3454.contig82_5	156	0.003
FAM76	PF16046.5	300	D3454.contig82_5	156	0.005
HK97-gp10_like	PF04883.12	81	D3454.contig83_2	143	0.049
CusF_Ec	PF11604.8	68	D3454.contig83_4	176	0.026
Phage_GP20	PF06810.11	149	D3454.contig83_6	221	1.3e-15
Shugoshin_N	PF07558.11	45	D3454.contig83_6	221	0.0021
DUF4406	PF14359.6	91	D3454.contig83_7	103	0.014
DNA_methylase	PF00145.17	335	D3454.contig84_1	217	1.9e-07
RusA	PF05866.11	124	D3454.contig84_2	154	2e-36
Spore_Cse60	PF10957.8	60	D3454.contig84_4	61	0.00045
DUF1642	PF07852.11	138	D3454.contig84_7	169	1.8e-29
HTH_3	PF01381.22	55	D3454.contig84_8	171	6.8e-15
HTH_19	PF12844.7	65	D3454.contig84_8	171	1.9e-09
HTH_26	PF13443.6	63	D3454.contig84_8	171	8.4e-06
HTH_31	PF13560.6	64	D3454.contig84_8	171	3e-05
HTH_25	PF13413.6	62	D3454.contig84_8	171	4.1e-05
MazG	PF03819.17	74	D3454.contig84_8	171	0.00091
DUF1372	PF07116.11	104	D3454.contig84_9	106	4e-39
eRF1_1	PF03463.15	129	D3454.contig84_9	106	0.042
YopX	PF09643.10	131	D3454.contig84_10	129	8.9e-23
DUF1340	PF07067.11	236	D3454.contig84_11	131	7.6e-34
DUF3310	PF11753.8	60	D3454.contig85_2	98	3.9e-16
RNA_pol	PF00940.19	414	D3454.contig85_3	879	8e-108
RPOL_N	PF14700.6	336	D3454.contig85_3	879	4e-14
LRRFIP	PF09738.9	297	D3454.contig85_3	879	0.0038
KIX	PF02172.16	81	D3454.contig86_1	56	0.064
DUF1071	PF06378.11	148	D3454.contig86_3	207	5.5e-11
NinB	PF05772.12	131	D3454.contig86_4	192	0.0034
HTH_17	PF12728.7	51	D3454.contig86_6	125	0.0012
Hjc	PF01870.18	93	D3454.contig86_7	109	0.017
HSDR_N	PF04313.14	194	D3454.contig86_7	109	0.017
HNH	PF01844.23	47	D3454.contig86_8	189	1.4e-11
HNH_2	PF13391.6	72	D3454.contig86_8	189	4.2e-06
HNH_5	PF14279.6	56	D3454.contig86_8	189	0.0042
Phage_rep_org_N	PF09681.10	121	D3454.contig86_9	280	0.022
HU-HIG	PF18291.1	125	D3454.contig87_2	158	1.6e-28
Bac_DNA_binding	PF00216.21	90	D3454.contig87_2	158	2.3e-09
HU-DNA_bdg	PF14848.6	124	D3454.contig87_2	158	1.8e-06
HU-CCDC81_euk_1	PF14908.6	94	D3454.contig87_2	158	0.015
PPDFL	PF15060.6	110	D3454.contig87_3	310	0.054
RE_AlwI	PF09491.10	441	D3454.contig87_4	559	1.7e-62
ERCC3_RAD25_C	PF16203.5	247	D3454.contig87_5	104	0.032
RecT	PF03837.14	199	D3454.contig88_2	314	6.3e-27
SSB	PF00436.25	104	D3454.contig88_3	166	7.2e-24
tRNA_anti_2	PF13742.6	95	D3454.contig88_3	166	0.019
YqaJ	PF09588.10	148	D3454.contig89_1	253	7.9e-28
Phage_AlpA	PF05930.12	51	D3454.contig89_4	87	1.2e-09
HTH_17	PF12728.7	51	D3454.contig89_4	87	1.6e-05
HTH_Tnp_ISL3	PF13542.6	52	D3454.contig89_4	87	0.022
Peptidase_M78	PF06114.13	123	D3454.contig89_5	175	3.4e-16
HTH_3	PF01381.22	55	D3454.contig89_6	121	5.3e-08
HTH_19	PF12844.7	65	D3454.contig89_6	121	2.3e-07
HTH_31	PF13560.6	64	D3454.contig89_6	121	1.1e-05
DUF2612	PF11041.8	181	D3454.contig90_2	210	8.3e-23
UDPG_MGDP_dh	PF00984.19	94	D3454.contig90_2	210	0.021
DUF2634	PF10934.8	105	D3454.contig90_4	125	0.013
Gp138_N	PF18352.1	98	D3454.contig90_5	257	8.3e-11
Phage_spike	PF18715.1	54	D3454.contig90_5	257	0.00025
DUF1983	PF09327.11	81	D3454.contig91_1	639	1.2e-09
DUF2513	PF10711.9	104	D3454.contig92_4	126	1.9e-19
DUF4355	PF14265.6	125	D3454.contig92_5	179	0.0017
YkyA	PF10368.9	186	D3454.contig92_5	179	0.0045
Terminase_3	PF04466.13	201	D3454.contig94_1	413	5.7e-45
Terminase_3C	PF17288.2	155	D3454.contig94_1	413	1.2e-23
Phage_prot_Gp6	PF05133.14	420	D3454.contig94_2	503	1.9e-77
Phage_min_cap2	PF06152.11	367	D3454.contig94_3	234	6.2e-56
Gp138_N	PF18352.1	98	D3454.contig95_4	240	0.00029
DUF3437	PF11919.8	88	D3454.contig96_3	81	0.082
HigB-like_toxin	PF05015.13	93	D3454.contig96_5	191	0.019
HAD_2	PF13419.6	178	D3454.contig96_6	58	0.069
Glyco_hydro_76	PF03663.14	366	D3454.contig96_8	60	0.029
TrmB	PF01978.19	68	D3454.contig96_10	116	0.008
GntR	PF00392.21	64	D3454.contig97_1	121	5.6e-10
DUF2807	PF10988.8	181	D3454.contig97_3	245	8.3e-19
DUF4402	PF14352.6	129	D3454.contig97_3	245	0.014
ABC_tran	PF00005.27	137	D3454.contig97_4	276	3.4e-23
AAA_21	PF13304.6	303	D3454.contig97_4	276	9.5e-12
AAA_21	PF13304.6	303	D3454.contig97_4	276	9.5e-12
AAA_29	PF13555.6	61	D3454.contig97_4	276	0.0018
Amidase_2	PF01510.25	126	D3454.contig98_1	334	5.1e-18
PG_binding_1	PF01471.18	57	D3454.contig98_1	334	7.1e-12
Collagen	PF01391.18	60	D3454.contig98_2	170	9.4e-06
Phage_holin_5_2	PF16079.5	75	D3454.contig98_3	85	4.9e-15
DUF2232	PF09991.9	290	D3454.contig98_3	85	0.004
MFS_1	PF07690.16	353	D3454.contig98_3	85	0.035
XhlA	PF10779.9	67	D3454.contig98_4	78	2.8e-15
CC2-LZ	PF16516.5	100	D3454.contig98_4	78	0.022
DUF16	PF01519.16	104	D3454.contig98_4	78	0.027
Metallophos	PF00149.28	204	D3454.contig98_5	211	3.7e-05
PhoD	PF09423.10	350	D3454.contig98_5	211	0.0016
EutH	PF04346.12	351	D3454.contig99_1	151	1.4e-38
HAD_2	PF13419.6	178	D3454.contig99_3	219	1.6e-17
Hydrolase	PF00702.26	210	D3454.contig99_3	219	3.8e-06
HAD	PF12710.7	188	D3454.contig99_3	219	2.3e-05
Hydrolase_like	PF13242.6	75	D3454.contig99_3	219	0.00051
AAA_5	PF07728.14	138	D3454.contig99_4	307	4e-22
AAA_3	PF07726.11	131	D3454.contig99_4	307	3.5e-05
AAA_7	PF12775.7	181	D3454.contig99_4	307	0.00023
AAA_14	PF13173.6	131	D3454.contig99_4	307	0.002
HR1	PF02185.16	69	D3454.contig99_5	296	0.048
HTH_3	PF01381.22	55	D3454.contig100_1	157	2.6e-09
HTH_19	PF12844.7	65	D3454.contig100_1	157	1.4e-08
HTH_26	PF13443.6	63	D3454.contig100_1	157	2.6e-07
Phage_CI_repr	PF07022.13	65	D3454.contig100_1	157	6.6e-05
Porin_1	PF00267.21	340	D3454.contig100_1	157	0.0016
DUF5067	PF16729.5	125	D3454.contig100_3	181	3.6e-24
DUF4352	PF11611.8	125	D3454.contig100_3	181	0.022
Phage_integrase	PF00589.22	172	D3454.contig100_4	346	6.2e-12
Phage_int_SAM_3	PF14659.6	58	D3454.contig100_4	346	1.2e-06
Metallophos	PF00149.28	204	D3454.contig101_2	413	7.4e-13
Metallophos_2	PF12850.7	165	D3454.contig101_2	413	9.4e-08
T2SSE	PF00437.20	273	D3454.contig102_2	354	7.8e-37
DUF87	PF01935.17	227	D3454.contig102_2	354	1.2e-05
AAA_16	PF13191.6	170	D3454.contig102_2	354	1.9e-05
AAA_19	PF13245.6	146	D3454.contig102_2	354	0.00019
ABC_tran	PF00005.27	137	D3454.contig102_2	354	0.00026
Zeta_toxin	PF06414.12	199	D3454.contig102_2	354	0.00059
AAA_30	PF13604.6	192	D3454.contig102_2	354	0.00068
AAA_22	PF13401.6	137	D3454.contig102_2	354	0.00069
AAA_29	PF13555.6	61	D3454.contig102_2	354	0.0012
AAA_23	PF13476.6	200	D3454.contig102_2	354	0.0016
Ldh_1_N	PF00056.23	141	D3454.contig102_3	316	9e-47
Ldh_1_C	PF02866.18	167	D3454.contig102_3	316	1.2e-31
NAD_binding_7	PF13241.6	104	D3454.contig102_3	316	0.0021
Terminase_1	PF03354.15	468	D3454.contig103_1	490	3.1e-62
Phage_portal	PF04860.12	314	D3454.contig103_2	446	3.5e-35
Peptidase_S78	PF04586.17	163	D3454.contig103_3	118	1.1e-09
Amidase_3	PF01520.18	175	D3454.contig104_2	351	2.3e-24
Bac_DNA_binding	PF00216.21	90	D3454.contig104_3	95	2.7e-16
HU-HIG	PF18291.1	125	D3454.contig104_3	95	0.0022
