target	acc	tlen	query	qlen	evalue
DNA_methylase	PF00145.17	335	D3334.contig1_10	610	3.4e-28
DNA_methylase	PF00145.17	335	D3334.contig1_10	610	3.4e-28
RP-C	PF03428.13	175	D3334.contig1_14	274	0.021
VRR_NUC	PF08774.11	108	D3334.contig1_15	118	1e-11
DUF4494	PF14902.6	139	D3334.contig1_16	136	2.2e-20
Baculo_p26	PF04766.12	234	D3334.contig1_17	74	0.061
NinB	PF05772.12	131	D3334.contig1_18	146	0.02
AAA_24	PF13479.6	197	D3334.contig1_21	296	3.2e-27
AAA_16	PF13191.6	170	D3334.contig1_21	296	0.00047
Zeta_toxin	PF06414.12	199	D3334.contig1_21	296	0.0016
Tropomyosin_1	PF12718.7	143	D3334.contig1_22	81	0.00055
Gate	PF07670.14	112	D3334.contig1_25	61	0.098
RuvA_N	PF01330.21	60	D3334.contig1_26	109	0.04
HTH_17	PF12728.7	51	D3334.contig1_27	71	0.00096
PaaX	PF07848.12	70	D3334.contig1_28	69	0.011
MUG113	PF13455.6	77	D3334.contig1_31	278	2.6e-08
T5orf172	PF10544.9	103	D3334.contig1_31	278	7.3e-08
DUF775	PF05603.12	199	D3334.contig1_32	121	0.12
TnpB_IS66	PF05717.13	101	D3334.contig1_33	112	1.6e-11
DDE_Tnp_IS66	PF03050.14	282	D3334.contig1_34	598	2.7e-52
DDE_Tnp_IS240	PF13610.6	140	D3334.contig1_34	598	0.00045
Golgin_A5	PF09787.9	306	D3334.contig1_34	598	0.008
ANT	PF03374.14	108	D3334.contig1_36	299	2.1e-27
Bro-N	PF02498.17	95	D3334.contig1_36	299	1.4e-16
DUF4088	PF13317.6	226	D3334.contig1_36	299	0.0015
Myosin_tail_1	PF01576.19	1081	D3334.contig1_36	299	0.0015
TFIIB_C_1	PF18542.1	98	D3334.contig1_36	299	0.0029
KfrA_N	PF11740.8	115	D3334.contig1_36	299	0.0046
DUF4407	PF14362.6	298	D3334.contig1_39	330	2.2e-41
HNH	PF01844.23	47	D3334.contig1_41	99	0.00021
HNHc_6	PF16784.5	200	D3334.contig1_41	99	0.001
Cytochrome_C7	PF14522.6	73	D3334.contig1_41	99	0.0063
Phage_min_cap2	PF06152.11	367	D3334.contig1_42	85	0.0012
HicB	PF05534.12	51	D3334.contig1_42	85	0.0034
RHH_4	PF13467.6	65	D3334.contig1_42	85	0.0083
RHH_1	PF01402.21	39	D3334.contig1_42	85	0.0084
YafQ_toxin	PF15738.5	88	D3334.contig1_43	90	3.8e-29
ParE_toxin	PF05016.15	90	D3334.contig1_43	90	2.1e-09
DUF2059	PF09832.9	60	D3334.contig1_44	79	0.013
Phage_int_SAM_5	PF13102.6	99	D3334.contig1_45	408	6.3e-18
Phage_int_SAM_4	PF13495.6	85	D3334.contig1_45	408	7.4e-05
Phage_integrase	PF00589.22	172	D3334.contig1_45	408	0.0059
HTH_7	PF02796.15	45	D3334.contig1_46	96	2.1e-06
CENP-B_N	PF04218.13	53	D3334.contig1_46	96	0.00036
HTH_29	PF13551.6	63	D3334.contig1_46	96	0.00089
HTH_28	PF13518.6	52	D3334.contig1_46	96	0.0019
Lipase_GDSL_2	PF13472.6	179	D3334.contig1_49	735	1.6e-14
Lipase_GDSL	PF00657.22	200	D3334.contig1_49	735	0.0004
Phage_prot_Gp6	PF05133.14	420	D3334.contig1_54	508	8.6e-27
Terminase_6	PF03237.15	215	D3334.contig1_56	914	3.3e-13
Hom_end	PF05204.14	110	D3334.contig1_56	914	6.5e-08
LAGLIDADG_3	PF14528.6	83	D3334.contig1_56	914	8.3e-08
Phage_cap_E	PF03864.15	333	D3334.contig1_59	393	1.9e-06
DNA_pol3_tau_4	PF12168.8	81	D3334.contig1_65	188	0.05
Phage_holin_4_1	PF05105.12	114	D3334.contig1_68	158	8.4e-06
DUF2809	PF10990.8	86	D3334.contig1_68	158	0.051
DUF2070	PF09843.9	564	D3334.contig1_69	151	0.028
PG_binding_3	PF09374.10	76	D3334.contig1_70	193	3.4e-18
Glyco_hydro_108	PF05838.12	85	D3334.contig1_70	193	5.1e-15
Bac_DnaA_C	PF08299.11	69	D3334.contig1_72	98	7.9e-05
Alfin	PF12165.8	127	D3334.contig1_78	141	0.1
Bro-N	PF02498.17	95	D3334.contig1_79	267	4e-05
PAZ	PF02170.22	137	D3334.contig1_80	133	0.016
Resolvase	PF00239.21	146	D3334.contig1_82	255	3.2e-27
EF-hand_5	PF13202.6	25	D3334.contig2_2	180	0.00023
EF-hand_1	PF00036.32	29	D3334.contig2_2	180	0.00033
EF-hand_6	PF13405.6	31	D3334.contig2_2	180	0.0061
DUF4992	PF16383.5	182	D3334.contig2_5	835	0.059
PhageMin_Tail	PF10145.9	198	D3334.contig2_6	1278	1.9e-15
ING	PF12998.7	101	D3334.contig2_7	257	0.0044
PTPA	PF03095.15	301	D3334.contig2_7	257	0.027
Glu_dehyd_C	PF16912.5	212	D3334.contig2_10	152	0.0068
Phage_GP20	PF06810.11	149	D3334.contig2_13	316	3.4e-05
DHC_N2	PF08393.13	397	D3334.contig2_13	316	0.0026
Tup_N	PF08581.10	77	D3334.contig2_13	316	0.012
Terminase_6	PF03237.15	215	D3334.contig2_18	515	1.6e-09
ParBc	PF02195.18	90	D3334.contig2_20	449	0.00013
ASCH	PF04266.14	107	D3334.contig2_24	172	0.0004
SSB	PF00436.25	104	D3334.contig2_25	160	6.9e-28
RNase_T	PF00929.24	165	D3334.contig2_30	289	1.9e-07
AAA_15	PF13175.6	369	D3334.contig2_34	478	3.9e-12
AAA_23	PF13476.6	200	D3334.contig2_34	478	1.5e-08
AAA_29	PF13555.6	61	D3334.contig2_34	478	1.9e-07
AAA_27	PF13514.6	207	D3334.contig2_34	478	5.6e-05
SMC_N	PF02463.19	220	D3334.contig2_34	478	0.00042
DUF2813	PF11398.8	372	D3334.contig2_34	478	0.00075
DUF1902	PF08972.11	75	D3334.contig2_35	57	0.023
Med26_C	PF15693.5	183	D3334.contig2_37	96	0.022
DUF3472	PF11958.8	173	D3334.contig2_39	101	0.0048
DNA_methylase	PF00145.17	335	D3334.contig2_42	324	3.6e-44
HTH_36	PF13730.6	55	D3334.contig2_45	252	8.8e-07
HTH_Crp_2	PF13545.6	68	D3334.contig2_45	252	0.0047
PDDEXK_1	PF12705.7	255	D3334.contig2_47	411	5.2e-05
HTH_26	PF13443.6	63	D3334.contig2_49	77	0.00016
DUF3560	PF12083.8	124	D3334.contig2_53	217	1.8e-30
Amidase_2	PF01510.25	126	D3334.contig2_57	176	8e-18
MOSC	PF03473.17	131	D3334.contig2_57	176	0.011
Polysacc_synt_C	PF14667.6	143	D3334.contig2_58	174	0.025
DUF4376	PF14301.6	102	D3334.contig2_60	111	5.9e-05
DUF1492	PF07374.11	100	D3334.contig3_3	151	0.0004
HTH_Tnp_1_2	PF13022.6	123	D3334.contig3_4	149	6.8e-07
HTH_23	PF13384.6	50	D3334.contig3_4	149	1.2e-05
Phage_Nu1	PF07471.12	164	D3334.contig3_4	149	0.0023
Head-tail_con	PF12236.8	481	D3334.contig3_7	576	2.1e-130
DUF2812	PF11193.8	110	D3334.contig3_13	213	0.085
DUF2833	PF11090.8	86	D3334.contig3_15	170	5.2e-05
zf-FCS	PF06467.14	41	D3334.contig3_15	170	0.022
SLT	PF01464.20	117	D3334.contig3_17	735	4.4e-12
Transglycosylas	PF06737.14	77	D3334.contig3_17	735	0.015
MuF_C	PF18819.1	103	D3334.contig3_18	2797	1e-13
ART-PolyVal	PF18760.1	137	D3334.contig3_18	2797	0.0029
Pectate_lyase_3	PF12708.7	215	D3334.contig3_19	833	7.8e-09
CBP_BcsN	PF17038.5	186	D3334.contig3_20	166	0.042
TPR_21	PF09976.9	193	D3334.contig3_24	192	0.0094
SprT-like	PF10263.9	113	D3334.contig3_25	119	1.5e-08
Phage_integrase	PF00589.22	172	D3334.contig3_27	347	6e-18
Arm-DNA-bind_4	PF14657.6	46	D3334.contig3_27	347	1.5e-06
Phage_int_SAM_3	PF14659.6	58	D3334.contig3_27	347	1.5e-05
Peptidase_M78	PF06114.13	123	D3334.contig3_28	92	8.6e-07
HD	PF01966.22	122	D3334.contig3_28	92	0.015
HTH_3	PF01381.22	55	D3334.contig3_30	121	2.5e-14
HTH_19	PF12844.7	65	D3334.contig3_30	121	1.5e-13
HTH_31	PF13560.6	64	D3334.contig3_30	121	3.1e-09
HTH_26	PF13443.6	63	D3334.contig3_30	121	0.0041
DUF739	PF05339.11	69	D3334.contig3_31	74	0.00021
HTH_7	PF02796.15	45	D3334.contig3_31	74	0.00038
HTH_8	PF02954.19	42	D3334.contig3_31	74	0.0031
HTH_19	PF12844.7	65	D3334.contig3_31	74	0.004
AvrM-A	PF18241.1	147	D3334.contig3_33	161	0.0027
HTH_17	PF12728.7	51	D3334.contig3_34	101	1.4e-09
HTH_23	PF13384.6	50	D3334.contig3_34	101	0.0058
Sigma70_r4_2	PF08281.12	54	D3334.contig3_34	101	0.0085
DUF2303	PF10065.9	267	D3334.contig3_38	240	4.1e-06
AAA_23	PF13476.6	200	D3334.contig3_39	439	4.4e-12
SMC_N	PF02463.19	220	D3334.contig3_39	439	4.1e-09
AAA_15	PF13175.6	369	D3334.contig3_39	439	6.4e-09
AAA_29	PF13555.6	61	D3334.contig3_39	439	1.4e-05
AAA_21	PF13304.6	303	D3334.contig3_39	439	0.003
AAA_24	PF13479.6	197	D3334.contig3_40	364	1.8e-65
ResIII	PF04851.15	171	D3334.contig3_42	531	3.8e-31
Helicase_C	PF00271.31	111	D3334.contig3_42	531	1.1e-15
SWI2_SNF2	PF18766.1	224	D3334.contig3_42	531	2.9e-13
DEAD	PF00270.29	176	D3334.contig3_42	531	5.3e-11
AAA_30	PF13604.6	192	D3334.contig3_42	531	9.3e-07
DUF2075	PF09848.9	363	D3334.contig3_42	531	0.00027
AAA	PF00004.29	132	D3334.contig3_42	531	0.00028
AAA_22	PF13401.6	137	D3334.contig3_42	531	0.00063
Flavi_DEAD	PF07652.14	148	D3334.contig3_42	531	0.0017
AAA_25	PF13481.6	194	D3334.contig3_43	694	5e-35
PriCT_2	PF08707.11	77	D3334.contig3_43	694	1.8e-19
AAA_24	PF13479.6	197	D3334.contig3_43	694	0.0058
HTH_22	PF13309.6	63	D3334.contig3_43	694	0.0082
RusA	PF05866.11	124	D3334.contig3_44	150	2.1e-20
DUF4406	PF14359.6	91	D3334.contig3_45	111	6.4e-09
EF-hand_11	PF08976.11	105	D3334.contig3_48	80	0.0069
DUF2833	PF11090.8	86	D3334.contig3_48	80	0.068
NdhN	PF11909.8	153	D3334.contig3_49	63	0.0073
PqqD	PF05402.12	67	D3334.contig4_1	131	0.075
Collagen	PF01391.18	60	D3334.contig4_4	281	1.4e-10
Phage_holin_1	PF04531.13	82	D3334.contig4_6	114	0.021
Amidase_3	PF01520.18	175	D3334.contig4_7	173	3.3e-34
ATG16	PF08614.11	200	D3334.contig4_8	158	0.00064
MAGSP	PF03082.14	264	D3334.contig4_8	158	0.0059
Hira	PF07569.11	222	D3334.contig4_8	158	0.0068
Phage_integrase	PF00589.22	172	D3334.contig4_9	358	9e-29
Phage_int_SAM_3	PF14659.6	58	D3334.contig4_9	358	1e-10
Phage_int_SAM_5	PF13102.6	99	D3334.contig4_9	358	1.2e-05
Herpes_UL14	PF03580.14	146	D3334.contig4_10	116	0.062
Peptidase_M78	PF06114.13	123	D3334.contig4_11	92	0.00025
HTH_3	PF01381.22	55	D3334.contig4_12	126	1.1e-06
HTH_26	PF13443.6	63	D3334.contig4_12	126	2.2e-06
BetR	PF08667.10	148	D3334.contig4_12	126	0.00078
HTH_19	PF12844.7	65	D3334.contig4_12	126	0.0011
HTH_3	PF01381.22	55	D3334.contig4_13	63	3.4e-09
HTH_31	PF13560.6	64	D3334.contig4_13	63	3.3e-07
HTH_19	PF12844.7	65	D3334.contig4_13	63	0.00047
HTH_26	PF13443.6	63	D3334.contig4_14	83	1.8e-07
HTH_31	PF13560.6	64	D3334.contig4_14	83	0.0048
HTH_17	PF12728.7	51	D3334.contig4_16	65	2.4e-09
MerR_1	PF13411.6	69	D3334.contig4_16	65	0.00058
DUF2800	PF10926.8	363	D3334.contig4_19	381	4.7e-131
PDDEXK_1	PF12705.7	255	D3334.contig4_19	381	5.6e-09
CRF-BP	PF05428.11	307	D3334.contig4_19	381	0.0025
YadA_head	PF05658.14	27	D3334.contig4_20	513	3.6e-16
YadA_head	PF05658.14	27	D3334.contig4_20	513	3.6e-16
YadA_head	PF05658.14	27	D3334.contig4_20	513	3.6e-16
YadA_head	PF05658.14	27	D3334.contig4_20	513	3.6e-16
YadA_stalk	PF05662.14	43	D3334.contig4_20	513	3.2e-09
YadA_anchor	PF03895.15	60	D3334.contig4_20	513	2.7e-08
Fib_alpha	PF08702.10	143	D3334.contig4_20	513	0.014
DUF2815	PF10991.8	173	D3334.contig4_21	187	8.7e-49
DNA_pol_A	PF00476.20	376	D3334.contig4_22	645	3.7e-25
PcfJ	PF14284.6	144	D3334.contig4_24	558	4.2e-15
DUF1610	PF07754.11	24	D3334.contig4_24	558	0.027
VirE	PF05272.11	198	D3334.contig4_25	805	5.9e-70
VRR_NUC	PF08774.11	108	D3334.contig4_26	111	2.1e-06
Mrr_cat	PF04471.12	115	D3334.contig4_26	111	0.06
SNF2_N	PF00176.23	350	D3334.contig4_27	456	3e-23
ResIII	PF04851.15	171	D3334.contig4_27	456	7.5e-09
DEAD	PF00270.29	176	D3334.contig4_27	456	1.5e-05
Helicase_C	PF00271.31	111	D3334.contig4_27	456	5.3e-05
DUF3310	PF11753.8	60	D3334.contig4_28	170	3.9e-22
DUF1492	PF07374.11	100	D3334.contig4_29	143	2.3e-07
Terminase_2	PF03592.16	140	D3334.contig4_30	148	1.3e-26
MlrC_C	PF07171.12	178	D3334.contig4_30	148	0.0088
Terminase_3	PF04466.13	201	D3334.contig4_31	413	9.1e-50
Terminase_3C	PF17288.2	155	D3334.contig4_31	413	4.9e-26
Terminase_6C	PF17289.2	155	D3334.contig4_31	413	0.0022
Phage_prot_Gp6	PF05133.14	420	D3334.contig4_32	472	2e-76
Phage_Mu_F	PF04233.14	112	D3334.contig4_33	341	3.1e-14
Phage_GP20	PF06810.11	149	D3334.contig4_34	205	2.4e-36
CHASE3	PF05227.13	138	D3334.contig4_34	205	0.0057
DUF3683	PF12447.8	114	D3334.contig4_36	123	0.035
HK97-gp10_like	PF04883.12	81	D3334.contig4_38	173	1.5e-13
HPPK	PF01288.20	112	D3334.contig4_39	146	0.049
Phage_sheath_1C	PF17482.2	104	D3334.contig4_41	452	4.5e-15
Phage_sheath_1	PF04984.14	168	D3334.contig4_41	452	8.3e-14
Phage_sheath_1N	PF17481.2	104	D3334.contig4_41	452	1.2e-05
DUF2001	PF09393.10	139	D3334.contig4_42	165	1.3e-43
Phage_TAC_5	PF08890.11	136	D3334.contig4_43	143	1.2e-38
Tipalpha	PF16753.5	150	D3334.contig4_43	143	0.046
LysM	PF01476.20	44	D3334.contig4_45	228	0.032
DUF2577	PF10844.8	98	D3334.contig4_47	138	4.3e-22
DUF2634	PF10934.8	105	D3334.contig4_48	144	1.3e-30
Baseplate_J	PF04865.14	255	D3334.contig4_49	360	6.5e-49
DUF2313	PF10076.9	163	D3334.contig4_50	211	1.9e-09
DUF2551	PF10826.8	83	D3334.contig4_50	211	0.0025
DUF3751	PF12571.8	150	D3334.contig4_51	304	0.00082
Phage_integrase	PF00589.22	172	D3334.contig4_52	284	1.6e-23
Phage_int_SAM_5	PF13102.6	99	D3334.contig4_52	284	0.00019
Phage_int_SAM_3	PF14659.6	58	D3334.contig4_52	284	0.00034
Phage_int_SAM_4	PF13495.6	85	D3334.contig4_52	284	0.0073
Phage-tail_3	PF13550.6	164	D3334.contig5_1	708	1.1e-27
NLPC_P60	PF00877.19	105	D3334.contig5_2	153	1.9e-08
DUF2163	PF09931.9	163	D3334.contig5_3	284	3.4e-27
Phage_BR0599	PF09356.10	80	D3334.contig5_3	284	1.1e-19
DUF2460	PF09343.10	200	D3334.contig5_4	189	7.3e-35
PBP_GOBP	PF01395.22	113	D3334.contig5_6	93	0.1
Archaeal_AmoA	PF12942.7	183	D3334.contig5_7	130	0.0087
Phage_tail_2	PF06199.11	135	D3334.contig5_8	157	4.1e-22
Gp-FAR-1	PF05823.12	149	D3334.contig5_14	205	0.00031
Phage_Mu_F	PF04233.14	112	D3334.contig5_15	365	0.066
Terminase_6C	PF17289.2	155	D3334.contig5_17	471	2.6e-08
Terminase_6	PF03237.15	215	D3334.contig5_17	471	0.0014
SabA_adhesion	PF18304.1	299	D3334.contig5_17	471	0.0047
HTH_Tnp_ISL3	PF13542.6	52	D3334.contig5_18	128	0.018
N6_N4_Mtase	PF01555.18	231	D3334.contig5_19	448	3.3e-28
ParBc	PF02195.18	90	D3334.contig5_19	448	3.1e-13
Sigma70_r4_2	PF08281.12	54	D3334.contig5_20	182	0.0012
Phage_antitermQ	PF06530.12	118	D3334.contig5_20	182	0.0023
TFIIE_alpha	PF02002.17	105	D3334.contig5_21	63	0.035
dUTPase	PF00692.19	129	D3334.contig5_22	147	4.6e-15
DUF3310	PF11753.8	60	D3334.contig5_25	114	5.8e-21
RusA	PF05866.11	124	D3334.contig5_27	144	2.2e-06
DUF4373	PF14297.6	96	D3334.contig5_29	326	2.5e-09
DnaB_2	PF07261.11	74	D3334.contig5_29	326	0.0046
Lactamase_B_2	PF12706.7	201	D3334.contig5_31	240	5.2e-10
RecT	PF03837.14	199	D3334.contig5_32	236	0.0011
AAA_15	PF13175.6	369	D3334.contig5_33	635	2.1e-09
SMC_N	PF02463.19	220	D3334.contig5_33	635	1.2e-08
AAA_23	PF13476.6	200	D3334.contig5_33	635	2.3e-08
AAA_27	PF13514.6	207	D3334.contig5_33	635	3e-06
AAA_13	PF13166.6	713	D3334.contig5_33	635	3.6e-05
DUF2813	PF11398.8	372	D3334.contig5_33	635	5.1e-05
AAA_29	PF13555.6	61	D3334.contig5_33	635	0.00012
PcfJ	PF14284.6	144	D3334.contig5_34	551	2e-20
Rhodanese_C	PF12368.8	64	D3334.contig5_37	68	0.022
zf-SNAP50_C	PF12251.8	200	D3334.contig5_37	68	0.051
HTH_17	PF12728.7	51	D3334.contig5_39	97	1.4e-08
HTH_19	PF12844.7	65	D3334.contig5_41	70	5.7e-07
HTH_3	PF01381.22	55	D3334.contig5_41	70	2.2e-05
HTH_31	PF13560.6	64	D3334.contig5_41	70	0.00059
DUF739	PF05339.11	69	D3334.contig5_41	70	0.02
HTH_3	PF01381.22	55	D3334.contig5_42	128	7.9e-16
HTH_19	PF12844.7	65	D3334.contig5_42	128	2.9e-14
HTH_31	PF13560.6	64	D3334.contig5_42	128	2.4e-09
Phage_CI_repr	PF07022.13	65	D3334.contig5_42	128	4.7e-07
HTH_26	PF13443.6	63	D3334.contig5_42	128	1.2e-05
Peptidase_M78	PF06114.13	123	D3334.contig5_43	75	6.7e-05
WLM	PF08325.10	191	D3334.contig5_43	75	0.029
Phage_integrase	PF00589.22	172	D3334.contig5_44	351	8.3e-19
Arm-DNA-bind_4	PF14657.6	46	D3334.contig5_44	351	5.6e-06
Phage_int_SAM_3	PF14659.6	58	D3334.contig5_44	351	0.0018
RHH_1	PF01402.21	39	D3334.contig5_45	62	1.4e-06
RHH_3	PF12651.7	44	D3334.contig5_45	62	0.05
PCMD	PF13201.6	233	D3334.contig5_47	57	0.13
Pur_ac_phosph_N	PF16656.5	94	D3334.contig5_49	90	0.11
DUF745	PF05335.13	183	D3334.contig5_50	178	0.0022
Peptidase_M15_3	PF08291.11	111	D3334.contig5_51	130	6.1e-26
Peptidase_M15_2	PF05951.13	153	D3334.contig5_51	130	1.7e-13
Phage_holin_4_1	PF05105.12	114	D3334.contig5_52	177	2.9e-05
DUF5609	PF18429.1	65	D3334.contig5_54	107	0.089
Gp58	PF07902.11	594	D3334.contig5_55	542	0.00014
Baculo_PEP_C	PF04513.12	140	D3334.contig5_55	542	0.0045
DUF3137	PF11335.8	138	D3334.contig6_3	119	0.055
Ald_deCOase	PF11266.8	218	D3334.contig6_5	59	0.014
Haem_oxygenas_2	PF14518.6	178	D3334.contig6_5	59	0.079
RNA_pol	PF00940.19	414	D3334.contig6_7	840	6.2e-96
RPOL_N	PF14700.6	336	D3334.contig6_7	840	2.8e-09
Phage_integrase	PF00589.22	172	D3334.contig6_8	452	1e-17
HTH_11	PF08279.12	55	D3334.contig6_8	452	4.5e-05
HTH_17	PF12728.7	51	D3334.contig6_8	452	5.2e-05
MarR_2	PF12802.7	62	D3334.contig6_8	452	0.00091
HTH_DeoR	PF08220.12	57	D3334.contig6_8	452	0.0017
dUTPase	PF00692.19	129	D3334.contig6_9	193	3.3e-21
Phage_endo_I	PF05367.11	149	D3334.contig6_11	134	1.7e-39
DnaB_C	PF03796.15	255	D3334.contig6_17	550	4.5e-16
Toprim_2	PF13155.6	90	D3334.contig6_17	550	2e-12
Toprim_4	PF13662.6	89	D3334.contig6_17	550	3.9e-08
AAA_25	PF13481.6	194	D3334.contig6_17	550	2.9e-06
Toprim_3	PF13362.6	95	D3334.contig6_17	550	0.0006
DNA_pol_A	PF00476.20	376	D3334.contig6_18	617	5.2e-48
RNase_H_2	PF13482.6	166	D3334.contig6_18	617	5.9e-09
DUF496	PF04363.12	93	D3334.contig6_23	66	0.0041
Tropomyosin_1	PF12718.7	143	D3334.contig6_23	66	0.011
SlyX	PF04102.12	67	D3334.contig6_23	66	0.015
5_3_exonuc_N	PF02739.16	159	D3334.contig6_24	274	9e-12
5_3_exonuc	PF01367.20	97	D3334.contig6_24	274	3.8e-06
DUF3310	PF11753.8	60	D3334.contig6_26	79	7.3e-22
Head-tail_con	PF12236.8	481	D3334.contig6_28	504	2.7e-78
Nop16	PF09420.10	210	D3334.contig6_28	504	0.013
Phage_T7_Capsid	PF05396.11	123	D3334.contig6_29	244	1.6e-12
Tube	PF17212.3	169	D3334.contig6_31	191	6.2e-39
GSCFA	PF08885.11	237	D3334.contig6_31	191	0.0063
Glucosaminidase	PF01832.20	87	D3334.contig6_35	1542	2.4e-09
Phage_T7_tail	PF03906.14	157	D3334.contig6_36	617	6.3e-24
Apolipoprotein	PF01442.18	190	D3334.contig6_36	617	4.1e-07
CdiA_C_tRNase	PF18664.1	116	D3334.contig6_37	134	0.06
Phage_holin_4_1	PF05105.12	114	D3334.contig6_39	193	1.8e-08
Amidase_2	PF01510.25	126	D3334.contig6_40	175	1.1e-12
AbrB_C	PF18277.1	37	D3334.contig6_41	190	0.02
VRR_NUC	PF08774.11	108	D3334.contig7_1	100	0.002
VirE	PF05272.11	198	D3334.contig7_2	822	3.9e-70
AAA_16	PF13191.6	170	D3334.contig7_2	822	0.00052
DUF3322	PF11795.8	190	D3334.contig7_2	822	0.011
DNA_pol_A	PF00476.20	376	D3334.contig7_3	656	6.1e-18
DUF2815	PF10991.8	173	D3334.contig7_4	209	1.8e-50
DUF2800	PF10926.8	363	D3334.contig7_5	388	6.4e-138
PDDEXK_1	PF12705.7	255	D3334.contig7_5	388	3.3e-09
FAP	PF07174.11	298	D3334.contig7_6	146	0.0086
HTH_24	PF13412.6	48	D3334.contig7_9	119	0.00022
HTH_26	PF13443.6	63	D3334.contig7_11	158	5.5e-10
HTH_3	PF01381.22	55	D3334.contig7_11	158	1.3e-06
HTH_23	PF13384.6	50	D3334.contig7_11	158	2e-05
Sigma70_r4_2	PF08281.12	54	D3334.contig7_11	158	0.0011
HTH_29	PF13551.6	63	D3334.contig7_11	158	0.0016
HTH_19	PF12844.7	65	D3334.contig7_11	158	0.0018
CcmD	PF04995.14	44	D3334.contig7_12	62	0.024
HTH_3	PF01381.22	55	D3334.contig7_14	79	1.5e-06
HTH_26	PF13443.6	63	D3334.contig7_14	79	3.8e-06
HTH_31	PF13560.6	64	D3334.contig7_14	79	9.5e-06
HTH_30	PF13556.6	59	D3334.contig7_15	72	0.0019
HTH_3	PF01381.22	55	D3334.contig7_16	278	4.5e-10
HTH_31	PF13560.6	64	D3334.contig7_16	278	9.9e-10
HTH_19	PF12844.7	65	D3334.contig7_16	278	2e-09
MqsA_antitoxin	PF15731.5	131	D3334.contig7_16	278	0.0045
Phage_integrase	PF00589.22	172	D3334.contig7_18	365	8.8e-17
Amidase_2	PF01510.25	126	D3334.contig7_20	192	6.9e-06
SLH	PF00395.20	45	D3334.contig7_20	192	0.0012
Serpentine_r_xa	PF03383.15	153	D3334.contig7_22	184	0.00013
fn3	PF00041.21	85	D3334.contig7_27	1357	1.6e-11
fn3	PF00041.21	85	D3334.contig7_27	1357	1.6e-11
Phage-tail_3	PF13550.6	164	D3334.contig7_27	1357	4.5e-08
Gp58	PF07902.11	594	D3334.contig7_27	1357	2.2e-07
NLPC_P60	PF00877.19	105	D3334.contig7_28	109	3.6e-10
LRAT	PF04970.13	127	D3334.contig7_28	109	0.017
Phage_tail_L	PF05100.12	206	D3334.contig7_29	202	9.2e-15
DUF1833	PF08875.11	150	D3334.contig7_29	202	7.2e-05
Phage_BR0599	PF09356.10	80	D3334.contig7_29	202	0.0019
Phage_min_tail	PF05939.13	108	D3334.contig7_30	111	2.7e-05
Tape_meas_lam_C	PF09718.10	76	D3334.contig7_31	1071	4.3e-05
C1_1	PF00130.22	53	D3334.contig7_32	104	0.039
CBS	PF00571.28	57	D3334.contig7_33	94	0.0058
DUF2190	PF09956.9	102	D3334.contig7_38	111	1e-14
Mu-like_gpT	PF10124.9	289	D3334.contig7_39	633	2.1e-12
Mu-like_gpT	PF10124.9	289	D3334.contig7_39	633	2.1e-12
Peptidase_S78	PF04586.17	163	D3334.contig7_39	633	7.8e-10
Phage_portal_2	PF05136.13	362	D3334.contig7_40	497	7.7e-94
Phage_DsbA	PF11126.8	67	D3334.contig7_41	71	0.061
Terminase_GpA	PF05876.12	558	D3334.contig7_42	550	1.6e-123
Lar_restr_allev	PF14354.6	62	D3334.contig7_42	550	0.0052
Yae1_N	PF09811.9	39	D3334.contig8_2	63	0.011
Yae1_N	PF09811.9	39	D3334.contig8_4	70	0.019
Pox_D5	PF03288.16	86	D3334.contig8_5	78	0.0054
HNH	PF01844.23	47	D3334.contig8_7	117	1.2e-08
HNH	PF01844.23	47	D3334.contig8_10	84	7.6e-06
YcgL	PF05166.13	73	D3334.contig8_13	35	0.11
B	PF02216.16	53	D3334.contig8_16	61	0.03
NUMOD1	PF07453.13	37	D3334.contig8_17	124	7.4e-05
pXO2-72	PF17443.2	62	D3334.contig8_18	56	0.057
Pro_Al_protease	PF02983.14	59	D3334.contig8_23	61	0.032
Phage_holin_4_1	PF05105.12	114	D3334.contig8_26	138	3.1e-30
DUF3310	PF11753.8	60	D3334.contig8_29	120	3e-08
DUF2229	PF09989.9	213	D3334.contig8_34	76	0.11
DUF669	PF05037.13	141	D3334.contig8_35	156	0.00021
ERF	PF04404.12	153	D3334.contig8_36	162	1e-33
HD	PF01966.22	122	D3334.contig8_37	192	3.1e-05
TraI_2	PF07514.11	327	D3334.contig8_37	192	0.01
Glycos_transf_1	PF00534.20	172	D3334.contig8_38	62	0.015
Thy1	PF02511.15	188	D3334.contig8_39	205	0.0003
SNF2_N	PF00176.23	350	D3334.contig8_41	419	8.6e-17
Helicase_C	PF00271.31	111	D3334.contig8_41	419	1.1e-07
ResIII	PF04851.15	171	D3334.contig8_41	419	0.00025
Innexin	PF00876.18	351	D3334.contig8_43	34	0.053
Glyco_hydro_25	PF01183.20	178	D3334.contig8_45	225	5.7e-20
IL2	PF00715.17	145	D3334.contig8_47	124	0.043
DUF2313	PF10076.9	163	D3334.contig8_49	215	4.4e-09
Retrotran_gag_2	PF14223.6	138	D3334.contig8_49	215	0.035
Baseplate_J	PF04865.14	255	D3334.contig8_50	356	4.9e-48
PET10	PF17316.2	250	D3334.contig8_50	356	0.04
DUF2634	PF10934.8	105	D3334.contig8_51	116	6.2e-16
Secretin_N	PF03958.17	82	D3334.contig8_51	116	0.0022
DUF2577	PF10844.8	98	D3334.contig8_52	133	2.1e-13
HK97-gp10_like	PF04883.12	81	D3334.contig8_58	137	0.0023
DUF2001	PF09393.10	139	D3334.contig8_59	140	1.6e-38
Phage_sheath_1C	PF17482.2	104	D3334.contig8_60	366	2.2e-20
PAZ	PF02170.22	137	D3334.contig8_60	366	0.00068
Phage_H_T_join	PF05521.11	96	D3334.contig8_62	117	3.6e-13
Phage_connect_1	PF05135.13	99	D3334.contig8_63	243	6.9e-10
Phage_capsid	PF05065.13	280	D3334.contig8_64	372	7.1e-44
Peptidase_S78	PF04586.17	163	D3334.contig8_65	194	9.7e-26
Phage_portal	PF04860.12	314	D3334.contig8_66	406	1.2e-50
DUF1778	PF08681.11	80	D3334.contig8_67	58	0.00069
Terminase_1	PF03354.15	468	D3334.contig8_68	555	2e-58
Terminase_4	PF05119.12	99	D3334.contig8_69	107	0.063
Phage_integrase	PF00589.22	172	D3334.contig9_1	354	3.6e-17
ATG16	PF08614.11	200	D3334.contig9_4	158	0.0064
MAD	PF05557.13	661	D3334.contig9_4	158	0.01
Amidase_3	PF01520.18	175	D3334.contig9_5	173	1.2e-35
PIN_9	PF18477.1	116	D3334.contig9_7	113	0.0031
Tropomyosin	PF00261.20	237	D3334.contig9_7	113	0.005
Tropomyosin_1	PF12718.7	143	D3334.contig9_7	113	0.009
SH3BP5	PF05276.14	231	D3334.contig9_7	113	0.0096
TSNAXIP1_N	PF15739.5	111	D3334.contig9_9	134	0.049
Phage_integrase	PF00589.22	172	D3334.contig9_10	293	3.3e-18
Phage_int_SAM_3	PF14659.6	58	D3334.contig9_10	293	0.00061
DUF3751	PF12571.8	150	D3334.contig9_13	319	6.3e-06
Tail_P2_I	PF09684.10	136	D3334.contig9_14	215	5.7e-20
Baseplate_J	PF04865.14	255	D3334.contig9_15	378	9.2e-59
Phage_tail_X	PF05489.12	60	D3334.contig9_16	67	8.8e-10
GPW_gp25	PF04965.14	95	D3334.contig9_17	120	6.1e-06
Phage_P2_GpU	PF06995.11	120	D3334.contig9_18	206	3.7e-21
Phage_base_V	PF04717.12	112	D3334.contig9_19	162	3e-15
Phage_GPD	PF05954.11	304	D3334.contig9_20	357	1.2e-05
PhageMin_Tail	PF10145.9	198	D3334.contig9_21	783	4.7e-44
Phage_tube	PF04985.14	166	D3334.contig9_23	173	1.2e-47
Trm5_N	PF18093.1	47	D3334.contig9_26	154	0.022
Minor_tail_Z	PF06763.11	190	D3334.contig9_27	185	2.4e-13
Gifsy-2	PF13856.6	99	D3334.contig9_28	108	0.023
Phage_cap_E	PF03864.15	333	D3334.contig9_30	346	5e-67
HDPD	PF02924.14	116	D3334.contig9_31	112	2.2e-06
KcnmB2_inactiv	PF09303.10	32	D3334.contig9_31	112	0.043
CLP_protease	PF00574.23	182	D3334.contig9_32	322	2.8e-36
DUF4647	PF15504.6	456	D3334.contig9_32	322	0.0041
SDH_sah	PF01972.16	286	D3334.contig9_32	322	0.015
Phage_portal_2	PF05136.13	362	D3334.contig9_33	529	3.6e-90
THP2	PF09432.10	129	D3334.contig9_34	75	0.0094
DUF1192	PF06698.11	58	D3334.contig9_34	75	0.017
Methylase_S	PF01420.19	168	D3334.contig9_35	134	0.025
Phage_GPA	PF05840.13	318	D3334.contig10_1	419	2e-77
Flg_hook	PF02120.16	85	D3334.contig10_2	100	0.1
DUF1892	PF08987.10	109	D3334.contig10_4	81	0.0085
IF3_N	PF05198.16	70	D3334.contig10_4	81	0.051
Dam	PF05869.11	171	D3334.contig10_5	184	3.9e-61
HicA_toxin	PF07927.12	58	D3334.contig10_6	60	6.7e-23
HicB_lk_antitox	PF15919.5	123	D3334.contig10_7	136	2.9e-53
HicB-like_2	PF15970.5	81	D3334.contig10_7	136	0.016
SieB	PF14163.6	147	D3334.contig10_8	46	0.12
Phage_portal	PF04860.12	314	D3334.contig10_9	346	6.4e-11
Terminase_6	PF03237.15	215	D3334.contig10_10	608	6.8e-58
Terminase_6C	PF17289.2	155	D3334.contig10_10	608	9.5e-38
Terminase_5	PF06056.12	58	D3334.contig10_10	608	5.1e-22
Phage_GPO	PF05929.11	272	D3334.contig10_11	296	9.1e-49
Phage_cap_P2	PF05125.12	326	D3334.contig10_12	337	6.1e-99
Phage_term_smal	PF05944.12	130	D3334.contig10_13	282	1.2e-41
Phage_GPL	PF05926.11	139	D3334.contig10_14	151	5.4e-42
P2_Phage_GpR	PF06891.11	131	D3334.contig10_15	161	9.4e-29
DUF2586	PF10758.9	363	D3334.contig10_17	377	6.5e-177
DUF2597	PF10772.9	134	D3334.contig10_18	151	5e-60
Phage_holin_2_3	PF16080.5	56	D3334.contig10_19	78	1.1e-17
Phage_lysozyme	PF00959.19	109	D3334.contig10_20	187	1.6e-30
DUF1043	PF06295.12	123	D3334.contig10_21	111	5.8e-05
Histone_HNS	PF00816.21	92	D3334.contig10_21	111	0.00072
HemX	PF04375.14	338	D3334.contig10_21	111	0.0011
UPF0242	PF06785.11	193	D3334.contig10_21	111	0.0088
Phage_TAC_10	PF10963.8	82	D3334.contig10_22	103	7.9e-27
PhageMin_Tail	PF10145.9	198	D3334.contig10_23	704	5.5e-25
TMP_2	PF06791.13	205	D3334.contig10_23	704	0.028
DUF2590	PF10761.9	100	D3334.contig10_24	112	4.8e-44
Baseplate_J	PF04865.14	255	D3334.contig10_25	390	1.1e-28
Tail_P2_I	PF09684.10	136	D3334.contig10_26	175	6.3e-06
DUF3751	PF12571.8	150	D3334.contig10_27	599	4.9e-36
Phage_fiber_2	PF03406.13	42	D3334.contig10_27	599	2.4e-14
Phage_fiber_2	PF03406.13	42	D3334.contig10_27	599	2.4e-14
Inhibitor_I24	PF10465.9	140	D3334.contig10_31	182	0.071
Terminase_3	PF04466.13	201	D3334.contig11_2	416	1.1e-50
Terminase_3C	PF17288.2	155	D3334.contig11_2	416	1.5e-24
Phage_prot_Gp6	PF05133.14	420	D3334.contig11_3	478	6.2e-105
Phage_GP20	PF06810.11	149	D3334.contig11_4	213	1.5e-34
Phage_capsid	PF05065.13	280	D3334.contig11_5	323	6.5e-05
Phage_Mu_F	PF04233.14	112	D3334.contig11_6	631	3.8e-18
DUF3599	PF12206.8	116	D3334.contig11_9	121	0.0098
HK97-gp10_like	PF04883.12	81	D3334.contig11_10	122	9.8e-08
NPHI_C	PF08469.10	148	D3334.contig11_11	156	0.065
Phage_sheath_1C	PF17482.2	104	D3334.contig11_12	377	2e-09
Phage_sheath_1	PF04984.14	168	D3334.contig11_12	377	0.00013
SPOUT_MTase	PF02590.17	154	D3334.contig11_12	377	0.0035
DUF2001	PF09393.10	139	D3334.contig11_13	152	3.6e-35
Phage_TAC_5	PF08890.11	136	D3334.contig11_14	121	7.6e-10
PhageMin_Tail	PF10145.9	198	D3334.contig11_15	915	7.5e-53
DUF4488	PF14869.6	123	D3334.contig11_17	379	0.039
DUF2577	PF10844.8	98	D3334.contig11_18	141	5.2e-14
DUF2634	PF10934.8	105	D3334.contig11_19	143	2.8e-34
Baseplate_J	PF04865.14	255	D3334.contig11_20	345	2.2e-58
DUF2313	PF10076.9	163	D3334.contig11_21	210	7.4e-21
DUF3751	PF12571.8	150	D3334.contig11_22	334	1.7e-06
Collagen	PF01391.18	60	D3334.contig11_26	436	1.8e-34
Collagen	PF01391.18	60	D3334.contig11_26	436	1.8e-34
Collagen	PF01391.18	60	D3334.contig11_26	436	1.8e-34
Collagen	PF01391.18	60	D3334.contig11_26	436	1.8e-34
Collagen	PF01391.18	60	D3334.contig11_26	436	1.8e-34
Tropomyosin	PF00261.20	237	D3334.contig11_27	113	0.0023
SH3BP5	PF05276.14	231	D3334.contig11_27	113	0.01
Soyouz_module	PF14313.6	58	D3334.contig11_28	82	0.11
CHAP	PF05257.16	83	D3334.contig12_1	228	1.1e-07
SH3_3	PF08239.11	55	D3334.contig12_1	228	6.2e-06
SH3_5	PF08460.10	65	D3334.contig12_1	228	4.4e-05
Phage_holin_4_1	PF05105.12	114	D3334.contig12_2	124	4.4e-17
Podovirus_Gp16	PF05894.12	325	D3334.contig12_3	356	7.4e-57
Terminase_6	PF03237.15	215	D3334.contig12_3	356	1.9e-05
AAA_14	PF13173.6	131	D3334.contig12_3	356	0.0023
CHAP	PF05257.16	83	D3334.contig12_4	405	5.1e-09
Phage_lysozyme2	PF18013.1	143	D3334.contig12_4	405	0.00013
Lipase_GDSL	PF00657.22	200	D3334.contig12_5	516	3.3e-05
VasL	PF12486.8	147	D3334.contig12_6	61	0.0025
TraF_2	PF13729.6	280	D3334.contig12_8	200	0.0011
DUF2730	PF10805.8	102	D3334.contig12_8	200	0.0022
Phage_connector	PF05352.12	281	D3334.contig12_10	315	2.3e-39
Caud_tail_N	PF16838.5	116	D3334.contig12_11	747	0.0032
DNA_pol_B_2	PF03175.13	469	D3334.contig12_15	484	4.3e-27
HTH_Tnp_Mu_1	PF02316.16	142	D3334.contig12_16	323	0.036
Phi29_Phage_SSB	PF17427.2	123	D3334.contig12_17	146	2.8e-18
VWA	PF00092.28	175	D3334.contig12_17	146	0.0028
DUF3149	PF11346.8	40	D3334.contig12_22	56	0.0053
DUF2976	PF11190.8	88	D3334.contig12_22	56	0.023
Sigma70_r4	PF04545.16	50	D3334.contig12_25	81	0.0019
DUF1318	PF07027.12	92	D3334.contig12_25	81	0.033
CBM_4_9	PF02018.17	138	D3334.contig13_4	180	3.8e-12
DUF642	PF04862.12	157	D3334.contig13_4	180	9.6e-08
Glyco_hydro_25	PF01183.20	178	D3334.contig13_6	428	1e-19
LysM	PF01476.20	44	D3334.contig13_6	428	5.8e-14
LysM	PF01476.20	44	D3334.contig13_6	428	5.8e-14
CW_7	PF08230.11	40	D3334.contig13_6	428	2.2e-06
Phage_holin_Dp1	PF16938.5	63	D3334.contig13_7	78	1.2e-18
Phage_integrase	PF00589.22	172	D3334.contig13_8	413	2.1e-18
Phage_int_SAM_3	PF14659.6	58	D3334.contig13_8	413	6.5e-09
Phage_int_SAM_5	PF13102.6	99	D3334.contig13_8	413	0.005
HicA_toxin	PF07927.12	58	D3334.contig13_9	78	7.3e-14
SinI	PF08671.10	28	D3334.contig13_9	78	0.061
HicB_lk_antitox	PF15919.5	123	D3334.contig13_10	110	0.003
DUF1902	PF08972.11	75	D3334.contig13_10	110	0.0097
CDI	PF02234.19	49	D3334.contig13_11	164	0.032
Peptidase_M78	PF06114.13	123	D3334.contig13_12	126	0.00032
RNase_T	PF00929.24	165	D3334.contig13_13	528	4.9e-21
DUF5051	PF16473.5	166	D3334.contig13_13	528	7.3e-09
DNApol_Exo	PF18136.1	282	D3334.contig13_13	528	0.0069
Peptidase_M78	PF06114.13	123	D3334.contig13_14	126	0.0066
HTH_31	PF13560.6	64	D3334.contig13_15	155	0.003
HTH_3	PF01381.22	55	D3334.contig13_15	155	0.0053
HTH_38	PF13936.6	44	D3334.contig13_16	88	0.00098
Bro-N	PF02498.17	95	D3334.contig13_20	269	3.5e-27
ANT	PF03374.14	108	D3334.contig13_20	269	8.4e-20
P22_AR_N	PF10547.9	114	D3334.contig13_20	269	0.014
HTH_17	PF12728.7	51	D3334.contig13_22	78	0.0011
CDC37_M	PF08565.11	118	D3334.contig13_24	57	0.039
DNA_photolyase	PF00875.18	164	D3334.contig13_26	83	0.0014
MerC	PF03203.14	117	D3334.contig13_26	83	0.037
MdcG	PF10620.9	199	D3334.contig13_27	134	0.12
SSB	PF00436.25	104	D3334.contig13_28	172	2.8e-27
tRNA_anti-codon	PF01336.25	76	D3334.contig13_28	172	0.0055
Intimin_C	PF07979.11	101	D3334.contig13_29	239	0.099
HTH_36	PF13730.6	55	D3334.contig13_31	295	3e-13
HTH_29	PF13551.6	63	D3334.contig13_31	295	2.6e-05
HTH_Crp_2	PF13545.6	68	D3334.contig13_31	295	7e-05
GntR	PF00392.21	64	D3334.contig13_31	295	7.2e-05
MarR_2	PF12802.7	62	D3334.contig13_31	295	0.00012
HTH_24	PF13412.6	48	D3334.contig13_31	295	0.0013
RNase_T	PF00929.24	165	D3334.contig13_32	114	5.2e-07
LPD3	PF18798.1	116	D3334.contig14_1	1637	7.4e-07
ART-PolyVal	PF18760.1	137	D3334.contig14_1	1637	0.0013
DUF3990	PF13151.6	152	D3334.contig14_1	1637	0.0017
NLPC_P60	PF00877.19	105	D3334.contig14_2	731	2.1e-10
DUF3987	PF13148.6	365	D3334.contig14_3	219	0.043
DUF2833	PF11090.8	86	D3334.contig14_4	163	1.8e-05
F5_F8_type_C	PF00754.25	127	D3334.contig14_5	770	0.012
Phage_capsid	PF05065.13	280	D3334.contig14_9	332	3.3e-05
Head-tail_con	PF12236.8	481	D3334.contig14_12	574	4.5e-136
Terminase_6	PF03237.15	215	D3334.contig14_14	485	0.024
Terminase_2	PF03592.16	140	D3334.contig14_15	147	7.3e-34
DUF1340	PF07067.11	236	D3334.contig14_15	147	0.0039
RXLR	PF16810.5	141	D3334.contig14_15	147	0.037
Herpes_glycop_D	PF01537.17	124	D3334.contig14_16	97	0.065
GPCR_chapero_1	PF11904.8	307	D3334.contig15_2	124	0.029
MapZ_C2	PF18708.1	92	D3334.contig15_3	89	0.029
HTH_24	PF13412.6	48	D3334.contig15_4	77	0.043
Resolvase	PF00239.21	146	D3334.contig15_5	196	5.1e-35
HemY_N	PF07219.13	107	D3334.contig15_6	80	0.0034
STE3	PF02076.15	289	D3334.contig15_6	80	0.0065
Terminase_6C	PF17289.2	155	D3334.contig15_7	572	0.00014
DUF4265	PF14085.6	116	D3334.contig15_7	572	0.014
Phage_prot_Gp6	PF05133.14	420	D3334.contig15_8	466	8.6e-69
Phage_Mu_F	PF04233.14	112	D3334.contig15_10	192	1.5e-09
PheRS_DBD2	PF18554.1	33	D3334.contig15_15	182	0.037
DUF5055	PF16478.5	105	D3334.contig15_18	110	1.7e-29
Zn_ribbon_2	PF12674.7	82	D3334.contig15_19	108	0.059
DUF3751	PF12571.8	150	D3334.contig16_1	317	4.8e-05
DUF2313	PF10076.9	163	D3334.contig16_2	206	2.1e-09
ANAPC2	PF08672.11	60	D3334.contig16_2	206	0.017
Baseplate_J	PF04865.14	255	D3334.contig16_3	360	4.9e-63
DUF2634	PF10934.8	105	D3334.contig16_4	146	1.8e-23
DUF2577	PF10844.8	98	D3334.contig16_5	126	2.4e-14
Plk4_PB1	PF18190.1	108	D3334.contig16_7	221	0.034
Phage_TAC_5	PF08890.11	136	D3334.contig16_9	126	3.3e-05
DUF2001	PF09393.10	139	D3334.contig16_10	144	5.6e-40
Phage_sheath_1C	PF17482.2	104	D3334.contig16_11	372	4.2e-20
HK97-gp10_like	PF04883.12	81	D3334.contig16_13	153	2.1e-05
Phage_H_T_join	PF05521.11	96	D3334.contig16_14	115	1.6e-10
Phage_connect_1	PF05135.13	99	D3334.contig16_15	98	3.4e-05
Phage_capsid	PF05065.13	280	D3334.contig16_17	393	2.1e-45
FlgN	PF05130.12	146	D3334.contig16_17	393	0.0099
Peptidase_S78	PF04586.17	163	D3334.contig16_18	201	5.7e-30
Phage_portal	PF04860.12	314	D3334.contig16_19	417	7.7e-45
Terminase_1	PF03354.15	468	D3334.contig16_20	555	4.2e-58
Terminase_4	PF05119.12	99	D3334.contig16_21	154	4.5e-09
Pantoate_transf	PF02548.15	259	D3334.contig16_21	154	0.02
Amdase	PF17645.1	217	D3334.contig16_21	154	0.034
Phage_sheath_1	PF04984.14	168	D3334.contig17_2	393	6.2e-18
Phage_sheath_1C	PF17482.2	104	D3334.contig17_2	393	4.1e-07
Phage_tube	PF04985.14	166	D3334.contig17_3	169	5.9e-39
DUF1344	PF07076.11	60	D3334.contig17_4	123	0.00085
PhageMin_Tail	PF10145.9	198	D3334.contig17_5	887	7.9e-33
Phage_P2_GpU	PF06995.11	120	D3334.contig17_6	151	2e-33
Phage_GPD	PF05954.11	304	D3334.contig17_7	424	3.2e-23
Phage-tail_3	PF13550.6	164	D3334.contig17_7	424	5.9e-05
HTH_3	PF01381.22	55	D3334.contig17_10	165	2.3e-13
HTH_31	PF13560.6	64	D3334.contig17_10	165	4.9e-13
HTH_19	PF12844.7	65	D3334.contig17_10	165	6e-07
HTH_26	PF13443.6	63	D3334.contig17_10	165	4e-06
HTH_25	PF13413.6	62	D3334.contig17_10	165	0.00015
HTH_37	PF13744.6	80	D3334.contig17_10	165	0.0029
HalOD1	PF18545.1	75	D3334.contig17_12	141	0.097
HTH_37	PF13744.6	80	D3334.contig17_13	144	3.5e-07
HTH_26	PF13443.6	63	D3334.contig17_13	144	3.7e-07
HTH_3	PF01381.22	55	D3334.contig17_13	144	9.7e-07
HTH_23	PF13384.6	50	D3334.contig17_13	144	0.00011
HTH_24	PF13412.6	48	D3334.contig17_13	144	0.00025
HTH_10	PF04967.12	53	D3334.contig17_13	144	0.00029
MarR_2	PF12802.7	62	D3334.contig17_13	144	0.00044
KorB	PF08535.10	89	D3334.contig17_13	144	0.00078
MarR	PF01047.22	59	D3334.contig17_13	144	0.00096
HTH_19	PF12844.7	65	D3334.contig17_13	144	0.0017
Fe_dep_repress	PF01325.19	60	D3334.contig17_13	144	0.0019
DUF2316	PF10078.9	89	D3334.contig17_13	144	0.002
HTH_31	PF13560.6	64	D3334.contig17_13	144	0.0051
TerB	PF05099.13	144	D3334.contig17_17	213	1.4e-08
WYL	PF13280.6	172	D3334.contig17_17	213	0.0092
Peptidase_S24	PF00717.23	70	D3334.contig17_18	230	5.8e-08
Phage_CI_repr	PF07022.13	65	D3334.contig17_18	230	5.1e-06
HTH_3	PF01381.22	55	D3334.contig17_18	230	3.4e-05
P22_Cro	PF14549.6	60	D3334.contig17_19	64	1.2e-07
YdaS_antitoxin	PF15943.5	65	D3334.contig17_19	64	1.8e-05
DNA_pol3_delta2	PF13177.6	163	D3334.contig17_20	70	0.12
LTXXQ	PF07813.12	104	D3334.contig17_21	102	0.027
Ogr_Delta	PF04606.12	47	D3334.contig17_22	102	7.2e-10
Lar_restr_allev	PF14354.6	62	D3334.contig17_22	102	0.011
DUF5397	PF17375.2	64	D3334.contig17_25	91	0.061
Arm-DNA-bind_3	PF13356.6	74	D3334.contig17_27	404	4.9e-14
Phage_integrase	PF00589.22	172	D3334.contig17_27	404	1.1e-08
ddrB-ParB	PF18763.1	124	D3334.contig18_2	2797	8.3e-37
MuF_C	PF18819.1	103	D3334.contig18_2	2797	8.2e-29
LPD3	PF18798.1	116	D3334.contig18_2	2797	1.8e-24
LPD38	PF18857.1	188	D3334.contig18_2	2797	8.1e-24
ART-PolyVal	PF18760.1	137	D3334.contig18_2	2797	1.8e-23
P22_AR_N	PF10547.9	114	D3334.contig18_3	173	4.2e-42
HNH	PF01844.23	47	D3334.contig19_1	132	3e-05
DUF1492	PF07374.11	100	D3334.contig19_3	146	7.4e-05
dUTPase	PF00692.19	129	D3334.contig19_5	148	4.1e-17
HTH_38	PF13936.6	44	D3334.contig19_6	142	5.7e-08
HTH_7	PF02796.15	45	D3334.contig19_6	142	3.5e-07
HTH_23	PF13384.6	50	D3334.contig19_6	142	8.4e-07
Sigma70_r4_2	PF08281.12	54	D3334.contig19_6	142	2.4e-05
HTH_28	PF13518.6	52	D3334.contig19_6	142	0.00012
Sigma70_r4	PF04545.16	50	D3334.contig19_6	142	0.00013
HTH_50	PF18024.1	50	D3334.contig19_6	142	0.00057
HTH_3	PF01381.22	55	D3334.contig19_6	142	0.00081
HTH_11	PF08279.12	55	D3334.contig19_6	142	0.0011
HTH_psq	PF05225.16	45	D3334.contig19_6	142	0.0019
DNA_methylase	PF00145.17	335	D3334.contig19_8	253	1.2e-06
LOB	PF03195.14	99	D3334.contig19_9	69	0.077
SSB	PF00436.25	104	D3334.contig19_10	128	1.5e-33
tRNA_anti-codon	PF01336.25	76	D3334.contig19_10	128	0.058
DUF3685	PF12452.8	192	D3334.contig19_14	70	0.018
HNH	PF01844.23	47	D3334.contig19_15	95	3.4e-09
HNH_5	PF14279.6	56	D3334.contig19_15	95	5.7e-05
Transpos_assoc	PF13963.6	74	D3334.contig19_15	95	0.01
NinB	PF05772.12	131	D3334.contig19_16	184	0.0012
ERF	PF04404.12	153	D3334.contig19_17	192	1.2e-34
Sipho_Gp157	PF05565.11	163	D3334.contig19_18	163	4.6e-46
PI3K_P85_iSH2	PF16454.5	161	D3334.contig19_18	163	0.00026
YadA_head	PF05658.14	27	D3334.contig19_19	545	5.1e-19
YadA_head	PF05658.14	27	D3334.contig19_19	545	5.1e-19
YadA_stalk	PF05662.14	43	D3334.contig19_19	545	2e-08
YadA_anchor	PF03895.15	60	D3334.contig19_19	545	9.2e-08
Fib_alpha	PF08702.10	143	D3334.contig19_19	545	0.015
ANT	PF03374.14	108	D3334.contig19_23	250	8.6e-28
AntA	PF08346.12	68	D3334.contig19_23	250	7.3e-21
HTH_3	PF01381.22	55	D3334.contig19_24	66	1.1e-12
HTH_26	PF13443.6	63	D3334.contig19_24	66	1.1e-11
HTH_19	PF12844.7	65	D3334.contig19_24	66	1.9e-08
HTH_31	PF13560.6	64	D3334.contig19_24	66	1.5e-06
HNF-1_N	PF04814.13	194	D3334.contig19_24	66	2.9e-06
Bac_DnaA_C	PF08299.11	69	D3334.contig19_24	66	0.00036
HTH_3	PF01381.22	55	D3334.contig19_25	129	8.3e-12
HTH_19	PF12844.7	65	D3334.contig19_25	129	2.7e-09
HTH_26	PF13443.6	63	D3334.contig19_25	129	6.5e-09
HTH_31	PF13560.6	64	D3334.contig19_25	129	0.0063
Peptidase_M78	PF06114.13	123	D3334.contig19_26	87	0.0022
Phage_integrase	PF00589.22	172	D3334.contig19_27	364	3e-17
Arm-DNA-bind_4	PF14657.6	46	D3334.contig19_27	364	0.0005
DUF2570	PF10828.8	108	D3334.contig19_28	145	0.014
Amidase_2	PF01510.25	126	D3334.contig19_29	181	6.4e-10
N6_N4_Mtase	PF01555.18	231	D3334.contig20_1	122	3e-21
Pribosyltran	PF00156.27	159	D3334.contig20_1	122	0.0014
RusA	PF05866.11	124	D3334.contig20_5	134	1.3e-07
dUTPase	PF00692.19	129	D3334.contig20_6	151	2.8e-26
HTH_3	PF01381.22	55	D3334.contig20_11	62	7.1e-06
HTH_31	PF13560.6	64	D3334.contig20_11	62	0.0089
HTH_23	PF13384.6	50	D3334.contig20_12	124	0.00013
HTH_Tnp_1_2	PF13022.6	123	D3334.contig20_12	124	0.00039
GP3_package	PF16677.5	113	D3334.contig20_12	124	0.00047
GerE	PF00196.19	57	D3334.contig20_12	124	0.0099
HTH_Tnp_1	PF01527.20	75	D3334.contig20_12	124	0.015
Terminase_6	PF03237.15	215	D3334.contig20_13	451	3e-09
Terminase_3	PF04466.13	201	D3334.contig20_13	451	6.5e-08
P22_portal	PF16510.5	668	D3334.contig20_15	660	2.8e-05
baeRF_family11	PF18855.1	139	D3334.contig20_16	301	0.0065
DUF4043	PF13252.6	353	D3334.contig20_17	328	1.8e-35
DUF4043	PF13252.6	353	D3334.contig20_17	328	1.8e-35
Pectate_lyase_3	PF12708.7	215	D3334.contig20_22	156	0.0052
FRP	PF18032.1	99	D3334.contig21_1	132	0.003
TerB_N	PF13208.6	209	D3334.contig21_6	78	0.025
Cytochrom_C1	PF02167.15	219	D3334.contig21_8	115	0.12
E2F_CC-MB	PF16421.5	95	D3334.contig21_9	44	0.013
FlbD	PF06289.11	59	D3334.contig21_10	63	4.1e-06
SSB	PF00436.25	104	D3334.contig21_11	145	3.4e-42
DUF1071	PF06378.11	148	D3334.contig21_12	219	4.8e-51
FAP206	PF12018.8	276	D3334.contig21_12	219	0.029
DNA_pol_B_exo2	PF10108.9	213	D3334.contig21_13	217	1e-16
RNase_H_2	PF13482.6	166	D3334.contig21_13	217	5.4e-08
DNA_pol_A_exo1	PF01612.20	176	D3334.contig21_13	217	0.0025
BLI1	PF17324.2	111	D3334.contig21_15	103	0.0011
IMPa_helical	PF18642.1	109	D3334.contig21_15	103	0.032
CdvA	PF18822.1	123	D3334.contig21_21	276	0.00046
Peptidase_S24	PF00717.23	70	D3334.contig21_22	243	5.4e-15
HTH_3	PF01381.22	55	D3334.contig21_22	243	0.00023
HTH_19	PF12844.7	65	D3334.contig21_22	243	0.00039
YdaS_antitoxin	PF15943.5	65	D3334.contig21_23	74	6.5e-17
HTH_3	PF01381.22	55	D3334.contig21_23	74	1.9e-08
LacI	PF00356.21	46	D3334.contig21_23	74	9.2e-05
HTH_19	PF12844.7	65	D3334.contig21_23	74	0.0013
Phage_CI_repr	PF07022.13	65	D3334.contig21_23	74	0.0029
HTH_39	PF14090.6	70	D3334.contig21_24	83	1.5e-13
DUF4364	PF14277.6	162	D3334.contig21_25	265	0.0017
DnaB_C	PF03796.15	255	D3334.contig21_26	487	5.5e-62
DnaB	PF00772.21	103	D3334.contig21_26	487	2.9e-29
AAA_25	PF13481.6	194	D3334.contig21_26	487	1.2e-08
ATPase	PF06745.13	231	D3334.contig21_26	487	0.0026
NinB	PF05772.12	131	D3334.contig21_27	140	1.3e-47
NinG	PF05766.12	186	D3334.contig21_28	195	2.2e-53
Phage_antitermQ	PF06530.12	118	D3334.contig21_29	123	1.6e-11
DUF1492	PF07374.11	100	D3334.contig21_29	123	3.2e-05
Phage_holin_2_3	PF16080.5	56	D3334.contig21_31	86	3.4e-06
Phage_holin_2_4	PF16082.5	76	D3334.contig21_31	86	0.00015
Phage_holin_2_1	PF04971.12	64	D3334.contig21_31	86	0.0052
G0-G1_switch_2	PF15103.6	105	D3334.contig21_31	86	0.0078
Phage_lysozyme	PF00959.19	109	D3334.contig21_32	188	9.1e-27
DUF2570	PF10828.8	108	D3334.contig21_33	111	2.6e-31
O-antigen_lig	PF13425.6	468	D3334.contig21_33	111	0.022
DUF1877	PF08974.10	165	D3334.contig22_1	173	0.01
PsbQ	PF05757.11	200	D3334.contig22_1	173	0.019
DUF3310	PF11753.8	60	D3334.contig22_3	193	1.3e-22
HTH_7	PF02796.15	45	D3334.contig22_4	92	0.00011
HTH_8	PF02954.19	42	D3334.contig22_4	92	0.003
HTH_38	PF13936.6	44	D3334.contig22_4	92	0.012
RusA	PF05866.11	124	D3334.contig22_5	253	1.4e-21
Rubredoxin_2	PF18073.1	28	D3334.contig22_6	65	0.063
AAA_25	PF13481.6	194	D3334.contig22_7	703	3.3e-35
PriCT_2	PF08707.11	77	D3334.contig22_7	703	1.3e-21
AAA_24	PF13479.6	197	D3334.contig22_7	703	0.0024
Helicase_C	PF00271.31	111	D3334.contig22_8	454	5.8e-16
ResIII	PF04851.15	171	D3334.contig22_8	454	1.9e-12
SWI2_SNF2	PF18766.1	224	D3334.contig22_8	454	1.7e-07
DEAD	PF00270.29	176	D3334.contig22_8	454	0.0073
DUF669	PF05037.13	141	D3334.contig22_9	154	0.074
AAA_24	PF13479.6	197	D3334.contig22_10	364	2.6e-65
AAA_23	PF13476.6	200	D3334.contig22_11	457	2.7e-09
AAA_15	PF13175.6	369	D3334.contig22_11	457	3.1e-08
SMC_N	PF02463.19	220	D3334.contig22_11	457	4.5e-07
AAA_29	PF13555.6	61	D3334.contig22_11	457	0.00023
AAA_21	PF13304.6	303	D3334.contig22_11	457	0.0037
V_ATPase_I	PF01496.19	813	D3334.contig22_11	457	0.0078
DUF1573	PF07610.11	98	D3334.contig22_12	81	0.066
YadA_head	PF05658.14	27	D3334.contig22_13	550	5.4e-17
YadA_head	PF05658.14	27	D3334.contig22_13	550	5.4e-17
YadA_head	PF05658.14	27	D3334.contig22_13	550	5.4e-17
YadA_head	PF05658.14	27	D3334.contig22_13	550	5.4e-17
YadA_stalk	PF05662.14	43	D3334.contig22_13	550	7.3e-15
YadA_stalk	PF05662.14	43	D3334.contig22_13	550	7.3e-15
YadA_anchor	PF03895.15	60	D3334.contig22_13	550	1.1e-07
HTH_17	PF12728.7	51	D3334.contig22_14	65	5.2e-10
MerR_1	PF13411.6	69	D3334.contig22_14	65	0.0027
HTH_31	PF13560.6	64	D3334.contig22_15	91	1.5e-07
HTH_3	PF01381.22	55	D3334.contig22_15	91	3.3e-06
HTH_23	PF13384.6	50	D3334.contig22_15	91	0.033
HTH_26	PF13443.6	63	D3334.contig22_16	127	4.6e-05
HTH_3	PF01381.22	55	D3334.contig22_16	127	0.00071
BetR	PF08667.10	148	D3334.contig22_16	127	0.001
Peptidase_M78	PF06114.13	123	D3334.contig22_17	92	0.0003
SWIM	PF04434.17	40	D3334.contig22_18	369	0.00062
LPD38	PF18857.1	188	D3334.contig23_1	1085	1.2e-45
Phage_holin_4_1	PF05105.12	114	D3334.contig23_2	178	4.7e-06
Glyco_hydro_25	PF01183.20	178	D3334.contig23_3	199	5.8e-27
HHH_3	PF12836.7	65	D3334.contig23_4	191	0.023
Phage_integrase	PF00589.22	172	D3334.contig23_6	357	8.3e-21
Phage_int_SAM_3	PF14659.6	58	D3334.contig23_6	357	7e-11
Arm-DNA-bind_4	PF14657.6	46	D3334.contig23_6	357	9.6e-08
Peptidase_U4	PF03419.13	284	D3334.contig23_7	89	0.0021
DUF2254	PF10011.9	366	D3334.contig23_7	89	0.0035
RseC_MucC	PF04246.12	130	D3334.contig23_7	89	0.0048
Peptidase_M78	PF06114.13	123	D3334.contig23_8	151	7.4e-10
HTH_3	PF01381.22	55	D3334.contig23_9	126	2.8e-10
HTH_26	PF13443.6	63	D3334.contig23_9	126	4.7e-09
HTH_19	PF12844.7	65	D3334.contig23_9	126	8e-07
BetR	PF08667.10	148	D3334.contig23_9	126	0.0028
HTH_3	PF01381.22	55	D3334.contig23_10	61	4.4e-14
HTH_26	PF13443.6	63	D3334.contig23_10	61	2.5e-13
HTH_19	PF12844.7	65	D3334.contig23_10	61	2.1e-08
HTH_31	PF13560.6	64	D3334.contig23_10	61	4.9e-06
HTH_37	PF13744.6	80	D3334.contig23_10	61	0.0095
BetR	PF08667.10	148	D3334.contig23_10	61	0.012
HTH_17	PF12728.7	51	D3334.contig23_11	99	1.9e-09
AbiEi_4	PF13338.6	49	D3334.contig23_11	99	4.1e-06
HALZ	PF02183.18	43	D3334.contig23_11	99	0.0044
DUF3464	PF11947.8	150	D3334.contig23_12	65	0.025
DUF1351	PF07083.11	210	D3334.contig23_13	304	1.6e-21
ERF	PF04404.12	153	D3334.contig23_14	188	7e-29
HNH	PF01844.23	47	D3334.contig23_16	97	2e-10
HNH_5	PF14279.6	56	D3334.contig23_16	97	2.7e-08
HNH_2	PF13391.6	72	D3334.contig23_16	97	0.00094
DUF968	PF06147.11	200	D3334.contig23_16	97	0.01
ABC_tran_Xtn	PF12848.7	85	D3334.contig23_17	60	0.002
Phage_rep_org_N	PF09681.10	121	D3334.contig23_18	272	1.6e-24
DUF4373	PF14297.6	96	D3334.contig23_18	272	0.0036
SSB	PF00436.25	104	D3334.contig23_20	131	1.6e-32
Corona_5a	PF06336.11	64	D3334.contig24_1	81	0.067
KilA-N	PF04383.13	112	D3334.contig24_2	267	2.1e-16
P22_AR_C	PF10548.9	73	D3334.contig24_2	267	5.1e-15
ORF6C	PF10552.9	114	D3334.contig24_2	267	3.6e-09
HTH_17	PF12728.7	51	D3334.contig24_3	102	0.011
Phage_integrase	PF00589.22	172	D3334.contig24_4	329	8.3e-26
Phage_int_SAM_1	PF02899.17	84	D3334.contig24_4	329	1.3e-05
Phage_int_SAM_5	PF13102.6	99	D3334.contig24_4	329	7.6e-05
WxL	PF13731.6	212	D3334.contig24_8	125	0.092
Phage-tail_3	PF13550.6	164	D3334.contig24_10	1365	9.1e-37
Lambda_tail_I	PF06805.12	86	D3334.contig24_11	206	1.7e-05
NLPC_P60	PF00877.19	105	D3334.contig24_12	245	2.2e-16
Prok-JAB	PF14464.6	118	D3334.contig24_12	245	9.5e-09
RadC	PF04002.15	122	D3334.contig24_12	245	0.0008
LRAT	PF04970.13	127	D3334.contig24_12	245	0.016
Phage_tail_L	PF05100.12	206	D3334.contig24_13	237	6.3e-69
Phage_min_tail	PF05939.13	108	D3334.contig24_14	109	2.7e-32
DUF2460	PF09343.10	200	D3334.contig24_14	109	0.0013
Tape_meas_lam_C	PF09718.10	76	D3334.contig24_15	535	1.1e-21
Blt1	PF12754.7	150	D3334.contig25_3	199	0.008
DUF3751	PF12571.8	150	D3334.contig25_4	597	7.3e-56
NAGPA	PF09992.9	170	D3334.contig25_4	597	1.7e-20
Tail_P2_I	PF09684.10	136	D3334.contig25_5	213	2.1e-38
Glyco_hydro_cc	PF11790.8	239	D3334.contig25_5	213	0.045
Baseplate_J	PF04865.14	255	D3334.contig25_6	304	2.1e-20
GPW_gp25	PF04965.14	95	D3334.contig25_7	112	2.7e-14
Phage_base_V	PF04717.12	112	D3334.contig25_8	205	1.7e-37
Phage_spike	PF18715.1	54	D3334.contig25_8	205	2.7e-09
Phage_tail_S	PF05069.13	148	D3334.contig25_10	217	2.8e-10
Phage_tail_S	PF05069.13	148	D3334.contig25_10	217	2.8e-10
P2_Phage_GpR	PF06891.11	131	D3334.contig25_11	157	1.4e-29
SRTM1	PF15872.5	103	D3334.contig25_12	78	0.095
BST2	PF16716.5	91	D3334.contig25_13	103	0.0014
Atg14	PF10186.9	319	D3334.contig25_13	103	0.0028
TadF	PF16964.5	187	D3334.contig25_13	103	0.0038
Amidase_3	PF01520.18	175	D3334.contig25_14	177	1e-18
Phage_holin_3_7	PF05449.11	80	D3334.contig25_15	93	3.9e-07
Phage_holin_8	PF16931.5	123	D3334.contig25_16	114	9.4e-13
Phage_tail_X	PF05489.12	60	D3334.contig25_17	73	1.1e-08
Phage_GPL	PF05926.11	139	D3334.contig25_18	162	3.9e-39
Phage_term_smal	PF05944.12	130	D3334.contig25_19	221	2.2e-29
MIT	PF04212.18	65	D3334.contig25_19	221	0.0091
AgI_II_C2	PF17998.1	178	D3334.contig25_19	221	0.017
Phage_cap_P2	PF05125.12	326	D3334.contig25_20	334	2.2e-107
Resolvase	PF00239.21	146	D3334.contig26_1	288	3.8e-31
Recombinase	PF07508.13	104	D3334.contig26_1	288	1.3e-13
HTH_3	PF01381.22	55	D3334.contig26_2	73	0.00011
HTH_26	PF13443.6	63	D3334.contig26_2	73	0.0014
HTH_31	PF13560.6	64	D3334.contig26_2	73	0.0023
HTH_19	PF12844.7	65	D3334.contig26_2	73	0.0063
HTH_31	PF13560.6	64	D3334.contig26_3	82	0.00072
HTH_19	PF12844.7	65	D3334.contig26_3	82	0.014
HTH_3	PF01381.22	55	D3334.contig26_3	82	0.016
BetR	PF08667.10	148	D3334.contig26_4	109	6.5e-06
HTH_26	PF13443.6	63	D3334.contig26_4	109	0.00025
HTH_8	PF02954.19	42	D3334.contig26_4	109	0.0026
DUF739	PF05339.11	69	D3334.contig26_4	109	0.0056
Phage_holin_4_2	PF04020.13	105	D3334.contig26_5	124	0.0067
Phage_Arf	PF17585.2	47	D3334.contig26_8	75	0.018
DZR	PF12773.7	49	D3334.contig26_9	91	0.0012
zinc_ribbon_15	PF17032.5	86	D3334.contig26_9	91	0.0043
Zn-ribbon_8	PF09723.10	40	D3334.contig26_10	132	0.00038
zf-ribbon_3	PF13248.6	26	D3334.contig26_10	132	0.0014
Agouti	PF05039.12	91	D3334.contig26_13	81	0.085
ATP-synt_D	PF01813.17	196	D3334.contig26_17	98	0.025
DUF4580	PF15162.6	162	D3334.contig26_20	171	0.059
Phage_integrase	PF00589.22	172	D3334.contig26_23	392	7.1e-24
Phage_int_SAM_5	PF13102.6	99	D3334.contig26_23	392	0.00051
Phage_holin_3_6	PF07332.11	113	D3334.contig26_26	83	0.0091
DUF3310	PF11753.8	60	D3334.contig26_29	144	2.7e-09
Rnk_N	PF14760.6	41	D3334.contig26_31	73	0.019
HNH_3	PF13392.6	46	D3334.contig26_32	284	1.2e-08
Death	PF00531.22	86	D3334.contig26_32	284	0.024
N6_N4_Mtase	PF01555.18	231	D3334.contig27_1	462	1e-28
ParBc	PF02195.18	90	D3334.contig27_1	462	3.2e-11
Terminase_5	PF06056.12	58	D3334.contig27_2	243	4.4e-05
Sigma70_r4_2	PF08281.12	54	D3334.contig27_2	243	0.0002
HTH_23	PF13384.6	50	D3334.contig27_2	243	0.00036
HTH_28	PF13518.6	52	D3334.contig27_2	243	0.0063
Terminase_6	PF03237.15	215	D3334.contig27_3	475	2.2e-05
Terminase_6C	PF17289.2	155	D3334.contig27_3	475	3.6e-05
Ntox50	PF15542.6	93	D3334.contig27_5	529	2.7e-13
Phage_GP20	PF06810.11	149	D3334.contig27_7	210	0.00013
LCIB_C_CA	PF18599.1	222	D3334.contig27_7	210	0.011
Ribosomal_S26e	PF01283.19	108	D3334.contig27_11	129	0.036
Phage_tail_2	PF06199.11	135	D3334.contig27_13	158	2e-21
Phage_TTP_12	PF16461.5	134	D3334.contig27_13	158	0.0002
POTRA_1	PF08478.10	69	D3334.contig27_15	62	0.11
Pacs-1	PF10254.9	414	D3334.contig28_1	156	0.081
DUF2098	PF09871.9	94	D3334.contig28_5	114	0.0078
DUF848	PF05852.11	145	D3334.contig28_10	120	0.0017
AAA_25	PF13481.6	194	D3334.contig28_13	362	3e-18
NACHT	PF05729.12	166	D3334.contig28_13	362	1.6e-05
ATPase	PF06745.13	231	D3334.contig28_13	362	2.1e-05
DnaB_C	PF03796.15	255	D3334.contig28_13	362	0.00013
CAP	PF00188.26	126	D3334.contig28_17	125	0.016
PAX	PF00292.18	125	D3334.contig28_18	73	0.012
SCP2	PF02036.17	101	D3334.contig28_19	66	0.13
DUF551	PF04448.12	69	D3334.contig28_28	123	6.6e-06
DSPc	PF00782.20	133	D3334.contig29_2	156	0.084
Phage_Gp15	PF06854.11	170	D3334.contig29_7	186	1.4e-19
VipB	PF05943.12	422	D3334.contig29_8	157	0.0042
Minor_capsid_2	PF11114.8	114	D3334.contig29_11	164	1.3e-05
Phage_pRha	PF09669.10	88	D3334.contig29_12	220	1.2e-27
GCP_N_terminal	PF17681.1	306	D3334.contig29_12	220	0.0025
Phage_holin_5_2	PF16079.5	75	D3334.contig29_14	88	5e-23
Phage_holin_5_1	PF06946.11	93	D3334.contig29_14	88	2.7e-05
DUF4054	PF13262.6	107	D3334.contig29_15	154	0.0034
LGT	PF01790.18	242	D3334.contig30_1	209	6.2e-41
GIDA	PF01134.22	392	D3334.contig30_4	612	5.8e-150
GIDA_assoc	PF13932.6	210	D3334.contig30_4	612	2.5e-55
FAD_oxidored	PF12831.7	433	D3334.contig30_4	612	9.5e-13
Pyr_redox_2	PF07992.14	294	D3334.contig30_4	612	1.7e-07
FAD_binding_2	PF00890.24	417	D3334.contig30_4	612	4.4e-05
Pyr_redox	PF00070.27	81	D3334.contig30_4	612	0.0039
Mating_N	PF12731.7	95	D3334.contig30_5	158	0.0069
Retrotrans_gag	PF03732.17	96	D3334.contig30_5	158	0.019
Glycos_transf_4	PF00953.21	160	D3334.contig30_6	355	3.3e-33
MraY_sig1	PF10555.9	13	D3334.contig30_6	355	1.3e-05
PNTB	PF02233.16	460	D3334.contig30_7	135	0.12
AA_permease_2	PF13520.6	425	D3334.contig30_8	429	3.8e-33
AA_permease	PF00324.21	479	D3334.contig30_8	429	6e-14
SpoU_methylase	PF00588.19	142	D3334.contig30_9	248	3.4e-29
TGT	PF01702.18	350	D3334.contig30_10	377	1.9e-105
Vut_1	PF02592.15	150	D3334.contig30_11	253	4.3e-25
Metallophos	PF00149.28	204	D3334.contig31_1	386	8.4e-18
Pur_ac_phosph_N	PF16656.5	94	D3334.contig31_1	386	2e-06
Metallophos_2	PF12850.7	165	D3334.contig31_1	386	0.0002
Rubredoxin	PF00301.20	47	D3334.contig31_2	55	3.4e-26
PHD_4	PF16866.5	68	D3334.contig31_2	55	0.0032
Lactamase_B	PF00753.27	197	D3334.contig31_3	397	1.1e-10
Flavodoxin_1	PF00258.25	143	D3334.contig31_3	397	7.6e-10
Lactamase_B_2	PF12706.7	201	D3334.contig31_3	397	7.1e-09
Lactamase_B_6	PF16661.5	193	D3334.contig31_3	397	0.00089
FMN_red	PF03358.15	155	D3334.contig31_3	397	0.0014
Lipocalin_4	PF13648.6	89	D3334.contig31_5	137	0.029
Proton_antipo_M	PF00361.20	293	D3334.contig31_6	499	1.1e-66
DUF2897	PF11446.8	54	D3334.contig31_6	499	0.016
Proton_antipo_M	PF00361.20	293	D3334.contig31_7	501	1.1e-64
Proton_antipo_M	PF00361.20	293	D3334.contig31_8	661	7.8e-73
Proton_antipo_N	PF00662.20	58	D3334.contig31_8	661	1.8e-21
Oxidored_q2	PF00420.24	105	D3334.contig31_9	36	1.3e-06
DUF2671	PF10877.8	86	D3334.contig32_2	89	0.067
AAA_22	PF13401.6	137	D3334.contig32_5	294	3.4e-11
TniB	PF05621.11	189	D3334.contig32_5	294	0.0058
AAA_25	PF13481.6	194	D3334.contig32_7	221	0.00017
Thymidylate_kin	PF02223.17	185	D3334.contig32_7	221	0.0028
ELM2	PF01448.24	53	D3334.contig32_8	74	0.086
DUF4406	PF14359.6	91	D3334.contig32_9	157	9.4e-25
Nuc_deoxyrib_tr	PF05014.15	131	D3334.contig32_9	157	6.8e-06
DUF1566	PF07603.11	115	D3334.contig32_11	141	0.11
CSN8_PSD8_EIF3K	PF10075.9	144	D3334.contig32_12	62	0.086
DUF3164	PF11363.8	194	D3334.contig32_14	221	2.4e-07
bPH_6	PF10756.9	73	D3334.contig32_15	90	0.038
Phage_tail_S	PF05069.13	148	D3334.contig32_17	200	0.0021
Gln_amidase	PF15644.6	112	D3334.contig32_19	158	9.4e-13
Terminase_3	PF04466.13	201	D3334.contig33_1	394	5.4e-34
Terminase_3C	PF17288.2	155	D3334.contig33_1	394	5.6e-11
Terminase_6	PF03237.15	215	D3334.contig33_1	394	1.3e-06
Terminase_2	PF03592.16	140	D3334.contig33_4	133	1.6e-30
Cas_Csd1	PF09709.10	556	D3334.contig33_8	295	7e-20
HTH_17	PF12728.7	51	D3334.contig33_8	295	0.023
Rpr2	PF04032.16	90	D3334.contig33_9	87	0.0097
Phage_integrase	PF00589.22	172	D3334.contig33_11	349	3.5e-28
Phage_int_SAM_4	PF13495.6	85	D3334.contig33_11	349	7.1e-08
Phage_int_SAM_1	PF02899.17	84	D3334.contig33_11	349	0.00019
Unpaired	PF15972.5	273	D3334.contig34_1	70	0.0092
HTH_17	PF12728.7	51	D3334.contig34_3	67	6.6e-09
MerR_1	PF13411.6	69	D3334.contig34_3	67	0.00099
RexB	PF15968.5	139	D3334.contig34_4	52	0.039
Phage_RpbA	PF10789.9	108	D3334.contig34_5	61	0.046
CPSF100_C	PF13299.6	170	D3334.contig34_8	119	0.023
PcfJ	PF14284.6	144	D3334.contig34_9	542	2.3e-16
AAA_23	PF13476.6	200	D3334.contig34_10	644	2.4e-10
AAA_15	PF13175.6	369	D3334.contig34_10	644	1.1e-05
AAA_29	PF13555.6	61	D3334.contig34_10	644	2e-05
SMC_N	PF02463.19	220	D3334.contig34_10	644	0.00021
AAA_27	PF13514.6	207	D3334.contig34_10	644	0.002
DUF2813	PF11398.8	372	D3334.contig34_10	644	0.0035
ANT	PF03374.14	108	D3334.contig34_11	256	9.4e-29
Bro-N	PF02498.17	95	D3334.contig34_11	256	1.2e-26
RecT	PF03837.14	199	D3334.contig34_12	293	8.8e-47
Lactamase_B_2	PF12706.7	201	D3334.contig34_13	241	1e-12
Lactamase_B_3	PF13483.6	163	D3334.contig34_13	241	0.0015
Lactamase_B	PF00753.27	197	D3334.contig34_13	241	0.0083
DUF1493	PF07377.12	110	D3334.contig34_14	99	0.078
Phage_prot_Gp6	PF05133.14	420	D3334.contig35_2	505	1.3e-22
DUF1073	PF06381.11	357	D3334.contig35_2	505	0.029
Gln_amidase	PF15644.6	112	D3334.contig35_3	462	3.9e-14
DUF4355	PF14265.6	125	D3334.contig35_5	205	5e-08
Golgin_A5	PF09787.9	306	D3334.contig35_5	205	0.0079
Phage_capsid	PF05065.13	280	D3334.contig35_6	294	2.3e-16
Phage_Gp19	PF09355.10	116	D3334.contig35_8	133	3.8e-08
CUE	PF02845.16	42	D3334.contig35_11	133	0.035
DnaJ_CXXCXGXG	PF00684.19	67	D3334.contig36_1	181	0.011
RusA	PF05866.11	124	D3334.contig36_2	122	7.4e-13
DUF1364	PF07102.12	92	D3334.contig36_3	95	5.3e-45
DUF1367	PF07105.11	196	D3334.contig36_5	211	3.2e-72
DUF507	PF04368.13	182	D3334.contig36_5	211	0.017
zinc_ribbon_2	PF13240.6	23	D3334.contig36_6	86	0.038
zf-ribbon_3	PF13248.6	26	D3334.contig36_6	86	0.053
Dam	PF05869.11	171	D3334.contig36_7	168	1.4e-39
Phage_lambda_P	PF06992.11	162	D3334.contig36_8	212	1.4e-41
Phage_rep_O	PF04492.13	95	D3334.contig36_9	267	3.4e-13
ANT	PF03374.14	108	D3334.contig36_10	240	3.6e-28
AntA	PF08346.12	68	D3334.contig36_10	240	5.2e-28
DUF533	PF04391.12	179	D3334.contig36_11	148	0.012
YdaS_antitoxin	PF15943.5	65	D3334.contig36_12	71	1.8e-18
HTH_3	PF01381.22	55	D3334.contig36_12	71	0.00099
P22_Cro	PF14549.6	60	D3334.contig36_12	71	0.005
HTH_19	PF12844.7	65	D3334.contig36_13	232	3.4e-09
HTH_3	PF01381.22	55	D3334.contig36_13	232	4.1e-09
Peptidase_S24	PF00717.23	70	D3334.contig36_13	232	1.4e-08
HTH_31	PF13560.6	64	D3334.contig36_13	232	0.0032
Phage_CI_C	PF16452.5	102	D3334.contig36_13	232	0.0037
DNA_meth_N	PF18284.1	57	D3334.contig36_14	134	0.03
DUF1374	PF07118.11	92	D3334.contig36_14	134	0.041
Abi_2	PF07751.11	179	D3334.contig36_15	237	3.8e-06
Trimer_CC	PF08954.11	52	D3334.contig36_16	56	0.043
HTH_23	PF13384.6	50	D3334.contig37_2	196	1.2e-06
HTH_Tnp_1_2	PF13022.6	123	D3334.contig37_2	196	4.1e-06
GP3_package	PF16677.5	113	D3334.contig37_2	196	7.7e-06
HTH_Tnp_1	PF01527.20	75	D3334.contig37_2	196	3.3e-05
HTH_28	PF13518.6	52	D3334.contig37_2	196	0.00018
Terminase_5	PF06056.12	58	D3334.contig37_2	196	0.0008
HTH_3	PF01381.22	55	D3334.contig37_2	196	0.001
HTH_29	PF13551.6	63	D3334.contig37_2	196	0.0086
Terminase_6	PF03237.15	215	D3334.contig37_3	484	1.8e-32
Terminase_6C	PF17289.2	155	D3334.contig37_3	484	1.1e-20
Phage_portal	PF04860.12	314	D3334.contig37_4	511	3.1e-13
Phage_Mu_F	PF04233.14	112	D3334.contig37_5	274	3.8e-11
NARP1	PF12569.8	515	D3334.contig37_5	274	0.041
Peptidase_S78_2	PF14550.6	120	D3334.contig37_6	350	9.9e-46
Big_5	PF13205.6	108	D3334.contig37_8	139	0.017
Minor_capsid_1	PF10665.9	105	D3334.contig37_11	115	4.5e-17
Minor_capsid_2	PF11114.8	114	D3334.contig37_12	110	7.5e-05
Nitroreductase	PF00881.24	170	D3334.contig38_1	119	3.9e-08
DUF2520	PF10728.9	127	D3334.contig38_3	269	9.5e-33
F420_oxidored	PF03807.17	97	D3334.contig38_3	269	3.8e-08
Rossmann-like	PF10727.9	127	D3334.contig38_3	269	1.2e-07
Shikimate_DH	PF01488.20	138	D3334.contig38_3	269	0.00021
Hydrolase_3	PF08282.12	255	D3334.contig38_4	173	3.5e-08
Hydrolase	PF00702.26	210	D3334.contig38_4	173	2.2e-06
HAD_2	PF13419.6	178	D3334.contig38_4	173	9.8e-05
PBP-Tp47_a	PF14889.6	162	D3334.contig38_4	173	0.021
Maf	PF02545.14	166	D3334.contig38_5	194	3.6e-55
2-Hacid_dh	PF00389.30	134	D3334.contig38_6	189	2.9e-20
2-Hacid_dh_C	PF02826.19	178	D3334.contig38_6	189	6.4e-17
DUF4857	PF16149.5	270	D3334.contig38_6	189	0.0026
Oxidored_nitro	PF00148.19	399	D3334.contig38_6	189	0.0028
DUF4876	PF16215.5	189	D3334.contig38_8	411	3.8e-65
CarbopepD_reg_2	PF13715.6	88	D3334.contig38_9	912	3e-18
Plug	PF07715.15	108	D3334.contig38_9	912	7e-13
CarboxypepD_reg	PF13620.6	82	D3334.contig38_9	912	2.4e-12
Phage_int_SAM_3	PF14659.6	58	D3334.contig39_1	115	0.0016
HTH_26	PF13443.6	63	D3334.contig39_2	205	1.4e-15
HTH_19	PF12844.7	65	D3334.contig39_2	205	0.00041
HTH_3	PF01381.22	55	D3334.contig39_2	205	0.0086
HTH_26	PF13443.6	63	D3334.contig39_3	69	8.3e-05
Angiomotin_C	PF12240.8	206	D3334.contig39_3	69	0.012
Pox_D5	PF03288.16	86	D3334.contig39_7	474	1.9e-07
D5_N	PF08706.11	151	D3334.contig39_7	474	0.0042
Phage_integrase	PF00589.22	172	D3334.contig39_9	317	1.4e-26
Phage_int_SAM_3	PF14659.6	58	D3334.contig39_9	317	0.00043
GP3_package	PF16677.5	113	D3334.contig40_2	619	0.0084
Sigma70_r4	PF04545.16	50	D3334.contig40_7	234	0.0089
Phage_rep_org_N	PF09681.10	121	D3334.contig41_1	273	1.8e-32
HTH_Crp_2	PF13545.6	68	D3334.contig41_1	273	0.0012
ABC_tran_Xtn	PF12848.7	85	D3334.contig41_2	74	0.014
PfUIS3	PF11567.8	101	D3334.contig41_2	74	0.022
HNH	PF01844.23	47	D3334.contig41_3	97	3.2e-10
HNH_5	PF14279.6	56	D3334.contig41_3	97	7.7e-08
HNH_2	PF13391.6	72	D3334.contig41_3	97	0.001
DUF968	PF06147.11	200	D3334.contig41_3	97	0.0053
NinB	PF05772.12	131	D3334.contig41_4	185	0.00022
Rad52_Rad22	PF04098.15	153	D3334.contig41_5	214	0.00071
DUF1351	PF07083.11	210	D3334.contig41_6	288	9.9e-28
DUF2873	PF11395.8	43	D3334.contig41_7	58	0.0022
DUF5493	PF17597.2	82	D3334.contig41_7	58	0.0098
HTH_17	PF12728.7	51	D3334.contig41_8	99	1.2e-08
HALZ	PF02183.18	43	D3334.contig41_8	99	6.5e-05
ZapB	PF06005.12	71	D3334.contig41_8	99	0.00085
bZIP_2	PF07716.15	54	D3334.contig41_8	99	0.0018
bZIP_1	PF00170.21	64	D3334.contig41_8	99	0.0019
DivIC	PF04977.15	80	D3334.contig41_8	99	0.0026
HTH_3	PF01381.22	55	D3334.contig41_10	67	7.8e-14
HTH_19	PF12844.7	65	D3334.contig41_10	67	5.2e-10
HTH_31	PF13560.6	64	D3334.contig41_10	67	6e-08
HTH_26	PF13443.6	63	D3334.contig41_10	67	0.00086
YdaS_antitoxin	PF15943.5	65	D3334.contig41_10	67	0.011
HTH_26	PF13443.6	63	D3334.contig41_11	129	2e-07
HTH_3	PF01381.22	55	D3334.contig41_11	129	1.7e-06
HTH_19	PF12844.7	65	D3334.contig41_11	129	3.5e-06
HTH_31	PF13560.6	64	D3334.contig41_11	129	0.0004
HTH_5	PF01022.20	47	D3334.contig41_11	129	0.00042
ArgoN	PF16486.5	138	D3334.contig41_12	175	0.015
NPV_P10	PF05531.12	75	D3334.contig41_13	114	1.3e-05
HemX	PF04375.14	338	D3334.contig41_13	114	0.001
XhlA	PF10779.9	67	D3334.contig41_13	114	0.004
Peptidase_M78	PF06114.13	123	D3334.contig41_14	87	8.1e-08
Phage_integrase	PF00589.22	172	D3334.contig41_15	352	8.9e-20
Arm-DNA-bind_4	PF14657.6	46	D3334.contig41_15	352	7.1e-06
Phage_int_SAM_3	PF14659.6	58	D3334.contig41_15	352	5.9e-05
Orn_Arg_deC_N	PF02784.16	247	D3334.contig41_15	352	0.0047
zf-CHY	PF05495.12	75	D3334.contig42_3	78	0.00065
Cytochrome_C7	PF14522.6	73	D3334.contig42_3	78	0.00066
Sipho_Gp37	PF14594.6	351	D3334.contig42_4	635	4.3e-08
Phage_head_fibr	PF11133.8	277	D3334.contig42_4	635	2.3e-05
Polyketide_cyc2	PF10604.9	143	D3334.contig42_5	276	0.041
SSB	PF00436.25	104	D3334.contig43_2	145	2.5e-30
DUF2000	PF09391.10	133	D3334.contig43_2	145	0.0075
DUF3799	PF12684.7	234	D3334.contig43_3	217	0.023
RecT	PF03837.14	199	D3334.contig43_4	307	1.7e-48
Wzz	PF02706.15	92	D3334.contig43_7	100	0.028
TetR_C_30	PF17939.1	115	D3334.contig43_7	100	0.037
P22_AR_C	PF10548.9	73	D3334.contig43_8	217	1.1e-30
AntA	PF08346.12	68	D3334.contig43_8	217	5.3e-27
DUF4393	PF14337.6	192	D3334.contig43_9	296	1.2e-49
CRISPR_Cas2	PF09827.9	76	D3334.contig43_11	89	3e-05
SSB	PF00436.25	104	D3334.contig44_4	130	3.2e-32
N6_N4_Mtase	PF01555.18	231	D3334.contig44_6	258	7.5e-28
Pribosyltran	PF00156.27	159	D3334.contig44_6	258	0.0031
Hjc	PF01870.18	93	D3334.contig44_7	113	0.016
HSDR_N	PF04313.14	194	D3334.contig44_7	113	0.055
HTH_23	PF13384.6	50	D3334.contig44_8	102	0.0067
GerE	PF00196.19	57	D3334.contig44_8	102	0.0079
Phage_terminase	PF10668.9	60	D3334.contig44_8	102	0.025
dUTPase	PF00692.19	129	D3334.contig44_9	140	8.7e-31
YadA_head	PF05658.14	27	D3334.contig44_10	426	2.4e-12
YadA_head	PF05658.14	27	D3334.contig44_10	426	2.4e-12
YadA_head	PF05658.14	27	D3334.contig44_10	426	2.4e-12
YadA_stalk	PF05662.14	43	D3334.contig44_10	426	1.3e-07
YadA_anchor	PF03895.15	60	D3334.contig44_10	426	2.3e-06
DUF4064	PF13273.6	103	D3334.contig44_11	70	0.0021
DUF2443	PF10398.9	79	D3334.contig44_15	153	0.02
Terminase_5	PF06056.12	58	D3334.contig45_1	196	1.2e-17
Phage_terminase	PF10668.9	60	D3334.contig45_1	196	3.6e-06
HTH_23	PF13384.6	50	D3334.contig45_1	196	3.9e-05
Terminase_6	PF03237.15	215	D3334.contig45_1	196	0.00015
Sigma70_r4_2	PF08281.12	54	D3334.contig45_1	196	0.0014
HTH_Tnp_1	PF01527.20	75	D3334.contig45_1	196	0.0015
Sigma70_ECF	PF07638.11	185	D3334.contig45_1	196	0.0021
HTH_38	PF13936.6	44	D3334.contig45_1	196	0.0026
HTH_28	PF13518.6	52	D3334.contig45_1	196	0.0031
Phage_GPO	PF05929.11	272	D3334.contig45_2	274	1.9e-91
Gp-FAR-1	PF05823.12	149	D3334.contig45_2	274	0.0072
Phage_cap_P2	PF05125.12	326	D3334.contig45_3	345	7.9e-133
Phage_term_smal	PF05944.12	130	D3334.contig45_4	217	4.4e-47
TPR_12	PF13424.6	77	D3334.contig45_4	217	0.00032
Sel1	PF08238.12	38	D3334.contig45_4	217	0.0084
Phage_GPL	PF05926.11	139	D3334.contig45_5	169	2.2e-46
Phage_tail_X	PF05489.12	60	D3334.contig45_6	70	7.8e-17
Phage_holin_2_3	PF16080.5	56	D3334.contig45_7	74	1.1e-17
Phage_holin_2_1	PF04971.12	64	D3334.contig45_7	74	5.3e-12
Phage_holin_2_4	PF16082.5	76	D3334.contig45_7	74	4e-07
SLATT_6	PF18169.1	176	D3334.contig45_7	74	0.0092
DUF202	PF02656.15	68	D3334.contig45_7	74	0.016
Phage_lysozyme	PF00959.19	109	D3334.contig45_8	173	3.3e-26
DNA_pol3_tau_5	PF12170.8	142	D3334.contig45_9	117	0.016
DUF16	PF01519.16	104	D3334.contig45_9	117	0.032
zf-dskA_traR	PF01258.17	36	D3334.contig45_10	72	3e-13
DZR	PF12773.7	49	D3334.contig45_10	72	0.0042
UPF0515	PF15135.6	269	D3334.contig45_10	72	0.0094
P2_Phage_GpR	PF06891.11	131	D3334.contig45_11	161	4e-43
Phage_tail_S	PF05069.13	148	D3334.contig45_12	153	1.6e-38
ADIP	PF11559.8	152	D3334.contig45_14	125	1.7e-07
Taxilin	PF09728.9	308	D3334.contig45_14	125	9.3e-05
ERM	PF00769.19	246	D3334.contig45_14	125	0.00013
zf-C4H2	PF10146.9	213	D3334.contig45_14	125	0.00019
Lebercilin	PF15619.6	193	D3334.contig45_14	125	0.0002
DUF745	PF05335.13	183	D3334.contig45_14	125	0.00043
DUF4200	PF13863.6	119	D3334.contig45_14	125	0.0019
F5_F8_type_C	PF00754.25	127	D3334.contig46_2	668	0.02
Sipho_tail	PF05709.11	255	D3334.contig46_3	281	8.2e-24
DUF3751	PF12571.8	150	D3334.contig47_1	272	0.00026
Tail_P2_I	PF09684.10	136	D3334.contig47_2	220	4.8e-29
Baseplate_J	PF04865.14	255	D3334.contig47_3	374	2.4e-61
GPW_gp25	PF04965.14	95	D3334.contig47_4	104	1.6e-05
Phage_P2_GpU	PF06995.11	120	D3334.contig47_5	159	9e-23
Phage_base_V	PF04717.12	112	D3334.contig47_6	155	7.4e-06
Phage_GPD	PF05954.11	304	D3334.contig47_7	387	1.6e-11
Phage_tail_X	PF05489.12	60	D3334.contig47_8	68	4.5e-10
PHO4	PF01384.20	337	D3334.contig48_1	119	1.6e-29
PhoU_div	PF01865.16	214	D3334.contig48_2	210	1.4e-26
Fe_hyd_lg_C	PF02906.14	243	D3334.contig48_3	490	1.3e-87
Fe_hyd_SSU	PF02256.17	56	D3334.contig48_3	490	5.7e-20
Fer4	PF00037.27	24	D3334.contig48_3	490	1.2e-05
Fer4_10	PF13237.6	56	D3334.contig48_3	490	2.4e-05
Fer4_9	PF13187.6	51	D3334.contig48_3	490	0.00031
Fer4_7	PF12838.7	52	D3334.contig48_3	490	0.00077
Fer4_4	PF12800.7	17	D3334.contig48_3	490	0.0022
Fer4_6	PF12837.7	24	D3334.contig48_3	490	0.0026
Fer4_16	PF13484.6	67	D3334.contig48_3	490	0.0026
ABC_tran	PF00005.27	137	D3334.contig48_4	669	6.5e-46
ABC_tran	PF00005.27	137	D3334.contig48_4	669	6.5e-46
AAA_21	PF13304.6	303	D3334.contig48_4	669	3.6e-19
AAA_21	PF13304.6	303	D3334.contig48_4	669	3.6e-19
ABC_tran_Xtn	PF12848.7	85	D3334.contig48_4	669	1.9e-12
ABC_tran_CTD	PF16326.5	69	D3334.contig48_4	669	3.9e-10
DUF3389	PF11869.8	75	D3334.contig48_5	107	0.044
MGDG_synth	PF06925.11	169	D3334.contig48_6	390	1.9e-33
Glyco_tran_28_C	PF04101.16	167	D3334.contig48_6	390	7.9e-14
Glycos_transf_1	PF00534.20	172	D3334.contig48_6	390	8e-08
Glyco_trans_1_4	PF13692.6	134	D3334.contig48_6	390	0.0024
DUF4406	PF14359.6	91	D3334.contig49_2	105	5.4e-08
CRISPR_Cas9_WED	PF18061.1	137	D3334.contig49_4	415	0.00049
Replicase	PF03090.17	131	D3334.contig50_1	231	0.0046
VirE_N	PF08800.10	134	D3334.contig50_1	231	0.0058
Costars	PF14705.6	76	D3334.contig50_2	65	0.092
RrnaAD	PF00398.20	265	D3334.contig50_3	246	1e-74
Methyltransf_25	PF13649.6	97	D3334.contig50_3	246	8.5e-06
MTS	PF05175.14	169	D3334.contig50_3	246	8.1e-05
NodS	PF05401.11	201	D3334.contig50_3	246	0.00012
PCMT	PF01135.19	210	D3334.contig50_3	246	0.00023
Methyltransf_32	PF13679.6	158	D3334.contig50_3	246	0.00073
Methyltransf_31	PF13847.6	152	D3334.contig50_3	246	0.0015
Methyltransf_11	PF08241.12	96	D3334.contig50_3	246	0.0037
ABG_transport	PF03806.13	502	D3334.contig50_4	265	0.016
Relaxase	PF03432.14	242	D3334.contig50_5	283	7.5e-38
CKAP2_C	PF15297.6	348	D3334.contig50_6	192	0.0069
Peptidase_A3	PF02160.15	205	D3334.contig51_3	86	0.061
UPF0242	PF06785.11	193	D3334.contig51_6	598	0.0037
Transket_pyr	PF02779.24	178	D3334.contig52_1	72	3.9e-14
Phage_T7_Capsid	PF05396.11	123	D3334.contig52_1	72	0.082
DUF21	PF01595.20	176	D3334.contig52_3	434	2.6e-27
CorC_HlyC	PF03471.17	81	D3334.contig52_3	434	5e-18
CBS	PF00571.28	57	D3334.contig52_3	434	5.6e-12
CBS	PF00571.28	57	D3334.contig52_3	434	5.6e-12
Sigma70_r3	PF04539.16	78	D3334.contig52_4	684	3.2e-24
Sigma70_r2	PF04542.14	71	D3334.contig52_4	684	5.2e-22
Sigma70_r4	PF04545.16	50	D3334.contig52_4	684	4.5e-19
Sigma70_r1_2	PF00140.20	34	D3334.contig52_4	684	6.1e-09
Sigma70_r1_1	PF03979.14	82	D3334.contig52_4	684	0.00023
zf-CHC2	PF01807.20	98	D3334.contig52_5	583	3.5e-32
Toprim_N	PF08275.11	128	D3334.contig52_5	583	1.8e-28
Toprim_2	PF13155.6	90	D3334.contig52_5	583	3.7e-16
Toprim_4	PF13662.6	89	D3334.contig52_5	583	1.9e-13
Toprim_3	PF13362.6	95	D3334.contig52_5	583	1.6e-07
Toprim	PF01751.22	103	D3334.contig52_5	583	8.9e-07
DnaB_bind	PF10410.9	56	D3334.contig52_5	583	7.5e-05
ANT	PF03374.14	108	D3334.contig53_4	253	1.5e-33
Bro-N	PF02498.17	95	D3334.contig53_4	253	4.6e-29
Phage_CII	PF05269.11	91	D3334.contig53_7	75	0.15
Peptidase_M78	PF06114.13	123	D3334.contig53_9	152	1.9e-06
zf-HIT	PF04438.16	30	D3334.contig53_9	152	0.016
Phage_int_SAM_3	PF14659.6	58	D3334.contig53_13	198	1.1e-07
Phage_int_SAM_5	PF13102.6	99	D3334.contig53_13	198	0.001
Collar	PF07484.12	57	D3334.contig54_1	498	4e-12
Phage_fiber_2	PF03406.13	42	D3334.contig54_1	498	2.8e-09
Phage_fiber_2	PF03406.13	42	D3334.contig54_1	498	2.8e-09
SseC	PF04888.12	317	D3334.contig54_1	498	0.006
SCHIP-1	PF10148.9	235	D3334.contig54_2	184	0.013
TF_AP-2	PF03299.14	197	D3334.contig54_7	177	0.001
2Fe-2S_thioredx	PF01257.19	145	D3334.contig54_7	177	0.024
Peptidase_C10	PF01640.17	192	D3334.contig54_8	139	0.014
Fic_N	PF13784.6	82	D3334.contig55_1	383	7e-25
Fic	PF02661.18	97	D3334.contig55_1	383	8e-23
zf-C2HE	PF16278.5	64	D3334.contig55_2	101	0.0046
Peptidase_M78	PF06114.13	123	D3334.contig55_3	148	6.8e-17
HTH_3	PF01381.22	55	D3334.contig55_4	157	7.3e-09
HTH_26	PF13443.6	63	D3334.contig55_4	157	1.4e-06
HTH_31	PF13560.6	64	D3334.contig55_4	157	0.00095
Homeodomain	PF00046.29	57	D3334.contig55_4	157	0.0022
HTH_24	PF13412.6	48	D3334.contig55_4	157	0.0033
HTH_3	PF01381.22	55	D3334.contig55_5	81	7.9e-09
HTH_19	PF12844.7	65	D3334.contig55_5	81	2.9e-07
HTH_23	PF13384.6	50	D3334.contig55_5	81	0.0003
HTH_31	PF13560.6	64	D3334.contig55_5	81	0.0009
HTH_28	PF13518.6	52	D3334.contig55_5	81	0.0045
ExbD	PF02472.16	130	D3334.contig55_9	40	0.078
CLP_protease	PF00574.23	182	D3334.contig57_2	668	3.8e-39
Mu-like_gpT	PF10124.9	289	D3334.contig57_2	668	3.4e-13
Mu-like_gpT	PF10124.9	289	D3334.contig57_2	668	3.4e-13
SDH_sah	PF01972.16	286	D3334.contig57_2	668	9.6e-10
DUF2190	PF09956.9	102	D3334.contig57_3	107	1e-15
Gifsy-2	PF13856.6	99	D3334.contig57_4	103	2e-27
Phage_attach	PF05354.11	117	D3334.contig57_4	103	0.0016
Minor_tail_Z	PF06763.11	190	D3334.contig57_5	177	1.6e-37
Phage_tail_U	PF06141.11	132	D3334.contig57_6	137	4.2e-38
DUF4128	PF13554.6	128	D3334.contig57_6	137	0.018
DUF3168	PF11367.8	117	D3334.contig57_6	137	0.018
Phage_TAC_13	PF16459.5	98	D3334.contig57_8	122	0.0016
BCAS2	PF05700.11	206	D3334.contig57_8	122	0.0061
SL4P	PF17618.2	88	D3334.contig57_8	122	0.01
Anticodon_1	PF08264.13	152	D3334.contig58_1	306	2.2e-26
tRNA-synt_1	PF00133.22	602	D3334.contig58_1	306	1.2e-16
tRNA-synt_1g	PF09334.11	391	D3334.contig58_1	306	3.7e-07
tRNA-synt_1e	PF01406.19	301	D3334.contig58_1	306	0.00068
tRNA-synt_1f	PF01921.18	360	D3334.contig58_1	306	0.0041
adh_short	PF00106.25	195	D3334.contig58_2	281	8.8e-51
adh_short_C2	PF13561.6	234	D3334.contig58_2	281	2.6e-39
KR	PF08659.10	180	D3334.contig58_2	281	1.2e-08
NAD_binding_10	PF13460.6	184	D3334.contig58_2	281	4.8e-05
Epimerase	PF01370.21	241	D3334.contig58_2	281	0.0015
DUF1776	PF08643.10	296	D3334.contig58_2	281	0.0041
AraC_N	PF06719.13	148	D3334.contig58_3	313	4e-40
HTH_18	PF12833.7	81	D3334.contig58_3	313	3.4e-19
HTH_AraC	PF00165.23	42	D3334.contig58_3	313	1.6e-13
HTH_AraC	PF00165.23	42	D3334.contig58_3	313	1.6e-13
Sigma70_r4_2	PF08281.12	54	D3334.contig58_4	171	6.9e-14
Sigma70_r2	PF04542.14	71	D3334.contig58_4	171	1e-09
Sigma70_r4	PF04545.16	50	D3334.contig58_4	171	1.4e-08
HTH_23	PF13384.6	50	D3334.contig58_4	171	7.2e-06
Sigma70_ECF	PF07638.11	185	D3334.contig58_4	171	0.0049
FecR	PF04773.13	96	D3334.contig58_5	318	2.1e-20
DUF4880	PF16220.5	43	D3334.contig58_5	318	1.2e-10
Phage-tail_3	PF13550.6	164	D3334.contig59_4	1077	3.2e-28
Gp58	PF07902.11	594	D3334.contig59_4	1077	0.0087
CotH	PF08757.11	322	D3334.contig60_3	1440	0.0095
Phage_integrase	PF00589.22	172	D3334.contig61_1	83	9.8e-13
Phage_pRha	PF09669.10	88	D3334.contig61_2	295	2.9e-28
HTH_28	PF13518.6	52	D3334.contig61_4	190	1.7e-09
HTH_Tnp_1	PF01527.20	75	D3334.contig61_4	190	1.9e-08
HTH_32	PF13565.6	73	D3334.contig61_4	190	0.0019
LZ_Tnp_IS481	PF13011.6	85	D3334.contig61_4	190	0.0052
Seadorna_VP6	PF07407.11	420	D3334.contig61_4	190	0.012
rve	PF00665.26	119	D3334.contig61_5	265	2.6e-24
HTH_21	PF13276.6	60	D3334.contig61_5	265	6.6e-21
rve_2	PF13333.6	52	D3334.contig61_5	265	1.5e-15
rve_3	PF13683.6	67	D3334.contig61_5	265	1.3e-09
BPD_transp_1	PF00528.22	185	D3334.contig62_2	318	6e-36
BPD_transp_1	PF00528.22	185	D3334.contig62_3	270	5.2e-22
OppC_N	PF12911.7	51	D3334.contig62_3	270	0.085
SBP_bac_5	PF00496.22	377	D3334.contig62_4	513	7.4e-71
ABC_tran	PF00005.27	137	D3334.contig62_5	187	4.3e-32
AAA_29	PF13555.6	61	D3334.contig62_5	187	0.00073
G-alpha	PF00503.20	354	D3334.contig62_5	187	0.0029
ABC_tran	PF00005.27	137	D3334.contig62_6	148	5.9e-10
AAA_21	PF13304.6	303	D3334.contig62_6	148	9.5e-09
AAA_13	PF13166.6	713	D3334.contig62_6	148	0.0002
SMC_N	PF02463.19	220	D3334.contig62_6	148	0.0043
oligo_HPY	PF08352.12	65	D3334.contig62_6	148	0.0091
Hint_2	PF13403.6	143	D3334.contig63_1	432	5.2e-11
Intein_splicing	PF14890.6	134	D3334.contig63_1	432	2.1e-05
Phage_lysozyme2	PF18013.1	143	D3334.contig63_3	525	4.6e-22
TraS	PF10624.9	162	D3334.contig64_1	46	0.00054
Cation_efflux	PF01545.21	199	D3334.contig64_6	306	2.9e-11
HMA	PF00403.26	62	D3334.contig64_6	306	0.0001
Peptidase_S28	PF05577.12	434	D3334.contig64_6	306	0.014
DUF2678	PF10856.8	118	D3334.contig64_6	306	0.02
Rep_3	PF01051.21	222	D3334.contig64_7	338	9.3e-60
DUF4427	PF14468.6	132	D3334.contig64_7	338	0.019
TraS	PF10624.9	162	D3334.contig64_8	82	0.00065
GHL13	PF14883.6	325	D3334.contig65_2	693	7.1e-144
Polysacc_deac_1	PF01522.21	124	D3334.contig65_2	693	6.1e-28
GHL10	PF02638.15	311	D3334.contig65_2	693	0.0079
Glyco_tranf_2_3	PF13641.6	230	D3334.contig65_3	442	8.1e-40
Glycos_transf_2	PF00535.26	170	D3334.contig65_3	442	1.2e-34
Glyco_trans_2_3	PF13632.6	197	D3334.contig65_3	442	5e-27
Glyco_transf_21	PF13506.6	173	D3334.contig65_3	442	1.5e-16
Chitin_synth_2	PF03142.15	527	D3334.contig65_3	442	2.6e-06
Glyco_tranf_2_2	PF10111.9	276	D3334.contig65_3	442	2.7e-05
Glyco_tranf_2_4	PF13704.6	96	D3334.contig65_3	442	0.00023
PgaD	PF13994.6	148	D3334.contig65_4	180	2.2e-26
Collar	PF07484.12	57	D3334.contig66_3	307	3e-11
Tail_P2_I	PF09684.10	136	D3334.contig66_4	189	5.5e-37
Baseplate_J	PF04865.14	255	D3334.contig66_5	305	2e-28
GPW_gp25	PF04965.14	95	D3334.contig66_6	117	3.6e-11
DUF2634	PF10934.8	105	D3334.contig66_6	117	0.034
Phage_base_V	PF04717.12	112	D3334.contig66_7	180	2.9e-37
Phage_spike	PF18715.1	54	D3334.contig66_7	180	6.9e-07
RapH_N	PF18801.1	62	D3334.contig67_1	31	0.035
CUTL	PF16557.5	72	D3334.contig67_2	237	0.02
HAP1_N	PF04849.13	308	D3334.contig67_2	237	0.043
DUF3543	PF12063.8	251	D3334.contig67_3	71	0.0069
BclA_C	PF18573.1	128	D3334.contig67_4	133	4.2e-06
Snapin_Pallidin	PF14712.6	90	D3334.contig67_5	180	0.021
Phage_GP20	PF06810.11	149	D3334.contig67_6	208	1.1e-26
Relaxase	PF03432.14	242	D3334.contig68_1	265	3.1e-50
DUF2379	PF09543.10	120	D3334.contig68_2	151	0.023
Rep_3	PF01051.21	222	D3334.contig68_4	342	7.4e-23
PhdYeFM_antitox	PF02604.19	75	D3334.contig68_5	84	0.00072
YoeB_toxin	PF06769.14	80	D3334.contig68_6	91	5.6e-11
WAC_Acf1_DNA_bd	PF10537.9	101	D3334.contig68_7	66	0.021
DUF4298	PF14131.6	87	D3334.contig68_8	100	0.023
Relaxase	PF03432.14	242	D3334.contig68_9	46	0.065
Phage_sheath_1C	PF17482.2	104	D3334.contig69_1	53	0.027
BEN	PF10523.9	78	D3334.contig69_1	53	0.063
DUF2001	PF09393.10	139	D3334.contig69_2	145	5.2e-46
LTD	PF00932.19	112	D3334.contig69_2	145	0.029
Phage_TAC_5	PF08890.11	136	D3334.contig69_3	136	7.4e-19
DUF4030	PF13222.6	142	D3334.contig69_3	136	0.043
PhageMin_Tail	PF10145.9	198	D3334.contig69_4	800	3.9e-40
Baculo_PEP_C	PF04513.12	140	D3334.contig70_4	109	0.00067
IKBKB_SDD	PF18397.1	276	D3334.contig70_4	109	0.0054
Syntaxin-6_N	PF09177.11	99	D3334.contig70_4	109	0.0062
Phage_sheath_1	PF04984.14	168	D3334.contig70_6	395	1.1e-20
Phage_sheath_1C	PF17482.2	104	D3334.contig70_6	395	2e-10
Phage_tube	PF04985.14	166	D3334.contig70_7	37	7.5e-07
Phage_tube	PF04985.14	166	D3334.contig70_8	127	1.3e-42
Phage_TAC_7	PF10109.9	83	D3334.contig70_9	100	6.3e-11
MazG	PF03819.17	74	D3334.contig71_2	105	8.7e-05
MazG-like	PF12643.7	85	D3334.contig71_2	105	0.00074
zf-ribbon_3	PF13248.6	26	D3334.contig71_6	50	7.4e-06
zinc_ribbon_2	PF13240.6	23	D3334.contig71_6	50	3.6e-05
DZR	PF12773.7	49	D3334.contig71_6	50	0.00038
FRG	PF08867.11	96	D3334.contig71_8	284	0.044
DZR	PF12773.7	49	D3334.contig71_10	138	0.0053
MarR	PF01047.22	59	D3334.contig72_1	110	1.2e-10
HTH_27	PF13463.6	68	D3334.contig72_1	110	7.5e-06
MarR_2	PF12802.7	62	D3334.contig72_1	110	3e-05
PadR	PF03551.14	75	D3334.contig72_1	110	0.0002
HTH_34	PF13601.6	80	D3334.contig72_1	110	0.0016
HxlR	PF01638.17	91	D3334.contig72_1	110	0.0052
E1-E2_ATPase	PF00122.20	181	D3334.contig72_2	645	4.5e-45
Hydrolase	PF00702.26	210	D3334.contig72_2	645	4.5e-34
Hydrolase_3	PF08282.12	255	D3334.contig72_2	645	0.01
MFS_1	PF07690.16	353	D3334.contig72_3	434	7.7e-49
OATP	PF03137.20	546	D3334.contig72_3	434	0.0017
Terminase_GpA	PF05876.12	558	D3334.contig73_2	623	1.6e-167
N6_Mtase	PF02384.16	312	D3334.contig73_3	436	9.1e-65
MTS	PF05175.14	169	D3334.contig73_3	436	3.8e-07
Eco57I	PF07669.11	106	D3334.contig73_3	436	3.9e-06
UPF0122	PF04297.14	101	D3334.contig74_1	202	0.0097
DUF4406	PF14359.6	91	D3334.contig74_2	111	5.9e-09
IstB_IS21	PF01695.17	178	D3334.contig74_4	213	4.6e-08
AAA	PF00004.29	132	D3334.contig74_4	213	2.2e-06
TIP49	PF06068.13	351	D3334.contig74_4	213	0.0003
AAA_16	PF13191.6	170	D3334.contig74_4	213	0.0049
AAA_7	PF12775.7	181	D3334.contig74_4	213	0.0057
DUF4373	PF14297.6	96	D3334.contig74_5	297	4.5e-11
STAT1_TAZ2bind	PF12162.8	25	D3334.contig75_1	211	0.015
PcfJ	PF14284.6	144	D3334.contig75_2	559	2.1e-19
TF_Zn_Ribbon	PF08271.12	43	D3334.contig75_2	559	0.0057
DNA_pol_A	PF00476.20	376	D3334.contig75_4	319	9e-18
DUF3751	PF12571.8	150	D3334.contig76_1	109	0.07
DUF2313	PF10076.9	163	D3334.contig76_2	209	2.3e-21
eIF3_N	PF09440.10	133	D3334.contig76_2	209	0.021
Baseplate_J	PF04865.14	255	D3334.contig76_3	352	5.9e-62
DUF2634	PF10934.8	105	D3334.contig76_4	144	3.7e-27
DUF2577	PF10844.8	98	D3334.contig76_5	146	1.1e-12
DUF1492	PF07374.11	100	D3334.contig77_2	134	0.0013
DUF4763	PF15960.5	244	D3334.contig77_2	134	0.011
MiaE_2	PF13794.6	185	D3334.contig77_3	101	0.067
DUF3310	PF11753.8	60	D3334.contig77_4	228	3.3e-18
SNF2_N	PF00176.23	350	D3334.contig77_6	408	1.5e-12
Helicase_C	PF00271.31	111	D3334.contig77_6	408	7.2e-06
DUF2201_N	PF13203.6	273	D3334.contig78_1	184	0.01
Phage_Cox	PF10743.9	87	D3334.contig78_5	80	0.047
Pox_P21	PF05313.12	189	D3334.contig78_6	41	0.017
HTH_26	PF13443.6	63	D3334.contig78_7	85	2e-11
HTH_31	PF13560.6	64	D3334.contig78_7	85	2e-08
HTH_3	PF01381.22	55	D3334.contig78_7	85	6.9e-08
DUF739	PF05339.11	69	D3334.contig78_8	74	0.00011
HTH_3	PF01381.22	55	D3334.contig78_9	140	6.4e-17
HTH_26	PF13443.6	63	D3334.contig78_9	140	3.7e-12
HTH_19	PF12844.7	65	D3334.contig78_9	140	2.9e-10
HNF-1_N	PF04814.13	194	D3334.contig78_9	140	2.8e-08
HTH_31	PF13560.6	64	D3334.contig78_9	140	1.3e-05
Phage_CI_repr	PF07022.13	65	D3334.contig78_9	140	5.4e-05
YdaS_antitoxin	PF15943.5	65	D3334.contig78_9	140	0.00066
HTH_37	PF13744.6	80	D3334.contig78_9	140	0.00067
CENP-B_N	PF04218.13	53	D3334.contig78_9	140	0.0021
Peptidase_M78	PF06114.13	123	D3334.contig78_10	47	0.038
CoaE	PF01121.20	179	D3334.contig79_1	205	3.2e-60
AAA_17	PF13207.6	136	D3334.contig79_1	205	0.0028
AAA_28	PF13521.6	163	D3334.contig79_1	205	0.014
DNA_pol_A	PF00476.20	376	D3334.contig79_2	868	9.6e-157
5_3_exonuc_N	PF02739.16	159	D3334.contig79_2	868	1.6e-48
5_3_exonuc	PF01367.20	97	D3334.contig79_2	868	1.8e-33
APG6_N	PF17675.1	133	D3334.contig80_3	194	0.08
Phage_XkdX	PF09693.10	40	D3334.contig80_5	42	6.3e-06
Peptidase_M15_4	PF13539.6	67	D3334.contig80_6	247	8.9e-13
VanY	PF02557.17	133	D3334.contig80_6	247	2.7e-08
CW_binding_1	PF01473.20	19	D3334.contig80_6	247	0.00027
SLH	PF00395.20	45	D3334.contig81_1	405	2e-37
SLH	PF00395.20	45	D3334.contig81_1	405	2e-37
SLH	PF00395.20	45	D3334.contig81_1	405	2e-37
SLH	PF00395.20	45	D3334.contig81_2	615	1.6e-33
SLH	PF00395.20	45	D3334.contig81_2	615	1.6e-33
SLH	PF00395.20	45	D3334.contig81_2	615	1.6e-33
Gp58	PF07902.11	594	D3334.contig82_1	225	2.3e-14
DNA_pol_B_3	PF08408.10	128	D3334.contig82_2	74	0.035
Flp_N	PF03930.14	82	D3334.contig82_2	74	0.044
DUF1699	PF08004.11	130	D3334.contig82_3	227	0.071
TolA_bind_tri	PF16331.5	76	D3334.contig82_4	95	0.074
Phage_holin_1	PF04531.13	82	D3334.contig82_5	87	2.1e-27
ZoocinA_TRD	PF16775.5	106	D3334.contig82_6	282	1e-27
Amidase_5	PF05382.13	142	D3334.contig82_6	282	8.4e-14
DNA_pol_A	PF00476.20	376	D3334.contig83_1	627	1.1e-57
DNA_pol_A_exo1	PF01612.20	176	D3334.contig83_1	627	6e-17
Thymidylat_synt	PF00303.19	268	D3334.contig83_2	278	1.8e-14
HemX	PF04375.14	338	D3334.contig84_1	128	0.0033
DUF3642	PF12182.8	85	D3334.contig84_5	179	0.015
RdgC	PF04381.12	298	D3334.contig85_2	299	1.3e-98
KASH_CCD	PF14662.6	191	D3334.contig85_3	78	0.003
UPF0242	PF06785.11	193	D3334.contig85_3	78	0.0053
Phage_AlpA	PF05930.12	51	D3334.contig85_4	67	0.00011
Phage_integrase	PF00589.22	172	D3334.contig85_5	401	2.2e-24
Arm-DNA-bind_3	PF13356.6	74	D3334.contig85_5	401	7e-13
