target	acc	tlen	query	qlen	evalue
CotJA	PF11007.8	35	D4281.contig1_1	86	9.2e-18
CotJB	PF12652.7	76	D4281.contig1_2	90	6.6e-30
Mn_catalase	PF05067.12	284	D4281.contig1_3	206	2e-45
Rubrerythrin	PF02915.17	137	D4281.contig1_3	206	0.00033
Metallophos	PF00149.28	204	D4281.contig1_4	413	7.4e-13
Metallophos_2	PF12850.7	165	D4281.contig1_4	413	9.4e-08
Peptidase_S11	PF00768.20	241	D4281.contig1_8	526	6e-56
CW_binding_1	PF01473.20	19	D4281.contig1_8	526	1e-16
CW_binding_1	PF01473.20	19	D4281.contig1_8	526	1e-16
CW_binding_1	PF01473.20	19	D4281.contig1_8	526	1e-16
Beta-lactamase2	PF13354.6	202	D4281.contig1_8	526	3.1e-11
Peptidase_S13	PF02113.15	444	D4281.contig1_8	526	1.1e-06
NUDIX	PF00293.28	131	D4281.contig1_9	345	6.2e-34
NUDIX	PF00293.28	131	D4281.contig1_9	345	6.2e-34
IMPDH	PF00478.25	345	D4281.contig1_10	485	6e-167
CBS	PF00571.28	57	D4281.contig1_10	485	3.8e-16
CBS	PF00571.28	57	D4281.contig1_10	485	3.8e-16
NMO	PF03060.15	331	D4281.contig1_10	485	1.3e-12
NMO	PF03060.15	331	D4281.contig1_10	485	1.3e-12
FMN_dh	PF01070.18	348	D4281.contig1_10	485	0.00036
B12-binding	PF02310.19	121	D4281.contig1_10	485	0.00054
DHO_dh	PF01180.21	295	D4281.contig1_10	485	0.011
Fe-ADH	PF00465.19	364	D4281.contig1_11	369	3.2e-51
Fe-ADH_2	PF13685.6	250	D4281.contig1_11	369	2.9e-20
ABC_tran	PF00005.27	137	D4281.contig1_12	237	3e-31
AAA_21	PF13304.6	303	D4281.contig1_12	237	1e-09
AAA_21	PF13304.6	303	D4281.contig1_12	237	1e-09
AAA_29	PF13555.6	61	D4281.contig1_12	237	4.4e-05
SMC_N	PF02463.19	220	D4281.contig1_12	237	0.00074
ABC_tran	PF00005.27	137	D4281.contig1_13	275	1.5e-26
BCA_ABC_TP_C	PF12399.8	23	D4281.contig1_13	275	3.2e-09
AAA_21	PF13304.6	303	D4281.contig1_13	275	2.6e-07
AAA_27	PF13514.6	207	D4281.contig1_13	275	0.0018
RsgA_GTPase	PF03193.16	167	D4281.contig1_13	275	0.0048
AAA_23	PF13476.6	200	D4281.contig1_13	275	0.005
BPD_transp_2	PF02653.16	268	D4281.contig1_14	334	2.4e-43
FtsK_4TM	PF13491.6	171	D4281.contig1_14	334	0.0024
BPD_transp_2	PF02653.16	268	D4281.contig1_15	289	5.4e-31
Peripla_BP_6	PF13458.6	342	D4281.contig1_16	415	5.9e-64
Peripla_BP_5	PF13433.6	364	D4281.contig1_16	415	1.6e-20
Peripla_BP_5	PF13433.6	364	D4281.contig1_16	415	1.6e-20
ANF_receptor	PF01094.28	354	D4281.contig1_16	415	3e-20
DHDPS	PF00701.22	289	D4281.contig1_17	302	1.1e-48
FCD	PF07729.12	125	D4281.contig1_18	214	6.4e-18
GntR	PF00392.21	64	D4281.contig1_18	214	9.4e-08
FAD-oxidase_C	PF02913.19	250	D4281.contig1_19	470	9.4e-61
FAD_binding_4	PF01565.23	139	D4281.contig1_19	470	2.1e-39
ETF	PF01012.21	182	D4281.contig1_20	399	1.8e-42
ETF_alpha	PF00766.19	84	D4281.contig1_20	399	8.8e-33
ETF	PF01012.21	182	D4281.contig1_21	263	3e-38
GntR	PF00392.21	64	D4281.contig1_22	125	1.9e-15
Rrf2	PF02082.20	83	D4281.contig1_22	125	4.2e-05
HTH_36	PF13730.6	55	D4281.contig1_22	125	0.0023
HTH_41	PF14502.6	48	D4281.contig1_22	125	0.0061
ABC_tran	PF00005.27	137	D4281.contig1_23	293	2e-23
AAA_21	PF13304.6	303	D4281.contig1_23	293	2.3e-09
AAA_21	PF13304.6	303	D4281.contig1_23	293	2.3e-09
AAA_22	PF13401.6	137	D4281.contig1_23	293	0.00071
AAA_30	PF13604.6	192	D4281.contig1_23	293	0.0022
AAA_15	PF13175.6	369	D4281.contig1_23	293	0.0022
AAA_29	PF13555.6	61	D4281.contig1_23	293	0.005
ABC2_membrane_5	PF13346.6	206	D4281.contig1_24	214	3e-40
Fe_dep_repress	PF01325.19	60	D4281.contig1_26	156	6.9e-15
Fe_dep_repr_C	PF02742.15	70	D4281.contig1_26	156	1.3e-10
MarR_2	PF12802.7	62	D4281.contig1_26	156	2.4e-06
MarR	PF01047.22	59	D4281.contig1_26	156	0.0021
HTH_Crp_2	PF13545.6	68	D4281.contig1_26	156	0.0035
Rrf2	PF02082.20	83	D4281.contig1_26	156	0.0059
FeoA	PF04023.14	74	D4281.contig1_27	78	2.5e-14
FeoB_N	PF02421.18	156	D4281.contig1_28	715	2e-55
Gate	PF07670.14	112	D4281.contig1_28	715	3.2e-20
Gate	PF07670.14	112	D4281.contig1_28	715	3.2e-20
FeoB_Cyto	PF17910.1	91	D4281.contig1_28	715	4.2e-18
MMR_HSR1	PF01926.23	114	D4281.contig1_28	715	5.4e-18
FeoB_C	PF07664.12	53	D4281.contig1_28	715	3.4e-12
RsgA_GTPase	PF03193.16	167	D4281.contig1_28	715	0.00037
SRPRB	PF09439.10	181	D4281.contig1_28	715	0.0023
Cpn60_TCP1	PF00118.24	491	D4281.contig1_29	541	2.2e-104
Cpn10	PF00166.21	93	D4281.contig1_30	95	2.6e-31
DUF4235	PF14019.6	77	D4281.contig1_31	219	0.0024
Aminotran_1_2	PF00155.21	363	D4281.contig1_33	500	4.7e-19
GntR	PF00392.21	64	D4281.contig1_33	500	1.9e-15
Fe_dep_repress	PF01325.19	60	D4281.contig1_33	500	0.0043
tRNA-synt_1c	PF00749.21	314	D4281.contig1_34	565	7.8e-106
tRNA-synt_1c_C	PF03950.18	174	D4281.contig1_34	565	1.3e-55
AzlC	PF03591.14	136	D4281.contig1_35	236	4.3e-41
AzlD	PF05437.12	99	D4281.contig1_36	118	2.1e-23
Cad	PF03596.13	192	D4281.contig1_37	189	7.3e-27
UPF0016	PF01169.19	75	D4281.contig1_37	189	0.013
GGDEF	PF00990.21	161	D4281.contig1_38	857	3.3e-36
HD	PF01966.22	122	D4281.contig1_38	857	9.3e-22
HD_5	PF13487.6	64	D4281.contig1_38	857	2.8e-20
HisKA_7TM	PF16927.5	220	D4281.contig1_38	857	8.4e-09
HDOD	PF08668.12	196	D4281.contig1_38	857	0.0032
GAF_3	PF13492.6	129	D4281.contig1_38	857	0.0049
GH3	PF03321.13	527	D4281.contig1_39	545	4.1e-28
GH3	PF03321.13	527	D4281.contig1_39	545	4.1e-28
PEMT	PF04191.13	106	D4281.contig1_40	184	0.0039
ICMT	PF04140.14	94	D4281.contig1_40	184	0.012
Ldh_1_N	PF00056.23	141	D4281.contig1_43	316	9e-47
Ldh_1_C	PF02866.18	167	D4281.contig1_43	316	1.2e-31
NAD_binding_7	PF13241.6	104	D4281.contig1_43	316	0.0021
T2SSE	PF00437.20	273	D4281.contig1_44	354	7.8e-37
DUF87	PF01935.17	227	D4281.contig1_44	354	1.2e-05
AAA_16	PF13191.6	170	D4281.contig1_44	354	1.9e-05
AAA_19	PF13245.6	146	D4281.contig1_44	354	0.00019
ABC_tran	PF00005.27	137	D4281.contig1_44	354	0.00026
Zeta_toxin	PF06414.12	199	D4281.contig1_44	354	0.00059
AAA_30	PF13604.6	192	D4281.contig1_44	354	0.00068
AAA_22	PF13401.6	137	D4281.contig1_44	354	0.00069
AAA_29	PF13555.6	61	D4281.contig1_44	354	0.0012
AAA_23	PF13476.6	200	D4281.contig1_44	354	0.0016
DUF4860	PF16152.5	97	D4281.contig1_47	165	1.7e-29
DUF4148	PF13663.6	54	D4281.contig1_48	115	0.034
T2SSF	PF00482.23	125	D4281.contig1_49	353	3.1e-47
T2SSF	PF00482.23	125	D4281.contig1_49	353	3.1e-47
Transglut_core	PF01841.19	112	D4281.contig1_50	324	1.8e-20
DUF553	PF04473.12	154	D4281.contig1_50	324	5e-07
Transglut_core3	PF13471.6	117	D4281.contig1_50	324	0.014
SpoU_methylase	PF00588.19	142	D4281.contig1_51	248	4.6e-40
SpoU_sub_bind	PF08032.12	76	D4281.contig1_51	248	7.9e-21
Ribonuclease_3	PF00636.26	105	D4281.contig1_52	188	9.7e-13
tRNA-synt_1e	PF01406.19	301	D4281.contig1_53	470	4.5e-132
DALR_2	PF09190.11	63	D4281.contig1_53	470	3e-19
tRNA-synt_1g	PF09334.11	391	D4281.contig1_53	470	8.3e-15
tRNA-synt_1g	PF09334.11	391	D4281.contig1_53	470	8.3e-15
tRNA-synt_1	PF00133.22	602	D4281.contig1_53	470	7.9e-11
tRNA-synt_1f	PF01921.18	360	D4281.contig1_53	470	4.1e-10
tRNA-synt_1f	PF01921.18	360	D4281.contig1_53	470	4.1e-10
YgbB	PF02542.16	155	D4281.contig1_54	181	8.2e-67
DAGK_cat	PF00781.24	126	D4281.contig1_55	309	1.4e-26
Peptidase_M78	PF06114.13	123	D4281.contig2_1	228	3.8e-07
HTH_3	PF01381.22	55	D4281.contig2_2	109	7.4e-13
HTH_26	PF13443.6	63	D4281.contig2_2	109	5.1e-09
HTH_31	PF13560.6	64	D4281.contig2_2	109	1.2e-08
HTH_19	PF12844.7	65	D4281.contig2_2	109	5.4e-08
HTH_11	PF08279.12	55	D4281.contig2_3	73	0.00035
HTH_3	PF01381.22	55	D4281.contig2_3	73	0.0029
YdaS_antitoxin	PF15943.5	65	D4281.contig2_3	73	0.0053
L1R_F9L	PF02442.17	196	D4281.contig2_5	64	0.0056
Phage_pRha	PF09669.10	88	D4281.contig2_6	170	3e-26
HTH_17	PF12728.7	51	D4281.contig2_7	65	0.00013
MerR_1	PF13411.6	69	D4281.contig2_7	65	0.00065
HTH_56	PF18662.1	111	D4281.contig2_11	146	0.0053
SNF2_N	PF00176.23	350	D4281.contig2_12	454	3.5e-29
Helicase_C	PF00271.31	111	D4281.contig2_12	454	1.2e-13
ResIII	PF04851.15	171	D4281.contig2_12	454	1.6e-06
ERCC3_RAD25_C	PF16203.5	247	D4281.contig2_12	454	0.0074
YabA	PF06156.13	102	D4281.contig2_13	152	0.00059
Mg296	PF09644.10	126	D4281.contig2_14	159	0.078
DUF927	PF06048.11	287	D4281.contig2_16	892	1.4e-52
zf-CHC2	PF01807.20	98	D4281.contig2_16	892	1.9e-16
HTH_56	PF18662.1	111	D4281.contig2_16	892	2.9e-14
NB-LRR	PF12061.8	297	D4281.contig2_17	121	0.13
Zn_ribbon_SprT	PF17283.2	38	D4281.contig2_21	80	0.00016
DZR	PF12773.7	49	D4281.contig2_21	80	0.00019
zf-ribbon_3	PF13248.6	26	D4281.contig2_21	80	0.0014
zinc-ribbons_6	PF07191.12	67	D4281.contig2_21	80	0.0014
NOB1_Zn_bind	PF08772.11	72	D4281.contig2_21	80	0.0059
Cupin_2	PF07883.11	71	D4281.contig2_22	156	4.2e-14
MannoseP_isomer	PF01050.18	151	D4281.contig2_22	156	0.0095
zinc_ribbon_2	PF13240.6	23	D4281.contig2_23	72	0.025
Rad50_zn_hook	PF04423.14	52	D4281.contig2_23	72	0.029
DEDD_Tnp_IS110	PF01548.17	155	D4281.contig2_24	434	6.4e-31
Transposase_20	PF02371.16	87	D4281.contig2_24	434	1.5e-22
DZR	PF12773.7	49	D4281.contig2_26	51	4.1e-05
zinc-ribbons_6	PF07191.12	67	D4281.contig2_26	51	0.00033
zinc_ribbon_2	PF13240.6	23	D4281.contig2_26	51	0.00054
zf-ribbon_3	PF13248.6	26	D4281.contig2_26	51	0.00056
zinc_ribbon_15	PF17032.5	86	D4281.contig2_26	51	0.0031
HTH_28	PF13518.6	52	D4281.contig2_28	195	6.6e-05
HTH_23	PF13384.6	50	D4281.contig2_28	195	0.00021
TAP42	PF04177.12	319	D4281.contig2_28	195	0.00025
Sigma70_r4_2	PF08281.12	54	D4281.contig2_28	195	0.0043
HTH_36	PF13730.6	55	D4281.contig2_28	195	0.0067
Phage_terminase	PF10668.9	60	D4281.contig2_31	234	2.5e-10
Terminase_5	PF06056.12	58	D4281.contig2_31	234	0.00012
Sigma70_r4	PF04545.16	50	D4281.contig2_31	234	0.00094
Sigma70_r4_2	PF08281.12	54	D4281.contig2_31	234	0.0012
HTH_23	PF13384.6	50	D4281.contig2_31	234	0.0016
DUF1804	PF08822.11	164	D4281.contig2_31	234	0.0065
Terminase_6	PF03237.15	215	D4281.contig2_32	420	2e-06
Terminase_3	PF04466.13	201	D4281.contig2_32	420	0.012
Phage_prot_Gp6	PF05133.14	420	D4281.contig2_33	460	1.7e-11
Peptidase_C37	PF05416.12	535	D4281.contig2_33	460	0.0095
Phage_min_cap2	PF06152.11	367	D4281.contig2_34	584	1.4e-107
Phage_GP20	PF06810.11	149	D4281.contig2_36	178	1.9e-25
Phage_capsid	PF05065.13	280	D4281.contig2_37	397	1e-27
CarboxypepD_reg	PF13620.6	82	D4281.contig2_37	397	3.1e-05
Invasin_D3	PF09134.10	96	D4281.contig2_37	397	0.0025
PEGA	PF08308.11	70	D4281.contig2_37	397	0.0065
DUF4224	PF13986.6	45	D4281.contig2_38	124	0.028
Minor_capsid_2	PF11114.8	114	D4281.contig2_40	142	1.8e-06
Phage_Gp15	PF06854.11	170	D4281.contig2_44	187	1e-25
ProQ	PF04352.13	110	D4281.contig2_45	414	0.033
H_lectin	PF09458.10	67	D4281.contig2_54	183	0.0033
Phage_XkdX	PF09693.10	40	D4281.contig2_56	46	5e-09
SHOCT	PF09851.9	28	D4281.contig2_56	46	0.016
XhlA	PF10779.9	67	D4281.contig2_57	84	3.5e-06
NAPRTase_C	PF17956.1	111	D4281.contig2_57	84	0.0059
Phage_holin_5_2	PF16079.5	75	D4281.contig2_58	85	2.9e-18
Phage_holin_5_1	PF06946.11	93	D4281.contig2_58	85	0.0015
MFS_1	PF07690.16	353	D4281.contig2_58	85	0.0077
NLPC_P60	PF00877.19	105	D4281.contig2_59	258	0.00092
ATP-synt_ab_C	PF00306.27	126	D4281.contig2_60	85	0.033
TraC	PF07820.12	88	D4281.contig2_60	85	0.058
Bro-N	PF02498.17	95	D4281.contig2_61	233	8.1e-06
Phage_integrase	PF00589.22	172	D4281.contig2_63	465	5.8e-30
HTH_3	PF01381.22	55	D4281.contig2_63	465	3.7e-05
Phage_prot_Gp6	PF05133.14	420	D4281.contig3_1	372	4e-53
Terminase_6	PF03237.15	215	D4281.contig3_2	471	1.2e-05
Terminase_6C	PF17289.2	155	D4281.contig3_2	471	2.6e-05
HTH_Tnp_1	PF01527.20	75	D4281.contig3_3	154	7.1e-05
HTH_23	PF13384.6	50	D4281.contig3_3	154	0.00065
GP3_package	PF16677.5	113	D4281.contig3_3	154	0.0011
HTH_Tnp_1_2	PF13022.6	123	D4281.contig3_3	154	0.0016
COX6C	PF02937.15	70	D4281.contig3_4	119	0.051
DUF3817	PF12823.7	83	D4281.contig3_5	57	0.025
DUF3482	PF11981.8	294	D4281.contig3_7	76	0.068
DUF4865	PF16157.5	183	D4281.contig3_8	409	0.0012
GcrA	PF07750.11	162	D4281.contig3_8	409	0.0041
MHC2-interact	PF09307.10	109	D4281.contig3_10	63	0.00023
SlyX	PF04102.12	67	D4281.contig3_10	63	0.006
Med9	PF07544.13	80	D4281.contig3_10	63	0.016
60KD_IMP	PF02096.20	166	D4281.contig3_10	63	0.042
YopX	PF09643.10	131	D4281.contig3_11	139	2.5e-23
Phage_TAC_4	PF08748.11	128	D4281.contig3_13	110	0.038
DNA_methylase	PF00145.17	335	D4281.contig3_15	253	6.9e-36
SSB	PF00436.25	104	D4281.contig3_19	148	1.7e-26
tRNA_anti-codon	PF01336.25	76	D4281.contig3_19	148	0.0041
RusA	PF05866.11	124	D4281.contig3_20	128	3.5e-05
HTH_23	PF13384.6	50	D4281.contig3_21	61	0.055
Phage_rep_org_N	PF09681.10	121	D4281.contig3_23	292	1.1e-45
Fmp27_SW	PF10305.9	103	D4281.contig3_23	292	0.0021
HNHc_6	PF16784.5	200	D4281.contig3_24	226	4.1e-33
DUF968	PF06147.11	200	D4281.contig3_24	226	0.0003
DUF1071	PF06378.11	148	D4281.contig3_25	232	2.6e-54
RPW8	PF05659.11	139	D4281.contig3_25	232	0.0055
DUF5522	PF17653.1	48	D4281.contig3_25	232	0.01
HIP1_clath_bdg	PF16515.5	99	D4281.contig3_29	144	0.00023
Spc7	PF08317.11	310	D4281.contig3_29	144	0.00024
Phage_GPO	PF05929.11	272	D4281.contig3_29	144	0.00026
GAS	PF13851.6	200	D4281.contig3_29	144	0.00082
HeLo	PF14479.6	205	D4281.contig3_29	144	0.0014
Golgin_A5	PF09787.9	306	D4281.contig3_29	144	0.0015
Exonuc_VII_L	PF02601.15	304	D4281.contig3_29	144	0.0016
UPF0242	PF06785.11	193	D4281.contig3_29	144	0.0022
Phage_pRha	PF09669.10	88	D4281.contig3_31	231	4.8e-25
ORF6C	PF10552.9	114	D4281.contig3_31	231	1.3e-24
DUF771	PF05595.11	90	D4281.contig3_32	107	1.2e-30
HTH_3	PF01381.22	55	D4281.contig3_33	70	2e-11
HTH_19	PF12844.7	65	D4281.contig3_33	70	1.2e-07
HTH_31	PF13560.6	64	D4281.contig3_33	70	2.9e-06
HTH_25	PF13413.6	62	D4281.contig3_33	70	0.0004
Sigma70_r4	PF04545.16	50	D4281.contig3_33	70	0.0063
HTH_19	PF12844.7	65	D4281.contig3_34	109	3.4e-15
HTH_3	PF01381.22	55	D4281.contig3_34	109	1.4e-14
HTH_31	PF13560.6	64	D4281.contig3_34	109	4.2e-09
HTH_26	PF13443.6	63	D4281.contig3_34	109	3.4e-08
HTH_37	PF13744.6	80	D4281.contig3_34	109	0.00015
HTH_Crp_2	PF13545.6	68	D4281.contig3_34	109	0.0013
HTH_24	PF13412.6	48	D4281.contig3_34	109	0.0019
Sigma70_r4	PF04545.16	50	D4281.contig3_34	109	0.0019
Phage_CI_repr	PF07022.13	65	D4281.contig3_34	109	0.0062
Peptidase_M78	PF06114.13	123	D4281.contig3_35	156	3.3e-05
Phage_integrase	PF00589.22	172	D4281.contig3_36	374	3.1e-31
Arm-DNA-bind_4	PF14657.6	46	D4281.contig3_36	374	8e-10
Phage_int_SAM_5	PF13102.6	99	D4281.contig3_36	374	1.9e-05
Phage_int_SAM_3	PF14659.6	58	D4281.contig3_36	374	0.0026
SHOCT	PF09851.9	28	D4281.contig3_37	212	5.4e-10
DUF4969	PF16339.5	79	D4281.contig3_38	110	0.0077
IMS	PF00817.20	150	D4281.contig3_39	455	5e-23
IMS_C	PF11799.8	118	D4281.contig3_39	455	7.2e-15
IMS_HHH	PF11798.8	32	D4281.contig3_39	455	1.4e-09
DNA_pol_lambd_f	PF10391.9	50	D4281.contig3_39	455	0.0033
DUF4332	PF14229.6	122	D4281.contig3_39	455	0.01
Mrr_cat	PF04471.12	115	D4281.contig3_41	221	0.00019
MutS_II	PF05188.17	137	D4281.contig3_42	106	0.085
Amidase_3	PF01520.18	175	D4281.contig3_44	325	1.2e-16
TA_inhibitor	PF17574.2	89	D4281.contig3_44	325	0.0046
Phage_holin_6_1	PF09682.10	101	D4281.contig3_45	112	1.5e-18
Spc7	PF08317.11	310	D4281.contig3_46	104	7.1e-05
FadA	PF09403.10	99	D4281.contig3_46	104	9.2e-05
Filament	PF00038.21	312	D4281.contig3_46	104	0.00013
UPF0242	PF06785.11	193	D4281.contig3_46	104	0.00062
HemX	PF04375.14	338	D4281.contig3_46	104	0.0012
FapA	PF03961.13	454	D4281.contig3_46	104	0.0014
DUF4345	PF14248.6	119	D4281.contig3_47	120	0.0003
DUF979	PF06166.12	311	D4281.contig3_47	120	0.022
DUF43	PF01861.16	243	D4281.contig3_48	168	0.0024
Baseplate	PF16774.5	165	D4281.contig3_49	79	0.022
Lipase_GDSL_2	PF13472.6	179	D4281.contig3_50	676	1.6e-07
Lipase_GDSL	PF00657.22	200	D4281.contig3_50	676	6.6e-07
BppU_N	PF10651.9	148	D4281.contig3_50	676	0.001
Lysozyme_like	PF13702.6	158	D4281.contig3_51	954	1.3e-36
Peptidase_M23	PF01551.22	96	D4281.contig3_51	954	3.4e-30
Prophage_tail	PF06605.11	316	D4281.contig3_51	954	1.9e-20
Sipho_tail	PF05709.11	255	D4281.contig3_52	261	2.6e-19
Sipho_tail	PF05709.11	255	D4281.contig3_52	261	2.6e-19
Apolipoprotein	PF01442.18	190	D4281.contig3_53	905	0.0003
HTH_12	PF08461.10	66	D4281.contig3_54	78	0.02
PrlF_antitoxin	PF15937.5	97	D4281.contig3_54	78	0.033
Phage_TAC_12	PF12363.8	111	D4281.contig3_55	116	2.5e-21
NUC194	PF08163.12	386	D4281.contig3_55	116	0.034
Phage_tail_2	PF06199.11	135	D4281.contig3_56	169	5.2e-23
T6SS_HCP	PF05638.12	129	D4281.contig3_56	169	0.0044
HK97-gp10_like	PF04883.12	81	D4281.contig3_58	114	9.3e-12
Phage_connect_1	PF05135.13	99	D4281.contig3_60	113	1.1e-12
Phage_cap_E	PF03864.15	333	D4281.contig3_62	336	2e-46
DUF4355	PF14265.6	125	D4281.contig3_64	215	3.5e-19
Allexi_40kDa	PF05549.11	271	D4281.contig3_67	67	0.013
Phage_Mu_F	PF04233.14	112	D4281.contig3_69	318	2.1e-17
Peptidase_C1_2	PF03051.15	438	D4281.contig3_70	77	0.0036
DUF2815	PF10991.8	173	D4281.contig3_70	77	0.0097
SSPI	PF14098.6	65	D4281.contig3_70	77	0.01
Phage_prot_Gp6	PF05133.14	420	D4281.contig3_72	215	1.4e-25
Inj_translocase	PF16928.5	218	D4281.contig4_2	460	1.8e-30
Phage_tail_NK	PF16532.5	175	D4281.contig4_5	289	7.1e-85
Phage_stabilise	PF11134.8	469	D4281.contig4_6	473	3e-279
P22_Tail-4	PF11650.8	164	D4281.contig4_7	161	1.6e-70
P22_CoatProtein	PF11651.8	417	D4281.contig4_9	427	2.3e-150
P22_portal	PF16510.5	668	D4281.contig4_11	697	2.6e-274
Terminase_6	PF03237.15	215	D4281.contig4_12	484	6.7e-16
Terminase_6C	PF17289.2	155	D4281.contig4_12	484	1.5e-14
GP3_package	PF16677.5	113	D4281.contig4_13	167	8.3e-34
Unstab_antitox	PF09720.10	54	D4281.contig4_13	167	0.0063
DUF1737	PF08410.10	53	D4281.contig4_14	111	0.00017
DUF555	PF04475.12	101	D4281.contig4_15	47	0.027
SprT-like	PF10263.9	113	D4281.contig4_16	86	0.011
Phage_lysis	PF03245.13	126	D4281.contig4_17	156	6.2e-30
HemX	PF04375.14	338	D4281.contig4_17	156	0.0011
DUF4407	PF14362.6	298	D4281.contig4_17	156	0.0027
PspB	PF06667.12	73	D4281.contig4_17	156	0.0034
Phage_GP20	PF06810.11	149	D4281.contig4_17	156	0.0058
HAUS-augmin3	PF14932.6	260	D4281.contig4_17	156	0.0075
DUF2681	PF10883.8	87	D4281.contig4_17	156	0.0091
DUF3810	PF12725.7	310	D4281.contig4_17	156	0.0098
Phage_lysozyme	PF00959.19	109	D4281.contig4_18	159	3.6e-22
Swm2	PF17083.5	130	D4281.contig4_18	159	0.072
Phage_holin_3_1	PF05106.12	99	D4281.contig4_19	107	8.3e-27
Phage_antiter_Q	PF06323.11	222	D4281.contig4_20	230	4.1e-80
SAM_DrpA	PF18255.1	62	D4281.contig4_21	37	0.048
NinG	PF05766.12	186	D4281.contig4_23	209	1e-49
LRR_9	PF14580.6	175	D4281.contig4_23	209	0.00019
Metallophos	PF00149.28	204	D4281.contig4_24	223	7.6e-16
Metallophos_2	PF12850.7	165	D4281.contig4_24	223	1.2e-05
NinE	PF05322.11	58	D4281.contig4_25	57	6.1e-07
NUMOD4	PF07463.11	49	D4281.contig4_26	194	1.3e-11
HNH_3	PF13392.6	46	D4281.contig4_26	194	8.8e-10
NinB	PF05772.12	131	D4281.contig4_27	144	1.4e-05
P2_Phage_GpR	PF06891.11	131	D4281.contig4_28	112	0.072
DUF551	PF04448.12	69	D4281.contig4_29	222	1.5e-12
SVIP	PF15811.5	77	D4281.contig4_31	150	0.014
ABC_tran_CTD	PF16326.5	69	D4281.contig4_31	150	0.026
DUF1670	PF07900.11	220	D4281.contig4_33	107	0.04
Toprim_2	PF13155.6	90	D4281.contig4_35	628	2.9e-11
AAA_25	PF13481.6	194	D4281.contig4_35	628	9.4e-08
Toprim_4	PF13662.6	89	D4281.contig4_35	628	3.2e-06
ATPase	PF06745.13	231	D4281.contig4_35	628	0.00027
Phage_rep_O	PF04492.13	95	D4281.contig4_36	287	1.3e-34
DUF2740	PF10872.8	48	D4281.contig4_37	49	2e-05
Phage_CII	PF05269.11	91	D4281.contig4_38	95	3.1e-29
YdaS_antitoxin	PF15943.5	65	D4281.contig4_39	73	6.5e-23
HTH_3	PF01381.22	55	D4281.contig4_39	73	6.6e-07
P22_Cro	PF14549.6	60	D4281.contig4_39	73	8.5e-07
HTH_31	PF13560.6	64	D4281.contig4_39	73	0.00016
HTH_37	PF13744.6	80	D4281.contig4_39	73	0.0014
HTH_23	PF13384.6	50	D4281.contig4_39	73	0.0053
Phage_CI_repr	PF07022.13	65	D4281.contig4_39	73	0.009
HTH_3	PF01381.22	55	D4281.contig4_40	235	5.9e-10
Peptidase_S24	PF00717.23	70	D4281.contig4_40	235	2.7e-06
HTH_31	PF13560.6	64	D4281.contig4_40	235	5.7e-06
HTH_26	PF13443.6	63	D4281.contig4_40	235	7.4e-05
HTH_19	PF12844.7	65	D4281.contig4_40	235	0.00015
YdaS_antitoxin	PF15943.5	65	D4281.contig4_40	235	0.00016
HTH_24	PF13412.6	48	D4281.contig4_40	235	0.0002
Phage_CI_repr	PF07022.13	65	D4281.contig4_40	235	0.00048
HTH_37	PF13744.6	80	D4281.contig4_40	235	0.0034
Rad50_zn_hook	PF04423.14	52	D4281.contig4_41	60	0.00069
zf-Di19	PF05605.12	54	D4281.contig4_41	60	0.0087
zf-C2HC_2	PF13913.6	25	D4281.contig4_41	60	0.024
DUF2528	PF10800.8	105	D4281.contig4_42	122	6.2e-26
Ral	PF11058.8	66	D4281.contig4_44	67	7.9e-41
Lambda_Kil	PF06301.11	42	D4281.contig4_47	45	1.8e-16
V-SNARE_C	PF12352.8	66	D4281.contig4_48	101	0.016
ERF	PF04404.12	153	D4281.contig4_51	203	1.4e-38
BOF	PF04076.13	103	D4281.contig4_51	203	0.031
Dam	PF05869.11	171	D4281.contig4_54	184	3e-59
DUF5405	PF17399.2	88	D4281.contig4_55	91	2.9e-05
NACHT_N	PF17100.5	221	D4281.contig4_55	91	0.048
zf-dskA_traR	PF01258.17	36	D4281.contig4_56	74	2e-10
DZR	PF12773.7	49	D4281.contig4_56	74	0.0014
DUF2591	PF10765.9	116	D4281.contig4_57	116	0.0024
DUF4222	PF13973.6	53	D4281.contig4_58	80	1.2e-15
Sulfotransfer_1	PF00685.27	267	D4281.contig4_58	80	0.079
DUF550	PF04447.12	97	D4281.contig4_59	109	1.3e-40
Phage_AlpA	PF05930.12	51	D4281.contig4_60	67	0.0017
Phage_integrase	PF00589.22	172	D4281.contig4_61	386	4.1e-32
Arm-DNA-bind_3	PF13356.6	74	D4281.contig4_61	386	1.5e-18
Phage_int_SAM_3	PF14659.6	58	D4281.contig4_61	386	0.00012
Head_binding	PF09008.10	113	D4281.contig4_62	678	1.4e-61
Tail_spike_N	PF18668.1	70	D4281.contig4_62	678	1.7e-08
Arc	PF03869.14	50	D4281.contig4_63	85	6.8e-14
HicB	PF05534.12	51	D4281.contig4_63	85	1.1e-05
Repressor_Mnt	PF11423.8	28	D4281.contig4_63	85	0.0013
ParD_like	PF11903.8	73	D4281.contig4_63	85	0.01
DUF4378	PF14309.6	165	D4281.contig4_63	85	0.023
PspB	PF06667.12	73	D4281.contig4_64	73	0.034
Bap31_Bap29_C	PF18035.1	50	D4281.contig5_1	932	0.0019
DUF2040	PF09745.9	121	D4281.contig5_2	376	1.1
Phage_holin_5_2	PF16079.5	75	D4281.contig5_3	92	6.1e-23
DHR10	PF18595.1	117	D4281.contig5_4	86	0.032
Peptidase_M23	PF01551.22	96	D4281.contig5_5	323	1.1e-08
Phage_XkdX	PF09693.10	40	D4281.contig5_6	41	2.4e-13
PGDYG	PF14083.6	102	D4281.contig5_7	61	7.6e-05
EF-hand_1	PF00036.32	29	D4281.contig5_9	344	0.0078
NapD	PF03927.13	76	D4281.contig5_12	112	0.0027
Ogr_Delta	PF04606.12	47	D4281.contig5_15	66	0.003
Phage_prot_Gp6	PF05133.14	420	D4281.contig5_16	559	0.019
TMEM52	PF14979.6	149	D4281.contig5_17	80	0.0048
Terminase_6	PF03237.15	215	D4281.contig5_18	461	1.3e-17
Terminase_3	PF04466.13	201	D4281.contig5_18	461	3.9e-15
DUF1778	PF08681.11	80	D4281.contig5_20	63	0.025
DUF1738	PF08401.11	128	D4281.contig5_21	126	2.9e-05
Molydop_binding	PF01568.21	111	D4281.contig5_25	90	0.028
ZapB	PF06005.12	71	D4281.contig5_27	149	0.023
Lar_restr_allev	PF14354.6	62	D4281.contig5_32	132	3e-06
Dam	PF05869.11	171	D4281.contig5_33	188	1.5e-34
DUF927	PF06048.11	287	D4281.contig5_36	609	4.9e-46
HTH_56	PF18662.1	111	D4281.contig5_36	609	3.7e-18
zf-CHC2	PF01807.20	98	D4281.contig5_37	172	1.5e-17
ERCC4	PF02732.15	156	D4281.contig5_38	173	8.6e-06
Putative_G5P	PF17426.2	107	D4281.contig5_39	202	0.016
AAA_24	PF13479.6	197	D4281.contig5_40	204	0.001
INTS5_N	PF14837.6	210	D4281.contig5_41	68	0.052
APG6_N	PF17675.1	133	D4281.contig5_43	64	0.016
FapA	PF03961.13	454	D4281.contig5_43	64	0.036
HTH_17	PF12728.7	51	D4281.contig5_47	77	0.00045
Occludin_ELL	PF07303.13	101	D4281.contig5_48	69	0.0093
MtrG	PF04210.13	64	D4281.contig5_52	71	0.031
Peptidase_M78	PF06114.13	123	D4281.contig5_53	146	5.3e-15
DUF4344	PF14247.6	220	D4281.contig5_53	146	0.0096
Peptidase_M48	PF01435.18	196	D4281.contig5_53	146	0.022
HTH_19	PF12844.7	65	D4281.contig5_54	109	0.0024
HTH_3	PF01381.22	55	D4281.contig5_54	109	0.0065
Abi_2	PF07751.11	179	D4281.contig5_55	292	5.7e-39
Phage_integrase	PF00589.22	172	D4281.contig5_56	383	3.8e-16
zinc_ribbon_2	PF13240.6	23	D4281.contig5_56	383	4.1e-06
DZR	PF12773.7	49	D4281.contig5_56	383	0.00011
XhlA	PF10779.9	67	D4281.contig6_3	80	5.7e-07
NAPRTase_C	PF17956.1	111	D4281.contig6_3	80	0.011
Rab_bind	PF16704.5	66	D4281.contig6_3	80	0.018
Phage_holin_5_2	PF16079.5	75	D4281.contig6_4	87	3.3e-25
CW_binding_1	PF01473.20	19	D4281.contig6_5	280	9.8e-09
CW_binding_1	PF01473.20	19	D4281.contig6_5	280	9.8e-09
CW_binding_1	PF01473.20	19	D4281.contig6_5	280	9.8e-09
NLPC_P60	PF00877.19	105	D4281.contig6_5	280	0.0025
LexA_DNA_bind	PF01726.16	65	D4281.contig6_6	205	5.8e-22
Peptidase_S24	PF00717.23	70	D4281.contig6_6	205	3.1e-14
MarR_2	PF12802.7	62	D4281.contig6_6	205	2.3e-06
HTH_5	PF01022.20	47	D4281.contig6_6	205	2.2e-05
HTH_36	PF13730.6	55	D4281.contig6_6	205	0.00016
HTH_24	PF13412.6	48	D4281.contig6_6	205	0.00048
B-block_TFIIIC	PF04182.12	75	D4281.contig6_6	205	0.0038
HTH_IclR	PF09339.10	52	D4281.contig6_6	205	0.0067
FaeA	PF04703.12	62	D4281.contig6_6	205	0.0068
Elf1	PF05129.13	78	D4281.contig6_7	65	0.0038
FdhE	PF04216.12	286	D4281.contig6_7	65	0.014
tRNA-synt_1e	PF01406.19	301	D4281.contig6_8	62	0.056
ABC_trans_CmpB	PF06541.11	148	D4281.contig6_11	136	1.3e-09
Phage_holin_4_1	PF05105.12	114	D4281.contig6_12	152	1.5e-28
Amidase_2	PF01510.25	126	D4281.contig6_13	250	5.7e-19
CW_binding_1	PF01473.20	19	D4281.contig6_13	250	3.7e-05
Bro-N	PF02498.17	95	D4281.contig6_14	233	8.8e-07
FGF	PF00167.18	125	D4281.contig6_14	233	0.019
HNH_3	PF13392.6	46	D4281.contig6_17	160	1.4e-10
COG2	PF06148.11	133	D4281.contig6_19	78	0.049
DUF3672	PF12421.8	133	D4281.contig6_20	195	0.0045
Dimer_Tnp_Tn5	PF02281.16	103	D4281.contig6_20	195	0.031
LexA_DNA_bind	PF01726.16	65	D4281.contig6_21	80	4.7e-16
HTH_20	PF12840.7	61	D4281.contig6_21	80	0.014
Styelin	PF17562.2	59	D4281.contig6_27	55	0.088
ORF6C	PF10552.9	114	D4281.contig6_28	73	0.023
MethyltransfD12	PF02086.15	260	D4281.contig6_29	272	2.1e-21
DNA_methylase	PF00145.17	335	D4281.contig6_30	457	6.1e-24
HTH_3	PF01381.22	55	D4281.contig6_32	65	7.3e-12
HTH_31	PF13560.6	64	D4281.contig6_32	65	2.8e-08
HTH_19	PF12844.7	65	D4281.contig6_32	65	1.1e-05
YdaS_antitoxin	PF15943.5	65	D4281.contig6_32	65	1.8e-05
LacI	PF00356.21	46	D4281.contig6_32	65	0.0071
HTH_37	PF13744.6	80	D4281.contig6_32	65	0.01
RHH_1	PF01402.21	39	D4281.contig6_35	56	0.00025
RHH_3	PF12651.7	44	D4281.contig6_35	56	0.011
YabA	PF06156.13	102	D4281.contig6_36	93	0.054
Phage_integrase	PF00589.22	172	D4281.contig6_37	343	2.9e-28
Phage_int_SAM_4	PF13495.6	85	D4281.contig6_37	343	7.2e-13
Phage_int_SAM_1	PF02899.17	84	D4281.contig6_37	343	1.1e-09
Phage_int_SAM_5	PF13102.6	99	D4281.contig6_37	343	2.5e-05
HTH_17	PF12728.7	51	D4281.contig6_38	86	0.037
DUF722	PF05263.11	129	D4281.contig6_40	139	0.0061
Phage_integrase	PF00589.22	172	D4281.contig6_41	183	6.1e-26
Phage_integr_3	PF16795.5	160	D4281.contig6_41	183	0.0052
DUF1870	PF08965.10	118	D4281.contig6_42	79	0.14
Cytochrome_C7	PF14522.6	73	D4281.contig6_43	115	0.00024
HNH	PF01844.23	47	D4281.contig6_43	115	0.0052
SKA2	PF16740.5	110	D4281.contig6_44	144	0.0029
Gasdermin_C	PF17708.1	175	D4281.contig6_44	144	0.015
Terminase_1	PF03354.15	468	D4281.contig6_45	567	9.3e-77
Terminase_GpA	PF05876.12	558	D4281.contig6_45	567	0.00034
Terminase_6	PF03237.15	215	D4281.contig6_45	567	0.00081
Phage_portal	PF04860.12	314	D4281.contig6_46	414	7e-55
CLP_protease	PF00574.23	182	D4281.contig6_47	233	2.5e-30
Phage_capsid	PF05065.13	280	D4281.contig6_48	399	6.3e-43
LUC7	PF03194.15	251	D4281.contig6_48	399	0.013
TPR_2	PF07719.17	34	D4281.contig6_48	399	0.013
Glyco_transf_20	PF00982.21	474	D4281.contig6_50	105	0.06
PhageMin_Tail	PF10145.9	198	D4281.contig6_56	569	4.8e-05
DUF3471	PF11954.8	103	D4281.contig6_57	580	0.0031
DUF2577	PF10844.8	98	D4281.contig6_59	83	0.038
Collagen	PF01391.18	60	D4281.contig6_60	314	2.1e-10
BppU_N	PF10651.9	148	D4281.contig6_60	314	3.2e-07
Collagen	PF01391.18	60	D4281.contig6_61	126	8e-16
Collagen	PF01391.18	60	D4281.contig6_61	126	8e-16
AAA_21	PF13304.6	303	D4281.contig7_1	550	3.3e-20
AAA_15	PF13175.6	369	D4281.contig7_1	550	7.9e-19
ABC_tran	PF00005.27	137	D4281.contig7_1	550	1.2e-05
Septin	PF00735.18	281	D4281.contig7_1	550	0.0013
DUF4248	PF14053.6	68	D4281.contig7_2	77	4e-22
HU-HIG	PF18291.1	125	D4281.contig7_3	157	8.9e-29
Bac_DNA_binding	PF00216.21	90	D4281.contig7_3	157	8.4e-08
HU-CCDC81_euk_1	PF14908.6	94	D4281.contig7_3	157	3.8e-05
Tn7_Tnp_TnsA_C	PF08721.11	83	D4281.contig7_3	157	0.0027
HU-DNA_bdg	PF14848.6	124	D4281.contig7_3	157	0.004
ArsR	PF09824.9	159	D4281.contig7_3	157	0.0079
HU-CCDC81_euk_2	PF18289.1	75	D4281.contig7_3	157	0.012
Phage_tail_S	PF05069.13	148	D4281.contig7_6	203	1.7e-08
Phage_Mu_F	PF04233.14	112	D4281.contig7_7	445	2.3e-14
CdiA_C	PF18451.1	81	D4281.contig7_7	445	1.5e-05
DUF935	PF06074.12	520	D4281.contig7_8	431	2e-27
DUF1320	PF07030.12	126	D4281.contig7_9	140	4.1e-08
Terminase_6C	PF17289.2	155	D4281.contig7_10	511	0.012
HTH_7	PF02796.15	45	D4281.contig7_11	148	1.1e-05
Terminase_5	PF06056.12	58	D4281.contig7_11	148	4.9e-05
HTH_29	PF13551.6	63	D4281.contig7_11	148	9.2e-05
DUF1323	PF07037.11	122	D4281.contig7_11	148	0.00015
HTH_23	PF13384.6	50	D4281.contig7_11	148	0.00021
HTH_28	PF13518.6	52	D4281.contig7_11	148	0.00029
Mu-like_Pro	PF10123.9	325	D4281.contig7_12	381	3.3e-06
Peptidase_S78	PF04586.17	163	D4281.contig7_12	381	1.8e-05
DUF1465	PF07323.12	154	D4281.contig7_15	148	0.00036
Polysacc_deac_3	PF15421.6	423	D4281.contig7_21	975	6.7e-52
zf-TFIIIC	PF12660.7	101	D4281.contig8_1	81	0.1
DUF3850	PF12961.7	77	D4281.contig8_2	138	2e-21
DASH_Spc34	PF08657.10	255	D4281.contig8_3	135	0.0045
DUF4976	PF16347.5	103	D4281.contig8_3	135	0.046
GP3_package	PF16677.5	113	D4281.contig8_5	147	5.2e-18
Terminase_6	PF03237.15	215	D4281.contig8_6	417	2.4e-11
Terminase_3	PF04466.13	201	D4281.contig8_6	417	4.3e-08
Phage_prot_Gp6	PF05133.14	420	D4281.contig8_7	515	1.7e-39
Phage_Mu_F	PF04233.14	112	D4281.contig8_8	305	3.3e-06
DUF4355	PF14265.6	125	D4281.contig8_11	207	1.3e-12
Spt5_N	PF11942.8	99	D4281.contig8_11	207	0.0076
DUF5309	PF17236.2	280	D4281.contig8_12	336	4.9e-19
HK97-gp10_like	PF04883.12	81	D4281.contig8_15	177	0.026
DUF3168	PF11367.8	117	D4281.contig8_16	130	0.12
zf-NADH-PPase	PF09297.11	32	D4281.contig8_20	293	0.0013
LptF_LptG	PF03739.14	354	D4281.contig8_20	293	0.0016
DZR	PF12773.7	49	D4281.contig8_20	293	0.0026
IMS	PF00817.20	150	D4281.contig8_21	414	1.4e-43
IMS_C	PF11799.8	118	D4281.contig8_21	414	1.8e-20
SRAP	PF02586.14	219	D4281.contig8_23	191	3.1e-38
DUF5047	PF16466.5	134	D4281.contig8_25	917	0.015
Big_7	PF17957.1	70	D4281.contig8_28	309	2.3e-08
Big_3_4	PF13754.6	105	D4281.contig8_29	98	8.8e-10
PKD	PF00801.20	71	D4281.contig8_29	98	0.0043
DUF4625	PF15418.6	132	D4281.contig8_29	98	0.026
Amidase_3	PF01520.18	175	D4281.contig8_32	274	1.9e-40
LGFP	PF08310.11	53	D4281.contig8_32	274	0.027
CYYR1	PF10873.8	149	D4281.contig9_2	95	0.042
Gp58	PF07902.11	594	D4281.contig9_4	341	3.4e-15
Gp58	PF07902.11	594	D4281.contig9_4	341	3.4e-15
CENP-F_leu_zip	PF10473.9	140	D4281.contig9_4	341	8.5e-08
DUF1664	PF07889.12	124	D4281.contig9_4	341	2.6e-07
Fez1	PF06818.15	198	D4281.contig9_4	341	6.2e-06
FPP	PF05911.11	867	D4281.contig9_4	341	0.00015
CALCOCO1	PF07888.11	498	D4281.contig9_4	341	0.00024
ATG16	PF08614.11	200	D4281.contig9_4	341	0.00031
DUF745	PF05335.13	183	D4281.contig9_4	341	0.00034
Spc7	PF08317.11	310	D4281.contig9_4	341	0.00034
APG6_N	PF17675.1	133	D4281.contig9_4	341	0.00064
DUF3597	PF12200.8	128	D4281.contig9_8	387	7.9e-07
HTH_23	PF13384.6	50	D4281.contig9_10	176	2.4e-08
HTH_28	PF13518.6	52	D4281.contig9_10	176	3.6e-05
HTH_Tnp_1	PF01527.20	75	D4281.contig9_10	176	7.9e-05
HTH_Tnp_1_2	PF13022.6	123	D4281.contig9_10	176	0.00012
Terminase_5	PF06056.12	58	D4281.contig9_10	176	0.00039
HTH_3	PF01381.22	55	D4281.contig9_10	176	0.0017
HTH_29	PF13551.6	63	D4281.contig9_10	176	0.0079
Terminase_6	PF03237.15	215	D4281.contig9_11	486	2.6e-22
Terminase_3	PF04466.13	201	D4281.contig9_11	486	2.8e-06
Peptidase_Prp	PF04327.12	90	D4281.contig9_13	114	3.7e-14
DUF3385	PF11865.8	161	D4281.contig9_13	114	0.0051
SPG4	PF17325.2	109	D4281.contig9_14	295	0.0033
Amidase_3	PF01520.18	175	D4281.contig10_1	276	7.8e-33
LGFP	PF08310.11	53	D4281.contig10_1	276	0.03
zinc_ribbon_2	PF13240.6	23	D4281.contig10_7	172	1.5e-10
Ribosomal_L12	PF00542.19	67	D4281.contig10_7	172	2.9e-10
DZR	PF12773.7	49	D4281.contig10_7	172	2.7e-09
zf-ribbon_3	PF13248.6	26	D4281.contig10_7	172	6.7e-06
zinc_ribbon_15	PF17032.5	86	D4281.contig10_7	172	0.00067
UPF0547	PF10571.9	26	D4281.contig10_7	172	0.0007
Phage_Gp15	PF06854.11	170	D4281.contig10_10	188	6.5e-28
Vma12	PF11712.8	139	D4281.contig10_11	153	0.038
Casc1	PF12366.8	250	D4281.contig10_12	172	0.021
Minor_capsid_2	PF11114.8	114	D4281.contig10_14	131	8.8e-07
Phage_capsid	PF05065.13	280	D4281.contig10_17	392	3.4e-31
CarboxypepD_reg	PF13620.6	82	D4281.contig10_17	392	1.3e-05
CarbopepD_reg_2	PF13715.6	88	D4281.contig10_17	392	0.00014
PEGA	PF08308.11	70	D4281.contig10_17	392	0.0018
Cadherin-like	PF12733.7	90	D4281.contig10_17	392	0.016
Phage_GP20	PF06810.11	149	D4281.contig10_18	184	3e-06
Phage_min_cap2	PF06152.11	367	D4281.contig10_20	497	1.9e-110
Phage_prot_Gp6	PF05133.14	420	D4281.contig10_21	534	1.9e-06
Terminase_6	PF03237.15	215	D4281.contig10_22	417	1.1e-09
Terminase_3	PF04466.13	201	D4281.contig10_22	417	7.2e-06
HTH_Tnp_1	PF01527.20	75	D4281.contig10_23	150	7.3e-06
HTH_23	PF13384.6	50	D4281.contig10_23	150	9.7e-05
HTH_19	PF12844.7	65	D4281.contig10_23	150	0.00095
HTH_28	PF13518.6	52	D4281.contig10_23	150	0.0011
HTH_Tnp_1_2	PF13022.6	123	D4281.contig10_23	150	0.0013
HTH_29	PF13551.6	63	D4281.contig10_23	150	0.0051
Dynein_attach_N	PF15867.5	69	D4281.contig10_24	138	0.012
Polo_box_2	PF18531.1	112	D4281.contig10_25	94	0.16
Phage_capsid	PF05065.13	280	D4281.contig11_2	294	9e-10
Phage_Gp19	PF09355.10	116	D4281.contig11_4	133	2.6e-42
Ins145_P3_rec	PF08709.11	213	D4281.contig11_4	133	0.0056
DUF5361	PF17318.2	87	D4281.contig11_10	118	1.5e-32
Sipho_tail	PF05709.11	255	D4281.contig11_12	237	4.6e-07
Prophage_tail	PF06605.11	316	D4281.contig11_13	651	9.7e-12
PhageMin_Tail	PF10145.9	198	D4281.contig11_14	160	0.0029
Syntaxin	PF00804.25	200	D4281.contig11_14	160	0.0069
Collagen	PF01391.18	60	D4281.contig11_15	157	0.00074
Peptidase_S24	PF00717.23	70	D4281.contig11_16	133	0.029
PCP_red	PF08369.10	45	D4281.contig11_17	62	0.061
CW_binding_1	PF01473.20	19	D4281.contig11_18	321	2e-06
CW_binding_1	PF01473.20	19	D4281.contig11_18	321	2e-06
CHAP	PF05257.16	83	D4281.contig11_18	321	0.00023
Phage_holin_4_1	PF05105.12	114	D4281.contig11_19	145	2.1e-36
Phage_integrase	PF00589.22	172	D4281.contig11_20	368	3.1e-21
Phage_int_SAM_3	PF14659.6	58	D4281.contig11_20	368	0.029
Bro-N	PF02498.17	95	D4281.contig11_21	277	3.1e-09
HTH_3	PF01381.22	55	D4281.contig11_22	122	3.2e-12
HTH_31	PF13560.6	64	D4281.contig11_22	122	5.6e-10
HTH_19	PF12844.7	65	D4281.contig11_22	122	1.1e-09
ANT	PF03374.14	108	D4281.contig11_24	253	1.7e-27
Bro-N	PF02498.17	95	D4281.contig11_24	253	3.9e-16
CelTOS	PF18659.1	122	D4281.contig11_24	253	0.0041
Tetraspanin	PF00335.20	229	D4281.contig11_25	65	0.084
PCI	PF01399.27	105	D4281.contig11_27	56	0.087
DUF3173	PF11372.8	58	D4281.contig11_28	71	0.053
VRR_NUC	PF08774.11	108	D4281.contig11_29	125	2.1e-15
HTH_38	PF13936.6	44	D4281.contig11_31	128	2.4e-05
Phage_holin_1	PF04531.13	82	D4281.contig12_3	100	2.3e-25
HTH_19	PF12844.7	65	D4281.contig12_6	86	9.4e-08
HTH_3	PF01381.22	55	D4281.contig12_6	86	5.6e-07
HTH_31	PF13560.6	64	D4281.contig12_6	86	9.6e-05
HTH_26	PF13443.6	63	D4281.contig12_6	86	0.00014
Resolvase	PF00239.21	146	D4281.contig12_7	528	4e-29
Recombinase	PF07508.13	104	D4281.contig12_7	528	1.6e-21
Zn_ribbon_recom	PF13408.6	58	D4281.contig12_7	528	1e-15
DUF4041	PF13250.6	56	D4281.contig12_9	445	1.4e-21
T5orf172	PF10544.9	103	D4281.contig12_9	445	1.3e-15
MUG113	PF13455.6	77	D4281.contig12_9	445	3.6e-15
HTH_26	PF13443.6	63	D4281.contig12_10	73	4.7e-09
HTH_31	PF13560.6	64	D4281.contig12_10	73	3.7e-08
HTH_3	PF01381.22	55	D4281.contig12_10	73	5.2e-08
HTH_25	PF13413.6	62	D4281.contig12_10	73	1.3e-05
HTH_19	PF12844.7	65	D4281.contig12_10	73	3.8e-05
Sigma70_r4	PF04545.16	50	D4281.contig12_10	73	0.001
HTH_23	PF13384.6	50	D4281.contig12_10	73	0.0044
HTH_3	PF01381.22	55	D4281.contig12_12	129	6.1e-08
HTH_31	PF13560.6	64	D4281.contig12_12	129	0.00018
HTH_19	PF12844.7	65	D4281.contig12_12	129	0.00025
HTH_19	PF12844.7	65	D4281.contig12_13	73	6.9e-06
HTH_26	PF13443.6	63	D4281.contig12_13	73	3.6e-05
HTH_3	PF01381.22	55	D4281.contig12_13	73	8.6e-05
HTH_35	PF13693.6	75	D4281.contig12_13	73	0.0056
DUF999	PF06198.11	143	D4281.contig12_14	77	0.031
Peptidase_C34	PF05413.11	92	D4281.contig12_14	77	0.055
TIG_plexin	PF17960.1	89	D4281.contig12_15	75	0.098
B12D	PF06522.11	69	D4281.contig12_16	56	0.025
KIP1	PF07765.12	74	D4281.contig12_17	110	0.0016
Claudin_2	PF13903.6	193	D4281.contig12_17	110	0.0056
Avl9	PF09794.9	379	D4281.contig12_18	47	0.027
CCER1	PF15482.6	213	D4281.contig12_21	51	0.017
Pentapeptide	PF00805.22	40	D4281.contig12_22	105	0.0008
RecT	PF03837.14	199	D4281.contig12_24	209	2.7e-06
FlaC_arch	PF05377.11	55	D4281.contig12_25	52	0.004
APG6_N	PF17675.1	133	D4281.contig12_25	52	0.015
Viral_P18	PF04521.13	122	D4281.contig12_25	52	0.022
SlyX	PF04102.12	67	D4281.contig12_25	52	0.027
DUF3799	PF12684.7	234	D4281.contig12_27	260	3.7e-75
zf-CHC2	PF01807.20	98	D4281.contig12_28	168	2e-13
DUF927	PF06048.11	287	D4281.contig12_29	610	5.4e-42
HTH_56	PF18662.1	111	D4281.contig12_29	610	1.3e-14
ResIII	PF04851.15	171	D4281.contig12_31	503	2.6e-22
Helicase_C	PF00271.31	111	D4281.contig12_31	503	4.5e-09
DEAD	PF00270.29	176	D4281.contig12_31	503	0.001
SWI2_SNF2	PF18766.1	224	D4281.contig12_31	503	0.0013
VRR_NUC	PF08774.11	108	D4281.contig12_32	128	7.8e-13
DUF3850	PF12961.7	77	D4281.contig12_36	80	1.1e-09
Big_3_4	PF13754.6	105	D4281.contig13_1	56	1.6e-08
PKD	PF00801.20	71	D4281.contig13_1	56	0.0027
Invasin_D3	PF09134.10	96	D4281.contig13_1	56	0.0058
DUF4625	PF15418.6	132	D4281.contig13_1	56	0.0086
Big_7	PF17957.1	70	D4281.contig13_2	309	6.2e-11
Big_7	PF17957.1	70	D4281.contig13_2	309	6.2e-11
TRAP-delta	PF05404.12	162	D4281.contig13_2	309	0.00059
DUF2313	PF10076.9	163	D4281.contig13_4	194	6.6e-32
Xpo1	PF08389.12	149	D4281.contig13_4	194	0.0044
Baseplate_J	PF04865.14	255	D4281.contig13_5	355	4.7e-58
DUF2634	PF10934.8	105	D4281.contig13_6	143	1.5e-28
DUF2577	PF10844.8	98	D4281.contig13_7	86	3.5e-08
DUF2577	PF10844.8	98	D4281.contig13_7	86	3.5e-08
LysM	PF01476.20	44	D4281.contig13_9	213	7.1e-13
ELL	PF10390.9	278	D4281.contig13_10	666	0.0026
Phage_TAC_5	PF08890.11	136	D4281.contig13_11	127	3e-18
DUF2001	PF09393.10	139	D4281.contig13_12	148	1.2e-45
Phage_sheath_1C	PF17482.2	104	D4281.contig13_13	358	1.9e-14
Phage_sheath_1	PF04984.14	168	D4281.contig13_13	358	5.2e-05
Peptidase_M44	PF03410.13	598	D4281.contig13_17	105	0.036
Phage_capsid	PF05065.13	280	D4281.contig13_18	416	1.8e-18
CLP_protease	PF00574.23	182	D4281.contig13_19	246	2e-33
SDH_sah	PF01972.16	286	D4281.contig13_19	246	7.4e-10
Peptidase_S49	PF01343.18	154	D4281.contig13_19	246	0.0012
Phage_portal	PF04860.12	314	D4281.contig13_20	410	1.1e-80
Terminase_1	PF03354.15	468	D4281.contig13_22	532	1.2e-55
Init_tRNA_PT	PF04179.12	110	D4281.contig13_22	532	0.0079
Helicase_RecD	PF05127.14	177	D4281.contig13_22	532	0.01
Terminase_4	PF05119.12	99	D4281.contig13_23	182	0.00022
DUF4817	PF16087.5	55	D4281.contig14_3	70	0.0048
Phage_int_SAM_1	PF02899.17	84	D4281.contig14_4	393	8.7e-05
Arm-DNA-bind_1	PF09003.10	74	D4281.contig14_4	393	0.00039
Phage_integrase	PF00589.22	172	D4281.contig14_4	393	0.00047
Phage_int_SAM_5	PF13102.6	99	D4281.contig14_4	393	0.00069
Phage_int_SAM_4	PF13495.6	85	D4281.contig14_4	393	0.011
DinI	PF06183.13	63	D4281.contig14_5	80	4.9e-23
Cloacin	PF03515.14	277	D4281.contig14_7	770	1.4e-53
Pyocin_S	PF06958.12	139	D4281.contig14_7	770	5.1e-37
Pyocin_S	PF06958.12	139	D4281.contig14_7	770	5.1e-37
Colicin_immun	PF09204.10	88	D4281.contig14_9	86	4.4e-13
DUF1983	PF09327.11	81	D4281.contig14_13	1156	6.2e-29
Phage-tail_3	PF13550.6	164	D4281.contig14_13	1156	5.2e-15
F5_F8_type_C	PF00754.25	127	D4281.contig14_13	1156	0.00011
Lambda_tail_I	PF06805.12	86	D4281.contig14_14	206	1.1e-08
NLPC_P60	PF00877.19	105	D4281.contig14_15	246	1.2e-15
Prok-JAB	PF14464.6	118	D4281.contig14_15	246	6.6e-14
Phage_tail_L	PF05100.12	206	D4281.contig14_16	247	2.2e-69
Pentapeptide	PF00805.22	40	D4281.contig15_1	126	5.5e-37
Pentapeptide	PF00805.22	40	D4281.contig15_1	126	5.5e-37
Pentapeptide	PF00805.22	40	D4281.contig15_1	126	5.5e-37
Pentapeptide_3	PF13576.6	48	D4281.contig15_1	126	5.8e-10
Pentapeptide_3	PF13576.6	48	D4281.contig15_1	126	5.8e-10
Pentapeptide_4	PF13599.6	77	D4281.contig15_1	126	2e-08
Crinivirus_P26	PF07416.11	227	D4281.contig15_2	80	0.0075
DUF1204	PF06721.11	228	D4281.contig15_2	80	0.035
HTH_3	PF01381.22	55	D4281.contig15_5	130	2e-13
HTH_19	PF12844.7	65	D4281.contig15_5	130	2.7e-13
HTH_31	PF13560.6	64	D4281.contig15_5	130	2.8e-08
HTH_37	PF13744.6	80	D4281.contig15_5	130	5.2e-05
HTH_25	PF13413.6	62	D4281.contig15_5	130	0.00013
Phage_CI_repr	PF07022.13	65	D4281.contig15_5	130	0.00025
HTH_3	PF01381.22	55	D4281.contig15_6	82	2.6e-11
HTH_31	PF13560.6	64	D4281.contig15_6	82	2e-10
HTH_26	PF13443.6	63	D4281.contig15_6	82	1.4e-09
HTH_19	PF12844.7	65	D4281.contig15_6	82	8.6e-08
HTH_25	PF13413.6	62	D4281.contig15_6	82	5.9e-06
Sigma70_r4	PF04545.16	50	D4281.contig15_6	82	0.001
HTH_23	PF13384.6	50	D4281.contig15_6	82	0.0058
RNase_T	PF00929.24	165	D4281.contig15_8	395	4.5e-21
BRCT	PF00533.26	79	D4281.contig15_8	395	1.9e-05
DUF5051	PF16473.5	166	D4281.contig15_8	395	8.9e-05
DNA_pol_A_exo1	PF01612.20	176	D4281.contig15_8	395	0.0017
Phage_integrase	PF00589.22	172	D4281.contig15_9	425	1.3e-20
Phage_int_SAM_3	PF14659.6	58	D4281.contig15_9	425	1.5e-12
Phage_int_SAM_1	PF02899.17	84	D4281.contig15_9	425	0.0044
HicA_toxin	PF07927.12	58	D4281.contig15_10	58	4e-09
HicB_lk_antitox	PF15919.5	123	D4281.contig15_11	131	2.7e-08
Helicase_C	PF00271.31	111	D4281.contig15_14	488	3.5e-10
SNF2_N	PF00176.23	350	D4281.contig15_14	488	1.7e-08
ResIII	PF04851.15	171	D4281.contig15_14	488	1.2e-05
PhoH	PF02562.16	205	D4281.contig15_14	488	0.0042
PAPS_reduct	PF01507.19	174	D4281.contig15_16	375	1.8e-13
PAPS_reduct	PF01507.19	174	D4281.contig15_16	375	1.8e-13
DUF3440	PF11922.8	182	D4281.contig15_16	375	1.4e-11
ATP_bind_3	PF01171.20	182	D4281.contig15_16	375	0.00017
ParBc	PF02195.18	90	D4281.contig15_17	181	1.8e-08
HTH_19	PF12844.7	65	D4281.contig15_19	71	4.5e-11
HTH_3	PF01381.22	55	D4281.contig15_19	71	4.5e-10
HTH_31	PF13560.6	64	D4281.contig15_19	71	2.1e-06
HTH_26	PF13443.6	63	D4281.contig15_19	71	2.4e-05
HTH_25	PF13413.6	62	D4281.contig15_19	71	0.0037
Phage_r1t_holin	PF16945.5	72	D4281.contig15_20	69	3.3e-13
Amidase_2	PF01510.25	126	D4281.contig15_22	317	4.3e-26
FIVAR	PF07554.13	71	D4281.contig15_23	155	0.0041
CBM_5_12	PF02839.14	25	D4281.contig15_23	155	0.01
Ead_Ea22	PF13935.6	139	D4281.contig16_1	123	5.9e-06
PAPS_reduct	PF01507.19	174	D4281.contig16_3	258	5.3e-07
Diphthami_syn_2	PF01902.17	219	D4281.contig16_3	258	0.044
FaeA	PF04703.12	62	D4281.contig16_5	85	0.0046
HTH_24	PF13412.6	48	D4281.contig16_5	85	0.005
FeoC	PF09012.10	69	D4281.contig16_5	85	0.017
YvrJ	PF12841.7	36	D4281.contig16_6	59	0.06
HD_2	PF12917.7	182	D4281.contig16_7	180	0.00022
DUF2303	PF10065.9	267	D4281.contig16_8	276	6.9e-74
BRCT	PF00533.26	79	D4281.contig16_10	294	7e-07
HTH_3	PF01381.22	55	D4281.contig16_11	229	1.9e-15
HTH_19	PF12844.7	65	D4281.contig16_11	229	2.3e-13
HTH_31	PF13560.6	64	D4281.contig16_11	229	1.4e-11
Peptidase_S24	PF00717.23	70	D4281.contig16_11	229	1.8e-06
HTH_26	PF13443.6	63	D4281.contig16_11	229	5.7e-06
HTH_25	PF13413.6	62	D4281.contig16_11	229	1.2e-05
HTH_24	PF13412.6	48	D4281.contig16_11	229	0.00047
YdaS_antitoxin	PF15943.5	65	D4281.contig16_12	81	4.6e-13
HTH_Tnp_IS630	PF01710.16	119	D4281.contig16_12	81	0.078
ANT	PF03374.14	108	D4281.contig16_14	238	1.1e-22
Phage_pRha	PF09669.10	88	D4281.contig16_14	238	4.2e-16
DUF4222	PF13973.6	53	D4281.contig16_15	60	1.1e-20
Phg_2220_C	PF09524.10	74	D4281.contig16_16	331	2.8e-25
Dam	PF05869.11	171	D4281.contig16_17	112	1.2e-17
RusA	PF05866.11	124	D4281.contig16_17	112	0.0042
ANT	PF03374.14	108	D4281.contig16_18	229	2.1e-27
Phage_pRha	PF09669.10	88	D4281.contig16_18	229	2.7e-13
DUF968	PF06147.11	200	D4281.contig16_19	332	1.4e-76
HNHc_6	PF16784.5	200	D4281.contig16_19	332	3.3e-05
Antiterm	PF03589.13	87	D4281.contig16_20	270	3.8e-50
Antiterm	PF03589.13	87	D4281.contig16_20	270	3.8e-50
DnaJ_CXXCXGXG	PF00684.19	67	D4281.contig16_20	270	1.5e-07
zinc_ribbon_9	PF14369.6	35	D4281.contig16_20	270	0.014
CRCB	PF02537.15	95	D4281.contig16_21	199	0.0053
Phage_holin_8	PF16931.5	123	D4281.contig16_22	131	3.4e-42
Phage_holin_3_7	PF05449.11	80	D4281.contig16_23	93	1.5e-27
PRRSV_2b	PF07069.11	73	D4281.contig16_23	93	0.0011
YlqD	PF11068.8	131	D4281.contig17_2	131	0.036
Fib_alpha	PF08702.10	143	D4281.contig17_4	789	0.021
bPH_5	PF10882.8	100	D4281.contig17_5	198	0.0045
zf-LITAF-like	PF10601.9	70	D4281.contig17_5	198	0.0085
DinI	PF06183.13	63	D4281.contig17_6	67	0.006
Ric8	PF10165.9	459	D4281.contig17_6	67	0.014
Phage_tail_2	PF06199.11	135	D4281.contig17_9	152	0.082
Minor_capsid_2	PF11114.8	114	D4281.contig17_12	129	1.2e-08
Rho_N	PF07498.12	43	D4281.contig17_15	105	0.0026
Big_3	PF07523.12	68	D4281.contig17_16	143	1.6e-12
Phage_GP20	PF06810.11	149	D4281.contig17_18	199	9.4e-40
Filament	PF00038.21	312	D4281.contig17_18	199	0.0049
PGDYG	PF14083.6	102	D4281.contig17_19	126	9.3e-05
Cys_rich_CPCC	PF14206.6	75	D4281.contig17_20	35	0.069
PAP2_3	PF14378.6	190	D4281.contig18_1	222	1.5e-06
PAP2	PF01569.21	136	D4281.contig18_1	222	6.7e-06
Glycos_transf_2	PF00535.26	170	D4281.contig18_2	340	3.9e-26
Glyco_tranf_2_3	PF13641.6	230	D4281.contig18_2	340	1.3e-11
Glyco_tranf_2_2	PF10111.9	276	D4281.contig18_2	340	2e-06
CPBP	PF02517.16	92	D4281.contig18_3	151	6.2e-15
AA_kinase	PF00696.28	241	D4281.contig18_4	310	3.4e-25
CarD_CdnL_TRCF	PF02559.16	96	D4281.contig18_5	164	6.6e-06
PadR	PF03551.14	75	D4281.contig18_6	111	8.2e-24
RTP	PF02334.16	115	D4281.contig18_6	111	5.3e-05
DUF505	PF04458.12	620	D4281.contig18_6	111	0.044
CW_binding_1	PF01473.20	19	D4281.contig18_8	248	1.5e-07
CW_binding_1	PF01473.20	19	D4281.contig18_8	248	1.5e-07
tRNA-synt_1b	PF00579.25	293	D4281.contig18_9	409	2.5e-74
S4	PF01479.25	48	D4281.contig18_9	409	4.5e-08
TyrRSs_C	PF16714.5	120	D4281.contig18_9	409	0.0067
EamA	PF00892.20	137	D4281.contig18_10	306	1.2e-35
EamA	PF00892.20	137	D4281.contig18_10	306	1.2e-35
DAHP_synth_1	PF00793.20	275	D4281.contig18_11	344	1.7e-52
ROK	PF00480.20	294	D4281.contig18_12	402	1.2e-36
HTH_24	PF13412.6	48	D4281.contig18_12	402	1.1e-05
MarR_2	PF12802.7	62	D4281.contig18_12	402	1.7e-05
MarR	PF01047.22	59	D4281.contig18_12	402	8.4e-05
HTH_IclR	PF09339.10	52	D4281.contig18_12	402	0.00051
HTH_Crp_2	PF13545.6	68	D4281.contig18_12	402	0.0006
HTH_5	PF01022.20	47	D4281.contig18_12	402	0.0055
Fucose_iso_C	PF02952.17	143	D4281.contig18_13	446	2.5e-07
TauE	PF01925.19	236	D4281.contig18_14	74	7.6e-05
N6_Mtase	PF02384.16	312	D4281.contig19_4	187	1.4e-09
Phage_integrase	PF00589.22	172	D4281.contig19_5	339	1e-35
Phage_int_SAM_4	PF13495.6	85	D4281.contig19_5	339	1.8e-12
Phage_int_SAM_1	PF02899.17	84	D4281.contig19_5	339	4.3e-06
DUF3435	PF11917.8	418	D4281.contig19_5	339	0.0066
Phage_integrase	PF00589.22	172	D4281.contig19_10	223	1.5e-05
DUF1677	PF07911.13	89	D4281.contig19_10	223	0.031
DnaJ_CXXCXGXG	PF00684.19	67	D4281.contig19_12	86	0.00017
Anti-TRAP	PF15777.5	59	D4281.contig19_12	86	0.00057
Biotin_lipoyl	PF00364.22	73	D4281.contig19_13	95	0.086
Phage_Mu_Gam	PF07352.12	155	D4281.contig19_15	176	2.7e-33
DndB	PF14072.6	346	D4281.contig19_15	176	0.0025
HTH_31	PF13560.6	64	D4281.contig19_16	105	0.021
HTH_17	PF12728.7	51	D4281.contig19_17	196	2.6e-05
MerR_1	PF13411.6	69	D4281.contig19_17	196	0.004
AAA_25	PF13481.6	194	D4281.contig19_19	214	0.00021
DnaB_C	PF03796.15	255	D4281.contig19_19	214	0.00049
RNA_helicase	PF00910.22	107	D4281.contig19_19	214	0.0016
AAA	PF00004.29	132	D4281.contig19_19	214	0.0042
AAA_22	PF13401.6	137	D4281.contig19_20	297	1.6e-11
AAA_5	PF07728.14	138	D4281.contig19_20	297	1.3e-05
TniB	PF05621.11	189	D4281.contig19_20	297	0.00015
LacI	PF00356.21	46	D4281.contig19_20	297	0.00031
Phage-MuB_C	PF09077.11	78	D4281.contig19_20	297	0.00044
HTH_3	PF01381.22	55	D4281.contig19_20	297	0.00082
NACHT	PF05729.12	166	D4281.contig19_20	297	0.0018
rve	PF00665.26	119	D4281.contig19_21	689	2.6e-06
DDE_Tnp_IS240	PF13610.6	140	D4281.contig19_21	689	0.00033
GntR	PF00392.21	64	D4281.contig19_25	73	0.009
Peptidase_S24	PF00717.23	70	D4281.contig19_26	267	2.7e-07
Phage_CI_repr	PF07022.13	65	D4281.contig19_26	267	0.011
RE_LlaMI	PF09562.10	242	D4281.contig19_26	267	0.017
LPAM_1	PF08139.12	18	D4281.contig19_27	65	0.018
SSB	PF00436.25	104	D4281.contig20_4	133	1.7e-27
DUF3850	PF12961.7	77	D4281.contig20_5	99	1.8e-25
ASCH	PF04266.14	107	D4281.contig20_5	99	0.00021
DUF620	PF04788.12	243	D4281.contig20_6	96	0.05
DUF4211	PF13926.6	144	D4281.contig20_7	166	0.0071
DDE_Tnp_1_3	PF13612.6	155	D4281.contig20_7	166	0.039
sCache_3_3	PF17202.4	107	D4281.contig20_8	70	0.019
HTH_19	PF12844.7	65	D4281.contig20_10	48	0.025
DUF1281_C	PF18406.1	87	D4281.contig20_11	104	1.9e-05
DUF4373	PF14297.6	96	D4281.contig20_14	279	2.8e-27
DnaB_2	PF07261.11	74	D4281.contig20_14	279	2.6e-09
DUF1351	PF07083.11	210	D4281.contig20_15	311	1.5e-45
ERF	PF04404.12	153	D4281.contig20_16	230	1.6e-12
Big_3_2	PF12245.8	123	D4281.contig20_17	56	0.11
DUF4515	PF14988.6	206	D4281.contig20_18	176	6.3e-05
TRAF_BIRC3_bd	PF16673.5	64	D4281.contig20_22	103	0.003
HTH_17	PF12728.7	51	D4281.contig20_23	101	0.00019
ORF6N	PF10543.9	84	D4281.contig20_23	101	0.0036
MerR_1	PF13411.6	69	D4281.contig20_23	101	0.0052
NYD-SP28_assoc	PF14775.6	60	D4281.contig20_23	101	0.006
Phage_pRha	PF09669.10	88	D4281.contig20_24	274	1.2e-22
HTH_3	PF01381.22	55	D4281.contig20_25	64	9.1e-09
HTH_19	PF12844.7	65	D4281.contig20_25	64	3.8e-06
HTH_26	PF13443.6	63	D4281.contig20_25	64	0.00027
HTH_31	PF13560.6	64	D4281.contig20_25	64	0.00048
HTH_19	PF12844.7	65	D4281.contig20_26	113	2.1e-12
HTH_3	PF01381.22	55	D4281.contig20_26	113	7.6e-11
HTH_31	PF13560.6	64	D4281.contig20_26	113	8.2e-11
HTH_26	PF13443.6	63	D4281.contig20_26	113	3.3e-05
HTH_25	PF13413.6	62	D4281.contig20_26	113	0.00015
HTH_37	PF13744.6	80	D4281.contig20_26	113	0.006
Peptidase_M78	PF06114.13	123	D4281.contig20_27	222	4.3e-07
Phage_integrase	PF00589.22	172	D4281.contig20_29	357	2.1e-26
Arm-DNA-bind_4	PF14657.6	46	D4281.contig20_29	357	3e-13
Phage_int_SAM_3	PF14659.6	58	D4281.contig20_29	357	6.6e-08
Phage_int_SAM_5	PF13102.6	99	D4281.contig20_29	357	0.00056
Phage_int_SAM_4	PF13495.6	85	D4281.contig20_29	357	0.0023
DUF4907	PF16250.5	67	D4281.contig20_29	357	0.019
Phage_holin_1	PF04531.13	82	D4281.contig21_2	93	7.8e-27
DUF1922	PF09082.10	67	D4281.contig21_4	137	0.0088
ParBc	PF02195.18	90	D4281.contig21_7	119	7.2e-07
Ku	PF02735.16	204	D4281.contig21_8	263	2e-41
DNA_ligase_A_M	PF01068.21	204	D4281.contig21_9	313	7.5e-28
DNA_ligase_A_C	PF04679.15	99	D4281.contig21_9	313	1.3e-14
RNA_ligase	PF09414.10	161	D4281.contig21_9	313	4.3e-07
HicB_lk_antitox	PF15919.5	123	D4281.contig21_10	140	1.2e-16
HicA_toxin	PF07927.12	58	D4281.contig21_11	66	2.6e-20
DUF5044	PF16447.5	178	D4281.contig21_11	66	0.049
DNA_ligase_A_M	PF01068.21	204	D4281.contig21_13	274	0.0004
Phage_integrase	PF00589.22	172	D4281.contig21_14	385	1.5e-25
Phage_int_SAM_3	PF14659.6	58	D4281.contig21_14	385	7.6e-07
Arm-DNA-bind_4	PF14657.6	46	D4281.contig21_14	385	0.00037
Phage_int_SAM_5	PF13102.6	99	D4281.contig21_14	385	0.0045
HTH_3	PF01381.22	55	D4281.contig21_15	80	2.4e-12
HTH_19	PF12844.7	65	D4281.contig21_15	80	4.1e-09
HTH_31	PF13560.6	64	D4281.contig21_15	80	1.5e-08
HTH_26	PF13443.6	63	D4281.contig21_15	80	9.6e-06
HTH_26	PF13443.6	63	D4281.contig21_16	134	0.00041
HTH_3	PF01381.22	55	D4281.contig21_16	134	0.0019
HTH_30	PF13556.6	59	D4281.contig21_17	84	0.018
HTH_17	PF12728.7	51	D4281.contig21_18	98	0.00088
HMG_box_2	PF09011.10	73	D4281.contig21_19	98	0.0084
Phage_pRha	PF09669.10	88	D4281.contig22_1	237	7.6e-29
GCP_N_terminal	PF17681.1	306	D4281.contig22_1	237	0.0017
Phage_integrase	PF00589.22	172	D4281.contig22_2	446	1.2e-20
Phage_int_SAM_3	PF14659.6	58	D4281.contig22_2	446	2.5e-09
Phage_int_SAM_5	PF13102.6	99	D4281.contig22_2	446	0.0045
HTH_3	PF01381.22	55	D4281.contig22_3	160	4.3e-14
HTH_19	PF12844.7	65	D4281.contig22_3	160	1.9e-12
HTH_31	PF13560.6	64	D4281.contig22_3	160	6.3e-10
HTH_26	PF13443.6	63	D4281.contig22_3	160	1.8e-06
HTH_25	PF13413.6	62	D4281.contig22_3	160	0.0016
HTH_23	PF13384.6	50	D4281.contig22_3	160	0.0032
HTH_26	PF13443.6	63	D4281.contig22_4	73	3e-07
HTH_19	PF12844.7	65	D4281.contig22_4	73	6e-06
HTH_3	PF01381.22	55	D4281.contig22_4	73	1.6e-05
HNF-1_N	PF04814.13	194	D4281.contig22_4	73	2.7e-05
HTH_31	PF13560.6	64	D4281.contig22_4	73	0.00014
HTH_35	PF13693.6	75	D4281.contig22_4	73	0.001
HTH_37	PF13744.6	80	D4281.contig22_4	73	0.019
Activator-TraM	PF11657.8	142	D4281.contig22_5	68	0.009
DUF267	PF03268.14	360	D4281.contig22_6	145	0.0054
R3H	PF01424.22	60	D4281.contig22_7	42	0.089
HTH_17	PF12728.7	51	D4281.contig22_8	107	0.014
ANT	PF03374.14	108	D4281.contig22_9	153	4.6e-31
VRR_NUC	PF08774.11	108	D4281.contig22_15	144	4.4e-12
Phage_integrase	PF00589.22	172	D4281.contig22_16	336	2.4e-29
Phage_int_SAM_4	PF13495.6	85	D4281.contig22_16	336	2.7e-09
Phage_int_SAM_1	PF02899.17	84	D4281.contig22_16	336	7.9e-06
HEPN_AbiV	PF18728.1	164	D4281.contig22_20	93	0.067
MazE_antitoxin	PF04014.18	46	D4281.contig22_21	96	3.5e-09
Methyltransf_11	PF08241.12	96	D4281.contig22_22	154	1.9e-05
Methyltransf_25	PF13649.6	97	D4281.contig22_22	154	0.0034
Phage_portal	PF04860.12	314	D4281.contig23_1	242	6.6e-48
Peptidase_S78	PF04586.17	163	D4281.contig23_2	187	2.7e-48
HNH_3	PF13392.6	46	D4281.contig23_3	180	1.9e-20
AP2	PF00847.20	54	D4281.contig23_3	180	0.00033
Phage_capsid	PF05065.13	280	D4281.contig23_4	389	1.9e-66
Coatomer_WDAD	PF04053.14	445	D4281.contig23_6	354	0.056
Pox_D5	PF03288.16	86	D4281.contig23_8	584	1e-14
D5_N	PF08706.11	151	D4281.contig23_8	584	6.2e-08
PPV_E1_C	PF00519.17	432	D4281.contig23_8	584	0.00019
Phage_AlpA	PF05930.12	51	D4281.contig23_13	95	2.3e-10
Phage_integrase	PF00589.22	172	D4281.contig23_15	408	8.3e-18
Arm-DNA-bind_3	PF13356.6	74	D4281.contig23_15	408	2.7e-15
Phage_int_SAM_3	PF14659.6	58	D4281.contig23_15	408	0.0013
DUF2195	PF09961.9	117	D4281.contig23_16	63	0.11
Terminase_1	PF03354.15	468	D4281.contig24_1	511	3.1e-49
Phage_portal	PF04860.12	314	D4281.contig24_2	407	8.5e-63
Peptidase_S78	PF04586.17	163	D4281.contig24_3	210	1.9e-35
DUF2213	PF09979.9	168	D4281.contig24_3	210	0.011
DUF4860	PF16152.5	97	D4281.contig24_3	210	0.015
CCDC85	PF10226.9	193	D4281.contig24_3	210	0.018
Phage_capsid	PF05065.13	280	D4281.contig24_4	384	2.7e-48
Phage_connect_1	PF05135.13	99	D4281.contig24_6	95	6.8e-12
Phage_H_T_join	PF05521.11	96	D4281.contig24_7	113	1.5e-12
HK97-gp10_like	PF04883.12	81	D4281.contig24_8	169	0.026
Phage_sheath_1C	PF17482.2	104	D4281.contig24_10	362	9e-19
DUF2001	PF09393.10	139	D4281.contig24_11	142	3e-38
SBP_bac_6	PF13343.6	245	D4281.contig25_1	338	6.8e-27
SBP_bac_11	PF13531.6	230	D4281.contig25_1	338	1.1e-21
SBP_bac_8	PF13416.6	282	D4281.contig25_1	338	3.6e-19
SBP_bac_1	PF01547.25	315	D4281.contig25_1	338	0.0047
His_kinase	PF06580.13	78	D4281.contig25_2	570	1.4e-24
HATPase_c	PF02518.26	112	D4281.contig25_2	570	2.1e-07
dCache_1	PF02743.18	249	D4281.contig25_2	570	4.9e-07
HAMP	PF00672.25	53	D4281.contig25_2	570	0.012
Response_reg	PF00072.24	112	D4281.contig25_3	259	7.3e-21
HTH_18	PF12833.7	81	D4281.contig25_3	259	2.1e-17
HTH_AraC	PF00165.23	42	D4281.contig25_3	259	2.9e-15
HTH_AraC	PF00165.23	42	D4281.contig25_3	259	2.9e-15
MatE	PF01554.18	161	D4281.contig25_4	443	1.3e-37
MatE	PF01554.18	161	D4281.contig25_4	443	1.3e-37
Polysacc_synt_C	PF14667.6	143	D4281.contig25_4	443	2.3e-06
Polysacc_synt_C	PF14667.6	143	D4281.contig25_4	443	2.3e-06
MerR_1	PF13411.6	69	D4281.contig25_5	281	4e-17
MerR	PF00376.23	38	D4281.contig25_5	281	4e-12
MerR-DNA-bind	PF09278.11	65	D4281.contig25_5	281	1.7e-07
DUF2533	PF10752.9	83	D4281.contig25_5	281	0.004
GGDEF	PF00990.21	161	D4281.contig25_6	421	2.8e-27
SUFU	PF05076.13	172	D4281.contig25_7	258	5e-40
Response_reg	PF00072.24	112	D4281.contig25_8	264	7.5e-21
HTH_AraC	PF00165.23	42	D4281.contig25_8	264	4.1e-18
HTH_AraC	PF00165.23	42	D4281.contig25_8	264	4.1e-18
HTH_18	PF12833.7	81	D4281.contig25_8	264	1.3e-16
His_kinase	PF06580.13	78	D4281.contig25_9	322	1.3e-21
HATPase_c	PF02518.26	112	D4281.contig25_9	322	6.1e-10
HATPase_c_3	PF13589.6	137	D4281.contig25_9	322	0.0088
HK97-gp10_like	PF04883.12	81	D4281.contig26_1	156	7.4e-06
JmjC	PF02373.22	114	D4281.contig26_3	307	0.052
Phage_GP20	PF06810.11	149	D4281.contig26_4	206	0.00099
YicC_N	PF03755.13	151	D4281.contig26_5	379	0.0012
Terminase_6C	PF17289.2	155	D4281.contig26_7	387	0.00083
Terminase_6	PF03237.15	215	D4281.contig26_7	387	0.027
HTH_Tnp_1_2	PF13022.6	123	D4281.contig26_9	172	7e-05
HTH_23	PF13384.6	50	D4281.contig26_9	172	8.7e-05
HTH_28	PF13518.6	52	D4281.contig26_9	172	0.00095
Sigma70_r4_2	PF08281.12	54	D4281.contig26_10	182	0.00088
HTH_28	PF13518.6	52	D4281.contig26_10	182	0.00097
DUF962	PF06127.11	95	D4281.contig26_11	49	0.0047
DUF202	PF02656.15	68	D4281.contig26_11	49	0.021
Saf_2TM	PF18303.1	152	D4281.contig26_11	49	0.023
DUF1576	PF07613.11	176	D4281.contig26_16	68	0.021
Dimerisation2	PF16864.5	90	D4281.contig26_17	40	0.058
HicB	PF05534.12	51	D4281.contig27_2	64	0.0048
E2F_CC-MB	PF16421.5	95	D4281.contig27_3	65	0.11
MIB_HERC2	PF06701.13	65	D4281.contig27_5	102	0.05
SPATA24	PF15175.6	182	D4281.contig27_6	78	0.0026
DUF3228	PF11539.8	194	D4281.contig27_6	78	0.012
Viral_Rep	PF02407.16	82	D4281.contig27_7	358	0.002
RNA_helicase	PF00910.22	107	D4281.contig27_7	358	0.035
LPP	PF04728.13	53	D4281.contig27_9	112	1.4e-07
DUF1664	PF07889.12	124	D4281.contig27_9	112	1.3e-06
ADIP	PF11559.8	152	D4281.contig27_9	112	4.1e-06
YscO	PF07321.12	149	D4281.contig27_9	112	0.0001
Spc7	PF08317.11	310	D4281.contig27_9	112	0.00021
CENP-F_leu_zip	PF10473.9	140	D4281.contig27_9	112	0.00027
DUF4618	PF15397.6	258	D4281.contig27_9	112	0.0003
Laminin_I	PF06008.14	259	D4281.contig27_9	112	0.00033
Baculo_PEP_C	PF04513.12	140	D4281.contig27_9	112	0.00033
Fez1	PF06818.15	198	D4281.contig27_9	112	0.00037
CALCOCO1	PF07888.11	498	D4281.contig27_9	112	0.00053
Filament	PF00038.21	312	D4281.contig27_9	112	0.00082
HTH_3	PF01381.22	55	D4281.contig27_10	81	1.7e-14
HTH_19	PF12844.7	65	D4281.contig27_10	81	7.6e-12
HTH_31	PF13560.6	64	D4281.contig27_10	81	3.5e-11
HTH_37	PF13744.6	80	D4281.contig27_10	81	5.4e-07
HTH_26	PF13443.6	63	D4281.contig27_10	81	7.3e-06
MqsA_antitoxin	PF15731.5	131	D4281.contig27_10	81	0.00013
BetR	PF08667.10	148	D4281.contig27_10	81	0.00042
Baculo_PEP_C	PF04513.12	140	D4281.contig27_12	311	0.0019
Tht1	PF04163.12	544	D4281.contig27_12	311	0.0062
Zot	PF05707.12	194	D4281.contig27_20	237	1.5e-07
AAA_16	PF13191.6	170	D4281.contig27_20	237	7.4e-05
AAA_29	PF13555.6	61	D4281.contig27_20	237	0.0016
Phage-scaffold	PF09306.10	303	D4281.contig28_2	304	4.4e-179
P22_CoatProtein	PF11651.8	417	D4281.contig28_3	432	8e-131
Trypan_PARP	PF05887.11	134	D4281.contig28_4	81	0.038
P22_Tail-4	PF11650.8	164	D4281.contig28_5	167	1.3e-62
Phage_stabilise	PF11134.8	469	D4281.contig28_6	473	4.6e-272
NUMOD4	PF07463.11	49	D4281.contig28_7	178	2.1e-12
HNH_3	PF13392.6	46	D4281.contig28_7	178	7.6e-11
HTH_23	PF13384.6	50	D4281.contig28_7	178	0.0036
HTH_38	PF13936.6	44	D4281.contig28_7	178	0.0053
Phage_tail_NK	PF16532.5	175	D4281.contig28_8	283	8.2e-116
DUF4349	PF14257.6	213	D4281.contig28_8	283	7e-05
XhlA	PF10779.9	67	D4281.contig28_8	283	0.00014
ATG16	PF08614.11	200	D4281.contig28_8	283	0.00023
Tropomyosin	PF00261.20	237	D4281.contig28_8	283	0.00045
Tropomyosin_1	PF12718.7	143	D4281.contig28_8	283	0.0005
DUF812	PF05667.11	595	D4281.contig28_8	283	0.0011
Exonuc_VII_L	PF02601.15	304	D4281.contig28_8	283	0.0015
DUF2824	PF11039.8	151	D4281.contig28_9	152	1.2e-54
Gly-zipper_YMGG	PF13441.6	46	D4281.contig28_10	232	0.00014
DUF4847	PF16139.5	143	D4281.contig28_10	232	0.045
Inj_translocase	PF16928.5	218	D4281.contig28_11	404	1e-108
CitMHS	PF03600.16	300	D4281.contig29_1	427	2.9e-36
CitMHS	PF03600.16	300	D4281.contig29_1	427	2.9e-36
Na_sulph_symp	PF00939.19	472	D4281.contig29_1	427	7.7e-17
Na_sulph_symp	PF00939.19	472	D4281.contig29_1	427	7.7e-17
Na_sulph_symp	PF00939.19	472	D4281.contig29_1	427	7.7e-17
DctM	PF06808.12	416	D4281.contig29_1	427	1.1e-05
HTH_29	PF13551.6	63	D4281.contig29_2	170	5.5e-09
HTH_32	PF13565.6	73	D4281.contig29_2	170	1.6e-07
HTH_23	PF13384.6	50	D4281.contig29_2	170	0.0017
DDE_3	PF13358.6	146	D4281.contig29_3	211	3.3e-25
HTH_1	PF00126.27	60	D4281.contig29_5	307	1.3e-14
LysR_substrate	PF03466.20	209	D4281.contig29_5	307	7.7e-06
Mga	PF05043.13	87	D4281.contig29_5	307	0.0082
Meth_synt_2	PF01717.18	324	D4281.contig29_6	757	2.3e-144
Meth_synt_2	PF01717.18	324	D4281.contig29_6	757	2.3e-144
Meth_synt_1	PF08267.12	313	D4281.contig29_6	757	4.7e-117
Meth_synt_1	PF08267.12	313	D4281.contig29_6	757	4.7e-117
MTHFR	PF02219.17	287	D4281.contig29_7	286	3.5e-73
Phage_holin_4_1	PF05105.12	114	D4281.contig30_2	177	3.2e-05
MFS_Mycoplasma	PF07672.13	274	D4281.contig30_2	177	0.32
Peptidase_M15_3	PF08291.11	111	D4281.contig30_3	130	9.8e-28
Peptidase_M15_2	PF05951.13	153	D4281.contig30_3	130	2.5e-13
DUF1759	PF03564.15	148	D4281.contig30_4	150	0.013
Resolvase	PF00239.21	146	D4281.contig30_5	520	6.6e-32
Recombinase	PF07508.13	104	D4281.contig30_5	520	1.2e-16
Zn_ribbon_recom	PF13408.6	58	D4281.contig30_5	520	7.4e-14
Baculo_PEP_C	PF04513.12	140	D4281.contig30_5	520	0.018
HTH_3	PF01381.22	55	D4281.contig30_7	176	1.4e-09
HTH_26	PF13443.6	63	D4281.contig30_7	176	8.3e-08
HTH_19	PF12844.7	65	D4281.contig30_7	176	8.8e-07
HTH_31	PF13560.6	64	D4281.contig30_7	176	0.0025
HTH_3	PF01381.22	55	D4281.contig30_8	61	3.8e-09
HTH_26	PF13443.6	63	D4281.contig30_8	61	4.9e-09
HTH_19	PF12844.7	65	D4281.contig30_8	61	2.2e-06
BetR	PF08667.10	148	D4281.contig30_8	61	0.0046
ANT	PF03374.14	108	D4281.contig30_9	249	1.6e-31
Bro-N	PF02498.17	95	D4281.contig30_9	249	2.8e-26
YqaJ	PF09588.10	148	D4281.contig30_11	310	6.6e-32
RecT	PF03837.14	199	D4281.contig30_13	189	1.7e-36
CC2-LZ	PF16516.5	100	D4281.contig31_2	77	0.0015
Dor1	PF04124.12	338	D4281.contig31_2	77	0.014
CENP-F_leu_zip	PF10473.9	140	D4281.contig31_2	77	0.015
MASE1	PF05231.14	300	D4281.contig31_3	67	0.0029
DUF5373	PF17343.2	182	D4281.contig31_3	67	0.0069
Trans_coact	PF16805.5	69	D4281.contig31_4	60	0.033
Zot	PF05707.12	194	D4281.contig31_6	262	1.3e-07
SRP54	PF00448.22	196	D4281.contig31_6	262	0.0004
AAA_14	PF13173.6	131	D4281.contig31_6	262	0.00046
MMR_HSR1	PF01926.23	114	D4281.contig31_6	262	0.00065
LGT	PF01790.18	242	D4281.contig31_9	48	0.026
PspB	PF06667.12	73	D4281.contig31_13	73	0.12
CTX_RstB	PF07459.11	90	D4281.contig31_14	87	2.8e-05
Collagen	PF01391.18	60	D4281.contig32_1	840	3.1e-22
Collagen	PF01391.18	60	D4281.contig32_1	840	3.1e-22
Tweety	PF04906.13	406	D4281.contig32_2	94	0.0012
Rick_17kDa_Anti	PF05433.15	42	D4281.contig32_2	94	0.013
BLOC1_2	PF10046.9	96	D4281.contig32_2	94	0.013
Phage_holin_1	PF04531.13	82	D4281.contig32_3	83	2.6e-30
Amidase_2	PF01510.25	126	D4281.contig32_5	247	8.5e-19
Phage_integrase	PF00589.22	172	D4281.contig32_7	373	1.1e-22
Phage_int_SAM_3	PF14659.6	58	D4281.contig32_7	373	5.8e-06
Bro-N	PF02498.17	95	D4281.contig32_8	298	0.0001
TM2	PF05154.16	51	D4281.contig32_9	151	1.3e-14
Peptidase_M78	PF06114.13	123	D4281.contig32_10	135	0.066
HTH_Tnp_1	PF01527.20	75	D4281.contig33_1	93	3.2e-18
Terminase_5	PF06056.12	58	D4281.contig33_1	93	2.5e-05
HTH_23	PF13384.6	50	D4281.contig33_1	93	3.2e-05
HTH_28	PF13518.6	52	D4281.contig33_1	93	3.5e-05
HTH_Tnp_ISL3	PF13542.6	52	D4281.contig33_1	93	0.00072
MAD	PF05557.13	661	D4281.contig33_1	93	0.001
GAS	PF13851.6	200	D4281.contig33_1	93	0.0071
TEX13	PF15186.6	150	D4281.contig33_1	93	0.011
rve	PF00665.26	119	D4281.contig33_2	271	1.9e-35
rve_2	PF13333.6	52	D4281.contig33_2	271	5.3e-15
HTH_21	PF13276.6	60	D4281.contig33_2	271	1.6e-12
rve_3	PF13683.6	67	D4281.contig33_2	271	8.8e-11
DDE_Tnp_IS240	PF13610.6	140	D4281.contig33_2	271	1.3e-08
DUF2514	PF10721.9	161	D4281.contig33_3	172	2.5e-48
MAP17	PF15807.5	126	D4281.contig33_3	172	0.0041
Phage_lysozyme	PF00959.19	109	D4281.contig33_4	183	1.5e-28
Phage_holin_2_3	PF16080.5	56	D4281.contig33_5	93	8.8e-14
Phage_holin_2_1	PF04971.12	64	D4281.contig33_5	93	5e-07
Phage_holin_2_4	PF16082.5	76	D4281.contig33_5	93	0.0015
Phage_holin_2_2	PF10746.9	56	D4281.contig33_5	93	0.0038
Antiterm	PF03589.13	87	D4281.contig33_7	279	2e-54
Antiterm	PF03589.13	87	D4281.contig33_7	279	2e-54
DnaJ_CXXCXGXG	PF00684.19	67	D4281.contig33_7	279	0.00018
Toprim_2	PF13155.6	90	D4281.contig33_9	624	1.2e-11
AAA_25	PF13481.6	194	D4281.contig33_9	624	1.6e-10
ATPase	PF06745.13	231	D4281.contig33_9	624	9.7e-07
DnaB_C	PF03796.15	255	D4281.contig33_9	624	1.3e-06
Toprim_4	PF13662.6	89	D4281.contig33_9	624	0.0003
HEPN_Toprim_N	PF18871.1	221	D4281.contig33_10	36	0.13
DUF2726	PF10881.8	127	D4281.contig34_1	90	7.9e-06
Herpes_UL6	PF01763.16	563	D4281.contig34_2	82	0.0015
BLOC1_2	PF10046.9	96	D4281.contig34_2	82	0.0046
Zot	PF05707.12	194	D4281.contig34_5	260	9e-09
AAA_25	PF13481.6	194	D4281.contig34_5	260	0.00036
SRP54	PF00448.22	196	D4281.contig34_5	260	0.00067
AAA_14	PF13173.6	131	D4281.contig34_5	260	0.0012
DAP10	PF07213.11	79	D4281.contig34_6	50	0.097
TrbC	PF04956.13	99	D4281.contig34_7	93	0.0033
CoatB	PF10389.9	46	D4281.contig34_11	53	0.042
LapA_dom	PF06305.11	64	D4281.contig34_12	83	0.041
T4SS-DNA_transf	PF02534.14	469	D4281.contig34_14	439	0.06
CTX_RstB	PF07459.11	90	D4281.contig34_16	87	4.9e-06
AAA_13	PF13166.6	713	D4281.contig35_3	186	0.0018
Tektin	PF03148.14	383	D4281.contig35_3	186	0.0022
Ribosomal_S27e	PF01667.17	55	D4281.contig35_4	68	0.0003
Zn_Tnp_IS1595	PF12760.7	46	D4281.contig35_4	68	0.0024
Synaptobrevin	PF00957.21	89	D4281.contig35_4	68	0.0061
Elf1	PF05129.13	78	D4281.contig35_4	68	0.0063
RPA_interact_C	PF14768.6	81	D4281.contig35_4	68	0.0075
Terminase_2	PF03592.16	140	D4281.contig35_7	141	7.6e-33
Terminase_6	PF03237.15	215	D4281.contig35_8	462	4.7e-05
Terminase_3	PF04466.13	201	D4281.contig35_8	462	0.031
Phage_min_cap2	PF06152.11	367	D4281.contig35_10	445	6.9e-56
DUF4169	PF13770.6	55	D4281.contig35_11	37	0.02
DUF1203	PF06718.11	116	D4281.contig36_2	102	0.088
DUF4720	PF15846.5	96	D4281.contig36_4	250	0.011
TES	PF08034.11	66	D4281.contig36_5	192	0.032
VRR_NUC	PF08774.11	108	D4281.contig36_6	198	5.9e-14
DNA_methylase	PF00145.17	335	D4281.contig36_7	318	1e-38
MazG-like	PF12643.7	85	D4281.contig36_11	114	0.021
Spc7	PF08317.11	310	D4281.contig36_12	147	0.016
HNH	PF01844.23	47	D4281.contig36_13	127	1.1e-07
CW_binding_1	PF01473.20	19	D4281.contig37_1	329	0.00065
CW_binding_1	PF01473.20	19	D4281.contig37_1	329	0.00065
Peptidase_S15	PF02129.18	269	D4281.contig37_2	713	9.9e-53
PepX_C	PF08530.10	226	D4281.contig37_2	713	1.2e-44
DUF819	PF05684.12	378	D4281.contig37_3	389	6e-42
MR_MLE_C	PF13378.6	220	D4281.contig37_4	357	2.8e-48
MR_MLE_N	PF02746.16	117	D4281.contig37_4	357	2.4e-21
HTH_3	PF01381.22	55	D4281.contig37_5	108	4.2e-15
HTH_19	PF12844.7	65	D4281.contig37_5	108	1.2e-13
HTH_31	PF13560.6	64	D4281.contig37_5	108	4.7e-09
HTH_26	PF13443.6	63	D4281.contig37_5	108	0.00017
HTH_24	PF13412.6	48	D4281.contig37_5	108	0.00021
Sigma70_r4	PF04545.16	50	D4281.contig37_5	108	0.00022
HTH_25	PF13413.6	62	D4281.contig37_5	108	0.00068
HTH_18	PF12833.7	81	D4281.contig38_1	285	9.4e-21
HTH_AraC	PF00165.23	42	D4281.contig38_1	285	3.7e-18
HTH_AraC	PF00165.23	42	D4281.contig38_1	285	3.7e-18
AraC_binding	PF02311.19	136	D4281.contig38_1	285	2.4e-12
Cupin_2	PF07883.11	71	D4281.contig38_1	285	1.9e-08
Nitroreductase	PF00881.24	170	D4281.contig38_3	278	2.6e-23
TM1586_NiRdase	PF14512.6	215	D4281.contig38_3	278	1.3e-05
Resolvase	PF00239.21	146	D4281.contig38_4	504	5.4e-35
Recombinase	PF07508.13	104	D4281.contig38_4	504	7.9e-15
Zn_ribbon_recom	PF13408.6	58	D4281.contig38_4	504	5.7e-08
Exonuc_X-T_C	PF08411.10	269	D4281.contig38_5	72	0.00036
AAA_6	PF12774.7	327	D4281.contig38_5	72	0.056
Mob_Pre	PF01076.19	196	D4281.contig38_6	315	1.1e-51
Leu_zip	PF15294.6	276	D4281.contig38_6	315	0.015
TRF	PF08558.10	239	D4281.contig39_3	91	0.012
DUF1836	PF08876.11	105	D4281.contig39_3	91	0.016
HTH_11	PF08279.12	55	D4281.contig39_4	190	4.7e-05
HTH_24	PF13412.6	48	D4281.contig39_4	190	0.00081
GntR	PF00392.21	64	D4281.contig39_4	190	0.0011
MarR_2	PF12802.7	62	D4281.contig39_4	190	0.0016
HTH_17	PF12728.7	51	D4281.contig39_4	190	0.0017
CbiM	PF01891.16	207	D4281.contig39_7	106	0.011
Rep_3	PF01051.21	222	D4281.contig39_8	245	4.9e-44
Collagen	PF01391.18	60	D4281.contig40_1	109	0.0023
Phage-tail_3	PF13550.6	164	D4281.contig40_3	1220	7.6e-27
NLPC_P60	PF00877.19	105	D4281.contig40_4	155	1.1e-06
DUF2163	PF09931.9	163	D4281.contig40_5	285	4.5e-28
Phage_BR0599	PF09356.10	80	D4281.contig40_5	285	9e-19
DUF2460	PF09343.10	200	D4281.contig40_6	157	1.6e-27
DUF3221	PF11518.8	82	D4281.contig41_1	98	5e-05
Trypsin_2	PF13365.6	150	D4281.contig41_2	301	2.1e-07
Trypsin	PF00089.26	221	D4281.contig41_2	301	1.9e-05
Peptidase_S32	PF05579.13	297	D4281.contig41_2	301	0.006
MobC	PF05713.11	45	D4281.contig41_5	107	9.3e-13
Spectrin	PF00435.21	105	D4281.contig41_5	107	0.00098
Relaxase	PF03432.14	242	D4281.contig41_6	370	1e-38
GP3_package	PF16677.5	113	D4281.contig42_2	156	5.8e-07
HTH_23	PF13384.6	50	D4281.contig42_2	156	2.1e-06
HTH_Tnp_1	PF01527.20	75	D4281.contig42_2	156	0.00046
HTH_Tnp_1_2	PF13022.6	123	D4281.contig42_2	156	0.00093
HTH_3	PF01381.22	55	D4281.contig42_2	156	0.0032
Sigma70_r4	PF04545.16	50	D4281.contig42_3	138	1.9e-06
KORA	PF16509.5	85	D4281.contig42_3	138	0.00079
Sigma70_r4_2	PF08281.12	54	D4281.contig42_3	138	0.0017
Ubiquitin_2	PF14560.6	87	D4281.contig42_5	198	0.0057
DUF551	PF04448.12	69	D4281.contig42_7	124	1e-05
YopX	PF09643.10	131	D4281.contig42_9	138	5.3e-16
HNH_3	PF13392.6	46	D4281.contig42_10	216	2.7e-13
NUMOD4	PF07463.11	49	D4281.contig42_10	216	5.4e-11
NUMOD1	PF07453.13	37	D4281.contig42_10	216	0.008
N6_N4_Mtase	PF01555.18	231	D4281.contig42_11	270	1.7e-23
DUF5338	PF17273.2	69	D4281.contig42_12	106	0.00033
PepSY_like	PF11396.8	83	D4281.contig42_14	55	0.06
Phage_F	PF02305.17	510	D4281.contig43_3	649	1.5e-12
Phage_F	PF02305.17	510	D4281.contig43_3	649	1.5e-12
Eaf7	PF07904.13	106	D4281.contig43_4	94	0.024
Phage_pRha	PF09669.10	88	D4281.contig43_5	97	0.035
TFIIS_M	PF07500.14	112	D4281.contig43_6	67	0.019
Gly-zipper_Omp	PF13488.6	46	D4281.contig43_9	391	0.011
Gly-zipper_YMGG	PF13441.6	46	D4281.contig43_9	391	0.013
AAA_23	PF13476.6	200	D4281.contig44_1	288	0.0041
BacA	PF02673.18	256	D4281.contig44_3	281	9.9e-86
UDG	PF03167.19	155	D4281.contig44_4	294	1.5e-23
His_biosynth	PF00977.21	229	D4281.contig44_5	254	2.2e-85
NMO	PF03060.15	331	D4281.contig44_5	254	4.2e-06
Dus	PF01207.17	310	D4281.contig44_5	254	0.0002
GATase	PF00117.28	190	D4281.contig44_6	202	9.7e-24
GATase_3	PF07685.14	196	D4281.contig44_6	202	5.3e-06
SNO	PF01174.19	188	D4281.contig44_6	202	5.3e-06
Peptidase_C26	PF07722.13	216	D4281.contig44_6	202	0.00022
DNA_circ_N	PF07157.12	88	D4281.contig45_2	468	1e-32
Phage_GPD	PF05954.11	304	D4281.contig45_3	362	2.2e-10
Phage_Mu_Gp45	PF06890.12	100	D4281.contig45_4	181	5.4e-22
Phage_spike	PF18715.1	54	D4281.contig45_4	181	0.0021
GP46	PF07409.12	116	D4281.contig45_5	146	9.5e-34
Baseplate_J	PF04865.14	255	D4281.contig45_6	369	2.7e-65
Bro-N	PF02498.17	95	D4281.contig46_3	277	3.7e-14
DNA_pol3_beta_2	PF02767.16	116	D4281.contig46_4	189	0.0011
Peptidase_C92	PF05708.12	167	D4281.contig46_8	50	0.036
DUF1233	PF06806.12	70	D4281.contig46_9	79	2.3e-32
Arm-DNA-bind_2	PF12167.8	65	D4281.contig46_10	438	4.1e-22
Phage_integrase	PF00589.22	172	D4281.contig46_10	438	1.1e-17
MatE	PF01554.18	161	D4281.contig47_1	458	6.5e-40
MatE	PF01554.18	161	D4281.contig47_1	458	6.5e-40
Polysacc_synt_C	PF14667.6	143	D4281.contig47_1	458	4.8e-09
TetR_C_33	PF13305.6	104	D4281.contig47_2	187	4.7e-07
TetR_N	PF00440.23	47	D4281.contig47_2	187	0.0045
Abhydrolase_6	PF12697.7	220	D4281.contig47_3	235	4.1e-07
Abhydrolase_1	PF00561.20	257	D4281.contig47_3	235	7.5e-07
Hydrolase_4	PF12146.8	239	D4281.contig47_3	235	1.1e-06
FCD	PF07729.12	125	D4281.contig47_4	235	1.6e-15
GntR	PF00392.21	64	D4281.contig47_4	235	8e-14
HTH_24	PF13412.6	48	D4281.contig47_4	235	0.0038
Na_sulph_symp	PF00939.19	472	D4281.contig47_5	466	2.6e-41
CitMHS	PF03600.16	300	D4281.contig47_5	466	6.1e-14
Sipho_Gp157	PF05565.11	163	D4281.contig48_1	74	5.2e-16
aGPT-Pplase2	PF18724.1	231	D4281.contig48_3	172	0.036
RusA	PF05866.11	124	D4281.contig48_5	137	5.3e-34
Phage_rep_org_N	PF09681.10	121	D4281.contig48_6	290	9e-40
Phg_2220_C	PF09524.10	74	D4281.contig48_6	290	4.8e-23
HEPN_DZIP3	PF18738.1	143	D4281.contig48_7	193	0.013
DNA_methylase	PF00145.17	335	D4281.contig48_10	461	1.5e-58
Phage_integrase	PF00589.22	172	D4281.contig49_1	402	7.5e-33
Phage_int_SAM_3	PF14659.6	58	D4281.contig49_1	402	3.3e-07
Phage_int_SAM_5	PF13102.6	99	D4281.contig49_1	402	4.2e-05
HTH_17	PF12728.7	51	D4281.contig49_2	78	7e-12
Tn916-Xis	PF09035.10	69	D4281.contig49_2	78	2.5e-09
Rep_trans	PF02486.19	200	D4281.contig49_3	403	4.1e-59
Rol_Rep_N	PF18106.1	91	D4281.contig49_3	403	1.3e-23
DUF961	PF06125.11	101	D4281.contig49_4	150	0.0036
HTH_19	PF12844.7	65	D4281.contig49_5	280	3e-06
HTH_3	PF01381.22	55	D4281.contig49_5	280	4e-05
Nod1	PF17114.5	145	D4281.contig49_5	280	0.00045
Terminase_6	PF03237.15	215	D4281.contig50_1	246	0.0076
Phage_prot_Gp6	PF05133.14	420	D4281.contig50_2	445	0.059
Phage_min_cap2	PF06152.11	367	D4281.contig50_3	386	1.8e-106
Phage_GP20	PF06810.11	149	D4281.contig50_4	183	1.9e-18
Phage_head_fibr	PF11133.8	277	D4281.contig50_6	105	9.9e-11
Collagen	PF01391.18	60	D4281.contig50_6	105	0.001
SelB-wing_2	PF09106.11	57	D4281.contig50_6	105	0.008
Mob_Pre	PF01076.19	196	D4281.contig51_2	415	6.3e-19
Spc7	PF08317.11	310	D4281.contig51_2	415	0.0022
GreA_GreB_N	PF03449.15	71	D4281.contig51_2	415	0.011
MerR-DNA-bind	PF09278.11	65	D4281.contig51_2	415	0.013
ABC2_membrane_3	PF12698.7	345	D4281.contig51_3	143	0.07
HTH_7	PF02796.15	45	D4281.contig51_4	171	9.7e-05
TetR_N	PF00440.23	47	D4281.contig51_4	171	0.00025
HTH_23	PF13384.6	50	D4281.contig51_4	171	0.00026
DUF641	PF04859.12	128	D4281.contig51_4	171	0.0022
FAM76	PF16046.5	300	D4281.contig51_4	171	0.0025
RelB	PF04221.12	83	D4281.contig51_5	77	3.2e-06
ParE_toxin	PF05016.15	90	D4281.contig51_6	104	2.2e-11
PhdYeFM_antitox	PF02604.19	75	D4281.contig51_7	93	5.2e-11
DUF3914	PF13053.6	89	D4281.contig51_7	93	0.043
Phage_Mu_F	PF04233.14	112	D4281.contig52_1	252	1.2e-16
Phage_min_cap2	PF06152.11	367	D4281.contig52_1	252	0.008
DUF927	PF06048.11	287	D4281.contig52_3	623	2.6e-41
HTH_56	PF18662.1	111	D4281.contig52_3	623	4.4e-16
zf-CHC2	PF01807.20	98	D4281.contig52_4	164	1.8e-14
ERCC4	PF02732.15	156	D4281.contig52_5	170	2.1e-05
Peptidase_S30	PF01577.16	245	D4281.contig52_5	170	0.019
AAA_24	PF13479.6	197	D4281.contig52_7	219	2.1e-10
AAA_29	PF13555.6	61	D4281.contig52_7	219	0.006
Sipho_Gp157	PF05565.11	163	D4281.contig52_8	45	3.7e-09
Phage-tail_3	PF13550.6	164	D4281.contig53_1	318	1.2e-06
Pectate_lyase_3	PF12708.7	215	D4281.contig53_2	884	0.00039
PfkB	PF00294.24	302	D4281.contig54_1	89	4.5e-16
DUF5518	PF17647.1	118	D4281.contig54_1	89	0.012
PTS_EIIA_2	PF00359.22	144	D4281.contig54_2	670	2.2e-37
PTS_EIIC	PF02378.18	324	D4281.contig54_2	670	1.2e-19
PTS_IIB	PF02302.17	90	D4281.contig54_2	670	6.8e-18
AhpC-TSA	PF00578.21	124	D4281.contig54_3	158	9.7e-41
Redoxin	PF08534.10	147	D4281.contig54_3	158	3.1e-28
DUF4174	PF13778.6	120	D4281.contig54_3	158	0.0019
Thioredoxin_8	PF13905.6	95	D4281.contig54_3	158	0.019
EamA	PF00892.20	137	D4281.contig54_7	138	3.9e-23
Mg_trans_NIPA	PF05653.14	295	D4281.contig54_7	138	1.2e-05
SLC35F	PF06027.12	299	D4281.contig54_7	138	0.0011
TMEM234	PF10639.9	116	D4281.contig54_7	138	0.0024
RNase_T	PF00929.24	165	D4281.contig55_1	658	6.5e-29
RNase_H_2	PF13482.6	166	D4281.contig55_1	658	5e-06
ResIII	PF04851.15	171	D4281.contig55_1	658	5.9e-05
DEAD	PF00270.29	176	D4281.contig55_1	658	9.9e-05
adh_short_C2	PF13561.6	234	D4281.contig55_2	257	1.3e-54
adh_short	PF00106.25	195	D4281.contig55_2	257	2.2e-48
KR	PF08659.10	180	D4281.contig55_2	257	8.6e-05
DUF1776	PF08643.10	296	D4281.contig55_2	257	0.0062
HD_2	PF12917.7	182	D4281.contig55_3	211	8.3e-50
HD_3	PF13023.6	165	D4281.contig55_3	211	6.4e-09
HD	PF01966.22	122	D4281.contig55_3	211	0.00011
CSD	PF00313.22	66	D4281.contig55_4	67	1.9e-31
OB_RNB	PF08206.11	58	D4281.contig55_4	67	0.021
baeRF_family6	PF18848.1	148	D4281.contig55_5	148	2.3e-13
baeRF_family3	PF18845.1	168	D4281.contig55_5	148	6e-08
baeRF_family8	PF18851.1	141	D4281.contig55_5	148	4.5e-05
Vitellogenin_N	PF01347.22	622	D4281.contig55_5	148	0.034
RNA_helicase	PF00910.22	107	D4281.contig56_1	366	8e-05
Viral_Rep	PF02407.16	82	D4281.contig56_1	366	0.004
Phage_integrase	PF00589.22	172	D4281.contig56_2	296	2.1e-34
Phage_int_SAM_5	PF13102.6	99	D4281.contig56_2	296	4.3e-09
Phage_int_SAM_1	PF02899.17	84	D4281.contig56_2	296	7e-06
Phage_int_SAM_4	PF13495.6	85	D4281.contig56_2	296	3e-05
HTH_3	PF01381.22	55	D4281.contig56_4	167	2.1e-21
HTH_31	PF13560.6	64	D4281.contig56_4	167	2.3e-16
HTH_31	PF13560.6	64	D4281.contig56_4	167	2.3e-16
HTH_19	PF12844.7	65	D4281.contig56_4	167	2.1e-11
HTH_26	PF13443.6	63	D4281.contig56_4	167	0.00082
HTH_17	PF12728.7	51	D4281.contig56_5	60	1.2e-05
DUF2695	PF10905.8	53	D4281.contig56_5	60	0.054
Cys_rich_VLP	PF14194.6	57	D4281.contig56_6	123	3.7e-15
Pentapeptide	PF00805.22	40	D4281.contig57_1	170	2.4e-26
Pentapeptide	PF00805.22	40	D4281.contig57_1	170	2.4e-26
Pentapeptide	PF00805.22	40	D4281.contig57_1	170	2.4e-26
Pentapeptide_4	PF13599.6	77	D4281.contig57_1	170	4.3e-05
JAKMIP_CC3	PF16034.5	200	D4281.contig57_2	84	0.0032
DivIC	PF04977.15	80	D4281.contig57_2	84	0.016
ER	PF01133.17	98	D4281.contig57_2	84	0.02
Rad52_Rad22	PF04098.15	153	D4281.contig57_3	254	2.7e-06
DUF3079	PF11278.8	51	D4281.contig57_5	97	0.031
SSB	PF00436.25	104	D4281.contig57_6	131	2.3e-34
DUF3217	PF11506.8	101	D4281.contig57_6	131	0.0038
tRNA_anti-codon	PF01336.25	76	D4281.contig57_6	131	0.0055
HTH_11	PF08279.12	55	D4281.contig57_7	121	0.02
DUF1064	PF06356.11	117	D4281.contig57_9	104	3.8e-25
VanZ	PF04892.12	126	D4281.contig58_2	195	1.5e-19
Mob_Pre	PF01076.19	196	D4281.contig58_3	339	1.7e-37
HTH_17	PF12728.7	51	D4281.contig58_4	178	0.00082
SpaA	PF17802.1	82	D4281.contig59_1	1540	0.0019
IMD	PF08397.11	219	D4281.contig60_1	91	0.044
BPD_transp_1	PF00528.22	185	D4281.contig60_2	176	0.0037
ABC_membrane	PF00664.23	274	D4281.contig60_2	176	0.01
EbsA	PF17255.2	133	D4281.contig60_3	163	0.0076
DEDD_Tnp_IS110	PF01548.17	155	D4281.contig60_5	439	1.7e-23
Transposase_20	PF02371.16	87	D4281.contig60_5	439	9.9e-18
DUF3267	PF11667.8	108	D4281.contig60_7	126	2.6e-06
HTH_30	PF13556.6	59	D4281.contig60_8	64	0.00068
Sigma70_r3	PF04539.16	78	D4281.contig60_8	64	0.011
Mob_Pre	PF01076.19	196	D4281.contig61_1	374	1.4e-58
Rep_1	PF01446.17	250	D4281.contig61_2	352	2e-66
VanZ	PF04892.12	126	D4281.contig61_3	176	3.3e-20
DUF2809	PF10990.8	86	D4281.contig61_3	176	0.028
RelB	PF04221.12	83	D4281.contig61_4	80	0.00029
RepB-RCR_reg	PF10723.9	81	D4281.contig61_4	80	0.0003
Pfg27	PF09216.10	174	D4281.contig61_4	80	0.0064
ParB_C	PF18064.1	47	D4281.contig61_4	80	0.012
Mob_Pre	PF01076.19	196	D4281.contig61_5	59	3.3e-17
HTH_3	PF01381.22	55	D4281.contig62_2	164	4.7e-08
HTH_31	PF13560.6	64	D4281.contig62_2	164	3.3e-07
HTH_19	PF12844.7	65	D4281.contig62_2	164	4.3e-07
HTH_26	PF13443.6	63	D4281.contig62_2	164	6.8e-06
HTH_38	PF13936.6	44	D4281.contig62_2	164	0.0019
HTH_23	PF13384.6	50	D4281.contig62_2	164	0.0039
HTH_26	PF13443.6	63	D4281.contig62_3	73	1.2e-05
HTH_Tnp_1_2	PF13022.6	123	D4281.contig62_3	73	0.02
Phage_pRha	PF09669.10	88	D4281.contig62_4	259	2.8e-26
HTH_26	PF13443.6	63	D4281.contig62_5	82	0.00034
DUF2268	PF10026.9	195	D4281.contig62_7	252	0.0032
Peptidase_M78	PF06114.13	123	D4281.contig62_7	252	0.0075
DA1-like	PF12315.8	208	D4281.contig62_7	252	0.023
AntA	PF08346.12	68	D4281.contig62_10	254	4.3e-19
Rep_3	PF01051.21	222	D4281.contig63_2	236	3.4e-56
RepC	PF06504.11	273	D4281.contig63_2	236	0.0031
MobA_MobL	PF03389.15	222	D4281.contig63_4	431	6.4e-71
zinc_ribbon_10	PF10058.9	54	D4281.contig64_2	68	0.00015
DpnI	PF06044.12	182	D4281.contig64_2	68	0.00044
Zn_Tnp_IS1595	PF12760.7	46	D4281.contig64_2	68	0.0022
HTH_3	PF01381.22	55	D4281.contig64_3	47	2e-09
HTH_19	PF12844.7	65	D4281.contig64_3	47	0.00013
YdaS_antitoxin	PF15943.5	65	D4281.contig64_3	47	0.0065
HTH_Tnp_1	PF01527.20	75	D4281.contig64_4	95	3.9e-10
HTH_28	PF13518.6	52	D4281.contig64_4	95	0.00012
HTH_23	PF13384.6	50	D4281.contig64_4	95	0.00074
rve	PF00665.26	119	D4281.contig64_5	239	2.7e-20
rve_3	PF13683.6	67	D4281.contig64_5	239	5.9e-13
DDE_Tnp_IS240	PF13610.6	140	D4281.contig64_5	239	2.3e-05
rve_2	PF13333.6	52	D4281.contig64_5	239	0.00034
HTH_21	PF13276.6	60	D4281.contig64_5	239	0.0028
HTH_3	PF01381.22	55	D4281.contig65_1	115	4.9e-18
HTH_31	PF13560.6	64	D4281.contig65_1	115	6.2e-15
HTH_19	PF12844.7	65	D4281.contig65_1	115	1.2e-13
HTH_26	PF13443.6	63	D4281.contig65_1	115	2.7e-08
HTH_25	PF13413.6	62	D4281.contig65_1	115	2e-05
HTH_24	PF13412.6	48	D4281.contig65_1	115	0.00035
HTH_37	PF13744.6	80	D4281.contig65_1	115	0.0011
HTH_3	PF01381.22	55	D4281.contig65_2	68	5.2e-11
HTH_19	PF12844.7	65	D4281.contig65_2	68	5.7e-08
HTH_31	PF13560.6	64	D4281.contig65_2	68	3.7e-05
HTH_26	PF13443.6	63	D4281.contig65_2	68	0.0077
ANT	PF03374.14	108	D4281.contig65_3	262	8.3e-32
AntA	PF08346.12	68	D4281.contig65_3	262	1.3e-19
TrmB	PF01978.19	68	D4281.contig65_4	62	0.00056
HTH_17	PF12728.7	51	D4281.contig65_4	62	0.0041
DUF3215	PF11503.8	72	D4281.contig65_4	62	0.01
Bro-N	PF02498.17	95	D4281.contig65_4	62	0.029
E2F_CC-MB	PF16421.5	95	D4281.contig65_5	75	0.011
FlgT_C	PF16538.5	77	D4281.contig65_7	109	2.9e-07
Rax2	PF12768.7	215	D4281.contig65_8	66	0.0073
DnaB_2	PF07261.11	74	D4281.contig65_10	283	0.0011
Replicase	PF03090.17	131	D4281.contig66_1	243	9e-33
PriCT_1	PF08708.11	67	D4281.contig66_1	243	4.5e-12
HTH_11	PF08279.12	55	D4281.contig66_2	87	0.00072
MobA_MobL	PF03389.15	222	D4281.contig66_3	452	2.9e-52
FAM178	PF14816.6	373	D4281.contig66_6	100	0.082
Replicase	PF03090.17	131	D4281.contig66_7	91	6.9e-15
SapB_1	PF05184.15	38	D4281.contig67_2	129	0.0022
3-alpha	PF03475.14	44	D4281.contig67_3	111	0.024
HTH_19	PF12844.7	65	D4281.contig67_4	267	4.9e-11
HTH_3	PF01381.22	55	D4281.contig67_4	267	6.7e-08
HTH_25	PF13413.6	62	D4281.contig67_4	267	8.5e-07
HTH_31	PF13560.6	64	D4281.contig67_4	267	2.2e-06
Cys_rich_VLP	PF14194.6	57	D4281.contig67_6	138	4.4e-27
C1_1	PF00130.22	53	D4281.contig67_6	138	0.0031
Nudix_N_2	PF14803.6	34	D4281.contig67_6	138	0.0039
Glyco_hydro_129	PF11308.8	324	D4281.contig68_1	603	9.2e-29
HisKA	PF00512.25	67	D4281.contig68_2	495	9.6e-11
HATPase_c	PF02518.26	112	D4281.contig68_2	495	6.6e-10
HAMP	PF00672.25	53	D4281.contig68_2	495	5.6e-08
HATPase_c_5	PF14501.6	101	D4281.contig68_2	495	8.4e-08
Trans_reg_C	PF00486.28	77	D4281.contig68_3	177	2.8e-22
Response_reg	PF00072.24	112	D4281.contig68_3	177	1.5e-15
Phage_integrase	PF00589.22	172	D4281.contig69_2	398	6.7e-43
Integrase_DNA	PF02920.15	58	D4281.contig69_2	398	1.4e-26
Phage_int_SAM_4	PF13495.6	85	D4281.contig69_2	398	0.00088
Phage_int_SAM_5	PF13102.6	99	D4281.contig69_2	398	0.001
Tn916-Xis	PF09035.10	69	D4281.contig69_3	68	4.1e-18
HTH_17	PF12728.7	51	D4281.contig69_3	68	2.2e-05
Rep_trans	PF02486.19	200	D4281.contig69_4	337	4.1e-48
Rol_Rep_N	PF18106.1	91	D4281.contig69_4	337	1.1e-12
HTH_3	PF01381.22	55	D4281.contig69_5	93	3.6e-13
HTH_19	PF12844.7	65	D4281.contig69_5	93	4.1e-10
HTH_26	PF13443.6	63	D4281.contig69_5	93	4.3e-10
HTH_31	PF13560.6	64	D4281.contig69_5	93	3e-08
HTH_11	PF08279.12	55	D4281.contig70_2	156	2.9e-06
HTH_DeoR	PF08220.12	57	D4281.contig70_2	156	0.00022
HTH_24	PF13412.6	48	D4281.contig70_2	156	0.00086
HTH_17	PF12728.7	51	D4281.contig70_2	156	0.001
HTH_23	PF13384.6	50	D4281.contig70_2	156	0.0012
HTH_10	PF04967.12	53	D4281.contig70_2	156	0.0022
FAM76	PF16046.5	300	D4281.contig70_2	156	0.0048
DUF1977	PF09320.11	105	D4281.contig70_5	118	0.021
SpaA	PF17802.1	82	D4281.contig71_1	1189	1.2e-57
SpaA	PF17802.1	82	D4281.contig71_1	1189	1.2e-57
SpaA	PF17802.1	82	D4281.contig71_1	1189	1.2e-57
SpaA	PF17802.1	82	D4281.contig71_1	1189	1.2e-57
SpaA	PF17802.1	82	D4281.contig71_1	1189	1.2e-57
SpaA	PF17802.1	82	D4281.contig71_1	1189	1.2e-57
SpaA	PF17802.1	82	D4281.contig71_1	1189	1.2e-57
SdrD_B	PF17210.3	112	D4281.contig71_1	1189	5.8e-07
CarboxypepD_reg	PF13620.6	82	D4281.contig71_1	1189	4.7e-06
Rep_2	PF01719.17	182	D4281.contig72_2	251	2.8e-36
FdhD-NarQ	PF02634.15	237	D4281.contig72_3	123	0.001
DUF1729	PF08354.10	353	D4281.contig72_5	53	0.021
HTH_31	PF13560.6	64	D4281.contig72_6	70	2.7e-12
HTH_3	PF01381.22	55	D4281.contig72_6	70	2.5e-11
HTH_19	PF12844.7	65	D4281.contig72_6	70	9.7e-09
HTH_25	PF13413.6	62	D4281.contig72_6	70	0.00013
Glyphos_transf	PF04464.14	367	D4281.contig73_1	1103	3.3e-90
Glycos_transf_1	PF00534.20	172	D4281.contig73_1	1103	4.8e-31
Glyco_trans_1_4	PF13692.6	134	D4281.contig73_1	1103	4.5e-23
GW	PF13457.6	76	D4281.contig73_1	1103	5.1e-12
XhlA	PF10779.9	67	D4281.contig74_1	124	0.00059
DUF4349	PF14257.6	213	D4281.contig74_1	124	0.0031
Peptidase_S24	PF00717.23	70	D4281.contig74_3	238	2.2e-17
HTH_3	PF01381.22	55	D4281.contig74_3	238	6.7e-11
HTH_31	PF13560.6	64	D4281.contig74_3	238	0.0032
Cro	PF09048.10	59	D4281.contig74_4	67	1.4e-33
Phage_CII	PF05269.11	91	D4281.contig74_6	99	2.1e-33
DUF3976	PF13121.6	41	D4281.contig74_6	99	0.0028
Phage_rep_O	PF04492.13	95	D4281.contig74_7	158	1.4e-35
HTH_Crp_2	PF13545.6	68	D4281.contig74_7	158	0.0014
HTH_36	PF13730.6	55	D4281.contig74_7	158	0.0075
DUF977	PF06163.11	127	D4281.contig74_7	158	0.018
tRNA-synt_2	PF00152.20	314	D4281.contig75_1	433	1.3e-81
tRNA_anti-codon	PF01336.25	76	D4281.contig75_1	433	1.6e-12
Aminotran_1_2	PF00155.21	363	D4281.contig75_2	398	1.8e-75
DegT_DnrJ_EryC1	PF01041.17	361	D4281.contig75_2	398	9.6e-08
Aminotran_5	PF00266.19	371	D4281.contig75_2	398	0.00045
DUF5590	PF17881.1	45	D4281.contig75_3	167	1.4e-17
CotH	PF08757.11	322	D4281.contig76_1	192	1.1e-22
DUF4956	PF16316.5	172	D4281.contig76_2	224	2.6e-10
VTC	PF09359.10	275	D4281.contig76_3	224	1.4e-21
HATPase_c	PF02518.26	112	D4281.contig76_4	382	7e-11
HATPase_c_5	PF14501.6	101	D4281.contig76_4	382	9.1e-08
HisKA	PF00512.25	67	D4281.contig76_4	382	1.7e-07
Phage_integrase	PF00589.22	172	D4281.contig77_1	386	1.2e-33
Arm-DNA-bind_3	PF13356.6	74	D4281.contig77_1	386	1.9e-20
Phage_int_SAM_3	PF14659.6	58	D4281.contig77_1	386	4e-05
Phage_AlpA	PF05930.12	51	D4281.contig77_2	67	0.0087
HTH_17	PF12728.7	51	D4281.contig77_2	67	0.026
Lar_restr_allev	PF14354.6	62	D4281.contig77_3	60	0.00048
DUF550	PF04447.12	97	D4281.contig77_4	284	7.5e-42
DUF551	PF04448.12	69	D4281.contig77_4	284	1.1e-11
Ead_Ea22	PF13935.6	139	D4281.contig77_5	81	2.6e-10
HTH_17	PF12728.7	51	D4281.contig78_2	173	4.8e-05
Mre11_DNA_bind	PF04152.14	169	D4281.contig79_1	139	0.015
Phage_Gp15	PF06854.11	170	D4281.contig79_3	204	1.6e-46
TarH	PF02203.15	177	D4281.contig79_4	493	0.0026
