target	acc	tlen	query	qlen	evalue
DUF932	PF06067.11	228	DB4.contig1_1	274	2e-57
Cytochrom_NNT	PF03264.14	174	DB4.contig1_3	106	0.014
SLT	PF01464.20	117	DB4.contig1_4	161	1.9e-21
Lys	PF00062.20	124	DB4.contig1_4	161	0.0081
Tra_M	PF05261.11	126	DB4.contig1_5	134	1.7e-05
HicB_lk_antitox	PF15919.5	123	DB4.contig1_5	134	0.0095
HATPase_c	PF02518.26	112	DB4.contig1_6	573	6.1e-27
Response_reg	PF00072.24	112	DB4.contig1_6	573	8e-15
HisKA	PF00512.25	67	DB4.contig1_6	573	1.2e-06
HATPase_c_5	PF14501.6	101	DB4.contig1_6	573	0.021
Oxidored_molyb	PF00174.19	172	DB4.contig1_7	168	0.00019
Glyco_transf_9	PF01075.17	249	DB4.contig1_8	332	0.00084
BetR	PF08667.10	148	DB4.contig1_9	282	1.9e-17
Response_reg	PF00072.24	112	DB4.contig1_9	282	7.1e-11
HTH_26	PF13443.6	63	DB4.contig1_9	282	0.0019
TraY	PF05509.11	49	DB4.contig1_10	68	1.3e-16
TraA	PF05513.11	120	DB4.contig1_11	102	2.2e-09
TraA	PF05513.11	120	DB4.contig1_12	102	3.2e-10
TraE	PF05309.11	182	DB4.contig1_13	192	5.4e-28
DUF5504	PF17608.2	124	DB4.contig1_13	192	0.0017
TraK	PF06586.11	231	DB4.contig1_14	240	4.3e-37
TrbI	PF03743.14	187	DB4.contig1_15	444	2.3e-26
TraV	PF09676.10	132	DB4.contig1_17	177	6.5e-11
TraC_F_IV	PF11130.8	238	DB4.contig1_18	874	4.6e-38
AAA_10	PF12846.7	362	DB4.contig1_18	874	2.7e-05
DUF87	PF01935.17	227	DB4.contig1_18	874	3.1e-05
TrbI_Ftype	PF09677.10	106	DB4.contig1_19	126	1.7e-19
OmpH	PF03938.14	138	DB4.contig1_19	126	0.0097
TraW_N	PF12477.8	30	DB4.contig1_20	211	0.063
TraU	PF06834.11	307	DB4.contig1_21	333	3.8e-112
TrbC_Ftype	PF09673.10	112	DB4.contig1_22	143	3.3e-18
TraN	PF06986.11	240	DB4.contig1_23	646	1.5e-73
TraF	PF13728.6	224	DB4.contig1_24	257	1.3e-60
Pom	PF17251.2	279	DB4.contig1_24	257	0.0096
TraF	PF13728.6	224	DB4.contig1_25	185	7.3e-14
Thioredoxin_2	PF13098.6	109	DB4.contig1_25	185	2.8e-05
DSBA	PF01323.20	193	DB4.contig1_25	185	0.00055
Thioredoxin	PF00085.20	103	DB4.contig1_25	185	0.0044
TraH	PF06122.11	361	DB4.contig1_26	455	3.2e-105
TraG_N	PF07916.11	467	DB4.contig1_27	957	6e-75
CCB1	PF12046.8	168	DB4.contig1_28	188	0.024
TrwB_AAD_bind	PF10412.9	386	DB4.contig1_29	711	5e-117
TraG-D_C	PF12696.7	126	DB4.contig1_29	711	8e-18
T4SS-DNA_transf	PF02534.14	469	DB4.contig1_29	711	7.2e-11
AAA_16	PF13191.6	170	DB4.contig1_29	711	0.0016
TrwC	PF08751.11	296	DB4.contig1_30	497	6.9e-67
AAA_30	PF13604.6	192	DB4.contig1_31	1237	4.2e-37
TraI_2B	PF18340.1	72	DB4.contig1_31	1237	2.8e-26
AAA_19	PF13245.6	146	DB4.contig1_31	1237	9e-12
TraI	PF07057.11	123	DB4.contig1_31	1237	2.4e-09
PLDc_2	PF13091.6	133	DB4.contig1_33	183	1.3e-26
FAM83	PF07894.12	274	DB4.contig1_33	183	4e-06
RepB-RCR_reg	PF10723.9	81	DB4.contig1_34	89	8.1e-30
RHH_5	PF07878.11	43	DB4.contig1_34	89	1.2e-06
RHH_1	PF01402.21	39	DB4.contig1_34	89	8.8e-05
Complex1_LYR	PF05347.15	59	DB4.contig1_34	89	0.00015
PIN_5	PF08745.11	206	DB4.contig1_34	89	0.014
GerE	PF00196.19	57	DB4.contig2_1	196	2.9e-06
HTH_7	PF02796.15	45	DB4.contig2_1	196	0.00086
DUF560	PF04575.13	286	DB4.contig2_2	830	2.8e-05
TPR_14	PF13428.6	44	DB4.contig2_2	830	0.016
GHL13	PF14883.6	325	DB4.contig2_3	672	9.7e-148
Polysacc_deac_1	PF01522.21	124	DB4.contig2_3	672	7e-26
GHL10	PF02638.15	311	DB4.contig2_3	672	1.9e-06
Glyco_tranf_2_3	PF13641.6	230	DB4.contig2_4	443	4.4e-38
Glycos_transf_2	PF00535.26	170	DB4.contig2_4	443	1.9e-35
Glyco_trans_2_3	PF13632.6	197	DB4.contig2_4	443	1.1e-23
Glyco_transf_21	PF13506.6	173	DB4.contig2_4	443	5.6e-16
Glyco_tranf_2_2	PF10111.9	276	DB4.contig2_4	443	5.8e-08
Chitin_synth_2	PF03142.15	527	DB4.contig2_4	443	9.5e-07
Glyco_tranf_2_4	PF13704.6	96	DB4.contig2_4	443	0.0057
PgaD	PF13994.6	148	DB4.contig2_5	150	2.1e-21
Thioredoxin_4	PF13462.6	166	DB4.contig2_6	262	1.6e-12
ScsC_N	PF18312.1	34	DB4.contig2_6	262	4e-12
DSBA	PF01323.20	193	DB4.contig2_6	262	5.5e-09
Thioredoxin_2	PF13098.6	109	DB4.contig2_6	262	1.4e-06
TerC	PF03741.16	181	DB4.contig2_7	253	2e-43
DnaJ_C	PF01556.18	148	DB4.contig2_8	306	9.8e-32
DnaJ	PF00226.31	63	DB4.contig2_8	306	1.6e-22
MerR_2	PF13591.6	84	DB4.contig2_9	102	5.5e-27
Plasmid_stab_B	PF10784.9	72	DB4.contig2_10	124	1.1e-15
DEC-1_N	PF04625.13	403	DB4.contig2_10	124	0.0037
Ribosomal_60s	PF00428.19	88	DB4.contig2_10	124	0.0067
Stm1_N	PF09598.10	65	DB4.contig2_10	124	0.012
StbA	PF06406.11	317	DB4.contig2_11	319	3.2e-126
Hydantoinase_A	PF01968.18	291	DB4.contig2_11	319	0.00034
ALP_N	PF17989.1	147	DB4.contig2_11	319	0.016
MFS_2	PF13347.6	427	DB4.contig2_12	468	8.8e-84
Glyco_hydro_4	PF02056.16	183	DB4.contig2_13	451	1.6e-76
Glyco_hydro_4C	PF11975.8	208	DB4.contig2_13	451	2.8e-60
HTH_AraC	PF00165.23	42	DB4.contig2_14	313	1.1e-19
HTH_AraC	PF00165.23	42	DB4.contig2_14	313	1.1e-19
HTH_18	PF12833.7	81	DB4.contig2_14	313	2.7e-19
Cupin_2	PF07883.11	71	DB4.contig2_14	313	5.4e-05
Sugar_tr	PF00083.24	452	DB4.contig2_15	501	4.4e-67
MFS_1	PF07690.16	353	DB4.contig2_15	501	8.3e-34
MFS_1	PF07690.16	353	DB4.contig2_15	501	8.3e-34
Osmo_CC	PF08946.10	46	DB4.contig2_15	501	5e-23
MFS_2	PF13347.6	427	DB4.contig2_15	501	2.4e-05
PhnA	PF03831.14	69	DB4.contig2_16	112	8.8e-35
PhnA_Zn_Ribbon	PF08274.12	30	DB4.contig2_16	112	1.3e-13
TF_Zn_Ribbon	PF08271.12	43	DB4.contig2_16	112	5.5e-05
zf-RRN7	PF11781.8	32	DB4.contig2_16	112	0.00015
PADR1	PF08063.12	53	DB4.contig2_16	112	0.0036
3-dmu-9_3-mt	PF06983.13	116	DB4.contig2_17	145	8.9e-05
Glyoxalase	PF00903.25	128	DB4.contig2_17	145	0.00021
UTRA	PF07702.13	141	DB4.contig2_18	242	1.4e-29
GntR	PF00392.21	64	DB4.contig2_18	242	7.3e-21
MarR	PF01047.22	59	DB4.contig2_18	242	1.1e-05
Rrf2	PF02082.20	83	DB4.contig2_18	242	2.2e-05
MarR_2	PF12802.7	62	DB4.contig2_18	242	7.5e-05
HTH_Crp_2	PF13545.6	68	DB4.contig2_18	242	0.0015
PhnG	PF06754.12	142	DB4.contig2_19	151	2.4e-51
PhnH	PF05845.12	189	DB4.contig2_20	195	3.9e-62
PhnI	PF05861.12	353	DB4.contig2_21	355	1.8e-153
PhnG	PF06754.12	142	DB4.contig2_21	355	9e-05
PhnJ	PF06007.11	275	DB4.contig2_22	283	1.7e-149
ABC_tran	PF00005.27	137	DB4.contig2_23	253	2.8e-32
AAA_21	PF13304.6	303	DB4.contig2_23	253	6.7e-09
AAA_29	PF13555.6	61	DB4.contig2_23	253	1.7e-06
oligo_HPY	PF08352.12	65	DB4.contig2_23	253	6.4e-06
AAA_23	PF13476.6	200	DB4.contig2_23	253	6.2e-05
AAA_16	PF13191.6	170	DB4.contig2_23	253	7.2e-05
AAA_30	PF13604.6	192	DB4.contig2_23	253	0.0016
ABC_tran	PF00005.27	137	DB4.contig2_24	227	9.2e-30
AAA_16	PF13191.6	170	DB4.contig2_24	227	1.8e-07
SMC_N	PF02463.19	220	DB4.contig2_24	227	1.1e-06
AAA_33	PF13671.6	143	DB4.contig2_24	227	2.8e-06
AAA_22	PF13401.6	137	DB4.contig2_24	227	0.00035
AAA_29	PF13555.6	61	DB4.contig2_24	227	0.00066
RsgA_GTPase	PF03193.16	167	DB4.contig2_24	227	0.0012
Amidohydro_3	PF07969.11	473	DB4.contig2_25	379	5.4e-14
Amidohydro_1	PF01979.20	344	DB4.contig2_25	379	2.5e-10
AAA_18	PF13238.6	130	DB4.contig2_26	188	2.3e-07
AAA_33	PF13671.6	143	DB4.contig2_26	188	1.7e-05
Guanylate_kin	PF00625.21	182	DB4.contig2_26	188	0.00014
ABC_tran	PF00005.27	137	DB4.contig2_26	188	0.0014
HlyD_D23	PF16576.5	214	DB4.contig3_1	212	1e-08
HlyD_3	PF13437.6	106	DB4.contig3_1	212	1.9e-06
DUF4889	PF16230.5	71	DB4.contig3_1	212	0.016
ACR_tran	PF00873.19	1021	DB4.contig3_2	1201	2.1e-172
MMPL	PF03176.15	333	DB4.contig3_2	1201	9.4e-06
MMPL	PF03176.15	333	DB4.contig3_2	1201	9.4e-06
PDDEXK_3	PF13366.6	118	DB4.contig3_3	108	1.7e-32
Cas_Cas4	PF01930.17	162	DB4.contig3_3	108	0.036
AIM24	PF01987.17	201	DB4.contig3_4	265	1.1e-65
DUF2400	PF09674.10	227	DB4.contig3_5	258	2.6e-91
OMP_b-brl_3	PF14905.6	408	DB4.contig3_6	937	6.4e-32
CarboxypepD_reg	PF13620.6	82	DB4.contig3_6	937	1e-06
CarbopepD_reg_2	PF13715.6	88	DB4.contig3_6	937	0.00014
GATA	PF00320.27	36	DB4.contig3_7	58	0.035
HTH_3	PF01381.22	55	DB4.contig3_8	67	1.4e-12
HTH_19	PF12844.7	65	DB4.contig3_8	67	6.9e-10
HTH_31	PF13560.6	64	DB4.contig3_8	67	3.1e-08
HTH_26	PF13443.6	63	DB4.contig3_8	67	6e-07
HTH_11	PF08279.12	55	DB4.contig3_8	67	0.0031
Microcin	PF03526.13	55	DB4.contig3_9	150	0.0037
DUF4250	PF14056.6	55	DB4.contig3_10	88	0.025
Glyco_hydro_9	PF00759.19	411	DB4.contig3_11	843	3.6e-73
CelD_N	PF02927.14	86	DB4.contig3_11	843	3.1e-17
Polysacc_deac_1	PF01522.21	124	DB4.contig3_11	843	2.3e-09
FAA_hydrolase	PF01557.18	218	DB4.contig3_12	336	3.7e-56
CD20	PF04103.15	156	DB4.contig3_13	71	0.043
HAD_2	PF13419.6	178	DB4.contig3_14	232	9.4e-25
Hydrolase	PF00702.26	210	DB4.contig3_14	232	2.6e-16
Hydrolase_like	PF13242.6	75	DB4.contig3_14	232	2.3e-14
HAD	PF12710.7	188	DB4.contig3_14	232	2.2e-06
adh_short	PF00106.25	195	DB4.contig3_15	233	1e-45
adh_short_C2	PF13561.6	234	DB4.contig3_15	233	4.4e-32
KR	PF08659.10	180	DB4.contig3_15	233	8.2e-07
DUF1776	PF08643.10	296	DB4.contig3_15	233	1e-05
Polysacc_synt_2	PF02719.15	294	DB4.contig3_15	233	0.0074
Metallophos_2	PF12850.7	165	DB4.contig3_16	286	7.5e-13
Metallophos	PF00149.28	204	DB4.contig3_16	286	4.3e-12
Glyco_trans_1_3	PF13528.6	321	DB4.contig3_17	352	9e-34
Glyco_tran_28_C	PF04101.16	167	DB4.contig3_17	352	0.00073
Flavin_Reduct	PF01613.18	155	DB4.contig3_18	294	1.4e-13
Putative_PNPOx	PF01243.20	88	DB4.contig3_18	294	0.0045
PS_Dcarbxylase	PF02666.15	200	DB4.contig3_19	227	3.8e-26
DUF5461	PF17545.2	93	DB4.contig3_19	227	0.029
CTP_transf_1	PF01148.20	266	DB4.contig3_20	287	3.3e-49
DUF92	PF01940.16	236	DB4.contig3_20	287	0.0077
DUF2007	PF09413.10	67	DB4.contig3_21	69	8.4e-07
CPBP	PF02517.16	92	DB4.contig3_22	311	4.2e-16
Dus	PF01207.17	310	DB4.contig3_23	346	3.1e-88
PEP_mutase	PF13714.6	239	DB4.contig3_23	346	0.00092
GSHPx	PF00255.19	108	DB4.contig3_24	218	1.1e-32
Redoxin	PF08534.10	147	DB4.contig3_24	218	0.00038
AhpC-TSA	PF00578.21	124	DB4.contig3_24	218	0.0036
Phosphonate-bd	PF12974.7	243	DB4.contig3_24	218	0.02
Aldedh	PF00171.22	462	DB4.contig3_25	74	6.5e-05
HNH	PF01844.23	47	DB4.contig4_1	303	2.6e-06
HNH_2	PF13391.6	72	DB4.contig4_1	303	0.0052
DUF305	PF03713.13	152	DB4.contig4_2	117	7.9e-22
DUF4142	PF13628.6	139	DB4.contig4_2	117	2.8e-06
HATPase_c	PF02518.26	112	DB4.contig4_4	492	2.9e-22
HisKA	PF00512.25	67	DB4.contig4_4	492	9.9e-11
HATPase_c_5	PF14501.6	101	DB4.contig4_4	492	2.2e-08
HAMP	PF00672.25	53	DB4.contig4_4	492	3.9e-07
Response_reg	PF00072.24	112	DB4.contig4_5	227	1.4e-26
Trans_reg_C	PF00486.28	77	DB4.contig4_5	227	3e-25
OEP	PF02321.18	188	DB4.contig4_6	462	6.4e-50
OEP	PF02321.18	188	DB4.contig4_6	462	6.4e-50
TPR_MLP1_2	PF07926.12	129	DB4.contig4_6	462	0.47
CusF_Ec	PF11604.8	68	DB4.contig4_7	118	1.5e-20
HlyD_D23	PF16576.5	214	DB4.contig4_8	431	9.9e-63
HlyD_D4	PF16572.5	56	DB4.contig4_8	431	7.1e-23
HlyD_3	PF13437.6	106	DB4.contig4_8	431	7e-14
ACR_tran	PF00873.19	1021	DB4.contig4_9	1049	5.4e-238
MMPL	PF03176.15	333	DB4.contig4_9	1049	0.00017
DUF411	PF04214.13	69	DB4.contig4_10	147	7.2e-24
E1-E2_ATPase	PF00122.20	181	DB4.contig4_11	816	3.7e-58
Hydrolase	PF00702.26	210	DB4.contig4_11	816	9.2e-45
YHS	PF04945.13	48	DB4.contig4_11	816	3.3e-20
Hydrolase_3	PF08282.12	255	DB4.contig4_11	816	5.6e-07
HAD	PF12710.7	188	DB4.contig4_11	816	9.1e-06
RibD_C	PF01872.17	200	DB4.contig4_11	816	0.0075
DUF2933	PF11666.8	52	DB4.contig4_12	66	5.5e-24
Peptidase_M23	PF01551.22	96	DB4.contig4_13	246	5e-26
NUT	PF12881.7	729	DB4.contig4_14	150	0.015
Cu-oxidase_3	PF07732.15	119	DB4.contig4_15	606	1.6e-49
Cu-oxidase_3	PF07732.15	119	DB4.contig4_15	606	1.6e-49
Cu-oxidase	PF00394.22	159	DB4.contig4_15	606	3.7e-40
Cu-oxidase_2	PF07731.14	137	DB4.contig4_15	606	2.6e-31
Cu-oxidase_2	PF07731.14	137	DB4.contig4_15	606	2.6e-31
TAT_signal	PF10518.9	26	DB4.contig4_15	606	0.0047
CopB	PF05275.11	208	DB4.contig4_16	299	3.6e-87
OMP_b-brl	PF13505.6	178	DB4.contig4_16	299	0.0027
CopC	PF04234.12	92	DB4.contig4_17	127	3.1e-23
Big_5	PF13205.6	108	DB4.contig4_17	127	1.9e-05
CopD	PF05425.13	105	DB4.contig4_18	310	2.1e-21
DUF4149	PF13664.6	102	DB4.contig4_18	310	0.0023
Response_reg	PF00072.24	112	DB4.contig4_19	227	3.5e-26
Trans_reg_C	PF00486.28	77	DB4.contig4_19	227	6.8e-25
HATPase_c	PF02518.26	112	DB4.contig4_20	467	2.1e-16
HisKA	PF00512.25	67	DB4.contig4_20	467	8.5e-10
HAMP	PF00672.25	53	DB4.contig4_20	467	1.2e-06
HATPase_c_5	PF14501.6	101	DB4.contig4_20	467	3.6e-06
DDE_Tnp_IS66	PF03050.14	282	DB4.contig4_22	124	1.3e-22
DDE_Tnp_IS66_C	PF13817.6	39	DB4.contig4_22	124	8.2e-18
ANAPC3	PF12895.7	82	DB4.contig5_1	281	0.00018
TPR_16	PF13432.6	68	DB4.contig5_1	281	0.0026
CcmH	PF03918.14	143	DB4.contig5_2	153	3.4e-54
Redoxin	PF08534.10	147	DB4.contig5_3	185	1.6e-24
AhpC-TSA	PF00578.21	124	DB4.contig5_3	185	5.4e-15
Thioredoxin_2	PF13098.6	109	DB4.contig5_3	185	3.2e-05
Thioredoxin_8	PF13905.6	95	DB4.contig5_3	185	0.00047
Thioredoxin	PF00085.20	103	DB4.contig5_3	185	0.0064
CcmF_C	PF16327.5	323	DB4.contig5_4	651	4.1e-128
Cytochrom_C_asm	PF01578.20	214	DB4.contig5_4	651	8.7e-56
CcmE	PF03100.15	128	DB4.contig5_5	153	2.9e-41
CcmD	PF04995.14	44	DB4.contig5_6	77	8.2e-17
DUF5472	PF17566.2	73	DB4.contig5_6	77	0.044
Cytochrom_C_asm	PF01578.20	214	DB4.contig5_7	246	6.3e-30
CcmB	PF03379.13	215	DB4.contig5_8	220	1.2e-82
ABC2_membrane	PF01061.24	210	DB4.contig5_8	220	0.00013
BTP	PF05232.12	64	DB4.contig5_8	220	0.0094
ABC_tran	PF00005.27	137	DB4.contig5_9	208	2.5e-27
AAA_21	PF13304.6	303	DB4.contig5_9	208	5.5e-12
AAA_21	PF13304.6	303	DB4.contig5_9	208	5.5e-12
Cytochrom_C	PF00034.21	92	DB4.contig5_10	446	5.8e-24
Cytochrom_C	PF00034.21	92	DB4.contig5_10	446	5.8e-24
Cytochrom_C	PF00034.21	92	DB4.contig5_10	446	5.8e-24
Cytochrome_CBB3	PF13442.6	67	DB4.contig5_10	446	1.5e-23
Cytochrome_CBB3	PF13442.6	67	DB4.contig5_10	446	1.5e-23
GMC_oxred_C	PF05199.13	144	DB4.contig5_11	595	4.1e-23
GMC_oxred_N	PF00732.19	296	DB4.contig5_11	595	6.9e-08
FAD_binding_3	PF01494.19	349	DB4.contig5_11	595	0.003
Gluconate_2-dh3	PF13618.6	136	DB4.contig5_12	252	2e-38
Peptidase_C69	PF03577.15	402	DB4.contig5_12	252	0.012
Glyoxalase	PF00903.25	128	DB4.contig5_13	120	2.2e-07
ABC_tran	PF00005.27	137	DB4.contig5_14	357	2.5e-35
AAA_21	PF13304.6	303	DB4.contig5_14	357	1.9e-08
AAA_21	PF13304.6	303	DB4.contig5_14	357	1.9e-08
AAA_16	PF13191.6	170	DB4.contig5_14	357	0.00031
AAA_29	PF13555.6	61	DB4.contig5_14	357	0.00058
BPD_transp_1	PF00528.22	185	DB4.contig5_15	590	1.1e-21
BPD_transp_1	PF00528.22	185	DB4.contig5_15	590	1.1e-21
UPF0242	PF06785.11	193	DB4.contig5_15	590	0.023
SBP_bac_8	PF13416.6	282	DB4.contig5_16	363	4.9e-22
SBP_bac_11	PF13531.6	230	DB4.contig5_16	363	2e-16
SBP_bac_6	PF13343.6	245	DB4.contig5_16	363	1e-14
SBP_bac_1	PF01547.25	315	DB4.contig5_16	363	2.7e-13
Ldh_2	PF02615.14	333	DB4.contig5_17	360	3.3e-108
Molybdopterin	PF00384.22	432	DB4.contig5_18	717	3.6e-90
Molydop_binding	PF01568.21	111	DB4.contig5_18	717	5.5e-30
Molybdop_Fe4S4	PF04879.16	55	DB4.contig5_18	717	7.8e-13
Peptidase_M20	PF01546.28	207	DB4.contig5_19	386	1.5e-29
M20_dimer	PF07687.14	109	DB4.contig5_19	386	1.4e-13
RseA_N	PF03872.13	87	DB4.contig6_1	31	1.3e-09
Sigma70_r4_2	PF08281.12	54	DB4.contig6_2	192	1.9e-19
Sigma70_r2	PF04542.14	71	DB4.contig6_2	192	6.1e-18
Sigma70_r4	PF04545.16	50	DB4.contig6_2	192	6.3e-11
Sigma70_ECF	PF07638.11	185	DB4.contig6_2	192	1.3e-08
HTH_23	PF13384.6	50	DB4.contig6_2	192	0.0002
FAD_binding_2	PF00890.24	417	DB4.contig6_3	540	4.7e-102
Succ_DH_flav_C	PF02910.20	128	DB4.contig6_3	540	9.7e-14
Pyr_redox_2	PF07992.14	294	DB4.contig6_3	540	1.4e-10
DAO	PF01266.24	352	DB4.contig6_3	540	7.2e-10
FAD_binding_3	PF01494.19	349	DB4.contig6_3	540	0.00094
Lycopene_cycl	PF05834.12	380	DB4.contig6_3	540	0.0026
NAD_binding_8	PF13450.6	68	DB4.contig6_3	540	0.0027
MTS	PF05175.14	169	DB4.contig6_4	246	1.9e-13
Methyltransf_25	PF13649.6	97	DB4.contig6_4	246	5.4e-11
Methyltransf_31	PF13847.6	152	DB4.contig6_4	246	1.9e-09
PrmA	PF06325.13	296	DB4.contig6_4	246	9.3e-07
Methyltransf_3	PF01596.17	212	DB4.contig6_4	246	2.4e-06
Methyltransf_32	PF13679.6	158	DB4.contig6_4	246	3e-06
Methyltransf_11	PF08241.12	96	DB4.contig6_4	246	8.1e-06
UPF0020	PF01170.18	197	DB4.contig6_4	246	1.7e-05
RrnaAD	PF00398.20	265	DB4.contig6_4	246	2.6e-05
Methyltransf_23	PF13489.6	165	DB4.contig6_4	246	6.7e-05
Cons_hypoth95	PF03602.15	182	DB4.contig6_4	246	8e-05
PCMT	PF01135.19	210	DB4.contig6_4	246	0.00017
PRMT5	PF05185.16	173	DB4.contig6_4	246	0.00076
DEAD	PF00270.29	176	DB4.contig6_5	444	4e-47
Helicase_C	PF00271.31	111	DB4.contig6_5	444	3.2e-32
ResIII	PF04851.15	171	DB4.contig6_5	444	9e-09
AAA_19	PF13245.6	146	DB4.contig6_5	444	8.9e-05
Gly_radical	PF01228.21	106	DB4.contig6_6	128	9.7e-23
UDG	PF03167.19	155	DB4.contig6_7	230	1.9e-27
SpoU_methylase	PF00588.19	142	DB4.contig6_8	362	1.8e-32
SpoU_sub_bind	PF08032.12	76	DB4.contig6_8	362	4.3e-13
Thioredoxin	PF00085.20	103	DB4.contig6_9	142	6.3e-27
Thioredoxin_2	PF13098.6	109	DB4.contig6_9	142	2.3e-10
Thioredoxin_8	PF13905.6	95	DB4.contig6_9	142	4e-06
Thioredoxin_7	PF13899.6	83	DB4.contig6_9	142	1.3e-05
Thioredoxin_9	PF14595.6	129	DB4.contig6_9	142	9.2e-05
OST3_OST6	PF04756.13	293	DB4.contig6_9	142	0.00016
Redoxin	PF08534.10	147	DB4.contig6_9	142	0.00055
zinc_ribbon_4	PF13717.6	36	DB4.contig6_9	142	0.00083
Thioredoxin_3	PF13192.6	76	DB4.contig6_9	142	0.001
TraF	PF13728.6	224	DB4.contig6_9	142	0.0022
HyaE	PF07449.11	108	DB4.contig6_9	142	0.0026
DTW	PF03942.15	198	DB4.contig6_10	233	5.3e-40
ATP-grasp_5	PF13549.6	222	DB4.contig6_11	884	2.2e-76
Succ_CoA_lig	PF13607.6	138	DB4.contig6_11	884	5.4e-46
CoA_binding_2	PF13380.6	116	DB4.contig6_11	884	1.4e-21
Acetyltransf_1	PF00583.25	117	DB4.contig6_11	884	3.5e-08
Acetyltransf_3	PF13302.7	138	DB4.contig6_11	884	4.4e-08
Acetyltransf_10	PF13673.7	127	DB4.contig6_11	884	0.00095
PLDc_2	PF13091.6	133	DB4.contig6_12	452	1.2e-29
PLDc_2	PF13091.6	133	DB4.contig6_12	452	1.2e-29
PLDc	PF00614.22	28	DB4.contig6_12	452	3.2e-13
PLDc	PF00614.22	28	DB4.contig6_12	452	3.2e-13
Phage_tail_APC	PF16778.5	60	DB4.contig6_12	452	0.0016
DUF2279	PF10043.9	91	DB4.contig6_13	108	1.1e-09
Sugar_tr	PF00083.24	452	DB4.contig6_14	433	1.2e-35
Sugar_tr	PF00083.24	452	DB4.contig6_14	433	1.2e-35
MFS_1	PF07690.16	353	DB4.contig6_14	433	7e-24
MFS_1	PF07690.16	353	DB4.contig6_14	433	7e-24
MFS_2	PF13347.6	427	DB4.contig6_14	433	2.3e-07
MFS_1_like	PF12832.7	385	DB4.contig6_14	433	3.1e-06
HMGL-like	PF00682.19	264	DB4.contig7_2	610	4.2e-82
LeuA_dimer	PF08502.10	133	DB4.contig7_2	610	2.7e-34
ALS_ss_C	PF10369.9	74	DB4.contig7_2	610	4.3e-17
ACT_5	PF13710.6	62	DB4.contig7_2	610	7.6e-16
ACT	PF01842.25	67	DB4.contig7_2	610	2.3e-13
ACT_4	PF13291.6	80	DB4.contig7_2	610	0.00069
Iso_dh	PF00180.20	348	DB4.contig7_3	364	2.3e-138
Aconitase	PF00330.20	461	DB4.contig7_4	467	9.3e-163
Aconitase_C	PF00694.19	131	DB4.contig7_5	202	1e-40
Oxidored_FMN	PF00724.20	342	DB4.contig7_6	678	7.7e-72
Pyr_redox_2	PF07992.14	294	DB4.contig7_6	678	3.7e-28
Pyr_redox_2	PF07992.14	294	DB4.contig7_6	678	3.7e-28
Pyr_redox	PF00070.27	81	DB4.contig7_6	678	9e-16
Pyr_redox	PF00070.27	81	DB4.contig7_6	678	9e-16
NAD_binding_8	PF13450.6	68	DB4.contig7_6	678	4.2e-09
AlaDh_PNT_C	PF01262.21	214	DB4.contig7_6	678	4.1e-08
FAD_oxidored	PF12831.7	433	DB4.contig7_6	678	8e-08
GIDA	PF01134.22	392	DB4.contig7_6	678	9e-07
HI0933_like	PF03486.14	409	DB4.contig7_6	678	3.5e-06
NAD_binding_7	PF13241.6	104	DB4.contig7_6	678	1.2e-05
FAD_binding_2	PF00890.24	417	DB4.contig7_6	678	0.00011
Shikimate_dh_N	PF08501.11	83	DB4.contig7_7	288	5.2e-30
SDH_C	PF18317.1	31	DB4.contig7_7	288	1e-12
Shikimate_DH	PF01488.20	138	DB4.contig7_7	288	0.013
MFS_1	PF07690.16	353	DB4.contig7_8	405	6.1e-28
MFS_1	PF07690.16	353	DB4.contig7_8	405	6.1e-28
PUCC	PF03209.15	401	DB4.contig7_8	405	0.0035
DHquinase_I	PF01487.15	229	DB4.contig7_9	252	4.1e-74
Imm75	PF15660.6	84	DB4.contig7_9	252	0.0058
LysR_substrate	PF03466.20	209	DB4.contig7_10	299	9.4e-33
HTH_1	PF00126.27	60	DB4.contig7_10	299	1.2e-17
MFS_1	PF07690.16	353	DB4.contig7_11	437	1.8e-55
MFS_1	PF07690.16	353	DB4.contig7_11	437	1.8e-55
Sugar_tr	PF00083.24	452	DB4.contig7_11	437	7.7e-07
Sugar_tr	PF00083.24	452	DB4.contig7_11	437	7.7e-07
MFS_4	PF06779.14	363	DB4.contig7_11	437	3.5e-05
DUF3464	PF11947.8	150	DB4.contig7_11	437	0.00033
MFS_1	PF07690.16	353	DB4.contig7_12	395	7e-40
MFS_1	PF07690.16	353	DB4.contig7_12	395	7e-40
MFS_1_like	PF12832.7	385	DB4.contig7_12	395	4.5e-07
Nuc_H_symport	PF03825.16	400	DB4.contig7_12	395	5e-05
MFS_2	PF13347.6	427	DB4.contig7_12	395	7.8e-05
SgrT	PF15894.5	53	DB4.contig7_13	51	2.4e-13
SgrR_N	PF12793.7	115	DB4.contig7_14	552	8.7e-42
SBP_bac_5	PF00496.22	377	DB4.contig7_14	552	8.5e-18
SBP_bac_6	PF13343.6	245	DB4.contig7_15	328	1.9e-18
SBP_bac_1	PF01547.25	315	DB4.contig7_15	328	9.5e-15
SBP_bac_11	PF13531.6	230	DB4.contig7_15	328	2.5e-14
BPD_transp_1	PF00528.22	185	DB4.contig7_16	231	1.9e-07
HTH_18	PF12833.7	81	DB4.contig8_1	303	3.1e-15
HTH_AraC	PF00165.23	42	DB4.contig8_1	303	4e-08
GyrI-like	PF06445.15	155	DB4.contig8_1	303	2.3e-05
Cass2	PF14526.6	149	DB4.contig8_1	303	0.00082
GerE	PF00196.19	57	DB4.contig8_2	204	3.3e-12
HTH_23	PF13384.6	50	DB4.contig8_2	204	0.0038
EAL	PF00563.20	238	DB4.contig8_3	406	2.5e-46
BLUF	PF04940.12	92	DB4.contig8_3	406	2.6e-22
CinA	PF02464.17	155	DB4.contig8_4	171	6.4e-50
HSP20	PF00011.21	102	DB4.contig8_5	158	2.1e-14
ArsA_HSP20	PF17886.1	63	DB4.contig8_5	158	0.00091
Ost5	PF05251.12	73	DB4.contig8_6	35	0.011
GerE	PF00196.19	57	DB4.contig8_7	212	4.6e-13
HTH_23	PF13384.6	50	DB4.contig8_7	212	0.00046
SRAP	PF02586.14	219	DB4.contig8_8	225	5.1e-49
AraC_binding	PF02311.19	136	DB4.contig8_9	248	3.6e-07
Cupin_2	PF07883.11	71	DB4.contig8_9	248	0.0002
SnoaL_2	PF12680.7	102	DB4.contig8_10	129	8.2e-06
SnoaL	PF07366.12	126	DB4.contig8_10	129	0.029
Peptidase_M3	PF01432.20	458	DB4.contig8_11	682	4.6e-133
adh_short	PF00106.25	195	DB4.contig8_12	250	2.6e-53
adh_short_C2	PF13561.6	234	DB4.contig8_12	250	2.9e-37
KR	PF08659.10	180	DB4.contig8_12	250	1.6e-11
Epimerase	PF01370.21	241	DB4.contig8_12	250	1.7e-06
NAD_binding_10	PF13460.6	184	DB4.contig8_12	250	8.2e-05
Polysacc_synt_2	PF02719.15	294	DB4.contig8_12	250	0.00023
F420_oxidored	PF03807.17	97	DB4.contig8_12	250	0.00026
FCD	PF07729.12	125	DB4.contig8_13	229	4.7e-23
GntR	PF00392.21	64	DB4.contig8_13	229	3e-17
Usp	PF00582.26	141	DB4.contig8_14	144	9.2e-26
Mannitol_dh_C	PF08125.13	246	DB4.contig8_15	488	2.8e-94
Mannitol_dh	PF01232.23	151	DB4.contig8_15	488	4.3e-49
MFS_1	PF07690.16	353	DB4.contig8_16	399	4.3e-55
MFS_1	PF07690.16	353	DB4.contig8_16	399	4.3e-55
OATP	PF03137.20	546	DB4.contig8_16	399	0.00048
DUF4381	PF14316.6	146	DB4.contig8_16	399	0.0031
HNH_3	PF13392.6	46	DB4.contig9_1	159	5.4e-16
AP2	PF00847.20	54	DB4.contig9_1	159	0.0023
Phage_antiter_Q	PF06323.11	222	DB4.contig9_2	228	9.5e-81
NinG	PF05766.12	186	DB4.contig9_4	213	1.2e-56
NinE	PF05322.11	58	DB4.contig9_5	59	3.5e-05
TnpB_IS66	PF05717.13	101	DB4.contig9_5	59	0.069
DUF1367	PF07105.11	196	DB4.contig9_6	199	7.3e-70
TonB_C	PF03544.14	79	DB4.contig9_7	111	0.00064
DUF551	PF04448.12	69	DB4.contig9_9	217	8.5e-12
Clathrin	PF00637.20	143	DB4.contig9_9	217	0.013
Phage_holin_5_2	PF16079.5	75	DB4.contig9_10	59	0.02
Ead_Ea22	PF13935.6	139	DB4.contig9_11	231	1.5e-05
PTPA	PF03095.15	301	DB4.contig9_11	231	0.014
DnaB_C	PF03796.15	255	DB4.contig9_14	818	1e-51
DnaB_C	PF03796.15	255	DB4.contig9_14	818	1e-51
DnaB	PF00772.21	103	DB4.contig9_14	818	7.8e-33
AAA_25	PF13481.6	194	DB4.contig9_14	818	1.5e-05
Hom_end_hint	PF05203.16	228	DB4.contig9_14	818	2.3e-05
LAGLIDADG_3	PF14528.6	83	DB4.contig9_14	818	9.5e-05
DUF2740	PF10872.8	48	DB4.contig9_16	49	0.00014
Phage_CII	PF05269.11	91	DB4.contig9_17	95	8.8e-34
HTH_23	PF13384.6	50	DB4.contig9_18	76	0.00025
YdaS_antitoxin	PF15943.5	65	DB4.contig9_18	76	0.00037
HTH_28	PF13518.6	52	DB4.contig9_18	76	0.0015
HTH_17	PF12728.7	51	DB4.contig9_18	76	0.0057
MerR	PF00376.23	38	DB4.contig9_18	76	0.0061
Peptidase_S24	PF00717.23	70	DB4.contig9_19	241	1.2e-11
HTH_3	PF01381.22	55	DB4.contig9_19	241	3.5e-09
HTH_31	PF13560.6	64	DB4.contig9_19	241	7.5e-05
P22_Cro	PF14549.6	60	DB4.contig9_19	241	0.0004
HTH_19	PF12844.7	65	DB4.contig9_19	241	0.00044
BetR	PF08667.10	148	DB4.contig9_19	241	0.0012
DUF1828	PF08861.10	91	DB4.contig9_21	253	4.7e-07
YqaJ	PF09588.10	148	DB4.contig9_26	208	1.3e-13
HTH_11	PF08279.12	55	DB4.contig9_27	143	0.0041
MT-A70	PF05063.14	172	DB4.contig9_28	219	7.6e-22
MT-A70	PF05063.14	172	DB4.contig9_28	219	7.6e-22
MFS_1	PF07690.16	353	DB4.contig10_1	384	4.6e-13
LysR_substrate	PF03466.20	209	DB4.contig10_2	304	9.2e-45
HTH_1	PF00126.27	60	DB4.contig10_2	304	3.3e-20
Glyco_trans_1_3	PF13528.6	321	DB4.contig10_2	304	0.0012
DUF2633	PF11119.8	57	DB4.contig10_3	58	1.5e-32
EAL	PF00563.20	238	DB4.contig10_4	743	3.7e-63
MASE1	PF05231.14	300	DB4.contig10_4	743	7.7e-38
Ppx-GppA	PF02541.16	285	DB4.contig10_5	511	6.1e-101
PP_kinase_C_1	PF17941.1	167	DB4.contig10_6	687	1.3e-74
PP_kinase_C	PF13090.6	172	DB4.contig10_6	687	1e-69
PP_kinase	PF02503.17	202	DB4.contig10_6	687	9.6e-45
PP_kinase_N	PF13089.6	107	DB4.contig10_6	687	7.7e-32
PLDc_2	PF13091.6	133	DB4.contig10_6	687	2.5e-15
MR_MLE_C	PF13378.6	220	DB4.contig10_6	687	0.0062
Formyl_trans_N	PF00551.19	181	DB4.contig10_7	214	1.5e-65
AIRS_C	PF02769.22	156	DB4.contig10_8	346	1.8e-38
AIRS	PF00586.24	94	DB4.contig10_8	346	2.1e-15
ROK	PF00480.20	294	DB4.contig10_9	298	1.1e-40
Glyco_hydro_1	PF00232.18	453	DB4.contig10_10	478	1.1e-132
Cellulase	PF00150.18	281	DB4.contig10_10	478	0.0057
UPRTase	PF14681.6	207	DB4.contig10_11	209	6.4e-65
Pribosyltran	PF00156.27	159	DB4.contig10_11	209	4.2e-14
Xan_ur_permease	PF00860.20	389	DB4.contig10_12	429	7.6e-107
Bac_DnaA	PF00308.18	219	DB4.contig10_13	153	2.2e-10
Glycos_transf_1	PF00534.20	172	DB4.contig11_1	338	0.0016
Polysacc_synt_3	PF13440.6	293	DB4.contig11_2	478	7.4e-80
Polysacc_synt	PF01943.17	274	DB4.contig11_2	478	5.4e-32
6PGD	PF00393.19	289	DB4.contig11_3	469	5.1e-133
NAD_binding_2	PF03446.15	158	DB4.contig11_3	469	6.9e-52
ApbA	PF02558.16	152	DB4.contig11_3	469	0.00055
Shikimate_DH	PF01488.20	138	DB4.contig11_3	469	0.0012
F420_oxidored	PF03807.17	97	DB4.contig11_3	469	0.0014
3HCDH_N	PF02737.18	180	DB4.contig11_3	469	0.011
NTP_transferase	PF00483.23	248	DB4.contig11_4	472	3e-76
MannoseP_isomer	PF01050.18	151	DB4.contig11_4	472	2.2e-64
Cupin_2	PF07883.11	71	DB4.contig11_4	472	3.9e-12
NTP_transf_3	PF12804.7	160	DB4.contig11_4	472	1.9e-09
AraC_binding	PF02311.19	136	DB4.contig11_4	472	5.4e-05
PGM_PMM_I	PF02878.16	138	DB4.contig11_5	469	5.8e-34
PGM_PMM_III	PF02880.16	114	DB4.contig11_5	469	1.5e-23
PGM_PMM_II	PF02879.16	103	DB4.contig11_5	469	4.1e-23
PGM_PMM_IV	PF00408.20	74	DB4.contig11_5	469	8.1e-11
UDPG_MGDP_dh_N	PF03721.14	187	DB4.contig11_6	389	3.6e-34
UDPG_MGDP_dh	PF00984.19	94	DB4.contig11_6	389	1.5e-26
UDPG_MGDP_dh_C	PF03720.15	105	DB4.contig11_6	389	2e-09
3HCDH_N	PF02737.18	180	DB4.contig11_6	389	0.00022
Ldh_1_N	PF00056.23	141	DB4.contig11_6	389	0.0033
GDP_Man_Dehyd	PF16363.5	332	DB4.contig11_7	335	3.5e-59
Epimerase	PF01370.21	241	DB4.contig11_7	335	5.4e-58
3Beta_HSD	PF01073.19	280	DB4.contig11_7	335	1.8e-21
RmlD_sub_bind	PF04321.17	287	DB4.contig11_7	335	4.7e-17
Polysacc_synt_2	PF02719.15	294	DB4.contig11_7	335	2.2e-13
NAD_binding_4	PF07993.12	257	DB4.contig11_7	335	2.8e-09
adh_short	PF00106.25	195	DB4.contig11_7	335	7.8e-09
NAD_binding_10	PF13460.6	184	DB4.contig11_7	335	1.3e-06
KR	PF08659.10	180	DB4.contig11_7	335	0.00018
adh_short_C2	PF13561.6	234	DB4.contig11_7	335	0.00066
ABC2_membrane	PF01061.24	210	DB4.contig11_8	98	3.3e-06
DUF4422	PF14393.6	229	DB4.contig11_9	632	5.3e-74
Glyco_transf_8	PF01501.20	256	DB4.contig11_9	632	4.3e-43
Glyco_transf_24	PF18404.1	268	DB4.contig11_9	632	9.1e-06
HlyE	PF06109.13	309	DB4.contig11_9	632	0.00078
ABC_tran	PF00005.27	137	DB4.contig11_10	247	5.3e-17
AAA_29	PF13555.6	61	DB4.contig11_10	247	0.0089
ABC2_membrane	PF01061.24	210	DB4.contig11_11	205	2.4e-08
ADH_N	PF08240.12	109	DB4.contig12_1	147	6.6e-07
DUF3237	PF11578.8	149	DB4.contig12_2	156	2.3e-34
RVT_1	PF00078.27	222	DB4.contig12_4	470	3.1e-21
HEPN_MAE_28990	PF18737.1	215	DB4.contig12_4	470	0.0022
SLATT_5	PF18160.1	192	DB4.contig12_5	214	1.4e-30
Arm-DNA-bind_3	PF13356.6	74	DB4.contig12_6	265	5.9e-18
Phage_integrase	PF00589.22	172	DB4.contig12_6	265	1.1e-11
MFS_2	PF13347.6	427	DB4.contig12_7	465	5.4e-105
Glyco_hydro_31	PF01055.26	440	DB4.contig12_8	773	1e-121
Gal_mutarotas_2	PF13802.6	66	DB4.contig12_8	773	2.1e-17
HTH_6	PF01418.17	77	DB4.contig12_9	241	2.4e-11
SIS	PF01380.22	131	DB4.contig12_9	241	2.3e-08
Glyco_hydro_4C	PF11975.8	208	DB4.contig12_10	460	1.8e-37
Glyco_hydro_4	PF02056.16	183	DB4.contig12_10	460	1.5e-27
PTS_EIIC	PF02378.18	324	DB4.contig12_11	289	1e-20
PTS_EIIB	PF00367.20	34	DB4.contig12_11	289	2.3e-13
DUF3681	PF12442.8	97	DB4.contig12_11	289	0.002
FimA	PF16970.5	143	DB4.contig13_1	126	2.9e-09
GerE	PF00196.19	57	DB4.contig13_2	221	6.5e-06
Citrate_synt	PF00285.21	361	DB4.contig13_4	435	3.5e-107
Transthyretin	PF00576.21	110	DB4.contig13_7	134	2.8e-37
bMG3	PF11974.8	103	DB4.contig13_7	134	8.5e-05
CarboxypepD_reg	PF13620.6	82	DB4.contig13_7	134	0.003
SdrD_B	PF17210.3	112	DB4.contig13_7	134	0.014
DUF2612	PF11041.8	181	DB4.contig13_13	196	2.8e-52
Baseplate_J	PF04865.14	255	DB4.contig13_14	411	2.8e-10
DUF2345	PF10106.9	151	DB4.contig14_1	380	5.6e-40
T6SS_Vgr	PF13296.6	108	DB4.contig14_1	380	1.1e-35
Sarcoglycan_1	PF04790.13	260	DB4.contig14_1	380	0.00067
DUF4123	PF13503.6	131	DB4.contig14_2	259	3.8e-14
DUF3304	PF11745.8	111	DB4.contig14_3	112	2.4e-21
LPAM_1	PF08139.12	18	DB4.contig14_3	112	0.011
DUF2235	PF09994.9	288	DB4.contig14_4	800	4.1e-29
DUF2235	PF09994.9	288	DB4.contig14_4	800	4.1e-29
PAAR_motif	PF05488.13	70	DB4.contig14_5	86	3e-16
Claudin_2	PF13903.6	193	DB4.contig14_6	378	0.047
IcmF-related	PF06761.12	309	DB4.contig14_7	1150	5e-68
IcmF_C	PF06744.12	203	DB4.contig14_7	1150	4.4e-53
T6SS_VasJ	PF16989.5	255	DB4.contig14_8	531	1.9e-79
ImpA_N	PF06812.12	119	DB4.contig14_8	531	3.7e-20
T6SS_TssF	PF05947.12	603	DB4.contig14_9	384	1.4e-125
Plug	PF07715.15	108	DB4.contig15_1	458	1.6e-24
Trehalase	PF01204.18	512	DB4.contig15_2	582	8.7e-169
GDE_C	PF06202.14	383	DB4.contig15_2	582	8.2e-08
Bac_rhamnosid6H	PF17389.2	340	DB4.contig15_2	582	0.00018
Glyco_hydro_63	PF03200.16	491	DB4.contig15_2	582	0.00057
CP_ATPgrasp_2	PF14403.6	375	DB4.contig15_3	480	1.8e-162
CP_ATPgrasp_1	PF04174.13	332	DB4.contig15_3	480	1.5e-155
Alpha-E	PF04168.12	293	DB4.contig15_4	310	9.2e-79
Transglut_core	PF01841.19	112	DB4.contig15_5	272	8.6e-24
Bact_transglu_N	PF08379.10	80	DB4.contig15_5	272	1.4e-21
Proteasome	PF00227.26	190	DB4.contig15_6	249	2.6e-06
FA_desaturase	PF00487.24	254	DB4.contig15_7	338	2.2e-30
Phosphonate-bd	PF12974.7	243	DB4.contig15_8	267	6.2e-15
DUF1039	PF06287.11	65	DB4.contig15_8	267	0.0028
LysR_substrate	PF03466.20	209	DB4.contig15_9	314	2.1e-30
HTH_1	PF00126.27	60	DB4.contig15_9	314	1.1e-17
PALP	PF00291.25	294	DB4.contig15_10	276	5.1e-70
TonB_dep_Rec	PF00593.24	470	DB4.contig16_1	558	1.4e-32
AA_permease	PF00324.21	479	DB4.contig16_2	459	1.7e-117
AA_permease_2	PF13520.6	425	DB4.contig16_2	459	1.4e-45
Nuc_H_symport	PF03825.16	400	DB4.contig16_3	414	6.3e-97
MFS_1_like	PF12832.7	385	DB4.contig16_3	414	2.7e-30
MFS_1	PF07690.16	353	DB4.contig16_3	414	2.1e-09
LacY_symp	PF01306.19	413	DB4.contig16_3	414	2.2e-06
AP_endonuc_2	PF01261.24	210	DB4.contig16_4	341	5.4e-36
AP_endonuc_2_N	PF07582.12	56	DB4.contig16_4	341	4.2e-20
GFO_IDH_MocA	PF01408.22	120	DB4.contig16_5	384	1.5e-27
NAD_binding_3	PF03447.16	117	DB4.contig16_5	384	9.2e-10
GFO_IDH_MocA_C	PF02894.17	116	DB4.contig16_5	384	6.3e-07
Sacchrp_dh_NADP	PF03435.18	130	DB4.contig16_5	384	2.4e-06
Semialdhyde_dh	PF01118.24	121	DB4.contig16_5	384	0.00073
Peripla_BP_3	PF13377.6	166	DB4.contig16_7	327	6.2e-43
Peripla_BP_1	PF00532.21	279	DB4.contig16_7	327	2.5e-26
Peripla_BP_4	PF13407.6	258	DB4.contig16_7	327	2.3e-20
LacI	PF00356.21	46	DB4.contig16_7	327	2.5e-20
Peripla_BP_6	PF13458.6	342	DB4.contig16_7	327	3.9e-05
HTH_7	PF02796.15	45	DB4.contig16_7	327	0.0021
MS_channel	PF00924.18	206	DB4.contig16_8	415	3.2e-67
MFS_1	PF07690.16	353	DB4.contig16_9	476	4.5e-37
Sugar_tr	PF00083.24	452	DB4.contig16_9	476	8.4e-10
Sugar_tr	PF00083.24	452	DB4.contig16_9	476	8.4e-10
OATP	PF03137.20	546	DB4.contig16_9	476	0.94
MLTR_LBD	PF17765.1	168	DB4.contig16_10	289	5.8e-35
HTH_31	PF13560.6	64	DB4.contig16_10	289	1.8e-15
HTH_3	PF01381.22	55	DB4.contig16_10	289	0.012
Glyco_hydro_31	PF01055.26	440	DB4.contig17_1	516	4.1e-107
DUF5110	PF17137.4	72	DB4.contig17_1	516	2.6e-08
ABC_tran	PF00005.27	137	DB4.contig17_3	531	3.1e-47
ABC_tran	PF00005.27	137	DB4.contig17_3	531	3.1e-47
ABC_tran_Xtn	PF12848.7	85	DB4.contig17_3	531	3.4e-24
AAA_21	PF13304.6	303	DB4.contig17_3	531	2.8e-11
Y_phosphatase3	PF13350.6	232	DB4.contig17_4	132	7.9e-22
Gal_mutarotas_2	PF13802.6	66	DB4.contig17_5	318	4.5e-24
Glyco_hydro_31	PF01055.26	440	DB4.contig17_5	318	9.1e-11
DUF4968	PF16338.5	94	DB4.contig17_5	318	4.8e-07
MFS_1	PF07690.16	353	DB4.contig17_6	434	1e-58
MFS_1	PF07690.16	353	DB4.contig17_6	434	1e-58
Sugar_tr	PF00083.24	452	DB4.contig17_6	434	1.7e-08
Peripla_BP_3	PF13377.6	166	DB4.contig17_7	391	3.4e-27
Peripla_BP_1	PF00532.21	279	DB4.contig17_7	391	7.6e-13
LacI	PF00356.21	46	DB4.contig17_7	391	8.8e-07
HTH_IclR	PF09339.10	52	DB4.contig17_7	391	3e-05
MarR_2	PF12802.7	62	DB4.contig17_7	391	8.2e-05
HTH_31	PF13560.6	64	DB4.contig17_7	391	0.00039
HTH_3	PF01381.22	55	DB4.contig17_7	391	0.00049
HTH_23	PF13384.6	50	DB4.contig17_7	391	0.0013
HTH_38	PF13936.6	44	DB4.contig17_7	391	0.0013
DUF1479	PF07350.12	416	DB4.contig17_8	422	9.1e-143
COG5	PF10392.9	132	DB4.contig17_8	422	0.0059
Hydrolase_3	PF08282.12	255	DB4.contig17_9	272	1e-51
S6PP	PF05116.13	247	DB4.contig17_9	272	1.6e-14
Hydrolase	PF00702.26	210	DB4.contig17_9	272	1.3e-06
PFL-like	PF02901.15	647	DB4.contig17_10	638	3e-160
Gly_radical	PF01228.21	106	DB4.contig17_10	638	2.7e-30
TonB_dep_Rec	PF00593.24	470	DB4.contig18_1	1129	5.3e-33
CarbopepD_reg_2	PF13715.6	88	DB4.contig18_1	1129	2.6e-19
Plug	PF07715.15	108	DB4.contig18_1	1129	1.9e-17
CarboxypepD_reg	PF13620.6	82	DB4.contig18_1	1129	1.5e-12
STN	PF07660.14	52	DB4.contig18_1	1129	2.5e-07
DUF4974	PF16344.5	70	DB4.contig18_1	1129	0.0017
SusD_RagB	PF07980.11	298	DB4.contig18_2	482	9.6e-30
SusD-like_3	PF14322.6	190	DB4.contig18_2	482	1.7e-23
SusD-like_2	PF12771.7	414	DB4.contig18_2	482	1.7e-05
Beta_helix	PF13229.6	158	DB4.contig18_3	788	1.5e-13
Beta_helix	PF13229.6	158	DB4.contig18_3	788	1.5e-13
Beta_helix	PF13229.6	158	DB4.contig18_3	788	1.5e-13
PDZ_2	PF13180.6	82	DB4.contig18_3	788	6.3e-07
PDZ	PF00595.24	82	DB4.contig18_3	788	0.00018
PDZ_6	PF17820.1	56	DB4.contig18_3	788	0.0022
FeoB_C	PF07664.12	53	DB4.contig18_4	75	0.033
DDE_Tnp_ISL3	PF01610.17	240	DB4.contig19_2	124	1.6e-12
DDE_Tnp_ISL3	PF01610.17	240	DB4.contig19_3	272	1.9e-18
zf-ISL3	PF14690.6	47	DB4.contig19_3	272	8e-07
MIP	PF00230.20	227	DB4.contig19_4	135	9.4e-24
DUF1576	PF07613.11	176	DB4.contig19_4	135	0.0092
Acetyltransf_4	PF13420.7	155	DB4.contig19_5	166	3.1e-16
Acetyltransf_1	PF00583.25	117	DB4.contig19_5	166	4e-12
Acetyltransf_3	PF13302.7	138	DB4.contig19_5	166	1.2e-08
Acetyltransf_7	PF13508.7	76	DB4.contig19_5	166	1.1e-07
Acetyltransf_10	PF13673.7	127	DB4.contig19_5	166	0.00017
HTH_20	PF12840.7	61	DB4.contig19_6	109	7.9e-12
HTH_IclR	PF09339.10	52	DB4.contig19_6	109	2.8e-05
HTH_5	PF01022.20	47	DB4.contig19_6	109	4.3e-05
TrmB	PF01978.19	68	DB4.contig19_6	109	0.0017
HTH_24	PF13412.6	48	DB4.contig19_6	109	0.011
FMN_red	PF03358.15	155	DB4.contig19_7	238	7.2e-27
Flavodoxin_2	PF02525.17	198	DB4.contig19_7	238	0.026
Sigma70_r2	PF04542.14	71	DB4.contig19_8	182	2.3e-13
Sigma70_r4_2	PF08281.12	54	DB4.contig19_8	182	9.6e-09
Sigma70_r4	PF04545.16	50	DB4.contig19_8	182	2.2e-05
ArsD	PF06953.11	123	DB4.contig19_9	121	3.3e-31
Thioredoxin_3	PF13192.6	76	DB4.contig19_9	121	8e-05
ArsA_ATPase	PF02374.15	305	DB4.contig19_10	447	9.1e-67
ArsA_ATPase	PF02374.15	305	DB4.contig19_10	447	9.1e-67
AAA_31	PF13614.6	177	DB4.contig19_10	447	3.5e-21
AAA_31	PF13614.6	177	DB4.contig19_10	447	3.5e-21
CbiA	PF01656.23	128	DB4.contig19_10	447	2.4e-20
CbiA	PF01656.23	128	DB4.contig19_10	447	2.4e-20
ParA	PF10609.9	246	DB4.contig19_10	447	1.9e-12
ParA	PF10609.9	246	DB4.contig19_10	447	1.9e-12
Fer4_NifH	PF00142.18	271	DB4.contig19_10	447	1.2e-09
Fer4_NifH	PF00142.18	271	DB4.contig19_10	447	1.2e-09
AAA_16	PF13191.6	170	DB4.contig19_10	447	1.6e-08
AAA_25	PF13481.6	194	DB4.contig19_10	447	1.6e-08
SRP54	PF00448.22	196	DB4.contig19_10	447	7e-08
MeaB	PF03308.16	267	DB4.contig19_10	447	2e-07
PhoH	PF02562.16	205	DB4.contig19_10	447	2.6e-07
CBP_BcsQ	PF06564.12	234	DB4.contig19_10	447	4.7e-07
MipZ	PF09140.11	262	DB4.contig19_10	447	6.4e-06
ArsA_ATPase	PF02374.15	305	DB4.contig19_11	158	4.6e-17
ArsA_ATPase	PF02374.15	305	DB4.contig19_11	158	4.6e-17
Acetyltransf_1	PF00583.25	117	DB4.contig19_12	141	6.8e-16
Acetyltransf_4	PF13420.7	155	DB4.contig19_12	141	3.1e-14
Acetyltransf_7	PF13508.7	76	DB4.contig19_12	141	1.4e-08
Acetyltransf_3	PF13302.7	138	DB4.contig19_12	141	1.6e-08
Acetyltransf_10	PF13673.7	127	DB4.contig19_12	141	2.3e-08
Acetyltransf_CG	PF14542.6	80	DB4.contig19_12	141	0.00034
Acetyltransf_6	PF13480.7	142	DB4.contig19_12	141	0.00038
ArsC	PF03960.15	64	DB4.contig19_13	142	4.3e-20
ArsB	PF02040.15	423	DB4.contig19_14	430	1e-158
CitMHS	PF03600.16	300	DB4.contig19_14	430	1e-23
ArsA_ATPase	PF02374.15	305	DB4.contig19_15	466	2.7e-66
ArsA_ATPase	PF02374.15	305	DB4.contig19_15	466	2.7e-66
ArsA_ATPase	PF02374.15	305	DB4.contig19_15	466	2.7e-66
CbiA	PF01656.23	128	DB4.contig19_15	466	8.7e-09
AAA_31	PF13614.6	177	DB4.contig19_15	466	2.8e-07
ParA	PF10609.9	246	DB4.contig19_15	466	1.1e-05
RuvB_N	PF05496.12	159	DB4.contig19_15	466	4.7e-05
AAA_25	PF13481.6	194	DB4.contig19_15	466	0.00013
AAA_16	PF13191.6	170	DB4.contig19_15	466	0.00022
SRP54	PF00448.22	196	DB4.contig19_15	466	0.00037
Fer4_NifH	PF00142.18	271	DB4.contig19_15	466	0.0005
IstB_IS21	PF01695.17	178	DB4.contig19_15	466	0.0021
Mu-transpos_C	PF09299.11	61	DB4.contig20_1	519	2e-17
rve	PF00665.26	119	DB4.contig20_1	519	4.2e-10
Phage-MuB_C	PF09077.11	78	DB4.contig20_2	316	1.7e-32
AAA_22	PF13401.6	137	DB4.contig20_2	316	1.2e-18
AAA_30	PF13604.6	192	DB4.contig20_2	316	9.7e-06
AAA_5	PF07728.14	138	DB4.contig20_2	316	1.4e-05
HTH_11	PF08279.12	55	DB4.contig20_5	96	9.2e-09
DUF3164	PF11363.8	194	DB4.contig20_6	206	1.6e-85
YtkA	PF13115.6	86	DB4.contig20_7	165	0.084
DUF1664	PF07889.12	124	DB4.contig20_8	102	0.021
DUF1018	PF06252.12	119	DB4.contig20_10	185	1.7e-31
Mor	PF08765.11	108	DB4.contig20_11	132	1.9e-31
HTH_28	PF13518.6	52	DB4.contig20_11	132	0.0016
HTH_29	PF13551.6	63	DB4.contig20_11	132	0.0048
DUF853	PF05872.12	504	DB4.contig20_12	171	0.067
Glyco_hydro_108	PF05838.12	85	DB4.contig20_13	194	3.7e-25
PG_binding_3	PF09374.10	76	DB4.contig20_13	194	7.2e-16
PG_binding_1	PF01471.18	57	DB4.contig20_13	194	0.0025
GTA_holin_3TM	PF11351.8	123	DB4.contig20_16	202	0.0015
ExsD	PF16806.5	238	DB4.contig20_16	202	0.042
zf-dskA_traR	PF01258.17	36	DB4.contig20_17	77	3e-11
DZR	PF12773.7	49	DB4.contig20_17	77	0.00085
Perm-CXXC	PF15629.6	32	DB4.contig20_17	77	0.0079
DUF2730	PF10805.8	102	DB4.contig20_18	101	4.9e-32
HTH_5	PF01022.20	47	DB4.contig20_19	96	5.5e-05
HTH_20	PF12840.7	61	DB4.contig20_19	96	0.00055
HTH_12	PF08461.10	66	DB4.contig20_19	96	0.0017
DNA_pol3_alpha	PF07733.12	260	DB4.contig20_20	92	0.019
DUF3486	PF11985.8	180	DB4.contig20_21	193	6.7e-59
Terminase_6	PF03237.15	215	DB4.contig20_22	377	2.6e-08
LMWPc	PF01451.21	142	DB4.contig21_1	95	1.2e-22
GNVR	PF13807.6	82	DB4.contig21_2	718	1.4e-30
Wzz	PF02706.15	92	DB4.contig21_2	718	9.2e-21
AAA_31	PF13614.6	177	DB4.contig21_2	718	4.2e-08
AAA_26	PF13500.6	198	DB4.contig21_2	718	4.5e-08
CbiA	PF01656.23	128	DB4.contig21_2	718	0.00014
ParA	PF10609.9	246	DB4.contig21_2	718	0.00035
Glyco_transf_4	PF13439.6	170	DB4.contig21_3	382	4.3e-15
Glycos_transf_1	PF00534.20	172	DB4.contig21_3	382	2.5e-14
Glyco_trans_1_4	PF13692.6	134	DB4.contig21_3	382	5.6e-12
Glyco_trans_4_4	PF13579.6	160	DB4.contig21_3	382	3.3e-09
Glyco_trans_4_2	PF13477.6	139	DB4.contig21_3	382	6.7e-07
Glyco_hydro_1	PF00232.18	453	DB4.contig21_4	335	0.00014
Glycos_transf_1	PF00534.20	172	DB4.contig21_6	392	2.8e-27
Glyco_trans_1_4	PF13692.6	134	DB4.contig21_6	392	2e-18
Glyco_transf_4	PF13439.6	170	DB4.contig21_6	392	7.3e-10
Bac_transf	PF02397.16	184	DB4.contig21_7	466	1.1e-65
CoA_binding_3	PF13727.6	175	DB4.contig21_7	466	8.6e-32
Glycos_transf_1	PF00534.20	172	DB4.contig21_8	331	1.7e-28
Glyco_trans_1_4	PF13692.6	134	DB4.contig21_8	331	1.8e-21
Glyco_transf_4	PF13439.6	170	DB4.contig21_8	331	3e-09
Glyco_trans_4_4	PF13579.6	160	DB4.contig21_8	331	6.7e-08
Glyco_trans_1_2	PF13524.6	92	DB4.contig21_8	331	9.9e-06
Epimerase_2	PF02350.19	347	DB4.contig21_8	331	0.00087
Acyl_transf_3	PF01757.22	340	DB4.contig21_9	337	3e-28
TAT_signal	PF10518.9	26	DB4.contig22_1	44	0.00019
Acetyltransf_1	PF00583.25	117	DB4.contig22_2	142	2.6e-20
Acetyltransf_7	PF13508.7	76	DB4.contig22_2	142	2.3e-13
Acetyltransf_10	PF13673.7	127	DB4.contig22_2	142	1.1e-12
Acetyltransf_9	PF13527.7	128	DB4.contig22_2	142	2.2e-08
FR47	PF08445.10	86	DB4.contig22_2	142	2.6e-08
Acetyltransf_6	PF13480.7	142	DB4.contig22_2	142	3.3e-07
PanZ	PF12568.8	128	DB4.contig22_2	142	0.00045
Acetyltransf_4	PF13420.7	155	DB4.contig22_2	142	0.0023
Acetyltransf_3	PF13302.7	138	DB4.contig22_2	142	0.0039
DUF2919	PF11143.8	146	DB4.contig22_3	150	3.4e-48
DUF1131	PF06572.12	170	DB4.contig22_4	192	1.8e-81
Dyp_perox	PF04261.12	327	DB4.contig22_5	300	4.1e-95
SBP_bac_11	PF13531.6	230	DB4.contig22_6	339	5.8e-40
SBP_bac_1	PF01547.25	315	DB4.contig22_6	339	1.1e-19
SBP_bac_6	PF13343.6	245	DB4.contig22_6	339	2.4e-07
SBP_bac_8	PF13416.6	282	DB4.contig22_6	339	7e-07
PBP_like	PF12727.7	193	DB4.contig22_6	339	9.9e-05
BPD_transp_1	PF00528.22	185	DB4.contig22_7	278	4.7e-34
BPD_transp_1	PF00528.22	185	DB4.contig22_8	292	9.3e-15
DUF4013	PF13197.6	168	DB4.contig22_8	292	0.00085
ABC_tran	PF00005.27	137	DB4.contig22_9	365	3.5e-38
AAA_21	PF13304.6	303	DB4.contig22_9	365	2.1e-09
AAA_21	PF13304.6	303	DB4.contig22_9	365	2.1e-09
SMC_N	PF02463.19	220	DB4.contig22_9	365	3.6e-09
TOBE_3	PF12857.7	60	DB4.contig22_9	365	1.7e-08
AAA_16	PF13191.6	170	DB4.contig22_9	365	0.00012
RsgA_GTPase	PF03193.16	167	DB4.contig22_9	365	0.00096
AAA_22	PF13401.6	137	DB4.contig22_9	365	0.00098
DLIC	PF05783.11	471	DB4.contig22_9	365	0.0011
AAA_28	PF13521.6	163	DB4.contig22_9	365	0.0017
PALP	PF00291.25	294	DB4.contig22_10	304	9.8e-69
DUF4440	PF14534.6	107	DB4.contig22_11	132	1.5e-10
SnoaL_3	PF13474.6	121	DB4.contig22_11	132	2.7e-09
SnoaL_2	PF12680.7	102	DB4.contig22_11	132	1.1e-06
SnoaL_4	PF13577.6	127	DB4.contig22_11	132	0.015
Aminotran_1_2	PF00155.21	363	DB4.contig22_12	433	3.9e-28
GntR	PF00392.21	64	DB4.contig22_12	433	1.9e-17
DegT_DnrJ_EryC1	PF01041.17	361	DB4.contig22_12	433	5.2e-06
HTH_36	PF13730.6	55	DB4.contig22_12	433	0.0073
FAD_binding_3	PF01494.19	349	DB4.contig23_1	201	4.2e-29
DAO	PF01266.24	352	DB4.contig23_1	201	6.8e-07
Pyr_redox_3	PF13738.6	305	DB4.contig23_1	201	1.3e-05
FAD_binding_2	PF00890.24	417	DB4.contig23_1	201	2.3e-05
Pyr_redox_2	PF07992.14	294	DB4.contig23_1	201	7.7e-05
HI0933_like	PF03486.14	409	DB4.contig23_1	201	0.00017
Lycopene_cycl	PF05834.12	380	DB4.contig23_1	201	0.00076
NAD_binding_8	PF13450.6	68	DB4.contig23_1	201	0.0011
Thi4	PF01946.17	235	DB4.contig23_1	201	0.0031
Glyoxalase	PF00903.25	128	DB4.contig23_2	182	6.5e-17
Glyoxalase_4	PF13669.6	109	DB4.contig23_2	182	7.6e-06
MarR	PF01047.22	59	DB4.contig23_3	148	3.2e-14
MarR_2	PF12802.7	62	DB4.contig23_3	148	1.9e-13
TrmB	PF01978.19	68	DB4.contig23_3	148	6.5e-09
HTH_27	PF13463.6	68	DB4.contig23_3	148	3.5e-08
HTH_5	PF01022.20	47	DB4.contig23_3	148	0.00012
TFIIE_alpha	PF02002.17	105	DB4.contig23_3	148	0.00019
HTH_IclR	PF09339.10	52	DB4.contig23_3	148	0.00058
HTH_24	PF13412.6	48	DB4.contig23_3	148	0.00076
DprA_WH	PF17782.1	61	DB4.contig23_3	148	0.002
GGDEF	PF00990.21	161	DB4.contig23_5	520	1e-44
dCache_1	PF02743.18	249	DB4.contig23_5	520	5e-19
AMP-binding	PF00501.28	423	DB4.contig23_7	661	6.2e-98
AMP-binding_C	PF13193.6	76	DB4.contig23_7	661	1.7e-27
ACAS_N	PF16177.5	55	DB4.contig23_7	661	5.1e-18
UPF0114	PF03350.16	118	DB4.contig23_8	204	8.8e-43
Fumerase	PF05681.14	270	DB4.contig23_9	514	1.3e-100
Fumerase_C	PF05683.12	206	DB4.contig23_9	514	7.4e-83
Asp_Glu_race	PF01177.22	224	DB4.contig23_10	298	1.4e-30
UTRA	PF07702.13	141	DB4.contig24_1	198	2.1e-26
GntR	PF00392.21	64	DB4.contig24_1	198	4.4e-21
HTH_DeoR	PF08220.12	57	DB4.contig24_1	198	9.6e-06
HTH_11	PF08279.12	55	DB4.contig24_1	198	0.0043
HTH_41	PF14502.6	48	DB4.contig24_1	198	0.0052
PTS_EIIC	PF02378.18	324	DB4.contig24_2	511	6.7e-50
PTS_EIIB	PF00367.20	34	DB4.contig24_2	511	7.2e-11
Glyco_hydro_4	PF02056.16	183	DB4.contig24_3	443	2.3e-59
Glyco_hydro_4C	PF11975.8	208	DB4.contig24_3	443	2e-50
Sugar_tr	PF00083.24	452	DB4.contig24_4	482	4.7e-104
MFS_1	PF07690.16	353	DB4.contig24_4	482	1.3e-34
MFS_1	PF07690.16	353	DB4.contig24_4	482	1.3e-34
TRI12	PF06609.13	599	DB4.contig24_4	482	3.7e-09
PTS_EIIA_2	PF00359.22	144	DB4.contig24_5	148	1.1e-22
CBP_BcsF	PF11120.8	60	DB4.contig24_7	47	0.23
Esterase	PF00756.20	251	DB4.contig24_8	310	5.4e-13
Abhydrolase_6	PF12697.7	220	DB4.contig24_8	310	0.0021
Peptidase_S9	PF00326.21	212	DB4.contig24_8	310	0.0089
EAL	PF00563.20	238	DB4.contig24_9	552	2.5e-71
GGDEF	PF00990.21	161	DB4.contig24_9	552	2e-36
PAS_9	PF13426.7	104	DB4.contig24_9	552	2.6e-12
PAS	PF00989.25	113	DB4.contig24_9	552	9.9e-08
PAS_4	PF08448.10	110	DB4.contig24_9	552	0.00087
PAS_3	PF08447.12	89	DB4.contig24_9	552	0.0012
GGDEF_2	PF17853.1	116	DB4.contig24_9	552	0.0099
Hydrolase_4	PF12146.8	239	DB4.contig25_1	232	2e-16
Abhydrolase_6	PF12697.7	220	DB4.contig25_1	232	7.3e-09
Abhydrolase_1	PF00561.20	257	DB4.contig25_1	232	2.9e-06
LIDHydrolase	PF10230.9	266	DB4.contig25_1	232	0.00013
Peptidase_S9	PF00326.21	212	DB4.contig25_1	232	0.0056
Acyl_transf_2	PF02273.15	294	DB4.contig25_1	232	0.0078
LysM	PF01476.20	44	DB4.contig25_2	150	1.3e-12
BON	PF04972.17	69	DB4.contig25_2	150	2.7e-10
MFS_1	PF07690.16	353	DB4.contig25_3	464	1.7e-47
OATP	PF03137.20	546	DB4.contig25_3	464	0.00015
LacY_symp	PF01306.19	413	DB4.contig25_3	464	0.011
SBP_bac_6	PF13343.6	245	DB4.contig25_4	407	4.7e-33
SBP_bac_11	PF13531.6	230	DB4.contig25_4	407	2.2e-21
SBP_bac_8	PF13416.6	282	DB4.contig25_4	407	9.1e-12
SBP_bac_1	PF01547.25	315	DB4.contig25_4	407	0.00063
HATPase_c	PF02518.26	112	DB4.contig25_5	665	5.3e-16
HisKA	PF00512.25	67	DB4.contig25_5	665	1.6e-07
HAMP	PF00672.25	53	DB4.contig25_5	665	2.5e-06
HATPase_c_2	PF13581.6	125	DB4.contig25_5	665	0.0008
Response_reg	PF00072.24	112	DB4.contig25_6	417	4.9e-27
Sigma54_activ_2	PF14532.6	138	DB4.contig25_6	417	8.8e-18
HTH_8	PF02954.19	42	DB4.contig25_6	417	2.4e-10
Sigma54_activat	PF00158.26	168	DB4.contig25_6	417	2.8e-09
GrpB	PF04229.14	160	DB4.contig25_7	173	1.4e-49
LysR_substrate	PF03466.20	209	DB4.contig25_8	290	4.9e-44
HTH_1	PF00126.27	60	DB4.contig25_8	290	4.8e-19
T2SSM_b	PF10741.9	111	DB4.contig25_8	290	0.018
ZapB	PF06005.12	71	DB4.contig26_1	68	0.053
Terminase_GpA	PF05876.12	558	DB4.contig26_2	703	6.4e-174
DUF4379	PF14311.6	56	DB4.contig26_2	703	0.01
DUF1441	PF07278.11	149	DB4.contig26_3	164	3.6e-49
HTH_30	PF13556.6	59	DB4.contig26_3	164	0.017
Tudor-knot	PF11717.8	55	DB4.contig26_4	62	0.018
SmpA_OmlA	PF04355.13	71	DB4.contig26_5	150	1.3e-05
DUF3192	PF11399.8	101	DB4.contig26_5	150	0.0036
CAP_assoc_N	PF14504.6	140	DB4.contig26_5	150	0.021
DUF3552	PF12072.8	201	DB4.contig26_7	92	0.00012
ATP-synt_E	PF05680.12	96	DB4.contig26_7	92	0.0021
Glyco_hydro_108	PF05838.12	85	DB4.contig26_9	181	7.1e-25
PG_binding_3	PF09374.10	76	DB4.contig26_9	181	2.2e-22
Phage_holin_3_1	PF05106.12	99	DB4.contig26_10	118	2.5e-26
N6_N4_Mtase	PF01555.18	231	DB4.contig26_11	351	5.4e-39
MarR_2	PF12802.7	62	DB4.contig26_12	65	0.00014
DprA_WH	PF17782.1	61	DB4.contig26_12	65	0.00049
TrmB	PF01978.19	68	DB4.contig26_12	65	0.0029
HTH_20	PF12840.7	61	DB4.contig26_12	65	0.011
Phage_antiter_Q	PF06323.11	222	DB4.contig26_13	233	1.5e-53
DUF968	PF06147.11	200	DB4.contig26_14	354	4.5e-72
HNHc_6	PF16784.5	200	DB4.contig26_14	354	2.4e-05
DNA_methylase	PF00145.17	335	DB4.contig26_15	139	1.3e-05
Peptidase_S66	PF02016.15	121	DB4.contig27_1	346	3e-31
Peptidase_S66C	PF17676.1	124	DB4.contig27_1	346	3.1e-27
ATPgrasp_TupA	PF14305.6	241	DB4.contig27_2	312	2.6e-48
HATPase_c	PF02518.26	112	DB4.contig27_3	354	4.8e-17
HisKA	PF00512.25	67	DB4.contig27_3	354	2e-08
HAMP	PF00672.25	53	DB4.contig27_3	354	5.3e-05
Response_reg	PF00072.24	112	DB4.contig27_4	246	1.2e-25
Trans_reg_C	PF00486.28	77	DB4.contig27_4	246	2.2e-19
PRA1	PF03208.19	143	DB4.contig27_5	130	8
ABC_membrane_3	PF13748.6	237	DB4.contig27_6	304	4.3e-89
ACR_tran	PF00873.19	1021	DB4.contig27_7	1039	0
MMPL	PF03176.15	333	DB4.contig27_7	1039	1.4e-09
MMPL	PF03176.15	333	DB4.contig27_7	1039	1.4e-09
SecD_SecF	PF02355.16	189	DB4.contig27_7	1039	0.00012
Acetyltransf_3	PF13302.7	138	DB4.contig27_8	56	0.057
DUF1380	PF07128.12	137	DB4.contig28_2	140	3.9e-74
N6_N4_Mtase	PF01555.18	231	DB4.contig28_4	234	1.8e-30
N6_N4_Mtase	PF01555.18	231	DB4.contig28_4	234	1.8e-30
UvrD-helicase	PF00580.21	315	DB4.contig28_5	680	5.3e-37
AAA_19	PF13245.6	146	DB4.contig28_5	680	7e-26
UvrD_C	PF13361.6	349	DB4.contig28_5	680	4.9e-20
UvrD_C_2	PF13538.6	52	DB4.contig28_5	680	1.2e-09
Viral_helicase1	PF01443.18	234	DB4.contig28_5	680	3.3e-09
DDE_Tnp_1	PF01609.21	214	DB4.contig28_8	327	9.9e-33
DUF772	PF05598.11	73	DB4.contig28_8	327	2e-21
DDE_Tnp_1_3	PF13612.6	155	DB4.contig28_8	327	1.1e-05
DDE_Tnp_1_6	PF13751.6	125	DB4.contig28_8	327	5.2e-05
DDE_Tnp_4	PF13359.6	158	DB4.contig28_8	327	0.00066
Plasmid_stab_B	PF10784.9	72	DB4.contig28_9	131	9.6e-28
StbA	PF06406.11	317	DB4.contig28_10	153	1.3e-37
HD_2	PF12917.7	182	DB4.contig29_2	176	5.9e-05
DUF2303	PF10065.9	267	DB4.contig29_3	276	7.1e-71
Peptidase_S24	PF00717.23	70	DB4.contig29_5	84	4.4e-16
P22_Cro	PF14549.6	60	DB4.contig29_6	70	4e-13
YdaS_antitoxin	PF15943.5	65	DB4.contig29_6	70	0.0011
HTH_17	PF12728.7	51	DB4.contig29_6	70	0.0012
HTH_28	PF13518.6	52	DB4.contig29_6	70	0.0056
HTH_23	PF13384.6	50	DB4.contig29_6	70	0.0093
ANT	PF03374.14	108	DB4.contig29_9	240	2.2e-23
Phage_pRha	PF09669.10	88	DB4.contig29_9	240	6.4e-18
DUF4222	PF13973.6	53	DB4.contig29_10	60	1.3e-20
Phg_2220_C	PF09524.10	74	DB4.contig29_11	293	5.3e-25
HTH_36	PF13730.6	55	DB4.contig29_11	293	6.7e-11
HTH_Crp_2	PF13545.6	68	DB4.contig29_11	293	0.0012
HTH_IclR	PF09339.10	52	DB4.contig29_11	293	0.0022
RP-C	PF03428.13	175	DB4.contig29_11	293	0.0037
GARP	PF16731.5	193	DB4.contig29_12	86	0.0091
Dam	PF05869.11	171	DB4.contig29_13	300	1.1e-54
DNA_methylase	PF00145.17	335	DB4.contig29_14	554	2.1e-13
DNA_methylase	PF00145.17	335	DB4.contig29_14	554	2.1e-13
EIIC-GAT	PF03611.14	396	DB4.contig30_1	138	3.7e-43
PTS_IIB	PF02302.17	90	DB4.contig30_2	89	4.9e-17
DUF948	PF06103.11	89	DB4.contig30_2	89	0.012
PTS_EIIA_2	PF00359.22	144	DB4.contig30_3	146	3.3e-31
Peripla_BP_3	PF13377.6	166	DB4.contig30_4	353	1e-25
Peripla_BP_1	PF00532.21	279	DB4.contig30_4	353	1.6e-15
LacI	PF00356.21	46	DB4.contig30_4	353	7e-15
Peripla_BP_4	PF13407.6	258	DB4.contig30_4	353	1.7e-06
HTH_24	PF13412.6	48	DB4.contig30_4	353	0.0039
MFS_1	PF07690.16	353	DB4.contig30_6	433	2.1e-36
MFS_1	PF07690.16	353	DB4.contig30_6	433	2.1e-36
Acetyltransf_3	PF13302.7	138	DB4.contig30_7	179	5.7e-27
Acetyltransf_1	PF00583.25	117	DB4.contig30_7	179	5.8e-10
Acetyltransf_8	PF13523.6	145	DB4.contig30_7	179	1e-07
Acetyltransf_4	PF13420.7	155	DB4.contig30_7	179	1e-06
FR47	PF08445.10	86	DB4.contig30_7	179	4.1e-05
Acetyltransf_7	PF13508.7	76	DB4.contig30_7	179	0.0023
HAD	PF12710.7	188	DB4.contig30_8	43	0.031
T6SS_HCP	PF05638.12	129	DB4.contig30_9	148	8.9e-29
TetR_N	PF00440.23	47	DB4.contig30_11	193	1.8e-13
HTH_7	PF02796.15	45	DB4.contig30_11	193	0.00075
HTH_Tnp_1_2	PF13022.6	123	DB4.contig30_11	193	0.001
Haem_oxygenas_2	PF14518.6	178	DB4.contig30_12	367	3.1e-36
EamA	PF00892.20	137	DB4.contig30_13	27	0.016
AMP-binding	PF00501.28	423	DB4.contig31_1	343	1e-46
AMP-binding_C	PF13193.6	76	DB4.contig31_1	343	5e-17
AMP-binding	PF00501.28	423	DB4.contig31_2	300	2.6e-29
Glyoxalase	PF00903.25	128	DB4.contig31_3	130	3e-12
Glyoxalase_4	PF13669.6	109	DB4.contig31_3	130	4e-12
Glyoxalase_3	PF13468.6	176	DB4.contig31_3	130	1.2e-05
DUF1338	PF07063.13	324	DB4.contig31_3	130	0.016
MFS_1	PF07690.16	353	DB4.contig31_4	445	6.9e-21
OATP	PF03137.20	546	DB4.contig31_4	445	1.5e-06
OATP	PF03137.20	546	DB4.contig31_4	445	1.5e-06
Sugar_tr	PF00083.24	452	DB4.contig31_4	445	0.0028
PfkB	PF00294.24	302	DB4.contig31_5	314	2.7e-62
Phos_pyr_kin	PF08543.12	246	DB4.contig31_5	314	3.3e-14
Carb_kinase	PF01256.17	244	DB4.contig31_5	314	0.0015
Ribul_P_3_epim	PF00834.19	198	DB4.contig31_6	230	1.5e-58
DeoRC	PF00455.22	160	DB4.contig31_7	267	2.4e-40
HTH_DeoR	PF08220.12	57	DB4.contig31_7	267	1.2e-17
HTH_11	PF08279.12	55	DB4.contig31_7	267	2.8e-07
GntR	PF00392.21	64	DB4.contig31_7	267	1.5e-06
MarR_2	PF12802.7	62	DB4.contig31_7	267	0.00026
HTH_Crp_2	PF13545.6	68	DB4.contig31_7	267	0.00029
MarR	PF01047.22	59	DB4.contig31_7	267	0.0003
TrmB	PF01978.19	68	DB4.contig31_7	267	0.00031
HTH_5	PF01022.20	47	DB4.contig31_7	267	0.001
Rrf2	PF02082.20	83	DB4.contig31_7	267	0.0015
HTH_36	PF13730.6	55	DB4.contig31_7	267	0.0028
HTH_29	PF13551.6	63	DB4.contig31_7	267	0.0031
DeoC	PF01791.9	235	DB4.contig31_8	238	3.9e-11
Peptidase_M19	PF01244.21	319	DB4.contig31_8	238	0.0035
CutC	PF03932.14	202	DB4.contig31_8	238	0.022
FGGY_N	PF00370.21	245	DB4.contig31_9	242	1.9e-61
DEDD_Tnp_IS110	PF01548.17	155	DB4.contig32_1	359	3.3e-18
Transposase_20	PF02371.16	87	DB4.contig32_1	359	1e-11
rve	PF00665.26	119	DB4.contig32_2	136	3.1e-13
HTH_38	PF13936.6	44	DB4.contig32_3	384	2.5e-25
HTH_38	PF13936.6	44	DB4.contig32_3	384	2.5e-25
rve	PF00665.26	119	DB4.contig32_3	384	9.2e-15
HTH_32	PF13565.6	73	DB4.contig32_3	384	4.9e-08
HTH_23	PF13384.6	50	DB4.contig32_3	384	2.3e-07
HTH_Tnp_1	PF01527.20	75	DB4.contig32_4	123	1e-12
LZ_Tnp_IS481	PF13011.6	85	DB4.contig32_4	123	0.0017
HTH_28	PF13518.6	52	DB4.contig32_4	123	0.0034
Herpes_BLRF2	PF05812.12	119	DB4.contig32_4	123	0.0086
TSC22	PF01166.18	57	DB4.contig32_4	123	0.012
HCV_NS5a_C	PF12941.7	242	DB4.contig32_5	119	0.00026
rve_3	PF13683.6	67	DB4.contig32_7	275	7.6e-33
rve	PF00665.26	119	DB4.contig32_7	275	2.1e-24
HTH_21	PF13276.6	60	DB4.contig32_7	275	2.6e-14
rve_2	PF13333.6	52	DB4.contig32_7	275	0.00016
HTH_Tnp_1	PF01527.20	75	DB4.contig32_8	88	1.2e-22
HTH_28	PF13518.6	52	DB4.contig32_8	88	7.9e-06
HTH_23	PF13384.6	50	DB4.contig32_8	88	1.2e-05
HTH_29	PF13551.6	63	DB4.contig32_8	88	0.00036
HTH_Tnp_1_2	PF13022.6	123	DB4.contig32_8	88	0.0019
CfAFP	PF05264.11	137	DB4.contig33_1	98	0.025
Fimbrial	PF00419.20	154	DB4.contig33_2	183	2.7e-10
Usher	PF00577.20	551	DB4.contig33_3	860	4.4e-171
PapC_N	PF13954.6	146	DB4.contig33_3	860	1e-39
PapC_C	PF13953.6	66	DB4.contig33_3	860	4.2e-21
PapD_N	PF00345.20	125	DB4.contig33_4	230	9.6e-39
PapD_C	PF02753.17	63	DB4.contig33_4	230	1.6e-12
Fimbrial	PF00419.20	154	DB4.contig33_5	180	2.4e-12
LrgB	PF04172.16	214	DB4.contig33_6	230	3.4e-67
LrgA	PF03788.14	94	DB4.contig33_7	136	5.2e-24
LysR_substrate	PF03466.20	209	DB4.contig33_8	294	3.4e-43
HTH_1	PF00126.27	60	DB4.contig33_8	294	4.6e-22
Na_H_Exchanger	PF00999.21	381	DB4.contig33_9	302	3.1e-15
DDE_Tnp_IS1	PF03400.13	131	DB4.contig34_1	82	3.3e-41
DDE_3	PF13358.6	146	DB4.contig34_2	237	2.7e-22
HTH_33	PF13592.6	60	DB4.contig34_2	237	8.1e-06
HTH_23	PF13384.6	50	DB4.contig34_3	110	2.1e-10
HTH_29	PF13551.6	63	DB4.contig34_3	110	4.4e-07
HTH_28	PF13518.6	52	DB4.contig34_3	110	0.00013
HTH_32	PF13565.6	73	DB4.contig34_3	110	0.0019
DDE_Tnp_IS66	PF03050.14	282	DB4.contig34_4	137	1.8e-31
UvrA_DNA-bind	PF17755.1	110	DB4.contig34_5	884	9.5e-17
ABC_tran	PF00005.27	137	DB4.contig34_5	884	1.8e-16
DnaJ_CXXCXGXG	PF00684.19	67	DB4.contig34_5	884	1.9e-06
ADH_zinc_N_2	PF13602.6	133	DB4.contig34_6	40	0.044
ADH_N	PF08240.12	109	DB4.contig34_7	306	5.8e-26
ADH_zinc_N	PF00107.26	130	DB4.contig34_7	306	3.7e-22
ABM	PF03992.16	78	DB4.contig34_8	102	7e-05
HTH_18	PF12833.7	81	DB4.contig34_9	329	1.4e-23
HTH_AraC	PF00165.23	42	DB4.contig34_9	329	1.2e-15
HTH_AraC	PF00165.23	42	DB4.contig34_9	329	1.2e-15
DJ-1_PfpI	PF01965.24	165	DB4.contig34_9	329	4.1e-14
HTH_11	PF08279.12	55	DB4.contig34_9	329	0.002
Gp_dh_C	PF02800.20	158	DB4.contig35_1	337	8e-62
Gp_dh_N	PF00044.24	101	DB4.contig35_1	337	1.9e-39
DapB_N	PF01113.20	124	DB4.contig35_1	337	8.2e-05
2-Hacid_dh_C	PF02826.19	178	DB4.contig35_1	337	0.02
HTH_18	PF12833.7	81	DB4.contig35_2	327	1.2e-20
DJ-1_PfpI	PF01965.24	165	DB4.contig35_2	327	5e-19
HTH_AraC	PF00165.23	42	DB4.contig35_2	327	4.9e-18
HTH_AraC	PF00165.23	42	DB4.contig35_2	327	4.9e-18
DUF2255	PF10012.9	115	DB4.contig35_3	124	5.6e-40
Peptidase_S15	PF02129.18	269	DB4.contig35_4	360	1.2e-08
Peptidase_S9	PF00326.21	212	DB4.contig35_4	360	2e-08
Abhydrolase_1	PF00561.20	257	DB4.contig35_4	360	3.9e-08
DLH	PF01738.18	217	DB4.contig35_4	360	9.6e-07
AXE1	PF05448.12	317	DB4.contig35_4	360	1.3e-05
BAAT_C	PF08840.11	213	DB4.contig35_4	360	6.9e-05
RMMBL	PF07521.12	62	DB4.contig35_4	360	0.00016
DUF1100	PF06500.11	411	DB4.contig35_4	360	0.0021
AraC_N	PF06719.13	148	DB4.contig35_5	310	7.7e-42
HTH_18	PF12833.7	81	DB4.contig35_5	310	1.9e-22
HTH_AraC	PF00165.23	42	DB4.contig35_5	310	3.2e-13
HTH_AraC	PF00165.23	42	DB4.contig35_5	310	3.2e-13
DeoRC	PF00455.22	160	DB4.contig35_6	258	5.2e-47
HTH_DeoR	PF08220.12	57	DB4.contig35_6	258	6.8e-18
HTH_11	PF08279.12	55	DB4.contig35_6	258	1.9e-06
GntR	PF00392.21	64	DB4.contig35_6	258	3.3e-06
HTH_5	PF01022.20	47	DB4.contig35_6	258	5.2e-05
HTH_20	PF12840.7	61	DB4.contig35_6	258	0.00041
MarR_2	PF12802.7	62	DB4.contig35_6	258	0.00054
HTH_24	PF13412.6	48	DB4.contig35_6	258	0.0027
FGGY_C	PF02782.16	198	DB4.contig35_7	266	1.2e-24
HNH	PF01844.23	47	DB4.contig36_2	213	2.8e-08
PS_pyruv_trans	PF04230.13	286	DB4.contig36_3	270	4.9e-14
Glycos_transf_2	PF00535.26	170	DB4.contig36_4	741	9.3e-26
Glyco_tranf_2_2	PF10111.9	276	DB4.contig36_4	741	2.1e-19
Glyco_tranf_2_2	PF10111.9	276	DB4.contig36_4	741	2.1e-19
Glyco_tranf_2_3	PF13641.6	230	DB4.contig36_4	741	7e-13
Glycos_transf_1	PF00534.20	172	DB4.contig36_4	741	4.3e-12
Glyco_trans_1_4	PF13692.6	134	DB4.contig36_4	741	1.2e-08
Glyco_transf_4	PF13439.6	170	DB4.contig36_4	741	1.5e-07
Glyco_transf_7C	PF02709.14	78	DB4.contig36_4	741	1.6e-05
Glyco_transf_5	PF08323.11	244	DB4.contig36_4	741	4.7e-05
Glyco_trans_2_3	PF13632.6	197	DB4.contig36_4	741	0.00031
Glyco_trans_4_4	PF13579.6	160	DB4.contig36_4	741	0.0015
Glyco_transf_21	PF13506.6	173	DB4.contig36_4	741	0.0017
rve_3	PF13683.6	67	DB4.contig36_5	116	8.4e-29
rve	PF00665.26	119	DB4.contig36_5	116	4.5e-14
rve_2	PF13333.6	52	DB4.contig36_5	116	3.6e-07
DDE_Tnp_IS240	PF13610.6	140	DB4.contig36_5	116	0.0023
HTH_21	PF13276.6	60	DB4.contig36_6	129	6.8e-10
rve	PF00665.26	119	DB4.contig36_6	129	0.0031
HTH_Tnp_1	PF01527.20	75	DB4.contig36_7	89	2.1e-20
HTH_23	PF13384.6	50	DB4.contig36_7	89	6.1e-07
HTH_28	PF13518.6	52	DB4.contig36_7	89	2.8e-06
HTH_29	PF13551.6	63	DB4.contig36_7	89	8.3e-06
HTH_Tnp_1_2	PF13022.6	123	DB4.contig36_7	89	0.0011
PAAR_motif	PF05488.13	70	DB4.contig36_9	272	1.6e-07
LysR_substrate	PF03466.20	209	DB4.contig37_1	95	1.2e-09
Cupin_6	PF12852.7	184	DB4.contig37_2	309	2.3e-26
HTH_18	PF12833.7	81	DB4.contig37_2	309	1.2e-20
HTH_AraC	PF00165.23	42	DB4.contig37_2	309	1.1e-15
HTH_AraC	PF00165.23	42	DB4.contig37_2	309	1.1e-15
TetR_N	PF00440.23	47	DB4.contig37_2	309	4.1e-05
Cupin_2	PF07883.11	71	DB4.contig37_2	309	0.0013
adh_short	PF00106.25	195	DB4.contig37_3	147	1.1e-29
adh_short_C2	PF13561.6	234	DB4.contig37_3	147	1.9e-18
Epimerase	PF01370.21	241	DB4.contig37_3	147	3e-07
NAD_binding_10	PF13460.6	184	DB4.contig37_3	147	2.2e-05
KR	PF08659.10	180	DB4.contig37_3	147	3.7e-05
RmlD_sub_bind	PF04321.17	287	DB4.contig37_3	147	0.0015
DUF1668	PF07893.13	342	DB4.contig37_4	105	0.022
adh_short	PF00106.25	195	DB4.contig37_4	105	0.025
NiFe-hyd_HybE	PF11939.8	153	DB4.contig37_4	105	0.043
Lysine_decarbox	PF03641.14	132	DB4.contig37_7	193	4.4e-43
LDcluster4	PF18306.1	157	DB4.contig37_7	193	4.5e-17
MatE	PF01554.18	161	DB4.contig37_9	458	2.6e-74
MatE	PF01554.18	161	DB4.contig37_9	458	2.6e-74
Polysacc_synt_C	PF14667.6	143	DB4.contig37_9	458	3.6e-09
Lum_binding	PF00677.17	87	DB4.contig37_10	212	4.1e-47
Lum_binding	PF00677.17	87	DB4.contig37_10	212	4.1e-47
SDF	PF00375.18	390	DB4.contig38_1	331	2.4e-51
TerC	PF03741.16	181	DB4.contig38_2	324	1.2e-56
GFO_IDH_MocA	PF01408.22	120	DB4.contig38_3	330	2.7e-28
NAD_binding_3	PF03447.16	117	DB4.contig38_3	330	0.0035
DUF45	PF01863.17	207	DB4.contig38_4	167	3.8e-11
WLM	PF08325.10	191	DB4.contig38_4	167	0.00022
Peptidase_M56	PF05569.11	299	DB4.contig38_4	167	0.022
Cupin_2	PF07883.11	71	DB4.contig38_5	201	5.1e-12
HTH_3	PF01381.22	55	DB4.contig38_5	201	4e-11
HTH_31	PF13560.6	64	DB4.contig38_5	201	1.1e-07
HTH_19	PF12844.7	65	DB4.contig38_5	201	1.2e-07
HTH_26	PF13443.6	63	DB4.contig38_5	201	8.9e-06
HTH_25	PF13413.6	62	DB4.contig38_5	201	0.00056
B3_4	PF03483.17	174	DB4.contig38_6	236	3.1e-17
MTS	PF05175.14	169	DB4.contig38_7	377	2.1e-57
Methyltransf_25	PF13649.6	97	DB4.contig38_7	377	8.7e-09
Methyltransf_31	PF13847.6	152	DB4.contig38_7	377	3e-07
Methyltransf_12	PF08242.12	99	DB4.contig38_7	377	1.6e-06
PrmA	PF06325.13	296	DB4.contig38_7	377	2.4e-05
Methyltransf_16	PF10294.9	174	DB4.contig38_7	377	0.00019
Cons_hypoth95	PF03602.15	182	DB4.contig38_7	377	0.00036
Methyltransf_11	PF08241.12	96	DB4.contig38_7	377	0.0018
Methyltransf_18	PF12847.7	151	DB4.contig38_7	377	0.0028
Pyr_redox_2	PF07992.14	294	DB4.contig38_8	323	9.5e-24
NAD_binding_8	PF13450.6	68	DB4.contig38_8	323	3.3e-09
Pyr_redox	PF00070.27	81	DB4.contig38_8	323	1.6e-08
DAO	PF01266.24	352	DB4.contig38_8	323	7.6e-07
HI0933_like	PF03486.14	409	DB4.contig38_8	323	4e-06
FAD_binding_2	PF00890.24	417	DB4.contig38_8	323	4.4e-05
FAD_oxidored	PF12831.7	433	DB4.contig38_8	323	4.4e-05
DUF1833	PF08875.11	150	DB4.contig39_3	161	3.2e-40
TMP_2	PF06791.13	205	DB4.contig39_5	899	6e-62
Tape_meas_lam_C	PF09718.10	76	DB4.contig39_5	899	1.1e-08
Phage_tail_T	PF06223.12	100	DB4.contig39_6	106	5.4e-35
Phage_TAC_2	PF06894.11	126	DB4.contig39_7	132	4.4e-18
Phage_TTP_12	PF16461.5	134	DB4.contig39_8	161	2.1e-55
Phage_tail_3	PF08813.11	165	DB4.contig39_8	161	0.00047
Phage_tail_U	PF06141.11	132	DB4.contig39_9	133	6.7e-48
Minor_tail_Z	PF06763.11	190	DB4.contig39_10	184	1.7e-62
Gifsy-2	PF13856.6	99	DB4.contig39_11	98	5.5e-13
DUF2190	PF09956.9	102	DB4.contig39_12	90	1.1e-14
EAL	PF00563.20	238	DB4.contig40_1	71	2.5e-17
Nucleos_tra2_C	PF07662.13	207	DB4.contig40_2	401	3.5e-62
Nucleos_tra2_N	PF01773.20	74	DB4.contig40_2	401	6.5e-20
Gate	PF07670.14	112	DB4.contig40_2	401	2.1e-06
Nramp	PF01566.18	358	DB4.contig40_3	414	8e-125
DUF2502	PF10697.9	90	DB4.contig40_4	118	2.6e-18
Aldo_ket_red	PF00248.21	294	DB4.contig40_5	331	1.6e-66
TPP_enzyme_N	PF02776.18	172	DB4.contig40_6	554	2.9e-33
TPP_enzyme_C	PF02775.21	153	DB4.contig40_6	554	9.6e-19
TPP_enzyme_M	PF00205.22	137	DB4.contig40_6	554	2.1e-18
Voltage_CLC	PF00654.20	354	DB4.contig40_7	293	6.4e-17
TetR_C_35	PF18556.1	105	DB4.contig41_1	62	0.043
DUF5503	PF17607.2	116	DB4.contig41_5	145	0.00032
Arm-DNA-bind_2	PF12167.8	65	DB4.contig41_9	389	1.5e-22
Phage_integrase	PF00589.22	172	DB4.contig41_9	389	2.6e-18
Phage_int_SAM_5	PF13102.6	99	DB4.contig41_9	389	0.00087
AAA_15	PF13175.6	369	DB4.contig41_10	596	4.1e-19
AAA_15	PF13175.6	369	DB4.contig41_10	596	4.1e-19
AAA_21	PF13304.6	303	DB4.contig41_10	596	3.7e-13
AAA_23	PF13476.6	200	DB4.contig41_10	596	5.4e-07
SMC_N	PF02463.19	220	DB4.contig41_10	596	6.9e-06
MethyltransfD12	PF02086.15	260	DB4.contig41_11	294	2.4e-16
Dioxygenase_N	PF04444.14	75	DB4.contig41_11	294	0.015
Arm-DNA-bind_3	PF13356.6	74	DB4.contig41_12	241	9.3e-17
PAAR_motif	PF05488.13	70	DB4.contig42_3	86	1.3e-22
Peptidase_M23	PF01551.22	96	DB4.contig42_6	676	4.3e-14
LysM	PF01476.20	44	DB4.contig42_6	676	1e-13
SLT	PF01464.20	117	DB4.contig42_6	676	7.6e-08
DUF2345	PF10106.9	151	DB4.contig42_7	294	1e-43
Sarcoglycan_1	PF04790.13	260	DB4.contig42_7	294	0.0096
rve_3	PF13683.6	67	DB4.contig43_1	50	4.8e-05
rve_2	PF13333.6	52	DB4.contig43_1	50	0.0026
Phage_holin_3_3	PF16083.5	78	DB4.contig43_2	104	2.6e-21
Glyco_hydro_108	PF05838.12	85	DB4.contig43_3	181	6.9e-27
PG_binding_3	PF09374.10	76	DB4.contig43_3	181	1.7e-22
Terminase_2	PF03592.16	140	DB4.contig43_6	211	1.9e-15
DUF1073	PF06381.11	357	DB4.contig43_8	507	1.3e-99
Phage_Mu_F	PF04233.14	112	DB4.contig43_9	230	9.2e-15
ABC_tran	PF00005.27	137	DB4.contig44_1	98	1.5e-08
SMC_N	PF02463.19	220	DB4.contig44_1	98	5.3e-07
YjeJ	PF15922.5	283	DB4.contig44_2	287	1.9e-79
DUF4156	PF13698.6	91	DB4.contig44_3	118	3.8e-30
Fimbrial	PF00419.20	154	DB4.contig44_4	181	4.3e-12
PapD_N	PF00345.20	125	DB4.contig44_5	227	1.8e-38
PapD_C	PF02753.17	63	DB4.contig44_5	227	1.1e-15
Usher	PF00577.20	551	DB4.contig44_6	857	4.6e-188
PapC_N	PF13954.6	146	DB4.contig44_6	857	2.8e-39
PapC_C	PF13953.6	66	DB4.contig44_6	857	2.3e-21
DDE_Tnp_Tn3	PF01526.17	389	DB4.contig45_1	477	6.3e-152
Transposase_20	PF02371.16	87	DB4.contig45_2	335	4.6e-20
DEDD_Tnp_IS110	PF01548.17	155	DB4.contig45_2	335	1.7e-19
DUF1471	PF07338.13	56	DB4.contig45_3	89	2.7e-15
TetR_N	PF00440.23	47	DB4.contig45_4	186	5.8e-09
HTH_20	PF12840.7	61	DB4.contig45_4	186	0.017
DUF1471	PF07338.13	56	DB4.contig45_5	87	2.2e-06
DUF417	PF04224.12	175	DB4.contig45_6	169	9.3e-22
SelR	PF01641.18	121	DB4.contig45_7	154	1.8e-48
PMSR	PF01625.21	153	DB4.contig45_8	165	9.4e-58
UL41A	PF17591.2	78	DB4.contig45_9	74	0.078
DUF1471	PF07338.13	56	DB4.contig46_1	317	2.3e-58
DUF1471	PF07338.13	56	DB4.contig46_1	317	2.3e-58
DUF1471	PF07338.13	56	DB4.contig46_1	317	2.3e-58
AA_permease_2	PF13520.6	425	DB4.contig46_2	461	9.1e-73
AA_permease	PF00324.21	479	DB4.contig46_2	461	2.1e-12
adh_short_C2	PF13561.6	234	DB4.contig46_3	241	1.3e-25
adh_short	PF00106.25	195	DB4.contig46_3	241	1.4e-22
KR	PF08659.10	180	DB4.contig46_3	241	0.0012
GlpM	PF06942.12	107	DB4.contig46_4	112	5.3e-51
Trans_reg_C	PF00486.28	77	DB4.contig46_5	240	3.4e-21
Response_reg	PF00072.24	112	DB4.contig46_5	240	1.8e-20
HisKA	PF00512.25	67	DB4.contig46_7	321	8.6e-08
HAMP	PF00672.25	53	DB4.contig46_7	321	2.4e-06
DinI	PF06183.13	63	DB4.contig47_2	80	8.2e-23
RES	PF08808.11	162	DB4.contig47_4	398	0.0011
Phage_integrase	PF00589.22	172	DB4.contig47_6	340	8.1e-26
Phage_integrase	PF00589.22	172	DB4.contig47_6	340	8.1e-26
Phage_CI_C	PF16452.5	102	DB4.contig47_7	211	1.8e-29
Phage_CI_repr	PF07022.13	65	DB4.contig47_7	211	1.5e-28
HTH_17	PF12728.7	51	DB4.contig47_8	81	0.00038
Phage_CP76	PF06892.11	157	DB4.contig47_9	170	1.1e-67
DUF2724	PF10893.8	63	DB4.contig47_10	67	2.5e-25
DUF5347	PF17282.2	102	DB4.contig47_11	54	8.2e-11
SSB	PF00436.25	104	DB4.contig48_1	153	2.2e-14
Peptidase_M50B	PF13398.6	200	DB4.contig48_2	193	0.00029
Peptidase_M41	PF01434.18	191	DB4.contig48_2	193	0.0014
PerC	PF06069.11	90	DB4.contig48_3	102	1.6e-30
PEP_mutase	PF13714.6	239	DB4.contig48_6	249	2.5e-69
Pantoate_transf	PF02548.15	259	DB4.contig48_6	249	0.00014
DNA_binding_1	PF01035.20	81	DB4.contig48_7	353	1.7e-27
Ada_Zn_binding	PF02805.16	65	DB4.contig48_7	353	1.2e-26
HTH_18	PF12833.7	81	DB4.contig48_7	353	9e-15
Methyltransf_1N	PF02870.15	77	DB4.contig48_7	353	2.4e-08
Voltage_CLC	PF00654.20	354	DB4.contig48_8	333	2.6e-53
Asp-Al_Ex	PF06826.12	167	DB4.contig49_1	178	5.4e-43
Bro-N	PF02498.17	95	DB4.contig49_2	275	0.0004
HSP20	PF00011.21	102	DB4.contig49_3	143	9.3e-21
ArsA_HSP20	PF17886.1	63	DB4.contig49_3	143	8.7e-06
HSP20	PF00011.21	102	DB4.contig49_4	138	4.1e-22
ArsA_HSP20	PF17886.1	63	DB4.contig49_4	138	0.0086
DUF1375	PF07119.12	53	DB4.contig49_5	111	3.5e-06
DUF3748	PF12566.8	123	DB4.contig49_6	409	4.7e-56
PD40	PF07676.12	38	DB4.contig49_6	409	3e-07
MFS_1	PF07690.16	353	DB4.contig49_7	431	9.6e-60
Sugar_tr	PF00083.24	452	DB4.contig49_7	431	3e-07
MR_MLE_C	PF13378.6	220	DB4.contig49_8	119	6.2e-18
AlaDh_PNT_C	PF01262.21	214	DB4.contig50_1	384	4.6e-76
PNTB_4TM	PF12769.7	82	DB4.contig50_1	384	3.6e-36
Pyr_redox_2	PF07992.14	294	DB4.contig50_1	384	0.0059
PNTB	PF02233.16	460	DB4.contig50_2	463	6.6e-205
YdiH	PF15930.5	62	DB4.contig50_3	74	6.2e-43
Usp	PF00582.26	141	DB4.contig50_4	317	6.3e-36
Usp	PF00582.26	141	DB4.contig50_4	317	6.3e-36
cNMP_binding	PF00027.29	89	DB4.contig50_5	251	2e-16
Crp	PF00325.20	32	DB4.contig50_5	251	6.2e-16
HTH_Crp_2	PF13545.6	68	DB4.contig50_5	251	9.4e-16
MarR_2	PF12802.7	62	DB4.contig50_5	251	0.009
DNA_binding_1	PF01035.20	81	DB4.contig50_6	172	1.3e-35
Methyltransf_1N	PF02870.15	77	DB4.contig50_6	172	2e-12
ABG_transport	PF03806.13	502	DB4.contig50_8	80	6e-25
DDE_Tnp_IS1	PF03400.13	131	DB4.contig51_1	65	1.4e-33
HTH_Tnp_IS1	PF12759.7	46	DB4.contig51_2	92	4.9e-30
Zn_Tnp_IS1	PF03811.13	35	DB4.contig51_2	92	5.1e-19
HTH_23	PF13384.6	50	DB4.contig51_2	92	0.012
ParE_toxin	PF05016.15	90	DB4.contig51_3	95	9.3e-13
ParE-like_toxin	PF15781.5	87	DB4.contig51_3	95	8.5e-05
PhdYeFM_antitox	PF02604.19	75	DB4.contig51_4	83	4.6e-05
DDE_Tnp_1_5	PF13737.6	112	DB4.contig51_5	308	1.6e-45
DDE_Tnp_1	PF01609.21	214	DB4.contig51_5	308	3.5e-24
GGDEF	PF00990.21	161	DB4.contig51_6	533	3.7e-43
dCache_1	PF02743.18	249	DB4.contig51_6	533	2.5e-17
GGDEF_2	PF17853.1	116	DB4.contig51_6	533	0.00014
ADH_N	PF08240.12	109	DB4.contig51_7	378	5.8e-27
ADH_zinc_N	PF00107.26	130	DB4.contig51_7	378	9.2e-12
ADH_N_assoc	PF13823.6	23	DB4.contig51_7	378	3e-09
Glu_dehyd_C	PF16912.5	212	DB4.contig51_7	378	0.00013
AlaDh_PNT_C	PF01262.21	214	DB4.contig51_7	378	0.00031
HI0933_like	PF03486.14	409	DB4.contig51_7	378	0.0052
AAA_30	PF13604.6	192	DB4.contig52_3	980	2.5e-26
AAA_19	PF13245.6	146	DB4.contig52_3	980	4.8e-18
PIF1	PF05970.14	364	DB4.contig52_3	980	3.1e-14
UvrD_C_2	PF13538.6	52	DB4.contig52_3	980	7.9e-14
DUF4145	PF13643.6	88	DB4.contig52_3	980	7.1e-06
SH3_13	PF18335.1	65	DB4.contig52_3	980	0.00013
ResIII	PF04851.15	171	DB4.contig52_3	980	0.00091
AAA_22	PF13401.6	137	DB4.contig52_3	980	0.001
TsaE	PF02367.17	125	DB4.contig52_3	980	0.0019
ATPase_2	PF01637.18	233	DB4.contig52_3	980	0.0052
TPR_19	PF14559.6	68	DB4.contig52_4	475	8.6e-06
Slp	PF03843.13	153	DB4.contig53_1	188	2.5e-48
AMP-binding	PF00501.28	423	DB4.contig53_2	573	1.4e-114
AMP-binding_C	PF13193.6	76	DB4.contig53_2	573	4.4e-17
DNA_pol_A_exo1	PF01612.20	176	DB4.contig53_3	372	2.6e-40
HRDC	PF00570.23	68	DB4.contig53_3	372	5.2e-16
MinE	PF03776.14	68	DB4.contig53_4	90	4.5e-25
DUF4364	PF14277.6	162	DB4.contig53_4	90	0.051
AAA_31	PF13614.6	177	DB4.contig53_5	271	9.9e-22
CbiA	PF01656.23	128	DB4.contig53_5	271	4.8e-20
ParA	PF10609.9	246	DB4.contig53_5	271	6.6e-17
ArsA_ATPase	PF02374.15	305	DB4.contig53_5	271	1.5e-10
MipZ	PF09140.11	262	DB4.contig53_5	271	1.4e-09
CBP_BcsQ	PF06564.12	234	DB4.contig53_5	271	4.2e-07
Fer4_NifH	PF00142.18	271	DB4.contig53_5	271	2.5e-05
AAA_24	PF13479.6	197	DB4.contig53_5	271	0.00028
CLP1_P	PF16575.5	188	DB4.contig53_5	271	0.0018
Peptidase_M22	PF00814.25	271	DB4.contig53_6	232	2.4e-29
Slp	PF03843.13	153	DB4.contig53_7	52	0.00025
SoPB_HTH	PF18090.1	75	DB4.contig54_1	324	5.5e-39
ParBc	PF02195.18	90	DB4.contig54_1	324	8.6e-11
AAA_31	PF13614.6	177	DB4.contig54_2	389	4.9e-29
CbiA	PF01656.23	128	DB4.contig54_2	389	1.7e-17
MerR	PF00376.23	38	DB4.contig54_2	389	6.7e-05
ParA	PF10609.9	246	DB4.contig54_2	389	9e-05
Rep_3	PF01051.21	222	DB4.contig54_3	337	1.3e-30
Phage_integrase	PF00589.22	172	DB4.contig54_4	247	6.5e-28
Pribosyltran	PF00156.27	159	DB4.contig55_1	111	0.0083
TPR_MalT	PF17874.1	336	DB4.contig55_2	922	9.9e-22
GerE	PF00196.19	57	DB4.contig55_2	922	2.5e-21
AAA_16	PF13191.6	170	DB4.contig55_2	922	1.8e-06
AAA_22	PF13401.6	137	DB4.contig55_2	922	0.00014
Sigma70_r4	PF04545.16	50	DB4.contig55_2	922	0.00017
Sigma70_r4_2	PF08281.12	54	DB4.contig55_2	922	0.00029
HTH_24	PF13412.6	48	DB4.contig55_2	922	0.0036
HTH_23	PF13384.6	50	DB4.contig55_2	922	0.011
E1_dh	PF00676.20	300	DB4.contig55_3	320	1.1e-82
TPP_enzyme_C	PF02775.21	153	DB4.contig55_3	320	2.8e-07
DXP_synthase_N	PF13292.6	273	DB4.contig55_3	320	0.027
Transket_pyr	PF02779.24	178	DB4.contig55_4	340	2.8e-58
Transketolase_C	PF02780.20	124	DB4.contig55_4	340	7.7e-39
PFOR_II	PF17147.4	102	DB4.contig55_4	340	7.3e-05
Biotin_lipoyl	PF00364.22	73	DB4.contig55_5	67	3.8e-14
TraX	PF05857.11	217	DB4.contig56_2	242	7.5e-57
FinO_N	PF12602.8	62	DB4.contig56_3	199	5.7e-27
ProQ	PF04352.13	110	DB4.contig56_3	199	5.6e-24
TauE	PF01925.19	236	DB4.contig56_4	116	0.0011
DoxX_3	PF13781.6	102	DB4.contig56_4	116	0.028
DUF2726	PF10881.8	127	DB4.contig56_6	217	1.6e-22
MTES_1575	PF18741.1	95	DB4.contig56_6	217	0.018
PLDc_2	PF13091.6	133	DB4.contig56_8	187	3.9e-25
FAM83	PF07894.12	274	DB4.contig56_8	187	3.1e-05
PP_kinase_C_1	PF17941.1	167	DB4.contig56_8	187	0.016
Regulator_TrmB	PF11495.8	233	DB4.contig56_8	187	0.018
RepB-RCR_reg	PF10723.9	81	DB4.contig56_9	84	1.1e-32
DUF4294	PF14127.6	155	DB4.contig56_9	84	0.028
IncFII_repA	PF02387.15	275	DB4.contig56_10	102	4.8e-06
MFS_1	PF07690.16	353	DB4.contig57_1	120	1.5e-09
Sugar_tr	PF00083.24	452	DB4.contig57_1	120	7.3e-06
MFS_4	PF06779.14	363	DB4.contig57_1	120	0.0014
Peripla_BP_3	PF13377.6	166	DB4.contig57_3	342	1.3e-40
Peripla_BP_1	PF00532.21	279	DB4.contig57_3	342	1.3e-33
Peripla_BP_4	PF13407.6	258	DB4.contig57_3	342	1.2e-19
LacI	PF00356.21	46	DB4.contig57_3	342	2.8e-19
LysR_substrate	PF03466.20	209	DB4.contig57_4	335	1.2e-28
HTH_1	PF00126.27	60	DB4.contig57_4	335	2.8e-20
MFS_1	PF07690.16	353	DB4.contig57_5	394	2e-42
Sugar_tr	PF00083.24	452	DB4.contig57_5	394	1.5e-11
MFS_2	PF13347.6	427	DB4.contig57_5	394	5.3e-06
CMAS	PF02353.20	273	DB4.contig57_6	375	7.1e-102
Methyltransf_25	PF13649.6	97	DB4.contig57_6	375	3e-16
Methyltransf_23	PF13489.6	165	DB4.contig57_6	375	1.4e-15
Methyltransf_11	PF08241.12	96	DB4.contig57_6	375	1.6e-15
Methyltransf_31	PF13847.6	152	DB4.contig57_6	375	5.1e-10
Methyltransf_12	PF08242.12	99	DB4.contig57_6	375	4.5e-09
MTS	PF05175.14	169	DB4.contig57_6	375	3.3e-06
PCMT	PF01135.19	210	DB4.contig57_6	375	4.6e-05
MetW	PF07021.12	193	DB4.contig57_6	375	9.1e-05
FtsJ	PF01728.19	177	DB4.contig57_6	375	0.00042
Methyltransf_32	PF13679.6	158	DB4.contig57_6	375	0.00088
RdgC	PF04381.12	298	DB4.contig58_1	306	7.5e-36
HTH_ParB	PF17762.1	52	DB4.contig58_3	262	0.0012
ParBc	PF02195.18	90	DB4.contig58_3	262	0.0061
DUF1604	PF07713.13	85	DB4.contig58_5	115	0.021
Ead_Ea22	PF13935.6	139	DB4.contig58_6	137	2.5e-15
Exc	PF07825.11	77	DB4.contig58_8	79	4.6e-08
Arm-DNA-bind_1	PF09003.10	74	DB4.contig58_9	382	4.4e-32
Phage_integrase	PF00589.22	172	DB4.contig58_9	382	3.7e-20
Iso_dh	PF00180.20	348	DB4.contig58_10	54	4.2e-09
Sugar-bind	PF04198.13	255	DB4.contig59_2	321	9.6e-79
HTH_28	PF13518.6	52	DB4.contig59_2	321	1.4e-07
Sigma70_r4	PF04545.16	50	DB4.contig59_2	321	1.2e-06
HTH_23	PF13384.6	50	DB4.contig59_2	321	8.3e-05
HTH_24	PF13412.6	48	DB4.contig59_2	321	9.2e-05
HTH_Crp_2	PF13545.6	68	DB4.contig59_2	321	9.4e-05
MarR_2	PF12802.7	62	DB4.contig59_2	321	0.0011
Rrf2	PF02082.20	83	DB4.contig59_2	321	0.0017
Sigma70_r4_2	PF08281.12	54	DB4.contig59_2	321	0.0019
TIM	PF00121.18	243	DB4.contig59_3	266	3.1e-79
CLIP1_ZNF	PF16641.5	17	DB4.contig59_3	266	0.082
PdxA	PF04166.12	282	DB4.contig59_4	336	1.4e-90
SBD_N	PF07005.11	228	DB4.contig59_5	390	2.6e-57
EIIBC-GUT_N	PF03612.14	184	DB4.contig59_5	390	5e-49
KdgT	PF03812.13	305	DB4.contig59_6	195	6.6e-58
NBD_C	PF17042.5	170	DB4.contig59_7	170	8e-24
SSB	PF00436.25	104	DB4.contig60_1	171	5.7e-41
DUF905	PF06006.12	70	DB4.contig60_2	81	7e-42
ParBc	PF02195.18	90	DB4.contig60_3	670	2.1e-12
PsiB	PF06290.11	139	DB4.contig60_4	144	6.1e-62
PsiA	PF06952.11	237	DB4.contig60_5	241	3.5e-133
TyeA	PF09059.10	81	DB4.contig60_5	241	0.0068
CCAP	PF11105.8	128	DB4.contig60_5	241	0.023
PmbA_TldD	PF01523.16	279	DB4.contig61_1	192	1.6e-13
LysR_substrate	PF03466.20	209	DB4.contig61_2	310	1.2e-41
HTH_1	PF00126.27	60	DB4.contig61_2	310	7.9e-20
DUF1656	PF07869.12	56	DB4.contig61_3	68	1.2e-20
Biotin_lipoyl_2	PF13533.6	50	DB4.contig61_4	311	6.3e-22
HlyD_3	PF13437.6	106	DB4.contig61_4	311	2e-15
HlyD_3	PF13437.6	106	DB4.contig61_4	311	2e-15
HlyD_D23	PF16576.5	214	DB4.contig61_4	311	5.6e-15
HlyD	PF00529.20	80	DB4.contig61_4	311	2.2e-09
FUSC	PF04632.12	657	DB4.contig61_5	656	3.1e-139
FUSC_2	PF13515.6	127	DB4.contig61_5	656	2.7e-12
Barstar	PF01337.18	79	DB4.contig61_6	92	9.4e-06
DUF1471	PF07338.13	56	DB4.contig61_7	87	4.5e-23
DUF1427	PF07235.11	84	DB4.contig62_1	56	8.2e-05
UTRA	PF07702.13	141	DB4.contig62_2	255	4.7e-29
GntR	PF00392.21	64	DB4.contig62_2	255	2.1e-17
Rrf2	PF02082.20	83	DB4.contig62_2	255	6.1e-06
HTH_11	PF08279.12	55	DB4.contig62_2	255	1.8e-05
HTH_36	PF13730.6	55	DB4.contig62_2	255	1.9e-05
HTH_DeoR	PF08220.12	57	DB4.contig62_2	255	0.00014
Fe_dep_repress	PF01325.19	60	DB4.contig62_2	255	0.00014
HTH_Crp_2	PF13545.6	68	DB4.contig62_2	255	0.0009
RepL	PF05732.11	165	DB4.contig62_2	255	0.0014
Penicillinase_R	PF03965.16	115	DB4.contig62_2	255	0.0015
HTH_27	PF13463.6	68	DB4.contig62_2	255	0.0032
Phytase-like	PF13449.6	286	DB4.contig62_3	378	1.7e-65
PfkB	PF00294.24	302	DB4.contig62_4	309	1.8e-52
SIS	PF01380.22	131	DB4.contig62_5	341	1e-15
ADP_ribosyl_GH	PF03747.14	291	DB4.contig62_6	327	4.2e-40
DUF4226	PF10774.9	111	DB4.contig63_1	43	0.1
Phage_GPA	PF05840.13	318	DB4.contig63_2	883	5.6e-104
AAA_21	PF13304.6	303	DB4.contig63_3	517	2.2e-21
AAA_21	PF13304.6	303	DB4.contig63_3	517	2.2e-21
AAA_15	PF13175.6	369	DB4.contig63_3	517	2.4e-11
SMC_N	PF02463.19	220	DB4.contig63_3	517	0.00071
HNH_4	PF13395.6	55	DB4.contig63_4	239	2.6e-07
HNH	PF01844.23	47	DB4.contig63_4	239	2.3e-06
HNH_5	PF14279.6	56	DB4.contig63_4	239	0.00089
Phage_HK97_TLTM	PF06120.11	288	DB4.contig64_1	1129	4.6e-100
Tape_meas_lam_C	PF09718.10	76	DB4.contig64_1	1129	2.2e-13
DUF1833	PF08875.11	150	DB4.contig64_3	162	1.4e-43
N6_Mtase	PF02384.16	312	DB4.contig65_1	519	1.1e-115
HsdM_N	PF12161.8	137	DB4.contig65_1	519	7e-18
UPF0020	PF01170.18	197	DB4.contig65_1	519	0.0019
MTS	PF05175.14	169	DB4.contig65_1	519	0.0027
Methylase_S	PF01420.19	168	DB4.contig65_2	402	3.1e-33
Methylase_S	PF01420.19	168	DB4.contig65_2	402	3.1e-33
SWI2_SNF2	PF18766.1	224	DB4.contig65_3	774	8.5e-53
HSDR_N	PF04313.14	194	DB4.contig65_3	774	4.7e-51
ResIII	PF04851.15	171	DB4.contig65_3	774	4.2e-37
HSDR_N_2	PF13588.6	110	DB4.contig65_3	774	1.1e-06
DEAD	PF00270.29	176	DB4.contig65_3	774	4e-06
Lactate_perm	PF02652.14	522	DB4.contig66_1	40	8e-11
NAD_Gly3P_dh_C	PF07479.14	142	DB4.contig66_2	153	3.8e-50
SATase_N	PF06426.14	105	DB4.contig66_3	274	1e-39
Hexapep	PF00132.24	36	DB4.contig66_3	274	5.7e-12
Hexapep_2	PF14602.6	34	DB4.contig66_3	274	0.00059
SpoU_methylase	PF00588.19	142	DB4.contig66_4	158	2.1e-33
Malate_DH	PF12434.8	32	DB4.contig66_4	158	0.0046
FMN_dh	PF01070.18	348	DB4.contig66_5	395	3.4e-123
IMPDH	PF00478.25	345	DB4.contig66_5	395	6.3e-06
NMO	PF03060.15	331	DB4.contig66_5	395	8.4e-06
Glu_synthase	PF01645.17	368	DB4.contig66_5	395	0.00035
IGPS	PF00218.21	254	DB4.contig66_5	395	0.0079
FCD	PF07729.12	125	DB4.contig66_6	258	1.5e-23
GntR	PF00392.21	64	DB4.contig66_6	258	1.7e-21
Rrf2	PF02082.20	83	DB4.contig66_6	258	0.0014
Lactate_perm	PF02652.14	522	DB4.contig66_7	365	6.7e-143
Replicase	PF03090.17	131	DB4.contig67_2	278	7.9e-38
PriCT_1	PF08708.11	67	DB4.contig67_2	278	2.4e-09
HTH_11	PF08279.12	55	DB4.contig67_3	90	0.0041
Relaxase	PF03432.14	242	DB4.contig67_4	503	1e-23
MobC	PF05713.11	45	DB4.contig67_5	125	3.5e-06
FGGY_N	PF00370.21	245	DB4.contig68_1	378	2.9e-82
FGGY_C	PF02782.16	198	DB4.contig68_1	378	1.8e-19
BcrAD_BadFG	PF01869.20	267	DB4.contig68_1	378	0.0082
AP_endonuc_2	PF01261.24	210	DB4.contig68_2	441	8.6e-05
Peripla_BP_4	PF13407.6	258	DB4.contig68_3	332	1.4e-61
Peripla_BP_1	PF00532.21	279	DB4.contig68_3	332	3.2e-13
Peripla_BP_3	PF13377.6	166	DB4.contig68_3	332	4.3e-05
ABC_tran	PF00005.27	137	DB4.contig68_4	306	4.6e-35
AAA_29	PF13555.6	61	DB4.contig68_4	306	0.00044
AAA_23	PF13476.6	200	DB4.contig68_4	306	0.0017
SIR2_2	PF13289.6	143	DB4.contig69_2	1045	4.8e-23
TPR_19	PF14559.6	68	DB4.contig69_2	1045	1.5e-06
Clathrin	PF00637.20	143	DB4.contig69_2	1045	0.017
rve	PF00665.26	119	DB4.contig69_3	283	1.5e-24
rve_3	PF13683.6	67	DB4.contig69_3	283	1.5e-20
HTH_21	PF13276.6	60	DB4.contig69_3	283	0.00014
HTH_Tnp_1	PF01527.20	75	DB4.contig69_4	72	4.2e-21
HTH_28	PF13518.6	52	DB4.contig69_4	72	1.9e-06
HTH_23	PF13384.6	50	DB4.contig69_4	72	7.1e-05
HTH_29	PF13551.6	63	DB4.contig69_4	72	0.0024
Sulfatase	PF00884.23	309	DB4.contig70_1	384	1.3e-46
Ank_2	PF12796.7	83	DB4.contig70_2	465	5.9e-35
Ank_2	PF12796.7	83	DB4.contig70_2	465	5.9e-35
Ank_2	PF12796.7	83	DB4.contig70_2	465	5.9e-35
Ank_2	PF12796.7	83	DB4.contig70_2	465	5.9e-35
Ank_2	PF12796.7	83	DB4.contig70_2	465	5.9e-35
Ank_2	PF12796.7	83	DB4.contig70_2	465	5.9e-35
Ank_5	PF13857.6	56	DB4.contig70_2	465	1.3e-29
Ank_5	PF13857.6	56	DB4.contig70_2	465	1.3e-29
Ank_5	PF13857.6	56	DB4.contig70_2	465	1.3e-29
Ank_4	PF13637.6	55	DB4.contig70_2	465	1.6e-25
Ank_4	PF13637.6	55	DB4.contig70_2	465	1.6e-25
Ank_4	PF13637.6	55	DB4.contig70_2	465	1.6e-25
Ank	PF00023.30	32	DB4.contig70_2	465	1.6e-19
BPD_transp_1	PF00528.22	185	DB4.contig70_4	289	5.6e-07
Bac_surface_Ag	PF01103.23	324	DB4.contig71_1	808	1.4e-90
POTRA	PF07244.15	80	DB4.contig71_1	808	3.5e-55
POTRA	PF07244.15	80	DB4.contig71_1	808	3.5e-55
POTRA	PF07244.15	80	DB4.contig71_1	808	3.5e-55
SERTA	PF06031.13	36	DB4.contig71_2	77	0.036
Tannase	PF07519.11	469	DB4.contig71_3	473	8.5e-106
Peptidase_S9	PF00326.21	212	DB4.contig71_3	473	0.00029
Fimbrial	PF00419.20	154	DB4.contig72_2	332	3.9e-16
Usher	PF00577.20	551	DB4.contig72_3	829	2.1e-188
PapC_N	PF13954.6	146	DB4.contig72_3	829	5.3e-37
PapC_C	PF13953.6	66	DB4.contig72_3	829	5e-08
PapD_N	PF00345.20	125	DB4.contig72_4	234	3.5e-42
PapD_C	PF02753.17	63	DB4.contig72_4	234	1.1e-15
Fimbrial	PF00419.20	154	DB4.contig72_5	141	1.3e-05
EIIC-GAT	PF03611.14	396	DB4.contig73_1	61	9.1e-09
Ribul_P_3_epim	PF00834.19	198	DB4.contig73_2	227	1.1e-62
QRPTase_C	PF01729.19	169	DB4.contig73_2	227	0.0059
PTS_EIIA_2	PF00359.22	144	DB4.contig73_3	152	1.1e-33
PTS_IIB	PF02302.17	90	DB4.contig73_4	104	2.6e-19
PTS_EIIC	PF02378.18	324	DB4.contig73_5	369	9.8e-07
Gag_spuma	PF03276.14	614	DB4.contig73_5	369	0.0031
LysE	PF01810.18	193	DB4.contig73_6	207	1.6e-31
TerC	PF03741.16	181	DB4.contig73_6	207	0.065
MFS_1	PF07690.16	353	DB4.contig73_7	314	2.7e-18
MFS_1	PF07690.16	353	DB4.contig73_7	314	2.7e-18
DNA_pol3_theta	PF06440.11	70	DB4.contig74_2	85	5.8e-34
DUF3283	PF11686.8	61	DB4.contig74_2	85	0.023
Antirestrict	PF03230.13	92	DB4.contig74_3	142	2.1e-30
RVT_1	PF00078.27	222	DB4.contig74_5	496	4.3e-48
RdRP_1	PF00680.20	482	DB4.contig74_5	496	0.0011
SBP_bac_3	PF00497.20	225	DB4.contig75_1	751	2.5e-35
SBP_bac_3	PF00497.20	225	DB4.contig75_1	751	2.5e-35
HisKA	PF00512.25	67	DB4.contig75_1	751	6.7e-15
HATPase_c	PF02518.26	112	DB4.contig75_1	751	0.0016
Response_reg	PF00072.24	112	DB4.contig75_2	205	3.4e-27
GerE	PF00196.19	57	DB4.contig75_2	205	6.5e-14
Sigma70_r4_2	PF08281.12	54	DB4.contig75_2	205	0.0021
Sigma70_r4	PF04545.16	50	DB4.contig75_2	205	0.0038
HdeA	PF06411.11	92	DB4.contig75_3	122	2.1e-09
UDG	PF03167.19	155	DB4.contig75_5	61	1.1e-10
Phage-tail_3	PF13550.6	164	DB4.contig76_1	762	6.9e-06
Oxidored_FMN	PF00724.20	342	DB4.contig77_1	334	2.6e-102
FGGY_N	PF00370.21	245	DB4.contig77_2	533	2.9e-50
FGGY_C	PF02782.16	198	DB4.contig77_2	533	4.4e-17
Sugar-bind	PF04198.13	255	DB4.contig77_3	324	1.1e-64
Sigma70_r4	PF04545.16	50	DB4.contig77_3	324	0.00013
MarR_2	PF12802.7	62	DB4.contig77_3	324	0.001
HTH_Crp_2	PF13545.6	68	DB4.contig77_3	324	0.0016
ABC_tran	PF00005.27	137	DB4.contig77_4	179	8.7e-28
AAA_21	PF13304.6	303	DB4.contig77_4	179	0.0003
MukB	PF04310.12	226	DB4.contig77_4	179	0.0023
AAA_29	PF13555.6	61	DB4.contig77_4	179	0.0027
Glucokinase	PF02685.16	316	DB4.contig78_2	322	1.6e-121
PaaX_C	PF08223.11	99	DB4.contig78_2	322	0.027
LytTR	PF04397.15	98	DB4.contig78_3	246	1.9e-31
Response_reg	PF00072.24	112	DB4.contig78_3	246	5.1e-24
5TM-5TMR_LYT	PF07694.12	169	DB4.contig78_4	566	4.2e-43
His_kinase	PF06580.13	78	DB4.contig78_4	566	1.6e-24
ECF-ribofla_trS	PF07155.12	172	DB4.contig78_4	566	5.3e-08
HATPase_c	PF02518.26	112	DB4.contig78_4	566	1.6e-06
GAF_2	PF13185.6	138	DB4.contig78_4	566	4.7e-05
ECF_trnsprt	PF12822.7	172	DB4.contig78_4	566	0.00015
GAF	PF01590.26	133	DB4.contig78_4	566	0.00068
Ldh_2	PF02615.14	333	DB4.contig79_1	157	2.8e-38
Ala_racemase_N	PF01168.20	219	DB4.contig79_2	407	8.9e-16
D-ser_dehydrat	PF14031.6	96	DB4.contig79_2	407	9.6e-15
Amidohydro_3	PF07969.11	473	DB4.contig79_3	480	2.5e-43
Amidohydro_1	PF01979.20	344	DB4.contig79_3	480	1.1e-07
Amidohydro_1	PF01979.20	344	DB4.contig79_3	480	1.1e-07
Ribonuc_L-PSP	PF01042.21	121	DB4.contig79_4	131	4.1e-23
SSF	PF00474.17	406	DB4.contig79_5	169	1.5e-07
SIS	PF01380.22	131	DB4.contig79_5	169	0.0016
Peptidase_S24	PF00717.23	70	DB4.contig80_2	144	1.1e-12
IMS	PF00817.20	150	DB4.contig80_3	424	2.5e-33
DUF4113	PF13438.6	51	DB4.contig80_3	424	2.5e-20
IMS_C	PF11799.8	118	DB4.contig80_3	424	3.5e-19
IMS_HHH	PF11798.8	32	DB4.contig80_3	424	2.3e-05
ParB	PF08775.10	126	DB4.contig80_4	325	7.4e-49
ParBc	PF02195.18	90	DB4.contig80_4	325	1e-05
HTH_54	PF18607.1	92	DB4.contig80_5	402	8.4e-41
AAA_31	PF13614.6	177	DB4.contig80_5	402	2.6e-20
CbiA	PF01656.23	128	DB4.contig80_5	402	8.6e-06
MipZ	PF09140.11	262	DB4.contig80_5	402	0.0012
DUF262	PF03235.14	221	DB4.contig81_1	521	3.3e-37
DUF1524	PF07510.11	139	DB4.contig81_1	521	3.4e-16
WYL	PF13280.6	172	DB4.contig81_2	303	4.1e-13
TnsE_C	PF18623.1	145	DB4.contig81_3	101	2.5e-23
Biotin_lipoyl_2	PF13533.6	50	DB4.contig82_1	350	1.7e-12
HlyD_D23	PF16576.5	214	DB4.contig82_1	350	5.9e-12
HlyD_3	PF13437.6	106	DB4.contig82_1	350	2.7e-09
HlyD	PF00529.20	80	DB4.contig82_1	350	8e-05
DUF4407	PF14362.6	298	DB4.contig82_1	350	0.0042
DUF3302	PF11742.8	77	DB4.contig82_2	123	5.8e-41
DUF3810	PF12725.7	310	DB4.contig82_2	123	0.0004
Ax_dynein_light	PF10211.9	187	DB4.contig82_2	123	0.02
PTS_EIIA_2	PF00359.22	144	DB4.contig82_3	636	2.4e-33
PTS_EIIC	PF02378.18	324	DB4.contig82_3	636	2.1e-21
PTS_IIB	PF02302.17	90	DB4.contig82_3	636	7.2e-10
Mannitol_dh	PF01232.23	151	DB4.contig82_4	125	3.2e-28
3HCDH_N	PF02737.18	180	DB4.contig82_4	125	0.0015
Sacchrp_dh_NADP	PF03435.18	130	DB4.contig82_4	125	0.0062
ApbA	PF02558.16	152	DB4.contig82_4	125	0.018
YebO	PF13974.6	80	DB4.contig83_1	78	1.3e-16
DUF4035	PF13227.6	55	DB4.contig83_2	102	1.7e-13
Phage_TAC_1	PF06222.11	127	DB4.contig83_3	135	9.6e-46
Ig_3	PF13927.6	79	DB4.contig83_4	235	1.6e-06
Ig_2	PF13895.6	79	DB4.contig83_4	235	1e-05
SprB	PF13573.6	37	DB4.contig83_4	235	3.3e-05
Phage_TTP_12	PF16461.5	134	DB4.contig83_4	235	0.00033
DUF3168	PF11367.8	117	DB4.contig83_5	116	2.3e-07
HK97-gp10_like	PF04883.12	81	DB4.contig83_6	150	4.6e-09
Phage_H_T_join	PF05521.11	96	DB4.contig83_7	113	1e-20
Phage_connect_1	PF05135.13	99	DB4.contig83_8	106	1.6e-20
Phage_capsid	PF05065.13	280	DB4.contig83_9	322	3.1e-70
Asparaginase_2	PF01112.18	306	DB4.contig84_1	70	0.0041
PFL-like	PF02901.15	647	DB4.contig84_1	70	0.045
MoeA_N	PF03453.17	157	DB4.contig84_2	412	3.3e-47
MoCF_biosynth	PF00994.24	144	DB4.contig84_2	412	4.6e-28
MoeA_C	PF03454.15	72	DB4.contig84_2	412	1.5e-21
ThiF	PF00899.21	244	DB4.contig84_3	252	9.3e-63
Radical_SAM	PF04055.21	167	DB4.contig84_4	300	8.6e-32
Fer4_12	PF13353.6	139	DB4.contig84_4	300	4.2e-11
Fer4_13	PF13370.6	58	DB4.contig84_4	300	0.0083
PFL-like	PF02901.15	647	DB4.contig84_5	212	4.7e-49
DNA_ligase_aden	PF01653.18	318	DB4.contig85_1	525	3e-69
DNA_ligase_OB	PF03120.16	79	DB4.contig85_1	525	6.9e-36
HHH_2	PF12826.7	64	DB4.contig85_1	525	2.6e-25
HHH_5	PF14520.6	57	DB4.contig85_1	525	3.8e-15
HHH_5	PF14520.6	57	DB4.contig85_1	525	3.8e-15
BRCT	PF00533.26	79	DB4.contig85_1	525	4.6e-13
DNA_ligase_ZBD	PF03119.16	27	DB4.contig85_1	525	5e-08
PTCB-BRCT	PF12738.7	63	DB4.contig85_1	525	4.8e-06
HHH	PF00633.23	30	DB4.contig85_1	525	5.3e-05
QSregVF_b	PF12843.7	66	DB4.contig85_2	73	1.4e-28
SBF_like	PF13593.6	313	DB4.contig85_3	333	2.5e-100
SBF	PF01758.16	195	DB4.contig85_3	333	1.1e-10
LysR_substrate	PF03466.20	209	DB4.contig85_4	309	1.6e-45
HTH_1	PF00126.27	60	DB4.contig85_4	309	1.4e-22
DDE_Tnp_IS66	PF03050.14	282	DB4.contig86_1	368	6.3e-106
DDE_Tnp_IS66_C	PF13817.6	39	DB4.contig86_1	368	7.8e-17
Chlor_dismutase	PF06778.12	194	DB4.contig86_2	188	9.4e-08
DDE_Tnp_IS66	PF03050.14	282	DB4.contig86_5	188	1.9e-14
SNase	PF00565.17	108	DB4.contig86_6	96	2.9e-11
Radical_SAM	PF04055.21	167	DB4.contig87_1	441	3.1e-33
UPF0004	PF00919.20	98	DB4.contig87_1	441	1.4e-21
TRAM_2	PF18693.1	64	DB4.contig87_1	441	1.5e-21
TRAM	PF01938.20	62	DB4.contig87_1	441	0.0001
BPD_transp_1	PF00528.22	185	DB4.contig87_2	304	2.9e-30
OppC_N	PF12911.7	51	DB4.contig87_2	304	8.4e-16
BPD_transp_1	PF00528.22	185	DB4.contig87_3	307	7.6e-42
Plug	PF07715.15	108	DB4.contig88_1	457	2.3e-22
TonB_dep_Rec	PF00593.24	470	DB4.contig88_1	457	9.2e-11
SGL	PF08450.12	246	DB4.contig88_2	354	8.5e-11
PQQ_2	PF13360.6	237	DB4.contig88_2	354	0.00011
DUF903	PF06004.12	49	DB4.contig88_3	74	5.1e-23
AA_permease	PF00324.21	479	DB4.contig88_4	261	8.4e-68
AA_permease_2	PF13520.6	425	DB4.contig88_4	261	5.1e-23
zf-C2H2	PF00096.26	23	DB4.contig89_1	112	9e-05
zf-C2H2_4	PF13894.6	24	DB4.contig89_1	112	0.0006
zf-Di19	PF05605.12	54	DB4.contig89_1	112	0.011
Transposase_31	PF04754.12	204	DB4.contig89_4	336	2e-85
Resolvase	PF00239.21	146	DB4.contig89_5	214	7.9e-29
LacI	PF00356.21	46	DB4.contig89_5	214	0.00034
HTH_23	PF13384.6	50	DB4.contig89_5	214	0.0033
YvrJ	PF12841.7	36	DB4.contig89_6	44	0.074
OB_MalK	PF17912.1	53	DB4.contig90_1	183	1.7e-07
TOBE_2	PF08402.10	76	DB4.contig90_1	183	4.9e-06
TOBE	PF03459.17	64	DB4.contig90_1	183	0.00048
CysA_C_terminal	PF17850.1	43	DB4.contig90_1	183	0.0045
SBP_bac_1	PF01547.25	315	DB4.contig90_2	405	3.8e-29
SBP_bac_8	PF13416.6	282	DB4.contig90_2	405	2.2e-24
Porin_8	PF16966.5	364	DB4.contig90_3	448	6.7e-191
Sugarporin_N	PF11471.8	55	DB4.contig90_3	448	1.8e-11
WASH_WAHD	PF11945.8	292	DB4.contig90_3	448	0.011
Glyco_hydro_32C	PF08244.12	158	DB4.contig90_4	154	4.5e-24
UPF0060	PF02694.15	107	DB4.contig91_1	109	1.6e-45
DUF1283	PF06932.11	83	DB4.contig91_2	114	8.2e-42
RXLR	PF16810.5	141	DB4.contig91_2	114	0.0099
Acetyltransf_3	PF13302.7	138	DB4.contig91_3	187	4.6e-21
Acetyltransf_1	PF00583.25	117	DB4.contig91_3	187	6e-14
Acetyltransf_7	PF13508.7	76	DB4.contig91_3	187	3e-08
Acetyltransf_8	PF13523.6	145	DB4.contig91_3	187	2.6e-07
Acetyltransf_10	PF13673.7	127	DB4.contig91_3	187	4.1e-06
FR47	PF08445.10	86	DB4.contig91_3	187	1.4e-05
Acetyltransf_4	PF13420.7	155	DB4.contig91_3	187	0.00071
UPF0257	PF06788.13	236	DB4.contig91_4	237	7.4e-121
DUF1161	PF06649.12	52	DB4.contig91_5	90	7.8e-21
Molybdopterin	PF00384.22	432	DB4.contig91_6	318	8.8e-48
Molybdop_Fe4S4	PF04879.16	55	DB4.contig91_6	318	1.2e-14
PilZ	PF07238.14	103	DB4.contig92_1	237	5.4e-05
GerE	PF00196.19	57	DB4.contig92_2	195	3.3e-13
DUF2089	PF09862.9	114	DB4.contig92_2	195	0.013
EAL	PF00563.20	238	DB4.contig92_3	239	3.1e-26
DDE_Tnp_1_5	PF13737.6	112	DB4.contig92_5	196	3.4e-45
DDE_Tnp_1	PF01609.21	214	DB4.contig92_5	196	1.1e-12
DUF932	PF06067.11	228	DB4.contig93_1	276	1.1e-56
SLT	PF01464.20	117	DB4.contig93_3	162	4.5e-23
Tra_M	PF05261.11	126	DB4.contig93_4	131	6.1e-70
Cpn60_TCP1	PF00118.24	491	DB4.contig94_2	523	4.1e-94
Acetyltransf_10	PF13673.7	127	DB4.contig95_1	154	1e-15
Acetyltransf_7	PF13508.7	76	DB4.contig95_1	154	1.8e-12
Acetyltransf_1	PF00583.25	117	DB4.contig95_1	154	3.7e-10
FR47	PF08445.10	86	DB4.contig95_1	154	0.00025
HTS	PF04204.16	298	DB4.contig95_2	310	1.4e-132
Malate_synthase	PF01274.22	526	DB4.contig95_3	534	1.2e-210
HpcH_HpaI	PF03328.14	221	DB4.contig95_3	534	0.029
GerE	PF00196.19	57	DB4.contig96_1	153	2.4e-22
Autoind_bind	PF03472.15	149	DB4.contig96_1	153	1.3e-07
DUF2594	PF10769.9	74	DB4.contig96_2	75	7.8e-40
ATP-grasp	PF02222.22	171	DB4.contig96_2	75	0.013
Response_reg	PF00072.24	112	DB4.contig96_3	219	1.4e-29
GerE	PF00196.19	57	DB4.contig96_3	219	5.1e-21
Sigma70_r4_2	PF08281.12	54	DB4.contig96_3	219	2.1e-06
HTH_23	PF13384.6	50	DB4.contig96_3	219	0.00024
HTH_29	PF13551.6	63	DB4.contig96_3	219	0.0021
HTH_24	PF13412.6	48	DB4.contig96_3	219	0.0047
UvrC_HhH_N	PF08459.11	154	DB4.contig96_4	580	1.2e-45
GIY-YIG	PF01541.24	78	DB4.contig96_4	580	7.8e-11
UVR	PF02151.19	36	DB4.contig96_4	580	3.3e-10
Phage_portal_2	PF05136.13	362	DB4.contig97_1	502	8.4e-80
CLP_protease	PF00574.23	182	DB4.contig97_2	672	5.2e-39
Mu-like_gpT	PF10124.9	289	DB4.contig97_2	672	2.1e-08
Mu-like_gpT	PF10124.9	289	DB4.contig97_2	672	2.1e-08
SDH_sah	PF01972.16	286	DB4.contig97_2	672	7.8e-06
adh_short	PF00106.25	195	DB4.contig98_1	94	1.2e-05
adh_short_C2	PF13561.6	234	DB4.contig98_1	94	0.044
GATase	PF00117.28	190	DB4.contig98_2	242	3.3e-15
Peptidase_C26	PF07722.13	216	DB4.contig98_2	242	0.0025
GATase_3	PF07685.14	196	DB4.contig98_2	242	0.019
HTH_18	PF12833.7	81	DB4.contig98_3	267	3.1e-18
AraC_binding	PF02311.19	136	DB4.contig98_3	267	3.5e-10
HTH_AraC	PF00165.23	42	DB4.contig98_3	267	9.8e-08
HTH_AraC	PF00165.23	42	DB4.contig98_3	267	9.8e-08
Cupin_2	PF07883.11	71	DB4.contig98_3	267	0.0018
LacI	PF00356.21	46	DB4.contig99_1	161	8.6e-16
Peripla_BP_1	PF00532.21	279	DB4.contig99_1	161	1.6e-08
Peripla_BP_4	PF13407.6	258	DB4.contig99_1	161	0.00039
PucR	PF07905.11	117	DB4.contig99_1	161	0.00087
HTH_31	PF13560.6	64	DB4.contig99_1	161	0.0016
MarR_2	PF12802.7	62	DB4.contig99_1	161	0.002
Lactamase_B_2	PF12706.7	201	DB4.contig99_2	257	2e-14
Lactamase_B	PF00753.27	197	DB4.contig99_2	257	4.3e-09
PmrD	PF11183.8	81	DB4.contig99_3	118	4.9e-06
Inositol_P	PF00459.25	272	DB4.contig99_4	254	1.7e-46
XPB_DRD	PF18458.1	57	DB4.contig99_4	254	0.023
Peripla_BP_3	PF13377.6	166	DB4.contig99_5	223	2.3e-25
Peripla_BP_4	PF13407.6	258	DB4.contig99_5	223	5.9e-14
Peripla_BP_1	PF00532.21	279	DB4.contig99_5	223	3e-07
TraD_N	PF12615.8	94	DB4.contig100_1	121	8.3e-29
TraT	PF05818.12	215	DB4.contig100_3	259	4.9e-81
DUF3482	PF11981.8	294	DB4.contig100_3	259	0.0012
TraS	PF10624.9	162	DB4.contig100_4	201	1.7e-08
MTS	PF05175.14	169	DB4.contig101_3	188	1.3e-07
Methyltransf_25	PF13649.6	97	DB4.contig101_3	188	0.00016
Methyltransf_23	PF13489.6	165	DB4.contig101_3	188	0.011
DUF3560	PF12083.8	124	DB4.contig101_4	452	2e-39
HU-CCDC81_euk_1	PF14908.6	94	DB4.contig101_5	77	0.0029
YdaS_antitoxin	PF15943.5	65	DB4.contig102_1	159	0.003
YdaS_antitoxin	PF15943.5	65	DB4.contig102_2	88	1.2e-30
P22_Cro	PF14549.6	60	DB4.contig102_2	88	1.7e-07
HTH_3	PF01381.22	55	DB4.contig102_2	88	0.00036
HTH_36	PF13730.6	55	DB4.contig102_5	318	4.7e-11
RP-C	PF03428.13	175	DB4.contig102_5	318	2.9e-05
GntR	PF00392.21	64	DB4.contig102_5	318	3e-05
PaaX	PF07848.12	70	DB4.contig102_5	318	4.1e-05
HTH_29	PF13551.6	63	DB4.contig102_5	318	0.00044
MarR	PF01047.22	59	DB4.contig102_5	318	0.0021
MethyltransfD12	PF02086.15	260	DB4.contig102_6	194	4.5e-42
HpaB	PF03241.13	202	DB4.contig103_1	172	3.3e-45
GspL_C	PF12693.7	158	DB4.contig103_1	172	0.035
Flavin_Reduct	PF01613.18	155	DB4.contig103_2	171	1.9e-26
CstA	PF02554.14	375	DB4.contig103_5	127	7.8e-44
Glycos_transf_4	PF00953.21	160	DB4.contig104_2	366	3e-37
DUF3938	PF13074.6	98	DB4.contig104_2	366	0.038
OMP_b-brl	PF13505.6	178	DB4.contig104_3	257	9.7e-06
DEAD	PF00270.29	176	DB4.contig105_1	135	1.4e-25
ResIII	PF04851.15	171	DB4.contig105_1	135	7.8e-05
AAA_30	PF13604.6	192	DB4.contig105_1	135	0.019
CorA	PF01544.18	292	DB4.contig105_2	328	3.3e-61
DeoRC	PF00455.22	160	DB4.contig105_3	248	7.5e-42
HTH_DeoR	PF08220.12	57	DB4.contig105_3	248	6.6e-18
HTH_11	PF08279.12	55	DB4.contig105_3	248	9e-08
HTH_5	PF01022.20	47	DB4.contig105_3	248	4.6e-06
GntR	PF00392.21	64	DB4.contig105_3	248	4.9e-06
MarR	PF01047.22	59	DB4.contig105_3	248	0.00014
HTH_24	PF13412.6	48	DB4.contig105_3	248	0.0023
MarR_2	PF12802.7	62	DB4.contig105_3	248	0.0026
GFO_IDH_MocA	PF01408.22	120	DB4.contig105_4	90	2.3e-06
NAD_binding_3	PF03447.16	117	DB4.contig105_4	90	0.00076
F420_oxidored	PF03807.17	97	DB4.contig105_4	90	0.0022
Clp_N	PF02861.20	53	DB4.contig106_1	383	3.5e-17
AAA	PF00004.29	132	DB4.contig106_1	383	6.7e-14
TniB	PF05621.11	189	DB4.contig106_1	383	1.8e-10
AAA_lid_9	PF17871.1	104	DB4.contig106_1	383	1.7e-08
AAA_16	PF13191.6	170	DB4.contig106_1	383	2.6e-07
Sigma54_activat	PF00158.26	168	DB4.contig106_1	383	1.7e-05
AAA_22	PF13401.6	137	DB4.contig106_1	383	0.0008
AAA_5	PF07728.14	138	DB4.contig106_1	383	0.00097
AAA_14	PF13173.6	131	DB4.contig106_1	383	0.0024
ClpS	PF02617.17	80	DB4.contig106_2	106	1.4e-34
CSD	PF00313.22	66	DB4.contig106_3	74	2.7e-28
OB_RNB	PF08206.11	58	DB4.contig106_3	74	0.00089
MacB_PCD	PF12704.7	195	DB4.contig106_4	348	3.9e-25
FtsX	PF02687.21	96	DB4.contig106_4	348	4.6e-12
ABC2_membrane_3	PF12698.7	345	DB4.contig106_4	348	0.0097
Cyt_bd_oxida_I	PF01654.17	418	DB4.contig107_1	366	4.9e-137
DUF4235	PF14019.6	77	DB4.contig107_1	366	0.00077
Mn_catalase	PF05067.12	284	DB4.contig107_2	296	1.1e-91
DUF892	PF05974.12	159	DB4.contig107_3	169	5.4e-48
HrpJ	PF07201.11	166	DB4.contig107_3	169	0.0083
HTH_46	PF15977.5	68	DB4.contig107_3	169	0.013
DUF892	PF05974.12	159	DB4.contig107_4	191	1.1e-54
Rubrerythrin	PF02915.17	137	DB4.contig107_4	191	0.0073
DUF1847	PF08901.11	157	DB4.contig107_4	191	0.031
Peptidase_S24	PF00717.23	70	DB4.contig108_1	142	3.5e-12
IMS	PF00817.20	150	DB4.contig108_2	424	7e-35
DUF4113	PF13438.6	51	DB4.contig108_2	424	2.8e-21
IMS_C	PF11799.8	118	DB4.contig108_2	424	1.4e-18
IMS_HHH	PF11798.8	32	DB4.contig108_2	424	3.3e-05
DNA_pol_lambd_f	PF10391.9	50	DB4.contig108_2	424	0.0028
PhdYeFM_antitox	PF02604.19	75	DB4.contig108_3	84	9.1e-05
PH_17	PF18012.1	59	DB4.contig108_4	102	0.019
TPP_enzyme_N	PF02776.18	172	DB4.contig109_1	240	2e-56
TPP_enzyme_M	PF00205.22	137	DB4.contig109_1	240	5.2e-10
POR_N	PF01855.19	231	DB4.contig109_1	240	0.0019
HTH_1	PF00126.27	60	DB4.contig109_2	317	2.2e-18
LysR_substrate	PF03466.20	209	DB4.contig109_2	317	8.5e-17
HMGL-like	PF00682.19	264	DB4.contig109_3	82	2.2e-29
Trp_syntA	PF00290.20	259	DB4.contig109_3	82	0.007
tRNA-synt_1c	PF00749.21	314	DB4.contig110_1	473	3.7e-121
DUF1323	PF07037.11	122	DB4.contig110_2	131	4.6e-53
HTH_17	PF12728.7	51	DB4.contig110_2	131	7.9e-06
HTH_23	PF13384.6	50	DB4.contig110_2	131	5.4e-05
HTH_29	PF13551.6	63	DB4.contig110_2	131	0.00082
Crp	PF00325.20	32	DB4.contig110_2	131	0.0021
HTH_Crp_2	PF13545.6	68	DB4.contig110_2	131	0.0022
DUF1323	PF07037.11	122	DB4.contig110_3	118	1.1e-50
HTH_29	PF13551.6	63	DB4.contig110_3	118	4.8e-05
HTH_23	PF13384.6	50	DB4.contig110_3	118	8.7e-05
HTH_Tnp_Mu_1	PF02316.16	142	DB4.contig110_3	118	0.00015
HTH_17	PF12728.7	51	DB4.contig110_3	118	0.00052
Terminase_5	PF06056.12	58	DB4.contig110_3	118	0.00066
HTH_3	PF01381.22	55	DB4.contig110_3	118	0.00077
HTH_28	PF13518.6	52	DB4.contig110_3	118	0.0011
DUF4224	PF13986.6	45	DB4.contig110_3	118	0.0015
HTH_38	PF13936.6	44	DB4.contig110_3	118	0.0017
DUF1471	PF07338.13	56	DB4.contig111_1	88	8.6e-22
Arg_repressor	PF01316.21	70	DB4.contig111_2	157	2.4e-26
Arg_repressor_C	PF02863.18	68	DB4.contig111_2	157	4.3e-21
Ldh_1_C	PF02866.18	167	DB4.contig111_3	313	1.2e-51
Ldh_1_N	PF00056.23	141	DB4.contig111_3	313	4.7e-46
PDZ_2	PF13180.6	82	DB4.contig111_4	104	7.3e-15
PDZ	PF00595.24	82	DB4.contig111_4	104	1.7e-13
PDZ_6	PF17820.1	56	DB4.contig111_4	104	6.7e-11
DUF3751	PF12571.8	150	DB4.contig112_2	388	1.1e-43
Phage_fiber_2	PF03406.13	42	DB4.contig112_2	388	4e-17
Phage_P2_GpU	PF06995.11	120	DB4.contig112_3	163	1.5e-38
MUG113	PF13455.6	77	DB4.contig113_1	329	2.4e-14
T5orf172	PF10544.9	103	DB4.contig113_1	329	1e-12
DUF2950	PF11453.8	273	DB4.contig113_2	126	0.0027
DDE_Tnp_1	PF01609.21	214	DB4.contig113_3	423	2.4e-20
