target	acc	tlen	query	qlen	evalue
FtsH_ext	PF06480.15	109	DDH.contig1_1	111	0.021
SBP_bac_3	PF00497.20	225	DDH.contig1_2	267	2.4e-55
Lig_chan-Glu_bd	PF10613.9	115	DDH.contig1_2	267	9e-10
SBP_bac_3	PF00497.20	225	DDH.contig1_3	261	5.6e-51
Lig_chan-Glu_bd	PF10613.9	115	DDH.contig1_3	261	8e-07
Glycos_transf_2	PF00535.26	170	DDH.contig1_4	857	3.5e-22
Glyco_trans_2_3	PF13632.6	197	DDH.contig1_4	857	2.4e-09
Glyco_transf_21	PF13506.6	173	DDH.contig1_4	857	2.4e-08
MdoG	PF04349.12	477	DDH.contig1_5	584	8.1e-193
Tyr_Deacylase	PF02580.16	144	DDH.contig1_6	146	1.7e-50
Abhydrolase_1	PF00561.20	257	DDH.contig1_7	324	2.4e-34
Abhydrolase_6	PF12697.7	220	DDH.contig1_7	324	1.2e-14
Hydrolase_4	PF12146.8	239	DDH.contig1_7	324	2.8e-14
Ndr	PF03096.14	283	DDH.contig1_7	324	0.0013
Abhydrolase_4	PF08386.10	103	DDH.contig1_7	324	0.01
Peptidase_S28	PF05577.12	434	DDH.contig1_7	324	0.012
Abhydrolase_3	PF07859.13	211	DDH.contig1_8	312	3.7e-67
COesterase	PF00135.28	512	DDH.contig1_8	312	7.7e-06
Say1_Mug180	PF10340.9	374	DDH.contig1_8	312	6.2e-05
OpuAC	PF04069.12	257	DDH.contig1_9	316	7e-52
FGase	PF05013.12	216	DDH.contig1_10	267	1.7e-66
Amidohydro_1	PF01979.20	344	DDH.contig1_11	402	3.2e-22
Amidohydro_3	PF07969.11	473	DDH.contig1_11	402	1.3e-19
Amidohydro_3	PF07969.11	473	DDH.contig1_11	402	1.3e-19
AA_permease	PF00324.21	479	DDH.contig1_12	469	5.7e-106
AA_permease_2	PF13520.6	425	DDH.contig1_12	469	1.2e-39
Lyase_aromatic	PF00221.19	464	DDH.contig1_13	511	1e-183
Lyase_aromatic	PF00221.19	464	DDH.contig1_14	508	1.4e-163
ABC_tran	PF00005.27	137	DDH.contig1_15	275	7.9e-32
AAA_22	PF13401.6	137	DDH.contig1_15	275	1.4e-05
AAA_16	PF13191.6	170	DDH.contig1_15	275	7.5e-05
AAA_29	PF13555.6	61	DDH.contig1_15	275	0.00081
BPD_transp_1	PF00528.22	185	DDH.contig1_16	284	5.9e-25
Transp_cyt_pur	PF02133.15	440	DDH.contig1_17	480	5.6e-49
TauE	PF01925.19	236	DDH.contig2_1	86	1.3e-10
HPP	PF04982.13	122	DDH.contig2_1	86	0.038
LysR_substrate	PF03466.20	209	DDH.contig2_2	307	5.8e-41
HTH_1	PF00126.27	60	DDH.contig2_2	307	7.5e-16
PBP_like	PF12727.7	193	DDH.contig2_2	307	1.2e-05
Inositol_P	PF00459.25	272	DDH.contig2_3	261	6.4e-53
FBPase	PF00316.20	189	DDH.contig2_3	261	0.023
FGase	PF05013.12	216	DDH.contig2_4	296	5.6e-72
Response_reg	PF00072.24	112	DDH.contig2_5	121	2.6e-22
OMP_b-brl	PF13505.6	178	DDH.contig2_6	590	5.9e-10
OMP_b-brl	PF13505.6	178	DDH.contig2_6	590	5.9e-10
PHA_gran_rgn	PF09650.10	87	DDH.contig2_8	104	2.7e-16
Sel1	PF08238.12	38	DDH.contig2_9	150	3.6e-14
Sel1	PF08238.12	38	DDH.contig2_9	150	3.6e-14
Pectate_lyase_2	PF06917.12	556	DDH.contig2_9	150	0.0065
CsbD	PF05532.12	53	DDH.contig2_10	125	1.3e-16
DUF883	PF05957.13	94	DDH.contig2_10	125	1.2e-06
Abhydrolase_1	PF00561.20	257	DDH.contig2_11	275	3.7e-25
Hydrolase_4	PF12146.8	239	DDH.contig2_11	275	1.4e-23
Hydrolase_4	PF12146.8	239	DDH.contig2_11	275	1.4e-23
Abhydrolase_6	PF12697.7	220	DDH.contig2_11	275	3.6e-18
Peptidase_S9	PF00326.21	212	DDH.contig2_11	275	3.8e-08
Abhydrolase_2	PF02230.16	217	DDH.contig2_11	275	0.00011
FMN_red	PF03358.15	155	DDH.contig2_12	200	1.2e-12
Flavodoxin_5	PF12724.7	144	DDH.contig2_12	200	1.3e-09
Flavodoxin_1	PF00258.25	143	DDH.contig2_12	200	1.2e-06
Flavodoxin_2	PF02525.17	198	DDH.contig2_12	200	0.0055
SnoaL_2	PF12680.7	102	DDH.contig2_13	125	4.1e-07
Pirin	PF02678.16	108	DDH.contig2_14	233	1.3e-32
Pirin_C_2	PF17954.1	86	DDH.contig2_14	233	2.5e-19
Cupin_2	PF07883.11	71	DDH.contig2_14	233	4.2e-05
LysR_substrate	PF03466.20	209	DDH.contig2_15	305	4.5e-45
HTH_1	PF00126.27	60	DDH.contig2_15	305	9.3e-19
G_glu_transpept	PF01019.21	512	DDH.contig2_16	526	3.7e-137
sCache_2	PF17200.4	155	DDH.contig2_18	560	9.5e-39
dCache_2	PF08269.11	296	DDH.contig2_18	560	2.6e-32
MCPsignal	PF00015.21	172	DDH.contig2_18	560	1.6e-31
Cache_3-Cache_2	PF17201.4	292	DDH.contig2_18	560	7.6e-12
HAMP	PF00672.25	53	DDH.contig2_18	560	2.9e-11
TctC	PF03401.14	274	DDH.contig2_19	333	1.2e-67
tRNA_edit	PF04073.15	123	DDH.contig2_20	156	2.2e-24
IclR	PF01614.18	129	DDH.contig2_21	257	2.5e-32
HTH_IclR	PF09339.10	52	DDH.contig2_21	257	1.2e-12
MarR_2	PF12802.7	62	DDH.contig2_21	257	0.0014
MaoC_dehydrat_N	PF13452.6	132	DDH.contig2_22	160	6.1e-20
MaoC_dehydratas	PF01575.19	123	DDH.contig2_22	160	0.00014
MaoC_dehydratas	PF01575.19	123	DDH.contig2_23	86	5.9e-11
MaoC_dehydrat_N	PF13452.6	132	DDH.contig2_23	86	0.0026
OMP_b-brl	PF13505.6	178	DDH.contig3_1	86	0.00037
DegT_DnrJ_EryC1	PF01041.17	361	DDH.contig3_2	380	1.2e-107
Aminotran_5	PF00266.19	371	DDH.contig3_2	380	0.00027
Cys_Met_Meta_PP	PF01053.20	382	DDH.contig3_2	380	0.0023
GCV_H	PF01597.19	122	DDH.contig3_3	128	2.1e-42
GCV_T	PF01571.21	257	DDH.contig3_4	361	1.4e-83
GCV_T_C	PF08669.11	80	DDH.contig3_4	361	9.7e-16
BPD_transp_1	PF00528.22	185	DDH.contig3_5	539	1.3e-22
BPD_transp_1	PF00528.22	185	DDH.contig3_5	539	1.3e-22
SBP_bac_6	PF13343.6	245	DDH.contig3_6	335	7.4e-22
SBP_bac_8	PF13416.6	282	DDH.contig3_6	335	1.6e-19
SBP_bac_1	PF01547.25	315	DDH.contig3_6	335	1.4e-17
SBP_bac_11	PF13531.6	230	DDH.contig3_6	335	7.7e-17
FAD_binding_3	PF01494.19	349	DDH.contig3_7	408	4.6e-31
SE	PF08491.10	276	DDH.contig3_7	408	3.6e-09
Lycopene_cycl	PF05834.12	380	DDH.contig3_7	408	1.6e-08
DAO	PF01266.24	352	DDH.contig3_7	408	0.00092
NAD_binding_8	PF13450.6	68	DDH.contig3_7	408	0.0018
DUF4442	PF14539.6	132	DDH.contig3_8	162	2.2e-23
YiiD_C	PF09500.10	144	DDH.contig3_8	162	0.025
FAD_binding_3	PF01494.19	349	DDH.contig3_9	396	1.9e-19
NAD_binding_9	PF13454.6	156	DDH.contig3_9	396	1.3e-07
DAO	PF01266.24	352	DDH.contig3_9	396	0.00021
Peptidase_M24	PF00557.24	209	DDH.contig3_10	441	1.9e-63
AMP_N	PF05195.16	123	DDH.contig3_10	441	4.6e-37
Creatinase_N	PF01321.18	132	DDH.contig3_10	441	0.024
UPF0149	PF03695.13	174	DDH.contig3_11	186	1.4e-32
ZapA	PF05164.13	88	DDH.contig3_13	106	4.7e-22
5-FTHF_cyc-lig	PF01812.20	187	DDH.contig3_14	217	4.9e-38
EVE	PF01878.18	145	DDH.contig3_16	150	1e-50
Biotin_lipoyl_2	PF13533.6	50	DDH.contig3_17	322	1.5e-13
HlyD_3	PF13437.6	106	DDH.contig3_17	322	3.6e-13
HlyD_D23	PF16576.5	214	DDH.contig3_17	322	2.6e-11
ABC_tran	PF00005.27	137	DDH.contig3_18	309	1.9e-33
ABC_tran	PF00005.27	137	DDH.contig3_18	309	1.9e-33
AAA_21	PF13304.6	303	DDH.contig3_18	309	5.5e-12
DUF4160	PF13711.6	66	DDH.contig4_5	135	0.0086
BTB	PF00651.31	111	DDH.contig4_6	709	4.2e-25
BTB	PF00651.31	111	DDH.contig4_6	709	4.2e-25
LRR_8	PF13855.6	61	DDH.contig4_6	709	2.9e-18
LRR_8	PF13855.6	61	DDH.contig4_6	709	2.9e-18
LRR_8	PF13855.6	61	DDH.contig4_6	709	2.9e-18
LRR_8	PF13855.6	61	DDH.contig4_6	709	2.9e-18
LRR_8	PF13855.6	61	DDH.contig4_6	709	2.9e-18
LRR_8	PF13855.6	61	DDH.contig4_6	709	2.9e-18
LRR_4	PF12799.7	44	DDH.contig4_6	709	1.3e-16
LRR_4	PF12799.7	44	DDH.contig4_6	709	1.3e-16
LRR_4	PF12799.7	44	DDH.contig4_6	709	1.3e-16
RasGEF	PF00617.19	177	DDH.contig4_7	1133	6.4e-57
RasGEF_N	PF00618.20	105	DDH.contig4_7	1133	1.2e-22
DUF2283	PF10049.9	49	DDH.contig4_13	229	3.2e-05
Brix	PF04427.18	193	DDH.contig4_14	292	2.4e-33
Rhomboid	PF01694.22	150	DDH.contig4_15	193	0.014
UBA	PF00627.31	37	DDH.contig4_16	182	0.0002
Resolvase	PF00239.21	146	DDH.contig5_2	660	2.9e-17
Zn_ribbon_recom	PF13408.6	58	DDH.contig5_2	660	4e-09
Recombinase	PF07508.13	104	DDH.contig5_2	660	0.0014
Peptidase_S66C	PF17676.1	124	DDH.contig5_7	58	0.0034
Lysis_col	PF02402.16	49	DDH.contig5_7	58	0.051
Phage_holin_5_2	PF16079.5	75	DDH.contig5_11	73	0.01
NDUFA12	PF05071.16	96	DDH.contig5_13	71	0.015
Rep_3	PF01051.21	222	DDH.contig5_14	377	0.0015
DUF3382	PF11862.8	97	DDH.contig5_16	81	0.0067
Claudin_2	PF13903.6	193	DDH.contig5_16	81	0.0073
ABC2_membrane_5	PF13346.6	206	DDH.contig5_16	81	0.0081
SpoU_methylase	PF00588.19	142	DDH.contig6_3	320	6e-20
SpoU_methylase	PF00588.19	142	DDH.contig6_3	320	6e-20
Glu-tRNAGln	PF02686.15	62	DDH.contig6_5	113	2.5e-15
Amidase	PF01425.21	451	DDH.contig6_6	510	1.2e-149
GatB_N	PF02934.15	273	DDH.contig6_7	499	6.1e-100
GatB_Yqey	PF02637.18	148	DDH.contig6_7	499	1.6e-42
YqeY	PF09424.10	143	DDH.contig6_7	499	0.00022
Acetyltransf_3	PF13302.7	138	DDH.contig6_8	368	3.2e-11
Acetyltransf_8	PF13523.6	145	DDH.contig6_8	368	5.3e-06
Acetyltransf_1	PF00583.25	117	DDH.contig6_8	368	4.4e-05
Acetyltransf_7	PF13508.7	76	DDH.contig6_8	368	0.00013
Acetyltransf_10	PF13673.7	127	DDH.contig6_8	368	0.014
DUF2469	PF10611.9	100	DDH.contig6_9	104	7.1e-51
Amino_oxidase	PF01593.24	452	DDH.contig6_10	530	8.7e-15
NAD_binding_8	PF13450.6	68	DDH.contig6_10	530	3.8e-14
DAO	PF01266.24	352	DDH.contig6_10	530	5.5e-13
DAO	PF01266.24	352	DDH.contig6_10	530	5.5e-13
Pyr_redox_2	PF07992.14	294	DDH.contig6_10	530	8.3e-08
HI0933_like	PF03486.14	409	DDH.contig6_10	530	2.3e-05
FAD_binding_2	PF00890.24	417	DDH.contig6_10	530	2.9e-05
NAD_binding_9	PF13454.6	156	DDH.contig6_10	530	0.00015
MCRA	PF06100.11	496	DDH.contig6_10	530	0.0002
Trp_halogenase	PF04820.14	454	DDH.contig6_10	530	0.00022
FAD_binding_3	PF01494.19	349	DDH.contig6_10	530	0.00037
Thi4	PF01946.17	235	DDH.contig6_10	530	0.00076
Rho_RNA_bind	PF07497.12	73	DDH.contig6_11	717	2.6e-26
ATP-synt_ab	PF00006.25	213	DDH.contig6_11	717	1.4e-19
Rho_N	PF07498.12	43	DDH.contig6_11	717	4.1e-11
SAP	PF02037.27	35	DDH.contig6_11	717	0.00064
NACHT	PF05729.12	166	DDH.contig6_11	717	0.01
LysR_substrate	PF03466.20	209	DDH.contig7_2	296	2.2e-27
HTH_1	PF00126.27	60	DDH.contig7_2	296	6.4e-19
HTH_30	PF13556.6	59	DDH.contig7_2	296	0.00025
HTH_50	PF18024.1	50	DDH.contig7_2	296	0.0015
Flavodoxin_2	PF02525.17	198	DDH.contig7_3	281	1.3e-47
FMN_red	PF03358.15	155	DDH.contig7_3	281	9e-12
Avidin	PF01382.17	115	DDH.contig7_4	120	1e-09
LpoB	PF13036.6	147	DDH.contig7_6	276	0.0005
Sel1	PF08238.12	38	DDH.contig7_7	196	2.6e-13
Sel1	PF08238.12	38	DDH.contig7_7	196	2.6e-13
TetR_N	PF00440.23	47	DDH.contig7_8	201	6.1e-14
TetR_C_6	PF13977.6	115	DDH.contig7_8	201	0.0017
Abhydrolase_9_N	PF15420.6	209	DDH.contig7_8	201	0.011
Nramp	PF01566.18	358	DDH.contig7_10	431	2.7e-87
CheB_methylest	PF01339.17	170	DDH.contig7_11	335	7.3e-48
CheR	PF01739.18	195	DDH.contig7_12	1021	7.7e-33
PAS_10	PF13596.6	106	DDH.contig7_12	1021	4.8e-28
HATPase_c	PF02518.26	112	DDH.contig7_12	1021	6.3e-25
Response_reg	PF00072.24	112	DDH.contig7_12	1021	3.7e-22
PAS	PF00989.25	113	DDH.contig7_12	1021	1.3e-18
PAS	PF00989.25	113	DDH.contig7_12	1021	1.3e-18
PAS_4	PF08448.10	110	DDH.contig7_12	1021	1.2e-17
PAS_4	PF08448.10	110	DDH.contig7_12	1021	1.2e-17
PAS_9	PF13426.7	104	DDH.contig7_12	1021	5.5e-17
HisKA	PF00512.25	67	DDH.contig7_12	1021	5.8e-11
PAS_3	PF08447.12	89	DDH.contig7_12	1021	1.2e-07
PAS_8	PF13188.7	67	DDH.contig7_12	1021	5e-07
CENP-F_leu_zip	PF10473.9	140	DDH.contig7_12	1021	2.5e-05
Golgin_A5	PF09787.9	306	DDH.contig7_12	1021	5e-05
IFT57	PF10498.9	362	DDH.contig7_12	1021	0.00027
GAS	PF13851.6	200	DDH.contig7_12	1021	0.00079
HMMR_N	PF15905.5	335	DDH.contig7_12	1021	0.0011
CheR_N	PF03705.15	53	DDH.contig7_13	138	8.1e-13
CheR	PF01739.18	195	DDH.contig7_13	138	7.9e-10
MFS_1	PF07690.16	353	DDH.contig8_1	553	1.4e-13
HlyD_D23	PF16576.5	214	DDH.contig8_2	382	5e-18
HlyD_D23	PF16576.5	214	DDH.contig8_2	382	5e-18
HlyD_3	PF13437.6	106	DDH.contig8_2	382	2.5e-17
HlyD	PF00529.20	80	DDH.contig8_2	382	6.1e-12
Biotin_lipoyl_2	PF13533.6	50	DDH.contig8_2	382	1.3e-11
Aldose_epim	PF01263.20	301	DDH.contig8_3	287	9.7e-32
Epimerase	PF01370.21	241	DDH.contig8_4	274	1.8e-19
GDP_Man_Dehyd	PF16363.5	332	DDH.contig8_4	274	1.1e-15
3Beta_HSD	PF01073.19	280	DDH.contig8_4	274	1e-12
NAD_binding_4	PF07993.12	257	DDH.contig8_4	274	1.8e-08
NAD_binding_10	PF13460.6	184	DDH.contig8_4	274	2.9e-07
RmlD_sub_bind	PF04321.17	287	DDH.contig8_4	274	7.4e-07
Polysacc_synt_2	PF02719.15	294	DDH.contig8_4	274	0.00018
SGL	PF08450.12	246	DDH.contig8_5	292	6.1e-80
Arylesterase	PF01731.20	86	DDH.contig8_5	292	0.0067
Str_synth	PF03088.16	89	DDH.contig8_5	292	0.0075
DctP	PF03480.13	286	DDH.contig8_6	324	6.3e-71
DctQ	PF04290.12	132	DDH.contig8_7	176	2.1e-23
DctM	PF06808.12	416	DDH.contig8_8	427	4.4e-113
MCPsignal	PF00015.21	172	DDH.contig8_9	636	8.3e-46
HBM	PF16591.5	254	DDH.contig8_9	636	2.3e-26
HAMP	PF00672.25	53	DDH.contig8_9	636	3.9e-13
HBM	PF16591.5	254	DDH.contig8_10	639	2.6e-63
MCPsignal	PF00015.21	172	DDH.contig8_10	639	1.2e-46
HAMP	PF00672.25	53	DDH.contig8_10	639	6.9e-08
MTES_1575	PF18741.1	95	DDH.contig9_2	1536	1.5e-29
AAA_11	PF13086.6	261	DDH.contig9_2	1536	2.1e-14
AAA_11	PF13086.6	261	DDH.contig9_2	1536	2.1e-14
AAA_30	PF13604.6	192	DDH.contig9_2	1536	6.6e-12
AAA_30	PF13604.6	192	DDH.contig9_2	1536	6.6e-12
AAA_12	PF13087.6	199	DDH.contig9_2	1536	4.5e-10
AAA_19	PF13245.6	146	DDH.contig9_2	1536	9.3e-08
DUF559	PF04480.12	109	DDH.contig9_2	1536	0.0019
PBCV_basic_adap	PF08789.10	38	DDH.contig9_4	117	0.055
Sugar_tr	PF00083.24	452	DDH.contig9_6	435	3.8e-35
Sugar_tr	PF00083.24	452	DDH.contig9_6	435	3.8e-35
MFS_1	PF07690.16	353	DDH.contig9_6	435	1.2e-23
MFS_1	PF07690.16	353	DDH.contig9_6	435	1.2e-23
MFS_1_like	PF12832.7	385	DDH.contig9_6	435	0.29
OATP	PF03137.20	546	DDH.contig9_6	435	1.6
TctC	PF03401.14	274	DDH.contig9_7	326	7.5e-51
Porin_4	PF13609.6	312	DDH.contig9_8	363	2.4e-47
Porin_1	PF00267.21	340	DDH.contig9_8	363	1.3e-09
Aldedh	PF00171.22	462	DDH.contig9_9	123	3.6e-39
Phosphorylase	PF00343.20	711	DDH.contig10_1	178	1.3e-71
DUF2339	PF10101.9	665	DDH.contig10_2	1179	3e-155
DUF2339	PF10101.9	665	DDH.contig10_2	1179	3e-155
SLATT_1	PF18181.1	122	DDH.contig10_2	1179	0.028
DUF3999	PF13163.6	427	DDH.contig10_3	452	8.4e-147
F5_F8_type_C	PF00754.25	127	DDH.contig10_3	452	0.00032
FBPase	PF00316.20	189	DDH.contig10_4	337	2.4e-59
SmpA_OmlA	PF04355.13	71	DDH.contig10_5	85	0.00025
Lipocalin_2	PF08212.12	146	DDH.contig10_6	190	1.4e-57
Lipocalin	PF00061.23	144	DDH.contig10_6	190	6.1e-06
Amidohydro_1	PF01979.20	344	DDH.contig10_7	455	8.3e-36
Amidohydro_3	PF07969.11	473	DDH.contig10_7	455	2.4e-09
UTRA	PF07702.13	141	DDH.contig10_8	250	9.4e-35
GntR	PF00392.21	64	DDH.contig10_8	250	5.5e-21
HTH_DeoR	PF08220.12	57	DDH.contig10_8	250	0.00018
MarR	PF01047.22	59	DDH.contig10_8	250	0.0013
HTH_Crp_2	PF13545.6	68	DDH.contig10_8	250	0.0033
HutD	PF05962.11	183	DDH.contig10_9	187	8.9e-53
DUF2439	PF10382.9	81	DDH.contig10_9	187	0.039
Urocanase_C	PF17392.2	196	DDH.contig10_10	576	8.5e-93
Urocanase	PF01175.18	210	DDH.contig10_10	576	5.4e-87
Urocanase_N	PF17391.2	127	DDH.contig10_10	576	2.5e-62
GATase_2	PF00310.21	420	DDH.contig11_1	1015	1e-171
Glu_syn_central	PF04898.14	279	DDH.contig11_1	1015	5.6e-102
Glu_synthase	PF01645.17	368	DDH.contig11_1	1015	1.1e-80
SPOR	PF05036.13	76	DDH.contig11_2	520	8.6e-12
AAA_22	PF13401.6	137	DDH.contig11_2	520	7.4e-11
AAA_30	PF13604.6	192	DDH.contig11_2	520	1.2e-06
AAA_16	PF13191.6	170	DDH.contig11_2	520	6.4e-06
T2SSE	PF00437.20	273	DDH.contig11_2	520	0.0027
DHQ_synthase	PF01761.20	262	DDH.contig11_3	367	9.3e-107
Fe-ADH_2	PF13685.6	250	DDH.contig11_3	367	2.2e-12
Fe-ADH	PF00465.19	364	DDH.contig11_3	367	2.8e-07
SKI	PF01202.22	158	DDH.contig11_4	164	4.1e-53
AAA_18	PF13238.6	130	DDH.contig11_4	164	0.00049
Secretin	PF00263.21	170	DDH.contig11_5	465	1.1e-49
Secretin_N	PF03958.17	82	DDH.contig11_5	465	8.7e-13
STN	PF07660.14	52	DDH.contig11_5	465	9.5e-12
PilO	PF04350.13	146	DDH.contig11_6	342	7.9e-35
PilP	PF04351.13	147	DDH.contig11_6	342	7.4e-30
PilN	PF05137.13	78	DDH.contig11_7	184	1.6e-16
RskA	PF10099.9	180	DDH.contig11_7	184	0.0023
PilM_2	PF11104.8	340	DDH.contig11_8	218	2.1e-55
Transgly	PF00912.22	178	DDH.contig11_9	552	1.1e-27
Transpeptidase	PF00905.22	306	DDH.contig11_9	552	1e-26
PCB_OB	PF17092.5	112	DDH.contig11_9	552	1e-22
Flavodoxin_2	PF02525.17	198	DDH.contig12_2	199	6.6e-35
FMN_red	PF03358.15	155	DDH.contig12_2	199	7.5e-12
Flavodoxin_4	PF12682.7	155	DDH.contig12_2	199	0.0091
LysR_substrate	PF03466.20	209	DDH.contig12_3	302	1.1e-35
HTH_1	PF00126.27	60	DDH.contig12_3	302	1.8e-18
HTH_5	PF01022.20	47	DDH.contig12_3	302	0.0073
GGDEF	PF00990.21	161	DDH.contig12_4	544	8.3e-47
dCache_1	PF02743.18	249	DDH.contig12_4	544	2.1e-13
HAMP	PF00672.25	53	DDH.contig12_4	544	9.8e-05
DUF3679	PF12438.8	56	DDH.contig12_5	44	0.031
LysE	PF01810.18	193	DDH.contig12_7	207	1.1e-29
TerC	PF03741.16	181	DDH.contig12_7	207	0.011
TetR_N	PF00440.23	47	DDH.contig12_8	235	9.1e-17
TetR_C_32	PF09209.11	125	DDH.contig12_8	235	1.4e-10
HlyD_D23	PF16576.5	214	DDH.contig12_9	371	1.2e-19
HlyD_3	PF13437.6	106	DDH.contig12_9	371	8.2e-17
Biotin_lipoyl_2	PF13533.6	50	DDH.contig12_9	371	3.8e-14
MFS_1	PF07690.16	353	DDH.contig12_10	527	6.9e-42
TRI12	PF06609.13	599	DDH.contig12_10	527	2.6e-07
OEP	PF02321.18	188	DDH.contig12_11	474	2.4e-48
OEP	PF02321.18	188	DDH.contig12_11	474	2.4e-48
YcaO_C	PF18381.1	172	DDH.contig12_12	451	8.8e-75
YcaO	PF02624.16	323	DDH.contig12_12	451	4.6e-54
rve	PF00665.26	119	DDH.contig13_1	728	2.4e-20
Tn7_Tnp_TnsA_N	PF08722.11	88	DDH.contig13_1	728	5.8e-08
Vps16_N	PF04841.13	410	DDH.contig13_6	424	0.036
DUF5131	PF07505.11	247	DDH.contig13_7	286	6.1e-85
Transposase_mut	PF00872.18	381	DDH.contig13_9	420	3.1e-118
MULE	PF10551.9	96	DDH.contig13_9	420	4.1e-05
DUF2726	PF10881.8	127	DDH.contig13_10	142	0.0039
Aminotran_1_2	PF00155.21	363	DDH.contig14_1	357	2.3e-46
IGPD	PF00475.18	144	DDH.contig14_2	196	2.5e-63
MarC	PF01914.17	203	DDH.contig14_3	207	2.9e-60
TerC	PF03741.16	181	DDH.contig14_3	207	0.0017
GATase	PF00117.28	190	DDH.contig14_4	214	1.3e-14
SNO	PF01174.19	188	DDH.contig14_4	214	7.3e-07
GATase_3	PF07685.14	196	DDH.contig14_4	214	8.8e-07
UCR_Fe-S_N	PF10399.9	41	DDH.contig14_6	154	1.4e-08
Rieske	PF00355.26	89	DDH.contig14_6	154	0.0027
NIF3	PF01784.18	245	DDH.contig14_7	249	1.6e-54
Trypsin_2	PF13365.6	150	DDH.contig14_8	407	8.9e-34
PDZ_2	PF13180.6	82	DDH.contig14_8	407	1.3e-17
Trypsin	PF00089.26	221	DDH.contig14_8	407	5.1e-16
PDZ	PF00595.24	82	DDH.contig14_8	407	7.4e-13
PDZ_6	PF17820.1	56	DDH.contig14_8	407	9.8e-13
TatC	PF00902.18	207	DDH.contig14_9	260	1.4e-68
MttA_Hcf106	PF02416.16	53	DDH.contig14_10	173	8.1e-08
MttA_Hcf106	PF02416.16	53	DDH.contig14_11	80	1.2e-13
Ni_hydr_CYTB	PF01292.20	182	DDH.contig14_11	80	0.051
HIT	PF01230.23	98	DDH.contig14_12	122	1.3e-25
DcpS_C	PF11969.8	114	DDH.contig14_12	122	1.7e-22
DUF4870	PF09685.10	110	DDH.contig14_13	132	0.0027
PRA-PH	PF01503.17	83	DDH.contig14_14	127	2.3e-13
PRA-CH	PF01502.18	74	DDH.contig14_15	137	1.1e-35
Molybdopterin_N	PF18364.1	41	DDH.contig14_15	137	0.0092
His_biosynth	PF00977.21	229	DDH.contig14_16	258	7.7e-91
Dus	PF01207.17	310	DDH.contig14_16	258	9.2e-07
NMO	PF03060.15	331	DDH.contig14_16	258	1.2e-05
G3P_antiterm	PF04309.12	173	DDH.contig14_16	258	0.00015
His_biosynth	PF00977.21	229	DDH.contig14_17	143	5.7e-29
Dus	PF01207.17	310	DDH.contig14_17	143	0.00014
ThiG	PF05690.14	247	DDH.contig14_17	143	0.0025
NAD_kinase	PF01513.21	292	DDH.contig14_17	143	0.0094
NMO	PF03060.15	331	DDH.contig14_17	143	0.018
Phage_term_smal	PF05944.12	130	DDH.contig15_1	192	4.1e-46
Phage_GPL	PF05926.11	139	DDH.contig15_3	154	6.7e-47
Phage_tail_X	PF05489.12	60	DDH.contig15_4	71	1.1e-28
Phage_holin_8	PF16931.5	123	DDH.contig15_5	118	2.5e-14
Phage_holin_3_7	PF05449.11	80	DDH.contig15_6	93	4.5e-16
Muraidase	PF11860.8	175	DDH.contig15_7	282	1.2e-63
PG_binding_1	PF01471.18	57	DDH.contig15_7	282	8.8e-12
UPF0242	PF06785.11	193	DDH.contig15_9	148	3.3e-05
Tektin	PF03148.14	383	DDH.contig15_9	148	0.0006
CENP-F_leu_zip	PF10473.9	140	DDH.contig15_9	148	0.0014
DUF3450	PF11932.8	241	DDH.contig15_9	148	0.0016
P2_Phage_GpR	PF06891.11	131	DDH.contig15_10	161	2.2e-41
Phage_tail_S	PF05069.13	148	DDH.contig15_11	153	2.2e-41
Phage_base_V	PF04717.12	112	DDH.contig15_12	205	1.9e-39
GPW_gp25	PF04965.14	95	DDH.contig15_13	115	3.3e-13
Baseplate_J	PF04865.14	255	DDH.contig15_14	304	1e-20
Tail_P2_I	PF09684.10	136	DDH.contig15_15	206	8.2e-46
DUF3751	PF12571.8	150	DDH.contig15_16	546	2.2e-54
Caudo_TAP	PF02413.17	130	DDH.contig15_17	140	3.3e-13
Phage_tail_APC	PF16778.5	60	DDH.contig15_17	140	1.6e-05
Phage_sheath_1	PF04984.14	168	DDH.contig15_18	392	1e-31
Phage_sheath_1C	PF17482.2	104	DDH.contig15_18	392	4.3e-17
Phage_tube	PF04985.14	166	DDH.contig15_19	172	1.2e-58
Phage_TAC_7	PF10109.9	83	DDH.contig15_20	109	1.4e-11
Phage_P2_GpE	PF06528.12	37	DDH.contig15_21	40	6.1e-20
Cytochrome_CBB3	PF13442.6	67	DDH.contig16_1	254	9.2e-08
Cytochrom_C	PF00034.21	92	DDH.contig16_1	254	8.7e-07
Thiolase_C	PF02803.18	123	DDH.contig16_3	402	1.4e-47
Thiolase_N	PF00108.23	260	DDH.contig16_3	402	1.6e-47
ketoacyl-synt	PF00109.26	253	DDH.contig16_3	402	0.00012
ACP_syn_III_C	PF08541.10	90	DDH.contig16_3	402	0.00058
3HCDH_N	PF02737.18	180	DDH.contig16_4	716	9.7e-60
ECH_1	PF00378.20	251	DDH.contig16_4	716	4.5e-32
3HCDH	PF00725.22	97	DDH.contig16_4	716	1.7e-19
ECH_2	PF16113.5	334	DDH.contig16_4	716	1.2e-18
NAD_binding_2	PF03446.15	158	DDH.contig16_4	716	0.00019
GATase	PF00117.28	190	DDH.contig16_5	243	4.7e-12
CorA	PF01544.18	292	DDH.contig16_6	324	2.9e-56
Acyltransferase	PF01553.21	135	DDH.contig16_7	252	3.3e-28
ECH_1	PF00378.20	251	DDH.contig16_8	230	1.6e-32
ECH_2	PF16113.5	334	DDH.contig16_8	230	6e-08
Arm-DNA-bind_2	PF12167.8	65	DDH.contig16_9	398	2.2e-22
Phage_integrase	PF00589.22	172	DDH.contig16_9	398	4.4e-17
Phage_int_SAM_3	PF14659.6	58	DDH.contig16_9	398	8.6e-09
Phage_int_SAM_1	PF02899.17	84	DDH.contig16_9	398	0.0011
Acyltransferase	PF01553.21	135	DDH.contig17_1	584	3e-21
MFS_1	PF07690.16	353	DDH.contig17_1	584	6.2e-13
SLAC1	PF03595.17	324	DDH.contig17_2	385	1.2e-85
Cupin_2	PF07883.11	71	DDH.contig17_3	104	2.8e-06
3-HAO	PF06052.12	151	DDH.contig17_3	104	0.0033
cNMP_binding	PF00027.29	89	DDH.contig17_3	104	0.0044
MFS_1	PF07690.16	353	DDH.contig17_4	398	7.4e-13
MFS_1	PF07690.16	353	DDH.contig17_4	398	7.4e-13
Folate_carrier	PF01770.18	412	DDH.contig17_4	398	0.031
MFS_1_like	PF12832.7	385	DDH.contig17_4	398	3.4
TetR_C_11	PF16859.5	113	DDH.contig17_5	182	7.7e-12
TetR_N	PF00440.23	47	DDH.contig17_5	182	1.7e-08
HTH_23	PF13384.6	50	DDH.contig17_5	182	0.0029
HTH_32	PF13565.6	73	DDH.contig17_5	182	0.0053
HTH_7	PF02796.15	45	DDH.contig17_5	182	0.0066
ABC2_membrane	PF01061.24	210	DDH.contig17_6	260	5.9e-41
ABC2_membrane_3	PF12698.7	345	DDH.contig17_6	260	2.5e-09
ABC_tran	PF00005.27	137	DDH.contig17_7	311	4.9e-31
AAA_21	PF13304.6	303	DDH.contig17_7	311	2.6e-14
AAA_29	PF13555.6	61	DDH.contig17_7	311	0.0018
AAA_23	PF13476.6	200	DDH.contig17_7	311	0.0019
GST_N	PF02798.20	76	DDH.contig17_8	251	1.1e-08
GST_N_3	PF13417.6	75	DDH.contig17_8	251	1.5e-08
GST_N_2	PF13409.6	70	DDH.contig17_8	251	2.9e-05
GST_C_2	PF13410.6	69	DDH.contig17_8	251	0.0001
GST_C	PF00043.25	93	DDH.contig17_8	251	0.00023
GST_N_4	PF17172.4	99	DDH.contig17_8	251	0.0006
Multi_Drug_Res	PF00893.19	93	DDH.contig17_9	105	3.7e-29
SBF	PF01758.16	195	DDH.contig17_10	322	2.4e-42
SBF_like	PF13593.6	313	DDH.contig17_10	322	9.5e-22
Mem_trans	PF03547.18	387	DDH.contig17_10	322	0.041
FlgN	PF05130.12	146	DDH.contig18_1	95	5.4e-14
NIT	PF08376.10	230	DDH.contig18_1	95	0.0039
FlgM	PF04316.13	55	DDH.contig18_2	105	1.8e-13
ChapFlgA	PF13144.6	122	DDH.contig18_3	261	7e-27
ChapFlgA_N	PF17656.1	77	DDH.contig18_3	261	2.9e-20
SAF	PF08666.12	63	DDH.contig18_3	261	2.3e-12
Flg_bb_rod	PF00460.20	31	DDH.contig18_4	143	8.7e-10
Flg_bbr_C	PF06429.13	74	DDH.contig18_5	135	2.7e-13
Flg_bb_rod	PF00460.20	31	DDH.contig18_5	135	2.8e-08
FlgD	PF03963.14	75	DDH.contig18_6	242	4.3e-22
FlgD_ig	PF13860.6	79	DDH.contig18_6	242	2.1e-21
FLgD_tudor	PF13861.6	58	DDH.contig18_6	242	9.8e-16
FlaE	PF07559.14	122	DDH.contig18_7	427	1.1e-21
Flg_bbr_C	PF06429.13	74	DDH.contig18_7	427	2.5e-19
Flg_bb_rod	PF00460.20	31	DDH.contig18_7	427	1.6e-09
Flg_bbr_C	PF06429.13	74	DDH.contig18_8	246	1.1e-22
Flg_bb_rod	PF00460.20	31	DDH.contig18_8	246	5.1e-06
Flg_bbr_C	PF06429.13	74	DDH.contig18_9	261	2.1e-26
Flg_bb_rod	PF00460.20	31	DDH.contig18_9	261	3e-13
FlgH	PF02107.16	168	DDH.contig18_10	221	8.7e-52
FlgI	PF02119.16	343	DDH.contig18_11	385	2.8e-133
ThiS	PF02597.20	77	DDH.contig18_11	385	0.00032
Glucosaminidase	PF01832.20	87	DDH.contig18_12	324	3e-22
Rod-binding	PF10135.9	51	DDH.contig18_12	324	1e-17
Flg_bb_rod	PF00460.20	31	DDH.contig18_13	289	5.5e-06
HMGL-like	PF00682.19	264	DDH.contig18_13	289	0.0012
Metallophos	PF00149.28	204	DDH.contig19_1	455	1.2e-12
Metallophos_2	PF12850.7	165	DDH.contig19_1	455	4.5e-09
HEPN_SAV2148	PF18725.1	216	DDH.contig19_3	344	0.062
Arm-DNA-bind_3	PF13356.6	74	DDH.contig19_6	237	1.3e-14
DUF4190	PF13828.6	62	DDH.contig19_7	108	0.013
Wzy_C	PF04932.15	155	DDH.contig20_2	470	1.2e-13
Pilin	PF00114.19	109	DDH.contig20_3	138	3.1e-17
N_methyl	PF07963.12	27	DDH.contig20_3	138	8.6e-10
T2SSF	PF00482.23	125	DDH.contig20_4	403	9.3e-62
T2SSF	PF00482.23	125	DDH.contig20_4	403	9.3e-62
DiS_P_DiS	PF06750.13	84	DDH.contig20_5	289	3.5e-32
Peptidase_A24	PF01478.18	107	DDH.contig20_5	289	8.6e-23
CoaE	PF01121.20	179	DDH.contig20_6	208	2.8e-68
YacG	PF03884.14	52	DDH.contig20_7	67	3.7e-25
Nudix_N_2	PF14803.6	34	DDH.contig20_7	67	0.0065
CbiM	PF01891.16	207	DDH.contig20_9	230	7.7e-16
DUF1780	PF08682.10	208	DDH.contig20_11	210	8.1e-126
DUF3094	PF11293.8	55	DDH.contig20_12	58	4.2e-29
RNA_pol_Rpb1_7	PF04990.12	135	DDH.contig20_12	58	0.079
Pyr_redox_2	PF07992.14	294	DDH.contig20_13	433	1.4e-60
Pyr_redox	PF00070.27	81	DDH.contig20_13	433	4.3e-16
DUF772	PF05598.11	73	DDH.contig21_1	201	2.6e-10
PhdYeFM_antitox	PF02604.19	75	DDH.contig21_1	201	0.0062
ShlB	PF03865.13	312	DDH.contig21_2	533	7.2e-25
POTRA_2	PF08479.11	76	DDH.contig21_2	533	5.2e-16
MotA_ExbB	PF01618.16	127	DDH.contig21_3	600	1.4e-27
Laminin_G_3	PF13385.6	152	DDH.contig21_3	600	1.1e-21
DUF2341	PF10102.9	84	DDH.contig21_3	600	1.8e-21
Laminin_G_2	PF02210.24	126	DDH.contig21_3	600	0.00012
ExbD	PF02472.16	130	DDH.contig21_4	142	5.8e-28
TonB_2	PF13103.6	85	DDH.contig21_5	236	2.5e-06
TonB_C	PF03544.14	79	DDH.contig21_5	236	0.00056
Porin_5	PF16930.5	533	DDH.contig21_6	567	1.4e-218
Porin_O_P	PF07396.11	359	DDH.contig21_6	567	0.00033
YbjN	PF10722.9	127	DDH.contig21_8	163	1.9e-08
Nitr_red_assoc	PF09655.10	144	DDH.contig21_9	155	0.071
Bact_transglu_N	PF08379.10	80	DDH.contig22_1	268	3.3e-22
Transglut_core	PF01841.19	112	DDH.contig22_1	268	9.2e-22
Transglut_core3	PF13471.6	117	DDH.contig22_1	268	0.0072
Alpha-E	PF04168.12	293	DDH.contig22_2	317	6.2e-97
TPR_9	PF13371.6	73	DDH.contig22_2	317	0.024
CP_ATPgrasp_2	PF14403.6	375	DDH.contig22_3	470	2.3e-161
CP_ATPgrasp_1	PF04174.13	332	DDH.contig22_3	470	2e-152
RraB	PF06877.11	102	DDH.contig22_4	114	3.7e-20
START	PF01852.19	209	DDH.contig22_6	202	4e-09
Polyketide_cyc	PF03364.20	130	DDH.contig22_6	202	3.1e-05
Polyketide_cyc2	PF10604.9	143	DDH.contig22_6	202	0.00011
CxxCxxCC	PF03692.15	85	DDH.contig22_7	85	2.5e-05
Aminotran_1_2	PF00155.21	363	DDH.contig22_9	480	2.5e-26
GntR	PF00392.21	64	DDH.contig22_9	480	1.7e-18
Aminotran_MocR	PF12897.7	421	DDH.contig22_9	480	0.00014
Fe_dep_repress	PF01325.19	60	DDH.contig22_9	480	0.0012
OmpA	PF00691.20	95	DDH.contig22_10	141	3.9e-25
Pilus_CpaD	PF09476.10	201	DDH.contig22_10	141	0.004
HemolysinCabind	PF00353.19	36	DDH.contig23_1	625	7.6e-48
HemolysinCabind	PF00353.19	36	DDH.contig23_1	625	7.6e-48
HemolysinCabind	PF00353.19	36	DDH.contig23_1	625	7.6e-48
HemolysinCabind	PF00353.19	36	DDH.contig23_1	625	7.6e-48
HemolysinCabind	PF00353.19	36	DDH.contig23_1	625	7.6e-48
HemolysinCabind	PF00353.19	36	DDH.contig23_1	625	7.6e-48
HemolysinCabind	PF00353.19	36	DDH.contig23_1	625	7.6e-48
HemolysinCabind	PF00353.19	36	DDH.contig23_1	625	7.6e-48
HemolysinCabind	PF00353.19	36	DDH.contig23_1	625	7.6e-48
HemolysinCabind	PF00353.19	36	DDH.contig23_1	625	7.6e-48
DDE_Tnp_IS1595	PF12762.7	153	DDH.contig23_2	218	4.5e-33
DDE_3	PF13358.6	146	DDH.contig23_2	218	0.044
HemolysinCabind	PF00353.19	36	DDH.contig23_3	1864	7.9e-50
HemolysinCabind	PF00353.19	36	DDH.contig23_3	1864	7.9e-50
HemolysinCabind	PF00353.19	36	DDH.contig23_3	1864	7.9e-50
HemolysinCabind	PF00353.19	36	DDH.contig23_3	1864	7.9e-50
HemolysinCabind	PF00353.19	36	DDH.contig23_3	1864	7.9e-50
HemolysinCabind	PF00353.19	36	DDH.contig23_3	1864	7.9e-50
HemolysinCabind	PF00353.19	36	DDH.contig23_3	1864	7.9e-50
HemolysinCabind	PF00353.19	36	DDH.contig23_3	1864	7.9e-50
HemolysinCabind	PF00353.19	36	DDH.contig23_3	1864	7.9e-50
P_proprotein	PF01483.20	86	DDH.contig23_3	1864	2.6e-24
Peptidase_S8	PF00082.22	298	DDH.contig23_3	1864	1.3e-20
Cadherin_5	PF17892.1	98	DDH.contig23_3	1864	1.2e-13
Big_9	PF17963.1	90	DDH.contig23_3	1864	4e-11
Peptidase_M10_C	PF08548.11	193	DDH.contig23_3	1864	0.00015
HemolysinCabind	PF00353.19	36	DDH.contig23_4	33	6.1e-10
3HCDH_N	PF02737.18	180	DDH.contig24_1	792	3.1e-43
3HCDH	PF00725.22	97	DDH.contig24_1	792	4.1e-15
ECH_1	PF00378.20	251	DDH.contig24_1	792	4.3e-13
ECH_2	PF16113.5	334	DDH.contig24_1	792	2.5e-06
Pyr_redox_2	PF07992.14	294	DDH.contig24_1	792	0.0031
Glu-tRNAGln	PF02686.15	62	DDH.contig24_3	97	1.9e-17
NAPRTase_N	PF17767.1	125	DDH.contig24_3	97	0.0084
ABC_tran	PF00005.27	137	DDH.contig24_4	237	4.5e-34
SMC_N	PF02463.19	220	DDH.contig24_4	237	3.6e-05
AAA_29	PF13555.6	61	DDH.contig24_4	237	0.00016
RsgA_GTPase	PF03193.16	167	DDH.contig24_4	237	0.00029
Cob_adeno_trans	PF01923.18	164	DDH.contig24_5	187	3.5e-58
ABC_tran	PF00005.27	137	DDH.contig24_7	217	1.1e-33
SMC_N	PF02463.19	220	DDH.contig24_7	217	1.6e-06
AAA_29	PF13555.6	61	DDH.contig24_7	217	0.00016
RsgA_GTPase	PF03193.16	167	DDH.contig24_7	217	0.002
cobW	PF02492.19	177	DDH.contig24_7	217	0.0042
AAA_16	PF13191.6	170	DDH.contig24_7	217	0.0053
DUF2795	PF11387.8	44	DDH.contig24_8	74	5.1e-16
PQ-loop	PF04193.14	61	DDH.contig24_9	89	4.8e-12
MtN3_slv	PF03083.16	87	DDH.contig24_9	89	2.1e-07
DUF2244	PF10003.9	139	DDH.contig24_9	89	0.016
DUF3040	PF11239.8	84	DDH.contig24_9	89	0.018
adh_short_C2	PF13561.6	234	DDH.contig24_10	272	2.4e-55
Fer2	PF00111.27	78	DDH.contig25_1	55	9.9e-08
DHODB_Fe-S_bind	PF10418.9	42	DDH.contig25_1	55	0.023
Fer2_2	PF01799.20	76	DDH.contig25_2	165	1.4e-29
Fer2_3	PF13085.6	109	DDH.contig25_2	165	5.6e-05
Fer2	PF00111.27	78	DDH.contig25_2	165	0.0028
Ald_Xan_dh_C2	PF02738.18	550	DDH.contig25_3	719	2.6e-71
Ald_Xan_dh_C2	PF02738.18	550	DDH.contig25_3	719	2.6e-71
Ald_Xan_dh_C2	PF02738.18	550	DDH.contig25_3	719	2.6e-71
Cytochrom_C	PF00034.21	92	DDH.contig25_4	131	4.6e-12
Cytochrome_CBB3	PF13442.6	67	DDH.contig25_4	131	6.6e-12
Cytochrom_C550	PF14495.6	136	DDH.contig25_4	131	0.0017
XdhC_C	PF13478.6	125	DDH.contig25_5	393	2.2e-36
XdhC_CoxI	PF02625.16	68	DDH.contig25_5	393	2e-22
NTP_transf_3	PF12804.7	160	DDH.contig25_6	195	2.2e-35
Mob_synth_C	PF06463.13	128	DDH.contig25_7	327	4.7e-34
Radical_SAM	PF04055.21	167	DDH.contig25_7	327	1.5e-28
Fer4_12	PF13353.6	139	DDH.contig25_7	327	1.8e-08
Fer4_14	PF13394.6	118	DDH.contig25_7	327	2.2e-07
MoeA_N	PF03453.17	157	DDH.contig25_8	395	8.5e-39
MoCF_biosynth	PF00994.24	144	DDH.contig25_8	395	2.7e-25
MoeA_C	PF03454.15	72	DDH.contig25_8	395	4.2e-11
TauE	PF01925.19	236	DDH.contig25_9	246	1.9e-31
HTH_Tnp_1	PF01527.20	75	DDH.contig26_1	70	0.0018
rve	PF00665.26	119	DDH.contig26_2	279	1.1e-25
rve_3	PF13683.6	67	DDH.contig26_2	279	1.5e-14
HTH_21	PF13276.6	60	DDH.contig26_2	279	1.9e-14
Arylsulfotrans	PF05935.11	381	DDH.contig26_4	72	0.025
MFS_1	PF07690.16	353	DDH.contig26_5	369	1.9e-33
MFS_1	PF07690.16	353	DDH.contig26_5	369	1.9e-33
Sugar_tr	PF00083.24	452	DDH.contig26_5	369	1.5e-27
Sugar_tr	PF00083.24	452	DDH.contig26_5	369	1.5e-27
Porin_4	PF13609.6	312	DDH.contig26_6	423	5.3e-32
Porin_1	PF00267.21	340	DDH.contig26_6	423	1.7e-06
Peptidase_M24	PF00557.24	209	DDH.contig26_7	399	3e-18
Creatinase_N	PF01321.18	132	DDH.contig26_7	399	0.045
Transposase_mut	PF00872.18	381	DDH.contig26_9	437	9.3e-44
MULE	PF10551.9	96	DDH.contig26_9	437	2e-06
Polysacc_synt_2	PF02719.15	294	DDH.contig27_1	670	1e-126
Epimerase	PF01370.21	241	DDH.contig27_1	670	2.7e-14
GDP_Man_Dehyd	PF16363.5	332	DDH.contig27_1	670	2e-10
RmlD_sub_bind	PF04321.17	287	DDH.contig27_1	670	2.8e-08
3Beta_HSD	PF01073.19	280	DDH.contig27_1	670	2.2e-07
CoA_binding_3	PF13727.6	175	DDH.contig27_1	670	4.7e-06
adh_short	PF00106.25	195	DDH.contig27_1	670	0.00045
NAD_binding_4	PF07993.12	257	DDH.contig27_1	670	0.0028
HHH_3	PF12836.7	65	DDH.contig27_2	111	3.6e-21
HHH_6	PF14579.6	90	DDH.contig27_2	111	0.0017
TetR_N	PF00440.23	47	DDH.contig27_3	193	3.9e-08
TetR_C_16	PF17920.1	107	DDH.contig27_3	193	0.0015
DUF2897	PF11446.8	54	DDH.contig27_4	56	1.2e-21
LapA_dom	PF06305.11	64	DDH.contig27_4	56	0.0035
UPF0370	PF13980.6	61	DDH.contig27_4	56	0.017
AA_permease_2	PF13520.6	425	DDH.contig27_5	455	3e-44
AA_permease	PF00324.21	479	DDH.contig27_5	455	8e-33
Potass_KdpF	PF09604.10	24	DDH.contig27_6	30	5.8e-08
KdpA	PF03814.15	547	DDH.contig27_7	565	1e-235
E1-E2_ATPase	PF00122.20	181	DDH.contig27_8	234	9e-24
Pyr_redox_2	PF07992.14	294	DDH.contig28_1	442	2.5e-55
Pyr_redox	PF00070.27	81	DDH.contig28_1	442	1.1e-14
Pyr_redox_3	PF13738.6	305	DDH.contig28_1	442	7.6e-07
Cytochrome_CBB3	PF13442.6	67	DDH.contig28_2	170	2.4e-07
Cytochrom_C	PF00034.21	92	DDH.contig28_2	170	2.2e-06
Cytochrom_C	PF00034.21	92	DDH.contig28_3	161	1.3e-07
Cytochrome_CBB3	PF13442.6	67	DDH.contig28_3	161	2.4e-07
SBP_bac_3	PF00497.20	225	DDH.contig28_4	293	2.7e-15
PQQ	PF01011.21	38	DDH.contig28_5	622	7.9e-20
PQQ	PF01011.21	38	DDH.contig28_5	622	7.9e-20
PQQ	PF01011.21	38	DDH.contig28_5	622	7.9e-20
PQQ_2	PF13360.6	237	DDH.contig28_5	622	6e-19
PQQ_2	PF13360.6	237	DDH.contig28_5	622	6e-19
PQQ_2	PF13360.6	237	DDH.contig28_5	622	6e-19
Abhydrolase_1	PF00561.20	257	DDH.contig28_6	318	3e-36
Hydrolase_4	PF12146.8	239	DDH.contig28_6	318	1.1e-14
Abhydrolase_6	PF12697.7	220	DDH.contig28_6	318	2.3e-12
Abhydrolase_4	PF08386.10	103	DDH.contig28_6	318	1.4e-06
Virul_fac_BrkB	PF03631.15	258	DDH.contig28_7	159	9.9e-17
Abhydrolase_1	PF00561.20	257	DDH.contig29_1	266	4.5e-09
TetR	PF13972.6	144	DDH.contig29_2	207	9.9e-34
TetR_N	PF00440.23	47	DDH.contig29_2	207	3.2e-10
Phasin	PF05597.11	126	DDH.contig29_3	341	1.7e-42
Phasin	PF05597.11	126	DDH.contig29_4	141	2.2e-42
Cnn_1N	PF07989.11	73	DDH.contig29_4	141	0.016
PHA_gran_rgn	PF09650.10	87	DDH.contig29_5	92	1.1e-33
Ubie_methyltran	PF01209.18	233	DDH.contig29_6	292	2.3e-99
Methyltransf_25	PF13649.6	97	DDH.contig29_6	292	8.8e-24
Methyltransf_31	PF13847.6	152	DDH.contig29_6	292	7.2e-21
Methyltransf_11	PF08241.12	96	DDH.contig29_6	292	1.6e-20
Methyltransf_23	PF13489.6	165	DDH.contig29_6	292	1.8e-17
Methyltransf_12	PF08242.12	99	DDH.contig29_6	292	1.9e-11
PCMT	PF01135.19	210	DDH.contig29_6	292	1.3e-07
MTS	PF05175.14	169	DDH.contig29_6	292	4e-05
MetW	PF07021.12	193	DDH.contig29_6	292	0.00023
Methyltransf_2	PF00891.18	210	DDH.contig29_6	292	0.00026
RrnaAD	PF00398.20	265	DDH.contig29_6	292	0.0021
UPF0020	PF01170.18	197	DDH.contig29_6	292	0.0041
SCP2	PF02036.17	101	DDH.contig29_7	208	1.1e-15
MDMPI_C	PF07398.11	91	DDH.contig29_7	208	0.0036
ABC1	PF03109.16	119	DDH.contig29_8	535	5.9e-35
PRA-CH	PF01502.18	74	DDH.contig29_9	100	1.6e-30
RNA_pol_Rpb1_1	PF04997.12	312	DDH.contig30_1	291	6.4e-63
RNA_pol_Rpb2_6	PF00562.28	390	DDH.contig30_2	1369	1.8e-157
RNA_pol_Rpb2_1	PF04563.15	203	DDH.contig30_2	1369	3e-36
RNA_pol_Rpb2_3	PF04565.16	68	DDH.contig30_2	1369	2.2e-32
RNA_pol_Rpb2_2	PF04561.14	190	DDH.contig30_2	1369	9e-27
RNA_pol_Rpb2_2	PF04561.14	190	DDH.contig30_2	1369	9e-27
RNA_pol_Rpb2_7	PF04560.20	87	DDH.contig30_2	1369	3.1e-26
RNA_pol_Rpb2_45	PF10385.9	65	DDH.contig30_2	1369	3.5e-25
Ribosomal_L12	PF00542.19	67	DDH.contig30_3	125	4.3e-30
Ribosomal_L12_N	PF16320.5	48	DDH.contig30_3	125	1e-21
Ribosomal_60s	PF00428.19	88	DDH.contig30_3	125	0.021
Ribosomal_L10	PF00466.20	100	DDH.contig30_4	183	2.1e-23
T3SS_ATPase_C	PF18269.1	72	DDH.contig31_2	94	2.5e-27
FliJ	PF02050.16	123	DDH.contig31_3	151	1.2e-27
YscO-like	PF16789.5	161	DDH.contig31_3	151	0.0013
Flg_hook	PF02120.16	85	DDH.contig31_4	654	6.9e-20
FliL	PF03748.14	103	DDH.contig31_5	158	2.5e-22
DUF2749	PF10907.8	64	DDH.contig31_5	158	0.018
FliM	PF02154.15	192	DDH.contig31_6	352	1.3e-69
FliMN_C	PF01052.20	73	DDH.contig31_6	352	3.2e-15
FliMN_C	PF01052.20	73	DDH.contig31_7	173	3.1e-26
FliO	PF04347.13	89	DDH.contig31_8	146	2.3e-19
FliP	PF00813.20	191	DDH.contig31_9	263	2.7e-76
DEAD	PF00270.29	176	DDH.contig32_1	426	2.7e-21
Helicase_C	PF00271.31	111	DDH.contig32_1	426	6e-19
ResIII	PF04851.15	171	DDH.contig32_1	426	5.2e-10
AAA_30	PF13604.6	192	DDH.contig32_1	426	6.8e-05
PKD	PF00801.20	71	DDH.contig32_2	1238	5.9e-33
PKD	PF00801.20	71	DDH.contig32_2	1238	5.9e-33
PKD	PF00801.20	71	DDH.contig32_2	1238	5.9e-33
PKD	PF00801.20	71	DDH.contig32_2	1238	5.9e-33
CHU_C	PF13585.6	86	DDH.contig32_2	1238	2e-19
SBBP	PF06739.11	38	DDH.contig32_2	1238	1.2e-09
PorP_SprF	PF11751.8	273	DDH.contig32_3	341	1.2e-42
DUF5082	PF16888.5	123	DDH.contig32_4	116	0.0075
OprD	PF03573.13	394	DDH.contig33_1	423	9.5e-147
CopD	PF05425.13	105	DDH.contig33_2	286	6.3e-13
SHP	PF03579.13	64	DDH.contig33_2	286	0.075
CopC	PF04234.12	92	DDH.contig33_3	122	7.3e-22
Big_5	PF13205.6	108	DDH.contig33_3	122	2.9e-06
FlgD_ig	PF13860.6	79	DDH.contig33_3	122	0.021
Acetyltransf_10	PF13673.7	127	DDH.contig33_4	148	1.8e-16
Acetyltransf_7	PF13508.7	76	DDH.contig33_4	148	2.3e-13
Acetyltransf_1	PF00583.25	117	DDH.contig33_4	148	5.4e-07
TetR_C_3	PF08362.11	143	DDH.contig33_5	207	7.2e-52
TetR_N	PF00440.23	47	DDH.contig33_5	207	9.2e-14
DHO_dh	PF01180.21	295	DDH.contig33_6	425	6.7e-25
Fer4_21	PF14697.6	59	DDH.contig33_6	425	3.4e-22
Fer4_7	PF12838.7	52	DDH.contig33_6	425	2.8e-08
Dus	PF01207.17	310	DDH.contig33_6	425	1e-05
Fer4	PF00037.27	24	DDH.contig33_6	425	2.7e-05
Fer4	PF00037.27	24	DDH.contig33_6	425	2.7e-05
Fer4_6	PF12837.7	24	DDH.contig33_6	425	3.8e-05
Fer4_22	PF17179.4	96	DDH.contig33_6	425	3.9e-05
Fer4_9	PF13187.6	51	DDH.contig33_6	425	0.0015
Fer4_4	PF12800.7	17	DDH.contig33_6	425	0.0083
Fer4_10	PF13237.6	56	DDH.contig33_6	425	0.0088
Pyr_redox_2	PF07992.14	294	DDH.contig33_7	311	5.4e-31
Pyr_redox_3	PF13738.6	305	DDH.contig33_7	311	2.3e-12
Pyr_redox	PF00070.27	81	DDH.contig33_7	311	7.4e-09
NAD_binding_8	PF13450.6	68	DDH.contig33_7	311	4.9e-08
FAD_binding_2	PF00890.24	417	DDH.contig33_7	311	0.00013
HI0933_like	PF03486.14	409	DDH.contig33_7	311	0.0005
DAO	PF01266.24	352	DDH.contig33_7	311	0.00072
Amino_oxidase	PF01593.24	452	DDH.contig33_7	311	0.0011
SWIM	PF04434.17	40	DDH.contig34_3	178	1.6e-05
Cu-oxidase_3	PF07732.15	119	DDH.contig34_5	353	2.2e-09
Cu-oxidase_2	PF07731.14	137	DDH.contig34_5	353	4.4e-06
Lactamase_B_4	PF13691.6	63	DDH.contig34_8	259	0.025
DUF5100	PF17029.5	126	DDH.contig34_9	84	0.04
DUF4398	PF14346.6	78	DDH.contig35_1	177	4e-09
DUF4398	PF14346.6	78	DDH.contig35_2	121	6.9e-15
LPAM_1	PF08139.12	18	DDH.contig35_2	121	0.0021
Trp_oprn_chp	PF09534.10	180	DDH.contig35_2	121	0.023
SBP_bac_3	PF00497.20	225	DDH.contig35_3	272	2.8e-16
Phosphonate-bd	PF12974.7	243	DDH.contig35_3	272	0.0051
ETF	PF01012.21	182	DDH.contig35_4	310	1.1e-39
ETF_alpha	PF00766.19	84	DDH.contig35_4	310	1.1e-36
ETF	PF01012.21	182	DDH.contig35_5	250	3e-47
Ala_racemase_N	PF01168.20	219	DDH.contig35_5	250	0.00011
ETF_QO	PF05187.13	104	DDH.contig35_6	555	2.3e-50
DAO	PF01266.24	352	DDH.contig35_6	555	1e-09
NAD_binding_8	PF13450.6	68	DDH.contig35_6	555	6.2e-08
FAD_binding_2	PF00890.24	417	DDH.contig35_6	555	7.1e-08
Thi4	PF01946.17	235	DDH.contig35_6	555	8.2e-07
Pyr_redox_2	PF07992.14	294	DDH.contig35_6	555	3.5e-05
Lycopene_cycl	PF05834.12	380	DDH.contig35_6	555	4.5e-05
FAD_binding_3	PF01494.19	349	DDH.contig35_6	555	8.3e-05
NAD_binding_9	PF13454.6	156	DDH.contig35_6	555	0.00014
HI0933_like	PF03486.14	409	DDH.contig35_6	555	0.00039
Pyr_redox_3	PF13738.6	305	DDH.contig35_6	555	0.00065
FAD_oxidored	PF12831.7	433	DDH.contig35_6	555	0.003
TonB_dep_Rec	PF00593.24	470	DDH.contig36_1	514	9.3e-62
OMP_b-brl_3	PF14905.6	408	DDH.contig36_1	514	6.9e-13
Plug	PF07715.15	108	DDH.contig36_2	376	2.6e-24
HemS	PF05171.12	128	DDH.contig36_3	353	2.7e-54
HemS	PF05171.12	128	DDH.contig36_3	353	2.7e-54
ChuX_HutX	PF06228.13	134	DDH.contig36_3	353	1.6e-47
ChuX_HutX	PF06228.13	134	DDH.contig36_3	353	1.6e-47
TonB_dep_Rec	PF00593.24	470	DDH.contig36_4	468	1.7e-60
OMP_b-brl_3	PF14905.6	408	DDH.contig36_4	468	3e-13
Amidase	PF01425.21	451	DDH.contig37_2	458	1.1e-85
ABC_tran	PF00005.27	137	DDH.contig37_3	94	3.1e-06
AAA_21	PF13304.6	303	DDH.contig37_3	94	0.018
ABC_tran	PF00005.27	137	DDH.contig37_4	239	2.4e-29
AAA_21	PF13304.6	303	DDH.contig37_4	239	2.4e-12
AAA_21	PF13304.6	303	DDH.contig37_4	239	2.4e-12
AAA_15	PF13175.6	369	DDH.contig37_4	239	2.9e-05
AAA_30	PF13604.6	192	DDH.contig37_4	239	0.00098
AAA_23	PF13476.6	200	DDH.contig37_4	239	0.0015
AAA_27	PF13514.6	207	DDH.contig37_4	239	0.0019
AAA_29	PF13555.6	61	DDH.contig37_4	239	0.0025
BCA_ABC_TP_C	PF12399.8	23	DDH.contig37_4	239	0.0028
ABC_tran	PF00005.27	137	DDH.contig37_5	259	2.7e-30
BCA_ABC_TP_C	PF12399.8	23	DDH.contig37_5	259	9.3e-12
AAA_21	PF13304.6	303	DDH.contig37_5	259	1e-06
AAA_23	PF13476.6	200	DDH.contig37_5	259	0.00033
AAA_29	PF13555.6	61	DDH.contig37_5	259	0.0061
BPD_transp_2	PF02653.16	268	DDH.contig37_6	100	0.00022
HTH_AsnC-type	PF13404.6	42	DDH.contig38_1	162	5.3e-12
AsnC_trans_reg	PF01037.21	75	DDH.contig38_1	162	4.3e-10
HTH_24	PF13412.6	48	DDH.contig38_1	162	9.8e-10
HTH_20	PF12840.7	61	DDH.contig38_1	162	0.0034
Tyrosinase	PF00264.20	222	DDH.contig38_2	609	5e-33
TonB_dep_Rec	PF00593.24	470	DDH.contig39_1	656	1.2e-20
Plug	PF07715.15	108	DDH.contig39_1	656	1.2e-17
STN	PF07660.14	52	DDH.contig39_1	656	3e-05
FecR	PF04773.13	96	DDH.contig39_2	272	2.7e-20
DUF4974	PF16344.5	70	DDH.contig39_2	272	0.039
TonB_dep_Rec	PF00593.24	470	DDH.contig39_3	203	9.2e-26
RdgC	PF04381.12	298	DDH.contig39_4	307	1.3e-113
Antirestrict	PF03230.13	92	DDH.contig40_1	143	2.2e-26
SPRY	PF00622.28	120	DDH.contig40_4	473	2.7e-08
Plug	PF07715.15	108	DDH.contig41_1	325	4.6e-25
RNA_pol_Rpb1_5	PF04998.17	267	DDH.contig41_2	1176	5.3e-78
RNA_pol_Rpb1_2	PF00623.20	166	DDH.contig41_2	1176	7.6e-38
RNA_pol_Rpb1_2	PF00623.20	166	DDH.contig41_2	1176	7.6e-38
RNA_pol_Rpb1_3	PF04983.18	157	DDH.contig41_2	1176	2.3e-23
RNA_pol_Rpb1_1	PF04997.12	312	DDH.contig41_2	1176	1.1e-22
RNA_pol_Rpb1_4	PF05000.17	108	DDH.contig41_2	1176	2.7e-18
Laminin_G_3	PF13385.6	152	DDH.contig42_1	218	1.4e-27
Pentaxin	PF00354.17	194	DDH.contig42_1	218	0.013
PNP_UDP_1	PF01048.20	234	DDH.contig42_2	293	5.8e-31
DAP_epimerase	PF01678.19	121	DDH.contig42_3	259	3.4e-42
DAP_epimerase	PF01678.19	121	DDH.contig42_3	259	3.4e-42
CorA	PF01544.18	292	DDH.contig42_4	314	8.8e-57
NUDIX	PF00293.28	131	DDH.contig42_5	153	3.4e-14
Vut_1	PF02592.15	150	DDH.contig42_6	51	0.0068
Cyclin_N	PF00134.23	127	DDH.contig42_6	51	0.075
FA_desaturase	PF00487.24	254	DDH.contig43_1	240	3.6e-14
TctC	PF03401.14	274	DDH.contig43_2	322	6.8e-83
TctC	PF03401.14	274	DDH.contig43_3	328	1.3e-68
Phosphonate-bd	PF12974.7	243	DDH.contig43_3	328	0.0024
FAD_binding_3	PF01494.19	349	DDH.contig43_4	414	7.3e-24
DAO	PF01266.24	352	DDH.contig43_4	414	2.7e-05
NAD_binding_8	PF13450.6	68	DDH.contig43_4	414	8.3e-05
Trp_halogenase	PF04820.14	454	DDH.contig43_4	414	0.00017
FAD_binding_2	PF00890.24	417	DDH.contig43_4	414	0.00018
Pyr_redox_3	PF13738.6	305	DDH.contig43_4	414	0.002
MaoC_dehydratas	PF01575.19	123	DDH.contig43_5	111	1.1e-08
FliP	PF00813.20	191	DDH.contig44_1	205	4.6e-60
FliMN_C	PF01052.20	73	DDH.contig44_2	338	3.1e-17
FliMN_C	PF01052.20	73	DDH.contig44_2	338	3.1e-17
Flg_hook	PF02120.16	85	DDH.contig44_3	153	0.00052
YscO	PF07321.12	149	DDH.contig44_4	143	8.1e-10
ATP-synt_ab	PF00006.25	213	DDH.contig44_5	453	6.4e-67
T3SS_ATPase_C	PF18269.1	72	DDH.contig44_5	453	1.8e-21
ATP-synt_ab_N	PF02874.23	69	DDH.contig44_5	453	2.6e-05
ATPase_2	PF01637.18	233	DDH.contig44_5	453	0.0044
ABC_tran	PF00005.27	137	DDH.contig44_5	453	0.0076
AAA_16	PF13191.6	170	DDH.contig44_5	453	0.013
Yop-YscD_ppl	PF16693.5	254	DDH.contig44_6	248	0.0042
PrgH	PF09480.10	379	DDH.contig44_6	248	0.051
GFO_IDH_MocA	PF01408.22	120	DDH.contig45_1	317	1.2e-20
GFO_IDH_MocA_C	PF02894.17	116	DDH.contig45_1	317	1.1e-15
UDPG_MGDP_dh_N	PF03721.14	187	DDH.contig45_2	438	9e-46
UDPG_MGDP_dh	PF00984.19	94	DDH.contig45_2	438	4.2e-28
UDPG_MGDP_dh_C	PF03720.15	105	DDH.contig45_2	438	4.2e-23
NAD_binding_2	PF03446.15	158	DDH.contig45_2	438	2.7e-06
2-Hacid_dh_C	PF02826.19	178	DDH.contig45_2	438	0.0015
Wzz	PF02706.15	92	DDH.contig45_3	435	7.4e-11
GNVR	PF13807.6	82	DDH.contig45_3	435	4.7e-05
Terminase_6	PF03237.15	215	DDH.contig46_2	586	9.3e-61
Terminase_6C	PF17289.2	155	DDH.contig46_2	586	2.7e-41
Terminase_5	PF06056.12	58	DDH.contig46_2	586	8.6e-24
Phage_terminase	PF10668.9	60	DDH.contig46_2	586	0.004
Phage_GPO	PF05929.11	272	DDH.contig46_3	293	4.1e-102
Collagen_mid	PF15984.5	199	DDH.contig46_3	293	0.0089
Phage_cap_P2	PF05125.12	326	DDH.contig46_4	336	2.1e-143
Phage_term_smal	PF05944.12	130	DDH.contig46_5	81	4.6e-13
DUF1343	PF07075.11	353	DDH.contig47_1	239	2.2e-54
ThiF	PF00899.21	244	DDH.contig47_2	247	1.2e-38
UDPG_MGDP_dh_N	PF03721.14	187	DDH.contig47_2	247	1.4e-05
Sacchrp_dh_NADP	PF03435.18	130	DDH.contig47_2	247	0.0019
3HCDH_N	PF02737.18	180	DDH.contig47_2	247	0.0069
Spermine_synth	PF01564.17	188	DDH.contig47_2	247	0.015
PSII_BNR	PF14870.6	303	DDH.contig47_3	350	2.5e-08
PSII_BNR	PF14870.6	303	DDH.contig47_3	350	2.5e-08
Sortilin-Vps10	PF15902.5	446	DDH.contig47_3	350	1.1e-07
Sortilin-Vps10	PF15902.5	446	DDH.contig47_3	350	1.1e-07
DUF3106	PF11304.8	104	DDH.contig47_5	135	2.1e-09
LTXXQ	PF07813.12	104	DDH.contig47_5	135	4e-07
Metal_resist	PF13801.6	126	DDH.contig47_5	135	7.9e-07
DMT_6	PF04342.12	105	DDH.contig47_6	97	9.9e-40
Pro-kuma_activ	PF09286.11	142	DDH.contig47_7	97	0.055
CcmF_C	PF16327.5	323	DDH.contig48_1	395	2.1e-07
CcmF_C	PF16327.5	323	DDH.contig48_1	395	2.1e-07
ResB	PF05140.14	495	DDH.contig48_1	395	5.4e-05
DUF4294	PF14127.6	155	DDH.contig48_2	206	2.5e-51
Leu_Phe_trans	PF03588.14	169	DDH.contig48_3	215	2e-68
ClpS	PF02617.17	80	DDH.contig48_4	102	1.4e-19
HrpA_pilin	PF09589.10	96	DDH.contig48_4	102	0.035
Exo_endo_phos	PF03372.23	233	DDH.contig48_5	238	1.7e-07
Exo_endo_phos_2	PF14529.6	119	DDH.contig48_5	238	0.0036
Semialdhyde_dh	PF01118.24	121	DDH.contig49_2	311	1.6e-12
LysR_substrate	PF03466.20	209	DDH.contig49_3	295	9.6e-35
HTH_1	PF00126.27	60	DDH.contig49_3	295	8.4e-18
Abhydrolase_6	PF12697.7	220	DDH.contig49_4	265	1.3e-20
Abhydrolase_1	PF00561.20	257	DDH.contig49_4	265	7.2e-17
Hydrolase_4	PF12146.8	239	DDH.contig49_4	265	1.1e-09
DUF915	PF06028.11	255	DDH.contig49_4	265	2.2e-06
Chlorophyllase	PF07224.11	307	DDH.contig49_4	265	4.2e-06
Esterase	PF00756.20	251	DDH.contig49_4	265	0.00049
Thioesterase	PF00975.20	231	DDH.contig49_4	265	0.0014
Chlorophyllase2	PF12740.7	254	DDH.contig49_4	265	0.002
UPF0227	PF05728.12	187	DDH.contig49_4	265	0.004
Palm_thioest	PF02089.15	242	DDH.contig49_4	265	0.0042
OsmC	PF02566.19	100	DDH.contig49_5	187	4.1e-11
UCH	PF00443.29	257	DDH.contig50_3	241	0.065
DUF4795	PF16043.5	204	DDH.contig51_1	180	0.0017
DUF1464	PF07318.12	327	DDH.contig51_1	180	0.0071
Peptidase_M24	PF00557.24	209	DDH.contig51_2	458	1e-51
AMP_N	PF05195.16	123	DDH.contig51_2	458	6e-26
CDP-OH_P_transf	PF01066.21	66	DDH.contig51_3	255	4.4e-14
PurS	PF02700.14	77	DDH.contig51_4	83	4.3e-26
TP_methylase	PF00590.20	213	DDH.contig51_5	200	3.1e-27
MobC	PF05713.11	45	DDH.contig52_3	110	6.9e-06
Lipoprotein_7	PF01540.16	353	DDH.contig52_3	110	0.0098
Relaxase	PF03432.14	242	DDH.contig52_4	463	6.1e-06
RusA	PF05866.11	124	DDH.contig52_4	463	0.019
DUF2721	PF11026.8	129	DDH.contig52_6	80	0.07
Laminin_G_3	PF13385.6	152	DDH.contig53_1	1161	6.3e-61
Laminin_G_3	PF13385.6	152	DDH.contig53_1	1161	6.3e-61
Laminin_G_3	PF13385.6	152	DDH.contig53_1	1161	6.3e-61
Ig_2	PF13895.6	79	DDH.contig53_1	1161	1.1e-07
HYR	PF02494.16	81	DDH.contig53_1	1161	9.4e-07
GTP_EFTU	PF00009.27	194	DDH.contig54_1	706	4.6e-63
EFG_IV	PF03764.18	121	DDH.contig54_1	706	5.5e-40
EFG_II	PF14492.6	75	DDH.contig54_1	706	4.2e-33
EFG_C	PF00679.24	89	DDH.contig54_1	706	4.4e-28
GTP_EFTU_D2	PF03144.25	74	DDH.contig54_1	706	6.8e-16
RF3_C	PF16658.5	131	DDH.contig54_1	706	2.1e-08
Ribosomal_S7	PF00177.21	149	DDH.contig54_2	159	6.8e-57
Ribosom_S12_S23	PF00164.25	114	DDH.contig54_3	138	2.3e-43
