target	acc	tlen	query	qlen	evalue
polyprenyl_synt	PF00348.17	256	D4280.contig1_1	323	5.1e-74
SQS_PSY	PF00494.19	263	D4280.contig1_1	323	0.00028
PhnA	PF03831.14	69	D4280.contig1_2	114	8.1e-32
PhnA_Zn_Ribbon	PF08274.12	30	D4280.contig1_2	114	3.9e-17
TF_Zn_Ribbon	PF08271.12	43	D4280.contig1_2	114	0.00067
FKBP_C	PF00254.28	94	D4280.contig1_4	206	8.5e-28
FKBP_N	PF01346.18	97	D4280.contig1_4	206	4.3e-22
UPF0114	PF03350.16	118	D4280.contig1_5	163	7.8e-35
AAA_32	PF13654.6	514	D4280.contig1_8	813	5.1e-175
Lon_C	PF05362.13	205	D4280.contig1_8	813	4.4e-07
DUF3015	PF11220.8	142	D4280.contig1_9	163	1.7e-55
DUF4105	PF13387.6	170	D4280.contig1_10	618	1.4e-60
CM_2	PF01817.21	75	D4280.contig1_11	99	1.6e-17
LPAM_1	PF08139.12	18	D4280.contig1_12	119	0.008
GreA_GreB	PF01272.19	77	D4280.contig1_13	166	2.6e-23
DUF1631	PF07793.11	744	D4280.contig1_13	166	0.0069
DUF1917	PF08939.10	262	D4280.contig1_13	166	0.018
ELFV_dehydrog	PF00208.21	243	D4280.contig1_14	446	8.1e-87
ELFV_dehydrog_N	PF02812.18	130	D4280.contig1_14	446	1.6e-50
2-Hacid_dh_C	PF02826.19	178	D4280.contig1_14	446	0.012
ABC_tran	PF00005.27	137	D4280.contig1_15	564	2e-52
ABC_tran	PF00005.27	137	D4280.contig1_15	564	2e-52
ABC_tran_Xtn	PF12848.7	85	D4280.contig1_15	564	1.8e-13
AAA_21	PF13304.6	303	D4280.contig1_15	564	9e-13
Phage_integrase	PF00589.22	172	D4280.contig1_16	429	7.5e-12
Phage_integrase	PF00589.22	172	D4280.contig1_17	530	1.1e-06
UTRA	PF07702.13	141	D4280.contig1_20	251	9.9e-34
GntR	PF00392.21	64	D4280.contig1_20	251	7.7e-21
HTH_DeoR	PF08220.12	57	D4280.contig1_20	251	8e-05
MarR	PF01047.22	59	D4280.contig1_20	251	0.00066
HTH_Crp_2	PF13545.6	68	D4280.contig1_20	251	0.0009
HTH_24	PF13412.6	48	D4280.contig1_20	251	0.0012
Aminotran_1_2	PF00155.21	363	D4280.contig1_21	374	5.2e-49
Aminotran_5	PF00266.19	371	D4280.contig1_21	374	0.0014
FMN_dh	PF01070.18	348	D4280.contig1_22	402	3.5e-122
IMPDH	PF00478.25	345	D4280.contig1_22	402	1.9e-05
Glu_synthase	PF01645.17	368	D4280.contig1_22	402	0.00021
ThiG	PF05690.14	247	D4280.contig1_22	402	0.0007
Lyase_aromatic	PF00221.19	464	D4280.contig1_23	510	1e-179
NMT1	PF09084.11	216	D4280.contig1_24	328	3.4e-25
NMT1_2	PF13379.6	253	D4280.contig1_24	328	5e-22
OpuAC	PF04069.12	257	D4280.contig1_24	328	9.8e-09
SBP_bac_3	PF00497.20	225	D4280.contig1_24	328	4.6e-08
Phosphonate-bd	PF12974.7	243	D4280.contig1_24	328	5.9e-06
Lipoprotein_9	PF03180.14	236	D4280.contig1_24	328	1.3e-05
BPD_transp_1	PF00528.22	185	D4280.contig1_25	287	5.9e-21
ABC_tran	PF00005.27	137	D4280.contig1_26	255	1.8e-28
AAA	PF00004.29	132	D4280.contig1_26	255	0.00057
RsgA_GTPase	PF03193.16	167	D4280.contig1_26	255	0.0011
Histidinol_dh	PF00815.20	409	D4280.contig1_27	442	1.2e-137
TPR_4	PF07721.14	26	D4280.contig1_28	431	0.11
ADH_N	PF08240.12	109	D4280.contig1_29	336	6.3e-29
ADH_zinc_N	PF00107.26	130	D4280.contig1_29	336	1.3e-10
Glu_dehyd_C	PF16912.5	212	D4280.contig1_29	336	5.2e-09
adh_short_C2	PF13561.6	234	D4280.contig1_30	254	2.9e-65
adh_short	PF00106.25	195	D4280.contig1_30	254	8.1e-58
KR	PF08659.10	180	D4280.contig1_30	254	3.8e-11
THF_DHG_CYH_C	PF02882.19	160	D4280.contig1_30	254	6.8e-05
NAD_binding_10	PF13460.6	184	D4280.contig1_30	254	0.00039
NmrA	PF05368.13	233	D4280.contig1_30	254	0.0046
Epimerase	PF01370.21	241	D4280.contig1_30	254	0.006
rve	PF00665.26	119	D4280.contig1_31	513	7e-18
rve_2	PF13333.6	52	D4280.contig1_31	513	1.6e-14
HTH_21	PF13276.6	60	D4280.contig1_31	513	7.1e-14
HTH_Tnp_1	PF01527.20	75	D4280.contig1_31	513	1.4e-11
HTH_Tnp_1	PF01527.20	75	D4280.contig1_31	513	1.4e-11
HTH_28	PF13518.6	52	D4280.contig1_31	513	1.8e-11
rve_3	PF13683.6	67	D4280.contig1_31	513	2.9e-08
HTH_23	PF13384.6	50	D4280.contig1_31	513	1.4e-05
HTH_29	PF13551.6	63	D4280.contig1_31	513	0.00041
Cyt_bd_oxida_I	PF01654.17	418	D4280.contig1_32	257	2.5e-47
Cyt_bd_oxida_II	PF02322.15	303	D4280.contig1_33	336	1.2e-104
DUF2474	PF10617.9	39	D4280.contig1_34	56	5.5e-21
MTS	PF05175.14	169	D4280.contig1_35	394	6.5e-51
Methyltransf_31	PF13847.6	152	D4280.contig1_35	394	3.3e-09
PrmA	PF06325.13	296	D4280.contig1_35	394	7.7e-09
Methyltransf_25	PF13649.6	97	D4280.contig1_35	394	3.5e-07
Methyltransf_12	PF08242.12	99	D4280.contig1_35	394	3.9e-06
Cons_hypoth95	PF03602.15	182	D4280.contig1_35	394	2.8e-05
Methyltransf_18	PF12847.7	151	D4280.contig1_35	394	7.8e-05
Methyltransf_4	PF02390.17	173	D4280.contig1_35	394	0.0022
Methyltransf_11	PF08241.12	96	D4280.contig1_35	394	0.0028
Autoind_bind	PF03472.15	149	D4280.contig1_36	237	1.4e-28
GerE	PF00196.19	57	D4280.contig1_36	237	3.7e-18
Sigma70_r4_2	PF08281.12	54	D4280.contig1_36	237	4.5e-05
Sigma70_r4	PF04545.16	50	D4280.contig1_36	237	0.00092
HTH_38	PF13936.6	44	D4280.contig1_37	321	1.9e-19
rve	PF00665.26	119	D4280.contig1_37	321	2.6e-10
HTH_23	PF13384.6	50	D4280.contig1_37	321	0.0098
NAD_binding_1	PF00175.21	109	D4280.contig1_38	259	9.5e-14
FAD_binding_6	PF00970.24	99	D4280.contig1_38	259	1.6e-07
NAD_binding_6	PF08030.12	156	D4280.contig1_38	259	0.00032
MscL	PF01741.18	121	D4280.contig1_39	139	5.2e-43
ThuA	PF06283.11	210	D4280.contig2_1	115	5.3e-33
Nuc_H_symport	PF03825.16	400	D4280.contig2_2	420	4e-131
MFS_1_like	PF12832.7	385	D4280.contig2_2	420	1.6e-20
MFS_1	PF07690.16	353	D4280.contig2_2	420	1.7e-12
MFS_1	PF07690.16	353	D4280.contig2_2	420	1.7e-12
LacY_symp	PF01306.19	413	D4280.contig2_2	420	8.7e-08
DNase-RNase	PF02577.14	129	D4280.contig2_3	205	3.8e-43
UVR	PF02151.19	36	D4280.contig2_3	205	1.2e-06
ETF_alpha	PF00766.19	84	D4280.contig2_4	326	2.2e-32
ETF	PF01012.21	182	D4280.contig2_4	326	9.1e-30
ETF	PF01012.21	182	D4280.contig2_5	246	1.3e-34
TPR_6	PF13174.6	33	D4280.contig2_6	114	8.2e-08
TPR_16	PF13432.6	68	D4280.contig2_6	114	2.4e-07
TPR_7	PF13176.6	36	D4280.contig2_6	114	1.1e-06
TPR_12	PF13424.6	77	D4280.contig2_6	114	2.4e-06
BTAD	PF03704.17	146	D4280.contig2_6	114	4.5e-06
ANAPC3	PF12895.7	82	D4280.contig2_6	114	1.2e-05
TPR_14	PF13428.6	44	D4280.contig2_6	114	1.4e-05
TPR_19	PF14559.6	68	D4280.contig2_6	114	0.00012
TPR_15	PF13429.6	280	D4280.contig2_6	114	0.0015
Chromate_transp	PF02417.15	157	D4280.contig2_7	400	3.3e-66
Chromate_transp	PF02417.15	157	D4280.contig2_7	400	3.3e-66
DnaB_C	PF03796.15	255	D4280.contig2_8	522	1.8e-110
DnaB	PF00772.21	103	D4280.contig2_8	522	3.1e-32
AAA_25	PF13481.6	194	D4280.contig2_8	522	6.8e-11
ATPase	PF06745.13	231	D4280.contig2_8	522	0.00065
SpoU_methylase	PF00588.19	142	D4280.contig2_9	256	2e-39
SpoU_sub_bind	PF08032.12	76	D4280.contig2_9	256	1.1e-14
NTP_transferase	PF00483.23	248	D4280.contig2_10	362	5.5e-46
NTP_transf_3	PF12804.7	160	D4280.contig2_10	362	8e-06
MannoseP_isomer	PF01050.18	151	D4280.contig2_10	362	0.0012
IspD	PF01128.19	221	D4280.contig2_10	362	0.0033
DEAD	PF00270.29	176	D4280.contig2_11	732	5.6e-24
RQC	PF09382.10	114	D4280.contig2_11	732	2.2e-23
Helicase_C	PF00271.31	111	D4280.contig2_11	732	7.4e-19
HRDC	PF00570.23	68	D4280.contig2_11	732	7e-18
RecQ_Zn_bind	PF16124.5	66	D4280.contig2_11	732	2.2e-14
ResIII	PF04851.15	171	D4280.contig2_11	732	3.7e-05
PD40	PF07676.12	38	D4280.contig2_12	634	5.8e-25
PD40	PF07676.12	38	D4280.contig2_12	634	5.8e-25
PD40	PF07676.12	38	D4280.contig2_12	634	5.8e-25
OmpA	PF00691.20	95	D4280.contig2_12	634	2.7e-23
TPR_11	PF13414.6	42	D4280.contig2_12	634	1.2e-08
Fer4_14	PF13394.6	118	D4280.contig2_13	253	8.3e-15
Radical_SAM	PF04055.21	167	D4280.contig2_13	253	1e-09
Fer4_12	PF13353.6	139	D4280.contig2_13	253	2.3e-08
Rieske	PF00355.26	89	D4280.contig2_15	111	3.5e-13
Rieske_2	PF13806.6	104	D4280.contig2_15	111	7.1e-10
Na_H_Exchanger	PF00999.21	381	D4280.contig2_16	535	8.7e-63
THF_DHG_CYH_C	PF02882.19	160	D4280.contig2_17	294	1.6e-63
THF_DHG_CYH	PF00763.23	116	D4280.contig2_17	294	2.2e-38
Laminin_G_3	PF13385.6	152	D4280.contig2_18	260	0.05
GTP_EFTU	PF00009.27	194	D4280.contig2_19	596	9e-55
LepA_C	PF06421.12	107	D4280.contig2_19	596	1.9e-49
EFG_C	PF00679.24	89	D4280.contig2_19	596	1.5e-20
GTP_EFTU_D2	PF03144.25	74	D4280.contig2_19	596	3.1e-10
EFG_II	PF14492.6	75	D4280.contig2_19	596	1e-05
RF3_C	PF16658.5	131	D4280.contig2_19	596	4.6e-05
MMR_HSR1	PF01926.23	114	D4280.contig2_19	596	0.00028
Ras	PF00071.22	162	D4280.contig2_19	596	0.0029
Lipocalin_5	PF13924.6	142	D4280.contig2_21	154	2.1e-05
Lipocalin_4	PF13648.6	89	D4280.contig2_21	154	0.0093
Sigma54_activat	PF00158.26	168	D4280.contig2_22	460	1.3e-66
Sigma54_activ_2	PF14532.6	138	D4280.contig2_22	460	8.3e-29
Response_reg	PF00072.24	112	D4280.contig2_22	460	1.5e-28
AAA_5	PF07728.14	138	D4280.contig2_22	460	3.8e-07
AAA	PF00004.29	132	D4280.contig2_22	460	6.3e-07
HTH_8	PF02954.19	42	D4280.contig2_22	460	7.7e-06
AAA_3	PF07726.11	131	D4280.contig2_22	460	0.00016
Mg_chelatase	PF01078.21	207	D4280.contig2_22	460	0.0002
FleQ	PF06490.11	109	D4280.contig2_22	460	0.0035
DUF3574	PF12098.8	103	D4280.contig2_23	133	8e-29
Cytochrome_CBB3	PF13442.6	67	D4280.contig2_24	141	2.1e-07
Cytochrom_C	PF00034.21	92	D4280.contig2_24	141	1.7e-05
SCO1-SenC	PF02630.14	134	D4280.contig2_25	218	5.1e-32
AhpC-TSA	PF00578.21	124	D4280.contig2_25	218	0.00027
Thioredoxin_8	PF13905.6	95	D4280.contig2_25	218	0.034
DinB	PF05163.12	169	D4280.contig2_27	165	3.5e-12
DinB_2	PF12867.7	128	D4280.contig2_27	165	1e-06
Glyco_hydro_1	PF00232.18	453	D4280.contig2_28	455	1.5e-140
Cellulase	PF00150.18	281	D4280.contig2_28	455	6.5e-06
Acyl-CoA_dh_N	PF02771.16	113	D4280.contig2_29	413	1.8e-36
Acyl-CoA_dh_1	PF00441.24	150	D4280.contig2_29	413	3.6e-34
Acyl-CoA_dh_M	PF02770.19	97	D4280.contig2_29	413	3.2e-22
Acyl-CoA_dh_2	PF08028.11	134	D4280.contig2_29	413	3.3e-11
FolB	PF02152.18	111	D4280.contig2_30	120	2.1e-22
FAD-oxidase_C	PF02913.19	250	D4280.contig2_31	466	1.6e-60
FAD_binding_4	PF01565.23	139	D4280.contig2_31	466	5.7e-43
4HBT_2	PF13279.6	123	D4280.contig2_33	149	3.7e-16
4HBT	PF03061.22	79	D4280.contig2_33	149	3.3e-11
Acyl-ACP_TE	PF01643.17	248	D4280.contig2_33	149	2e-07
HSP20	PF00011.21	102	D4280.contig2_34	147	1.9e-25
ArsA_HSP20	PF17886.1	63	D4280.contig2_34	147	1.9e-08
Radical_SAM	PF04055.21	167	D4280.contig2_35	419	2.3e-06
HHH_3	PF12836.7	65	D4280.contig2_35	419	5.5e-06
DUF4130	PF13566.6	146	D4280.contig2_36	253	5.5e-52
SUI1	PF01253.22	77	D4280.contig3_3	107	1.2e-17
M3	PF09213.10	376	D4280.contig3_3	107	0.028
RhoGEF	PF00621.20	182	D4280.contig3_5	616	8.5e-35
PH	PF00169.29	105	D4280.contig3_5	616	1.6e-20
PH_11	PF15413.6	105	D4280.contig3_5	616	1.4e-06
PH_8	PF15409.6	89	D4280.contig3_5	616	0.00022
2-oxoacid_dh	PF00198.23	233	D4280.contig3_7	374	6.2e-68
E3_binding	PF02817.17	36	D4280.contig3_7	374	1.5e-08
Pyridoxal_deC	PF00282.19	375	D4280.contig3_9	471	1.1e-18
Aminotran_5	PF00266.19	371	D4280.contig3_9	471	7.5e-12
DegT_DnrJ_EryC1	PF01041.17	361	D4280.contig3_9	471	0.005
Beta_elim_lyase	PF01212.21	293	D4280.contig3_9	471	0.016
Pro_isomerase	PF00160.21	158	D4280.contig3_10	92	1.3e-10
AATase	PF07247.12	500	D4280.contig3_13	491	0.017
MTBP_N	PF14918.6	254	D4280.contig3_14	48	0.0063
PseudoU_synth_2	PF00849.22	160	D4280.contig3_15	367	7.7e-14
RRM_1	PF00076.22	70	D4280.contig3_19	416	7.4e-35
RRM_1	PF00076.22	70	D4280.contig3_19	416	7.4e-35
RRM_7	PF16367.5	95	D4280.contig3_19	416	3.7e-07
RRM_occluded	PF16842.5	79	D4280.contig3_19	416	4.1e-05
Cullin	PF00888.22	618	D4280.contig3_20	642	1.1e-146
Cullin_Nedd8	PF10557.9	63	D4280.contig3_20	642	7.1e-22
Phage_int_SAM_5	PF13102.6	99	D4280.contig4_1	355	0.0068
Phage_int_SAM_4	PF13495.6	85	D4280.contig4_1	355	0.009
Phage_integrase	PF00589.22	172	D4280.contig4_2	386	6e-12
Phage_int_SAM_1	PF02899.17	84	D4280.contig4_2	386	9.6e-07
IMS	PF00817.20	150	D4280.contig4_3	53	1.1e-05
Peptidase_S24	PF00717.23	70	D4280.contig4_4	145	2.5e-15
DUF1525	PF07511.11	114	D4280.contig4_5	144	5.8e-39
TraU	PF06834.11	307	D4280.contig4_6	314	2.4e-66
DmsC	PF04976.12	276	D4280.contig4_8	123	0.0018
CbtA	PF09490.10	243	D4280.contig4_8	123	0.0027
TraG_N	PF07916.11	467	D4280.contig4_9	504	2.9e-87
TraI_2	PF07514.11	327	D4280.contig4_11	628	1.7e-123
TraI_2_C	PF07515.11	121	D4280.contig4_11	628	2.2e-42
Phage_integrase	PF00589.22	172	D4280.contig4_12	426	5.1e-25
Phage_int_SAM_1	PF02899.17	84	D4280.contig4_12	426	5.6e-06
Phage_int_SAM_4	PF13495.6	85	D4280.contig4_12	426	0.00093
Phage_int_SAM_5	PF13102.6	99	D4280.contig4_12	426	0.0018
AAA_31	PF13614.6	177	D4280.contig4_14	287	1.8e-23
CbiA	PF01656.23	128	D4280.contig4_14	287	2.9e-16
ArsA_ATPase	PF02374.15	305	D4280.contig4_14	287	5.2e-09
ParA	PF10609.9	246	D4280.contig4_14	287	1.1e-07
MipZ	PF09140.11	262	D4280.contig4_14	287	1.4e-07
CBP_BcsQ	PF06564.12	234	D4280.contig4_14	287	9e-07
FliG_N	PF14842.6	104	D4280.contig4_15	253	0.053
DUF2786	PF10979.8	40	D4280.contig4_16	233	2.1e-12
HNH_3	PF13392.6	46	D4280.contig4_17	240	4.3e-14
DnaB_C	PF03796.15	255	D4280.contig4_19	450	9.5e-96
DnaB	PF00772.21	103	D4280.contig4_19	450	5.7e-29
AAA_25	PF13481.6	194	D4280.contig4_19	450	1.8e-12
ATPase	PF06745.13	231	D4280.contig4_19	450	0.0034
HicA_toxin	PF07927.12	58	D4280.contig4_22	80	0.00073
NA37	PF04245.13	309	D4280.contig4_23	334	1.9e-88
Arc	PF03869.14	50	D4280.contig4_24	79	2.1e-15
HicB	PF05534.12	51	D4280.contig4_24	79	0.00044
MLTR_LBD	PF17765.1	168	D4280.contig4_24	79	0.0077
ParBc	PF02195.18	90	D4280.contig4_25	589	0.0006
Arg_repressor	PF01316.21	70	D4280.contig4_25	589	0.0016
DUF2857	PF11198.8	175	D4280.contig4_26	236	2e-51
FAD_binding_5	PF00941.21	171	D4280.contig4_28	114	0.017
CobW_C	PF07683.14	94	D4280.contig5_1	141	0.03
DUF5324	PF17258.2	220	D4280.contig5_3	256	0.0002
PorB	PF11565.8	99	D4280.contig5_9	601	0.061
DUF2442	PF10387.9	79	D4280.contig5_10	84	1.8e-12
Fic	PF02661.18	97	D4280.contig5_12	532	1.9e-11
DUF2778	PF10908.8	119	D4280.contig5_14	353	5.2e-22
SH3_16	PF18348.1	48	D4280.contig5_17	82	0.039
SAD_SRA	PF02182.17	157	D4280.contig5_17	82	0.071
Metallophos	PF00149.28	204	D4280.contig5_19	318	7.3e-11
DUF3027	PF11228.8	193	D4280.contig5_23	184	0.064
LTXXQ	PF07813.12	104	D4280.contig5_26	104	0.016
Topoisom_bac	PF01131.20	413	D4280.contig6_1	561	1.8e-98
Toprim	PF01751.22	103	D4280.contig6_1	561	8.8e-11
zf-C4_Topoisom	PF01396.19	39	D4280.contig6_1	561	0.00025
Zn_ribbon_recom	PF13408.6	58	D4280.contig6_1	561	0.00036
PcfJ	PF14284.6	144	D4280.contig6_2	627	8.5e-05
SNF2_N	PF00176.23	350	D4280.contig6_3	652	3.5e-21
Helicase_C	PF00271.31	111	D4280.contig6_3	652	2.8e-13
ResIII	PF04851.15	171	D4280.contig6_3	652	0.0011
TcpQ	PF10671.9	80	D4280.contig6_4	381	1.6e-20
Secretin	PF00263.21	170	D4280.contig6_5	604	4.4e-16
Secretin_N_2	PF07655.13	95	D4280.contig6_5	604	5.3e-12
PAP_PilO	PF06864.12	410	D4280.contig6_6	444	3e-109
T2SSE	PF00437.20	273	D4280.contig6_8	520	9.2e-39
T2SSF	PF00482.23	125	D4280.contig6_9	381	1.5e-31
T2SSF	PF00482.23	125	D4280.contig6_9	381	1.5e-31
PilS	PF08805.11	138	D4280.contig6_10	172	2.3e-29
META	PF03724.16	109	D4280.contig6_10	172	0.013
T2SSE	PF00437.20	273	D4280.contig6_11	314	1e-19
AAA_22	PF13401.6	137	D4280.contig6_11	314	0.012
Shufflon_N	PF04917.12	324	D4280.contig6_12	439	3.5e-61
FapA	PF03961.13	454	D4280.contig6_12	439	0.009
PilM	PF07419.12	135	D4280.contig6_13	147	6.4e-31
Replicase	PF03090.17	131	D4280.contig6_14	102	0.053
DUF5309	PF17236.2	280	D4280.contig7_2	316	5.2e-76
CobS_N	PF12556.8	34	D4280.contig7_2	316	0.0068
Glucosaminidase	PF01832.20	87	D4280.contig7_11	1053	1.7e-09
STI1	PF17830.1	55	D4280.contig7_11	1053	0.0068
CNP_C_terminal	PF17839.1	108	D4280.contig7_12	343	0.0034
YadA_stalk	PF05662.14	43	D4280.contig7_13	272	0.0022
YadA_stalk	PF05662.14	43	D4280.contig7_14	269	5e-06
Hydrolase_4	PF12146.8	239	D4280.contig8_1	314	1.2e-29
Abhydrolase_1	PF00561.20	257	D4280.contig8_1	314	6.4e-10
Abhydrolase_6	PF12697.7	220	D4280.contig8_1	314	1.4e-09
EamA	PF00892.20	137	D4280.contig8_3	119	2.1e-10
TMEM234	PF10639.9	116	D4280.contig8_3	119	1.6e-05
Multi_Drug_Res	PF00893.19	93	D4280.contig8_3	119	0.00027
Mg_trans_NIPA	PF05653.14	295	D4280.contig8_3	119	0.0034
EamA	PF00892.20	137	D4280.contig8_4	138	1e-07
TPT	PF03151.16	290	D4280.contig8_4	138	0.011
DegT_DnrJ_EryC1	PF01041.17	361	D4280.contig8_5	409	1.5e-42
DegT_DnrJ_EryC1	PF01041.17	361	D4280.contig8_5	409	1.5e-42
Arginase	PF00491.21	280	D4280.contig8_6	292	1.6e-05
FemAB_like	PF04339.12	370	D4280.contig8_7	362	4.7e-16
Acetyltransf_6	PF13480.7	142	D4280.contig8_7	362	3.6e-09
Penicil_amidase	PF01804.18	674	D4280.contig8_8	788	3.6e-196
Cupin_6	PF12852.7	184	D4280.contig8_9	301	1.9e-32
HTH_18	PF12833.7	81	D4280.contig8_9	301	4.9e-21
HTH_AraC	PF00165.23	42	D4280.contig8_9	301	2.8e-16
HTH_AraC	PF00165.23	42	D4280.contig8_9	301	2.8e-16
AraC_binding	PF02311.19	136	D4280.contig8_9	301	3e-11
Cupin_2	PF07883.11	71	D4280.contig8_9	301	0.00011
Cupin_3	PF05899.12	74	D4280.contig8_9	301	0.0015
TilS	PF09179.11	67	D4280.contig8_9	301	0.015
CMD	PF02627.20	85	D4280.contig8_10	118	1.1e-19
DJ-1_PfpI	PF01965.24	165	D4280.contig8_11	322	3.8e-27
HTH_18	PF12833.7	81	D4280.contig8_11	322	3.2e-21
HTH_AraC	PF00165.23	42	D4280.contig8_11	322	2.9e-17
HTH_AraC	PF00165.23	42	D4280.contig8_11	322	2.9e-17
HD	PF01966.22	122	D4280.contig8_12	214	4.3e-08
BPD_transp_1	PF00528.22	185	D4280.contig8_13	296	1.6e-15
BPD_transp_1	PF00528.22	185	D4280.contig8_14	307	5.4e-16
ABC_tran	PF00005.27	137	D4280.contig8_15	381	4.1e-38
TOBE_2	PF08402.10	76	D4280.contig8_15	381	8.8e-18
AAA_29	PF13555.6	61	D4280.contig8_15	381	0.0005
RsgA_GTPase	PF03193.16	167	D4280.contig8_15	381	0.002
SBP_bac_8	PF13416.6	282	D4280.contig8_16	365	1.4e-33
SBP_bac_6	PF13343.6	245	D4280.contig8_16	365	2.9e-23
SBP_bac_1	PF01547.25	315	D4280.contig8_16	365	1.5e-13
SBP_bac_11	PF13531.6	230	D4280.contig8_16	365	4e-08
Lipoprotein_8	PF02030.15	493	D4280.contig8_16	365	0.00086
SBP_bac_8	PF13416.6	282	D4280.contig8_17	370	2.9e-35
SBP_bac_6	PF13343.6	245	D4280.contig8_17	370	2.3e-22
SBP_bac_1	PF01547.25	315	D4280.contig8_17	370	9.3e-22
SBP_bac_11	PF13531.6	230	D4280.contig8_17	370	4.6e-10
Lipoprotein_8	PF02030.15	493	D4280.contig8_17	370	4.5e-05
Aminotran_3	PF00202.21	406	D4280.contig8_18	57	0.001
Alpha_TIF	PF02232.15	343	D4280.contig9_1	114	0.081
CtIP_N	PF10482.9	120	D4280.contig9_2	141	0.00066
BAR_3	PF16746.5	238	D4280.contig9_2	141	0.0058
Amidase_2	PF01510.25	126	D4280.contig9_4	172	1.2e-13
Phage_holin_4_1	PF05105.12	114	D4280.contig9_5	162	0.023
Metallophos	PF00149.28	204	D4280.contig9_6	885	9.8e-08
ING	PF12998.7	101	D4280.contig9_10	292	0.007
DUF5520	PF17658.1	343	D4280.contig9_12	159	0.0037
HNH_3	PF13392.6	46	D4280.contig9_14	187	4.5e-14
NUMOD4	PF07463.11	49	D4280.contig9_14	187	1.3e-07
IATP	PF04568.12	98	D4280.contig9_16	169	0.1
DUF2207	PF09972.9	492	D4280.contig10_1	57	0.12
Acetyltransf_5	PF13444.6	101	D4280.contig10_2	269	3.2e-34
Autoind_synth	PF00765.17	183	D4280.contig10_2	269	0.00031
His_Phos_1	PF00300.22	194	D4280.contig10_3	154	1.4e-09
Abi_C	PF14355.6	83	D4280.contig10_4	276	1.2e-12
Resolvase	PF00239.21	146	D4280.contig10_9	175	1.8e-26
Zein-binding	PF04576.15	92	D4280.contig10_9	175	0.042
Lysis_col	PF02402.16	49	D4280.contig10_11	43	0.021
DUF932	PF06067.11	228	D4280.contig10_13	323	4.6e-78
YqaJ	PF09588.10	148	D4280.contig10_15	332	3.6e-37
DUF4942	PF13708.6	199	D4280.contig10_19	269	9.8e-63
Peptidase_C70	PF12385.8	145	D4280.contig10_21	215	0.0029
Syja_N	PF02383.18	320	D4280.contig10_22	375	0.078
HTH_3	PF01381.22	55	D4280.contig10_23	110	1.3e-11
HTH_19	PF12844.7	65	D4280.contig10_23	110	7.7e-10
HTH_31	PF13560.6	64	D4280.contig10_23	110	6.2e-09
HTH_26	PF13443.6	63	D4280.contig10_23	110	0.00058
Acyl_transf_3	PF01757.22	340	D4280.contig10_24	70	5e-07
Sigma54_activat	PF00158.26	168	D4280.contig11_1	347	4.6e-66
Sigma54_activ_2	PF14532.6	138	D4280.contig11_1	347	1.8e-21
HTH_8	PF02954.19	42	D4280.contig11_1	347	3.6e-09
Mg_chelatase	PF01078.21	207	D4280.contig11_1	347	1.5e-06
AAA_5	PF07728.14	138	D4280.contig11_1	347	1.7e-05
HTH_30	PF13556.6	59	D4280.contig11_1	347	0.00028
SBF	PF01758.16	195	D4280.contig11_2	357	1e-36
SBF_like	PF13593.6	313	D4280.contig11_2	357	5.9e-07
LMWPc	PF01451.21	142	D4280.contig11_3	165	2.7e-13
LMWPc	PF01451.21	142	D4280.contig11_4	165	1.1e-16
Glyoxalase	PF00903.25	128	D4280.contig11_5	161	2.8e-05
HTH_20	PF12840.7	61	D4280.contig11_6	114	9.4e-13
MarR_2	PF12802.7	62	D4280.contig11_6	114	7.2e-05
HTH_5	PF01022.20	47	D4280.contig11_6	114	9.5e-05
HTH_24	PF13412.6	48	D4280.contig11_6	114	0.0001
PBP_like_2	PF12849.7	282	D4280.contig11_7	340	8e-62
PBP_like	PF12727.7	193	D4280.contig11_7	340	5.3e-07
BPD_transp_1	PF00528.22	185	D4280.contig11_8	344	3.5e-19
BPD_transp_1	PF00528.22	185	D4280.contig11_9	286	1.5e-23
ABC_tran	PF00005.27	137	D4280.contig11_10	258	1.4e-32
AAA_21	PF13304.6	303	D4280.contig11_10	258	1.7e-13
AAA_21	PF13304.6	303	D4280.contig11_10	258	1.7e-13
SMC_N	PF02463.19	220	D4280.contig11_10	258	1.7e-08
AAA_22	PF13401.6	137	D4280.contig11_10	258	9.8e-06
AAA_15	PF13175.6	369	D4280.contig11_10	258	5.3e-05
AAA_23	PF13476.6	200	D4280.contig11_10	258	0.00026
AAA_16	PF13191.6	170	D4280.contig11_10	258	0.0003
RsgA_GTPase	PF03193.16	167	D4280.contig11_10	258	0.00044
AAA_29	PF13555.6	61	D4280.contig11_10	258	0.00074
Rad17	PF03215.15	186	D4280.contig11_10	258	0.0017
PhoU	PF01895.19	89	D4280.contig11_11	238	2.5e-35
PhoU	PF01895.19	89	D4280.contig11_11	238	2.5e-35
NTP_transf_7	PF07984.12	321	D4280.contig11_11	238	0.03
Response_reg	PF00072.24	112	D4280.contig11_12	243	2.1e-27
Trans_reg_C	PF00486.28	77	D4280.contig11_12	243	4.9e-24
NolV	PF06635.12	207	D4280.contig11_12	243	0.01
HTH_20	PF12840.7	61	D4280.contig11_13	151	1.3e-16
HTH_5	PF01022.20	47	D4280.contig11_13	151	6.2e-07
MarR_2	PF12802.7	62	D4280.contig11_13	151	0.0014
HTH_IclR	PF09339.10	52	D4280.contig11_13	151	0.003
Penicillinase_R	PF03965.16	115	D4280.contig11_13	151	0.0087
HTH_20	PF12840.7	61	D4280.contig11_15	110	3.4e-15
HTH_5	PF01022.20	47	D4280.contig11_15	110	1.8e-06
HTH_IclR	PF09339.10	52	D4280.contig11_15	110	1.7e-05
MarR_2	PF12802.7	62	D4280.contig11_15	110	0.00035
HTH_24	PF13412.6	48	D4280.contig11_15	110	0.00038
MarR	PF01047.22	59	D4280.contig11_15	110	0.0045
TrmB	PF01978.19	68	D4280.contig11_15	110	0.0075
FMN_red	PF03358.15	155	D4280.contig11_16	254	1.8e-27
MFS_1	PF07690.16	353	D4280.contig11_18	412	5.2e-24
Acetyltransf_1	PF00583.25	117	D4280.contig11_19	143	3.7e-08
Acetyltransf_10	PF13673.7	127	D4280.contig11_19	143	5.4e-07
Acetyltransf_7	PF13508.7	76	D4280.contig11_19	143	2e-05
PanZ	PF12568.8	128	D4280.contig11_19	143	0.00062
FR47	PF08445.10	86	D4280.contig11_19	143	0.011
KMP11	PF03037.16	90	D4280.contig11_20	115	0.011
Phage_GPD	PF05954.11	304	D4280.contig11_23	450	1.3e-64
TANGO2	PF05742.12	253	D4280.contig12_1	106	1.3e-10
PEP-utilizers_C	PF02896.18	294	D4280.contig12_2	760	1.2e-100
PEP-utilisers_N	PF05524.13	116	D4280.contig12_2	760	7.4e-26
PEP-utilizers	PF00391.23	73	D4280.contig12_2	760	4e-15
GAF	PF01590.26	133	D4280.contig12_2	760	7.6e-15
GAF_2	PF13185.6	138	D4280.contig12_2	760	1.4e-14
GAF_3	PF13492.6	129	D4280.contig12_2	760	8.8e-14
HpcH_HpaI	PF03328.14	221	D4280.contig12_2	760	0.0084
NUDIX	PF00293.28	131	D4280.contig12_3	160	1.4e-26
NUDIX_2	PF13869.6	188	D4280.contig12_3	160	0.024
NUDIX_4	PF14815.6	110	D4280.contig12_3	160	0.033
HAD	PF12710.7	188	D4280.contig12_4	219	4.4e-44
Hydrolase	PF00702.26	210	D4280.contig12_4	219	3.7e-06
Hydrolase_3	PF08282.12	255	D4280.contig12_4	219	1e-05
DUF2269	PF10027.9	150	D4280.contig12_5	138	5.7e-25
PALP	PF00291.25	294	D4280.contig12_6	505	4.1e-86
Thr_dehydrat_C	PF00585.18	91	D4280.contig12_6	505	1.8e-49
Thr_dehydrat_C	PF00585.18	91	D4280.contig12_6	505	1.8e-49
DUF3335	PF11814.8	206	D4280.contig12_6	505	0.022
Rib_5-P_isom_A	PF06026.14	173	D4280.contig12_7	224	6e-58
Sugar-bind	PF04198.13	255	D4280.contig12_7	224	0.0071
SdiA-regulated	PF06977.11	249	D4280.contig12_8	305	1.3e-101
Phytase-like	PF13449.6	286	D4280.contig12_8	305	1.4e-13
Phytase-like	PF13449.6	286	D4280.contig12_8	305	1.4e-13
SdiA-regulated	PF06977.11	249	D4280.contig12_9	310	1.3e-96
Phytase-like	PF13449.6	286	D4280.contig12_9	310	1.8e-08
FAA_hydrolase	PF01557.18	218	D4280.contig12_10	222	1.5e-48
FAD-oxidase_C	PF02913.19	250	D4280.contig12_11	473	1.8e-63
FAD_binding_4	PF01565.23	139	D4280.contig12_11	473	1.5e-38
2-Hacid_dh_C	PF02826.19	178	D4280.contig12_12	410	5.3e-49
2-Hacid_dh	PF00389.30	134	D4280.contig12_12	410	1.3e-37
NAD_binding_2	PF03446.15	158	D4280.contig12_12	410	0.002
IlvN	PF07991.12	165	D4280.contig12_12	410	0.0037
DUF4399	PF14347.6	91	D4280.contig12_13	147	8.5e-35
BiPBP_C	PF06832.12	89	D4280.contig12_13	147	0.0024
SBP_bac_3	PF00497.20	225	D4280.contig12_14	260	1.1e-53
Lig_chan-Glu_bd	PF10613.9	115	D4280.contig12_14	260	0.0048
DUF523	PF04463.12	137	D4280.contig12_15	166	1.3e-41
2OG-FeII_Oxy_3	PF13640.6	96	D4280.contig12_16	214	7e-20
2OG-FeII_Oxy_4	PF13661.6	93	D4280.contig12_16	214	5.5e-16
DUF2059	PF09832.9	60	D4280.contig12_17	251	5.1e-13
DUF2059	PF09832.9	60	D4280.contig12_17	251	5.1e-13
Plug	PF07715.15	108	D4280.contig13_1	83	0.07
DUF2946	PF11162.8	115	D4280.contig13_2	144	1.7e-14
DUF3995	PF13160.6	125	D4280.contig13_3	146	3.4e-30
Tox-HNH-EHHH	PF15657.6	72	D4280.contig13_5	83	3.6e-24
RHS_repeat	PF05593.14	38	D4280.contig13_7	1594	2.4e-58
RHS_repeat	PF05593.14	38	D4280.contig13_7	1594	2.4e-58
RHS_repeat	PF05593.14	38	D4280.contig13_7	1594	2.4e-58
RHS_repeat	PF05593.14	38	D4280.contig13_7	1594	2.4e-58
RHS_repeat	PF05593.14	38	D4280.contig13_7	1594	2.4e-58
RHS_repeat	PF05593.14	38	D4280.contig13_7	1594	2.4e-58
RHS_repeat	PF05593.14	38	D4280.contig13_7	1594	2.4e-58
RHS_repeat	PF05593.14	38	D4280.contig13_7	1594	2.4e-58
RHS_repeat	PF05593.14	38	D4280.contig13_7	1594	2.4e-58
RHS	PF03527.14	38	D4280.contig13_7	1594	2e-15
Amidase	PF01425.21	451	D4280.contig13_8	477	2.2e-100
DeoRC	PF00455.22	160	D4280.contig13_9	292	7.4e-43
HTH_DeoR	PF08220.12	57	D4280.contig13_9	292	8.2e-17
HTH_11	PF08279.12	55	D4280.contig13_9	292	4.3e-08
Peptidase_M20	PF01546.28	207	D4280.contig13_10	427	8.1e-24
Peptidase_M28	PF04389.17	198	D4280.contig13_10	427	3.9e-05
M20_dimer	PF07687.14	109	D4280.contig13_10	427	0.0071
APH	PF01636.23	240	D4280.contig13_11	319	6.3e-12
Choline_kinase	PF01633.20	213	D4280.contig13_11	319	4.3e-05
Choline_kinase	PF01633.20	213	D4280.contig13_12	312	3.1e-14
APH	PF01636.23	240	D4280.contig13_12	312	1.9e-08
SSF	PF00474.17	406	D4280.contig13_14	427	4.2e-13
Phage_pRha	PF09669.10	88	D4280.contig14_1	255	2.1e-19
ANT	PF03374.14	108	D4280.contig14_1	255	3.9e-18
Replic_Relax	PF13814.6	192	D4280.contig14_1	255	0.0022
Phage_min_cap2	PF06152.11	367	D4280.contig14_2	84	0.00083
HicB	PF05534.12	51	D4280.contig14_2	84	0.0026
RHH_1	PF01402.21	39	D4280.contig14_2	84	0.0037
RHH_4	PF13467.6	65	D4280.contig14_2	84	0.01
DUF4160	PF13711.6	66	D4280.contig14_3	84	6.4e-15
DUF2442	PF10387.9	79	D4280.contig14_4	80	1.2e-16
zf-TRM13_CCCH	PF11722.8	29	D4280.contig14_5	162	0.004
PhageMin_Tail	PF10145.9	198	D4280.contig14_7	1281	6e-30
SHOCT	PF09851.9	28	D4280.contig14_7	1281	0.0024
DUF3672	PF12421.8	133	D4280.contig14_11	813	0.0039
Adap_comp_sub	PF00928.21	264	D4280.contig15_2	422	1.7e-61
Clat_adaptor_s	PF01217.20	142	D4280.contig15_2	422	0.00072
MMR_HSR1	PF01926.23	114	D4280.contig15_5	572	1.1e-12
FeoB_N	PF02421.18	156	D4280.contig15_5	572	8.2e-06
RsgA_GTPase	PF03193.16	167	D4280.contig15_5	572	4.6e-05
DUF846	PF05832.12	139	D4280.contig15_6	228	9.1e-46
DUF4630	PF15443.6	156	D4280.contig15_7	124	0.055
DCP2	PF05026.13	83	D4280.contig15_8	270	0.00073
NUDIX	PF00293.28	131	D4280.contig15_8	270	0.00095
Pterin_bind	PF00809.22	244	D4280.contig16_3	606	2.5e-57
HPPK	PF01288.20	112	D4280.contig16_3	606	2.3e-34
FolB	PF02152.18	111	D4280.contig16_3	606	0.0082
Aa_trans	PF01490.18	409	D4280.contig16_4	481	5.1e-15
Peptidase_M56	PF05569.11	299	D4280.contig16_4	481	0.003
Tropomyosin	PF00261.20	237	D4280.contig16_8	486	5.2e-05
Fez1	PF06818.15	198	D4280.contig16_8	486	0.0013
RRM_1	PF00076.22	70	D4280.contig16_8	486	0.0041
PilX_N	PF14341.6	51	D4280.contig17_1	156	4.2e-11
PilX	PF13681.6	88	D4280.contig17_1	156	0.00065
N_methyl	PF07963.12	27	D4280.contig17_2	236	9.1e-05
PilW	PF16074.5	127	D4280.contig17_2	236	0.019
N_methyl	PF07963.12	27	D4280.contig17_3	161	3.4e-07
GspH	PF12019.8	109	D4280.contig17_4	194	1.8e-21
N_methyl	PF07963.12	27	D4280.contig17_4	194	1.1e-05
LYTB	PF02401.18	264	D4280.contig17_5	316	1.5e-92
FKBP_C	PF00254.28	94	D4280.contig17_6	151	2.9e-20
Peptidase_A8	PF01252.18	141	D4280.contig17_7	170	3.3e-39
ECF_trnsprt	PF12822.7	172	D4280.contig17_7	170	0.011
tRNA-synt_1	PF00133.22	602	D4280.contig17_8	944	2.8e-200
Anticodon_1	PF08264.13	152	D4280.contig17_8	944	7e-27
tRNA-synt_1g	PF09334.11	391	D4280.contig17_8	944	1.2e-18
tRNA-synt_1g	PF09334.11	391	D4280.contig17_8	944	1.2e-18
tRNA-synt_1e	PF01406.19	301	D4280.contig17_8	944	2.9e-07
tRNA-synt_1_2	PF13603.6	185	D4280.contig17_8	944	7.7e-07
zf-FPG_IleRS	PF06827.14	30	D4280.contig17_8	944	5.4e-06
tRNA-synt_1f	PF01921.18	360	D4280.contig17_8	944	0.00028
FAD_syn	PF06574.12	158	D4280.contig17_9	313	3.1e-55
Flavokinase	PF01687.17	111	D4280.contig17_9	313	3.1e-36
CTP_transf_like	PF01467.26	143	D4280.contig17_9	313	0.019
MurJ	PF03023.14	452	D4280.contig17_10	513	1e-151
Polysacc_synt_C	PF14667.6	143	D4280.contig17_10	513	5.1e-11
MatE	PF01554.18	161	D4280.contig17_10	513	1.7
Ribosomal_S20p	PF01649.18	82	D4280.contig17_11	93	7.8e-28
SPK	PF04435.18	104	D4280.contig17_11	93	0.0084
CreA	PF05981.12	131	D4280.contig17_12	155	1.7e-57
AA_kinase	PF00696.28	241	D4280.contig17_13	373	1.3e-44
PUA	PF01472.20	74	D4280.contig17_13	373	9.1e-22
MMR_HSR1	PF01926.23	114	D4280.contig17_14	251	1.5e-22
FeoB_N	PF02421.18	156	D4280.contig17_14	251	3.3e-09
Terminase_2	PF03592.16	140	D4280.contig18_3	183	2.6e-25
RNA_pol_Rpb4	PF03874.16	123	D4280.contig18_3	183	0.00021
DUF16	PF01519.16	104	D4280.contig18_3	183	0.017
Phage_int_SAM_5	PF13102.6	99	D4280.contig18_4	402	2.7e-15
Arm-DNA-bind_5	PF17293.2	86	D4280.contig18_4	402	4.6e-06
Phage_int_SAM_4	PF13495.6	85	D4280.contig18_4	402	0.00011
Phage_integrase	PF00589.22	172	D4280.contig18_4	402	0.0003
HMMR_C	PF15908.5	157	D4280.contig18_7	60	0.063
HTH_Crp_2	PF13545.6	68	D4280.contig18_9	304	0.0023
HTH_IclR	PF09339.10	52	D4280.contig18_9	304	0.0034
CODH_A_N	PF18537.1	83	D4280.contig18_10	105	0.054
Proton_antipo_C	PF01010.19	243	D4280.contig18_11	196	0.063
HTH_17	PF12728.7	51	D4280.contig18_14	71	3.3e-06
DUF1233	PF06806.12	70	D4280.contig18_14	71	0.0056
Pox_A14	PF05767.12	93	D4280.contig19_1	75	0.019
DUF1566	PF07603.11	115	D4280.contig19_4	196	0.0011
Ni_hydr_CYTB	PF01292.20	182	D4280.contig19_6	88	0.018
CbiQ	PF02361.16	218	D4280.contig19_6	88	0.064
NUMOD1	PF07453.13	37	D4280.contig19_7	239	6.3e-10
NUMOD1	PF07453.13	37	D4280.contig19_7	239	6.3e-10
HNH_3	PF13392.6	46	D4280.contig19_7	239	2.2e-08
NUMOD4	PF07463.11	49	D4280.contig19_7	239	0.0005
YopX	PF09643.10	131	D4280.contig19_9	143	2.2e-14
She9_MDM33	PF05546.11	198	D4280.contig19_10	87	0.048
HTH_11	PF08279.12	55	D4280.contig19_12	133	0.0014
HTH_8	PF02954.19	42	D4280.contig19_12	133	0.0024
HTH_23	PF13384.6	50	D4280.contig19_12	133	0.0081
Alfin	PF12165.8	127	D4280.contig19_13	141	0.081
HNH_3	PF13392.6	46	D4280.contig19_18	212	9.6e-12
NUMOD4	PF07463.11	49	D4280.contig19_18	212	3.7e-10
HTH_23	PF13384.6	50	D4280.contig19_20	98	0.053
ETRAMP	PF09716.10	83	D4280.contig20_1	116	0.036
DUF3829	PF12889.7	280	D4280.contig20_2	143	0.019
PP2C_2	PF13672.6	210	D4280.contig20_2	143	0.036
UPF0547	PF10571.9	26	D4280.contig20_3	142	0.041
CENP-F_leu_zip	PF10473.9	140	D4280.contig20_5	78	0.0089
Antirestrict	PF03230.13	92	D4280.contig20_6	143	2.2e-26
SPRY	PF00622.28	120	D4280.contig20_9	473	2.7e-08
Histone_HNS	PF00816.21	92	D4280.contig20_11	105	6.9e-18
Synaptonemal_3	PF15191.6	92	D4280.contig20_12	66	0.022
DivIC	PF04977.15	80	D4280.contig20_12	66	0.044
Acetyltransf_6	PF13480.7	142	D4280.contig20_14	162	0.11
Terminase_3	PF04466.13	201	D4280.contig20_16	374	2.8e-35
Terminase_6	PF03237.15	215	D4280.contig20_16	374	3.8e-07
DUF3438	PF11920.8	286	D4280.contig21_1	123	1.4e-42
DUF2895	PF11444.8	198	D4280.contig21_2	218	7.8e-87
DUF3487	PF11990.8	114	D4280.contig21_3	127	5.7e-35
DUF2976	PF11190.8	88	D4280.contig21_4	113	2.1e-29
DUF3262	PF11660.8	76	D4280.contig21_5	80	3.4e-22
Plasmid_RAQPRD	PF09686.10	77	D4280.contig21_6	122	6e-26
DUF4177	PF13783.6	65	D4280.contig21_7	105	0.0017
UvrD-helicase	PF00580.21	315	D4280.contig21_9	502	7.2e-15
UvrD-helicase	PF00580.21	315	D4280.contig21_9	502	7.2e-15
UvrD_C	PF13361.6	349	D4280.contig21_9	502	1.8e-11
AAA_19	PF13245.6	146	D4280.contig21_9	502	8.4e-11
UvrD_C_2	PF13538.6	52	D4280.contig21_9	502	1.5e-09
DUF4400	PF14348.6	204	D4280.contig21_10	252	9.9e-68
TraG-D_C	PF12696.7	126	D4280.contig21_11	745	8.8e-11
TrwB_AAD_bind	PF10412.9	386	D4280.contig21_11	745	1.4e-05
DUF2859	PF11072.8	149	D4280.contig21_13	168	6.1e-47
SLT	PF01464.20	117	D4280.contig21_14	186	0.00029
Glucosaminidase	PF01832.20	87	D4280.contig21_14	186	0.023
DUF1664	PF07889.12	124	D4280.contig21_16	237	0.0061
Allexi_40kDa	PF05549.11	271	D4280.contig21_16	237	0.01
BcsB	PF03170.13	606	D4280.contig22_1	415	9.4e-91
Glyco_hydro_8	PF01270.17	342	D4280.contig22_2	399	2.9e-65
BCSC_C	PF05420.11	339	D4280.contig22_3	1286	2.3e-104
TPR_19	PF14559.6	68	D4280.contig22_3	1286	1.2e-49
TPR_19	PF14559.6	68	D4280.contig22_3	1286	1.2e-49
TPR_19	PF14559.6	68	D4280.contig22_3	1286	1.2e-49
TPR_19	PF14559.6	68	D4280.contig22_3	1286	1.2e-49
TPR_19	PF14559.6	68	D4280.contig22_3	1286	1.2e-49
TPR_16	PF13432.6	68	D4280.contig22_3	1286	1.4e-25
TPR_16	PF13432.6	68	D4280.contig22_3	1286	1.4e-25
TPR_16	PF13432.6	68	D4280.contig22_3	1286	1.4e-25
ANAPC3	PF12895.7	82	D4280.contig22_3	1286	1e-21
ANAPC3	PF12895.7	82	D4280.contig22_3	1286	1e-21
TPR_14	PF13428.6	44	D4280.contig22_3	1286	2e-21
TPR_14	PF13428.6	44	D4280.contig22_3	1286	2e-21
TPR_17	PF13431.6	34	D4280.contig22_3	1286	1.7e-17
TPR_11	PF13414.6	42	D4280.contig22_3	1286	6.1e-16
TPR_11	PF13414.6	42	D4280.contig22_3	1286	6.1e-16
TPR_12	PF13424.6	77	D4280.contig22_3	1286	9.5e-12
TPR_9	PF13371.6	73	D4280.contig22_3	1286	1.1e-11
TPR_21	PF09976.9	193	D4280.contig22_3	1286	1.5e-05
Collar	PF07484.12	57	D4280.contig22_4	224	0.0066
AlgF	PF11182.8	180	D4280.contig22_5	222	4.5e-10
DUF4397	PF14344.6	121	D4280.contig22_5	222	6.4e-07
MBOAT	PF03062.19	348	D4280.contig22_6	472	4e-23
MBOAT_2	PF13813.6	83	D4280.contig22_6	472	2.5e-05
ALGX	PF16822.5	268	D4280.contig22_7	389	6.6e-78
Integrase_1	PF12835.7	149	D4280.contig23_2	327	2.5e-09
Phage_integrase	PF00589.22	172	D4280.contig23_2	327	0.013
Arm-DNA-bind_3	PF13356.6	74	D4280.contig23_3	441	7.4e-18
Phage_integrase	PF00589.22	172	D4280.contig23_3	441	4.9e-16
DUF2790	PF10976.8	78	D4280.contig23_5	77	5e-14
CBP_BcsQ	PF06564.12	234	D4280.contig23_7	351	1.4e-26
AAA_31	PF13614.6	177	D4280.contig23_7	351	4.1e-13
AAA_31	PF13614.6	177	D4280.contig23_7	351	4.1e-13
CbiA	PF01656.23	128	D4280.contig23_7	351	1.3e-11
ParA	PF10609.9	246	D4280.contig23_7	351	1.4e-07
MipZ	PF09140.11	262	D4280.contig23_7	351	2e-07
ArsA_ATPase	PF02374.15	305	D4280.contig23_7	351	0.0001
Glycos_transf_2	PF00535.26	170	D4280.contig23_8	740	6.3e-38
Glyco_tranf_2_3	PF13641.6	230	D4280.contig23_8	740	1.1e-21
Glyco_trans_2_3	PF13632.6	197	D4280.contig23_8	740	4.1e-19
PilZ	PF07238.14	103	D4280.contig23_8	740	2.2e-14
Glyco_transf_21	PF13506.6	173	D4280.contig23_8	740	5.6e-11
Cellulose_synt	PF03552.14	722	D4280.contig23_8	740	4e-10
BcsB	PF03170.13	606	D4280.contig23_9	362	2.9e-112
KH_5	PF13184.6	69	D4280.contig24_1	349	1.8e-28
HHH_5	PF14520.6	57	D4280.contig24_1	349	4.3e-14
GTP_EFTU	PF00009.27	194	D4280.contig24_2	842	2.2e-36
IF-2	PF11987.8	105	D4280.contig24_2	842	1.6e-34
IF2_N	PF04760.15	54	D4280.contig24_2	842	1.3e-23
IF2_N	PF04760.15	54	D4280.contig24_2	842	1.3e-23
IF2_assoc	PF08364.11	39	D4280.contig24_2	842	7.1e-10
MMR_HSR1	PF01926.23	114	D4280.contig24_2	842	1.9e-09
GTP_EFTU_D2	PF03144.25	74	D4280.contig24_2	842	2.6e-08
FeoB_N	PF02421.18	156	D4280.contig24_2	842	9.8e-05
Ras	PF00071.22	162	D4280.contig24_2	842	0.0002
Arf	PF00025.21	175	D4280.contig24_2	842	0.00091
MeaB	PF03308.16	267	D4280.contig24_2	842	0.0027
RBFA	PF02033.18	105	D4280.contig24_3	132	9.3e-33
TruB_N	PF01509.18	149	D4280.contig24_4	306	5.6e-56
TruB_C_2	PF16198.5	64	D4280.contig24_4	306	7.2e-22
TruB-C_2	PF09157.11	58	D4280.contig24_4	306	1e-18
Ribosomal_S15	PF00312.22	81	D4280.contig24_5	90	1.6e-35
DUF3047	PF11249.8	187	D4280.contig24_5	90	0.055
NusA_N	PF08529.11	121	D4280.contig24_6	288	2.3e-36
S1	PF00575.23	75	D4280.contig24_6	288	4.4e-05
DUF150	PF02576.17	73	D4280.contig24_7	153	4.8e-31
DUF150_C	PF17384.2	70	D4280.contig24_7	153	3.1e-18
SecG	PF03840.14	70	D4280.contig24_8	144	1.9e-19
TIM	PF00121.18	243	D4280.contig24_9	252	9.8e-87
PGM_PMM_III	PF02880.16	114	D4280.contig24_10	362	2e-31
PGM_PMM_IV	PF00408.20	74	D4280.contig24_10	362	9.7e-11
Thioredoxin	PF00085.20	103	D4280.contig25_1	95	1.8e-27
Thioredoxin_2	PF13098.6	109	D4280.contig25_1	95	9.2e-08
Thioredoxin_8	PF13905.6	95	D4280.contig25_1	95	6.5e-07
Thioredoxin_9	PF14595.6	129	D4280.contig25_1	95	2.7e-06
Thioredoxin_3	PF13192.6	76	D4280.contig25_1	95	9e-05
AhpC-TSA	PF00578.21	124	D4280.contig25_1	95	0.0012
Redoxin	PF08534.10	147	D4280.contig25_1	95	0.0017
TraF	PF13728.6	224	D4280.contig25_1	95	0.0025
Nuc_H_symport	PF03825.16	400	D4280.contig25_2	440	6.3e-127
MFS_1	PF07690.16	353	D4280.contig25_2	440	1.5e-19
MFS_1	PF07690.16	353	D4280.contig25_2	440	1.5e-19
MFS_1	PF07690.16	353	D4280.contig25_2	440	1.5e-19
MFS_1_like	PF12832.7	385	D4280.contig25_2	440	1.9e-17
OATP	PF03137.20	546	D4280.contig25_2	440	4.6e-05
LacY_symp	PF01306.19	413	D4280.contig25_2	440	0.062
Radical_SAM	PF04055.21	167	D4280.contig25_3	387	4.5e-13
Fer4_14	PF13394.6	118	D4280.contig25_3	387	0.00066
Fer4_12	PF13353.6	139	D4280.contig25_3	387	0.0041
Pyr_redox_2	PF07992.14	294	D4280.contig25_4	435	9.5e-50
Pyr_redox	PF00070.27	81	D4280.contig25_4	435	1.4e-11
NAD_binding_8	PF13450.6	68	D4280.contig25_4	435	8.4e-05
SDH_alpha	PF03313.15	260	D4280.contig25_5	476	9.7e-92
SDH_beta	PF03315.15	155	D4280.contig25_5	476	3.5e-53
Beta-lactamase2	PF13354.6	202	D4280.contig25_6	410	3.1e-13
Aminotran_1_2	PF00155.21	363	D4280.contig25_7	397	4.4e-69
Cys_Met_Meta_PP	PF01053.20	382	D4280.contig25_7	397	3.1e-06
Aminotran_MocR	PF12897.7	421	D4280.contig25_7	397	0.00091
Phage_pRha	PF09669.10	88	D4280.contig26_5	175	3.4e-12
Phage_pRha	PF09669.10	88	D4280.contig26_6	63	0.0021
TSLP	PF15216.6	125	D4280.contig26_6	63	0.019
VRR_NUC	PF08774.11	108	D4280.contig26_10	118	9.2e-13
IclR	PF01614.18	129	D4280.contig26_11	88	0.019
DUF4494	PF14902.6	139	D4280.contig26_14	133	3e-20
DUF4288	PF14119.6	85	D4280.contig26_14	133	0.0053
MA3	PF02847.17	113	D4280.contig26_14	133	0.023
DUF2987	PF11205.8	146	D4280.contig26_15	127	0.031
YqaJ	PF09588.10	148	D4280.contig26_16	223	3e-16
RecT	PF03837.14	199	D4280.contig26_17	272	2.8e-48
Collagen	PF01391.18	60	D4280.contig26_19	163	6.4e-08
Collagen	PF01391.18	60	D4280.contig26_19	163	6.4e-08
Nudix_N	PF12535.8	56	D4280.contig27_1	68	1.2e-17
Spc7	PF08317.11	310	D4280.contig27_2	244	0.055
PDH	PF02153.17	258	D4280.contig27_3	420	2.5e-13
NAD_binding_2	PF03446.15	158	D4280.contig27_3	420	2.3e-10
F420_oxidored	PF03807.17	97	D4280.contig27_3	420	5.9e-09
Rossmann-like	PF10727.9	127	D4280.contig27_3	420	9.1e-06
3HCDH_N	PF02737.18	180	D4280.contig27_3	420	1.9e-05
2-Hacid_dh_C	PF02826.19	178	D4280.contig27_3	420	0.0017
DUF5077	PF16871.5	191	D4280.contig27_6	436	1.9e-65
DUF3472	PF11958.8	173	D4280.contig27_6	436	4.2e-51
Peptidase_M1	PF01433.20	218	D4280.contig27_8	822	7.5e-41
Peptidase_M1_N	PF17900.1	186	D4280.contig27_8	822	3.1e-22
HEAT_2	PF13646.6	88	D4280.contig27_8	822	6.4e-08
Phospholip_B	PF04916.13	531	D4280.contig27_9	279	1e-09
Abhydrolase_1	PF00561.20	257	D4280.contig28_1	366	1.1e-25
Abhydrolase_6	PF12697.7	220	D4280.contig28_1	366	3.3e-24
Biotin_lipoyl	PF00364.22	73	D4280.contig28_1	366	8.4e-17
Hydrolase_4	PF12146.8	239	D4280.contig28_1	366	3.6e-11
Thioesterase	PF00975.20	231	D4280.contig28_1	366	4.5e-05
Esterase	PF00756.20	251	D4280.contig28_1	366	0.00043
PGAP1	PF07819.13	231	D4280.contig28_1	366	0.00045
DUF1100	PF06500.11	411	D4280.contig28_1	366	0.0022
Ndr	PF03096.14	283	D4280.contig28_1	366	0.0065
Transket_pyr	PF02779.24	178	D4280.contig28_2	340	1.5e-55
Transketolase_C	PF02780.20	124	D4280.contig28_2	340	1.7e-42
PFOR_II	PF17147.4	102	D4280.contig28_2	340	0.00049
E1_dh	PF00676.20	300	D4280.contig28_3	326	6.8e-92
DXP_synthase_N	PF13292.6	273	D4280.contig28_3	326	8.5e-05
TPP_enzyme_C	PF02775.21	153	D4280.contig28_3	326	0.00022
Transketolase_N	PF00456.21	334	D4280.contig28_3	326	0.00024
Sigma54_activat	PF00158.26	168	D4280.contig28_4	622	6e-62
Sigma54_activ_2	PF14532.6	138	D4280.contig28_4	622	1.4e-21
GAF	PF01590.26	133	D4280.contig28_4	622	6.7e-08
HTH_8	PF02954.19	42	D4280.contig28_4	622	4.4e-07
HTH_23	PF13384.6	50	D4280.contig28_4	622	0.00036
HTH_30	PF13556.6	59	D4280.contig28_4	622	0.0023
adh_short	PF00106.25	195	D4280.contig28_5	260	3.7e-56
adh_short_C2	PF13561.6	234	D4280.contig28_5	260	5.6e-55
KR	PF08659.10	180	D4280.contig28_5	260	1.1e-10
NAD_binding_2	PF03446.15	158	D4280.contig28_5	260	0.0046
TonB_dep_Rec	PF00593.24	470	D4280.contig28_6	721	1.2e-47
Plug	PF07715.15	108	D4280.contig28_6	721	1.4e-09
OMP_b-brl_3	PF14905.6	408	D4280.contig28_6	721	1.9e-06
PfkB	PF00294.24	302	D4280.contig29_1	40	0.0018
AA_permease_2	PF13520.6	425	D4280.contig29_2	194	1e-20
AA_permease	PF00324.21	479	D4280.contig29_2	194	8e-11
PfkB	PF00294.24	302	D4280.contig29_3	330	1.1e-33
Asparaginase_2	PF01112.18	306	D4280.contig29_4	317	3.7e-118
IspD	PF01128.19	221	D4280.contig29_5	223	5e-53
NTP_transf_3	PF12804.7	160	D4280.contig29_5	223	1.6e-09
NTP_transferase	PF00483.23	248	D4280.contig29_5	223	0.0014
PALP	PF00291.25	294	D4280.contig29_6	167	4.6e-20
PRAI	PF00697.22	194	D4280.contig29_7	215	2.8e-41
IGPS	PF00218.21	254	D4280.contig29_8	265	1.2e-77
DAHP_synth_1	PF00793.20	275	D4280.contig29_8	265	0.014
Glycos_transf_3	PF00591.21	253	D4280.contig29_9	331	3.6e-67
Glycos_trans_3N	PF02885.17	63	D4280.contig29_9	331	6.3e-11
GATase	PF00117.28	190	D4280.contig29_10	220	2.7e-45
Peptidase_C26	PF07722.13	216	D4280.contig29_10	220	3.1e-10
Chorismate_bind	PF00425.18	258	D4280.contig29_11	286	8.8e-84
SIR2_2	PF13289.6	143	D4280.contig30_1	626	4.9e-27
DBD_Tnp_Mut	PF03108.15	67	D4280.contig30_2	115	0.096
Resolvase	PF00239.21	146	D4280.contig30_3	196	9e-48
HTH_7	PF02796.15	45	D4280.contig30_3	196	6.9e-09
HTH_29	PF13551.6	63	D4280.contig30_3	196	4.5e-05
TrmB	PF01978.19	68	D4280.contig30_3	196	0.0048
HEPN_Apea	PF18739.1	102	D4280.contig30_4	458	1.5e-13
DPRP	PF04244.13	223	D4280.contig30_5	432	0.026
HTH_3	PF01381.22	55	D4280.contig30_7	96	9.9e-06
HTH_19	PF12844.7	65	D4280.contig30_7	96	0.00048
HTH_17	PF12728.7	51	D4280.contig31_2	94	3.2e-07
PaaX	PF07848.12	70	D4280.contig31_2	94	0.00072
HTH_Tnp_1_2	PF13022.6	123	D4280.contig31_2	94	0.0021
MerR_1	PF13411.6	69	D4280.contig31_2	94	0.0035
HTH_23	PF13384.6	50	D4280.contig31_2	94	0.01
MerR	PF00376.23	38	D4280.contig31_2	94	0.01
AAA_25	PF13481.6	194	D4280.contig31_4	343	1.3e-09
Elong_Iki1	PF10483.9	298	D4280.contig31_4	343	0.0021
Endopep_inhib	PF16800.5	150	D4280.contig31_5	329	0.0055
RusA	PF05866.11	124	D4280.contig31_6	129	1.2e-08
Fic	PF02661.18	97	D4280.contig31_8	183	2.1e-10
HTH_3	PF01381.22	55	D4280.contig31_9	86	7.5e-13
HTH_26	PF13443.6	63	D4280.contig31_9	86	1.2e-09
HTH_19	PF12844.7	65	D4280.contig31_9	86	1.9e-08
HTH_31	PF13560.6	64	D4280.contig31_9	86	0.00048
HTH_37	PF13744.6	80	D4280.contig31_9	86	0.00051
HTH_35	PF13693.6	75	D4280.contig31_9	86	0.0094
Phage_int_SAM_5	PF13102.6	99	D4280.contig31_13	365	3.7e-08
DDE_Tnp_1	PF01609.21	214	D4280.contig32_1	167	2.9e-30
DDE_Tnp_1_6	PF13751.6	125	D4280.contig32_1	167	2.1e-06
DDE_Tnp_4	PF13359.6	158	D4280.contig32_1	167	2.6e-06
DDE_Tnp_1_3	PF13612.6	155	D4280.contig32_1	167	9.8e-05
DnaB_C	PF03796.15	255	D4280.contig32_2	398	1.6e-95
DnaB	PF00772.21	103	D4280.contig32_2	398	6.8e-11
AAA_25	PF13481.6	194	D4280.contig32_2	398	9.5e-11
ATPase	PF06745.13	231	D4280.contig32_2	398	0.002
ApbA_C	PF08546.11	125	D4280.contig32_4	174	0.078
HicA_toxin	PF07927.12	58	D4280.contig32_5	80	0.00038
NA37	PF04245.13	309	D4280.contig32_6	334	1.7e-86
Arc	PF03869.14	50	D4280.contig32_7	79	8.8e-15
HicB	PF05534.12	51	D4280.contig32_7	79	0.00041
MLTR_LBD	PF17765.1	168	D4280.contig32_7	79	0.0096
ParBc	PF02195.18	90	D4280.contig32_8	589	2.4e-05
DUF2857	PF11198.8	175	D4280.contig32_9	232	7.8e-51
HTH_36	PF13730.6	55	D4280.contig32_10	434	0.049
DUF1780	PF08682.10	208	D4280.contig33_1	84	8.9e-48
AAA_2	PF07724.14	171	D4280.contig33_2	855	9.2e-59
AAA_lid_9	PF17871.1	104	D4280.contig33_2	855	1.5e-35
AAA	PF00004.29	132	D4280.contig33_2	855	6.6e-26
AAA	PF00004.29	132	D4280.contig33_2	855	6.6e-26
Clp_N	PF02861.20	53	D4280.contig33_2	855	2.3e-25
Clp_N	PF02861.20	53	D4280.contig33_2	855	2.3e-25
ClpB_D2-small	PF10431.9	81	D4280.contig33_2	855	4.3e-24
AAA_5	PF07728.14	138	D4280.contig33_2	855	6e-19
AAA_16	PF13191.6	170	D4280.contig33_2	855	5.2e-10
Sigma54_activat	PF00158.26	168	D4280.contig33_2	855	1.1e-08
Cu-oxidase_4	PF02578.15	231	D4280.contig33_3	242	4.6e-76
PseudoU_synth_2	PF00849.22	160	D4280.contig33_4	349	3.6e-34
S4	PF01479.25	48	D4280.contig33_4	349	1.8e-07
YfiO	PF13525.6	203	D4280.contig33_5	342	1.5e-75
TPR_18	PF13512.6	145	D4280.contig33_5	342	1.5e-50
TPR_21	PF09976.9	193	D4280.contig33_5	342	0.0024
Phageshock_PspG	PF09583.10	64	D4280.contig33_6	78	0.03
DAO	PF01266.24	352	D4280.contig33_7	392	2.8e-69
FAD_binding_2	PF00890.24	417	D4280.contig33_7	392	2e-10
HI0933_like	PF03486.14	409	D4280.contig33_7	392	1.1e-07
Pyr_redox_2	PF07992.14	294	D4280.contig33_7	392	2.2e-05
FAD_oxidored	PF12831.7	433	D4280.contig33_7	392	9e-05
Thi4	PF01946.17	235	D4280.contig33_7	392	0.00065
NAD_binding_8	PF13450.6	68	D4280.contig33_7	392	0.00085
FAD_binding_3	PF01494.19	349	D4280.contig33_7	392	0.0014
ComP_DUS	PF16732.5	87	D4280.contig33_8	134	2e-10
N_methyl	PF07963.12	27	D4280.contig33_8	134	2.3e-09
Beta_helix	PF13229.6	158	D4280.contig34_1	766	1.3e-08
DUF2612	PF11041.8	181	D4280.contig34_3	196	5.6e-52
Baseplate_J	PF04865.14	255	D4280.contig34_4	411	1.1e-10
DUF2634	PF10934.8	105	D4280.contig34_5	119	0.015
TATR	PF03430.13	575	D4280.contig34_6	263	0.026
Gp138_N	PF18352.1	98	D4280.contig34_7	196	0.00062
tRNA_edit	PF04073.15	123	D4280.contig35_1	157	5.9e-24
MIP	PF00230.20	227	D4280.contig35_2	285	6.2e-66
FGGY_N	PF00370.21	245	D4280.contig35_3	502	8.2e-85
FGGY_C	PF02782.16	198	D4280.contig35_3	502	2.1e-64
DeoRC	PF00455.22	160	D4280.contig35_4	252	8.1e-52
HTH_DeoR	PF08220.12	57	D4280.contig35_4	252	3.4e-21
HTH_11	PF08279.12	55	D4280.contig35_4	252	6.2e-08
MarR	PF01047.22	59	D4280.contig35_4	252	0.00029
HTH_Crp_2	PF13545.6	68	D4280.contig35_4	252	0.00036
HTH_20	PF12840.7	61	D4280.contig35_4	252	0.0008
GntR	PF00392.21	64	D4280.contig35_4	252	0.0014
Sigma70_r4_2	PF08281.12	54	D4280.contig35_4	252	0.0018
MarR_2	PF12802.7	62	D4280.contig35_4	252	0.0018
Sigma70_r4	PF04545.16	50	D4280.contig35_4	252	0.0038
DAO	PF01266.24	352	D4280.contig35_5	513	5.2e-50
DAO_C	PF16901.5	126	D4280.contig35_5	513	3.1e-12
3HCDH_N	PF02737.18	180	D4280.contig35_5	513	0.0053
FAD_binding_2	PF00890.24	417	D4280.contig35_5	513	0.0071
Sel1	PF08238.12	38	D4280.contig35_6	237	9.4e-26
Sel1	PF08238.12	38	D4280.contig35_6	237	9.4e-26
Sel1	PF08238.12	38	D4280.contig35_6	237	9.4e-26
Plug	PF07715.15	108	D4280.contig35_7	312	1.6e-21
DDE_Tnp_1_3	PF13612.6	155	D4280.contig36_1	204	8.7e-17
DDE_Tnp_1	PF01609.21	214	D4280.contig36_1	204	4e-13
DoxX	PF07681.12	85	D4280.contig36_3	144	0.00066
TMEM101	PF15111.6	251	D4280.contig36_3	144	0.0098
GalKase_gal_bdg	PF10509.9	49	D4280.contig36_4	389	1.1e-22
GHMP_kinases_N	PF00288.26	66	D4280.contig36_4	389	1.9e-19
GHMP_kinases_C	PF08544.13	85	D4280.contig36_4	389	4.2e-06
Beta-Casp	PF10996.8	110	D4280.contig36_5	467	3.1e-26
Lactamase_B_6	PF16661.5	193	D4280.contig36_5	467	9.4e-13
Lactamase_B	PF00753.27	197	D4280.contig36_5	467	2.6e-11
RMMBL	PF07521.12	62	D4280.contig36_5	467	4.6e-09
Lactamase_B_2	PF12706.7	201	D4280.contig36_5	467	1e-08
DUF4442	PF14539.6	132	D4280.contig36_6	165	0.0041
MlaE	PF02405.16	212	D4280.contig36_7	246	4.9e-63
PTA_PTB	PF01515.19	319	D4280.contig36_8	732	7.9e-96
Malic_M	PF03949.15	258	D4280.contig36_8	732	7.1e-23
malic	PF00390.19	182	D4280.contig36_8	732	1e-22
SpoIID	PF08486.10	94	D4280.contig37_1	460	5.8e-32
MFS_1	PF07690.16	353	D4280.contig37_2	441	1e-13
MFS_1	PF07690.16	353	D4280.contig37_2	441	1e-13
DUF1343	PF07075.11	353	D4280.contig37_3	413	4.6e-126
FAD-oxidase_C	PF02913.19	250	D4280.contig37_4	988	5.6e-43
FAD_binding_4	PF01565.23	139	D4280.contig37_4	988	4.7e-31
Fer4_17	PF13534.6	61	D4280.contig37_4	988	2.5e-08
Fer4_8	PF13183.6	65	D4280.contig37_4	988	2.3e-05
Fer4_7	PF12838.7	52	D4280.contig37_4	988	9.1e-05
DUF5009	PF16401.5	260	D4280.contig37_5	96	3.3e-07
DUF1624	PF07786.12	223	D4280.contig37_5	96	6.3e-07
AAA_23	PF13476.6	200	D4280.contig38_1	120	1e-13
AAA_15	PF13175.6	369	D4280.contig38_1	120	2.1e-09
AAA_29	PF13555.6	61	D4280.contig38_1	120	5.4e-08
AAA_27	PF13514.6	207	D4280.contig38_1	120	1.2e-05
SMC_N	PF02463.19	220	D4280.contig38_1	120	4.2e-05
DUF2813	PF11398.8	372	D4280.contig38_1	120	0.00035
ABC_tran	PF00005.27	137	D4280.contig38_1	120	0.00069
HNH_3	PF13392.6	46	D4280.contig38_2	161	6e-13
NifZ	PF04319.13	73	D4280.contig38_3	64	0.048
Focal_AT	PF03623.13	133	D4280.contig38_4	70	0.048
DUF2400	PF09674.10	227	D4280.contig38_7	383	6.7e-62
QSregVF_b	PF12843.7	66	D4280.contig38_10	61	0.0017
RNase_T	PF00929.24	165	D4280.contig38_11	273	8.7e-11
NUMOD4	PF07463.11	49	D4280.contig38_14	68	3.3e-14
PhyH	PF05721.13	211	D4280.contig39_1	292	2.3e-30
adh_short	PF00106.25	195	D4280.contig39_2	311	1.4e-47
adh_short_C2	PF13561.6	234	D4280.contig39_2	311	2.7e-38
KR	PF08659.10	180	D4280.contig39_2	311	2.2e-21
Acyl-CoA_dh_C	PF12806.7	124	D4280.contig39_3	608	7e-27
Acyl-CoA_dh_1	PF00441.24	150	D4280.contig39_3	608	2.2e-18
Acyl-CoA_dh_M	PF02770.19	97	D4280.contig39_3	608	7.3e-15
AcylCoA_DH_N	PF12418.8	32	D4280.contig39_3	608	7.6e-06
Acyl-CoA_dh_N	PF02771.16	113	D4280.contig39_3	608	0.0013
Thiolase_N	PF00108.23	260	D4280.contig39_4	395	1.2e-63
Thiolase_C	PF02803.18	123	D4280.contig39_4	395	9e-42
ketoacyl-synt	PF00109.26	253	D4280.contig39_4	395	0.00029
MFS_1	PF07690.16	353	D4280.contig39_7	165	1.6e-11
Asp_protease_2	PF13650.6	90	D4280.contig40_1	85	0.095
zf-CCHC	PF00098.23	18	D4280.contig40_3	145	1.3e-05
zf-CCHC_3	PF13917.6	41	D4280.contig40_3	145	0.012
Retrotrans_gag	PF03732.17	96	D4280.contig40_4	265	8.8e-07
DUF4939	PF16297.5	112	D4280.contig40_4	265	0.0025
Gyro_capsid	PF04162.12	449	D4280.contig40_4	265	0.023
TPR_10	PF13374.6	42	D4280.contig40_5	689	3.8e-102
TPR_10	PF13374.6	42	D4280.contig40_5	689	3.8e-102
TPR_10	PF13374.6	42	D4280.contig40_5	689	3.8e-102
TPR_10	PF13374.6	42	D4280.contig40_5	689	3.8e-102
TPR_10	PF13374.6	42	D4280.contig40_5	689	3.8e-102
TPR_10	PF13374.6	42	D4280.contig40_5	689	3.8e-102
TPR_10	PF13374.6	42	D4280.contig40_5	689	3.8e-102
TPR_10	PF13374.6	42	D4280.contig40_5	689	3.8e-102
TPR_10	PF13374.6	42	D4280.contig40_5	689	3.8e-102
TPR_10	PF13374.6	42	D4280.contig40_5	689	3.8e-102
TPR_10	PF13374.6	42	D4280.contig40_5	689	3.8e-102
TPR_12	PF13424.6	77	D4280.contig40_5	689	1.5e-75
TPR_12	PF13424.6	77	D4280.contig40_5	689	1.5e-75
TPR_12	PF13424.6	77	D4280.contig40_5	689	1.5e-75
TPR_12	PF13424.6	77	D4280.contig40_5	689	1.5e-75
TPR_12	PF13424.6	77	D4280.contig40_5	689	1.5e-75
TPR_12	PF13424.6	77	D4280.contig40_5	689	1.5e-75
TPR_12	PF13424.6	77	D4280.contig40_5	689	1.5e-75
TPR_12	PF13424.6	77	D4280.contig40_5	689	1.5e-75
TPR_12	PF13424.6	77	D4280.contig40_5	689	1.5e-75
TPR_12	PF13424.6	77	D4280.contig40_5	689	1.5e-75
TPR_12	PF13424.6	77	D4280.contig40_5	689	1.5e-75
N_methyl	PF07963.12	27	D4280.contig41_1	82	0.00064
T4SS_CagC	PF16943.5	107	D4280.contig41_1	82	0.041
PilW	PF16074.5	127	D4280.contig41_2	385	2e-08
N_methyl	PF07963.12	27	D4280.contig41_2	385	9.8e-05
PilX_N	PF14341.6	51	D4280.contig41_3	227	0.085
Neisseria_PilC	PF05567.11	367	D4280.contig41_4	1372	1.4e-40
PQQ	PF01011.21	38	D4280.contig41_4	1372	1.5e-10
DUF3792	PF12670.7	115	D4280.contig42_1	55	0.0031
DUF1343	PF07075.11	353	D4280.contig42_2	389	1.7e-121
Amidase_3	PF01520.18	175	D4280.contig42_3	638	0.0038
PQQ_2	PF13360.6	237	D4280.contig42_4	627	2e-49
PQQ_2	PF13360.6	237	D4280.contig42_4	627	2e-49
PQQ_2	PF13360.6	237	D4280.contig42_4	627	2e-49
PQQ_2	PF13360.6	237	D4280.contig42_4	627	2e-49
PQQ_3	PF13570.6	40	D4280.contig42_4	627	3.9e-42
PQQ_3	PF13570.6	40	D4280.contig42_4	627	3.9e-42
PQQ_3	PF13570.6	40	D4280.contig42_4	627	3.9e-42
PQQ_3	PF13570.6	40	D4280.contig42_4	627	3.9e-42
PQQ_3	PF13570.6	40	D4280.contig42_4	627	3.9e-42
PQQ	PF01011.21	38	D4280.contig42_4	627	9e-34
PQQ	PF01011.21	38	D4280.contig42_4	627	9e-34
PQQ	PF01011.21	38	D4280.contig42_4	627	9e-34
PQQ	PF01011.21	38	D4280.contig42_4	627	9e-34
PQQ	PF01011.21	38	D4280.contig42_4	627	9e-34
Metallophos	PF00149.28	204	D4280.contig42_4	627	4.9e-16
Metallophos_2	PF12850.7	165	D4280.contig42_4	627	4.1e-06
Glycos_transf_2	PF00535.26	170	D4280.contig42_5	366	5.7e-21
Glyco_tranf_2_3	PF13641.6	230	D4280.contig42_5	366	4.9e-08
Glyco_tranf_2_2	PF10111.9	276	D4280.contig42_5	366	7.7e-07
Glyco_tranf_2_4	PF13704.6	96	D4280.contig42_5	366	0.0047
TraC_F_IV	PF11130.8	238	D4280.contig43_1	745	5.1e-22
DUF87	PF01935.17	227	D4280.contig43_1	745	0.0011
AAA_22	PF13401.6	137	D4280.contig43_1	745	0.0023
SWI2_SNF2	PF18766.1	224	D4280.contig43_2	100	0.03
Thioredoxin_4	PF13462.6	166	D4280.contig43_3	211	7.1e-18
DSBA	PF01323.20	193	D4280.contig43_3	211	7.2e-10
Thioredoxin_2	PF13098.6	109	D4280.contig43_3	211	0.00013
Abi_2	PF07751.11	179	D4280.contig43_4	230	5.7e-05
PNP_UDP_1	PF01048.20	234	D4280.contig43_5	381	9.6e-11
Response_reg	PF00072.24	112	D4280.contig43_6	150	0.00037
DUF1772	PF08592.11	137	D4280.contig44_1	163	2e-15
Cytochrome_CBB3	PF13442.6	67	D4280.contig44_2	112	1.6e-13
Cytochrom_C	PF00034.21	92	D4280.contig44_2	112	3.6e-06
PhoH	PF02562.16	205	D4280.contig44_3	451	3.5e-54
PIN_4	PF13638.6	131	D4280.contig44_3	451	1.1e-35
AAA_30	PF13604.6	192	D4280.contig44_3	451	3e-07
DUF2075	PF09848.9	363	D4280.contig44_3	451	0.00075
Lactamase_B_3	PF13483.6	163	D4280.contig44_4	220	1.8e-11
Lactamase_B_2	PF12706.7	201	D4280.contig44_4	220	9.1e-06
Lactamase_B	PF00753.27	197	D4280.contig44_4	220	0.00017
HAD_2	PF13419.6	178	D4280.contig44_5	211	3.6e-15
Hydrolase_like	PF13242.6	75	D4280.contig44_5	211	0.011
Mycobact_memb	PF05423.13	139	D4280.contig44_7	129	0.037
DUF2383	PF09537.10	111	D4280.contig44_8	158	1.7e-30
Phage_portal	PF04860.12	314	D4280.contig45_1	344	8.3e-21
Peptidase_S78	PF04586.17	163	D4280.contig45_2	250	2.6e-26
Phage_capsid	PF05065.13	280	D4280.contig45_3	446	2.6e-30
Ribosomal_L18_c	PF14204.6	95	D4280.contig45_3	446	0.02
Fic	PF02661.18	97	D4280.contig46_2	285	1.4e-15
VCBS	PF13517.6	61	D4280.contig46_4	275	0.01
Beta-lactamase	PF00144.24	330	D4280.contig46_5	353	7.4e-44
Beta-lactamase	PF00144.24	330	D4280.contig46_5	353	7.4e-44
Beta-lactamase2	PF13354.6	202	D4280.contig46_5	353	0.00034
Thioredoxin	PF00085.20	103	D4280.contig46_6	58	2.8e-19
Thioredoxin_8	PF13905.6	95	D4280.contig46_6	58	2e-05
AhpC-TSA	PF00578.21	124	D4280.contig46_6	58	0.0004
Redoxin	PF08534.10	147	D4280.contig46_6	58	0.0021
Thioredoxin_9	PF14595.6	129	D4280.contig46_6	58	0.0094
Thioredoxin_2	PF13098.6	109	D4280.contig46_6	58	0.019
HTH_37	PF13744.6	80	D4280.contig47_4	112	3.5e-29
HTH_3	PF01381.22	55	D4280.contig47_4	112	2.9e-07
HTH_31	PF13560.6	64	D4280.contig47_4	112	2.9e-05
Gp49	PF05973.14	90	D4280.contig47_5	126	7.7e-21
Resolvase	PF00239.21	146	D4280.contig47_6	212	1.3e-43
HTH_7	PF02796.15	45	D4280.contig47_6	212	0.00018
CENP-B_N	PF04218.13	53	D4280.contig47_6	212	0.00086
DDE_Tnp_Tn3	PF01526.17	389	D4280.contig47_7	1010	4.8e-106
DUF4158	PF13700.6	166	D4280.contig47_7	1010	2.7e-34
GGGtGRT	PF14057.6	327	D4280.contig49_1	108	0.049
Haem_bd	PF14376.6	133	D4280.contig49_2	153	1.8e-45
TonB_dep_Rec	PF00593.24	470	D4280.contig49_3	738	3.2e-27
Plug	PF07715.15	108	D4280.contig49_3	738	7.7e-17
MMR_HSR1	PF01926.23	114	D4280.contig49_4	210	4.4e-19
FeoB_N	PF02421.18	156	D4280.contig49_4	210	1.6e-06
RsgA_GTPase	PF03193.16	167	D4280.contig49_4	210	2.8e-05
RNaseH_like	PF04308.12	145	D4280.contig49_5	158	1.1e-39
ABC_membrane	PF00664.23	274	D4280.contig49_6	404	2.7e-26
ABC_tran	PF00005.27	137	D4280.contig49_6	404	5.8e-14
RsgA_GTPase	PF03193.16	167	D4280.contig49_6	404	2.6e-05
AAA_29	PF13555.6	61	D4280.contig49_6	404	0.00013
Aldedh	PF00171.22	462	D4280.contig50_1	120	1.7e-41
TetR_N	PF00440.23	47	D4280.contig50_2	200	6.4e-10
DUF148	PF02520.17	109	D4280.contig50_2	200	0.027
TetR_N	PF00440.23	47	D4280.contig50_3	210	9.6e-11
TetR_C_15	PF17918.1	108	D4280.contig50_3	210	0.016
NAD_binding_2	PF03446.15	158	D4280.contig50_5	286	6.6e-19
F420_oxidored	PF03807.17	97	D4280.contig50_5	286	4.8e-10
ApbA	PF02558.16	152	D4280.contig50_5	286	1.7e-08
2-Hacid_dh_C	PF02826.19	178	D4280.contig50_5	286	4.4e-07
Shikimate_DH	PF01488.20	138	D4280.contig50_5	286	6.5e-07
IlvN	PF07991.12	165	D4280.contig50_5	286	6.4e-06
NAD_Gly3P_dh_N	PF01210.23	157	D4280.contig50_5	286	7.5e-06
3HCDH_N	PF02737.18	180	D4280.contig50_5	286	7e-05
PhyH	PF05721.13	211	D4280.contig50_6	293	9.2e-32
MFS_1	PF07690.16	353	D4280.contig50_7	265	8.6e-14
MFS_1	PF07690.16	353	D4280.contig50_7	265	8.6e-14
Z1	PF10593.9	231	D4280.contig51_1	540	5.7e-25
Pro-kuma_activ	PF09286.11	142	D4280.contig51_3	528	2.4e-12
Peptidase_S8	PF00082.22	298	D4280.contig51_3	528	0.006
LytR_C	PF13399.6	85	D4280.contig51_3	528	0.0091
LysR_substrate	PF03466.20	209	D4280.contig51_4	320	3.8e-29
HTH_1	PF00126.27	60	D4280.contig51_4	320	1.6e-17
HTH_30	PF13556.6	59	D4280.contig51_4	320	0.00014
HTH_Tnp_ISL3	PF13542.6	52	D4280.contig51_4	320	0.0034
TPP_enzyme_N	PF02776.18	172	D4280.contig51_6	190	2e-33
RES	PF08808.11	162	D4280.contig52_1	223	1.2e-10
PDDEXK_1	PF12705.7	255	D4280.contig52_3	766	0.0027
AAA_11	PF13086.6	261	D4280.contig52_4	294	8e-14
AAA_11	PF13086.6	261	D4280.contig52_4	294	8e-14
AAA_30	PF13604.6	192	D4280.contig52_4	294	2.6e-11
AAA_30	PF13604.6	192	D4280.contig52_4	294	2.6e-11
AAA_19	PF13245.6	146	D4280.contig52_4	294	1.6e-10
AAA_22	PF13401.6	137	D4280.contig52_4	294	0.00093
2H-phosphodiest	PF08975.10	116	D4280.contig53_2	78	0.04
HSP20	PF00011.21	102	D4280.contig53_6	102	1e-20
ArsA_HSP20	PF17886.1	63	D4280.contig53_6	102	1.2e-11
HGTP_anticodon	PF03129.20	94	D4280.contig53_7	112	7.9e-14
NACHT	PF05729.12	166	D4280.contig54_2	412	1.7e-12
AAA_16	PF13191.6	170	D4280.contig54_2	412	1.5e-06
AAA_22	PF13401.6	137	D4280.contig54_2	412	3.3e-05
Parvo_NS1	PF01057.17	272	D4280.contig54_2	412	0.00028
RNA_helicase	PF00910.22	107	D4280.contig54_2	412	0.00029
AAA_PrkA	PF08298.11	358	D4280.contig54_2	412	0.00055
APS_kinase	PF01583.20	158	D4280.contig54_2	412	0.0036
Tricorn_PDZ	PF14685.6	88	D4280.contig54_5	63	0.085
HTH_18	PF12833.7	81	D4280.contig55_1	301	6.8e-27
HTH_AraC	PF00165.23	42	D4280.contig55_1	301	1.1e-08
Gln-synt_C	PF00120.24	345	D4280.contig55_2	453	6.6e-107
SBP_bac_8	PF13416.6	282	D4280.contig55_3	363	1.7e-37
SBP_bac_6	PF13343.6	245	D4280.contig55_3	363	2.2e-18
SBP_bac_1	PF01547.25	315	D4280.contig55_3	363	8.5e-14
SBP_bac_11	PF13531.6	230	D4280.contig55_3	363	1.2e-10
Lipoprotein_8	PF02030.15	493	D4280.contig55_3	363	4.6e-05
DAO	PF01266.24	352	D4280.contig55_4	433	5.2e-49
Pyr_redox_2	PF07992.14	294	D4280.contig55_4	433	2e-05
FAD_oxidored	PF12831.7	433	D4280.contig55_4	433	7.7e-05
FAD_binding_3	PF01494.19	349	D4280.contig55_4	433	0.00023
NAD_binding_8	PF13450.6	68	D4280.contig55_4	433	0.00026
FAD_binding_2	PF00890.24	417	D4280.contig55_4	433	0.00028
GIDA	PF01134.22	392	D4280.contig55_4	433	0.00049
HI0933_like	PF03486.14	409	D4280.contig55_4	433	0.0011
Pyr_redox	PF00070.27	81	D4280.contig55_4	433	0.0012
Thi4	PF01946.17	235	D4280.contig55_4	433	0.0022
MerR-DNA-bind	PF09278.11	65	D4280.contig56_6	64	0.029
Sigma70_r3	PF04539.16	78	D4280.contig56_6	64	0.03
ATP-synt_E	PF05680.12	96	D4280.contig56_9	101	0.027
CmlA_N	PF18456.1	232	D4280.contig56_12	80	0.013
Fibritin_C	PF07921.12	93	D4280.contig57_2	334	0.0051
Phage_holin_4_1	PF05105.12	114	D4280.contig57_5	153	1.1e-06
DUF2809	PF10990.8	86	D4280.contig57_5	153	0.0071
PMT_2	PF13231.6	159	D4280.contig57_5	153	0.0073
2TM	PF13239.6	76	D4280.contig57_6	66	0.0038
Amidase_3	PF01520.18	175	D4280.contig57_7	196	1.1e-29
EAL	PF00563.20	238	D4280.contig58_1	1217	1.9e-77
GGDEF	PF00990.21	161	D4280.contig58_1	1217	1.1e-50
PAS_9	PF13426.7	104	D4280.contig58_1	1217	3.1e-33
PAS_9	PF13426.7	104	D4280.contig58_1	1217	3.1e-33
PAS_9	PF13426.7	104	D4280.contig58_1	1217	3.1e-33
PAS	PF00989.25	113	D4280.contig58_1	1217	2.4e-18
PAS	PF00989.25	113	D4280.contig58_1	1217	2.4e-18
PAS_3	PF08447.12	89	D4280.contig58_1	1217	1.2e-17
PAS_3	PF08447.12	89	D4280.contig58_1	1217	1.2e-17
PAS_4	PF08448.10	110	D4280.contig58_1	1217	3.4e-17
PAS_4	PF08448.10	110	D4280.contig58_1	1217	3.4e-17
PAS_8	PF13188.7	67	D4280.contig58_1	1217	2.3e-12
SHMT	PF00464.19	399	D4280.contig58_2	418	1.4e-182
Aminotran_1_2	PF00155.21	363	D4280.contig58_2	418	6.6e-08
Beta_elim_lyase	PF01212.21	293	D4280.contig58_2	418	7.9e-06
Aminotran_5	PF00266.19	371	D4280.contig58_2	418	4.7e-05
Cys_Met_Meta_PP	PF01053.20	382	D4280.contig58_2	418	0.004
DegT_DnrJ_EryC1	PF01041.17	361	D4280.contig58_2	418	0.0088
Glyco_transf_7N	PF13733.6	134	D4280.contig59_2	81	0.055
AAA_22	PF13401.6	137	D4280.contig59_5	111	0.00091
NACHT	PF05729.12	166	D4280.contig59_5	111	0.0017
AAA	PF00004.29	132	D4280.contig59_5	111	0.0094
Herpes_IE1	PF07340.11	391	D4280.contig59_6	381	0.094
TPR_12	PF13424.6	77	D4280.contig59_7	337	2.4e-08
DUF2721	PF11026.8	129	D4280.contig60_2	80	0.07
Relaxase	PF03432.14	242	D4280.contig60_4	463	6.1e-06
RusA	PF05866.11	124	D4280.contig60_4	463	0.019
MobC	PF05713.11	45	D4280.contig60_5	110	6.9e-06
Lipoprotein_7	PF01540.16	353	D4280.contig60_5	110	0.0098
DUF3211	PF11485.8	136	D4280.contig60_7	155	0.0054
PrgI	PF12666.7	90	D4280.contig60_8	76	0.015
Peptidase_U32	PF01136.19	233	D4280.contig61_1	340	2.5e-68
ABC_membrane	PF00664.23	274	D4280.contig61_2	375	4.2e-38
Glyco_trans_1_4	PF13692.6	134	D4280.contig61_3	439	8.9e-19
Glyco_trans_1_2	PF13524.6	92	D4280.contig61_3	439	8.6e-06
Glycos_transf_2	PF00535.26	170	D4280.contig61_4	328	3.8e-24
Glyco_tranf_2_3	PF13641.6	230	D4280.contig61_4	328	5e-10
Glyco_tranf_2_2	PF10111.9	276	D4280.contig61_4	328	8.2e-09
Phospholamban	PF04272.14	52	D4280.contig61_5	61	0.09
SNF2_N	PF00176.23	350	D4280.contig62_4	747	2.6e-11
SNF2_N	PF00176.23	350	D4280.contig62_4	747	2.6e-11
ResIII	PF04851.15	171	D4280.contig62_4	747	3.8e-10
Helicase_C	PF00271.31	111	D4280.contig62_4	747	2.8e-05
PhoH	PF02562.16	205	D4280.contig62_4	747	0.002
MacB_PCD	PF12704.7	195	D4280.contig63_2	794	5.3e-26
MacB_PCD	PF12704.7	195	D4280.contig63_2	794	5.3e-26
FtsX	PF02687.21	96	D4280.contig63_2	794	3.9e-13
FtsX	PF02687.21	96	D4280.contig63_2	794	3.9e-13
FtsX	PF02687.21	96	D4280.contig63_3	755	2.5e-11
FtsX	PF02687.21	96	D4280.contig63_3	755	2.5e-11
AdoHcyase	PF05221.17	299	D4280.contig64_1	442	6.2e-135
AdoHcyase	PF05221.17	299	D4280.contig64_1	442	6.2e-135
AdoHcyase_NAD	PF00670.21	162	D4280.contig64_1	442	1.4e-76
2-Hacid_dh_C	PF02826.19	178	D4280.contig64_1	442	5e-08
IlvN	PF07991.12	165	D4280.contig64_1	442	1.2e-07
THF_DHG_CYH_C	PF02882.19	160	D4280.contig64_1	442	0.00016
NAD_binding_7	PF13241.6	104	D4280.contig64_1	442	0.004
ELFV_dehydrog	PF00208.21	243	D4280.contig64_1	442	0.0072
AsnC_trans_reg	PF01037.21	75	D4280.contig64_2	167	1.1e-19
HTH_24	PF13412.6	48	D4280.contig64_2	167	3.4e-18
HTH_AsnC-type	PF13404.6	42	D4280.contig64_2	167	2.6e-16
MarR_2	PF12802.7	62	D4280.contig64_2	167	3.3e-05
MarR	PF01047.22	59	D4280.contig64_2	167	5.2e-05
HTH_IclR	PF09339.10	52	D4280.contig64_2	167	0.0004
HTH_27	PF13463.6	68	D4280.contig64_2	167	0.00053
HTH_11	PF08279.12	55	D4280.contig64_2	167	0.0011
LexA_DNA_bind	PF01726.16	65	D4280.contig64_2	167	0.0012
HTH_20	PF12840.7	61	D4280.contig64_2	167	0.0018
Methyltransf_11	PF08241.12	96	D4280.contig64_3	216	2.1e-08
Methyltransf_25	PF13649.6	97	D4280.contig64_3	216	6.2e-05
Methyltransf_12	PF08242.12	99	D4280.contig64_3	216	0.021
DUF2232	PF09991.9	290	D4280.contig64_4	112	0.059
Response_reg	PF00072.24	112	D4280.contig64_5	198	3.3e-19
GerE	PF00196.19	57	D4280.contig64_5	198	8.3e-18
HTH_23	PF13384.6	50	D4280.contig64_5	198	0.00042
HTH_24	PF13412.6	48	D4280.contig64_5	198	0.0048
HisKA_2	PF07568.12	76	D4280.contig64_6	291	9.7e-22
HATPase_c	PF02518.26	112	D4280.contig64_6	291	1.6e-09
HATPase_c_2	PF13581.6	125	D4280.contig64_6	291	4.3e-06
HWE_HK	PF07536.14	83	D4280.contig64_6	291	6.6e-05
Sulfate_transp	PF00916.20	380	D4280.contig65_1	114	9.8e-19
Rubrerythrin	PF02915.17	137	D4280.contig65_3	193	4.7e-30
Ferritin	PF00210.24	142	D4280.contig65_3	193	7.6e-09
COQ7	PF03232.13	172	D4280.contig65_3	193	0.0061
FAD_binding_2	PF00890.24	417	D4280.contig65_4	524	2.8e-89
Succ_DH_flav_C	PF02910.20	128	D4280.contig65_4	524	7.1e-13
Pyr_redox_2	PF07992.14	294	D4280.contig65_4	524	2.8e-08
DAO	PF01266.24	352	D4280.contig65_4	524	7.6e-06
bPH_4	PF06713.11	74	D4280.contig65_5	132	1.4e-14
EbsA	PF17255.2	133	D4280.contig65_5	132	0.036
Pyr_redox_2	PF07992.14	294	D4280.contig65_6	292	1.7e-56
Pyr_redox	PF00070.27	81	D4280.contig65_6	292	1e-23
NAD_binding_8	PF13450.6	68	D4280.contig65_6	292	1.1e-11
NAD_binding_8	PF13450.6	68	D4280.contig65_6	292	1.1e-11
Pyr_redox_3	PF13738.6	305	D4280.contig65_6	292	3.1e-10
HI0933_like	PF03486.14	409	D4280.contig65_6	292	3.1e-08
FAD_binding_3	PF01494.19	349	D4280.contig65_6	292	1.5e-07
GIDA	PF01134.22	392	D4280.contig65_6	292	8.8e-07
FAD_oxidored	PF12831.7	433	D4280.contig65_6	292	1.6e-06
3HCDH_N	PF02737.18	180	D4280.contig65_6	292	3e-06
Trp_halogenase	PF04820.14	454	D4280.contig65_6	292	9.8e-05
FAD_binding_2	PF00890.24	417	D4280.contig65_6	292	0.00018
Thi4	PF01946.17	235	D4280.contig65_6	292	0.00022
Aldedh	PF00171.22	462	D4280.contig66_1	72	4.7e-10
DUF1329	PF07044.11	364	D4280.contig66_2	498	4e-111
LolA_like	PF17131.4	183	D4280.contig66_2	498	5e-06
Aminotran_4	PF01063.19	223	D4280.contig66_3	327	1e-52
Aldedh	PF00171.22	462	D4280.contig66_4	415	2.9e-115
SNF2_N	PF00176.23	350	D4280.contig68_1	343	7.4e-06
PcfJ	PF14284.6	144	D4280.contig68_2	627	0.00065
Topoisom_bac	PF01131.20	413	D4280.contig68_3	542	1.6e-102
zf-C4_Topoisom	PF01396.19	39	D4280.contig68_3	542	0.0001
Zn_ribbon_recom	PF13408.6	58	D4280.contig68_3	542	0.0055
PMT_2	PF13231.6	159	D4280.contig69_1	372	1.2e-15
GtrA	PF04138.14	117	D4280.contig69_2	125	2.4e-16
Glycos_transf_2	PF00535.26	170	D4280.contig69_3	322	1.1e-32
Glyco_tranf_2_3	PF13641.6	230	D4280.contig69_3	322	5.3e-08
Glyco_tranf_2_2	PF10111.9	276	D4280.contig69_3	322	9.4e-07
Glyco_transf_21	PF13506.6	173	D4280.contig69_3	322	0.01
Sulfatase	PF00884.23	309	D4280.contig69_4	644	3.1e-38
Phosphodiest	PF01663.22	357	D4280.contig69_4	644	0.0005
DUF229	PF02995.17	497	D4280.contig69_4	644	0.0019
Metalloenzyme	PF01676.18	248	D4280.contig69_4	644	0.0044
tRNA-synt_2b	PF00587.25	179	D4280.contig70_1	358	7e-08
HU-HIG	PF18291.1	125	D4280.contig70_2	157	1.4e-19
Bac_DNA_binding	PF00216.21	90	D4280.contig70_2	157	4.3e-05
HU-CCDC81_euk_1	PF14908.6	94	D4280.contig70_2	157	6.6e-05
HU-CCDC81_bac_1	PF18174.1	59	D4280.contig70_2	157	0.0042
DNA_topoisoIV	PF00521.20	426	D4280.contig70_3	848	4.1e-109
Sigma70_ner	PF04546.13	204	D4280.contig70_3	848	0.03
TPR_10	PF13374.6	42	D4280.contig71_1	670	3.5e-45
TPR_10	PF13374.6	42	D4280.contig71_1	670	3.5e-45
TPR_10	PF13374.6	42	D4280.contig71_1	670	3.5e-45
TPR_10	PF13374.6	42	D4280.contig71_1	670	3.5e-45
TPR_12	PF13424.6	77	D4280.contig71_1	670	2.3e-32
PAAR_motif	PF05488.13	70	D4280.contig72_3	95	2.4e-14
Transposase_mut	PF00872.18	381	D4280.contig72_4	157	1.3e-09
Transposase_mut	PF00872.18	381	D4280.contig72_5	427	9.7e-123
MULE	PF10551.9	96	D4280.contig72_5	427	0.0001
SecY	PF00344.20	306	D4280.contig73_1	409	3.9e-113
DUF3667	PF12412.8	45	D4280.contig73_1	409	0.0037
Ribosomal_L27A	PF00828.19	128	D4280.contig73_2	149	8.9e-38
Ribosomal_L30	PF00327.20	51	D4280.contig73_3	60	1.4e-20
Ribosomal_S5	PF00333.20	65	D4280.contig73_4	173	2.4e-30
Ribosomal_S5_C	PF03719.15	72	D4280.contig73_4	173	8.9e-30
Ribosomal_L18p	PF00861.22	116	D4280.contig73_5	117	7.9e-43
Ribosomal_L6	PF00347.23	76	D4280.contig73_6	186	2.6e-39
Ribosomal_L6	PF00347.23	76	D4280.contig73_6	186	2.6e-39
Ribosomal_S8	PF00410.19	127	D4280.contig73_7	133	2.3e-51
Ribosomal_S14	PF00253.21	54	D4280.contig73_8	90	5.5e-27
HTH_17	PF12728.7	51	D4280.contig73_8	90	0.015
Ribosomal_L5_C	PF00673.21	94	D4280.contig73_9	100	2.6e-38
MacB_PCD	PF12704.7	195	D4280.contig74_1	792	1.6e-29
MacB_PCD	PF12704.7	195	D4280.contig74_1	792	1.6e-29
FtsX	PF02687.21	96	D4280.contig74_1	792	1.4e-13
FtsX	PF02687.21	96	D4280.contig74_1	792	1.4e-13
MacB_PCD	PF12704.7	195	D4280.contig74_2	658	2.1e-14
MacB_PCD	PF12704.7	195	D4280.contig74_2	658	2.1e-14
FtsX	PF02687.21	96	D4280.contig74_2	658	1.1e-11
FtsX	PF02687.21	96	D4280.contig74_2	658	1.1e-11
Asp5	PF17000.5	71	D4280.contig74_2	658	0.028
RasGEF_N	PF00618.20	105	D4280.contig75_1	89	0.024
DUF460	PF04312.13	141	D4280.contig75_1	89	0.036
AP2	PF00847.20	54	D4280.contig75_2	150	0.0022
HTH_36	PF13730.6	55	D4280.contig75_4	279	3.6e-08
HTH_27	PF13463.6	68	D4280.contig75_4	279	0.0031
PDDEXK_1	PF12705.7	255	D4280.contig75_7	327	0.0015
Ribosomal_L3	PF00297.22	369	D4280.contig76_1	181	4.2e-15
Ribosomal_L4	PF00573.22	192	D4280.contig76_2	211	1.6e-63
Ribosomal_L23	PF00276.20	86	D4280.contig76_3	97	1e-29
Ribosomal_L2_C	PF03947.18	126	D4280.contig76_4	276	5.6e-55
Ribosomal_L2	PF00181.23	77	D4280.contig76_4	276	2.2e-32
Ribosomal_S19	PF00203.21	81	D4280.contig76_5	89	8.5e-36
Ribosomal_L22	PF00237.19	103	D4280.contig76_6	143	1e-26
Ribosomal_S3_C	PF00189.20	83	D4280.contig76_7	292	2.1e-39
KH_2	PF07650.17	78	D4280.contig76_7	292	3.3e-20
KH_4	PF13083.6	73	D4280.contig76_7	292	0.0052
MRP-S24	PF14955.6	135	D4280.contig76_7	292	0.015
Ribosomal_L16	PF00252.18	132	D4280.contig76_8	112	2.6e-42
NAP	PF00956.18	270	D4280.contig77_2	84	2.7e-05
DUF4611	PF15387.6	96	D4280.contig77_4	44	0.063
Acetyltransf_1	PF00583.25	117	D4280.contig78_2	179	1.6e-17
Acetyltransf_7	PF13508.7	76	D4280.contig78_2	179	7.5e-11
Acetyltransf_10	PF13673.7	127	D4280.contig78_2	179	2.7e-10
Acetyltransf_4	PF13420.7	155	D4280.contig78_2	179	1.5e-06
Acetyltransf_3	PF13302.7	138	D4280.contig78_2	179	3.1e-06
Acetyltransf_8	PF13523.6	145	D4280.contig78_2	179	1.9e-05
FR47	PF08445.10	86	D4280.contig78_2	179	0.012
Na_H_Exchanger	PF00999.21	381	D4280.contig78_5	247	5.3e-27
Lon_C	PF05362.13	205	D4280.contig79_1	27	3.3e-12
CLP_protease	PF00574.23	182	D4280.contig79_2	124	3.2e-57
AAA_2	PF07724.14	171	D4280.contig79_3	427	2.9e-50
zf-C4_ClpX	PF06689.13	39	D4280.contig79_3	427	1.4e-20
ClpB_D2-small	PF10431.9	81	D4280.contig79_3	427	4.2e-16
AAA	PF00004.29	132	D4280.contig79_3	427	5.3e-16
AAA_5	PF07728.14	138	D4280.contig79_3	427	2e-07
Mg_chelatase	PF01078.21	207	D4280.contig79_3	427	2e-06
AAA_22	PF13401.6	137	D4280.contig79_3	427	2.2e-06
MCM	PF00493.23	224	D4280.contig79_3	427	2.7e-06
RuvB_N	PF05496.12	159	D4280.contig79_3	427	6.2e-06
AAA_18	PF13238.6	130	D4280.contig79_3	427	0.0002
AAA_16	PF13191.6	170	D4280.contig79_3	427	0.00035
AAA_24	PF13479.6	197	D4280.contig79_3	427	0.00092
Lon_C	PF05362.13	205	D4280.contig79_4	725	1.7e-77
LON_substr_bdg	PF02190.16	208	D4280.contig79_4	725	1.1e-43
AAA	PF00004.29	132	D4280.contig79_4	725	1.5e-19
AAA_5	PF07728.14	138	D4280.contig79_4	725	1.8e-08
AAA_PrkA	PF08298.11	358	D4280.contig79_4	725	7.3e-07
AAA_16	PF13191.6	170	D4280.contig79_4	725	4.2e-05
IstB_IS21	PF01695.17	178	D4280.contig79_4	725	0.00029
RuvB_N	PF05496.12	159	D4280.contig79_4	725	0.0011
CopB	PF05275.11	208	D4280.contig80_1	291	1.4e-84
Autotransporter	PF03797.19	255	D4280.contig80_1	291	3.1e-06
KdgM	PF06178.13	222	D4280.contig80_1	291	0.027
CopC	PF04234.12	92	D4280.contig80_2	129	2.4e-20
Big_5	PF13205.6	108	D4280.contig80_2	129	1e-07
CopD	PF05425.13	105	D4280.contig80_3	312	6.9e-23
DUF4149	PF13664.6	102	D4280.contig80_3	312	0.0016
DUF4148	PF13663.6	54	D4280.contig80_4	96	2.8e-13
PH	PF00169.29	105	D4280.contig81_1	69	4.3e-09
PH_11	PF15413.6	105	D4280.contig81_1	69	3.5e-05
WD40	PF00400.32	38	D4280.contig81_2	291	7.5e-29
WD40	PF00400.32	38	D4280.contig81_2	291	7.5e-29
WD40	PF00400.32	38	D4280.contig81_2	291	7.5e-29
WD40	PF00400.32	38	D4280.contig81_2	291	7.5e-29
Cytochrom_D1	PF02239.16	368	D4280.contig81_2	291	0.0013
p450	PF00067.22	463	D4280.contig81_3	498	4.5e-65
BPD_transp_1	PF00528.22	185	D4280.contig82_3	253	7e-16
ABC_tran	PF00005.27	137	D4280.contig82_3	253	1.4e-07
AAA_21	PF13304.6	303	D4280.contig82_3	253	0.0061
SMC_N	PF02463.19	220	D4280.contig82_3	253	0.021
DDE_3	PF13358.6	146	D4280.contig82_4	362	5.3e-24
HTH_32	PF13565.6	73	D4280.contig82_4	362	1.7e-12
HTH_23	PF13384.6	50	D4280.contig82_4	362	2.1e-10
HTH_29	PF13551.6	63	D4280.contig82_4	362	6.9e-09
HTH_28	PF13518.6	52	D4280.contig82_4	362	1.1e-07
PAX	PF00292.18	125	D4280.contig82_4	362	0.00026
HTH_6	PF01418.17	77	D4280.contig82_4	362	0.00029
LZ_Tnp_IS481	PF13011.6	85	D4280.contig82_4	362	0.001
SBP_bac_11	PF13531.6	230	D4280.contig82_5	169	4.8e-17
RraA-like	PF03737.15	150	D4280.contig82_6	176	4.3e-35
Dynactin_p22	PF07426.11	167	D4280.contig83_7	97	0.025
HJURP_C	PF12347.8	63	D4280.contig83_7	97	0.027
dUTPase	PF00692.19	129	D4280.contig83_8	160	3e-26
RusA	PF05866.11	124	D4280.contig83_9	134	7.1e-08
DNA_methylase	PF00145.17	335	D4280.contig83_12	123	9.1e-15
PilZ	PF07238.14	103	D4280.contig84_1	92	1.8e-05
ATPase	PF06745.13	231	D4280.contig84_2	456	4.1e-17
ATPase	PF06745.13	231	D4280.contig84_2	456	4.1e-17
AAA_25	PF13481.6	194	D4280.contig84_2	456	4.7e-14
Rubredoxin_2	PF18073.1	28	D4280.contig84_2	456	2.6e-10
ChlI	PF13541.6	121	D4280.contig84_2	456	3.3e-08
Lon_C	PF05362.13	205	D4280.contig84_2	456	1.3e-06
AAA_16	PF13191.6	170	D4280.contig84_2	456	2.7e-05
DnaB_C	PF03796.15	255	D4280.contig84_2	456	0.00013
Rad51	PF08423.11	255	D4280.contig84_2	456	0.00047
RecA	PF00154.21	263	D4280.contig84_2	456	0.00092
AAA	PF00004.29	132	D4280.contig84_2	456	0.0023
AAA_22	PF13401.6	137	D4280.contig84_2	456	0.0033
Ank_5	PF13857.6	56	D4280.contig84_3	180	4e-19
Ank_5	PF13857.6	56	D4280.contig84_3	180	4e-19
Ank_5	PF13857.6	56	D4280.contig84_3	180	4e-19
Ank_5	PF13857.6	56	D4280.contig84_3	180	4e-19
Ank_2	PF12796.7	83	D4280.contig84_3	180	3.3e-18
Ank_2	PF12796.7	83	D4280.contig84_3	180	3.3e-18
Ank_4	PF13637.6	55	D4280.contig84_3	180	1.5e-16
Ank_4	PF13637.6	55	D4280.contig84_3	180	1.5e-16
Catalase	PF00199.19	383	D4280.contig84_4	514	7.1e-169
Catalase-rel	PF06628.12	65	D4280.contig84_4	514	2.2e-16
NACHT	PF05729.12	166	D4280.contig85_2	588	2.1e-12
AAA_16	PF13191.6	170	D4280.contig85_2	588	1.2e-07
AAA_PrkA	PF08298.11	358	D4280.contig85_2	588	0.00019
AAA_22	PF13401.6	137	D4280.contig85_2	588	0.00027
NB-ARC	PF00931.22	252	D4280.contig85_2	588	0.00049
RNA_helicase	PF00910.22	107	D4280.contig85_2	588	0.00076
AAA	PF00004.29	132	D4280.contig85_2	588	0.0023
TonB_dep_Rec	PF00593.24	470	D4280.contig86_1	832	1.1e-64
Plug	PF07715.15	108	D4280.contig86_1	832	2.3e-22
STN	PF07660.14	52	D4280.contig86_1	832	3.8e-08
PepSY_TM	PF03929.16	288	D4280.contig86_2	392	3.2e-56
Endonuc-BglII	PF09195.11	166	D4280.contig87_1	249	2.5e-42
MT-A70	PF05063.14	172	D4280.contig87_2	215	2.8e-30
Rep_3	PF01051.21	222	D4280.contig87_3	340	4.4e-20
HTH_23	PF13384.6	50	D4280.contig87_5	215	9.9e-07
HTH_29	PF13551.6	63	D4280.contig87_5	215	2e-06
RHH_1	PF01402.21	39	D4280.contig87_5	215	4.5e-06
HTH_38	PF13936.6	44	D4280.contig87_5	215	1.1e-05
HTH_28	PF13518.6	52	D4280.contig87_5	215	2.6e-05
HTH_11	PF08279.12	55	D4280.contig87_5	215	7.9e-05
HTH_7	PF02796.15	45	D4280.contig87_5	215	0.00023
MobC	PF05713.11	45	D4280.contig87_5	215	0.00037
Terminase_5	PF06056.12	58	D4280.contig87_5	215	0.0015
DAO	PF01266.24	352	D4280.contig88_1	344	4.5e-36
MtrD	PF04207.12	218	D4280.contig88_1	344	0.027
SurA_N_3	PF13624.6	162	D4280.contig88_2	621	5.3e-45
SurA_N_2	PF13623.6	145	D4280.contig88_2	621	2.4e-33
Rotamase_3	PF13616.6	116	D4280.contig88_2	621	1.8e-29
Rotamase	PF00639.21	97	D4280.contig88_2	621	3.8e-27
Rotamase_2	PF13145.6	121	D4280.contig88_2	621	7.9e-26
Rotamase_2	PF13145.6	121	D4280.contig88_2	621	7.9e-26
Rotamase_2	PF13145.6	121	D4280.contig88_2	621	7.9e-26
SurA_N	PF09312.11	118	D4280.contig88_2	621	1.1e-06
Bac_DNA_binding	PF00216.21	90	D4280.contig88_3	91	1.5e-33
HU-HIG	PF18291.1	125	D4280.contig88_3	91	2.9e-06
HU-CCDC81_euk_2	PF18289.1	75	D4280.contig88_3	91	0.012
Lon_C	PF05362.13	205	D4280.contig88_4	106	3.1e-32
ChlI	PF13541.6	121	D4280.contig88_4	106	0.00074
Phage_integrase	PF00589.22	172	D4280.contig89_2	606	1.2e-08
DivIC	PF04977.15	80	D4280.contig89_3	139	0.023
SdiA-regulated	PF06977.11	249	D4280.contig89_4	250	4.6e-66
Phytase-like	PF13449.6	286	D4280.contig89_4	250	3.8e-08
Phage_integrase	PF00589.22	172	D4280.contig90_1	489	5.4e-09
Peptidase_M14	PF00246.24	289	D4280.contig91_1	373	1.3e-24
gag-asp_proteas	PF13975.6	92	D4280.contig91_2	126	0.0033
Asp_protease_2	PF13650.6	90	D4280.contig91_2	126	0.034
ABC_tran	PF00005.27	137	D4280.contig91_3	542	1.1e-32
ABC_tran	PF00005.27	137	D4280.contig91_3	542	1.1e-32
ABC_tran_Xtn	PF12848.7	85	D4280.contig91_3	542	1e-18
AAA_21	PF13304.6	303	D4280.contig91_3	542	2.5e-09
GIY-YIG	PF01541.24	78	D4280.contig92_2	119	1.1e-05
HNH_3	PF13392.6	46	D4280.contig92_3	183	5.4e-11
AP2	PF00847.20	54	D4280.contig92_3	183	1.6e-05
AFOR_N	PF02730.15	198	D4280.contig92_4	76	0.097
NupH_GANP	PF16768.5	291	D4280.contig92_6	136	0.056
Xpo1	PF08389.12	149	D4280.contig93_1	754	2.9e-05
Abhydrolase_1	PF00561.20	257	D4280.contig94_1	274	1.6e-25
Hydrolase_4	PF12146.8	239	D4280.contig94_1	274	2e-21
Abhydrolase_6	PF12697.7	220	D4280.contig94_1	274	1.3e-19
Peptidase_S9	PF00326.21	212	D4280.contig94_1	274	3.4e-06
DLH	PF01738.18	217	D4280.contig94_1	274	0.002
Abhydrolase_2	PF02230.16	217	D4280.contig94_1	274	0.0025
DLH	PF01738.18	217	D4280.contig94_2	232	3.5e-59
Hydrolase_4	PF12146.8	239	D4280.contig94_2	232	1.3e-07
Peptidase_S9	PF00326.21	212	D4280.contig94_2	232	0.0029
TctC	PF03401.14	274	D4280.contig94_3	92	2.3e-08
Ion_trans_2	PF07885.16	79	D4280.contig94_4	234	2.1e-14
DUF1345	PF07077.11	173	D4280.contig94_4	234	0.003
Na_H_Exchanger	PF00999.21	381	D4280.contig94_5	137	1.5e-06
Mqo	PF06039.15	489	D4280.contig95_1	243	5e-96
DAO	PF01266.24	352	D4280.contig95_1	243	2.4e-06
QSregVF_b	PF12843.7	66	D4280.contig95_2	71	3e-30
HTH_Crp_2	PF13545.6	68	D4280.contig95_3	114	0.031
DUF1499	PF07386.11	117	D4280.contig95_4	266	3.1e-31
ABC2_membrane_3	PF12698.7	345	D4280.contig95_4	266	0.0055
NAD_binding_10	PF13460.6	184	D4280.contig95_5	209	1.9e-38
NmrA	PF05368.13	233	D4280.contig95_5	209	2.4e-09
Epimerase	PF01370.21	241	D4280.contig95_5	209	2.2e-07
MCPsignal	PF00015.21	172	D4280.contig95_6	168	6.1e-24
Laminin_II	PF06009.12	138	D4280.contig95_6	168	0.00088
Vps53_N	PF04100.12	380	D4280.contig95_6	168	0.0017
DUF812	PF05667.11	595	D4280.contig95_6	168	0.0045
DUF3581	PF12119.8	217	D4280.contig96_2	238	1.2e-92
Na_H_Exchanger	PF00999.21	381	D4280.contig96_3	452	6.1e-33
TrkA_C	PF02080.21	70	D4280.contig96_3	452	6.2e-11
CorC_HlyC	PF03471.17	81	D4280.contig96_3	452	3.6e-08
LodA_N	PF17990.1	218	D4280.contig97_1	160	4e-28
Peptidase_S10	PF00450.22	419	D4280.contig97_2	531	8.6e-16
TPP_enzyme_C	PF02775.21	153	D4280.contig97_3	389	7.6e-23
TPP_enzyme_M	PF00205.22	137	D4280.contig97_3	389	3.4e-18
GIY-YIG	PF01541.24	78	D4280.contig98_1	345	1.9e-09
RNase_T	PF00929.24	165	D4280.contig98_1	345	1.1e-05
MutS_V	PF00488.21	188	D4280.contig98_2	825	5.9e-83
MutS_III	PF05192.18	191	D4280.contig98_2	825	1.2e-36
MutS_IV	PF05190.18	92	D4280.contig98_2	825	2.3e-28
MutS_II	PF05188.17	137	D4280.contig98_2	825	5.6e-20
MutS_I	PF01624.20	113	D4280.contig98_2	825	6.8e-18
Toprim	PF01751.22	103	D4280.contig99_1	120	2.1e-22
Toprim_4	PF13662.6	89	D4280.contig99_1	120	0.0014
RMF	PF04957.12	54	D4280.contig99_2	66	0.001
SSB	PF00436.25	104	D4280.contig99_4	152	9.3e-12
DUF3158	PF11358.8	155	D4280.contig99_5	182	4.2e-69
DUF1845	PF08900.11	215	D4280.contig99_6	242	2e-79
Toprim	PF01751.22	103	D4280.contig100_1	92	1.1e-16
Toprim_4	PF13662.6	89	D4280.contig100_1	92	0.00042
SSB	PF00436.25	104	D4280.contig100_4	155	8.4e-12
DUF3158	PF11358.8	155	D4280.contig100_5	180	2.9e-71
DUF1845	PF08900.11	215	D4280.contig100_6	242	3.4e-79
MMR_HSR1	PF01926.23	114	D4280.contig101_1	1152	6.8e-07
AAA_33	PF13671.6	143	D4280.contig101_1	1152	0.0011
AAA_29	PF13555.6	61	D4280.contig101_1	1152	0.0038
DUF2345	PF10106.9	151	D4280.contig102_1	296	1.5e-51
T6SS_Vgr	PF13296.6	108	D4280.contig102_1	296	1.5e-18
DUF1152	PF06626.12	295	D4280.contig102_1	296	0.00045
DUF4123	PF13503.6	131	D4280.contig102_2	268	4.7e-09
AstA	PF04958.12	337	D4280.contig102_3	572	0.0044
SIR2_2	PF13289.6	143	D4280.contig103_1	400	7.9e-07
CC	PF04942.14	34	D4280.contig103_1	400	0.087
DUF87	PF01935.17	227	D4280.contig103_2	418	8.1e-19
TrwB_AAD_bind	PF10412.9	386	D4280.contig103_2	418	2.2e-06
DDE_Tnp_1	PF01609.21	214	D4280.contig103_3	134	1.2e-15
DDE_Tnp_1_6	PF13751.6	125	D4280.contig103_3	134	0.0012
DUF3438	PF11920.8	286	D4280.contig104_1	208	3.8e-79
UPF0242	PF06785.11	193	D4280.contig104_2	497	0.00039
Mod_r	PF07200.13	146	D4280.contig104_2	497	0.0073
TraC_F_IV	PF11130.8	238	D4280.contig104_4	279	2.4e-53
ACR_tran	PF00873.19	1021	D4280.contig105_1	154	1.1e-49
SecD_SecF	PF02355.16	189	D4280.contig105_1	154	0.002
ACR_tran	PF00873.19	1021	D4280.contig105_2	827	3.9e-188
Sigma70_r2	PF04542.14	71	D4280.contig106_2	194	3.2e-17
Sigma70_r4_2	PF08281.12	54	D4280.contig106_2	194	7.7e-07
Sigma70_r4	PF04545.16	50	D4280.contig106_2	194	1.7e-05
MscL	PF01741.18	121	D4280.contig106_3	111	4.1e-37
DUF1508	PF07411.12	48	D4280.contig106_4	111	2.8e-47
DUF1508	PF07411.12	48	D4280.contig106_4	111	2.8e-47
OAD_gamma	PF04277.13	77	D4280.contig106_5	72	0.0061
Pox_P21	PF05313.12	189	D4280.contig106_5	72	0.029
Sigma70_r2	PF04542.14	71	D4280.contig106_6	177	1.8e-15
Sigma70_r4	PF04545.16	50	D4280.contig106_6	177	6e-08
Sigma70_r4_2	PF08281.12	54	D4280.contig106_6	177	7.2e-08
HTH_50	PF18024.1	50	D4280.contig106_6	177	0.0018
Sigma70_ECF	PF07638.11	185	D4280.contig106_6	177	0.0035
HTH_1	PF00126.27	60	D4280.contig106_6	177	0.0037
HTH_30	PF13556.6	59	D4280.contig106_6	177	0.0073
Molybdopterin	PF00384.22	432	D4280.contig107_1	239	5e-09
Molybdop_Fe4S4	PF04879.16	55	D4280.contig107_1	239	0.00011
OTCace	PF00185.24	157	D4280.contig107_2	308	2.4e-50
OTCace_N	PF02729.21	148	D4280.contig107_2	308	2.9e-45
ABC_tran	PF00005.27	137	D4280.contig107_3	370	1.3e-32
TOBE_2	PF08402.10	76	D4280.contig107_3	370	5.8e-10
AAA_21	PF13304.6	303	D4280.contig107_3	370	2.2e-08
SMC_N	PF02463.19	220	D4280.contig107_3	370	0.00054
RsgA_GTPase	PF03193.16	167	D4280.contig107_3	370	0.0033
KDZ	PF18758.1	223	D4280.contig109_1	67	0.00026
GDC-P	PF02347.16	430	D4280.contig110_2	356	6.4e-117
GDC-P	PF02347.16	430	D4280.contig110_3	521	3.7e-32
GDC-P	PF02347.16	430	D4280.contig110_3	521	3.7e-32
Aminotran_5	PF00266.19	371	D4280.contig110_3	521	3.6e-07
Beta_elim_lyase	PF01212.21	293	D4280.contig110_3	521	0.00043
PRMT5_TIM	PF17285.2	256	D4280.contig111_1	79	0.00023
BNR_3	PF13859.6	310	D4280.contig111_5	138	0.0024
Phage_holin_2_1	PF04971.12	64	D4280.contig111_5	138	0.01
N6_Mtase	PF02384.16	312	D4280.contig112_1	515	8.3e-39
Eco57I	PF07669.11	106	D4280.contig112_1	515	3.7e-05
Collagen	PF01391.18	60	D4280.contig112_2	299	0.00023
