target	acc	tlen	query	qlen	evalue
Arnt_C	PF18583.1	103	D4014.contig1_4	157	0.098
ParBc	PF02195.18	90	D4014.contig1_13	344	0.00042
DUF262	PF03235.14	221	D4014.contig1_13	344	0.0005
APOBEC3	PF18771.1	137	D4014.contig1_16	131	0.0016
DUF2373	PF10180.9	63	D4014.contig1_16	131	0.011
YjbT	PF17089.5	92	D4014.contig1_17	212	0.05
HTH_24	PF13412.6	48	D4014.contig1_19	291	1e-05
MarR_2	PF12802.7	62	D4014.contig1_19	291	0.00023
LPD24	PF18839.1	70	D4014.contig1_22	99	1.1e-15
TOM6p	PF15184.6	74	D4014.contig1_24	76	0.056
DUF2786	PF10979.8	40	D4014.contig1_25	231	6e-15
Histone_HNS	PF00816.21	92	D4014.contig1_25	231	0.0037
Hydrolase	PF00702.26	210	D4014.contig1_25	231	0.012
DUF932	PF06067.11	228	D4014.contig1_26	325	3.8e-51
Phage_int_SAM_3	PF14659.6	58	D4014.contig1_26	325	0.0081
TrfA	PF07042.11	282	D4014.contig1_27	195	0.03
DUF5633	PF18656.1	41	D4014.contig1_28	58	0.066
DUF1103	PF06513.11	215	D4014.contig1_32	121	0.011
N6_N4_Mtase	PF01555.18	231	D4014.contig1_34	133	0.024
RVT_1	PF00078.27	222	D4014.contig1_35	432	1e-20
Pox_A31	PF05771.11	113	D4014.contig1_35	432	0.013
ArdA	PF07275.11	162	D4014.contig1_37	216	0.0012
NAPRTase_N	PF17767.1	125	D4014.contig1_39	73	0.037
HrpB7	PF09486.10	157	D4014.contig1_39	73	0.07
P22_AR_N	PF10547.9	114	D4014.contig1_40	399	1.5e-19
DpnD-PcfM	PF14207.6	46	D4014.contig1_43	75	0.075
RtcB	PF01139.17	412	D4014.contig1_46	396	3.2e-61
RtcB	PF01139.17	412	D4014.contig1_46	396	3.2e-61
ARS2	PF04959.13	195	D4014.contig1_46	396	0.019
YscJ_FliF	PF01514.17	194	D4014.contig1_47	61	0.033
CHS5_N	PF16892.5	48	D4014.contig1_48	398	0.081
DZR	PF12773.7	49	D4014.contig1_50	193	0.00059
Phage_GP20	PF06810.11	149	D4014.contig1_51	59	0.0051
APG17	PF04108.12	396	D4014.contig1_51	59	0.018
CCDC24	PF15669.5	202	D4014.contig1_51	59	0.025
EKAL	PF17986.1	53	D4014.contig1_52	66	0.021
DUF3792	PF12670.7	115	D4014.contig1_55	54	0.0008
DUF1218	PF06749.12	91	D4014.contig1_55	54	0.00096
YrhC	PF14143.6	72	D4014.contig1_55	54	0.0061
zinc_ribbon_2	PF13240.6	23	D4014.contig1_59	66	0.0014
DZR	PF12773.7	49	D4014.contig1_59	66	0.0016
zf-ribbon_3	PF13248.6	26	D4014.contig1_59	66	0.0017
zf-LITAF-like	PF10601.9	70	D4014.contig1_59	66	0.0025
A2L_zn_ribbon	PF08792.10	33	D4014.contig1_59	66	0.0028
zinc-ribbons_6	PF07191.12	67	D4014.contig1_59	66	0.0033
DUF1272	PF06906.11	57	D4014.contig1_59	66	0.0062
zinc_ribbon_15	PF17032.5	86	D4014.contig1_59	66	0.01
SAC3	PF12209.8	77	D4014.contig1_60	51	0.00051
Par3_HAL_N_term	PF12053.8	83	D4014.contig1_63	85	0.084
GP88	PF17338.2	231	D4014.contig1_64	221	0.00091
Zn_ribbon_SprT	PF17283.2	38	D4014.contig1_66	164	0.00074
NTF-like	PF14540.6	118	D4014.contig1_66	164	0.0072
Phage_integrase	PF00589.22	172	D4014.contig1_68	343	9.3e-25
Phage_int_SAM_1	PF02899.17	84	D4014.contig1_68	343	7.1e-09
Phage_int_SAM_4	PF13495.6	85	D4014.contig1_68	343	0.00058
DndB	PF14072.6	346	D4014.contig1_69	424	9.7e-09
DNA_ligase_aden	PF01653.18	318	D4014.contig1_72	384	3.9e-72
DNA_ligase_OB	PF03120.16	79	D4014.contig1_72	384	8.7e-16
NUMOD4	PF07463.11	49	D4014.contig1_73	187	4.1e-13
HNH_3	PF13392.6	46	D4014.contig1_73	187	5.4e-10
BRCT	PF00533.26	79	D4014.contig1_74	291	1.2e-12
PTCB-BRCT	PF12738.7	63	D4014.contig1_74	291	0.0002
BRCT_2	PF16589.5	85	D4014.contig1_74	291	0.0026
HHH_5	PF14520.6	57	D4014.contig1_74	291	0.003
PhaP_Bmeg	PF09602.10	168	D4014.contig1_75	211	0.0025
DUF349	PF03993.12	75	D4014.contig1_76	690	0.037
DUF2829	PF11195.8	72	D4014.contig1_77	165	5.1e-26
BNIP2	PF12496.8	136	D4014.contig1_78	127	0.015
DUF4013	PF13197.6	168	D4014.contig1_79	58	0.013
E1-E2_ATPase	PF00122.20	181	D4014.contig1_80	873	1.1e-34
Cation_ATPase_C	PF00689.21	182	D4014.contig1_80	873	2.6e-30
Hydrolase	PF00702.26	210	D4014.contig1_80	873	3.5e-22
Cation_ATPase_N	PF00690.26	69	D4014.contig1_80	873	5.1e-11
Cation_ATPase	PF13246.6	91	D4014.contig1_80	873	3.9e-07
Hydrolase_3	PF08282.12	255	D4014.contig1_80	873	4e-06
vWA-TerF-like	PF10138.9	200	D4014.contig1_81	256	1.5e-60
Copine	PF07002.16	218	D4014.contig1_81	256	4.4e-11
VWA	PF00092.28	175	D4014.contig1_81	256	4.3e-09
Glyco_hydro_35	PF01301.19	316	D4014.contig1_81	256	0.0093
TerD	PF02342.18	187	D4014.contig1_82	213	6.3e-36
PspA_IM30	PF04012.12	221	D4014.contig1_83	250	3.9e-07
DUF4407	PF14362.6	298	D4014.contig1_83	250	0.0024
Cu-oxidase_3	PF07732.15	119	D4014.contig1_84	174	0.02
Glyco_H_20C_C	PF18088.1	194	D4014.contig1_85	124	0.03
RNA_ligase	PF09414.10	161	D4014.contig1_86	307	2.3e-25
AAA_24	PF13479.6	197	D4014.contig1_89	383	8.3e-45
DnaB_C	PF03796.15	255	D4014.contig1_91	492	0.00046
AAA_25	PF13481.6	194	D4014.contig1_91	492	0.002
ATPase	PF06745.13	231	D4014.contig1_91	492	0.012
PDDEXK_1	PF12705.7	255	D4014.contig1_93	384	3.8e-13
DNA_pol3_alpha	PF07733.12	260	D4014.contig1_94	1160	5.4e-54
PHP	PF02811.19	167	D4014.contig1_94	1160	1.9e-22
DNA_pol3_finger	PF17657.1	166	D4014.contig1_94	1160	7.3e-20
HHH_6	PF14579.6	90	D4014.contig1_94	1160	1.1e-05
AAA_30	PF13604.6	192	D4014.contig1_95	766	4e-33
AAA_19	PF13245.6	146	D4014.contig1_95	766	1.4e-21
UvrD_C_2	PF13538.6	52	D4014.contig1_95	766	4.8e-12
HHH_4	PF14490.6	92	D4014.contig1_95	766	2e-09
SH3_13	PF18335.1	65	D4014.contig1_95	766	9.8e-09
HD	PF01966.22	122	D4014.contig1_96	135	0.054
HD	PF01966.22	122	D4014.contig1_97	135	0.00013
QSregVF_b	PF12843.7	66	D4014.contig1_97	135	0.0088
Thy1	PF02511.15	188	D4014.contig1_98	251	8.9e-06
Guanylate_kin	PF00625.21	182	D4014.contig1_100	195	5.3e-12
RNA_helicase	PF00910.22	107	D4014.contig1_100	195	7.1e-05
MMR_HSR1	PF01926.23	114	D4014.contig1_100	195	0.00072
TsaE	PF02367.17	125	D4014.contig1_100	195	0.001
AAA_23	PF13476.6	200	D4014.contig1_100	195	0.0028
AAA_18	PF13238.6	130	D4014.contig1_100	195	0.0037
Ribonuc_red_lgC	PF02867.15	524	D4014.contig1_101	748	1.3e-118
DUF1761	PF08570.10	125	D4014.contig1_103	56	0.033
Band_7	PF01145.25	178	D4014.contig1_104	321	7.1e-23
Band_7_1	PF13421.6	211	D4014.contig1_104	321	1.4e-05
Metallophos	PF00149.28	204	D4014.contig1_107	248	3e-09
Isochorismatase	PF00857.20	175	D4014.contig1_110	185	1.7e-24
VWA_2	PF13519.6	107	D4014.contig1_112	300	0.03
Adenylsucc_synt	PF00709.21	419	D4014.contig1_113	369	8.2e-44
eIF-3_zeta	PF05091.12	520	D4014.contig1_113	369	0.0033
Pribosyl_synth	PF14572.6	184	D4014.contig1_114	266	1.8e-05
Pribosyltran	PF00156.27	159	D4014.contig1_114	266	8.9e-05
NAPRTase	PF04095.16	241	D4014.contig1_117	491	6.4e-33
DUF5598	PF18127.1	98	D4014.contig1_117	491	1.6e-18
PTS_2-RNA	PF01885.16	181	D4014.contig1_119	180	9.7e-41
TaqI_C	PF12950.7	120	D4014.contig1_119	180	0.012
PARP	PF00644.20	195	D4014.contig1_119	180	0.013
Macro	PF01661.21	118	D4014.contig1_121	167	0.0026
YAcAr	PF10686.9	67	D4014.contig1_122	142	9e-13
DNA_processg_A	PF02481.15	210	D4014.contig1_122	142	0.00017
PHO4	PF01384.20	337	D4014.contig1_123	99	0.032
DUF1768	PF08719.11	161	D4014.contig1_125	143	2.7e-27
Phage_30_3	PF08010.11	138	D4014.contig1_125	143	0.00085
NAD_synthase	PF02540.17	242	D4014.contig1_127	271	1.4e-52
QueC	PF06508.13	210	D4014.contig1_127	271	0.0002
tRNA_Me_trans	PF03054.16	356	D4014.contig1_127	271	0.00061
Asn_synthase	PF00733.21	355	D4014.contig1_127	271	0.013
CTP_transf_like	PF01467.26	143	D4014.contig1_129	183	2.6e-08
RelB_N	PF18506.1	47	D4014.contig1_133	231	0.017
dUTPase	PF00692.19	129	D4014.contig1_134	179	1.7e-12
PTS-HPr	PF00381.19	82	D4014.contig1_137	81	0.00021
HTH_17	PF12728.7	51	D4014.contig1_138	63	4.9e-07
Phage_integrase	PF00589.22	172	D4014.contig1_139	398	1.4e-29
Phage_int_SAM_5	PF13102.6	99	D4014.contig1_139	398	4.3e-05
YabA	PF06156.13	102	D4014.contig1_140	89	0.00055
DUF5063	PF16702.5	165	D4014.contig1_141	183	0.0031
NuA4	PF09340.10	79	D4014.contig1_141	183	0.0037
Glyco_hydro_25	PF01183.20	178	D4014.contig1_142	564	3e-34
CHAP	PF05257.16	83	D4014.contig1_142	564	2.8e-11
SH3_3	PF08239.11	55	D4014.contig1_142	564	1.8e-09
Radical_SAM	PF04055.21	167	D4014.contig1_143	444	2.3e-07
Fer4_12	PF13353.6	139	D4014.contig1_143	444	0.0003
Fer4_14	PF13394.6	118	D4014.contig1_143	444	0.0073
Gly_rich	PF12810.7	243	D4014.contig1_146	814	4.5e-96
Gly_rich	PF12810.7	243	D4014.contig1_146	814	4.5e-96
Gly_rich	PF12810.7	243	D4014.contig1_148	1098	1.6e-142
Gly_rich	PF12810.7	243	D4014.contig1_148	1098	1.6e-142
Gly_rich	PF12810.7	243	D4014.contig1_148	1098	1.6e-142
Laminin_II	PF06009.12	138	D4014.contig1_154	2408	0.0033
Invasin_D3	PF09134.10	96	D4014.contig1_155	236	0.0041
DUF1664	PF07889.12	124	D4014.contig1_156	149	4.7e-06
Spc7	PF08317.11	310	D4014.contig1_156	149	1.9e-05
DUF724	PF05266.14	188	D4014.contig1_156	149	5.6e-05
Tropomyosin	PF00261.20	237	D4014.contig1_156	149	0.00011
ATG16	PF08614.11	200	D4014.contig1_156	149	0.00029
Cast	PF10174.9	763	D4014.contig1_156	149	0.0003
Tropomyosin_1	PF12718.7	143	D4014.contig1_156	149	0.00036
APG6_N	PF17675.1	133	D4014.contig1_156	149	0.00044
DUF2884	PF11101.8	228	D4014.contig1_156	149	0.0007
Nre_N	PF04894.12	270	D4014.contig1_158	139	0.061
Radial_spoke_3	PF06098.11	286	D4014.contig1_159	131	0.12
Peptidase_S74	PF13884.6	58	D4014.contig1_160	1840	3.8e-09
DUF3672	PF12421.8	133	D4014.contig1_160	1840	1.4e-07
Collagen	PF01391.18	60	D4014.contig1_160	1840	1.9e-07
Minor_capsid_2	PF11114.8	114	D4014.contig2_2	125	3.3e-07
DUF4355	PF14265.6	125	D4014.contig2_6	235	8.4e-07
DUF4337	PF14235.6	161	D4014.contig2_8	65	0.024
DUF3048_C	PF17479.2	111	D4014.contig2_9	88	0.011
DUF2827	PF10933.8	362	D4014.contig2_9	88	0.059
Phage_Mu_F	PF04233.14	112	D4014.contig2_11	249	7.8e-06
BLOC1_2	PF10046.9	96	D4014.contig2_11	249	0.012
Phage_prot_Gp6	PF05133.14	420	D4014.contig2_12	473	7e-75
DUF2075	PF09848.9	363	D4014.contig2_13	146	0.0041
Resolvase	PF00239.21	146	D4014.contig2_16	190	1.1e-34
HTH_49	PF18010.1	29	D4014.contig2_16	190	1.9e-07
HTH_7	PF02796.15	45	D4014.contig2_16	190	3.2e-06
HTH_23	PF13384.6	50	D4014.contig2_16	190	0.0038
Resolvase	PF00239.21	146	D4014.contig2_17	196	2.6e-43
Lipocalin_8	PF16585.5	135	D4014.contig2_17	196	0.02
HTH_Tnp_1_2	PF13022.6	123	D4014.contig2_18	154	2e-07
HTH_23	PF13384.6	50	D4014.contig2_18	154	2e-05
GerE	PF00196.19	57	D4014.contig2_18	154	0.00051
Phage_terminase	PF10668.9	60	D4014.contig2_18	154	0.00058
HTH_29	PF13551.6	63	D4014.contig2_18	154	0.0017
HTH_Tnp_1	PF01527.20	75	D4014.contig2_18	154	0.0026
ERCC4	PF02732.15	156	D4014.contig2_19	170	1.5e-09
DUF2816	PF10992.8	62	D4014.contig2_19	170	0.038
GIY-YIG	PF01541.24	78	D4014.contig2_20	335	0.00028
HTH_3	PF01381.22	55	D4014.contig2_24	115	2.3e-15
HTH_31	PF13560.6	64	D4014.contig2_24	115	6.8e-13
HTH_19	PF12844.7	65	D4014.contig2_24	115	9.8e-11
MazE_antitoxin	PF04014.18	46	D4014.contig2_24	115	1.1e-05
GP3_package	PF16677.5	113	D4014.contig2_24	115	0.0045
MqsA_antitoxin	PF15731.5	131	D4014.contig2_24	115	0.0048
AvrB_AvrC	PF05394.11	326	D4014.contig2_26	323	0.019
PAPS_reduct	PF01507.19	174	D4014.contig2_30	263	3.4e-10
Peptidase_C107	PF17222.3	314	D4014.contig2_30	263	0.016
RAMPs	PF03787.15	213	D4014.contig2_31	277	0.0013
dCMP_cyt_deam_1	PF00383.23	101	D4014.contig2_34	35	0.0036
Thy1	PF02511.15	188	D4014.contig2_35	627	3e-20
LAGLIDADG_3	PF14528.6	83	D4014.contig2_35	627	1.7e-06
Lar_restr_allev	PF14354.6	62	D4014.contig2_37	66	0.0051
YopX	PF09643.10	131	D4014.contig2_40	125	9.5e-15
DUF1653	PF07866.11	62	D4014.contig2_41	127	4.9e-17
TetR_N	PF00440.23	47	D4014.contig2_41	127	0.047
MazG	PF03819.17	74	D4014.contig2_44	94	4.5e-06
PRA-PH	PF01503.17	83	D4014.contig2_44	94	0.046
Sigma70_r4	PF04545.16	50	D4014.contig2_45	157	8.9e-09
Sigma70_r4_2	PF08281.12	54	D4014.contig2_45	157	9.5e-09
GerE	PF00196.19	57	D4014.contig2_45	157	0.00015
Toxin_trans	PF07952.12	318	D4014.contig2_46	133	0.021
YpzI	PF14140.6	42	D4014.contig2_47	92	0.05
Tautomerase_2	PF14552.6	82	D4014.contig2_47	92	0.062
HTH_38	PF13936.6	44	D4014.contig2_49	50	0.0032
Terminase_5	PF06056.12	58	D4014.contig2_49	50	0.021
MazE_antitoxin	PF04014.18	46	D4014.contig2_50	56	0.00023
MraZ	PF02381.18	72	D4014.contig2_50	56	0.012
Lactamase_B_2	PF12706.7	201	D4014.contig2_52	238	4.2e-10
Lactamase_B	PF00753.27	197	D4014.contig2_52	238	6.2e-06
RecT	PF03837.14	199	D4014.contig2_53	289	9.9e-47
MetOD1	PF18546.1	155	D4014.contig2_53	289	0.005
RRXRR	PF14239.6	174	D4014.contig2_54	416	7.2e-47
HNH	PF01844.23	47	D4014.contig2_54	416	4.4e-12
HNH_5	PF14279.6	56	D4014.contig2_54	416	8.3e-07
AAA_15	PF13175.6	369	D4014.contig2_56	746	1.3e-10
SMC_N	PF02463.19	220	D4014.contig2_56	746	1.9e-08
DUF2813	PF11398.8	372	D4014.contig2_56	746	9.7e-08
AAA_29	PF13555.6	61	D4014.contig2_56	746	3e-06
AAA_21	PF13304.6	303	D4014.contig2_56	746	0.0022
AAA_27	PF13514.6	207	D4014.contig2_56	746	0.0029
HTH_34	PF13601.6	80	D4014.contig2_57	147	4.9e-10
MarR	PF01047.22	59	D4014.contig2_57	147	9.6e-10
MarR_2	PF12802.7	62	D4014.contig2_57	147	3.1e-08
HTH_27	PF13463.6	68	D4014.contig2_57	147	3.3e-07
HTH_24	PF13412.6	48	D4014.contig2_57	147	1.4e-05
TrmB	PF01978.19	68	D4014.contig2_57	147	5.8e-05
B-block_TFIIIC	PF04182.12	75	D4014.contig2_57	147	0.00088
FeoC	PF09012.10	69	D4014.contig2_57	147	0.0011
Fe_dep_repress	PF01325.19	60	D4014.contig2_57	147	0.0038
HTH_3	PF01381.22	55	D4014.contig2_58	52	5.5e-12
HTH_31	PF13560.6	64	D4014.contig2_58	52	2.4e-06
HTH_19	PF12844.7	65	D4014.contig2_58	52	5.9e-05
HTH_26	PF13443.6	63	D4014.contig2_58	52	6.5e-05
HNH	PF01844.23	47	D4014.contig2_59	157	2.5e-12
HNH_5	PF14279.6	56	D4014.contig2_59	157	1.7e-07
SSB	PF00436.25	104	D4014.contig2_61	137	3.9e-29
HNH_3	PF13392.6	46	D4014.contig2_62	205	1.4e-06
DWNN	PF08783.11	74	D4014.contig2_62	205	0.0073
Methyltransf_PK	PF05891.12	218	D4014.contig2_62	205	0.0079
IstB_IS21	PF01695.17	178	D4014.contig2_64	227	5e-20
Bac_DnaA	PF00308.18	219	D4014.contig2_64	227	4.3e-07
ResIII	PF04851.15	171	D4014.contig2_64	227	0.00039
AAA_11	PF13086.6	261	D4014.contig2_64	227	0.0032
AAA_22	PF13401.6	137	D4014.contig2_64	227	0.0033
PhoH	PF02562.16	205	D4014.contig2_64	227	0.0057
HTH_36	PF13730.6	55	D4014.contig2_65	306	1.1e-10
HTH_24	PF13412.6	48	D4014.contig2_65	306	0.00091
HTH_20	PF12840.7	61	D4014.contig2_65	306	0.0091
BET	PF17035.5	64	D4014.contig2_66	62	0.0013
HTH_19	PF12844.7	65	D4014.contig2_67	149	3.1e-09
HTH_3	PF01381.22	55	D4014.contig2_67	149	9.9e-07
DUF4447	PF14590.6	166	D4014.contig2_67	149	0.024
HTH_26	PF13443.6	63	D4014.contig2_69	67	4.6e-10
HTH_3	PF01381.22	55	D4014.contig2_69	67	5e-10
HTH_19	PF12844.7	65	D4014.contig2_69	67	1.7e-07
HTH_25	PF13413.6	62	D4014.contig2_69	67	0.00057
HTH_31	PF13560.6	64	D4014.contig2_69	67	0.0031
DUF1098	PF06497.11	93	D4014.contig2_69	67	0.0061
VirE	PF05272.11	198	D4014.contig2_70	48	0.088
FKBP_N_2	PF18023.1	113	D4014.contig2_71	111	0.003
Mesd	PF10185.9	155	D4014.contig2_71	111	0.019
HNH_3	PF13392.6	46	D4014.contig2_72	153	1.2e-05
NARG2_C	PF10505.9	211	D4014.contig2_73	217	0.053
HTH_36	PF13730.6	55	D4014.contig2_76	363	2.2e-11
RHH_1	PF01402.21	39	D4014.contig2_77	52	0.00012
ALP_N	PF17989.1	147	D4014.contig2_78	308	1.6e-17
Dzip-like_N	PF13815.6	118	D4014.contig2_79	98	0.0021
RHH_5	PF07878.11	43	D4014.contig2_80	49	0.0015
OrfB_Zn_ribbon	PF07282.11	69	D4014.contig2_81	381	2.2e-25
HTH_OrfB_IS605	PF12323.8	47	D4014.contig2_81	381	1.6e-17
OrfB_IS605	PF01385.19	120	D4014.contig2_81	381	5.5e-15
Amidase_2	PF01510.25	126	D4014.contig2_82	270	7.7e-26
Phage_holin_5_2	PF16079.5	75	D4014.contig2_83	87	6.2e-14
XhlA	PF10779.9	67	D4014.contig2_84	78	0.00014
NRDD	PF13597.6	561	D4014.contig2_86	90	5.6e-09
BppU_N	PF10651.9	148	D4014.contig2_89	179	0.00017
zf-UBP_var	PF17807.1	64	D4014.contig2_89	179	0.049
Prophage_tail	PF06605.11	316	D4014.contig2_91	1443	8.4e-37
SLT	PF01464.20	117	D4014.contig2_91	1443	9.3e-06
Sipho_tail	PF05709.11	255	D4014.contig2_92	672	4.2e-37
SH3_3	PF08239.11	55	D4014.contig2_92	672	1.8e-08
PhageMin_Tail	PF10145.9	198	D4014.contig2_93	1263	8.1e-40
Phage_Gp15	PF06854.11	170	D4014.contig2_95	215	2.9e-54
CBM77	PF18283.1	109	D4014.contig3_1	156	0.028
DUF2190	PF09956.9	102	D4014.contig3_2	117	2.5e-08
Phage_cap_E	PF03864.15	333	D4014.contig3_3	332	0.00027
DNA_pol3_beta_2	PF02767.16	116	D4014.contig3_4	174	6.9e-06
DUF4128	PF13554.6	128	D4014.contig3_9	139	1.4e-08
Methyltransf_23	PF13489.6	165	D4014.contig3_12	198	3.1e-07
RcbX	PF02341.15	111	D4014.contig3_14	52	0.079
dUTPase	PF00692.19	129	D4014.contig3_16	148	3.1e-16
DUF5420	PF17457.2	185	D4014.contig3_20	205	9.1e-07
Imm_superinfect	PF14373.6	42	D4014.contig3_23	65	3.7e-10
Phage_GP20	PF06810.11	149	D4014.contig3_24	969	0.00019
SCAMP	PF04144.13	174	D4014.contig3_25	167	0.09
DUF1833	PF08875.11	150	D4014.contig3_26	169	1.1e-06
TAF1_subA	PF14929.6	369	D4014.contig3_27	124	0.12
Tail_spike_N	PF18668.1	70	D4014.contig3_29	616	4.1e-12
Beta_helix	PF13229.6	158	D4014.contig3_29	616	3.5e-08
Beta_helix	PF13229.6	158	D4014.contig3_29	616	3.5e-08
Phage_lysozyme	PF00959.19	109	D4014.contig3_31	182	1.9e-05
tRNA_synt_2f	PF02092.17	534	D4014.contig3_32	117	0.026
DUF2632	PF10943.8	233	D4014.contig3_32	117	0.073
N6_N4_Mtase	PF01555.18	231	D4014.contig3_33	395	3.6e-31
DUF4406	PF14359.6	91	D4014.contig3_34	117	0.0014
RNase_H_2	PF13482.6	166	D4014.contig3_37	710	0.0091
Methyltransf_25	PF13649.6	97	D4014.contig3_38	156	6.1e-06
DUF2815	PF10991.8	173	D4014.contig3_39	249	1.9e-09
DUF2800	PF10926.8	363	D4014.contig3_40	378	1.5e-50
DUF5051	PF16473.5	166	D4014.contig3_42	438	3.2e-32
Trypan_PARP	PF05887.11	134	D4014.contig3_42	438	6.4
DUF4368	PF14287.6	67	D4014.contig3_45	51	0.033
DUF2591	PF10765.9	116	D4014.contig3_46	106	3.1e-12
ResIII	PF04851.15	171	D4014.contig3_47	559	3.4e-14
Helicase_C	PF00271.31	111	D4014.contig3_47	559	3.9e-09
DZR	PF12773.7	49	D4014.contig3_47	559	0.0014
DEAD	PF00270.29	176	D4014.contig3_47	559	0.0051
VRR_NUC	PF08774.11	108	D4014.contig3_48	169	0.0061
Herpes_ORF11	PF04797.13	379	D4014.contig3_50	119	0.093
MUG113	PF13455.6	77	D4014.contig3_53	278	2.4e-08
T5orf172	PF10544.9	103	D4014.contig3_53	278	6.1e-08
DUF723	PF05265.13	60	D4014.contig3_53	278	2.6e-05
DUF4379	PF14311.6	56	D4014.contig3_53	278	4.3e-05
DUF3301	PF11743.8	95	D4014.contig3_53	278	0.0042
GIY-YIG	PF01541.24	78	D4014.contig3_53	278	0.0048
RepB_primase	PF16793.5	240	D4014.contig3_54	768	0.00032
VirE	PF05272.11	198	D4014.contig3_54	768	0.003
COG2	PF06148.11	133	D4014.contig3_61	70	0.071
DUF2072	PF09845.9	133	D4014.contig3_62	80	0.027
ImmE5	PF11480.8	82	D4014.contig3_64	126	0.093
Terminase_2	PF03592.16	140	D4014.contig3_65	206	3.1e-05
Terminase_3C	PF17288.2	155	D4014.contig3_67	585	8.3e-06
Ninjurin	PF04923.12	103	D4014.contig3_68	125	0.016
Ead_Ea22	PF13935.6	139	D4014.contig3_73	118	0.0049
DUF551	PF04448.12	69	D4014.contig3_74	205	2.1e-10
KIP1	PF07765.12	74	D4014.contig3_74	205	0.0092
DUF1345	PF07077.11	173	D4014.contig3_75	61	0.013
Acid_phosphat_B	PF03767.14	230	D4014.contig3_79	161	5.2e-05
Hydrolase_6	PF13344.6	101	D4014.contig3_79	161	0.012
Hydrolase	PF00702.26	210	D4014.contig3_79	161	0.018
DUF935	PF06074.12	520	D4014.contig3_80	452	8.2e-06
DUF4326	PF14216.6	83	D4014.contig3_81	96	6.4e-24
DUF3310	PF11753.8	60	D4014.contig3_85	240	3.4e-23
Gamma-thionin	PF00304.20	47	D4014.contig3_89	86	0.036
Phage_Mu_F	PF04233.14	112	D4014.contig3_91	308	3.4e-13
DUF3656	PF12392.8	107	D4014.contig3_92	71	0.16
DUF2591	PF10765.9	116	D4014.contig3_94	125	2.3e-11
Peptidase_S78_2	PF14550.6	120	D4014.contig3_95	128	7.2e-06
CBM77	PF18283.1	109	D4014.contig3_96	298	0.0085
DUF1761	PF08570.10	125	D4014.contig3_96	298	0.05
PuR_N	PF09182.10	70	D4014.contig4_3	201	0.0014
RNA_pol_Rpb2_2	PF04561.14	190	D4014.contig4_6	297	0.029
CLP_protease	PF00574.23	182	D4014.contig4_9	373	5.3e-14
HCR	PF07111.12	749	D4014.contig4_9	373	0.0055
Cytochrome-c551	PF10643.9	207	D4014.contig4_9	373	0.016
zf-CHC2	PF01807.20	98	D4014.contig4_14	1018	2.9e-12
DUF3854	PF12965.7	130	D4014.contig4_14	1018	2.6e-06
DUF3972	PF13118.6	125	D4014.contig4_15	114	0.0013
GerE	PF00196.19	57	D4014.contig4_17	186	1.1e-14
Sigma70_r4_2	PF08281.12	54	D4014.contig4_17	186	0.011
MutH	PF02976.15	103	D4014.contig4_18	87	0.072
HTH_19	PF12844.7	65	D4014.contig4_20	127	7e-09
HTH_3	PF01381.22	55	D4014.contig4_20	127	1.3e-08
HTH_26	PF13443.6	63	D4014.contig4_20	127	1.5e-06
DUF3213	PF11491.8	84	D4014.contig4_20	127	0.017
Phage_integrase	PF00589.22	172	D4014.contig4_22	389	1e-18
Phage_int_SAM_5	PF13102.6	99	D4014.contig4_22	389	4.7e-18
Arm-DNA-bind_5	PF17293.2	86	D4014.contig4_22	389	2.2e-11
UIM	PF02809.20	17	D4014.contig4_28	68	0.054
DUF4364	PF14277.6	162	D4014.contig4_29	102	0.11
DoxA	PF07680.11	132	D4014.contig4_30	132	0.0091
HicA_toxin	PF07927.12	58	D4014.contig4_31	68	1e-08
PhageMin_Tail	PF10145.9	198	D4014.contig4_33	1167	2.6e-19
Glyco_hydro_108	PF05838.12	85	D4014.contig4_35	175	2.2e-21
PG_binding_3	PF09374.10	76	D4014.contig4_35	175	1.9e-13
PG_binding_1	PF01471.18	57	D4014.contig4_35	175	0.0074
Beta_helix	PF13229.6	158	D4014.contig4_37	714	6.8e-06
Beta_helix	PF13229.6	158	D4014.contig4_37	714	6.8e-06
DUF758	PF05527.11	181	D4014.contig4_38	159	0.0073
Phage_portal	PF04860.12	314	D4014.contig4_41	452	0.0063
Phage_holin_4_1	PF05105.12	114	D4014.contig4_45	187	9.1e-20
PYNP_C	PF07831.13	75	D4014.contig4_47	82	0.11
DUF496	PF04363.12	93	D4014.contig4_48	69	0.13
DUF2442	PF10387.9	79	D4014.contig4_50	136	1.6e-12
HTH_3	PF01381.22	55	D4014.contig4_50	136	0.0016
DUF4160	PF13711.6	66	D4014.contig4_51	79	6e-17
Peptidase_U32_C	PF16325.5	82	D4014.contig4_51	79	0.045
RadC	PF04002.15	122	D4014.contig4_52	197	1.2e-36
Prok-JAB	PF14464.6	118	D4014.contig4_52	197	0.015
Pribosyltran	PF00156.27	159	D4014.contig4_53	187	5.1e-05
PRTase_3	PF15610.6	265	D4014.contig4_53	187	0.057
DUF3375	PF11855.8	475	D4014.contig5_1	146	0.0017
BshC	PF10079.9	538	D4014.contig5_1	146	0.0084
Minor_capsid_3	PF12691.7	129	D4014.contig5_3	132	1.1e-14
Minor_capsid_2	PF11114.8	114	D4014.contig5_4	122	3.4e-28
Minor_capsid_1	PF10665.9	105	D4014.contig5_5	116	8.7e-09
Phage_GP20	PF06810.11	149	D4014.contig5_8	209	3e-45
ADIP	PF11559.8	152	D4014.contig5_8	209	0.0029
Phage_min_cap2	PF06152.11	367	D4014.contig5_9	386	1.5e-83
Phage_prot_Gp6	PF05133.14	420	D4014.contig5_10	517	2.7e-59
Terminase_3	PF04466.13	201	D4014.contig5_11	437	1.2e-40
Terminase_3C	PF17288.2	155	D4014.contig5_11	437	2.8e-25
Sigma70_r4_2	PF08281.12	54	D4014.contig5_12	163	0.016
Nuc_deoxyrib_tr	PF05014.15	131	D4014.contig5_13	324	0.002
DUF4033	PF13225.6	89	D4014.contig5_14	155	0.083
DUF3310	PF11753.8	60	D4014.contig5_16	123	3.8e-09
Nucleoporin_C	PF03177.14	596	D4014.contig5_16	123	0.024
YopX	PF09643.10	131	D4014.contig5_17	154	0.021
Spt5_N	PF11942.8	99	D4014.contig5_17	154	0.039
HTH_3	PF01381.22	55	D4014.contig5_20	145	4e-14
HTH_19	PF12844.7	65	D4014.contig5_20	145	7.4e-09
HTH_31	PF13560.6	64	D4014.contig5_20	145	4.5e-05
HTH_26	PF13443.6	63	D4014.contig5_20	145	0.0056
RusA	PF05866.11	124	D4014.contig5_22	144	3.2e-31
IstB_IS21	PF01695.17	178	D4014.contig5_25	273	2.9e-10
AAA	PF00004.29	132	D4014.contig5_25	273	7.1e-10
Bac_DnaA	PF00308.18	219	D4014.contig5_25	273	9.1e-06
TIP49	PF06068.13	351	D4014.contig5_25	273	6.2e-05
AAA_24	PF13479.6	197	D4014.contig5_25	273	0.00026
AAA_16	PF13191.6	170	D4014.contig5_25	273	0.00088
Kinesin	PF00225.23	333	D4014.contig5_25	273	0.0015
Sigma54_activat	PF00158.26	168	D4014.contig5_25	273	0.0016
Mg_chelatase	PF01078.21	207	D4014.contig5_25	273	0.0017
ATPase	PF06745.13	231	D4014.contig5_25	273	0.0017
SSB	PF00436.25	104	D4014.contig5_27	145	7.5e-17
DUF3799	PF12684.7	234	D4014.contig5_28	283	6.4e-89
PDDEXK_1	PF12705.7	255	D4014.contig5_28	283	1.2e-07
RecT	PF03837.14	199	D4014.contig5_29	333	9.1e-47
PLDc_2	PF13091.6	133	D4014.contig5_29	333	0.0095
Phage_pRha	PF09669.10	88	D4014.contig5_34	257	9.3e-25
ORF6N	PF10543.9	84	D4014.contig5_34	257	0.012
HTH_3	PF01381.22	55	D4014.contig5_35	65	3.4e-13
HTH_31	PF13560.6	64	D4014.contig5_35	65	6.2e-11
HTH_19	PF12844.7	65	D4014.contig5_35	65	3.3e-10
DUF1870	PF08965.10	118	D4014.contig5_35	65	0.0001
HTH_26	PF13443.6	63	D4014.contig5_35	65	0.00033
MqsA_antitoxin	PF15731.5	131	D4014.contig5_35	65	0.0027
HTH_3	PF01381.22	55	D4014.contig5_36	119	2e-10
HTH_26	PF13443.6	63	D4014.contig5_36	119	6.1e-07
HTH_28	PF13518.6	52	D4014.contig5_36	119	4.8e-06
Phage_CI_repr	PF07022.13	65	D4014.contig5_36	119	1.6e-05
HTH_31	PF13560.6	64	D4014.contig5_36	119	4.1e-05
HTH_23	PF13384.6	50	D4014.contig5_36	119	0.00048
HTH_19	PF12844.7	65	D4014.contig5_36	119	0.0013
CENP-B_N	PF04218.13	53	D4014.contig5_36	119	0.0025
Peptidase_M78	PF06114.13	123	D4014.contig5_37	98	0.094
Resolvase	PF00239.21	146	D4014.contig5_39	476	4.5e-41
Recombinase	PF07508.13	104	D4014.contig5_39	476	1.2e-15
Zn_ribbon_recom	PF13408.6	58	D4014.contig5_39	476	9.6e-09
PriA_CRR	PF18319.1	27	D4014.contig5_39	476	0.012
DUF3783	PF12646.7	56	D4014.contig5_42	91	0.091
LysM	PF01476.20	44	D4014.contig5_43	416	7.8e-51
LysM	PF01476.20	44	D4014.contig5_43	416	7.8e-51
LysM	PF01476.20	44	D4014.contig5_43	416	7.8e-51
Glyco_hydro_25	PF01183.20	178	D4014.contig5_43	416	4.3e-21
Phage_holin_6_1	PF09682.10	101	D4014.contig5_44	155	2.2e-13
RP1-2	PF12042.8	168	D4014.contig5_44	155	0.0044
DUF5388	PF17363.2	70	D4014.contig5_44	155	0.0069
DUF3450	PF11932.8	241	D4014.contig5_45	107	0.02
SlyX	PF04102.12	67	D4014.contig5_46	263	0.012
EMP24_GP25L	PF01105.24	182	D4014.contig5_46	263	0.014
BppU_N	PF10651.9	148	D4014.contig5_47	357	2.1e-07
Lipase_GDSL_2	PF13472.6	179	D4014.contig5_48	379	1.6e-15
Lipase_GDSL	PF00657.22	200	D4014.contig5_48	379	1.9e-07
Alpha-E	PF04168.12	293	D4014.contig5_50	64	0.04
Peptidase_S74	PF13884.6	58	D4014.contig5_51	1474	0.0014
Spc7	PF08317.11	310	D4014.contig5_51	1474	0.0031
DUF4407	PF14362.6	298	D4014.contig5_51	1474	0.0068
Prophage_tail	PF06605.11	316	D4014.contig5_52	530	1.1e-36
NLPC_P60	PF00877.19	105	D4014.contig5_52	530	2.5e-16
CHAP	PF05257.16	83	D4014.contig5_52	530	0.0031
Sipho_tail	PF05709.11	255	D4014.contig5_53	272	6.5e-32
SLT	PF01464.20	117	D4014.contig5_54	1207	0.00011
Ssl1	PF04056.14	193	D4014.contig5_54	1207	0.017
Phage_Gp15	PF06854.11	170	D4014.contig5_55	199	1.2e-41
Phage_T7_tail	PF03906.14	157	D4014.contig6_2	538	0.0032
PBECR3	PF18812.1	115	D4014.contig6_3	3000	1.2e-08
ART-PolyVal	PF18760.1	137	D4014.contig6_3	3000	1.6e-05
ART-PolyVal	PF18760.1	137	D4014.contig6_3	3000	1.6e-05
Transglycosylas	PF06737.14	77	D4014.contig6_4	868	0.00054
SLT	PF01464.20	117	D4014.contig6_4	868	0.00063
Mt_ATP-synt_B	PF05405.14	163	D4014.contig6_4	868	0.0017
Peptidase_M30	PF10460.9	364	D4014.contig6_5	212	0.028
DUF2833	PF11090.8	86	D4014.contig6_6	159	4.2e-05
Imm52	PF15579.6	99	D4014.contig6_6	159	0.027
Tube	PF17212.3	169	D4014.contig6_8	197	4.8e-08
UPF0180	PF03698.13	77	D4014.contig6_10	333	0.058
Head-tail_con	PF12236.8	481	D4014.contig6_13	579	1.1e-134
SUKH-4	PF14435.6	173	D4014.contig6_13	579	0.0064
Helicase_RecD	PF05127.14	177	D4014.contig6_15	481	0.015
HTH_23	PF13384.6	50	D4014.contig6_16	208	4.6e-05
HTH_Tnp_1_2	PF13022.6	123	D4014.contig6_16	208	4.9e-05
Terminase_5	PF06056.12	58	D4014.contig6_16	208	0.00044
GP3_package	PF16677.5	113	D4014.contig6_16	208	0.00048
HTH_17	PF12728.7	51	D4014.contig6_16	208	0.002
HTH_Tnp_1	PF01527.20	75	D4014.contig6_16	208	0.0046
DUF1492	PF07374.11	100	D4014.contig6_17	143	2.7e-09
Glyco_hydro_10	PF00331.20	316	D4014.contig6_19	73	0.031
ABC2_membrane_3	PF12698.7	345	D4014.contig6_19	73	0.043
Plant_NMP1	PF06694.11	318	D4014.contig6_20	160	0.024
DNA_methylase	PF00145.17	335	D4014.contig6_23	157	1.9e-14
DNA_methylase	PF00145.17	335	D4014.contig6_24	192	2.3e-35
Endonuclease_7	PF02945.15	82	D4014.contig6_25	100	0.0026
HNH	PF01844.23	47	D4014.contig6_25	100	0.0075
TF_Zn_Ribbon	PF08271.12	43	D4014.contig6_25	100	0.012
CxC4	PF18717.1	131	D4014.contig6_25	100	0.013
PhnA_Zn_Ribbon	PF08274.12	30	D4014.contig6_25	100	0.015
NMD3	PF04981.13	243	D4014.contig6_27	72	0.00036
Dam	PF05869.11	171	D4014.contig6_29	154	6.1e-38
PCIF1_WW	PF12237.8	172	D4014.contig6_29	154	0.011
dUTPase	PF00692.19	129	D4014.contig6_30	150	1.8e-17
HTH_17	PF12728.7	51	D4014.contig6_32	99	3.4e-08
AbiEi_4	PF13338.6	49	D4014.contig6_32	99	2e-06
HTH_23	PF13384.6	50	D4014.contig6_32	99	0.00032
ZapB	PF06005.12	71	D4014.contig6_32	99	0.0035
DUF739	PF05339.11	69	D4014.contig6_34	74	7.2e-09
P22_Cro	PF14549.6	60	D4014.contig6_34	74	0.041
HTH_3	PF01381.22	55	D4014.contig6_35	113	1.9e-10
HTH_26	PF13443.6	63	D4014.contig6_35	113	1.3e-08
HTH_19	PF12844.7	65	D4014.contig6_35	113	1.8e-07
HTH_31	PF13560.6	64	D4014.contig6_35	113	2.4e-06
HNF-1_N	PF04814.13	194	D4014.contig6_35	113	0.0014
Peptidase_M78	PF06114.13	123	D4014.contig6_36	81	4.7e-07
Peptidase_M48	PF01435.18	196	D4014.contig6_36	81	0.017
DUF1664	PF07889.12	124	D4014.contig6_38	121	0.00018
Phage_integrase	PF00589.22	172	D4014.contig6_39	351	1.9e-23
Arm-DNA-bind_4	PF14657.6	46	D4014.contig6_39	351	3.8e-06
Phage_int_SAM_5	PF13102.6	99	D4014.contig6_39	351	0.0033
Phage_int_SAM_3	PF14659.6	58	D4014.contig6_39	351	0.0053
HTH_3	PF01381.22	55	D4014.contig6_40	124	1.7e-08
HTH_31	PF13560.6	64	D4014.contig6_40	124	3.2e-07
HTH_25	PF13413.6	62	D4014.contig6_40	124	3e-05
HTH_19	PF12844.7	65	D4014.contig6_40	124	3.6e-05
HTH_23	PF13384.6	50	D4014.contig6_40	124	0.0044
Amidase_2	PF01510.25	126	D4014.contig6_43	193	1.3e-05
Aph-1	PF06105.12	231	D4014.contig6_44	59	0.044
Phage_holin_4_1	PF05105.12	114	D4014.contig6_45	173	1.6e-06
DUF1642	PF07852.11	138	D4014.contig7_1	168	8.5e-28
MazG	PF03819.17	74	D4014.contig7_2	105	0.00031
MazG-like	PF12643.7	85	D4014.contig7_2	105	0.0067
DUF1372	PF07116.11	104	D4014.contig7_3	103	1.1e-39
YopX	PF09643.10	131	D4014.contig7_5	133	2.8e-19
DUF1340	PF07067.11	236	D4014.contig7_6	237	3.3e-74
FF	PF01846.19	51	D4014.contig7_7	139	0.011
Terminase_2	PF03592.16	140	D4014.contig7_8	160	5.1e-25
DUF1073	PF06381.11	357	D4014.contig7_8	160	0.0097
Terminase_3	PF04466.13	201	D4014.contig7_9	422	2e-62
Terminase_3C	PF17288.2	155	D4014.contig7_9	422	4.7e-39
Terminase_6	PF03237.15	215	D4014.contig7_9	422	1.2e-08
Terminase_6C	PF17289.2	155	D4014.contig7_9	422	2.8e-05
Phage_prot_Gp6	PF05133.14	420	D4014.contig7_10	500	2e-73
Phage_Mu_F	PF04233.14	112	D4014.contig7_11	319	9.4e-08
DUF4355	PF14265.6	125	D4014.contig7_12	184	3.4e-08
Phage_capsid	PF05065.13	280	D4014.contig7_13	311	1.5e-21
HeH	PF12949.7	35	D4014.contig7_14	91	8.9e-10
Endonuc-dimeris	PF09124.10	54	D4014.contig7_14	91	5.6e-05
Phage_connect_1	PF05135.13	99	D4014.contig7_15	116	3.6e-10
Phage_H_T_join	PF05521.11	96	D4014.contig7_16	103	0.0072
HK97-gp10_like	PF04883.12	81	D4014.contig7_17	118	1.8e-05
Phage_tail_2	PF06199.11	135	D4014.contig7_19	181	1.2e-18
Phage_TAC_12	PF12363.8	111	D4014.contig7_20	114	2.9e-20
Baculo_PEP_C	PF04513.12	140	D4014.contig7_22	990	1.1e-06
Urb2	PF10441.9	205	D4014.contig7_22	990	0.001
Sipho_tail	PF05709.11	255	D4014.contig7_23	264	5.3e-22
Sipho_tail	PF05709.11	255	D4014.contig7_23	264	5.3e-22
Gp58	PF07902.11	594	D4014.contig7_24	1676	3.6e-45
Prophage_tail	PF06605.11	316	D4014.contig7_24	1676	2e-26
DcpS	PF05652.12	104	D4014.contig7_25	74	0.02
Poty_PP	PF08440.10	277	D4014.contig7_25	74	0.023
Atg14	PF10186.9	319	D4014.contig7_25	74	0.023
Phage_holin_4_1	PF05105.12	114	D4014.contig7_27	145	2.6e-14
Phage_holin_1	PF04531.13	82	D4014.contig7_28	77	1.3e-19
DUF2012	PF09430.10	123	D4014.contig7_29	151	0.00087
DUF4369	PF14289.6	91	D4014.contig7_29	151	0.0081
Spectrin	PF00435.21	105	D4014.contig7_30	105	0.0048
HSBP1	PF06825.12	51	D4014.contig7_30	105	0.008
ZapB	PF06005.12	71	D4014.contig7_31	91	0.02
ZoocinA_TRD	PF16775.5	106	D4014.contig7_32	282	4.5e-28
Amidase_5	PF05382.13	142	D4014.contig7_32	282	4.1e-17
NLPC_P60	PF00877.19	105	D4014.contig7_32	282	0.00072
Phage_integrase	PF00589.22	172	D4014.contig7_33	389	3e-24
bPH_3	PF14470.6	95	D4014.contig7_34	183	1.3e-12
SHOCT	PF09851.9	28	D4014.contig7_34	183	3.7e-10
GvpG	PF05120.12	80	D4014.contig7_34	183	0.018
Peptidase_M78	PF06114.13	123	D4014.contig7_35	122	2.5e-09
HTH_3	PF01381.22	55	D4014.contig7_36	130	9.4e-11
HTH_19	PF12844.7	65	D4014.contig7_36	130	3.9e-06
HTH_31	PF13560.6	64	D4014.contig7_36	130	0.0044
DUF739	PF05339.11	69	D4014.contig7_37	79	2e-25
HTH_3	PF01381.22	55	D4014.contig7_37	79	3.4e-07
YdaS_antitoxin	PF15943.5	65	D4014.contig7_37	79	0.00022
HTH_19	PF12844.7	65	D4014.contig7_37	79	0.00059
HTH_26	PF13443.6	63	D4014.contig7_37	79	0.0072
Bro-N	PF02498.17	95	D4014.contig7_39	251	2.3e-31
ANT	PF03374.14	108	D4014.contig7_39	251	5.6e-31
Sec39	PF08314.11	750	D4014.contig7_39	251	0.0014
Peptidase_C28	PF05408.11	201	D4014.contig7_40	80	0.05
Collagen_bind	PF05737.12	131	D4014.contig7_45	603	6.1e-16
Big_8	PF17961.1	102	D4014.contig7_45	603	1.5e-08
Gram_pos_anchor	PF00746.21	43	D4014.contig7_45	603	8.9e-06
KN17_SH3	PF18131.1	54	D4014.contig7_46	107	0.054
DivIC	PF04977.15	80	D4014.contig7_47	61	0.11
ERF	PF04404.12	153	D4014.contig7_48	233	6.4e-20
dUTPase_2	PF08761.11	166	D4014.contig7_48	233	0.022
DUF1351	PF07083.11	210	D4014.contig7_49	324	8.1e-29
SSB	PF00436.25	104	D4014.contig7_50	168	4.1e-37
tRNA_anti-codon	PF01336.25	76	D4014.contig7_50	168	5.1e-06
RusA	PF05866.11	124	D4014.contig7_51	154	3.2e-37
Spore_Cse60	PF10957.8	60	D4014.contig7_53	92	0.0015
Terminase_1	PF03354.15	468	D4014.contig8_3	582	2.3e-44
Phage_portal	PF04860.12	314	D4014.contig8_6	433	3.5e-16
Gag_MA	PF01140.19	129	D4014.contig8_7	109	0.088
Pox_A14	PF05767.12	93	D4014.contig8_9	100	0.032
Phage_holin_Dp1	PF16938.5	63	D4014.contig8_10	79	1.4e-10
Phage_capsid	PF05065.13	280	D4014.contig8_13	608	2.5e-08
Peptidase_S78	PF04586.17	163	D4014.contig8_13	608	4.2e-05
Amidase_2	PF01510.25	126	D4014.contig8_20	374	6.2e-27
CW_binding_1	PF01473.20	19	D4014.contig8_20	374	1.9e-11
HK97-gp10_like	PF04883.12	81	D4014.contig8_21	125	9.7e-06
Sipho_tail	PF05709.11	255	D4014.contig8_23	306	7.9e-13
Sipho_Gp37	PF14594.6	351	D4014.contig8_24	367	3e-84
Phage_XkdX	PF09693.10	40	D4014.contig8_27	110	0.021
HTH_19	PF12844.7	65	D4014.contig8_35	68	6.8e-05
HTH_3	PF01381.22	55	D4014.contig8_35	68	0.00056
HTH_25	PF13413.6	62	D4014.contig8_35	68	0.0019
HTH_31	PF13560.6	64	D4014.contig8_35	68	0.0043
DUF808	PF05661.12	304	D4014.contig8_45	68	0.0034
SirB	PF04247.12	120	D4014.contig8_46	65	0.031
Glyco_hydro_25	PF01183.20	178	D4014.contig8_47	126	0.048
DUF3310	PF11753.8	60	D4014.contig8_48	98	3e-23
AgrD	PF05931.11	45	D4014.contig8_51	265	0.068
SH3BGR	PF04908.15	99	D4014.contig8_52	227	0.044
RasGAP_C	PF03836.15	137	D4014.contig8_57	280	0.0095
SLT	PF01464.20	117	D4014.contig9_5	905	5.3e-09
CAP-ZIP_m	PF15255.6	139	D4014.contig9_5	905	0.00018
Acetyltransf_1	PF00583.25	117	D4014.contig9_7	151	2e-10
Acetyltransf_7	PF13508.7	76	D4014.contig9_7	151	4.3e-06
Acetyltransf_3	PF13302.7	138	D4014.contig9_7	151	0.0011
Acetyltransf_6	PF13480.7	142	D4014.contig9_7	151	0.016
Tube	PF17212.3	169	D4014.contig9_9	188	9.8e-05
OSTbeta	PF15048.6	122	D4014.contig9_9	188	0.031
Phage_gp49_66	PF13876.6	81	D4014.contig9_11	139	5.6e-35
MoCF_biosynth	PF00994.24	144	D4014.contig9_13	78	0.032
Head-tail_con	PF12236.8	481	D4014.contig9_14	542	5.5e-159
Dermcidin	PF15291.6	101	D4014.contig9_15	74	0.038
HTH_23	PF13384.6	50	D4014.contig9_17	99	0.00065
Phage_terminase	PF10668.9	60	D4014.contig9_17	99	0.00079
HTH_11	PF08279.12	55	D4014.contig9_17	99	0.0031
MarR_2	PF12802.7	62	D4014.contig9_17	99	0.0058
HNH_3	PF13392.6	46	D4014.contig9_19	159	1.2e-09
AP2	PF00847.20	54	D4014.contig9_19	159	0.00022
DUF1367	PF07105.11	196	D4014.contig9_20	165	3.7e-54
MethyltransfD12	PF02086.15	260	D4014.contig9_24	278	2.8e-20
MT-A70	PF05063.14	172	D4014.contig9_26	197	3.1e-24
DNA_pol3_theta	PF06440.11	70	D4014.contig9_28	78	0.00036
DnaB_C	PF03796.15	255	D4014.contig9_30	469	1.2e-72
DnaB	PF00772.21	103	D4014.contig9_30	469	1.3e-09
ATPase	PF06745.13	231	D4014.contig9_30	469	1.3e-07
AAA_25	PF13481.6	194	D4014.contig9_30	469	1.1e-06
NACHT	PF05729.12	166	D4014.contig9_30	469	0.00051
AAA_30	PF13604.6	192	D4014.contig9_30	469	0.00058
Phg_2220_C	PF09524.10	74	D4014.contig9_31	331	0.036
YdaT_toxin	PF06254.11	88	D4014.contig9_33	149	1.7e-19
P22_Cro	PF14549.6	60	D4014.contig9_34	66	2.9e-22
YdaS_antitoxin	PF15943.5	65	D4014.contig9_34	66	2e-06
HTH_3	PF01381.22	55	D4014.contig9_35	138	1.3e-15
HTH_31	PF13560.6	64	D4014.contig9_35	138	2.8e-11
HTH_19	PF12844.7	65	D4014.contig9_35	138	3.8e-11
HTH_26	PF13443.6	63	D4014.contig9_35	138	0.00082
Sipho_Gp157	PF05565.11	163	D4014.contig9_39	192	1.3e-31
DUF4224	PF13986.6	45	D4014.contig9_42	82	1.6e-14
DUF4469	PF14734.6	101	D4014.contig9_42	82	0.045
Phage_integrase	PF00589.22	172	D4014.contig9_43	339	2.5e-09
Phage_int_SAM_4	PF13495.6	85	D4014.contig9_43	339	0.00054
CG-1	PF03859.16	116	D4014.contig9_43	339	0.014
T2SSM	PF04612.12	160	D4014.contig9_44	120	0.01
FadA	PF09403.10	99	D4014.contig9_44	120	0.028
Phage_lysozyme	PF00959.19	109	D4014.contig9_45	179	9.9e-25
Phage_holin_2_1	PF04971.12	64	D4014.contig9_46	75	1e-29
Phage_holin_2_3	PF16080.5	56	D4014.contig9_46	75	0.0008
Phage_T7_tail	PF03906.14	157	D4014.contig9_48	844	1.2e-11
Big_2	PF02368.18	79	D4014.contig10_3	3010	5.1e-06
FlxA	PF14282.6	101	D4014.contig10_3	3010	8.8e-05
zinc_ribbon_2	PF13240.6	23	D4014.contig10_4	198	3.1e-06
zf-ribbon_3	PF13248.6	26	D4014.contig10_4	198	5e-06
PhageMin_Tail	PF10145.9	198	D4014.contig10_7	2168	1.4e-18
CLN5	PF15014.6	303	D4014.contig10_7	2168	0.001
RusA	PF05866.11	124	D4014.contig10_10	153	7.3e-06
Aerolysin	PF01117.20	365	D4014.contig10_11	87	0.088
Tox-GHH	PF15636.6	78	D4014.contig10_12	74	0.14
Herpes_TK	PF00693.18	280	D4014.contig10_13	131	0.0058
Cdh1_DBD_1	PF18196.1	120	D4014.contig10_21	380	0.0063
DUF4198	PF10670.9	213	D4014.contig10_22	153	0.044
Vint	PF14623.6	167	D4014.contig10_24	58	0.13
NUMOD1	PF07453.13	37	D4014.contig10_25	339	5.1e-15
NUMOD1	PF07453.13	37	D4014.contig10_25	339	5.1e-15
GIY-YIG	PF01541.24	78	D4014.contig10_25	339	2.9e-07
Mor	PF08765.11	108	D4014.contig11_1	130	1.3e-43
HTH_23	PF13384.6	50	D4014.contig11_1	130	0.00077
HTH_29	PF13551.6	63	D4014.contig11_1	130	0.0011
DUF1018	PF06252.12	119	D4014.contig11_2	150	1.1e-40
DUF2786	PF10979.8	40	D4014.contig11_5	228	1.6e-11
Eaf7	PF07904.13	106	D4014.contig11_6	72	0.11
Phage_Mu_Gam	PF07352.12	155	D4014.contig11_10	177	6.1e-40
Sipho_Gp157	PF05565.11	163	D4014.contig11_10	177	3.8e-05
AAA_22	PF13401.6	137	D4014.contig11_12	389	4.1e-17
AAA_16	PF13191.6	170	D4014.contig11_12	389	6.6e-06
AAA_30	PF13604.6	192	D4014.contig11_12	389	0.00064
DUF87	PF01935.17	227	D4014.contig11_12	389	0.00069
PRK	PF00485.18	197	D4014.contig11_12	389	0.001
ABC_tran	PF00005.27	137	D4014.contig11_12	389	0.0012
rve	PF00665.26	119	D4014.contig11_13	590	3.5e-14
HTH_8	PF02954.19	42	D4014.contig11_13	590	0.0088
DUF3102	PF11300.8	130	D4014.contig11_15	307	1.9e-05
HTH_IclR	PF09339.10	52	D4014.contig11_16	103	1.3e-05
HTH_24	PF13412.6	48	D4014.contig11_16	103	3.7e-05
MarR_2	PF12802.7	62	D4014.contig11_16	103	0.00014
MarR	PF01047.22	59	D4014.contig11_16	103	0.0011
HTH_Crp_2	PF13545.6	68	D4014.contig11_16	103	0.0062
HTH_35	PF13693.6	75	D4014.contig11_17	63	0.00034
HTH_19	PF12844.7	65	D4014.contig11_18	119	2.2e-15
HTH_3	PF01381.22	55	D4014.contig11_18	119	8.9e-15
HTH_31	PF13560.6	64	D4014.contig11_18	119	2.5e-08
Sigma70_r4	PF04545.16	50	D4014.contig11_18	119	0.00013
Phage_CI_repr	PF07022.13	65	D4014.contig11_18	119	0.00022
HTH_37	PF13744.6	80	D4014.contig11_18	119	0.0015
MqsA_antitoxin	PF15731.5	131	D4014.contig11_18	119	0.0043
MethyltransfD12	PF02086.15	260	D4014.contig11_19	255	5.3e-27
AAA_30	PF13604.6	192	D4014.contig11_22	243	0.0014
KAP_NTPase	PF07693.14	326	D4014.contig11_22	243	0.0079
Holin_2-3	PF13272.6	105	D4014.contig11_23	117	8.7e-40
SNARE_assoc	PF09335.11	120	D4014.contig11_23	117	0.027
SLT	PF01464.20	117	D4014.contig11_24	236	2.4e-13
OmpH	PF03938.14	138	D4014.contig11_25	217	0.0009
Phage_GPO	PF05929.11	272	D4014.contig11_26	109	0.0093
DUF3486	PF11985.8	180	D4014.contig11_28	182	4.3e-54
HTH_12	PF08461.10	66	D4014.contig11_28	182	0.011
HTH_32	PF13565.6	73	D4014.contig11_28	182	0.011
Terminase_6	PF03237.15	215	D4014.contig11_29	532	0.0045
DUF935	PF06074.12	520	D4014.contig11_30	499	7.7e-133
Phage_Mu_F	PF04233.14	112	D4014.contig11_31	274	2.9e-29
Phage_tail_S	PF05069.13	148	D4014.contig11_32	153	1.8e-22
Phage_cap_E	PF03864.15	333	D4014.contig11_34	318	0.00034
DUF2190	PF09956.9	102	D4014.contig11_35	113	2e-16
DUF1320	PF07030.12	126	D4014.contig11_36	149	3.2e-37
Gp37	PF09646.10	143	D4014.contig11_37	155	3e-62
Phage_sheath_1	PF04984.14	168	D4014.contig11_39	476	6e-33
Phage_sheath_1C	PF17482.2	104	D4014.contig11_39	476	2.7e-14
Phage_tube	PF04985.14	166	D4014.contig11_40	174	1e-53
Phage_TAC_7	PF10109.9	83	D4014.contig11_42	112	4.9e-19
PhageMin_Tail	PF10145.9	198	D4014.contig11_43	897	8.7e-19
Phage_P2_GpU	PF06995.11	120	D4014.contig11_44	295	8e-34
Phage_tail_X	PF05489.12	60	D4014.contig11_45	71	2.2e-17
Phage_GPD	PF05954.11	304	D4014.contig11_46	385	3e-11
Phage_base_V	PF04717.12	112	D4014.contig11_47	199	8.7e-18
Phage_spike	PF18715.1	54	D4014.contig11_47	199	3.7e-06
GPW_gp25	PF04965.14	95	D4014.contig11_48	116	4.6e-11
DUF2634	PF10934.8	105	D4014.contig11_48	116	0.0018
Baseplate_J	PF04865.14	255	D4014.contig11_49	368	9.7e-74
Tail_P2_I	PF09684.10	136	D4014.contig11_50	193	2.5e-31
Phage_fiber_2	PF03406.13	42	D4014.contig11_51	179	2.1e-38
Phage_fiber_2	PF03406.13	42	D4014.contig11_51	179	2.1e-38
Prok-E2_C	PF14459.6	133	D4014.contig12_1	422	0.038
KilA-N	PF04383.13	112	D4014.contig12_11	242	1.5e-14
LMP	PF04778.12	157	D4014.contig12_11	242	0.017
Phage_pRha	PF09669.10	88	D4014.contig12_12	105	2.9e-23
DUF5049	PF16468.5	57	D4014.contig12_14	1827	0.0062
Dexa_ind	PF15198.6	90	D4014.contig12_17	188	0.046
RRP36	PF06102.12	166	D4014.contig12_24	208	0.0075
HBS1_N	PF08938.10	78	D4014.contig12_24	208	0.012
Myosin_tail_1	PF01576.19	1081	D4014.contig12_24	208	0.026
Terminase_6	PF03237.15	215	D4014.contig12_25	545	3.7e-22
Phage_prot_Gp6	PF05133.14	420	D4014.contig12_26	499	1e-36
MMR_HSR1_Xtn	PF16897.5	106	D4014.contig12_27	85	0.076
DUF3037	PF11236.8	118	D4014.contig12_29	136	0.13
TerB_C	PF15615.6	151	D4014.contig12_30	61	0.023
DUF3874	PF12990.7	71	D4014.contig12_31	546	1.8e-06
D5_N	PF08706.11	151	D4014.contig12_31	546	2.4e-05
VirE	PF05272.11	198	D4014.contig12_31	546	6.5e-05
Pox_D5	PF03288.16	86	D4014.contig12_31	546	0.0003
TLP1_add_C	PF18313.1	83	D4014.contig12_32	119	0.043
BNR	PF02012.20	12	D4014.contig13_3	74	0.04
DUF5615	PF18480.1	77	D4014.contig13_6	70	0.15
Arm-DNA-bind_2	PF12167.8	65	D4014.contig13_7	391	5.8e-22
Phage_integrase	PF00589.22	172	D4014.contig13_7	391	1.7e-18
Phage_int_SAM_5	PF13102.6	99	D4014.contig13_7	391	1.8e-05
Phage_int_SAM_3	PF14659.6	58	D4014.contig13_7	391	2.3e-05
Phage_int_SAM_1	PF02899.17	84	D4014.contig13_7	391	0.001
Phage_int_SAM_4	PF13495.6	85	D4014.contig13_7	391	0.01
DinI	PF06183.13	63	D4014.contig13_8	89	1.1e-21
Acyl_transf_3	PF01757.22	340	D4014.contig13_9	385	2.3e-21
Caudo_TAP	PF02413.17	130	D4014.contig13_10	133	3.6e-21
DUF2612	PF11041.8	181	D4014.contig13_12	227	5.9e-51
Baseplate_J	PF04865.14	255	D4014.contig13_13	400	7.9e-13
Gp138_N	PF18352.1	98	D4014.contig13_15	252	5.5e-45
HEPN	PF05168.14	118	D4014.contig13_16	132	0.021
SLT	PF01464.20	117	D4014.contig13_22	670	5.2e-23
PhageMin_Tail	PF10145.9	198	D4014.contig13_22	670	0.00034
Transglycosylas	PF06737.14	77	D4014.contig13_22	670	0.00074
DUF3277	PF11681.8	144	D4014.contig13_24	147	2.9e-68
DUF3383	PF11863.8	478	D4014.contig13_25	382	9e-129
DUF3383	PF11863.8	478	D4014.contig13_25	382	9e-129
DUF4054	PF13262.6	107	D4014.contig13_29	137	6.5e-26
Shugoshin_N	PF07558.11	45	D4014.contig13_30	137	0.0003
Leu_zip	PF15294.6	276	D4014.contig13_30	137	0.00065
KASH_CCD	PF14662.6	191	D4014.contig13_30	137	0.00083
UPF0242	PF06785.11	193	D4014.contig13_30	137	0.0088
DUF2184	PF09950.9	251	D4014.contig13_31	316	2.8e-70
DUF2213	PF09979.9	168	D4014.contig13_33	424	1.9e-42
AbbA_antirepres	PF14156.6	63	D4014.contig13_33	424	0.011
Phage_Mu_F	PF04233.14	112	D4014.contig13_34	178	2.9e-12
TipAS	PF07739.13	117	D4014.contig13_34	178	0.0077
DUF1073	PF06381.11	357	D4014.contig13_35	490	5.2e-107
HTH_Tnp_1	PF01527.20	75	D4014.contig13_37	201	0.0018
HTH_23	PF13384.6	50	D4014.contig13_37	201	0.0054
Phage_integrase	PF00589.22	172	D4014.contig13_38	335	6.5e-16
Phage_lysozyme	PF00959.19	109	D4014.contig13_41	40	0.00012
RVT_1	PF00078.27	222	D4014.contig14_1	272	0.00013
SMN	PF06003.12	264	D4014.contig14_2	59	0.022
PPV_E2_C	PF00511.17	80	D4014.contig14_3	116	0.094
Phage_holin_4_1	PF05105.12	114	D4014.contig14_7	156	0.00094
Lipl32	PF12103.8	179	D4014.contig14_7	156	0.0027
Alanine_zipper	PF11839.8	69	D4014.contig14_9	236	0.0047
DUF3127	PF11325.8	85	D4014.contig14_11	133	7e-26
MazG	PF03819.17	74	D4014.contig14_14	98	0.00013
MazG-like	PF12643.7	85	D4014.contig14_14	98	0.0018
HTH_29	PF13551.6	63	D4014.contig14_15	134	0.0021
HTH_23	PF13384.6	50	D4014.contig14_15	134	0.0063
RtcB	PF01139.17	412	D4014.contig14_18	422	2.5e-63
Dam	PF05869.11	171	D4014.contig14_21	164	2.3e-15
Radical_SAM	PF04055.21	167	D4014.contig14_23	306	1.5e-05
DUF551	PF04448.12	69	D4014.contig14_24	116	9.3e-06
N6_N4_Mtase	PF01555.18	231	D4014.contig14_25	215	9.6e-11
MapZ_C2	PF18708.1	92	D4014.contig14_27	114	0.04
PAPS_reduct	PF01507.19	174	D4014.contig14_28	270	8.3e-21
Cas_Cas4	PF01930.17	162	D4014.contig14_30	60	0.016
OsmC	PF02566.19	100	D4014.contig14_31	195	0.069
DUF2400	PF09674.10	227	D4014.contig14_32	237	2.1e-67
DNA_methylase	PF00145.17	335	D4014.contig14_35	321	6.7e-41
NHL	PF01436.21	28	D4014.contig14_38	152	0.0013
Band_7	PF01145.25	178	D4014.contig14_39	264	1.7e-07
AAA_23	PF13476.6	200	D4014.contig14_39	264	0.0027
DUF2303	PF10065.9	267	D4014.contig14_40	248	0.033
Bac_DNA_binding	PF00216.21	90	D4014.contig14_41	93	2.8e-23
HU-HIG	PF18291.1	125	D4014.contig14_41	93	1.4e-06
RecT	PF03837.14	199	D4014.contig14_46	253	3.9e-27
Glyco_hydro_25	PF01183.20	178	D4014.contig15_2	295	7.8e-40
Phage_holin_1	PF04531.13	82	D4014.contig15_3	76	7.2e-21
BLOC1_2	PF10046.9	96	D4014.contig15_4	92	1.6e-05
DUF4094	PF13334.6	88	D4014.contig15_4	92	0.0089
Med10	PF09748.9	121	D4014.contig15_5	85	0.032
Metal_resist	PF13801.6	126	D4014.contig15_6	77	0.0031
APG6_N	PF17675.1	133	D4014.contig15_6	77	0.0062
Gp58	PF07902.11	594	D4014.contig15_7	1457	8.4e-12
Apolipoprotein	PF01442.18	190	D4014.contig15_7	1457	0.00024
eIF3_p135	PF12807.7	176	D4014.contig15_10	119	0.054
Phage_tail_3	PF08813.11	165	D4014.contig15_12	139	7.7e-10
Phage_TTP_12	PF16461.5	134	D4014.contig15_12	139	1.8e-09
Bromo_TP_like	PF17027.5	119	D4014.contig15_13	123	0.0095
CBM9_1	PF06452.11	185	D4014.contig15_13	123	0.015
HK97-gp10_like	PF04883.12	81	D4014.contig15_14	173	3.5e-08
Phage_connect_1	PF05135.13	99	D4014.contig15_16	117	4.1e-08
FeoA	PF04023.14	74	D4014.contig15_17	62	0.041
Rho_N	PF07498.12	43	D4014.contig15_18	58	1.7e-09
SAP	PF02037.27	35	D4014.contig15_18	58	0.0005
DUF4355	PF14265.6	125	D4014.contig15_20	191	7.4e-31
Phage_Mu_F	PF04233.14	112	D4014.contig15_23	515	2.1e-13
Phage_prot_Gp6	PF05133.14	420	D4014.contig15_24	461	1.4e-93
Terminase_6C	PF17289.2	155	D4014.contig15_25	386	1e-05
Terminase_6	PF03237.15	215	D4014.contig15_25	386	0.0014
NUMOD4	PF07463.11	49	D4014.contig15_27	190	6.5e-13
HNH_3	PF13392.6	46	D4014.contig15_27	190	2.1e-12
Terminase_2	PF03592.16	140	D4014.contig15_28	138	9.6e-08
DUF1062	PF06353.12	135	D4014.contig15_29	157	0.012
PGDH_C	PF16896.5	155	D4014.contig15_30	73	0.061
DUF4014	PF13198.6	72	D4014.contig15_33	93	0.015
YopX	PF09643.10	131	D4014.contig15_34	120	7.3e-18
PhageMin_Tail	PF10145.9	198	D4014.contig16_5	1114	4e-44
Sipho_Gp37	PF14594.6	351	D4014.contig16_7	328	2e-06
CelD_N	PF02927.14	86	D4014.contig16_9	278	0.082
Big_9	PF17963.1	90	D4014.contig16_11	80	0.035
Phage_integrase	PF00589.22	172	D4014.contig16_13	290	7.2e-19
Phage_int_SAM_3	PF14659.6	58	D4014.contig16_13	290	2.2e-07
Big_2	PF02368.18	79	D4014.contig16_17	233	1.4e-11
Big_2	PF02368.18	79	D4014.contig16_17	233	1.4e-11
Glyco_hydro_25	PF01183.20	178	D4014.contig16_20	386	6.2e-18
DUF3693	PF12472.8	60	D4014.contig16_20	386	0.0094
Phage_holin_Dp1	PF16938.5	63	D4014.contig16_21	104	2.9e-18
Phage_integrase	PF00589.22	172	D4014.contig16_22	392	3.4e-24
Arm-DNA-bind_4	PF14657.6	46	D4014.contig16_22	392	0.0061
Acetyltransf_1	PF00583.25	117	D4014.contig16_24	186	1e-06
HIRAN	PF08797.11	96	D4014.contig16_25	260	9.9e-05
Peptidase_M78	PF06114.13	123	D4014.contig16_26	128	1.1e-08
Peptidase_M48	PF01435.18	196	D4014.contig16_26	128	0.00028
Peptidase_M91	PF14891.6	177	D4014.contig16_26	128	0.0069
DUF3810	PF12725.7	310	D4014.contig16_26	128	0.02
HTH_3	PF01381.22	55	D4014.contig16_27	92	2.2e-05
HTH_26	PF13443.6	63	D4014.contig16_27	92	4.1e-05
BetR	PF08667.10	148	D4014.contig16_27	92	0.0077
HTH_26	PF13443.6	63	D4014.contig16_28	90	0.00011
ANT	PF03374.14	108	D4014.contig16_30	260	2e-32
Bro-N	PF02498.17	95	D4014.contig16_30	260	5e-21
HTH_17	PF12728.7	51	D4014.contig16_31	80	0.00029
Terminase_5	PF06056.12	58	D4014.contig16_31	80	0.0013
HTH_23	PF13384.6	50	D4014.contig16_31	80	0.0039
DUF2378	PF09536.10	177	D4014.contig16_32	133	0.051
DctQ	PF04290.12	132	D4014.contig16_33	88	0.0045
DUF997	PF06196.12	76	D4014.contig16_33	88	0.0088
RusA	PF05866.11	124	D4014.contig16_34	157	6.9e-20
PKcGMP_CC	PF16808.5	35	D4014.contig16_36	103	0.0016
N6_N4_Mtase	PF01555.18	231	D4014.contig17_2	258	4.9e-27
Pribosyltran	PF00156.27	159	D4014.contig17_2	258	0.0042
Hjc	PF01870.18	93	D4014.contig17_3	113	0.016
HSDR_N	PF04313.14	194	D4014.contig17_3	113	0.055
HTH_23	PF13384.6	50	D4014.contig17_4	102	0.00081
GerE	PF00196.19	57	D4014.contig17_4	102	0.002
HTH_7	PF02796.15	45	D4014.contig17_4	102	0.0095
dUTPase	PF00692.19	129	D4014.contig17_5	138	2.5e-30
YadA_head	PF05658.14	27	D4014.contig17_6	419	4.2e-12
YadA_head	PF05658.14	27	D4014.contig17_6	419	4.2e-12
YadA_head	PF05658.14	27	D4014.contig17_6	419	4.2e-12
YadA_stalk	PF05662.14	43	D4014.contig17_6	419	1.3e-07
YadA_anchor	PF03895.15	60	D4014.contig17_6	419	2.2e-06
Coprogen_oxidas	PF01218.18	296	D4014.contig17_8	102	0.0099
DUF2024	PF09630.10	81	D4014.contig17_9	74	0.064
DUF2443	PF10398.9	79	D4014.contig17_12	153	0.019
HCMV_UL124	PF17609.2	126	D4014.contig17_14	67	0.11
Herpes_glycop_D	PF01537.17	124	D4014.contig17_15	97	0.065
Terminase_2	PF03592.16	140	D4014.contig17_16	147	1.1e-32
DUF1340	PF07067.11	236	D4014.contig17_16	147	0.0041
DnaB_2	PF07261.11	74	D4014.contig17_16	147	0.014
Terminase_6	PF03237.15	215	D4014.contig17_17	485	0.032
Head-tail_con	PF12236.8	481	D4014.contig17_19	574	4.6e-136
Phage_capsid	PF05065.13	280	D4014.contig17_22	332	2.9e-05
DUF2833	PF11090.8	86	D4014.contig17_27	163	1.4e-05
DUF3987	PF13148.6	365	D4014.contig17_28	221	0.019
SLT	PF01464.20	117	D4014.contig17_29	736	7.5e-12
Transglycosylas	PF06737.14	77	D4014.contig17_29	736	0.014
FA_desaturase	PF00487.24	254	D4014.contig18_1	148	0.014
Phage_TAC_12	PF12363.8	111	D4014.contig18_11	66	0.024
DUF5053	PF16476.5	59	D4014.contig18_12	155	1.3e-25
Coa1	PF08695.10	117	D4014.contig18_12	155	0.037
Amidoligase_2	PF12224.8	253	D4014.contig18_14	312	6.6e-40
Autoind_bind	PF03472.15	149	D4014.contig18_17	286	0.091
Amidase_3	PF01520.18	175	D4014.contig19_1	269	3.6e-15
ZoocinA_TRD	PF16775.5	106	D4014.contig19_1	269	8.9e-05
Biopterin_H	PF00351.21	331	D4014.contig19_2	229	0.052
AP2	PF00847.20	54	D4014.contig19_3	632	1.3e-07
HTH_19	PF12844.7	65	D4014.contig19_4	124	3.7e-05
HTH_3	PF01381.22	55	D4014.contig19_4	124	8.5e-05
DUF4447	PF14590.6	166	D4014.contig19_4	124	0.005
Phage_integrase	PF00589.22	172	D4014.contig19_6	470	8.2e-15
SHOCT	PF09851.9	28	D4014.contig19_6	470	1.9e-06
Phage_int_SAM_3	PF14659.6	58	D4014.contig19_6	470	0.00027
Phage_int_SAM_4	PF13495.6	85	D4014.contig19_6	470	0.0011
Phage_int_SAM_5	PF13102.6	99	D4014.contig19_6	470	0.0041
DUF148	PF02520.17	109	D4014.contig19_7	307	0.047
RNA_pol_A_CTD	PF03118.15	67	D4014.contig19_8	37	0.016
HTH_3	PF01381.22	55	D4014.contig19_9	130	6.6e-12
HTH_19	PF12844.7	65	D4014.contig19_9	130	1.2e-09
HTH_31	PF13560.6	64	D4014.contig19_9	130	6.1e-05
HTH_37	PF13744.6	80	D4014.contig19_9	130	0.0047
HTH_3	PF01381.22	55	D4014.contig19_10	133	4e-11
HTH_19	PF12844.7	65	D4014.contig19_10	133	3.1e-10
HTH_31	PF13560.6	64	D4014.contig19_10	133	0.00022
HTH_Tnp_IS630	PF01710.16	119	D4014.contig19_12	60	0.024
Herpes_UL73	PF03554.13	75	D4014.contig19_13	59	0.099
Stork_head	PF10264.9	79	D4014.contig19_14	58	0.011
Smac_DIABLO	PF09057.10	226	D4014.contig19_16	75	0.0085
Spc7	PF08317.11	310	D4014.contig19_16	75	0.01
3D	PF06725.11	75	D4014.contig19_17	86	4.8e-09
zf-GRF	PF06839.12	45	D4014.contig19_18	201	0.039
HTH_3	PF01381.22	55	D4014.contig19_20	120	0.00013
PAPS_reduct	PF01507.19	174	D4014.contig19_21	336	2.4e-20
PAPS_reduct	PF01507.19	174	D4014.contig19_21	336	2.4e-20
MethyltransfD12	PF02086.15	260	D4014.contig19_22	289	2.1e-26
DUF3850	PF12961.7	77	D4014.contig19_24	153	1e-22
Lar_restr_allev	PF14354.6	62	D4014.contig19_26	88	0.033
NIR_SIR_ferr	PF03460.17	69	D4014.contig19_27	194	0.0096
Phage_integrase	PF00589.22	172	D4014.contig19_28	284	3.6e-26
Phage_int_SAM_5	PF13102.6	99	D4014.contig19_28	284	3.8e-06
Phage_int_SAM_1	PF02899.17	84	D4014.contig19_28	284	6.2e-05
Phage_int_SAM_4	PF13495.6	85	D4014.contig19_28	284	0.00058
Spherulin4	PF12138.8	240	D4014.contig19_29	123	0.06
RD3	PF14473.6	131	D4014.contig19_30	60	0.071
Inhibitor_I67	PF11405.8	41	D4014.contig19_31	106	0.053
VASP_tetra	PF08776.11	37	D4014.contig19_32	70	0.087
DUF1492	PF07374.11	100	D4014.contig19_35	104	0.0058
SRP54	PF00448.22	196	D4014.contig20_3	108	0.0053
Transcrip_act	PF04949.13	154	D4014.contig20_3	108	0.0068
MAD	PF05557.13	661	D4014.contig20_3	108	0.012
DNA_methylase	PF00145.17	335	D4014.contig20_4	250	1.2e-45
zf-CHC2	PF01807.20	98	D4014.contig20_8	1353	1.7e-30
Toprim_N	PF08275.11	128	D4014.contig20_8	1353	1.8e-27
Toprim_2	PF13155.6	90	D4014.contig20_8	1353	2e-16
Toprim_4	PF13662.6	89	D4014.contig20_8	1353	8.3e-14
Toprim_3	PF13362.6	95	D4014.contig20_8	1353	2e-07
Toprim	PF01751.22	103	D4014.contig20_8	1353	2.2e-06
DUF927	PF06048.11	287	D4014.contig20_8	1353	0.00012
P22_AR_N	PF10547.9	114	D4014.contig20_9	191	1.4e-26
ResIII	PF04851.15	171	D4014.contig20_9	191	0.0017
ExsD	PF16806.5	238	D4014.contig20_9	191	0.03
P22_AR_N	PF10547.9	114	D4014.contig20_10	176	2e-30
Peptidase_S49	PF01343.18	154	D4014.contig20_14	324	2.3e-11
CLP_protease	PF00574.23	182	D4014.contig20_14	324	0.0036
Crystall_4	PF17945.1	90	D4014.contig20_15	677	0.038
YlzJ	PF14035.6	65	D4014.contig20_18	125	0.068
N6_N4_Mtase	PF01555.18	231	D4014.contig20_19	437	1e-28
DUF4848	PF16140.5	216	D4014.contig20_22	520	0.081
Phage_prot_Gp6	PF05133.14	420	D4014.contig21_1	99	7.3e-07
Phage_Mu_F	PF04233.14	112	D4014.contig21_2	316	2.8e-18
Phage_min_cap2	PF06152.11	367	D4014.contig21_2	316	0.00092
DDE_Tnp_1	PF01609.21	214	D4014.contig21_4	571	1.5e-25
DDE_Tnp_1_6	PF13751.6	125	D4014.contig21_4	571	3.9e-15
DUF772	PF05598.11	73	D4014.contig21_4	571	4.6e-11
DUF4355	PF14265.6	125	D4014.contig21_5	215	1.7e-19
DUF2828	PF11443.8	632	D4014.contig21_5	215	0.028
RNA_binding	PF01877.17	119	D4014.contig21_6	126	0.058
Phage_cap_E	PF03864.15	333	D4014.contig21_7	350	3.7e-39
Phage_connect_1	PF05135.13	99	D4014.contig21_9	115	4.3e-08
HK97-gp10_like	PF04883.12	81	D4014.contig21_11	118	0.00015
DUF3168	PF11367.8	117	D4014.contig21_12	130	0.0019
Phage_tail_2	PF06199.11	135	D4014.contig21_13	161	1.6e-23
Phage_TAC_12	PF12363.8	111	D4014.contig21_14	117	4.1e-29
CHIP_TPR_N	PF18391.1	83	D4014.contig21_15	113	0.015
PhageMin_Tail	PF10145.9	198	D4014.contig21_16	1028	5.3e-60
Baculo_PEP_C	PF04513.12	140	D4014.contig21_16	1028	1.5e-13
Sipho_tail	PF05709.11	255	D4014.contig21_17	517	2.6e-25
Prophage_tail	PF06605.11	316	D4014.contig21_18	1018	9.3e-21
DUF859	PF05895.12	626	D4014.contig21_19	690	1.7e-131
DUF1366	PF07104.11	117	D4014.contig21_20	117	1.1e-27
Terminase_GpA	PF05876.12	558	D4014.contig22_2	635	5.2e-142
Phage_portal_2	PF05136.13	362	D4014.contig22_4	536	4.9e-99
CLP_protease	PF00574.23	182	D4014.contig22_5	361	7e-28
SDH_sah	PF01972.16	286	D4014.contig22_5	361	4.1e-05
HDPD	PF02924.14	116	D4014.contig22_6	113	0.00012
Phage_cap_E	PF03864.15	333	D4014.contig22_7	350	1e-48
Gifsy-2	PF13856.6	99	D4014.contig22_9	118	2.3e-07
Minor_tail_Z	PF06763.11	190	D4014.contig22_10	178	3.2e-05
Phage_sheath_1	PF04984.14	168	D4014.contig22_13	480	0.0013
Phage_tube	PF04985.14	166	D4014.contig22_14	178	9.3e-38
Phage_tail_X	PF05489.12	60	D4014.contig22_17	68	7.2e-10
Phage_GPD	PF05954.11	304	D4014.contig22_18	387	1.3e-11
Phage_base_V	PF04717.12	112	D4014.contig22_19	155	2.7e-05
Phage_P2_GpU	PF06995.11	120	D4014.contig22_20	159	6.2e-23
GPW_gp25	PF04965.14	95	D4014.contig22_21	104	2e-05
Baseplate_J	PF04865.14	255	D4014.contig22_22	374	1.7e-61
Tail_P2_I	PF09684.10	136	D4014.contig22_23	220	1.6e-28
DUF3751	PF12571.8	150	D4014.contig22_24	257	3e-05
UPF0114	PF03350.16	118	D4014.contig23_1	131	0.033
Amidase_2	PF01510.25	126	D4014.contig23_2	192	7.6e-07
SLH	PF00395.20	45	D4014.contig23_2	192	0.002
pXO2-72	PF17443.2	62	D4014.contig23_4	71	2.8e-07
HTH_17	PF12728.7	51	D4014.contig23_4	71	0.042
Phage_integrase	PF00589.22	172	D4014.contig23_5	358	1.1e-31
Phage_int_SAM_3	PF14659.6	58	D4014.contig23_5	358	8.2e-10
Phage_int_SAM_5	PF13102.6	99	D4014.contig23_5	358	4.5e-06
DUF4325	PF14213.6	65	D4014.contig23_6	425	5.5e-10
HATPase_c_2	PF13581.6	125	D4014.contig23_6	425	2.6e-05
HATPase_c	PF02518.26	112	D4014.contig23_6	425	0.0037
STAS_2	PF13466.6	80	D4014.contig23_6	425	0.0043
Peptidase_M78	PF06114.13	123	D4014.contig23_8	89	3.3e-05
HTH_3	PF01381.22	55	D4014.contig23_9	121	7.5e-10
HTH_26	PF13443.6	63	D4014.contig23_9	121	0.0001
HTH_3	PF01381.22	55	D4014.contig23_10	65	9.4e-07
HTH_26	PF13443.6	63	D4014.contig23_10	65	0.014
DUF739	PF05339.11	69	D4014.contig23_10	65	0.043
Imm43	PF15570.6	134	D4014.contig23_12	119	0.071
HTH_17	PF12728.7	51	D4014.contig23_13	65	7e-10
MerR_1	PF13411.6	69	D4014.contig23_13	65	0.00094
YadA_head	PF05658.14	27	D4014.contig23_15	508	1.2e-14
YadA_head	PF05658.14	27	D4014.contig23_15	508	1.2e-14
YadA_head	PF05658.14	27	D4014.contig23_15	508	1.2e-14
YadA_head	PF05658.14	27	D4014.contig23_15	508	1.2e-14
YadA_head	PF05658.14	27	D4014.contig23_15	508	1.2e-14
YadA_stalk	PF05662.14	43	D4014.contig23_15	508	1.1e-09
YadA_anchor	PF03895.15	60	D4014.contig23_15	508	2.4e-07
Fib_alpha	PF08702.10	143	D4014.contig23_15	508	0.0031
PcfJ	PF14284.6	144	D4014.contig23_19	550	3.5e-16
AAA_23	PF13476.6	200	D4014.contig23_20	636	1.5e-12
AAA_29	PF13555.6	61	D4014.contig23_20	636	3.2e-05
Nup54_57_C	PF18570.1	29	D4014.contig23_20	636	0.0005
DUF2813	PF11398.8	372	D4014.contig23_20	636	0.00071
AAA_27	PF13514.6	207	D4014.contig23_20	636	0.0015
SMC_N	PF02463.19	220	D4014.contig23_20	636	0.0028
ANT	PF03374.14	108	D4014.contig23_21	257	7.9e-29
Bro-N	PF02498.17	95	D4014.contig23_21	257	2e-27
RecT	PF03837.14	199	D4014.contig23_22	291	1.4e-47
Lactamase_B_2	PF12706.7	201	D4014.contig23_23	241	3.1e-13
Lactamase_B	PF00753.27	197	D4014.contig23_23	241	0.00029
Lactamase_B_3	PF13483.6	163	D4014.contig23_23	241	0.0027
DUF4373	PF14297.6	96	D4014.contig23_25	185	1.1e-12
Phage_integrase	PF00589.22	172	D4014.contig24_1	361	3.1e-16
HTH_3	PF01381.22	55	D4014.contig24_3	310	3.2e-19
HTH_3	PF01381.22	55	D4014.contig24_3	310	3.2e-19
HTH_19	PF12844.7	65	D4014.contig24_3	310	2.4e-14
HTH_31	PF13560.6	64	D4014.contig24_3	310	1.4e-10
Peptidase_S24	PF00717.23	70	D4014.contig24_3	310	6.3e-10
HTH_25	PF13413.6	62	D4014.contig24_3	310	6.6e-06
Phage_CI_repr	PF07022.13	65	D4014.contig24_3	310	0.0042
HTH_3	PF01381.22	55	D4014.contig24_4	72	2.4e-11
HTH_31	PF13560.6	64	D4014.contig24_4	72	7.5e-09
HTH_19	PF12844.7	65	D4014.contig24_4	72	5.2e-07
HTH_25	PF13413.6	62	D4014.contig24_4	72	3.1e-05
HTH_37	PF13744.6	80	D4014.contig24_4	72	0.00079
HTH_26	PF13443.6	63	D4014.contig24_4	72	0.0041
YozE_SAM_like	PF06855.12	66	D4014.contig24_6	71	1.4e-11
HTH_17	PF12728.7	51	D4014.contig24_8	80	0.023
DEAD	PF00270.29	176	D4014.contig24_12	458	2.4e-05
SNF2_N	PF00176.23	350	D4014.contig24_12	458	0.00033
Helicase_C	PF00271.31	111	D4014.contig24_12	458	0.00061
AAA_30	PF13604.6	192	D4014.contig24_12	458	0.0097
DUF4406	PF14359.6	91	D4014.contig24_13	161	1e-08
DUF1937	PF09152.10	116	D4014.contig24_13	161	0.0094
N6_N4_Mtase	PF01555.18	231	D4014.contig24_14	322	1.7e-21
DUF2800	PF10926.8	363	D4014.contig24_16	395	3.5e-139
PDDEXK_1	PF12705.7	255	D4014.contig24_16	395	4.9e-09
DUF2815	PF10991.8	173	D4014.contig24_17	217	5.2e-43
DNA_pol_A	PF00476.20	376	D4014.contig24_18	655	2.6e-20
RNase_H_2	PF13482.6	166	D4014.contig24_18	655	0.0082
VirE	PF05272.11	198	D4014.contig24_19	825	1.4e-68
AAA_16	PF13191.6	170	D4014.contig24_19	825	0.018
VRR_NUC	PF08774.11	108	D4014.contig24_20	99	0.00097
RAI1	PF08652.11	68	D4014.contig24_20	99	0.06
SNF2_N	PF00176.23	350	D4014.contig24_21	461	9e-20
Helicase_C	PF00271.31	111	D4014.contig24_21	461	7.8e-07
ResIII	PF04851.15	171	D4014.contig24_21	461	7.7e-06
DEAD	PF00270.29	176	D4014.contig24_21	461	4.2e-05
DUF3310	PF11753.8	60	D4014.contig24_22	151	3.1e-17
Thg1	PF04446.12	125	D4014.contig25_1	279	2.7e-30
Thg1C	PF14413.6	122	D4014.contig25_1	279	0.0004
DUF4307	PF14155.6	110	D4014.contig25_3	46	0.015
FixS	PF03597.15	44	D4014.contig25_3	46	0.1
Bro-N	PF02498.17	95	D4014.contig25_4	355	3.6e-30
Amidoligase_2	PF12224.8	253	D4014.contig25_5	577	0.00023
HeLo	PF14479.6	205	D4014.contig25_5	577	0.012
Bac_DNA_binding	PF00216.21	90	D4014.contig25_8	92	2.2e-24
HU-HIG	PF18291.1	125	D4014.contig25_8	92	0.0006
CopK	PF11525.8	70	D4014.contig25_8	92	0.021
DUF2460	PF09343.10	200	D4014.contig25_8	92	0.025
PemK_toxin	PF02452.17	111	D4014.contig25_9	72	0.1
Beta-Casp	PF10996.8	110	D4014.contig25_10	482	9.4e-15
Lactamase_B	PF00753.27	197	D4014.contig25_10	482	3.8e-09
RMMBL	PF07521.12	62	D4014.contig25_10	482	7.3e-09
Lactamase_B_2	PF12706.7	201	D4014.contig25_10	482	0.0029
CLP_protease	PF00574.23	182	D4014.contig25_11	201	2.4e-30
DUF1717	PF05414.11	78	D4014.contig25_14	53	0.049
Terminase_6	PF03237.15	215	D4014.contig26_2	488	0.00021
Phage_portal	PF04860.12	314	D4014.contig26_3	375	3.6e-60
Peptidase_S78	PF04586.17	163	D4014.contig26_4	529	8.9e-17
Imm49	PF15575.6	214	D4014.contig26_4	529	0.04
Transposase_21	PF02992.14	213	D4014.contig26_5	112	0.079
HK97-gp10_like	PF04883.12	81	D4014.contig26_8	128	0.00056
sCache_3_2	PF17203.4	140	D4014.contig26_8	128	0.019
PIG-U	PF06728.13	382	D4014.contig26_10	693	0.015
DUF2207	PF09972.9	492	D4014.contig26_10	693	0.021
DUF2516	PF10724.9	93	D4014.contig26_14	79	0.034
Holin_SPP1	PF04688.13	74	D4014.contig26_15	135	5.4e-11
Amidase_2	PF01510.25	126	D4014.contig26_16	247	2.8e-18
Phage_integrase	PF00589.22	172	D4014.contig26_17	277	5.1e-19
Phage_int_SAM_4	PF13495.6	85	D4014.contig26_17	277	0.00026
BetR	PF08667.10	148	D4014.contig26_18	115	6.4e-07
HTH_26	PF13443.6	63	D4014.contig26_18	115	2.4e-06
Phage_CI_repr	PF07022.13	65	D4014.contig26_18	115	0.0015
HTH_3	PF01381.22	55	D4014.contig26_18	115	0.0087
DUF739	PF05339.11	69	D4014.contig26_19	48	0.00019
BetR	PF08667.10	148	D4014.contig26_19	48	0.00019
Baculo_Y142	PF04913.12	440	D4014.contig26_25	58	0.011
Collagen	PF01391.18	60	D4014.contig27_1	128	0.0015
Collagen	PF01391.18	60	D4014.contig27_2	237	0.00048
Prophage_tail	PF06605.11	316	D4014.contig27_3	640	3e-14
Sipho_tail	PF05709.11	255	D4014.contig27_4	235	2.6e-07
PhageMin_Tail	PF10145.9	198	D4014.contig27_5	1174	1.7e-22
ATG16	PF08614.11	200	D4014.contig27_5	1174	0.01
YhzD	PF14120.6	61	D4014.contig27_7	204	0.11
Rep_2	PF01719.17	182	D4014.contig27_9	107	0.065
YihI	PF04220.12	156	D4014.contig27_11	90	0.018
Phage_capsid	PF05065.13	280	D4014.contig27_12	562	4.6e-36
Cadherin-like	PF12733.7	90	D4014.contig27_12	562	0.00038
Peptidase_S78	PF04586.17	163	D4014.contig27_13	191	7.1e-47
Phage_portal	PF04860.12	314	D4014.contig27_14	405	2.8e-57
Terminase_1	PF03354.15	468	D4014.contig27_15	127	6.9e-07
CEP1-DNA_bind	PF09287.10	196	D4014.contig27_15	127	0.013
Orbi_VP3	PF01700.16	888	D4014.contig27_15	127	0.03
Peptidase_S78	PF04586.17	163	D4014.contig28_1	124	2.2e-23
Phage_capsid	PF05065.13	280	D4014.contig28_2	408	2.1e-69
Phage_connect_1	PF05135.13	99	D4014.contig28_3	108	4.4e-17
Phage_H_T_join	PF05521.11	96	D4014.contig28_4	138	2.1e-15
Gp37	PF09646.10	143	D4014.contig28_6	187	0.021
DUF2635	PF10948.8	46	D4014.contig28_7	55	2.4e-18
Phage_sheath_1	PF04984.14	168	D4014.contig28_8	499	3.1e-26
Phage_sheath_1C	PF17482.2	104	D4014.contig28_8	499	7.2e-23
Phage_sheath_1N	PF17481.2	104	D4014.contig28_8	499	1.4e-05
Tail_tube	PF10618.9	117	D4014.contig28_9	119	6e-36
Phage_TAC_7	PF10109.9	83	D4014.contig28_10	90	9.7e-16
PhageMin_Tail	PF10145.9	198	D4014.contig28_11	597	1.9e-22
Glyco_hydro_38N	PF01074.22	289	D4014.contig28_11	597	0.039
DNA_circ_N	PF07157.12	88	D4014.contig28_13	434	1.3e-33
Phage_Mu_Gp45	PF06890.12	100	D4014.contig28_15	183	1.6e-37
GP46	PF07409.12	116	D4014.contig28_16	143	9.7e-35
Baseplate_J	PF04865.14	255	D4014.contig28_17	353	6.4e-61
DUF2313	PF10076.9	163	D4014.contig28_18	195	4.2e-40
Rep_fac-A_C	PF08646.10	146	D4014.contig28_18	195	0.019
AntA	PF08346.12	68	D4014.contig29_1	41	2e-07
SHOCT	PF09851.9	28	D4014.contig29_2	168	0.015
HTH_3	PF01381.22	55	D4014.contig29_3	75	6.4e-08
HTH_19	PF12844.7	65	D4014.contig29_3	75	1.3e-07
HTH_26	PF13443.6	63	D4014.contig29_3	75	4.1e-06
HTH_31	PF13560.6	64	D4014.contig29_3	75	3.4e-05
HTH_37	PF13744.6	80	D4014.contig29_3	75	0.009
HTH_11	PF08279.12	55	D4014.contig29_3	75	0.012
HTH_3	PF01381.22	55	D4014.contig29_4	138	4.8e-14
HTH_19	PF12844.7	65	D4014.contig29_4	138	1.5e-10
HTH_31	PF13560.6	64	D4014.contig29_4	138	1.1e-05
HTH_26	PF13443.6	63	D4014.contig29_4	138	0.001
HTH_19	PF12844.7	65	D4014.contig29_5	63	0.015
ORF6N	PF10543.9	84	D4014.contig29_6	257	1.3e-20
ANT	PF03374.14	108	D4014.contig29_7	272	7.1e-31
Bro-N	PF02498.17	95	D4014.contig29_7	272	1.5e-13
HTH_31	PF13560.6	64	D4014.contig29_8	78	2.4e-07
HTH_3	PF01381.22	55	D4014.contig29_8	78	1.9e-06
HTH_19	PF12844.7	65	D4014.contig29_8	78	6e-05
HTH_3	PF01381.22	55	D4014.contig29_9	253	1e-15
HTH_19	PF12844.7	65	D4014.contig29_9	253	1.2e-12
HTH_31	PF13560.6	64	D4014.contig29_9	253	7.9e-08
HTH_26	PF13443.6	63	D4014.contig29_9	253	0.00018
YdaS_antitoxin	PF15943.5	65	D4014.contig29_9	253	0.00049
Phage_CI_repr	PF07022.13	65	D4014.contig29_9	253	0.00068
HTH_24	PF13412.6	48	D4014.contig29_9	253	0.0009
HTH_5	PF01022.20	47	D4014.contig29_9	253	0.0013
HTH_23	PF13384.6	50	D4014.contig29_9	253	0.002
Phage_integrase	PF00589.22	172	D4014.contig29_10	369	7.9e-23
Arm-DNA-bind_4	PF14657.6	46	D4014.contig29_10	369	1.1e-11
Phage_int_SAM_3	PF14659.6	58	D4014.contig29_10	369	3.2e-08
DUF5624	PF18538.1	129	D4014.contig29_12	294	0.004
DUF4065	PF13274.6	114	D4014.contig29_14	168	2.7e-16
Amidase_3	PF01520.18	175	D4014.contig29_15	307	5.9e-26
ZoocinA_TRD	PF16775.5	106	D4014.contig29_15	307	7.1e-05
Phage_r1t_holin	PF16945.5	72	D4014.contig29_17	70	9.1e-11
ORF11CD3	PF10549.9	53	D4014.contig30_2	166	1.9e-16
KilA-N	PF04383.13	112	D4014.contig30_2	166	3.9e-16
DUF2681	PF10883.8	87	D4014.contig30_3	90	0.00032
RskA	PF10099.9	180	D4014.contig30_3	90	0.015
Glyco_hydro_19	PF00182.19	232	D4014.contig30_4	210	6.8e-07
Phage_holin_3_7	PF05449.11	80	D4014.contig30_5	94	1.8e-24
Phage_holin_8	PF16931.5	123	D4014.contig30_6	129	2.1e-43
DUF3927	PF13064.6	53	D4014.contig30_7	52	1.6e-14
TerB	PF05099.13	144	D4014.contig30_8	142	1.2e-06
DUF4127	PF13552.6	490	D4014.contig30_8	142	0.032
FTR_C	PF02741.15	149	D4014.contig30_8	142	0.034
Antiterm	PF03589.13	87	D4014.contig30_9	272	1.4e-52
Antiterm	PF03589.13	87	D4014.contig30_9	272	1.4e-52
DnaJ_CXXCXGXG	PF00684.19	67	D4014.contig30_9	272	0.00067
Toprim_2	PF13155.6	90	D4014.contig30_10	624	1.7e-12
AAA_25	PF13481.6	194	D4014.contig30_10	624	4.4e-09
ATPase	PF06745.13	231	D4014.contig30_10	624	1.7e-06
Toprim_4	PF13662.6	89	D4014.contig30_10	624	2e-06
Toprim_3	PF13362.6	95	D4014.contig30_10	624	1.4e-05
DnaB_C	PF03796.15	255	D4014.contig30_10	624	6.5e-05
DUF4222	PF13973.6	53	D4014.contig30_12	66	2.1e-16
Peptidase_S24	PF00717.23	70	D4014.contig30_13	233	7.5e-10
HTH_3	PF01381.22	55	D4014.contig30_13	233	9.5e-10
HTH_31	PF13560.6	64	D4014.contig30_13	233	6.1e-08
HTH_19	PF12844.7	65	D4014.contig30_13	233	9.5e-07
HTH_26	PF13443.6	63	D4014.contig30_13	233	2.6e-06
YdaS_antitoxin	PF15943.5	65	D4014.contig30_13	233	1.6e-05
HTH_37	PF13744.6	80	D4014.contig30_13	233	7.7e-05
HTH_24	PF13412.6	48	D4014.contig30_13	233	0.00012
Phage_CI_repr	PF07022.13	65	D4014.contig30_13	233	0.0018
HTH_19	PF12844.7	65	D4014.contig30_14	144	2.9e-06
Phage_CI_repr	PF07022.13	65	D4014.contig30_14	144	9.2e-06
HTH_3	PF01381.22	55	D4014.contig30_14	144	2.2e-05
HTH_31	PF13560.6	64	D4014.contig30_14	144	0.00017
HTH_Crp_2	PF13545.6	68	D4014.contig30_14	144	0.0023
YdaS_antitoxin	PF15943.5	65	D4014.contig30_14	144	0.0075
Peptidase_S24	PF00717.23	70	D4014.contig30_15	129	0.00012
BNR	PF02012.20	12	D4014.contig30_18	59	0.039
Terminase_1	PF03354.15	468	D4014.contig31_1	155	5.3e-21
Phage_portal	PF04860.12	314	D4014.contig31_2	435	3.1e-97
CLP_protease	PF00574.23	182	D4014.contig31_3	283	8e-25
SDH_sah	PF01972.16	286	D4014.contig31_3	283	0.0042
Phage_capsid	PF05065.13	280	D4014.contig31_4	407	4.4e-54
SNase	PF00565.17	108	D4014.contig31_5	71	0.022
Phage_connect_1	PF05135.13	99	D4014.contig31_6	109	3.4e-22
Phage_H_T_join	PF05521.11	96	D4014.contig31_7	115	9.9e-14
HK97-gp10_like	PF04883.12	81	D4014.contig31_9	135	0.00018
DUF2278	PF10042.9	204	D4014.contig31_9	135	0.052
Phage_TTP_13	PF16463.5	137	D4014.contig31_10	151	2.5e-79
Fn3-like	PF14310.6	71	D4014.contig31_10	151	0.014
Phage_tail_3	PF08813.11	165	D4014.contig31_10	151	0.018
Phage_TAC_14	PF16462.5	113	D4014.contig31_11	121	3.9e-39
PhageMin_Tail	PF10145.9	198	D4014.contig31_12	1110	1.2e-21
DUF910	PF06014.11	61	D4014.contig31_12	1110	0.00086
Phage_min_tail	PF05939.13	108	D4014.contig31_13	96	1.6e-31
DUF2460	PF09343.10	200	D4014.contig31_13	96	0.06
NCKAP5	PF15246.6	308	D4014.contig32_2	72	0.11
Peptidase_S24	PF00717.23	70	D4014.contig32_5	226	3.2e-13
HTH_3	PF01381.22	55	D4014.contig32_5	226	5e-09
HTH_19	PF12844.7	65	D4014.contig32_5	226	1.2e-06
HTH_31	PF13560.6	64	D4014.contig32_5	226	5.1e-06
HTH_26	PF13443.6	63	D4014.contig32_5	226	0.00017
YdaS_antitoxin	PF15943.5	65	D4014.contig32_5	226	0.00031
Sigma70_r4_2	PF08281.12	54	D4014.contig32_5	226	0.00036
HTH_23	PF13384.6	50	D4014.contig32_5	226	0.0013
Terminase_5	PF06056.12	58	D4014.contig32_5	226	0.0013
YdaS_antitoxin	PF15943.5	65	D4014.contig32_6	90	1.2e-14
P22_Cro	PF14549.6	60	D4014.contig32_6	90	1.1e-06
HTH_3	PF01381.22	55	D4014.contig32_6	90	7.6e-05
HTH_23	PF13384.6	50	D4014.contig32_6	90	0.00024
HTH_24	PF13412.6	48	D4014.contig32_6	90	0.0011
HTH_Tnp_ISL3	PF13542.6	52	D4014.contig32_6	90	0.0017
HTH_28	PF13518.6	52	D4014.contig32_6	90	0.0058
PPDK_N	PF01326.19	328	D4014.contig32_7	103	0.044
Sld7_C	PF18596.1	78	D4014.contig32_7	103	0.048
ResIII	PF04851.15	171	D4014.contig32_8	539	5.1e-11
Helicase_C	PF00271.31	111	D4014.contig32_8	539	8.4e-08
DEAD	PF00270.29	176	D4014.contig32_8	539	2.9e-07
Toprim_3	PF13362.6	95	D4014.contig32_9	325	2.3e-13
Prim_Zn_Ribbon	PF08273.12	38	D4014.contig32_9	325	1.2e-11
Antiterm	PF03589.13	87	D4014.contig32_11	261	2.4e-48
Antiterm	PF03589.13	87	D4014.contig32_11	261	2.4e-48
DnaJ_CXXCXGXG	PF00684.19	67	D4014.contig32_11	261	2.4e-05
MAF_flag10	PF01973.18	171	D4014.contig32_12	184	7.1e-07
MAF_flag10	PF01973.18	171	D4014.contig32_12	184	7.1e-07
Phage_holin_8	PF16931.5	123	D4014.contig32_14	133	5.2e-17
Phage_lysozyme	PF00959.19	109	D4014.contig32_16	124	1.1e-16
Zn_ribbon_recom	PF13408.6	58	D4014.contig33_1	94	0.022
Resolvase	PF00239.21	146	D4014.contig33_2	343	6.4e-45
Recombinase	PF07508.13	104	D4014.contig33_2	343	8.2e-14
Zn_ribbon_recom	PF13408.6	58	D4014.contig33_2	343	1.5e-05
DUF3417	PF11897.8	109	D4014.contig33_3	70	0.077
Lipoprotein_Ltp	PF07553.11	48	D4014.contig33_4	188	6.8e-69
Lipoprotein_Ltp	PF07553.11	48	D4014.contig33_4	188	6.8e-69
Lipoprotein_Ltp	PF07553.11	48	D4014.contig33_4	188	6.8e-69
HIRAN	PF08797.11	96	D4014.contig33_5	112	5.8e-07
NEAT	PF05031.12	119	D4014.contig33_5	112	0.046
Peptidase_M78	PF06114.13	123	D4014.contig33_6	129	9.9e-09
Peptidase_M48	PF01435.18	196	D4014.contig33_6	129	0.036
Lac_bphage_repr	PF06543.12	49	D4014.contig33_7	113	0.003
HTH_26	PF13443.6	63	D4014.contig33_7	113	0.0058
HTH_35	PF13693.6	75	D4014.contig33_7	113	0.0096
HTH_26	PF13443.6	63	D4014.contig33_11	66	4.4e-13
HTH_3	PF01381.22	55	D4014.contig33_11	66	5.2e-10
HTH_19	PF12844.7	65	D4014.contig33_11	66	3.4e-07
DUF739	PF05339.11	69	D4014.contig33_11	66	0.0028
HTH_37	PF13744.6	80	D4014.contig33_11	66	0.0037
Mg296	PF09644.10	126	D4014.contig33_12	90	0.013
DUF1940	PF09155.10	143	D4014.contig33_12	90	0.046
Hypoth_Ymh	PF09509.10	120	D4014.contig33_13	269	1.2e-31
ANT	PF03374.14	108	D4014.contig33_14	248	3.1e-33
AntA	PF08346.12	68	D4014.contig33_14	248	3.7e-23
HTH_3	PF01381.22	55	D4014.contig33_17	126	7e-20
HTH_19	PF12844.7	65	D4014.contig33_17	126	6.3e-14
HTH_26	PF13443.6	63	D4014.contig33_17	126	2.7e-11
HTH_31	PF13560.6	64	D4014.contig33_17	126	1.2e-10
HTH_24	PF13412.6	48	D4014.contig33_17	126	3.5e-05
HTH_25	PF13413.6	62	D4014.contig33_17	126	0.00033
HTH_Tnp_1_2	PF13022.6	123	D4014.contig33_17	126	0.00061
HTH_23	PF13384.6	50	D4014.contig33_17	126	0.0016
YdaS_antitoxin	PF15943.5	65	D4014.contig33_17	126	0.0028
RepA_N	PF06970.11	76	D4014.contig33_19	285	2e-27
DnaB_2	PF07261.11	74	D4014.contig33_19	285	2.9e-10
HTH_36	PF13730.6	55	D4014.contig33_19	285	1.1e-05
YpsA	PF06908.11	168	D4014.contig33_21	74	0.01
RecT	PF03837.14	199	D4014.contig33_23	239	5.7e-47
AAA_16	PF13191.6	170	D4014.contig34_1	1306	0.0011
DNA_pol_B_exo2	PF10108.9	213	D4014.contig34_1	1306	0.004
AAA_23	PF13476.6	200	D4014.contig34_1	1306	0.0042
Helicase_C	PF00271.31	111	D4014.contig34_3	430	0.00049
RHH_8	PF17723.1	119	D4014.contig34_3	430	0.038
DUF2800	PF10926.8	363	D4014.contig34_5	186	3e-08
HTH_23	PF13384.6	50	D4014.contig34_6	880	2.2e-12
HTH_38	PF13936.6	44	D4014.contig34_6	880	2e-10
HTH_3	PF01381.22	55	D4014.contig34_6	880	2.1e-06
NinB	PF05772.12	131	D4014.contig35_4	150	1.1e-48
NinE	PF05322.11	58	D4014.contig35_5	57	3.6e-06
NinG	PF05766.12	186	D4014.contig35_6	214	9.1e-59
Phage_antiter_Q	PF06323.11	222	D4014.contig35_8	230	4.6e-78
Phage_holin_3_3	PF16083.5	78	D4014.contig35_9	106	1.5e-21
Phage_lysozyme	PF00959.19	109	D4014.contig35_10	147	2.1e-23
DUF2570	PF10828.8	108	D4014.contig35_11	129	0.00037
DUF3881	PF12997.7	283	D4014.contig35_11	129	0.028
Imm17	PF15562.6	61	D4014.contig35_13	50	0.068
DUF2280	PF10045.9	103	D4014.contig35_15	160	1.5e-43
Terminase_6C	PF17289.2	155	D4014.contig35_16	491	2.1e-12
HTH_AsnC-type	PF13404.6	42	D4014.contig35_17	308	0.017
Ead_Ea22	PF13935.6	139	D4014.contig36_3	246	0.013
Cobalamin_bind	PF01122.19	318	D4014.contig37_2	70	0.00053
PrgH	PF09480.10	379	D4014.contig37_2	70	0.015
DZR	PF12773.7	49	D4014.contig37_3	67	0.019
Mut7-C	PF01927.16	146	D4014.contig37_3	67	0.02
YopX	PF09643.10	131	D4014.contig37_4	130	8.1e-18
DUF1642	PF07852.11	138	D4014.contig37_5	177	1.7e-28
DUF3882	PF07066.11	159	D4014.contig37_6	103	0.037
DUF3307	PF11750.8	125	D4014.contig37_7	53	0.065
Sigma70_r4_2	PF08281.12	54	D4014.contig37_10	87	0.00064
Sigma70_r3	PF04539.16	78	D4014.contig37_10	87	0.0014
DUF2774	PF11242.8	63	D4014.contig37_10	87	0.0017
RusA	PF05866.11	124	D4014.contig37_11	149	2.6e-37
DUF5106	PF17127.4	153	D4014.contig37_11	149	0.039
SSB	PF00436.25	104	D4014.contig37_12	150	1.8e-34
tRNA_anti-codon	PF01336.25	76	D4014.contig37_12	150	0.021
ERF	PF04404.12	153	D4014.contig37_13	198	2.6e-20
DivIC	PF04977.15	80	D4014.contig37_15	67	0.00069
MscS_porin	PF12795.7	238	D4014.contig37_15	67	0.015
DUF5595	PF18077.1	73	D4014.contig37_15	67	0.02
Fungal_TACC	PF12709.7	77	D4014.contig37_15	67	0.033
DUF1642	PF07852.11	138	D4014.contig37_18	201	3.7e-09
GIDE	PF12483.8	158	D4014.contig37_19	51	0.036
Rrf2	PF02082.20	83	D4014.contig37_20	109	0.0026
HTH_11	PF08279.12	55	D4014.contig37_20	109	0.0031
IstB_IS21	PF01695.17	178	D4014.contig37_21	277	4.2e-10
Bac_DnaA	PF00308.18	219	D4014.contig37_21	277	0.00029
AAA_5	PF07728.14	138	D4014.contig37_21	277	0.00032
AAA_16	PF13191.6	170	D4014.contig37_21	277	0.0036
DnaB_2	PF07261.11	74	D4014.contig37_22	122	2.7e-26
TACC_C	PF05010.14	201	D4014.contig37_22	122	0.048
Phage_integrase	PF00589.22	172	D4014.contig38_1	387	1.4e-17
Phage_int_SAM_3	PF14659.6	58	D4014.contig38_1	387	5.2e-05
Phage_int_SAM_5	PF13102.6	99	D4014.contig38_1	387	0.0028
Arm-DNA-bind_3	PF13356.6	74	D4014.contig38_1	387	0.0035
Arm-DNA-bind_4	PF14657.6	46	D4014.contig38_1	387	0.022
Peptidase_S24	PF00717.23	70	D4014.contig38_3	245	6.4e-16
HTH_3	PF01381.22	55	D4014.contig38_3	245	5.6e-13
HTH_19	PF12844.7	65	D4014.contig38_3	245	5.6e-06
HTH_31	PF13560.6	64	D4014.contig38_3	245	1e-05
HTH_26	PF13443.6	63	D4014.contig38_3	245	1.5e-05
HTH_24	PF13412.6	48	D4014.contig38_3	245	0.00011
DUF5513	PF17632.2	91	D4014.contig38_4	33	0.06
APOBEC4_like	PF18774.1	132	D4014.contig38_6	209	0.024
HTH_3	PF01381.22	55	D4014.contig38_7	71	8.4e-14
HTH_31	PF13560.6	64	D4014.contig38_7	71	8.7e-08
HTH_19	PF12844.7	65	D4014.contig38_7	71	1.4e-07
HTH_24	PF13412.6	48	D4014.contig38_7	71	0.00012
HTH_25	PF13413.6	62	D4014.contig38_7	71	0.00015
HTH_26	PF13443.6	63	D4014.contig38_7	71	0.00021
Sigma70_r4	PF04545.16	50	D4014.contig38_7	71	0.00045
HTH_28	PF13518.6	52	D4014.contig38_7	71	0.0011
HTH_23	PF13384.6	50	D4014.contig38_7	71	0.0013
MarR_2	PF12802.7	62	D4014.contig38_7	71	0.0013
HTH_11	PF08279.12	55	D4014.contig38_7	71	0.0014
DUF3102	PF11300.8	130	D4014.contig38_8	297	8.8e-07
ParBc	PF02195.18	90	D4014.contig38_9	280	7.7e-06
DUF262	PF03235.14	221	D4014.contig38_9	280	0.0096
DndB	PF14072.6	346	D4014.contig38_9	280	0.017
WXG100	PF06013.12	86	D4014.contig38_10	49	0.055
O-FucT	PF10250.9	336	D4014.contig38_11	108	0.034
HTH_17	PF12728.7	51	D4014.contig38_12	84	0.0004
Prim-Pol	PF09250.11	158	D4014.contig39_5	767	1.3e-25
AAA_25	PF13481.6	194	D4014.contig39_5	767	2.3e-11
ATPase	PF06745.13	231	D4014.contig39_5	767	4.6e-07
Penicillinase_R	PF03965.16	115	D4014.contig39_5	767	1.2e-05
Y1_Tnp	PF01797.16	121	D4014.contig40_1	191	2e-39
MPTase-PolyVal	PF18818.1	126	D4014.contig40_2	284	5.5e-37
DUF1738	PF08401.11	128	D4014.contig40_2	284	8.1e-26
Phage_integrase	PF00589.22	172	D4014.contig40_4	431	2.9e-18
HTH_3	PF01381.22	55	D4014.contig40_5	83	6.9e-11
HTH_31	PF13560.6	64	D4014.contig40_5	83	2.9e-08
HTH_19	PF12844.7	65	D4014.contig40_5	83	2.1e-06
HTH_26	PF13443.6	63	D4014.contig40_6	83	4.1e-12
zf-tcix	PF14952.6	42	D4014.contig40_8	171	0.00037
zinc_ribbon_2	PF13240.6	23	D4014.contig40_8	171	0.013
DUF4386	PF14329.6	210	D4014.contig40_8	171	0.025
zf-ribbon_3	PF13248.6	26	D4014.contig40_9	117	8e-11
DZR	PF12773.7	49	D4014.contig40_9	117	4.3e-09
zinc_ribbon_2	PF13240.6	23	D4014.contig40_9	117	6.3e-08
UPF0547	PF10571.9	26	D4014.contig40_9	117	6.3e-06
Phg_2220_C	PF09524.10	74	D4014.contig41_3	285	3.5e-26
HTH_36	PF13730.6	55	D4014.contig41_3	285	1.6e-13
GntR	PF00392.21	64	D4014.contig41_3	285	2.5e-06
HTH_29	PF13551.6	63	D4014.contig41_3	285	0.00071
PaaX	PF07848.12	70	D4014.contig41_3	285	0.0014
RP-C	PF03428.13	175	D4014.contig41_3	285	0.0019
MarR	PF01047.22	59	D4014.contig41_3	285	0.0046
Dam	PF05869.11	171	D4014.contig41_4	292	3e-56
LexA_DNA_bind	PF01726.16	65	D4014.contig41_5	108	1.3e-18
HTH_20	PF12840.7	61	D4014.contig41_5	108	0.00036
HTH_Crp_2	PF13545.6	68	D4014.contig41_5	108	0.00061
RusA	PF05866.11	124	D4014.contig41_6	129	2.1e-16
KilA-N	PF04383.13	112	D4014.contig41_7	292	3.9e-21
DUF968	PF06147.11	200	D4014.contig41_8	330	3.2e-86
HNHc_6	PF16784.5	200	D4014.contig41_8	330	5.3e-06
Phage_antitermQ	PF06530.12	118	D4014.contig41_9	122	1.3e-53
DUF1133	PF06576.11	176	D4014.contig41_9	122	9.5e-05
DUF4064	PF13273.6	103	D4014.contig41_10	150	1.6
DUF1983	PF09327.11	81	D4014.contig42_5	1063	1.5e-21
Phage-tail_3	PF13550.6	164	D4014.contig42_5	1063	1.4e-14
Lambda_tail_I	PF06805.12	86	D4014.contig42_6	197	2.8e-05
DUF308	PF03729.13	73	D4014.contig42_6	197	3.9e-05
CD20	PF04103.15	156	D4014.contig42_6	197	0.026
YqhG	PF11079.8	258	D4014.contig42_7	116	0.021
NLPC_P60	PF00877.19	105	D4014.contig42_8	237	1.3e-22
Prok-JAB	PF14464.6	118	D4014.contig42_8	237	9.1e-19
Phage_tail_L	PF05100.12	206	D4014.contig42_9	252	1.9e-90
DUF262	PF03235.14	221	D4014.contig43_3	425	9.2e-20
Utp13	PF08625.11	142	D4014.contig43_3	425	0.0064
Peptidase_M78	PF06114.13	123	D4014.contig43_4	136	0.00064
Peptidase_M76	PF09768.9	171	D4014.contig43_4	136	0.05
DUF3800	PF12686.7	120	D4014.contig43_6	235	5.1e-10
RNA_pol_Rbc25	PF08292.12	129	D4014.contig43_6	235	0.02
DUF739	PF05339.11	69	D4014.contig43_8	82	3.4e-05
HTH_26	PF13443.6	63	D4014.contig43_8	82	5.5e-05
HTH_31	PF13560.6	64	D4014.contig43_8	82	0.00011
HTH_Tnp_ISL3	PF13542.6	52	D4014.contig43_8	82	0.00016
HTH_AsnC-type	PF13404.6	42	D4014.contig43_8	82	0.00024
YdaS_antitoxin	PF15943.5	65	D4014.contig43_8	82	0.00038
BetR	PF08667.10	148	D4014.contig43_8	82	0.0006
HTH_3	PF01381.22	55	D4014.contig43_8	82	0.00075
HTH_24	PF13412.6	48	D4014.contig43_8	82	0.0015
Phage_CI_repr	PF07022.13	65	D4014.contig43_8	82	0.0017
HTH_28	PF13518.6	52	D4014.contig43_8	82	0.0033
Pox_I6	PF04595.13	321	D4014.contig43_10	179	0.00048
DUF812	PF05667.11	595	D4014.contig43_10	179	0.011
ANT	PF03374.14	108	D4014.contig43_11	266	2e-31
Bro-N	PF02498.17	95	D4014.contig43_11	266	2.6e-29
m04gp34like	PF12216.8	272	D4014.contig43_12	152	0.087
Ytp1	PF10355.9	277	D4014.contig44_3	64	0.026
DUF3784	PF12650.7	94	D4014.contig44_3	64	0.029
DUF4191	PF13829.6	219	D4014.contig44_3	64	0.046
Ribosomal_S27	PF01599.19	45	D4014.contig44_5	88	0.051
Phage_integrase	PF00589.22	172	D4014.contig44_6	414	3.3e-14
Phage_int_SAM_3	PF14659.6	58	D4014.contig44_6	414	2e-07
Phage_int_SAM_5	PF13102.6	99	D4014.contig44_6	414	1.5e-05
SHOCT	PF09851.9	28	D4014.contig44_6	414	2e-05
SHOCT	PF09851.9	28	D4014.contig44_7	259	7.5e-06
DUF4428	PF14471.6	51	D4014.contig44_7	259	7.4e-05
HTH_3	PF01381.22	55	D4014.contig44_8	128	4.9e-13
HTH_19	PF12844.7	65	D4014.contig44_8	128	1e-09
HTH_31	PF13560.6	64	D4014.contig44_8	128	9.3e-07
Death	PF00531.22	86	D4014.contig44_8	128	0.0006
HTH_37	PF13744.6	80	D4014.contig44_8	128	0.001
HTH_26	PF13443.6	63	D4014.contig44_8	128	0.0068
Zn-ribbon_8	PF09723.10	40	D4014.contig44_9	101	0.0045
Auto_anti-p27	PF06677.12	40	D4014.contig44_9	101	0.01
DUF2513	PF10711.9	104	D4014.contig44_10	121	3.2e-11
AntA	PF08346.12	68	D4014.contig44_12	41	1.8e-07
fn3	PF00041.21	85	D4014.contig45_5	1316	1.1e-10
Phage-tail_3	PF13550.6	164	D4014.contig45_5	1316	2.4e-08
Gp58	PF07902.11	594	D4014.contig45_5	1316	3.2e-08
Phage_prot_Gp6	PF05133.14	420	D4014.contig46_3	498	6.1e-16
DUF4600	PF15372.6	128	D4014.contig46_5	205	0.0027
DUF3629	PF12302.8	218	D4014.contig46_5	205	0.027
P22_CoatProtein	PF11651.8	417	D4014.contig46_6	286	2.6e-07
QueC	PF06508.13	210	D4014.contig47_1	70	0.0042
Peptidase_M15_3	PF08291.11	111	D4014.contig47_2	103	4.9e-12
Peptidase_M15_4	PF13539.6	67	D4014.contig47_2	103	0.034
DUF5069	PF16798.5	133	D4014.contig47_4	161	0.12
Phage_F	PF02305.17	510	D4014.contig47_5	618	2.4e-26
Phage_F	PF02305.17	510	D4014.contig47_5	618	2.4e-26
Phage_integrase	PF00589.22	172	D4014.contig48_1	388	3.8e-41
Zwilch	PF09817.9	574	D4014.contig48_2	107	0.068
MIF4G_like_2	PF09090.11	267	D4014.contig48_3	80	0.054
YopX	PF09643.10	131	D4014.contig49_2	132	3e-13
BrnA_antitoxin	PF14384.6	70	D4014.contig49_5	61	0.013
Tmem26	PF09772.9	288	D4014.contig49_10	94	0.071
Phage_F	PF02305.17	510	D4014.contig50_4	653	9.9e-10
Phage_F	PF02305.17	510	D4014.contig50_4	653	9.9e-10
Cpn60_TCP1	PF00118.24	491	D4014.contig50_5	139	0.015
Resolvase	PF00239.21	146	D4014.contig51_2	185	4.5e-48
HTH_7	PF02796.15	45	D4014.contig51_2	185	8.9e-12
DinI	PF06183.13	63	D4014.contig51_3	80	2.2e-21
PRA-CH	PF01502.18	74	D4014.contig51_4	130	0.0012
DUF4236	PF14020.6	55	D4014.contig51_5	402	2.8e-20
BBP1_C	PF15272.6	192	D4014.contig51_5	402	0.012
DUF3585	PF12130.8	136	D4014.contig51_5	402	0.018
Arm-DNA-bind_2	PF12167.8	65	D4014.contig51_6	393	2.3e-23
Phage_integrase	PF00589.22	172	D4014.contig51_6	393	2.1e-20
Phage_int_SAM_5	PF13102.6	99	D4014.contig51_6	393	0.00035
DUF3799	PF12684.7	234	D4014.contig52_2	277	3.7e-72
PDDEXK_1	PF12705.7	255	D4014.contig52_2	277	1.2e-10
HTH_3	PF01381.22	55	D4014.contig52_4	109	2.5e-19
HTH_19	PF12844.7	65	D4014.contig52_4	109	9.8e-13
HTH_31	PF13560.6	64	D4014.contig52_4	109	1.4e-11
HTH_26	PF13443.6	63	D4014.contig52_4	109	2.7e-05
HTH_11	PF08279.12	55	D4014.contig52_4	109	0.00016
Sigma70_r4	PF04545.16	50	D4014.contig52_4	109	0.0013
HTH_37	PF13744.6	80	D4014.contig52_4	109	0.0022
HTH_25	PF13413.6	62	D4014.contig52_4	109	0.0025
Phage_CI_repr	PF07022.13	65	D4014.contig52_4	109	0.0032
DNA_methylase	PF00145.17	335	D4014.contig52_6	263	1e-07
DNA_methylase	PF00145.17	335	D4014.contig52_6	263	1e-07
Pox_A28	PF04584.14	140	D4014.contig52_7	72	0.069
ORF6C	PF10552.9	114	D4014.contig52_8	246	2.5e-36
Bro-N	PF02498.17	95	D4014.contig52_8	246	1.6e-21
N6_N4_Mtase	PF01555.18	231	D4014.contig52_9	254	4.7e-22
Pribosyltran	PF00156.27	159	D4014.contig52_9	254	0.019
DUF2273	PF10031.9	48	D4014.contig52_10	72	0.012
UPF0158	PF03682.13	157	D4014.contig52_12	56	0.043
DUF2335	PF10097.9	50	D4014.contig53_1	92	1.3e-14
P22_AR_C	PF10548.9	73	D4014.contig53_4	240	2.6e-15
Bro-N	PF02498.17	95	D4014.contig53_4	240	1.5e-09
Arc	PF03869.14	50	D4014.contig53_5	58	2.3e-12
HicB	PF05534.12	51	D4014.contig53_5	58	0.00024
CopG_antitoxin	PF12441.8	79	D4014.contig53_5	58	0.0079
Arc	PF03869.14	50	D4014.contig53_6	121	2.1e-21
RHH_5	PF07878.11	43	D4014.contig53_6	121	0.00011
HicB	PF05534.12	51	D4014.contig53_6	121	0.0036
Ig_3	PF13927.6	79	D4014.contig53_8	255	1.7e-07
Ig_2	PF13895.6	79	D4014.contig53_8	255	8.5e-06
I-set	PF07679.16	90	D4014.contig53_8	255	0.00021
SprB	PF13573.6	37	D4014.contig53_8	255	0.0021
ig	PF00047.25	87	D4014.contig53_8	255	0.0036
Phage_tail_2	PF06199.11	135	D4014.contig53_8	255	0.0073
DUF3168	PF11367.8	117	D4014.contig53_10	128	0.025
HTH_3	PF01381.22	55	D4014.contig54_1	140	6.2e-13
HTH_31	PF13560.6	64	D4014.contig54_1	140	2.8e-12
HTH_19	PF12844.7	65	D4014.contig54_1	140	4.1e-12
HTH_37	PF13744.6	80	D4014.contig54_1	140	9.5e-07
HTH_26	PF13443.6	63	D4014.contig54_1	140	2.2e-05
HTH_25	PF13413.6	62	D4014.contig54_1	140	8e-05
MqsA_antitoxin	PF15731.5	131	D4014.contig54_1	140	0.00058
YdaS_antitoxin	PF15943.5	65	D4014.contig54_2	77	4.1e-22
P22_Cro	PF14549.6	60	D4014.contig54_2	77	1.1e-05
HTH_3	PF01381.22	55	D4014.contig54_2	77	0.00018
YdaT_toxin	PF06254.11	88	D4014.contig54_3	181	9.7e-38
ImcF-related_N	PF14331.6	259	D4014.contig54_3	181	0.018
MipZ	PF09140.11	262	D4014.contig54_3	181	0.034
T5orf172	PF10544.9	103	D4014.contig54_5	231	1.9e-14
MUG113	PF13455.6	77	D4014.contig54_5	231	9.6e-10
Phage_rep_org_N	PF09681.10	121	D4014.contig54_6	288	0.057
Phage_lambda_P	PF06992.11	162	D4014.contig54_7	230	3.8e-54
Resolvase	PF00239.21	146	D4014.contig55_1	200	6.8e-26
Glyco_hydro_108	PF05838.12	85	D4014.contig55_4	175	2e-22
PG_binding_3	PF09374.10	76	D4014.contig55_4	175	2.2e-21
Asp-B-Hydro_N	PF05279.11	243	D4014.contig55_4	175	0.0062
PG_binding_1	PF01471.18	57	D4014.contig55_4	175	0.0069
BBE	PF08031.12	46	D4014.contig55_7	76	0.087
Phage_integrase	PF00589.22	172	D4014.contig55_8	403	8.3e-20
Phage_int_SAM_4	PF13495.6	85	D4014.contig55_8	403	2.7e-08
Phage_int_SAM_1	PF02899.17	84	D4014.contig55_8	403	0.00029
HTH_26	PF13443.6	63	D4014.contig55_10	83	3.6e-05
ParA	PF10609.9	246	D4014.contig56_1	419	8e-28
CbiA	PF01656.23	128	D4014.contig56_1	419	1.7e-16
AAA_31	PF13614.6	177	D4014.contig56_1	419	2.4e-15
ArsA_ATPase	PF02374.15	305	D4014.contig56_1	419	2.3e-09
Fer4_NifH	PF00142.18	271	D4014.contig56_1	419	2.6e-07
SRP54	PF00448.22	196	D4014.contig56_1	419	1e-05
CBP_BcsQ	PF06564.12	234	D4014.contig56_1	419	2.6e-05
MipZ	PF09140.11	262	D4014.contig56_1	419	5.3e-05
VirC1	PF07015.11	231	D4014.contig56_1	419	0.0002
Glyco_transf_4	PF13439.6	170	D4014.contig56_1	419	0.0037
Phage_integrase	PF00589.22	172	D4014.contig56_2	273	1.5e-17
Phage_int_SAM_5	PF13102.6	99	D4014.contig56_2	273	0.0045
Phage_int_SAM_5	PF13102.6	99	D4014.contig56_3	380	3.1e-14
Phage_integrase	PF00589.22	172	D4014.contig56_3	380	1.1e-13
Arm-DNA-bind_5	PF17293.2	86	D4014.contig56_3	380	1.2e-05
Peptidase_S24	PF00717.23	70	D4014.contig56_5	257	0.00018
HTH_19	PF12844.7	65	D4014.contig56_5	257	0.0055
HTH_3	PF01381.22	55	D4014.contig56_5	257	0.0076
P22_Cro	PF14549.6	60	D4014.contig57_1	41	1.7e-08
YdaS_antitoxin	PF15943.5	65	D4014.contig57_1	41	0.0069
HTH_23	PF13384.6	50	D4014.contig57_1	41	0.0089
Peptidase_S24	PF00717.23	70	D4014.contig57_2	209	5.2e-19
HTH_3	PF01381.22	55	D4014.contig57_2	209	2e-09
HTH_31	PF13560.6	64	D4014.contig57_2	209	0.0037
zf-C4_ClpX	PF06689.13	39	D4014.contig57_3	122	5.5e-06
DUF2303	PF10065.9	267	D4014.contig57_5	276	2e-74
HD_2	PF12917.7	182	D4014.contig57_6	180	0.027
Baculo_PEP_C	PF04513.12	140	D4014.contig57_7	59	0.017
HSCB_C	PF07743.13	76	D4014.contig57_7	59	0.032
MarR	PF01047.22	59	D4014.contig57_8	85	0.02
DUF501	PF04417.12	140	D4014.contig57_9	185	0.013
HTH_11	PF08279.12	55	D4014.contig58_1	46	0.00076
Sipho_Gp157	PF05565.11	163	D4014.contig58_2	161	5.6e-42
Orbi_VP5	PF00901.17	507	D4014.contig58_2	161	0.0038
Phage_Mu_Gam	PF07352.12	155	D4014.contig58_2	161	0.0062
RecT	PF03837.14	199	D4014.contig58_3	305	3.2e-31
Gam	PF06064.11	98	D4014.contig58_4	99	1.7e-51
DUF3761	PF12587.8	88	D4014.contig58_5	69	0.021
UPF0547	PF10571.9	26	D4014.contig58_7	94	0.019
DUF4187	PF13821.6	54	D4014.contig58_7	94	0.042
Phage_prot_Gp6	PF05133.14	420	D4014.contig59_2	583	0.00013
Phage_min_cap2	PF06152.11	367	D4014.contig59_3	500	1.5e-97
Phage_GP20	PF06810.11	149	D4014.contig59_5	97	0.0084
DUF2244	PF10003.9	139	D4014.contig61_1	70	0.025
Phage_HK97_TLTM	PF06120.11	288	D4014.contig61_3	1141	1.7e-17
Phage_integrase	PF00589.22	172	D4014.contig62_1	282	2.6e-20
Phage_int_SAM_3	PF14659.6	58	D4014.contig62_1	282	1.1e-06
Phage_int_SAM_5	PF13102.6	99	D4014.contig62_1	282	0.00022
Phage_int_SAM_4	PF13495.6	85	D4014.contig62_1	282	0.0015
Collagen	PF01391.18	60	D4014.contig62_5	582	2.1e-14
Collagen	PF01391.18	60	D4014.contig62_5	582	2.1e-14
Serpentine_r_xa	PF03383.15	153	D4014.contig62_7	170	9e-05
Relaxase	PF03432.14	242	D4014.contig63_1	104	2.9e-11
DUF2379	PF09543.10	120	D4014.contig63_2	151	0.023
Rep_3	PF01051.21	222	D4014.contig63_4	342	7.4e-23
PhdYeFM_antitox	PF02604.19	75	D4014.contig63_5	84	0.00072
YoeB_toxin	PF06769.14	80	D4014.contig63_6	91	5.6e-11
WAC_Acf1_DNA_bd	PF10537.9	101	D4014.contig63_7	66	0.021
DUF4298	PF14131.6	87	D4014.contig63_8	100	0.023
Relaxase	PF03432.14	242	D4014.contig63_9	208	9.6e-45
RHH_1	PF01402.21	39	D4014.contig64_3	202	0.00015
Gp49	PF05973.14	90	D4014.contig64_4	116	4.1e-18
HTH_3	PF01381.22	55	D4014.contig64_5	105	3.2e-13
HTH_19	PF12844.7	65	D4014.contig64_5	105	1.4e-10
HTH_31	PF13560.6	64	D4014.contig64_5	105	5e-09
HTH_37	PF13744.6	80	D4014.contig64_5	105	6.8e-08
MqsA_antitoxin	PF15731.5	131	D4014.contig64_5	105	4.4e-05
HTH_25	PF13413.6	62	D4014.contig64_5	105	0.00022
HTH_26	PF13443.6	63	D4014.contig64_5	105	0.00035
HTH_Crp_2	PF13545.6	68	D4014.contig64_5	105	0.00095
Microvir_H	PF04687.12	310	D4014.contig65_2	473	0.048
DUF3794	PF12673.7	77	D4014.contig65_3	158	0.027
DUF4043	PF13252.6	353	D4014.contig65_5	328	1.5e-35
DUF4043	PF13252.6	353	D4014.contig65_5	328	1.5e-35
Mce4_CUP1	PF11887.8	257	D4014.contig66_2	238	0.0035
DUF3799	PF12684.7	234	D4014.contig67_3	221	2.7e-06
SNF2_N	PF00176.23	350	D4014.contig67_4	486	1.5e-27
Helicase_C	PF00271.31	111	D4014.contig67_4	486	4.9e-09
ResIII	PF04851.15	171	D4014.contig67_4	486	3.6e-06
DEAD	PF00270.29	176	D4014.contig67_4	486	0.0014
Plasmid_parti	PF01672.16	85	D4014.contig67_5	56	0.1
Peptidase_S74	PF13884.6	58	D4014.contig68_2	269	6.5e-12
Anemone_cytotox	PF06369.12	176	D4014.contig68_2	269	0.012
Resolvase	PF00239.21	146	D4014.contig68_3	192	4e-49
HTH_7	PF02796.15	45	D4014.contig68_3	192	1.4e-11
MukB_hinge	PF16330.5	167	D4014.contig68_4	142	0.068
DinI	PF06183.13	63	D4014.contig68_5	80	1.5e-22
ANT	PF03374.14	108	D4014.contig69_1	220	3.4e-31
AntA	PF08346.12	68	D4014.contig69_1	220	2.8e-26
Bro-N	PF02498.17	95	D4014.contig69_2	186	2e-17
ORF6C	PF10552.9	114	D4014.contig69_3	249	1.4e-32
AntA	PF08346.12	68	D4014.contig69_3	249	1.1e-13
TrmB	PF01978.19	68	D4014.contig69_4	72	0.0001
SSB	PF00436.25	104	D4014.contig70_4	156	2.3e-36
tRNA_anti-codon	PF01336.25	76	D4014.contig70_4	156	0.016
CTXphi_pIII-N1	PF16710.5	111	D4014.contig70_5	50	0.028
DNA_methylase	PF00145.17	335	D4014.contig70_9	324	4e-46
Rep_2	PF01719.17	182	D4014.contig71_1	85	0.033
Mob_Pre	PF01076.19	196	D4014.contig71_2	415	2.8e-14
MscS_porin	PF12795.7	238	D4014.contig71_2	415	0.0039
DivIVA	PF05103.13	131	D4014.contig71_2	415	0.0065
RHH_5	PF07878.11	43	D4014.contig71_3	79	0.00029
RHH_3	PF12651.7	44	D4014.contig71_3	79	0.007
TraY	PF05509.11	49	D4014.contig71_3	79	0.014
ParE_toxin	PF05016.15	90	D4014.contig71_4	90	3.8e-13
ParE-like_toxin	PF15781.5	87	D4014.contig71_4	90	0.0019
Rep_2	PF01719.17	182	D4014.contig71_5	191	6.8e-28
Arc	PF03869.14	50	D4014.contig72_1	74	0.027
HicB	PF05534.12	51	D4014.contig72_1	74	0.05
BCNT	PF07572.12	75	D4014.contig72_2	93	0.0045
DivIVA	PF05103.13	131	D4014.contig72_2	93	0.0073
BRE1	PF08647.11	95	D4014.contig72_2	93	0.013
DUF724	PF05266.14	188	D4014.contig72_2	93	0.019
APG6_N	PF17675.1	133	D4014.contig72_2	93	0.027
DUF4169	PF13770.6	55	D4014.contig72_3	63	0.075
YqbF	PF14553.6	43	D4014.contig72_4	59	0.0036
OS-D	PF03392.13	93	D4014.contig72_5	83	0.085
Resolvase	PF00239.21	146	D4014.contig72_7	256	4.6e-19
