target	acc	tlen	query	qlen	evalue
Resolvase	PF00239.21	146	D3681.contig1_1	203	1e-30
Tetraspanin	PF00335.20	229	D3681.contig1_2	202	0.0089
RRP36	PF06102.12	166	D3681.contig1_2	202	0.025
MRP-S31	PF15433.6	317	D3681.contig1_3	291	0.0074
Big_2	PF02368.18	79	D3681.contig1_4	292	2.8e-22
Big_2	PF02368.18	79	D3681.contig1_4	292	2.8e-22
Peptidase_M78	PF06114.13	123	D3681.contig1_5	156	4.6e-07
HTH_38	PF13936.6	44	D3681.contig1_6	447	1.6e-12
rve	PF00665.26	119	D3681.contig1_6	447	0.00041
HTH_3	PF01381.22	55	D3681.contig1_7	105	2.1e-12
HTH_19	PF12844.7	65	D3681.contig1_7	105	7.3e-09
HTH_31	PF13560.6	64	D3681.contig1_7	105	1.2e-07
DUF4224	PF13986.6	45	D3681.contig1_7	105	0.0067
HTH_7	PF02796.15	45	D3681.contig1_8	67	0.0019
HTH_8	PF02954.19	42	D3681.contig1_8	67	0.0044
HTH_23	PF13384.6	50	D3681.contig1_8	67	0.013
WPP	PF13943.6	99	D3681.contig1_11	106	0.11
Dynactin_p22	PF07426.11	167	D3681.contig1_12	54	0.012
ABC_tran_CTD	PF16326.5	69	D3681.contig1_12	54	0.029
AAA_24	PF13479.6	197	D3681.contig1_13	53	0.037
ATP-synt_I	PF03899.15	100	D3681.contig1_14	69	0.0091
LNP1	PF15419.6	179	D3681.contig1_15	55	0.04
TraB	PF01963.17	263	D3681.contig1_16	107	0.14
LIM	PF00412.22	58	D3681.contig1_17	62	0.0072
zf-RING_6	PF14835.6	65	D3681.contig1_17	62	0.061
zf-ribbon_3	PF13248.6	26	D3681.contig1_18	57	0.0026
DUF1351	PF07083.11	210	D3681.contig1_19	292	1.3e-41
ERF	PF04404.12	153	D3681.contig1_20	225	8.1e-32
Bro-N	PF02498.17	95	D3681.contig1_23	237	3.1e-30
ORF6C	PF10552.9	114	D3681.contig1_23	237	5.7e-30
FSIP2	PF15783.5	875	D3681.contig1_26	183	0.044
DUF551	PF04448.12	69	D3681.contig1_28	195	2.1e-07
YopX	PF09643.10	131	D3681.contig1_30	142	6.5e-09
Coa1	PF08695.10	117	D3681.contig1_34	56	0.037
N6_N4_Mtase	PF01555.18	231	D3681.contig1_35	840	5.6e-16
SNF2_N	PF00176.23	350	D3681.contig1_35	840	0.00015
DUF2115	PF09888.9	164	D3681.contig1_40	177	0.03
Sigma70_r4	PF04545.16	50	D3681.contig1_41	154	1.2e-05
DUF1492	PF07374.11	100	D3681.contig1_41	154	0.0056
Terminase_2	PF03592.16	140	D3681.contig1_42	318	8.6e-44
Terminase_5	PF06056.12	58	D3681.contig1_42	318	5.8e-07
Phage_terminase	PF10668.9	60	D3681.contig1_42	318	3.3e-06
HTH_Tnp_1	PF01527.20	75	D3681.contig1_42	318	1.4e-05
HTH_23	PF13384.6	50	D3681.contig1_42	318	3.6e-05
HTH_29	PF13551.6	63	D3681.contig1_42	318	0.0024
CHGN	PF05679.16	516	D3681.contig1_42	318	0.0052
Terminase_6	PF03237.15	215	D3681.contig1_43	424	1.4e-09
Terminase_6C	PF17289.2	155	D3681.contig1_43	424	1.3e-05
Terminase_3	PF04466.13	201	D3681.contig1_43	424	5.8e-05
Terminase_3C	PF17288.2	155	D3681.contig1_43	424	0.00013
Phage_prot_Gp6	PF05133.14	420	D3681.contig1_44	481	8e-115
Phage_Mu_F	PF04233.14	112	D3681.contig1_46	529	1.3e-09
Phage_GP20	PF06810.11	149	D3681.contig1_49	205	1.2e-15
MscS_porin	PF12795.7	238	D3681.contig1_49	205	0.0006
SHE3	PF17078.5	228	D3681.contig1_49	205	0.0079
Phage_connect_1	PF05135.13	99	D3681.contig1_51	132	9.7e-10
HK97-gp10_like	PF04883.12	81	D3681.contig1_53	204	1.2e-12
DUF5403	PF17395.2	93	D3681.contig1_53	204	0.0078
Phage_sheath_1C	PF17482.2	104	D3681.contig1_56	436	2.2e-19
Phage_sheath_1	PF04984.14	168	D3681.contig1_56	436	2.9e-12
Phage_sheath_1N	PF17481.2	104	D3681.contig1_56	436	1.7e-11
DUF2001	PF09393.10	139	D3681.contig1_57	159	2.7e-48
Phage_TAC_5	PF08890.11	136	D3681.contig1_58	143	2e-40
LysM	PF01476.20	44	D3681.contig1_60	242	9e-08
CHAP	PF05257.16	83	D3681.contig1_61	506	3.1e-11
DUF2577	PF10844.8	98	D3681.contig1_62	105	1.5e-21
DUF2634	PF10934.8	105	D3681.contig1_63	145	4.7e-22
GPW_gp25	PF04965.14	95	D3681.contig1_63	145	0.015
Baseplate_J	PF04865.14	255	D3681.contig1_64	407	3e-47
DUF2313	PF10076.9	163	D3681.contig1_65	181	4.7e-21
Transposase_mut	PF00872.18	381	D3681.contig1_67	415	6e-116
MULE	PF10551.9	96	D3681.contig1_67	415	1.1e-06
NOC3p	PF07540.11	94	D3681.contig1_69	134	0.015
Phage_XkdX	PF09693.10	40	D3681.contig1_70	47	1.8e-20
Phage_integrase	PF00589.22	172	D3681.contig1_71	302	1.5e-30
Phage_int_SAM_4	PF13495.6	85	D3681.contig1_71	302	1e-10
Phage_int_SAM_1	PF02899.17	84	D3681.contig1_71	302	0.002
Phage_r1t_holin	PF16945.5	72	D3681.contig1_74	76	3.2e-13
Amidase_3	PF01520.18	175	D3681.contig1_75	184	4.4e-29
LacAB_rpiB	PF02502.18	139	D3681.contig1_75	184	0.039
Recombinase	PF07508.13	104	D3681.contig1_76	337	6.2e-17
Zn_ribbon_recom	PF13408.6	58	D3681.contig1_76	337	2.6e-06
RHH_3	PF12651.7	44	D3681.contig2_4	59	4.1e-05
RepB-RCR_reg	PF10723.9	81	D3681.contig2_4	59	0.00097
zinc_ribbon_2	PF13240.6	23	D3681.contig2_5	271	0.00081
DZR	PF12773.7	49	D3681.contig2_5	271	0.0023
Dynamitin	PF04912.14	388	D3681.contig2_7	1304	0.0055
Glyco_hydro_25	PF01183.20	178	D3681.contig2_8	337	8.7e-28
LysM	PF01476.20	44	D3681.contig2_8	337	3.4e-16
TMEM220	PF15071.6	103	D3681.contig2_9	113	0.003
Peptidase_M16	PF00675.20	149	D3681.contig2_12	144	0.019
DUF3168	PF11367.8	117	D3681.contig2_12	144	0.039
DUF1664	PF07889.12	124	D3681.contig2_17	105	0.0013
DUF3450	PF11932.8	241	D3681.contig2_17	105	0.0015
Phage_connect_1	PF05135.13	99	D3681.contig2_18	127	0.0024
DUF2600	PF10776.9	328	D3681.contig2_18	127	0.013
Rho_N	PF07498.12	43	D3681.contig2_19	77	0.00084
Phage_cap_E	PF03864.15	333	D3681.contig2_20	365	6.9e-55
DUF2993	PF11209.8	212	D3681.contig2_21	110	0.0059
DUF4175	PF13779.6	826	D3681.contig2_22	183	0.008
Phage_prot_Gp6	PF05133.14	420	D3681.contig2_23	479	1.4e-91
GoLoco	PF02188.17	22	D3681.contig2_23	479	0.037
Phage_antitermQ	PF06530.12	118	D3681.contig2_24	141	0.0033
DUF1492	PF07374.11	100	D3681.contig2_24	141	0.0083
Terminase_6C	PF17289.2	155	D3681.contig2_25	578	2.9e-06
Castor_Poll_mid	PF06241.12	104	D3681.contig2_28	72	0.034
zf-ribbon_3	PF13248.6	26	D3681.contig2_31	68	9.8e-06
zinc_ribbon_2	PF13240.6	23	D3681.contig2_31	68	8.7e-05
DZR	PF12773.7	49	D3681.contig2_31	68	0.00011
zf-C3HC4_3	PF13920.6	50	D3681.contig2_31	68	0.0025
GP3_package	PF16677.5	113	D3681.contig2_37	202	0.0021
YflT	PF11181.8	100	D3681.contig2_38	82	0.033
HTH_26	PF13443.6	63	D3681.contig2_39	80	7.4e-06
Phage_lambda_P	PF06992.11	162	D3681.contig2_41	77	0.0047
DUF2201_N	PF13203.6	273	D3681.contig2_41	77	0.051
Peptidase_M3_N	PF08439.10	70	D3681.contig2_44	124	0.017
SprT-like	PF10263.9	113	D3681.contig2_46	107	0.0083
Phage_pRha	PF09669.10	88	D3681.contig2_47	264	9.3e-26
Phage_integrase	PF00589.22	172	D3681.contig2_56	401	1.4e-16
GerE	PF00196.19	57	D3681.contig2_57	75	0.00019
zf-C2HC_2	PF13913.6	25	D3681.contig2_61	87	0.00039
zf-C2H2_6	PF13912.6	27	D3681.contig2_61	87	0.0007
zf-C2H2_4	PF13894.6	24	D3681.contig2_61	87	0.0044
N6_N4_Mtase	PF01555.18	231	D3681.contig2_62	209	3.4e-08
N6-adenineMlase	PF10237.9	160	D3681.contig2_62	209	0.037
N6_N4_Mtase	PF01555.18	231	D3681.contig2_63	271	7e-23
PAPS_reduct	PF01507.19	174	D3681.contig2_64	372	4.8e-10
T3RM_EcoP15I_C	PF18273.1	97	D3681.contig2_68	102	0.065
Lar_restr_allev	PF14354.6	62	D3681.contig2_69	55	0.00013
YopX	PF09643.10	131	D3681.contig2_71	118	0.0015
DUF551	PF04448.12	69	D3681.contig2_72	85	1.1e-08
IF3_C	PF00707.22	86	D3681.contig2_74	104	0.031
Arch_fla_DE	PF04659.13	95	D3681.contig2_75	234	0.076
ERCC4	PF02732.15	156	D3681.contig2_76	198	0.0071
SSB	PF00436.25	104	D3681.contig2_77	141	4.8e-24
DUF3217	PF11506.8	101	D3681.contig2_77	141	0.043
Lactamase_B_2	PF12706.7	201	D3681.contig2_78	242	2.3e-10
Lactamase_B	PF00753.27	197	D3681.contig2_78	242	2.1e-09
WRC	PF08879.10	43	D3681.contig2_79	164	0.061
N6_Mtase	PF02384.16	312	D3681.contig2_80	133	4.4e-06
Methyltransf_31	PF13847.6	152	D3681.contig2_80	133	0.00049
CxxCxxCC	PF03692.15	85	D3681.contig2_81	135	2.6e-08
RecT	PF03837.14	199	D3681.contig2_83	258	1.2e-05
TOM13	PF08219.11	84	D3681.contig2_84	106	0.091
PT-HINT	PF07591.11	137	D3681.contig2_85	75	0.011
Collagen	PF01391.18	60	D3681.contig2_86	160	7e-05
Phage_holin_4_1	PF05105.12	114	D3681.contig3_4	177	0.00013
MFS_Mycoplasma	PF07672.13	274	D3681.contig3_4	177	0.0053
Peptidase_M15_3	PF08291.11	111	D3681.contig3_5	130	5.7e-26
Peptidase_M15_2	PF05951.13	153	D3681.contig3_5	130	2.2e-14
PepSY_like	PF11396.8	83	D3681.contig3_7	66	0.076
RHH_1	PF01402.21	39	D3681.contig3_10	63	2.8e-05
RHH_4	PF13467.6	65	D3681.contig3_10	63	0.0015
RHH_7	PF16777.5	74	D3681.contig3_10	63	0.027
Phage_integrase	PF00589.22	172	D3681.contig3_12	353	5.7e-18
Arm-DNA-bind_4	PF14657.6	46	D3681.contig3_12	353	8.5e-06
Phage_int_SAM_3	PF14659.6	58	D3681.contig3_12	353	0.00032
Peptidase_M78	PF06114.13	123	D3681.contig3_14	72	3.1e-06
WLM	PF08325.10	191	D3681.contig3_14	72	0.057
HTH_3	PF01381.22	55	D3681.contig3_15	128	7.4e-17
HTH_19	PF12844.7	65	D3681.contig3_15	128	1.6e-13
HTH_31	PF13560.6	64	D3681.contig3_15	128	6.7e-10
Sigma70_r4	PF04545.16	50	D3681.contig3_15	128	0.0016
HTH_3	PF01381.22	55	D3681.contig3_16	69	4.9e-07
HTH_19	PF12844.7	65	D3681.contig3_16	69	4.8e-05
HTH_31	PF13560.6	64	D3681.contig3_16	69	0.00018
MqsA_antitoxin	PF15731.5	131	D3681.contig3_16	69	0.0023
Phage_CI_repr	PF07022.13	65	D3681.contig3_16	69	0.0027
Sigma70_r4_2	PF08281.12	54	D3681.contig3_16	69	0.008
HTH_17	PF12728.7	51	D3681.contig3_18	97	1e-13
MerR_1	PF13411.6	69	D3681.contig3_18	97	0.00073
YadA_stalk	PF05662.14	43	D3681.contig3_20	560	3.5e-15
YadA_stalk	PF05662.14	43	D3681.contig3_20	560	3.5e-15
YadA_head	PF05658.14	27	D3681.contig3_20	560	6.8e-10
YadA_head	PF05658.14	27	D3681.contig3_20	560	6.8e-10
YadA_head	PF05658.14	27	D3681.contig3_20	560	6.8e-10
YadA_anchor	PF03895.15	60	D3681.contig3_20	560	9.9e-09
Dam	PF05869.11	171	D3681.contig3_21	124	0.007
Nse4-Nse3_bdg	PF15412.6	56	D3681.contig3_22	174	0.0052
PcfJ	PF14284.6	144	D3681.contig3_24	558	5.6e-18
AAA_23	PF13476.6	200	D3681.contig3_25	635	1.4e-10
SMC_N	PF02463.19	220	D3681.contig3_25	635	6.4e-10
AAA_27	PF13514.6	207	D3681.contig3_25	635	4e-06
AAA_29	PF13555.6	61	D3681.contig3_25	635	1.4e-05
AAA_13	PF13166.6	713	D3681.contig3_25	635	0.00028
AAA_15	PF13175.6	369	D3681.contig3_25	635	0.00035
RecT	PF03837.14	199	D3681.contig3_26	238	0.00053
Lactamase_B_2	PF12706.7	201	D3681.contig3_27	239	3.7e-13
Lactamase_B_3	PF13483.6	163	D3681.contig3_27	239	0.00024
Lactamase_B	PF00753.27	197	D3681.contig3_27	239	0.0031
DUF4373	PF14297.6	96	D3681.contig3_28	302	1e-10
DnaB_2	PF07261.11	74	D3681.contig3_28	302	3.1e-05
IstB_IS21	PF01695.17	178	D3681.contig3_29	227	3.2e-16
AAA	PF00004.29	132	D3681.contig3_29	227	9.1e-05
Bac_DnaA	PF00308.18	219	D3681.contig3_29	227	0.00061
AAA_7	PF12775.7	181	D3681.contig3_29	227	0.002
AAA_PrkA	PF08298.11	358	D3681.contig3_29	227	0.0071
RusA	PF05866.11	124	D3681.contig3_30	139	7.5e-05
HTH_38	PF13936.6	44	D3681.contig3_31	130	0.0055
dUTPase	PF00692.19	129	D3681.contig3_32	147	1.2e-17
DUF1492	PF07374.11	100	D3681.contig3_33	172	0.00011
ParBc	PF02195.18	90	D3681.contig3_34	177	1.4e-13
Bunya_nucleocap	PF00952.17	229	D3681.contig3_36	291	0.055
PTPS	PF01242.19	123	D3681.contig3_37	113	1.3e-29
AP_endonuc_2	PF01261.24	210	D3681.contig3_37	113	0.045
Radical_SAM	PF04055.21	167	D3681.contig3_38	212	1.9e-13
Fer4_14	PF13394.6	118	D3681.contig3_38	212	1.3e-12
Fer4_12	PF13353.6	139	D3681.contig3_38	212	5.9e-10
Imm48	PF15574.6	123	D3681.contig3_38	212	0.016
GTP_cyclohydroI	PF01227.22	179	D3681.contig3_39	188	1.9e-60
HTH_28	PF13518.6	52	D3681.contig3_41	238	4.8e-05
HTH_23	PF13384.6	50	D3681.contig3_41	238	9.5e-05
Utp11	PF03998.13	245	D3681.contig3_41	238	0.0012
Terminase_5	PF06056.12	58	D3681.contig3_41	238	0.002
Sigma70_r4_2	PF08281.12	54	D3681.contig3_41	238	0.0047
Terminase_3	PF04466.13	201	D3681.contig3_42	421	4.6e-51
Terminase_3C	PF17288.2	155	D3681.contig3_42	421	1.1e-26
Terminase_6C	PF17289.2	155	D3681.contig3_42	421	0.0015
Phage_prot_Gp6	PF05133.14	420	D3681.contig3_43	480	1.6e-103
Phage_GP20	PF06810.11	149	D3681.contig3_44	211	4.4e-33
SOGA	PF11365.8	95	D3681.contig3_44	211	0.011
Phage_capsid	PF05065.13	280	D3681.contig3_45	323	0.0091
Phage_Mu_F	PF04233.14	112	D3681.contig3_46	634	9.9e-21
UPF0158	PF03682.13	157	D3681.contig3_47	79	0.053
HK97-gp10_like	PF04883.12	81	D3681.contig3_50	122	7.8e-09
Phage_sheath_1C	PF17482.2	104	D3681.contig3_52	377	4.4e-09
Phage_sheath_1	PF04984.14	168	D3681.contig3_52	377	5.6e-05
SPOUT_MTase	PF02590.17	154	D3681.contig3_52	377	0.021
DUF2001	PF09393.10	139	D3681.contig3_53	164	4.5e-38
Phage_TAC_5	PF08890.11	136	D3681.contig3_54	121	2.3e-09
PhageMin_Tail	PF10145.9	198	D3681.contig3_56	942	1.8e-54
DUF2577	PF10844.8	98	D3681.contig3_59	141	9.8e-13
DUF5035	PF16438.5	146	D3681.contig3_59	141	0.04
DUF2634	PF10934.8	105	D3681.contig3_60	143	1.4e-34
Baseplate_J	PF04865.14	255	D3681.contig3_61	346	2.3e-63
DUF2313	PF10076.9	163	D3681.contig3_62	212	9.1e-23
FN3_7	PF18447.1	97	D3681.contig3_62	212	0.03
DUF3751	PF12571.8	150	D3681.contig3_63	330	0.0017
H_lectin	PF09458.10	67	D3681.contig3_65	95	3.2e-05
Phage_integrase	PF00589.22	172	D3681.contig3_67	277	3.6e-19
Phage_int_SAM_3	PF14659.6	58	D3681.contig3_67	277	0.00011
Phage_int_SAM_1	PF02899.17	84	D3681.contig3_67	277	0.00033
Phage_int_SAM_4	PF13495.6	85	D3681.contig3_67	277	0.0064
ResIII	PF04851.15	171	D3681.contig4_3	531	4.3e-31
Helicase_C	PF00271.31	111	D3681.contig4_3	531	1.2e-15
SWI2_SNF2	PF18766.1	224	D3681.contig4_3	531	2.4e-13
DEAD	PF00270.29	176	D3681.contig4_3	531	7.6e-11
AAA_30	PF13604.6	192	D3681.contig4_3	531	4.6e-07
AAA_22	PF13401.6	137	D3681.contig4_3	531	0.00035
AAA	PF00004.29	132	D3681.contig4_3	531	0.00037
DUF2075	PF09848.9	363	D3681.contig4_3	531	0.00094
Flavi_DEAD	PF07652.14	148	D3681.contig4_3	531	0.0027
AAA_25	PF13481.6	194	D3681.contig4_4	701	5.1e-35
PriCT_2	PF08707.11	77	D3681.contig4_4	701	1.8e-19
AAA_24	PF13479.6	197	D3681.contig4_4	701	0.0042
RusA	PF05866.11	124	D3681.contig4_5	134	9e-20
DUF4406	PF14359.6	91	D3681.contig4_6	111	5.7e-08
RYDR_ITPR	PF01365.21	203	D3681.contig4_7	98	0.085
Methyltransf_11	PF08241.12	96	D3681.contig4_8	155	3.9e-05
DUF1492	PF07374.11	100	D3681.contig4_11	154	0.00068
N6-adenineMlase	PF10237.9	160	D3681.contig4_12	100	0.015
HTH_Tnp_1_2	PF13022.6	123	D3681.contig4_13	149	4.1e-07
HTH_23	PF13384.6	50	D3681.contig4_13	149	5.6e-06
HTH_29	PF13551.6	63	D3681.contig4_13	149	0.0062
Head-tail_con	PF12236.8	481	D3681.contig4_16	576	6e-130
Phage_capsid	PF05065.13	280	D3681.contig4_19	332	6.5e-07
DUF2833	PF11090.8	86	D3681.contig4_24	170	5e-05
zf-FCS	PF06467.14	41	D3681.contig4_24	170	0.022
Glucosaminidase	PF01832.20	87	D3681.contig4_26	721	0.0009
DUF971	PF06155.12	85	D3681.contig4_26	721	0.0021
MuF_C	PF18819.1	103	D3681.contig4_27	2822	1.5e-21
ART-PolyVal	PF18760.1	137	D3681.contig4_27	2822	0.0034
Pectate_lyase_3	PF12708.7	215	D3681.contig4_28	826	2.2e-07
TrbC_Ftype	PF09673.10	112	D3681.contig4_29	162	0.11
DUF3701	PF12482.8	93	D3681.contig4_32	224	0.0099
7TM_GPCR_Srz	PF10325.9	267	D3681.contig4_33	190	0.043
SprT-like	PF10263.9	113	D3681.contig4_34	122	1.3e-07
Phage_integrase	PF00589.22	172	D3681.contig4_36	347	3.2e-19
Arm-DNA-bind_4	PF14657.6	46	D3681.contig4_36	347	6.1e-06
Phage_int_SAM_3	PF14659.6	58	D3681.contig4_36	347	0.00071
Peptidase_M78	PF06114.13	123	D3681.contig4_37	92	6.4e-06
HTH_3	PF01381.22	55	D3681.contig4_39	121	2.1e-14
HTH_19	PF12844.7	65	D3681.contig4_39	121	1e-13
HTH_31	PF13560.6	64	D3681.contig4_39	121	2.9e-09
HTH_26	PF13443.6	63	D3681.contig4_39	121	0.0038
DUF739	PF05339.11	69	D3681.contig4_40	74	0.00021
HTH_7	PF02796.15	45	D3681.contig4_40	74	0.00038
HTH_8	PF02954.19	42	D3681.contig4_40	74	0.0031
HTH_19	PF12844.7	65	D3681.contig4_40	74	0.004
HTH_17	PF12728.7	51	D3681.contig4_42	101	1.3e-09
HTH_23	PF13384.6	50	D3681.contig4_42	101	0.0051
Sigma70_r4_2	PF08281.12	54	D3681.contig4_42	101	0.007
Shugoshin_N	PF07558.11	45	D3681.contig4_42	101	0.0074
DUF2303	PF10065.9	267	D3681.contig4_45	239	1.6e-07
AAA_23	PF13476.6	200	D3681.contig4_46	437	4.9e-12
SMC_N	PF02463.19	220	D3681.contig4_46	437	5.1e-09
AAA_15	PF13175.6	369	D3681.contig4_46	437	1.1e-08
AAA_29	PF13555.6	61	D3681.contig4_46	437	1.4e-05
AAA_21	PF13304.6	303	D3681.contig4_46	437	0.0041
AAA_24	PF13479.6	197	D3681.contig4_47	247	3.1e-65
MuF_C	PF18819.1	103	D3681.contig5_1	1168	8.7e-19
ART-PolyVal	PF18760.1	137	D3681.contig5_1	1168	0.0023
NLPC_P60	PF00877.19	105	D3681.contig5_2	731	1.6e-10
DUF3987	PF13148.6	365	D3681.contig5_3	219	0.044
DUF2833	PF11090.8	86	D3681.contig5_4	163	1.4e-05
Phage_capsid	PF05065.13	280	D3681.contig5_9	332	1.1e-05
Head-tail_con	PF12236.8	481	D3681.contig5_12	574	4.1e-136
Terminase_6	PF03237.15	215	D3681.contig5_14	485	0.032
Terminase_2	PF03592.16	140	D3681.contig5_15	147	2.1e-32
DUF1340	PF07067.11	236	D3681.contig5_15	147	0.008
RXLR	PF16810.5	141	D3681.contig5_15	147	0.042
DUF2443	PF10398.9	79	D3681.contig5_19	153	0.02
YadA_head	PF05658.14	27	D3681.contig5_23	426	7e-11
YadA_head	PF05658.14	27	D3681.contig5_23	426	7e-11
YadA_head	PF05658.14	27	D3681.contig5_23	426	7e-11
YadA_stalk	PF05662.14	43	D3681.contig5_23	426	1.3e-07
YadA_anchor	PF03895.15	60	D3681.contig5_23	426	2.3e-06
dUTPase	PF00692.19	129	D3681.contig5_24	141	3.8e-29
HTH_7	PF02796.15	45	D3681.contig5_25	103	0.00031
HTH_38	PF13936.6	44	D3681.contig5_25	103	0.00057
Sigma70_r4_2	PF08281.12	54	D3681.contig5_25	103	0.00068
Sigma70_r4	PF04545.16	50	D3681.contig5_25	103	0.00075
HTH_23	PF13384.6	50	D3681.contig5_25	103	0.004
Hjc	PF01870.18	93	D3681.contig5_26	114	0.016
HSDR_N	PF04313.14	194	D3681.contig5_26	114	0.056
N6_N4_Mtase	PF01555.18	231	D3681.contig5_27	258	3.3e-27
Pribosyltran	PF00156.27	159	D3681.contig5_27	258	0.0054
SSB	PF00436.25	104	D3681.contig5_30	129	2.5e-31
CRISPR_Cas9_WED	PF18061.1	137	D3681.contig5_31	60	0.017
Phage_rep_org_N	PF09681.10	121	D3681.contig5_34	269	1.9e-24
DUF4373	PF14297.6	96	D3681.contig5_34	269	0.0025
HNH	PF01844.23	47	D3681.contig5_36	95	2.2e-08
HNH_5	PF14279.6	56	D3681.contig5_36	95	1.8e-05
Transpos_assoc	PF13963.6	74	D3681.contig5_36	95	0.0034
DUF968	PF06147.11	200	D3681.contig5_36	95	0.0054
NinB	PF05772.12	131	D3681.contig5_37	186	0.00022
Rad52_Rad22	PF04098.15	153	D3681.contig5_38	213	0.00066
DUF1351	PF07083.11	210	D3681.contig5_39	288	6.3e-28
DUF2873	PF11395.8	43	D3681.contig5_40	58	0.0021
DUF5493	PF17597.2	82	D3681.contig5_40	58	0.028
HTH_17	PF12728.7	51	D3681.contig5_41	99	2.1e-08
HALZ	PF02183.18	43	D3681.contig5_41	99	7e-05
bZIP_2	PF07716.15	54	D3681.contig5_41	99	0.00082
bZIP_1	PF00170.21	64	D3681.contig5_41	99	0.0019
DivIC	PF04977.15	80	D3681.contig5_41	99	0.0024
ZapB	PF06005.12	71	D3681.contig5_41	99	0.0055
Fungal_TACC	PF12709.7	77	D3681.contig5_41	99	0.01
HTH_3	PF01381.22	55	D3681.contig5_44	131	1.5e-07
HTH_26	PF13443.6	63	D3681.contig5_44	131	0.00033
HTH_31	PF13560.6	64	D3681.contig5_44	131	0.0094
Peptidase_M78	PF06114.13	123	D3681.contig5_46	87	2.2e-07
Peptidase_M48	PF01435.18	196	D3681.contig5_46	87	0.034
Phage_integrase	PF00589.22	172	D3681.contig5_47	352	2.4e-20
Arm-DNA-bind_4	PF14657.6	46	D3681.contig5_47	352	1.6e-05
Phage_int_SAM_3	PF14659.6	58	D3681.contig5_47	352	0.00067
Orn_Arg_deC_N	PF02784.16	247	D3681.contig5_47	352	0.0029
HemX	PF04375.14	338	D3681.contig5_49	191	0.0017
DUF5493	PF17597.2	82	D3681.contig5_51	58	0.036
Pectate_lyase_3	PF12708.7	215	D3681.contig5_54	827	6.8e-07
DKNYY	PF13644.6	143	D3681.contig5_54	827	0.12
RhoGEF67_u2	PF16614.5	109	D3681.contig6_1	106	0.12
EcsC	PF12787.7	245	D3681.contig6_4	213	1.7e-15
Terminase_1	PF03354.15	468	D3681.contig6_6	588	2e-44
Phage_portal	PF04860.12	314	D3681.contig6_8	417	1.3e-26
Peptidase_S78	PF04586.17	163	D3681.contig6_9	604	4.1e-05
Glyco_hydro_25	PF01183.20	178	D3681.contig6_16	467	4e-24
PG_binding_1	PF01471.18	57	D3681.contig6_16	467	9.8e-09
HK97-gp10_like	PF04883.12	81	D3681.contig6_17	126	4.6e-06
CW_7	PF08230.11	40	D3681.contig6_18	2005	1.1e-10
fn3	PF00041.21	85	D3681.contig6_19	783	3.6e-05
Collagen	PF01391.18	60	D3681.contig6_21	1633	1.2e-17
Collagen	PF01391.18	60	D3681.contig6_21	1633	1.2e-17
Alanine_zipper	PF11839.8	69	D3681.contig6_21	1633	3.4e-06
Pox_VLTF3	PF04947.14	168	D3681.contig6_22	100	0.035
Phage_holin_5_2	PF16079.5	75	D3681.contig6_23	104	1.8e-13
ECF_trnsprt	PF12822.7	172	D3681.contig6_23	104	0.007
Phage_holin_5_1	PF06946.11	93	D3681.contig6_23	104	0.01
DUF4635	PF15466.6	134	D3681.contig6_24	100	0.015
Phage_integrase	PF00589.22	172	D3681.contig6_25	410	6e-10
zf-ribbon_3	PF13248.6	26	D3681.contig6_25	410	3.5e-06
UPF0547	PF10571.9	26	D3681.contig6_25	410	0.00011
zinc_ribbon_2	PF13240.6	23	D3681.contig6_25	410	0.00098
DZR	PF12773.7	49	D3681.contig6_25	410	0.0018
Zn_Tnp_IS1595	PF12760.7	46	D3681.contig6_26	110	0.00012
Zn_ribbon_SprT	PF17283.2	38	D3681.contig6_26	110	0.0037
V4R	PF02830.18	62	D3681.contig6_27	91	0.094
Frankia_peptide	PF14407.6	63	D3681.contig6_29	68	0.015
ApoC-I	PF04691.12	61	D3681.contig6_29	68	0.024
TerY_C	PF15616.6	129	D3681.contig6_31	96	0.00087
zf-ribbon_3	PF13248.6	26	D3681.contig6_31	96	0.0017
Prok-RING_1	PF14446.6	54	D3681.contig6_31	96	0.0078
Seryl_tRNA_N	PF02403.22	108	D3681.contig6_32	76	0.0023
TF_Zn_Ribbon	PF08271.12	43	D3681.contig6_37	139	0.0049
MASE3	PF17159.4	226	D3681.contig6_37	139	0.0049
SpvD	PF05563.12	216	D3681.contig6_47	64	0.016
Bacteriocin_IIc	PF10439.9	62	D3681.contig6_48	80	0.018
UAA	PF08449.11	302	D3681.contig6_50	51	0.14
Mid2	PF04478.12	149	D3681.contig6_52	97	0.054
FliS_cochap	PF16522.5	148	D3681.contig6_56	80	0.011
CDH1_2_SANT_HL1	PF18375.1	91	D3681.contig7_5	77	0.069
RNA_pol	PF00940.19	414	D3681.contig7_6	840	3.7e-96
RPOL_N	PF14700.6	336	D3681.contig7_6	840	3.3e-12
bZIP_1	PF00170.21	64	D3681.contig7_8	148	0.0012
DUF3310	PF11753.8	60	D3681.contig7_9	259	6.4e-14
eIF-1a	PF01176.19	64	D3681.contig7_9	259	0.03
DUF975	PF06161.11	244	D3681.contig7_10	98	0.084
dUTPase	PF00692.19	129	D3681.contig7_11	163	5.3e-16
UPF0149	PF03695.13	174	D3681.contig7_12	194	0.031
Phage_endo_I	PF05367.11	149	D3681.contig7_13	143	2.2e-38
NusG_II	PF07009.11	107	D3681.contig7_15	61	0.11
DnaB_C	PF03796.15	255	D3681.contig7_16	542	1.3e-16
Toprim_2	PF13155.6	90	D3681.contig7_16	542	6.1e-12
AAA_25	PF13481.6	194	D3681.contig7_16	542	1e-07
Toprim_4	PF13662.6	89	D3681.contig7_16	542	5.8e-06
Prim_Zn_Ribbon	PF08273.12	38	D3681.contig7_16	542	0.00048
zf-RRN7	PF11781.8	32	D3681.contig7_16	542	0.00057
Toprim_3	PF13362.6	95	D3681.contig7_16	542	0.0016
Swi5	PF07061.11	80	D3681.contig7_17	47	0.0058
Fer4_12	PF13353.6	139	D3681.contig7_18	160	4.2e-05
Fer4_14	PF13394.6	118	D3681.contig7_18	160	0.00026
Radical_SAM	PF04055.21	167	D3681.contig7_18	160	0.00056
NRDD	PF13597.6	561	D3681.contig7_19	620	7.3e-101
Endonuc_subdom	PF09062.10	98	D3681.contig7_19	620	0.0028
BAG	PF02179.16	75	D3681.contig7_20	60	0.0071
Phage_Mu_Gam	PF07352.12	155	D3681.contig7_20	60	0.0098
DNA_pol_A	PF00476.20	376	D3681.contig7_21	625	4.1e-47
RNase_H_2	PF13482.6	166	D3681.contig7_21	625	1.8e-07
DNA_pol_A_exo1	PF01612.20	176	D3681.contig7_21	625	0.00083
5_3_exonuc_N	PF02739.16	159	D3681.contig7_23	237	8.6e-11
5_3_exonuc	PF01367.20	97	D3681.contig7_23	237	1.9e-08
iPGM_N	PF06415.13	215	D3681.contig7_24	158	0.054
Head-tail_con	PF12236.8	481	D3681.contig7_28	520	6.5e-78
Phage_T7_Capsid	PF05396.11	123	D3681.contig7_29	249	4.1e-17
Tube	PF17212.3	169	D3681.contig7_31	191	5.5e-39
Glucosaminidase	PF01832.20	87	D3681.contig7_35	1517	2.5e-07
Phage_T7_tail	PF03906.14	157	D3681.contig7_36	358	2.4e-14
Transcrip_act	PF04949.13	154	D3681.contig7_36	358	0.00097
FliD_C	PF07195.12	240	D3681.contig7_36	358	0.003
Phage_holin_4_1	PF05105.12	114	D3681.contig7_37	175	1.1e-05
Amidase_2	PF01510.25	126	D3681.contig7_38	174	7.7e-12
MciZ	PF13072.6	37	D3681.contig7_38	174	0.012
Dam	PF05869.11	171	D3681.contig7_40	178	4.3e-07
Pyrid_oxidase_2	PF13883.6	170	D3681.contig8_1	66	0.12
HTH_3	PF01381.22	55	D3681.contig8_2	77	6.7e-11
HTH_31	PF13560.6	64	D3681.contig8_2	77	4.3e-09
HTH_19	PF12844.7	65	D3681.contig8_2	77	1.6e-07
HTH_25	PF13413.6	62	D3681.contig8_2	77	0.0023
YopX	PF09643.10	131	D3681.contig8_3	201	5.5e-11
DUF551	PF04448.12	69	D3681.contig8_4	129	4.2e-08
Peptidase_Mx1	PF15890.5	241	D3681.contig8_5	178	0.023
DUF3394	PF11874.8	181	D3681.contig8_9	447	0.042
PcfJ	PF14284.6	144	D3681.contig8_10	717	2.4e-35
PcfK	PF14058.6	130	D3681.contig8_12	163	0.011
RNase_H	PF00075.24	143	D3681.contig8_13	147	1.7e-11
RACo_linker	PF17650.1	85	D3681.contig8_14	254	0.00025
Sdh_cyt	PF01127.22	121	D3681.contig8_15	106	0.029
GP52	PF17468.2	61	D3681.contig8_16	94	0.05
BCLP	PF12304.8	184	D3681.contig8_19	121	0.076
HTH_3	PF01381.22	55	D3681.contig8_21	129	7.9e-13
HTH_19	PF12844.7	65	D3681.contig8_21	129	1.2e-10
HTH_31	PF13560.6	64	D3681.contig8_21	129	2.7e-05
MqsA_antitoxin	PF15731.5	131	D3681.contig8_21	129	0.0014
HTH_37	PF13744.6	80	D3681.contig8_21	129	0.0031
Phage_CI_repr	PF07022.13	65	D3681.contig8_21	129	0.0084
Ion_trans_2	PF07885.16	79	D3681.contig8_23	269	2.7e-17
Ion_trans	PF00520.31	245	D3681.contig8_23	269	2.2e-15
Lig_chan	PF00060.26	149	D3681.contig8_23	269	0.00013
DUF2207	PF09972.9	492	D3681.contig8_24	206	0.019
Phage_holin_3_6	PF07332.11	113	D3681.contig8_24	206	0.043
Recombinase	PF07508.13	104	D3681.contig8_25	517	1e-16
Resolvase	PF00239.21	146	D3681.contig8_25	517	6.3e-16
Zn_ribbon_recom	PF13408.6	58	D3681.contig8_25	517	0.00026
CCDC144C	PF14915.6	305	D3681.contig8_25	517	0.0016
EzrA	PF06160.12	557	D3681.contig8_25	517	0.0027
HTH_26	PF13443.6	63	D3681.contig8_26	69	7e-10
zf-BED	PF02892.15	44	D3681.contig8_27	212	0.0054
Cas_Csd1	PF09709.10	556	D3681.contig8_28	277	1.1e-24
DUF1134	PF06577.12	160	D3681.contig8_29	128	0.04
Glyco_hydro_25	PF01183.20	178	D3681.contig8_30	357	1.9e-25
MerR-DNA-bind	PF09278.11	65	D3681.contig8_31	59	0.087
Phage_holin_4_1	PF05105.12	114	D3681.contig8_32	155	1.2e-28
DUF1290	PF06947.12	86	D3681.contig8_32	155	0.01
ABC_trans_CmpB	PF06541.11	148	D3681.contig8_33	137	1.9e-11
SPESP1	PF15754.5	322	D3681.contig8_34	228	0.014
Collagen	PF01391.18	60	D3681.contig8_35	339	7.8e-08
Collagen	PF01391.18	60	D3681.contig8_36	296	1.5e-20
Collagen	PF01391.18	60	D3681.contig8_36	296	1.5e-20
Collagen	PF01391.18	60	D3681.contig8_36	296	1.5e-20
Collagen	PF01391.18	60	D3681.contig8_38	256	1.7e-07
Phage_lysozyme2	PF18013.1	143	D3681.contig8_39	333	1e-33
Amidase_5	PF05382.13	142	D3681.contig8_39	333	1.5e-05
NLPC_P60	PF00877.19	105	D3681.contig8_39	333	0.00055
Prophage_tail	PF06605.11	316	D3681.contig8_40	616	1e-12
PhageMin_Tail	PF10145.9	198	D3681.contig8_42	718	1.6e-11
Phage_TTP_1	PF04630.12	199	D3681.contig8_44	206	5.6e-10
HK97-gp10_like	PF04883.12	81	D3681.contig8_45	124	0.0086
Phage_capsid	PF05065.13	280	D3681.contig8_49	382	4.3e-09
CLP_protease	PF00574.23	182	D3681.contig8_50	257	7.7e-35
SDH_sah	PF01972.16	286	D3681.contig8_50	257	0.034
Phage_portal	PF04860.12	314	D3681.contig8_51	386	1.7e-26
Terminase_1	PF03354.15	468	D3681.contig8_52	307	1.8e-10
Phage_Nu1	PF07471.12	164	D3681.contig9_1	112	0.00012
Terminase_GpA	PF05876.12	558	D3681.contig9_2	612	2.7e-177
Phage_portal_2	PF05136.13	362	D3681.contig9_4	545	4.7e-109
CLP_protease	PF00574.23	182	D3681.contig9_5	390	1.5e-26
SDH_sah	PF01972.16	286	D3681.contig9_5	390	5.4e-07
HDPD	PF02924.14	116	D3681.contig9_6	112	0.017
DUF2190	PF09956.9	102	D3681.contig9_6	112	0.029
Phage_cap_E	PF03864.15	333	D3681.contig9_7	352	1.5e-84
Minor_tail_Z	PF06763.11	190	D3681.contig9_9	189	1.5e-09
MACPF	PF01823.19	209	D3681.contig9_11	127	0.026
Phage_tube	PF04985.14	166	D3681.contig9_13	173	2.6e-44
Phage_TAC_7	PF10109.9	83	D3681.contig9_14	141	1.5e-09
PhageMin_Tail	PF10145.9	198	D3681.contig9_15	1216	1.9e-30
Baculo_PEP_C	PF04513.12	140	D3681.contig9_15	1216	4.2e-05
HOOK	PF05622.12	702	D3681.contig9_15	1216	0.0015
DHR10	PF18595.1	117	D3681.contig9_15	1216	0.0038
Phage_tail_X	PF05489.12	60	D3681.contig9_16	72	1.5e-06
LysM	PF01476.20	44	D3681.contig9_17	428	3.7e-16
Phage_GPD	PF05954.11	304	D3681.contig9_17	428	3.5e-11
PBP-Tp47_a	PF14889.6	162	D3681.contig9_17	428	0.017
Phage_base_V	PF04717.12	112	D3681.contig9_18	117	0.016
Phage_P2_GpU	PF06995.11	120	D3681.contig9_19	134	3.7e-25
GPW_gp25	PF04965.14	95	D3681.contig9_20	110	9.9e-06
Baseplate_J	PF04865.14	255	D3681.contig9_21	381	6.2e-60
Tail_P2_I	PF09684.10	136	D3681.contig9_22	334	3.1e-26
Dodecin	PF07311.12	64	D3681.contig9_23	104	0.026
GldH_lipo	PF14109.6	128	D3681.contig9_24	165	0.0095
FGE-sulfatase	PF03781.16	260	D3681.contig9_27	351	0.03
RVT_1	PF00078.27	222	D3681.contig9_30	396	5.7e-23
DUF273	PF03314.14	219	D3681.contig9_31	150	0.0037
MIP-T3_C	PF17749.1	154	D3681.contig9_31	150	0.028
SLAC1	PF03595.17	324	D3681.contig9_32	128	0.0011
DUF1761	PF08570.10	125	D3681.contig9_32	128	0.003
DUF1304	PF06993.12	110	D3681.contig9_32	128	0.005
LapA_dom	PF06305.11	64	D3681.contig9_32	128	0.0069
Phage_lysozyme2	PF18013.1	143	D3681.contig9_33	473	6.8e-38
LysM	PF01476.20	44	D3681.contig9_33	473	7.9e-34
LysM	PF01476.20	44	D3681.contig9_33	473	7.9e-34
CHAP	PF05257.16	83	D3681.contig9_33	473	3.5e-09
Phage_holin_6_1	PF09682.10	101	D3681.contig9_34	196	5.4e-14
SseC	PF04888.12	317	D3681.contig9_34	196	0.004
DUF3659	PF12396.8	61	D3681.contig9_34	196	0.0064
DnaJ_CXXCXGXG	PF00684.19	67	D3681.contig9_35	103	0.00018
Zn_ribbon_recom	PF13408.6	58	D3681.contig9_35	103	0.0065
Zn_Tnp_IS91	PF14319.6	91	D3681.contig9_35	103	0.015
CBM46	PF18448.1	105	D3681.contig9_37	99	0.036
MapZ_C2	PF18708.1	92	D3681.contig9_38	81	0.04
Terminase_GpA	PF05876.12	558	D3681.contig10_1	570	1.4e-136
Lar_restr_allev	PF14354.6	62	D3681.contig10_1	570	0.0021
Zn_Tnp_IS1595	PF12760.7	46	D3681.contig10_1	570	0.0059
CpXC	PF14353.6	118	D3681.contig10_1	570	0.011
Osteoregulin	PF07175.11	160	D3681.contig10_2	71	0.13
Phage_portal_2	PF05136.13	362	D3681.contig10_3	493	3.8e-94
Mu-like_gpT	PF10124.9	289	D3681.contig10_4	631	4.9e-14
Mu-like_gpT	PF10124.9	289	D3681.contig10_4	631	4.9e-14
Peptidase_S78	PF04586.17	163	D3681.contig10_4	631	1.6e-10
DUF2190	PF09956.9	102	D3681.contig10_5	104	6.6e-16
Phage_attach	PF05354.11	117	D3681.contig10_6	100	0.018
C1_1	PF00130.22	53	D3681.contig10_11	104	0.015
Tape_meas_lam_C	PF09718.10	76	D3681.contig10_12	1087	0.0022
Phage_min_tail	PF05939.13	108	D3681.contig10_13	111	1.7e-05
Phage_tail_L	PF05100.12	206	D3681.contig10_14	204	2e-13
DUF1833	PF08875.11	150	D3681.contig10_14	204	3.7e-06
Phage_BR0599	PF09356.10	80	D3681.contig10_14	204	0.0005
GSCFA	PF08885.11	237	D3681.contig10_14	204	0.012
NLPC_P60	PF00877.19	105	D3681.contig10_15	113	3.4e-13
CHAP	PF05257.16	83	D3681.contig10_15	113	0.00018
Phage-tail_3	PF13550.6	164	D3681.contig10_16	1448	1.3e-10
RE_LlaMI	PF09562.10	242	D3681.contig10_17	108	0.056
DHR10	PF18595.1	117	D3681.contig10_19	103	0.001
DUF4018	PF13210.6	192	D3681.contig10_20	122	0.13
Amidase_3	PF01520.18	175	D3681.contig10_21	173	1.2e-35
SNAP	PF14938.6	282	D3681.contig10_22	162	0.0022
pXO2-72	PF17443.2	62	D3681.contig10_23	81	6.9e-07
Phage_integrase	PF00589.22	172	D3681.contig10_24	350	1e-17
HTH_46	PF15977.5	68	D3681.contig10_24	350	0.0022
Arm-DNA-bind_4	PF14657.6	46	D3681.contig10_24	350	0.017
HTH_3	PF01381.22	55	D3681.contig10_26	238	6.6e-12
HTH_26	PF13443.6	63	D3681.contig10_26	238	3e-09
HTH_31	PF13560.6	64	D3681.contig10_26	238	3e-08
HTH_8	PF02954.19	42	D3681.contig10_26	238	9.4e-05
HTH_19	PF12844.7	65	D3681.contig10_26	238	0.00024
AlaDh_PNT_C	PF01262.21	214	D3681.contig10_26	238	0.0016
FHIPEP	PF00771.20	658	D3681.contig10_26	238	0.0023
RTX	PF02382.15	311	D3681.contig10_26	238	0.0024
HTH_3	PF01381.22	55	D3681.contig10_27	73	3.7e-11
HTH_19	PF12844.7	65	D3681.contig10_27	73	6.9e-08
HTH_31	PF13560.6	64	D3681.contig10_27	73	3.1e-07
HTH_23	PF13384.6	50	D3681.contig10_27	73	0.00022
HTH_25	PF13413.6	62	D3681.contig10_27	73	0.00025
YdaS_antitoxin	PF15943.5	65	D3681.contig10_27	73	0.00094
HTH_26	PF13443.6	63	D3681.contig10_28	83	2.3e-10
HTH_3	PF01381.22	55	D3681.contig10_28	83	2.9e-05
HTH_31	PF13560.6	64	D3681.contig10_28	83	4.6e-05
HTH_37	PF13744.6	80	D3681.contig10_28	83	0.0092
MCPVI	PF02993.14	225	D3681.contig10_32	167	0.011
DUF2800	PF10926.8	363	D3681.contig10_33	381	7.7e-131
PDDEXK_1	PF12705.7	255	D3681.contig10_33	381	3.4e-09
CRF-BP	PF05428.11	307	D3681.contig10_33	381	0.0083
Toxin_trans	PF07952.12	318	D3681.contig10_34	105	0.03
Cyclin_N2	PF16500.5	137	D3681.contig11_2	137	0.067
SNF2_N	PF00176.23	350	D3681.contig11_3	575	7.5e-11
SNF2_N	PF00176.23	350	D3681.contig11_3	575	7.5e-11
Helicase_C	PF00271.31	111	D3681.contig11_3	575	1.9e-09
ResIII	PF04851.15	171	D3681.contig11_3	575	0.0033
RecU	PF03838.14	160	D3681.contig11_4	132	0.11
PDDEXK_1	PF12705.7	255	D3681.contig11_7	231	7.2e-08
DNA_pol_A	PF00476.20	376	D3681.contig11_8	756	1.3e-11
DNA_pol_A_exo1	PF01612.20	176	D3681.contig11_8	756	0.013
DUF2829	PF11195.8	72	D3681.contig11_9	87	3.2e-20
DHHA1	PF02272.19	138	D3681.contig11_10	345	1.6e-05
ParBc	PF02195.18	90	D3681.contig11_12	311	1.1e-06
Sigma70_r4_2	PF08281.12	54	D3681.contig11_12	311	3.9e-06
HTH_40	PF14493.6	89	D3681.contig11_12	311	0.00065
HTH_38	PF13936.6	44	D3681.contig11_12	311	0.0018
GerE	PF00196.19	57	D3681.contig11_12	311	0.0028
SlyX	PF04102.12	67	D3681.contig11_13	131	0.0049
LppA	PF16708.5	153	D3681.contig11_14	119	0.12
HTH_26	PF13443.6	63	D3681.contig11_16	73	0.0004
HTH_35	PF13693.6	75	D3681.contig11_16	73	0.00071
DUF3958	PF13125.6	107	D3681.contig11_17	77	0.00067
PspA_IM30	PF04012.12	221	D3681.contig11_17	77	0.0068
DUF1771	PF08590.10	64	D3681.contig11_17	77	0.011
CSTF2_hinge	PF14327.6	81	D3681.contig11_19	217	0.0057
DUF4223	PF13978.6	54	D3681.contig11_21	62	0.083
SgrR_N	PF12793.7	115	D3681.contig11_22	84	0.013
NACHT	PF05729.12	166	D3681.contig11_23	110	0.0011
AAA_22	PF13401.6	137	D3681.contig11_23	110	0.0013
AAA	PF00004.29	132	D3681.contig11_23	110	0.0022
Rad17	PF03215.15	186	D3681.contig11_23	110	0.003
RNA_helicase	PF00910.22	107	D3681.contig11_23	110	0.0035
T2SSE	PF00437.20	273	D3681.contig11_23	110	0.005
Collagen	PF01391.18	60	D3681.contig11_46	62	0.013
Phage_gp49_66	PF13876.6	81	D3681.contig11_48	103	2.8e-24
YfhO	PF09586.10	839	D3681.contig12_1	559	1.2e-110
Sulfatase	PF00884.23	309	D3681.contig12_2	621	1.1e-29
IFT20	PF14931.6	119	D3681.contig12_3	47	0.043
Hemerythrin	PF01814.23	131	D3681.contig12_4	275	6.3e-21
Hemerythrin	PF01814.23	131	D3681.contig12_4	275	6.3e-21
HTH_3	PF01381.22	55	D3681.contig12_5	74	1.4e-14
HTH_31	PF13560.6	64	D3681.contig12_5	74	3.6e-11
HTH_19	PF12844.7	65	D3681.contig12_5	74	1.9e-09
HTH_37	PF13744.6	80	D3681.contig12_5	74	2.3e-08
HTH_26	PF13443.6	63	D3681.contig12_5	74	0.0017
HTH_25	PF13413.6	62	D3681.contig12_5	74	0.0099
Phage_CII	PF05269.11	91	D3681.contig12_5	74	0.013
HD_2	PF12917.7	182	D3681.contig12_7	191	0.00016
HD_3	PF13023.6	165	D3681.contig12_7	191	0.0008
SBP_bac_3	PF00497.20	225	D3681.contig12_8	955	9.4e-47
SBP_bac_3	PF00497.20	225	D3681.contig12_8	955	9.4e-47
HATPase_c	PF02518.26	112	D3681.contig12_8	955	7.5e-30
Response_reg	PF00072.24	112	D3681.contig12_8	955	1.6e-21
HisKA	PF00512.25	67	D3681.contig12_8	955	8.4e-15
HATPase_c_3	PF13589.6	137	D3681.contig12_8	955	2.3e-05
PNP_UDP_1	PF01048.20	234	D3681.contig12_9	260	6.7e-29
LuxS	PF02664.15	154	D3681.contig12_10	160	3.9e-61
DnaJ_C	PF01556.18	148	D3681.contig12_11	398	3e-38
DnaJ	PF00226.31	63	D3681.contig12_11	398	2.3e-28
DnaJ_CXXCXGXG	PF00684.19	67	D3681.contig12_11	398	5e-16
Anti-TRAP	PF15777.5	59	D3681.contig12_11	398	2.9e-08
Anti-TRAP	PF15777.5	59	D3681.contig12_11	398	2.9e-08
HSP70	PF00012.20	599	D3681.contig12_12	629	1.2e-241
MreB_Mbl	PF06723.13	327	D3681.contig12_12	629	1.1e-19
EURL	PF06937.11	283	D3681.contig12_12	629	0.0094
GrpE	PF01025.19	166	D3681.contig12_13	220	7.5e-44
HrcA	PF01628.21	220	D3681.contig12_14	351	3.7e-62
HTH_11	PF08279.12	55	D3681.contig12_14	351	0.00072
HrcA_DNA-bdg	PF03444.15	79	D3681.contig12_14	351	0.0028
DnaJ	PF00226.31	63	D3681.contig12_15	213	7.7e-21
Fis1_TPR_C	PF14853.6	53	D3681.contig12_15	213	0.0015
Peripla_BP_2	PF01497.18	238	D3681.contig12_15	213	0.0094
GRP	PF07172.11	95	D3681.contig12_15	213	0.025
IBR	PF01485.21	62	D3681.contig12_17	136	0.0027
T2SSE	PF00437.20	273	D3681.contig12_18	361	6.1e-14
SRP54	PF00448.22	196	D3681.contig12_18	361	0.0018
PRK	PF00485.18	197	D3681.contig12_19	561	2.4e-18
Methyltransf_18	PF12847.7	151	D3681.contig12_20	241	1.6e-54
TrmK	PF04816.12	205	D3681.contig12_20	241	3.3e-47
MTS	PF05175.14	169	D3681.contig12_20	241	0.034
Sigma70_r3	PF04539.16	78	D3681.contig12_21	403	1.5e-32
Sigma70_r2	PF04542.14	71	D3681.contig12_21	403	1.7e-22
Sigma70_r4	PF04545.16	50	D3681.contig12_21	403	2.2e-22
Sigma70_r4	PF04545.16	50	D3681.contig12_21	403	2.2e-22
Sigma70_r1_2	PF00140.20	34	D3681.contig12_21	403	3.3e-19
Sigma70_r1_1	PF03979.14	82	D3681.contig12_21	403	2.1e-13
Exonuc_VII_L	PF02601.15	304	D3681.contig12_21	403	0.0056
Toprim_N	PF08275.11	128	D3681.contig12_22	510	2.2e-37
Toprim_2	PF13155.6	90	D3681.contig12_22	510	5.9e-21
Toprim_4	PF13662.6	89	D3681.contig12_22	510	2.6e-19
DnaB_bind	PF10410.9	56	D3681.contig12_22	510	2.4e-10
Toprim	PF01751.22	103	D3681.contig12_22	510	7.9e-07
Toprim_3	PF13362.6	95	D3681.contig12_22	510	8.7e-06
DnaG_DnaB_bind	PF08278.11	124	D3681.contig12_22	510	0.00036
DUF1441	PF07278.11	149	D3681.contig13_1	163	2.3e-51
DUF3022	PF11226.8	105	D3681.contig13_1	163	0.00072
HTH_30	PF13556.6	59	D3681.contig13_1	163	0.0066
Terminase_GpA	PF05876.12	558	D3681.contig13_2	701	3.5e-176
DUF4379	PF14311.6	56	D3681.contig13_2	701	0.0076
SAB	PF04382.13	49	D3681.contig13_3	71	0.026
Phage_portal_2	PF05136.13	362	D3681.contig13_4	501	2.8e-81
CLP_protease	PF00574.23	182	D3681.contig13_5	674	1.4e-38
Mu-like_gpT	PF10124.9	289	D3681.contig13_5	674	7.8e-09
Mu-like_gpT	PF10124.9	289	D3681.contig13_5	674	7.8e-09
SDH_sah	PF01972.16	286	D3681.contig13_5	674	2.8e-05
DUF2190	PF09956.9	102	D3681.contig13_6	109	2.7e-17
Gifsy-2	PF13856.6	99	D3681.contig13_7	81	3.6e-10
Minor_tail_Z	PF06763.11	190	D3681.contig13_8	193	1.3e-63
Phage_tail_U	PF06141.11	132	D3681.contig13_9	134	3.3e-46
Phage_TTP_12	PF16461.5	134	D3681.contig13_10	248	2.3e-64
Big_2	PF02368.18	79	D3681.contig13_10	248	4.2e-16
T2SS-T3SS_pil_N	PF13629.6	72	D3681.contig13_10	248	0.00029
Phage_tail_3	PF08813.11	165	D3681.contig13_10	248	0.00038
Phage_TAC_2	PF06894.11	126	D3681.contig13_11	143	6.9e-30
Phage_tail_T	PF06223.12	100	D3681.contig13_12	91	8.4e-29
TMP_2	PF06791.13	205	D3681.contig13_13	1048	4.9e-50
Tape_meas_lam_C	PF09718.10	76	D3681.contig13_13	1048	1e-18
Phage_min_tail	PF05939.13	108	D3681.contig13_14	116	3.1e-29
Phage_tail_L	PF05100.12	206	D3681.contig13_15	252	8.4e-79
NLPC_P60	PF00877.19	105	D3681.contig13_16	237	3.6e-21
Prok-JAB	PF14464.6	118	D3681.contig13_16	237	1.4e-14
Lambda_tail_I	PF06805.12	86	D3681.contig13_18	204	7.1e-08
CBM_4_9	PF02018.17	138	D3681.contig13_19	2939	1.8e-19
CBM_4_9	PF02018.17	138	D3681.contig13_19	2939	1.8e-19
CBM_4_9	PF02018.17	138	D3681.contig13_19	2939	1.8e-19
WW	PF00397.26	31	D3681.contig14_5	281	8e-05
FMN_dh	PF01070.18	348	D3681.contig14_7	417	1e-114
NMO	PF03060.15	331	D3681.contig14_7	417	0.0083
GGACT	PF06094.12	121	D3681.contig14_8	208	1.8e-13
Septin	PF00735.18	281	D3681.contig14_9	303	7.9e-93
WD40	PF00400.32	38	D3681.contig14_12	713	1.9e-33
WD40	PF00400.32	38	D3681.contig14_12	713	1.9e-33
WD40	PF00400.32	38	D3681.contig14_12	713	1.9e-33
Utp12	PF04003.12	107	D3681.contig14_12	713	3.3e-21
Methyltransf_32	PF13679.6	158	D3681.contig14_13	637	2.3e-21
NUDIX	PF00293.28	131	D3681.contig14_14	164	1.1e-16
NUDIX-like	PF09296.11	102	D3681.contig14_15	223	1.5e-07
CN_hydrolase	PF00795.22	261	D3681.contig14_16	180	1.5e-13
NAD_synthase	PF02540.17	242	D3681.contig14_18	187	3.7e-09
Phage_terminase	PF10668.9	60	D3681.contig15_1	255	5.7e-22
Terminase_5	PF06056.12	58	D3681.contig15_1	255	0.00065
HTH_Tnp_1	PF01527.20	75	D3681.contig15_1	255	0.00093
HTH_23	PF13384.6	50	D3681.contig15_1	255	0.0029
Phage_prot_Gp6	PF05133.14	420	D3681.contig15_3	500	4.4e-54
Phage_min_cap2	PF06152.11	367	D3681.contig15_4	386	5.7e-107
Peptidase_M78	PF06114.13	123	D3681.contig15_5	108	0.00094
DUF4344	PF14247.6	220	D3681.contig15_5	108	0.031
Phage_GP20	PF06810.11	149	D3681.contig15_7	185	1.3e-36
Peptidase_M26_N	PF05342.14	252	D3681.contig15_9	135	0.012
Minor_capsid_1	PF10665.9	105	D3681.contig15_10	114	2.8e-38
Minor_capsid_2	PF11114.8	114	D3681.contig15_11	109	1.2e-35
DUF945	PF06097.11	460	D3681.contig15_11	109	0.081
Minor_capsid_3	PF12691.7	129	D3681.contig15_12	133	1.5e-40
Big_2	PF02368.18	79	D3681.contig15_14	126	0.0024
Phage_Gp15	PF06854.11	170	D3681.contig15_16	191	2.3e-38
Sipho_tail	PF05709.11	255	D3681.contig15_18	254	0.00012
Prophage_tail	PF06605.11	316	D3681.contig15_19	756	2.4e-28
Peptidase_S74	PF13884.6	58	D3681.contig15_19	756	2.2e-07
BppU_N	PF10651.9	148	D3681.contig15_20	596	2.8e-13
Baculo_PEP_C	PF04513.12	140	D3681.contig15_20	596	0.002
Laminin_I	PF06008.14	259	D3681.contig15_21	74	0.0037
DASH_Dam1	PF08653.10	56	D3681.contig15_21	74	0.0044
Phage_holin_1	PF04531.13	82	D3681.contig15_22	79	2.7e-23
Fumarate_red_D	PF02313.17	114	D3681.contig15_22	79	0.011
Glyco_hydro_25	PF01183.20	178	D3681.contig15_23	434	7.8e-41
LysM	PF01476.20	44	D3681.contig15_23	434	1.3e-31
LysM	PF01476.20	44	D3681.contig15_23	434	1.3e-31
MqsR_toxin	PF15723.5	96	D3681.contig15_24	129	3.6e-05
DUF4763	PF15960.5	244	D3681.contig16_11	349	0.00097
Phage_lysozyme	PF00959.19	109	D3681.contig16_24	237	0.00014
Transglycosylas	PF06737.14	77	D3681.contig16_24	237	0.0031
BppU_N	PF10651.9	148	D3681.contig17_1	208	5.8e-08
Lipase_GDSL_2	PF13472.6	179	D3681.contig17_2	379	9.5e-16
Lipase_GDSL	PF00657.22	200	D3681.contig17_2	379	2.9e-07
FimA	PF16970.5	143	D3681.contig17_3	87	0.035
Alpha-E	PF04168.12	293	D3681.contig17_4	64	0.052
Peptidase_S74	PF13884.6	58	D3681.contig17_5	1415	0.0032
Spc7	PF08317.11	310	D3681.contig17_5	1415	0.054
Prophage_tail	PF06605.11	316	D3681.contig17_6	578	1.6e-32
NLPC_P60	PF00877.19	105	D3681.contig17_6	578	4.8e-16
Sipho_tail	PF05709.11	255	D3681.contig17_7	283	2.8e-36
Phage_TAC_3	PF06896.11	115	D3681.contig17_10	126	8.6e-12
Phage_TTP_1	PF04630.12	199	D3681.contig17_11	239	5.1e-65
DUF806	PF05657.11	121	D3681.contig17_12	131	1.6e-44
HK97-gp10_like	PF04883.12	81	D3681.contig17_13	130	2.6e-11
Hph	PF13694.6	186	D3681.contig17_13	130	0.052
Phage_H_T_join	PF05521.11	96	D3681.contig17_14	116	4.3e-09
PPDK_N	PF01326.19	328	D3681.contig17_14	116	0.0054
Phage_connect_1	PF05135.13	99	D3681.contig17_15	109	2.1e-13
Phage_capsid	PF05065.13	280	D3681.contig17_16	399	5.9e-39
CLP_protease	PF00574.23	182	D3681.contig17_17	239	1e-32
SDH_sah	PF01972.16	286	D3681.contig17_17	239	1.5e-05
Phage_portal	PF04860.12	314	D3681.contig17_18	386	3.4e-35
FBPase	PF00316.20	189	D3681.contig17_18	386	0.00041
DUF1056	PF06341.11	63	D3681.contig17_19	59	1.7e-12
Terminase_1	PF03354.15	468	D3681.contig17_20	330	5.3e-34
Pterin_bind	PF00809.22	244	D3681.contig18_1	475	3.5e-23
B12-binding	PF02310.19	121	D3681.contig18_1	475	2.5e-22
B12-binding_2	PF02607.17	75	D3681.contig18_1	475	2.3e-20
UPF0146	PF03686.13	129	D3681.contig18_1	475	0.0012
CdhD	PF03599.16	386	D3681.contig18_1	475	0.0027
YgbB	PF02542.16	155	D3681.contig18_2	183	3e-68
Hexapep	PF00132.24	36	D3681.contig18_3	228	4.4e-13
Hexapep	PF00132.24	36	D3681.contig18_3	228	4.4e-13
Hexapep_2	PF14602.6	34	D3681.contig18_3	228	7.5e-05
tRNA-synt_1e	PF01406.19	301	D3681.contig18_4	476	4.9e-92
tRNA-synt_1g	PF09334.11	391	D3681.contig18_4	476	2.9e-05
tRNA-synt_1d	PF00750.19	349	D3681.contig18_4	476	0.00031
DALR_2	PF09190.11	63	D3681.contig18_4	476	0.00077
HTH_56	PF18662.1	111	D3681.contig18_4	476	0.0054
Ribonuclease_3	PF00636.26	105	D3681.contig18_5	145	3.8e-14
SpoU_methylase	PF00588.19	142	D3681.contig18_6	247	4.4e-41
SpoU_sub_bind	PF08032.12	76	D3681.contig18_6	247	8.5e-22
Sigma70_r2	PF04542.14	71	D3681.contig18_7	234	4.9e-10
Sigma70_r4_2	PF08281.12	54	D3681.contig18_7	234	1.1e-07
GerE	PF00196.19	57	D3681.contig18_7	234	2.1e-07
HTH_23	PF13384.6	50	D3681.contig18_7	234	9.4e-07
HTH_38	PF13936.6	44	D3681.contig18_7	234	1.7e-06
Sigma70_r4	PF04545.16	50	D3681.contig18_7	234	0.00021
HTH_29	PF13551.6	63	D3681.contig18_7	234	0.00027
ThiC_Rad_SAM	PF01964.18	418	D3681.contig18_8	463	2.8e-190
PIN7	PF18475.1	103	D3681.contig18_9	554	5.4e-29
Response_reg	PF00072.24	112	D3681.contig18_10	236	1.9e-29
Trans_reg_C	PF00486.28	77	D3681.contig18_10	236	1.9e-23
HisKA	PF00512.25	67	D3681.contig18_11	789	3.4e-15
HATPase_c	PF02518.26	112	D3681.contig18_11	789	2.7e-08
HATPase_c_5	PF14501.6	101	D3681.contig18_11	789	0.0098
S1	PF00575.23	75	D3681.contig18_12	301	7.1e-45
S1	PF00575.23	75	D3681.contig18_12	301	7.1e-45
S1	PF00575.23	75	D3681.contig18_12	301	7.1e-45
RNA_pol_Rbc25	PF08292.12	129	D3681.contig18_12	301	0.00016
BcrAD_BadFG	PF01869.20	267	D3681.contig18_13	1281	2.3e-63
BcrAD_BadFG	PF01869.20	267	D3681.contig18_13	1281	2.3e-63
DUF2229	PF09989.9	213	D3681.contig18_13	1281	1e-57
Peptidase_S74	PF13884.6	58	D3681.contig19_1	284	7.6e-08
Arm-DNA-bind_1	PF09003.10	74	D3681.contig19_2	376	8.7e-29
Phage_integrase	PF00589.22	172	D3681.contig19_2	376	4e-16
Exc	PF07825.11	77	D3681.contig19_3	83	2.2e-06
DUF5051	PF16473.5	166	D3681.contig19_4	713	3.3e-55
Exonuc_VIII	PF06630.11	192	D3681.contig19_4	713	2.2e-13
Rrf2	PF02082.20	83	D3681.contig19_5	124	1.2e-13
HrcA_DNA-bdg	PF03444.15	79	D3681.contig19_5	124	0.0007
MarR_2	PF12802.7	62	D3681.contig19_5	124	0.0017
DUF1482	PF07358.11	57	D3681.contig19_6	65	7.7e-15
HTH_3	PF01381.22	55	D3681.contig19_9	130	3.5e-08
YdaS_antitoxin	PF15943.5	65	D3681.contig19_9	130	0.00039
Phage_CI_repr	PF07022.13	65	D3681.contig19_9	130	0.00061
YdaS_antitoxin	PF15943.5	65	D3681.contig19_10	72	4.1e-19
P22_Cro	PF14549.6	60	D3681.contig19_10	72	5.1e-08
Phage_CI_repr	PF07022.13	65	D3681.contig19_10	72	0.00037
YdaT_toxin	PF06254.11	88	D3681.contig19_11	185	4.1e-12
Gag_p24	PF00607.20	205	D3681.contig19_11	185	0.047
DnaT	PF17948.1	71	D3681.contig19_12	328	2.5e-22
Phage_lambda_P	PF06992.11	162	D3681.contig19_13	105	1.1e-11
MarR_2	PF12802.7	62	D3681.contig19_14	109	3.4e-06
MarR	PF01047.22	59	D3681.contig19_14	109	1.6e-05
HTH_24	PF13412.6	48	D3681.contig19_14	109	0.00019
HTH_IclR	PF09339.10	52	D3681.contig19_14	109	0.0014
HTH_11	PF08279.12	55	D3681.contig19_14	109	0.003
TrmB	PF01978.19	68	D3681.contig19_14	109	0.0079
HIG_1_N	PF04588.13	52	D3681.contig19_15	176	4.8e-05
Colicin	PF01024.19	183	D3681.contig19_16	414	1.3e-31
DUF4398	PF14346.6	78	D3681.contig19_16	414	0.0065
DinI	PF06183.13	63	D3681.contig19_17	76	2.1e-20
LexA_DNA_bind	PF01726.16	65	D3681.contig19_19	131	2.9e-20
Sigma70_r4	PF04545.16	50	D3681.contig19_19	131	0.001
HTH_20	PF12840.7	61	D3681.contig19_19	131	0.0032
MarR	PF01047.22	59	D3681.contig19_19	131	0.0044
DUF968	PF06147.11	200	D3681.contig19_20	344	1.8e-60
HNHc_6	PF16784.5	200	D3681.contig19_20	344	3.6e-05
Phage_antitermQ	PF06530.12	118	D3681.contig19_21	116	1.3e-44
DUF1133	PF06576.11	176	D3681.contig19_21	116	0.0064
Sigma70_ECF	PF07638.11	185	D3681.contig19_21	116	0.0099
Phage_holin_2_1	PF04971.12	64	D3681.contig19_25	79	2e-34
Phage_holin_2_3	PF16080.5	56	D3681.contig19_25	79	1.7e-05
Phage_holin_2_4	PF16082.5	76	D3681.contig19_25	79	0.012
Phage_lysozyme	PF00959.19	109	D3681.contig19_26	177	2e-28
DUF2514	PF10721.9	161	D3681.contig19_27	171	1.7e-40
Terminase_4	PF05119.12	99	D3681.contig20_1	140	1.7e-10
Terminase_1	PF03354.15	468	D3681.contig20_2	555	1.7e-58
Phage_portal	PF04860.12	314	D3681.contig20_3	413	9.8e-47
Peptidase_S78	PF04586.17	163	D3681.contig20_4	210	2e-31
Phage_capsid	PF05065.13	280	D3681.contig20_5	387	2.8e-48
DEP	PF00610.21	72	D3681.contig20_6	59	0.0076
Phage_connect_1	PF05135.13	99	D3681.contig20_7	106	0.00034
Phage_H_T_join	PF05521.11	96	D3681.contig20_8	115	9e-11
HK97-gp10_like	PF04883.12	81	D3681.contig20_9	154	2.9e-06
AKAP95	PF04988.12	164	D3681.contig20_9	154	0.012
Phage_sheath_1C	PF17482.2	104	D3681.contig20_11	372	8.3e-21
DUF2001	PF09393.10	139	D3681.contig20_12	145	2.5e-39
Phage_TAC_5	PF08890.11	136	D3681.contig20_13	125	5.9e-05
Plk4_PB1	PF18190.1	108	D3681.contig20_15	222	0.029
DUF2577	PF10844.8	98	D3681.contig20_17	124	2.7e-13
1-cysPrx_C	PF10417.9	40	D3681.contig20_17	124	0.045
DUF2634	PF10934.8	105	D3681.contig20_18	146	2.5e-21
Baseplate_J	PF04865.14	255	D3681.contig20_19	360	8.1e-63
DUF2313	PF10076.9	163	D3681.contig20_20	206	1.4e-10
DUF3751	PF12571.8	150	D3681.contig20_21	328	0.00022
H_lectin	PF09458.10	67	D3681.contig20_23	99	3.9e-05
UvrB_inter	PF17757.1	91	D3681.contig21_1	436	2.2e-26
UB2H	PF14814.6	85	D3681.contig21_1	436	2e-05
Pept_tRNA_hydro	PF01195.19	171	D3681.contig21_2	195	2e-62
NTP_transf_3	PF12804.7	160	D3681.contig21_3	254	2.1e-22
NTP_transferase	PF00483.23	248	D3681.contig21_3	254	1.4e-21
IspD	PF01128.19	221	D3681.contig21_3	254	2.4e-07
CTP_transf_3	PF02348.19	221	D3681.contig21_3	254	0.00035
CofC	PF01983.16	217	D3681.contig21_3	254	0.019
SpoVG	PF04026.12	82	D3681.contig21_4	89	1.3e-38
NTP_transferase	PF00483.23	248	D3681.contig21_5	373	1.3e-43
NTP_transf_3	PF12804.7	160	D3681.contig21_5	373	1.9e-05
Hexapep	PF00132.24	36	D3681.contig21_5	373	2e-05
Fucokinase	PF07959.12	406	D3681.contig21_5	373	0.00037
DUF4954	PF16314.5	655	D3681.contig21_5	373	0.0022
NTP_transferase	PF00483.23	248	D3681.contig21_6	425	2.9e-65
Hexapep	PF00132.24	36	D3681.contig21_6	425	1.3e-09
Hexapep	PF00132.24	36	D3681.contig21_6	425	1.3e-09
Fucokinase	PF07959.12	406	D3681.contig21_6	425	5.6e-07
NTP_transf_3	PF12804.7	160	D3681.contig21_6	425	1.1e-06
DUF4954	PF16314.5	655	D3681.contig21_6	425	0.00011
Mur_ligase_M	PF08245.12	192	D3681.contig21_7	460	1e-30
Mur_ligase	PF01225.25	88	D3681.contig21_7	460	9.7e-25
Mur_ligase_C	PF02875.21	91	D3681.contig21_7	460	1.5e-24
DnaB_2	PF07261.11	74	D3681.contig21_8	369	6.2e-40
DnaB_2	PF07261.11	74	D3681.contig21_8	369	6.2e-40
IstB_IS21	PF01695.17	178	D3681.contig21_9	327	2e-17
Bac_DnaA	PF00308.18	219	D3681.contig21_9	327	1.5e-09
AAA_16	PF13191.6	170	D3681.contig21_9	327	1.8e-05
ATPase_2	PF01637.18	233	D3681.contig21_9	327	0.00021
AAA	PF00004.29	132	D3681.contig21_9	327	0.0017
Pribosyltran_N	PF13793.6	116	D3681.contig21_10	393	2.6e-33
Pribosyltran	PF00156.27	159	D3681.contig21_10	393	9.2e-13
Pribosyl_synth	PF14572.6	184	D3681.contig21_10	393	7.9e-11
UPRTase	PF14681.6	207	D3681.contig21_10	393	0.0013
PTS-HPr	PF00381.19	82	D3681.contig21_12	85	4.6e-22
Peptidase_C39_2	PF13529.6	144	D3681.contig21_13	845	0.014
DUF1861	PF08950.10	296	D3681.contig21_15	77	0.035
DEDD_Tnp_IS110	PF01548.17	155	D3681.contig21_16	392	3.4e-45
Transposase_20	PF02371.16	87	D3681.contig21_16	392	9.9e-22
Seryl_tRNA_N	PF02403.22	108	D3681.contig21_16	392	0.021
Fer4_12	PF13353.6	139	D3681.contig22_6	165	4.8e-42
Fer4_14	PF13394.6	118	D3681.contig22_6	165	3.9e-22
Radical_SAM	PF04055.21	167	D3681.contig22_6	165	6.5e-08
Spore_Cse60	PF10957.8	60	D3681.contig22_9	81	7.5e-05
DUF3797	PF12677.7	48	D3681.contig22_11	68	0.00081
DZR	PF12773.7	49	D3681.contig22_11	68	0.0033
DUF5052	PF16475.5	199	D3681.contig22_22	212	8.1e-80
Pas_Saposin	PF09016.10	76	D3681.contig22_28	69	0.093
RHH_3	PF12651.7	44	D3681.contig22_29	61	0.021
HTH_26	PF13443.6	63	D3681.contig22_30	77	5.5e-10
HTH_3	PF01381.22	55	D3681.contig22_30	77	2.6e-07
HTH_31	PF13560.6	64	D3681.contig22_30	77	0.00013
HTH_19	PF12844.7	65	D3681.contig22_30	77	0.00015
RHH_4	PF13467.6	65	D3681.contig22_30	77	0.0042
HTH_3	PF01381.22	55	D3681.contig22_31	145	3.1e-15
HTH_26	PF13443.6	63	D3681.contig22_31	145	6.1e-13
HTH_19	PF12844.7	65	D3681.contig22_31	145	1.5e-06
HTH_31	PF13560.6	64	D3681.contig22_31	145	1.2e-05
Sigma70_r4_2	PF08281.12	54	D3681.contig22_31	145	0.0016
HTH_24	PF13412.6	48	D3681.contig22_31	145	0.002
DUF2800	PF10926.8	363	D3681.contig22_34	186	1.3e-06
HP_OMP	PF01856.17	158	D3681.contig22_34	186	0.029
HTH_23	PF13384.6	50	D3681.contig22_35	970	9e-07
HTH_3	PF01381.22	55	D3681.contig22_35	970	1.6e-05
HTH_24	PF13412.6	48	D3681.contig22_35	970	7.6e-05
HTH_11	PF08279.12	55	D3681.contig22_35	970	0.00024
LacI	PF00356.21	46	D3681.contig22_35	970	0.00072
HTH_7	PF02796.15	45	D3681.contig22_35	970	0.0019
Phage-tail_3	PF13550.6	164	D3681.contig23_1	1360	2.8e-13
fn3	PF00041.21	85	D3681.contig23_1	1360	5e-09
Gp58	PF07902.11	594	D3681.contig23_1	1360	6.1e-05
Glyco_hydro_25	PF01183.20	178	D3681.contig23_6	201	1e-19
Resolvase	PF00239.21	146	D3681.contig23_8	446	6.8e-33
Zn_ribbon_recom	PF13408.6	58	D3681.contig23_8	446	3e-11
Recombinase	PF07508.13	104	D3681.contig23_8	446	6.4e-06
PDZ_6	PF17820.1	56	D3681.contig23_9	242	1.4e-07
PDZ	PF00595.24	82	D3681.contig23_9	242	2.2e-07
PDZ_2	PF13180.6	82	D3681.contig23_9	242	2.5e-07
Tricorn_PDZ	PF14685.6	88	D3681.contig23_9	242	0.017
HTH_3	PF01381.22	55	D3681.contig23_10	200	1.4e-17
HTH_19	PF12844.7	65	D3681.contig23_10	200	4.2e-14
HTH_31	PF13560.6	64	D3681.contig23_10	200	1.3e-13
Peptidase_S24	PF00717.23	70	D3681.contig23_10	200	3.4e-13
HTH_26	PF13443.6	63	D3681.contig23_10	200	6.6e-09
Pou	PF00157.17	72	D3681.contig23_10	200	0.0039
HTH_3	PF01381.22	55	D3681.contig23_11	79	3.8e-11
HTH_31	PF13560.6	64	D3681.contig23_11	79	1.6e-10
HTH_19	PF12844.7	65	D3681.contig23_11	79	9e-09
HTH_37	PF13744.6	80	D3681.contig23_11	79	0.0043
MqsA_antitoxin	PF15731.5	131	D3681.contig23_11	79	0.0054
DUF2800	PF10926.8	363	D3681.contig23_18	386	2.9e-138
PDDEXK_1	PF12705.7	255	D3681.contig23_18	386	1.7e-10
DUF2815	PF10991.8	173	D3681.contig23_19	208	1.7e-48
Phage_XkdX	PF09693.10	40	D3681.contig24_2	45	3e-16
Gp58	PF07902.11	594	D3681.contig24_5	352	9.3e-19
Gp58	PF07902.11	594	D3681.contig24_5	352	9.3e-19
CENP-F_leu_zip	PF10473.9	140	D3681.contig24_5	352	5.5e-08
Tropomyosin	PF00261.20	237	D3681.contig24_5	352	3.4e-07
DUF5082	PF16888.5	123	D3681.contig24_5	352	0.00016
CALCOCO1	PF07888.11	498	D3681.contig24_5	352	0.00031
TA_inhibitor	PF17574.2	89	D3681.contig24_6	56	0.0042
DUF3597	PF12200.8	128	D3681.contig24_7	399	9.7e-05
CENP-R	PF06729.12	138	D3681.contig24_7	399	0.028
LPD3	PF18798.1	116	D3681.contig24_8	2480	9.1e-06
DUF16	PF01519.16	104	D3681.contig24_9	106	0.0065
Fib_alpha	PF08702.10	143	D3681.contig24_9	106	0.0094
PG_binding_1	PF01471.18	57	D3681.contig24_11	259	3.1e-12
PG_binding_3	PF09374.10	76	D3681.contig24_11	259	0.0014
Collagen	PF01391.18	60	D3681.contig25_1	188	0.00062
AAA_15	PF13175.6	369	D3681.contig25_2	678	8.1e-10
AAA_29	PF13555.6	61	D3681.contig25_2	678	1.6e-06
SMC_N	PF02463.19	220	D3681.contig25_2	678	8.6e-05
DUF2813	PF11398.8	372	D3681.contig25_2	678	0.00049
AAA_21	PF13304.6	303	D3681.contig25_2	678	0.004
SSB	PF00436.25	104	D3681.contig25_3	217	5.6e-20
SSB	PF00436.25	104	D3681.contig25_3	217	5.6e-20
SLT	PF01464.20	117	D3681.contig25_4	158	5.2e-14
Spo0A_C	PF08769.11	104	D3681.contig25_6	129	6.5e-35
DUF4373	PF14297.6	96	D3681.contig25_6	129	0.021
ANT	PF03374.14	108	D3681.contig25_7	257	3.8e-32
AntA	PF08346.12	68	D3681.contig25_7	257	1e-14
LNS2	PF08235.13	226	D3681.contig25_7	257	0.038
FadA	PF09403.10	99	D3681.contig25_9	63	0.058
HTH_8	PF02954.19	42	D3681.contig25_11	69	0.0025
Sigma70_r4_2	PF08281.12	54	D3681.contig25_11	69	0.0032
HTH_3	PF01381.22	55	D3681.contig25_11	69	0.012
HTH_3	PF01381.22	55	D3681.contig25_12	117	1e-14
HTH_19	PF12844.7	65	D3681.contig25_12	117	9.1e-10
HTH_31	PF13560.6	64	D3681.contig25_12	117	3.6e-06
HTH_26	PF13443.6	63	D3681.contig25_12	117	4.6e-06
HTH_25	PF13413.6	62	D3681.contig25_12	117	0.00042
HTH_7	PF02796.15	45	D3681.contig25_12	117	0.0043
Peptidase_S74	PF13884.6	58	D3681.contig25_16	721	2e-08
Gp58	PF07902.11	594	D3681.contig25_16	721	5.1e-05
Apolipoprotein	PF01442.18	190	D3681.contig25_16	721	0.0024
UTP25	PF06862.12	473	D3681.contig25_17	139	0.032
Phage_pRha	PF09669.10	88	D3681.contig25_20	225	2.2e-23
ORF6C	PF10552.9	114	D3681.contig25_21	216	6.9e-30
Bro-N	PF02498.17	95	D3681.contig25_21	216	0.0017
Phage_prot_Gp6	PF05133.14	420	D3681.contig26_1	342	7.5e-13
Terminase_1	PF03354.15	468	D3681.contig26_3	465	4e-07
DUF4355	PF14265.6	125	D3681.contig26_4	155	4e-09
Phage_capsid	PF05065.13	280	D3681.contig26_5	296	5.8e-16
Phage_Gp19	PF09355.10	116	D3681.contig26_6	141	6.4e-45
HIT	PF01230.23	98	D3681.contig26_7	111	0.056
Integrase_DNA	PF02920.15	58	D3681.contig26_9	112	0.087
DUF5361	PF17318.2	87	D3681.contig26_12	119	2e-33
Baculo_PEP_C	PF04513.12	140	D3681.contig26_13	633	0.0063
Sipho_tail	PF05709.11	255	D3681.contig26_14	240	1.3e-07
RepL	PF05732.11	165	D3681.contig27_4	339	0.015
DUF5343	PF17278.2	139	D3681.contig27_5	319	0.023
Peptidase_Prp	PF04327.12	90	D3681.contig27_6	113	2.5e-13
AAA_12	PF13087.6	199	D3681.contig27_6	113	0.014
Terminase_6	PF03237.15	215	D3681.contig27_8	491	2.5e-19
Terminase_3	PF04466.13	201	D3681.contig27_8	491	1.1e-05
HTH_23	PF13384.6	50	D3681.contig27_9	187	1.8e-06
HTH_Tnp_1_2	PF13022.6	123	D3681.contig27_9	187	0.00061
HTH_Tnp_1	PF01527.20	75	D3681.contig27_9	187	0.00098
HTH_3	PF01381.22	55	D3681.contig27_9	187	0.001
HTH_29	PF13551.6	63	D3681.contig27_9	187	0.001
HTH_28	PF13518.6	52	D3681.contig27_9	187	0.0017
zf-CHCC	PF10276.9	37	D3681.contig27_11	78	0.015
IPI_T4	PF11634.8	76	D3681.contig27_11	78	0.06
Phage_integrase	PF00589.22	172	D3681.contig27_13	340	5.8e-29
Phage_int_SAM_4	PF13495.6	85	D3681.contig27_13	340	5.3e-14
Phage_int_SAM_1	PF02899.17	84	D3681.contig27_13	340	3.2e-06
Phage_int_SAM_5	PF13102.6	99	D3681.contig27_13	340	0.00084
OmdA	PF13376.6	60	D3681.contig27_15	65	0.039
Methyltransf_11	PF08241.12	96	D3681.contig27_16	147	8.9e-05
PAPS_reduct	PF01507.19	174	D3681.contig27_17	298	3.2e-23
HTH_36	PF13730.6	55	D3681.contig28_1	96	5.9e-13
GntR	PF00392.21	64	D3681.contig28_1	96	8.2e-07
HTH_29	PF13551.6	63	D3681.contig28_1	96	1.2e-06
PaaX	PF07848.12	70	D3681.contig28_1	96	1.8e-06
RP-C	PF03428.13	175	D3681.contig28_1	96	2.9e-05
HTH_28	PF13518.6	52	D3681.contig28_1	96	0.00038
MarR_2	PF12802.7	62	D3681.contig28_1	96	0.00051
Cdc6_C	PF09079.11	84	D3681.contig28_1	96	0.00057
Fe_dep_repress	PF01325.19	60	D3681.contig28_1	96	0.0023
YdaS_antitoxin	PF15943.5	65	D3681.contig28_6	80	2.3e-20
P22_Cro	PF14549.6	60	D3681.contig28_6	80	8.4e-05
HTH_3	PF01381.22	55	D3681.contig28_6	80	0.00083
HTH_3	PF01381.22	55	D3681.contig28_7	231	1.5e-08
HTH_31	PF13560.6	64	D3681.contig28_7	231	4.7e-08
HTH_26	PF13443.6	63	D3681.contig28_7	231	5.9e-07
Peptidase_S24	PF00717.23	70	D3681.contig28_7	231	1.3e-05
HTH_19	PF12844.7	65	D3681.contig28_7	231	3.9e-05
Phage_CI_repr	PF07022.13	65	D3681.contig28_7	231	0.00021
HTH_24	PF13412.6	48	D3681.contig28_7	231	0.0024
YdaS_antitoxin	PF15943.5	65	D3681.contig28_7	231	0.0031
ChapFlgA	PF13144.6	122	D3681.contig28_11	55	0.013
SmpB	PF01668.18	144	D3681.contig28_12	139	0.058
Band_7	PF01145.25	178	D3681.contig28_14	276	9.9e-25
KfrA_N	PF11740.8	115	D3681.contig28_14	276	0.00078
Flot	PF15975.5	121	D3681.contig28_14	276	0.049
Phage_pRha	PF09669.10	88	D3681.contig28_15	279	1.2e-14
GAS	PF13851.6	200	D3681.contig28_18	217	0.011
RE_ScaI	PF09569.10	192	D3681.contig28_18	217	0.014
PyocinActivator	PF11112.8	74	D3681.contig28_21	88	1e-25
Phage_integrase	PF00589.22	172	D3681.contig28_22	367	1.1e-17
HNH	PF01844.23	47	D3681.contig29_2	170	9e-13
HNH_5	PF14279.6	56	D3681.contig29_2	170	3.8e-05
zf-C4pol	PF14260.6	70	D3681.contig29_2	170	0.017
VRR_NUC	PF08774.11	108	D3681.contig29_6	114	6e-09
VirE	PF05272.11	198	D3681.contig29_8	432	5.5e-63
Prim-Pol	PF09250.11	158	D3681.contig29_9	264	6.1e-25
PriCT_1	PF08708.11	67	D3681.contig29_9	264	3.9e-10
DUF669	PF05037.13	141	D3681.contig29_10	186	0.017
AAA_24	PF13479.6	197	D3681.contig29_11	231	1.9e-26
ResIII	PF04851.15	171	D3681.contig29_12	465	6.2e-25
ResIII	PF04851.15	171	D3681.contig29_12	465	6.2e-25
Helicase_C	PF00271.31	111	D3681.contig29_12	465	1.9e-15
SWI2_SNF2	PF18766.1	224	D3681.contig29_12	465	1.1e-08
DEAD	PF00270.29	176	D3681.contig29_12	465	2e-08
AAA_30	PF13604.6	192	D3681.contig29_12	465	8.5e-06
ATPase_2	PF01637.18	233	D3681.contig29_12	465	0.00011
DUF2075	PF09848.9	363	D3681.contig29_12	465	0.00034
AAA	PF00004.29	132	D3681.contig29_12	465	0.00035
Rad50_zn_hook	PF04423.14	52	D3681.contig29_12	465	0.00088
Phage_Mu_Gam	PF07352.12	155	D3681.contig29_13	166	6.4e-13
PLU-1	PF08429.11	339	D3681.contig29_14	69	0.012
HTH_26	PF13443.6	63	D3681.contig29_17	74	0.00018
HTH_3	PF01381.22	55	D3681.contig29_17	74	0.00028
HTH_19	PF12844.7	65	D3681.contig29_17	74	0.0097
HTH_3	PF01381.22	55	D3681.contig29_18	107	3.7e-08
HTH_26	PF13443.6	63	D3681.contig29_18	107	3.4e-06
HTH_19	PF12844.7	65	D3681.contig29_18	107	1.2e-05
HTH_28	PF13518.6	52	D3681.contig29_18	107	0.00079
HTH_5	PF01022.20	47	D3681.contig29_18	107	0.0019
Peptidase_M78	PF06114.13	123	D3681.contig29_19	130	0.00032
DUF3920	PF13058.6	126	D3681.contig29_19	130	0.0094
DUF998	PF06197.13	185	D3681.contig29_20	176	0.0015
O-antigen_lig	PF13425.6	468	D3681.contig29_20	176	0.02
DUF4393	PF14337.6	192	D3681.contig29_21	253	1.1e-28
Taxilin	PF09728.9	308	D3681.contig29_21	253	0.011
DUF5067	PF16729.5	125	D3681.contig29_23	91	0.0074
LysM	PF01476.20	44	D3681.contig30_2	228	0.032
DUF2577	PF10844.8	98	D3681.contig30_4	138	1.8e-21
DUF2634	PF10934.8	105	D3681.contig30_5	144	1.3e-30
Baseplate_J	PF04865.14	255	D3681.contig30_6	360	4.3e-49
DUF2313	PF10076.9	163	D3681.contig30_7	211	4.7e-09
DUF2551	PF10826.8	83	D3681.contig30_7	211	0.0085
DUF3751	PF12571.8	150	D3681.contig30_8	302	0.00055
Phage_integrase	PF00589.22	172	D3681.contig30_9	282	6.3e-20
Phage_int_SAM_3	PF14659.6	58	D3681.contig30_9	282	1.4e-05
Phage_int_SAM_5	PF13102.6	99	D3681.contig30_9	282	0.0006
Stomoxyn	PF11585.8	42	D3681.contig30_9	282	0.0042
PqqD	PF05402.12	67	D3681.contig30_10	131	0.075
Collagen	PF01391.18	60	D3681.contig30_13	413	3.7e-10
Phage_holin_1	PF04531.13	82	D3681.contig30_15	114	0.031
Amidase_3	PF01520.18	175	D3681.contig30_16	173	2e-35
Hint_2	PF13403.6	143	D3681.contig31_2	529	7.2e-08
Intein_splicing	PF14890.6	134	D3681.contig31_2	529	0.00076
LPD38	PF18857.1	188	D3681.contig31_4	1754	3.7e-45
Phage_lysozyme2	PF18013.1	143	D3681.contig31_4	1754	1.4e-20
Phage_holin_4_1	PF05105.12	114	D3681.contig31_5	178	1.3e-05
Glyco_hydro_25	PF01183.20	178	D3681.contig31_6	199	3.1e-27
DUF4010	PF13194.6	210	D3681.contig31_7	191	0.027
Phage_integrase	PF00589.22	172	D3681.contig31_9	146	3.3e-12
HTH_7	PF02796.15	45	D3681.contig32_2	88	0.0034
HTH_38	PF13936.6	44	D3681.contig32_2	88	0.0061
HTH_24	PF13412.6	48	D3681.contig32_2	88	0.0071
Sigma70_r4_2	PF08281.12	54	D3681.contig32_2	88	0.0093
RusA	PF05866.11	124	D3681.contig32_5	134	9.8e-08
dUTPase	PF00692.19	129	D3681.contig32_6	160	3.3e-26
ArsP_1	PF03773.13	294	D3681.contig32_7	121	0.002
PMT_2	PF13231.6	159	D3681.contig32_7	121	0.0024
PTS_EIIC_2	PF13303.6	328	D3681.contig32_7	121	0.013
HTH_Tnp_1_2	PF13022.6	123	D3681.contig32_10	124	0.00016
HTH_23	PF13384.6	50	D3681.contig32_10	124	0.00097
GP3_package	PF16677.5	113	D3681.contig32_10	124	0.0019
GerE	PF00196.19	57	D3681.contig32_10	124	0.002
HTH_Tnp_1	PF01527.20	75	D3681.contig32_10	124	0.003
Terminase_6	PF03237.15	215	D3681.contig32_11	454	5.5e-09
Terminase_3	PF04466.13	201	D3681.contig32_11	454	2.5e-07
P22_portal	PF16510.5	668	D3681.contig32_13	660	4.7e-06
DUF4043	PF13252.6	353	D3681.contig32_15	328	8.4e-35
DUF4043	PF13252.6	353	D3681.contig32_15	328	8.4e-35
Tube	PF17212.3	169	D3681.contig32_16	184	0.05
DUF3794	PF12673.7	77	D3681.contig32_17	158	0.031
HTH_17	PF12728.7	51	D3681.contig33_5	74	0.0016
Phosphoprotein	PF00922.17	204	D3681.contig33_8	96	0.015
HTH_19	PF12844.7	65	D3681.contig33_9	128	7.3e-15
HTH_3	PF01381.22	55	D3681.contig33_9	128	1.2e-08
HTH_31	PF13560.6	64	D3681.contig33_9	128	1.9e-07
HTH_3	PF01381.22	55	D3681.contig33_11	66	7.5e-13
HTH_26	PF13443.6	63	D3681.contig33_11	66	5.7e-09
HTH_31	PF13560.6	64	D3681.contig33_11	66	1.9e-06
HTH_19	PF12844.7	65	D3681.contig33_11	66	4.4e-06
HTH_35	PF13693.6	75	D3681.contig33_11	66	0.00045
HTH_25	PF13413.6	62	D3681.contig33_11	66	0.0013
Phage_integrase	PF00589.22	172	D3681.contig33_12	351	2.4e-20
polyprenyl_synt	PF00348.17	256	D3681.contig33_12	351	0.045
CopG_antitoxin	PF12441.8	79	D3681.contig33_13	113	0.013
Arc	PF03869.14	50	D3681.contig33_13	113	0.015
Cas_St_Csn2	PF16813.5	325	D3681.contig33_13	113	0.035
CW_7	PF08230.11	40	D3681.contig33_15	227	8.2e-20
Phage_holin_6_1	PF09682.10	101	D3681.contig33_17	125	8.1e-05
DUF3671	PF12420.8	115	D3681.contig33_18	118	0.0014
O-ag_pol_Wzy	PF14296.6	468	D3681.contig33_18	118	0.011
BCD	PF15461.6	268	D3681.contig33_18	118	0.013
ZapA	PF05164.13	88	D3681.contig33_19	102	0.0022
Jnk-SapK_ap_N	PF09744.9	156	D3681.contig33_19	102	0.003
T6PP_N	PF18572.1	101	D3681.contig33_20	82	0.027
Phage_XkdX	PF09693.10	40	D3681.contig33_21	51	4.4e-11
Herpes_BLRF2	PF05812.12	119	D3681.contig33_22	63	0.085
RVT_1	PF00078.27	222	D3681.contig33_23	462	1.6e-11
RVT_1	PF00078.27	222	D3681.contig33_23	462	1.6e-11
Resolvase	PF00239.21	146	D3681.contig34_2	459	1.9e-37
Zn_ribbon_recom	PF13408.6	58	D3681.contig34_2	459	3.5e-13
Recombinase	PF07508.13	104	D3681.contig34_2	459	9.6e-07
Abi_2	PF07751.11	179	D3681.contig34_3	320	6.9e-46
DUF2294	PF10057.9	111	D3681.contig34_5	44	0.12
HTH_3	PF01381.22	55	D3681.contig34_6	150	1.3e-12
HTH_19	PF12844.7	65	D3681.contig34_6	150	9.1e-11
HTH_31	PF13560.6	64	D3681.contig34_6	150	6.9e-08
HTH_23	PF13384.6	50	D3681.contig34_6	150	6e-05
HTH_25	PF13413.6	62	D3681.contig34_6	150	0.00055
Sigma70_r4	PF04545.16	50	D3681.contig34_6	150	0.0051
HU-HIG	PF18291.1	125	D3681.contig34_7	106	0.085
hnRNP_Q_AcD	PF18360.1	70	D3681.contig34_12	160	0.024
Inovirus_Gp2	PF11726.8	179	D3681.contig34_13	249	0.0038
RNase_H	PF00075.24	143	D3681.contig34_14	123	1e-10
DZR	PF12773.7	49	D3681.contig34_15	125	0.012
zf_C2H2_13	PF18508.1	42	D3681.contig34_16	65	0.011
DUF4368	PF14287.6	67	D3681.contig34_18	330	0.016
Spa1_C	PF18218.1	99	D3681.contig35_1	129	0.036
DUF3482	PF11981.8	294	D3681.contig35_2	183	0.0036
Ribosomal_L38e	PF01781.18	69	D3681.contig35_2	183	0.02
Phage_integrase	PF00589.22	172	D3681.contig35_3	409	1.7e-30
Phage_int_SAM_3	PF14659.6	58	D3681.contig35_3	409	2.1e-14
Arm-DNA-bind_4	PF14657.6	46	D3681.contig35_3	409	8.8e-14
Peptidase_M78	PF06114.13	123	D3681.contig35_4	143	4.2e-08
DUF3810	PF12725.7	310	D3681.contig35_4	143	0.01
HTH_19	PF12844.7	65	D3681.contig35_5	145	8.1e-07
HTH_3	PF01381.22	55	D3681.contig35_5	145	2.8e-05
BetR	PF08667.10	148	D3681.contig35_5	145	0.0031
HTH_26	PF13443.6	63	D3681.contig35_5	145	0.0054
HTH_3	PF01381.22	55	D3681.contig35_6	64	3.5e-06
HTH_19	PF12844.7	65	D3681.contig35_6	64	0.00029
HTH_26	PF13443.6	63	D3681.contig35_6	64	0.0035
HTH_37	PF13744.6	80	D3681.contig35_6	64	0.0089
YdaS_antitoxin	PF15943.5	65	D3681.contig35_6	64	0.0094
HTH_17	PF12728.7	51	D3681.contig35_7	95	0.00014
Phage_pRha	PF09669.10	88	D3681.contig35_8	238	1.1e-23
ORF6C	PF10552.9	114	D3681.contig35_8	238	1.7e-23
Stn1	PF10451.9	252	D3681.contig35_8	238	0.005
DUF5592	PF17332.2	89	D3681.contig35_10	58	0.044
PhoR	PF11808.8	86	D3681.contig35_10	58	0.047
DUF1106	PF06523.11	91	D3681.contig35_12	52	0.01
ERF	PF04404.12	153	D3681.contig35_14	226	8.4e-26
DUF1351	PF07083.11	210	D3681.contig35_15	327	3.4e-50
Syntaxin_2	PF14523.6	101	D3681.contig35_15	327	0.002
HNHc_6	PF16784.5	200	D3681.contig35_16	227	1.2e-35
DUF968	PF06147.11	200	D3681.contig35_16	227	0.0042
Phage_rep_org_N	PF09681.10	121	D3681.contig35_17	319	7.8e-28
DUF1492	PF07374.11	100	D3681.contig36_1	135	3.3e-05
Sigma70_r4	PF04545.16	50	D3681.contig36_1	135	0.012
R3H-assoc	PF13902.6	134	D3681.contig36_1	135	0.02
DUF3310	PF11753.8	60	D3681.contig36_2	172	1.5e-20
SNF2_N	PF00176.23	350	D3681.contig36_3	458	2.9e-21
ResIII	PF04851.15	171	D3681.contig36_3	458	5.7e-08
DEAD	PF00270.29	176	D3681.contig36_3	458	1.1e-06
Helicase_C	PF00271.31	111	D3681.contig36_3	458	0.00011
AAA_30	PF13604.6	192	D3681.contig36_3	458	0.015
VRR_NUC	PF08774.11	108	D3681.contig36_4	114	1.8e-06
VirE	PF05272.11	198	D3681.contig36_6	808	4.3e-69
PcfJ	PF14284.6	144	D3681.contig36_7	558	5.4e-16
RNA_polI_A34	PF08208.11	205	D3681.contig36_8	118	0.02
DNA_pol_A	PF00476.20	376	D3681.contig36_9	605	5.7e-25
PhageMin_Tail	PF10145.9	198	D3681.contig37_1	848	8.4e-26
Apolipoprotein	PF01442.18	190	D3681.contig37_1	848	1.5e-06
YtxH	PF12732.7	75	D3681.contig37_1	848	0.016
ColG_sub	PF18496.1	117	D3681.contig37_2	176	0.0071
FKBP26_C	PF18046.1	72	D3681.contig37_3	106	0.011
Phage_Capsid_P3	PF09018.11	394	D3681.contig37_6	150	0.059
Phage_H_T_join	PF05521.11	96	D3681.contig37_7	106	2.5e-06
Phage_connect_1	PF05135.13	99	D3681.contig37_8	103	0.0053
Phage_capsid	PF05065.13	280	D3681.contig37_9	411	4.4e-33
CLP_protease	PF00574.23	182	D3681.contig37_10	276	5.3e-24
FbpA	PF05833.11	455	D3681.contig37_10	276	0.014
Phage_portal	PF04860.12	314	D3681.contig37_11	468	5.3e-78
Terminase_1	PF03354.15	468	D3681.contig37_12	99	4.9e-09
DUF287	PF03384.14	55	D3681.contig37_12	99	0.017
Recombinase	PF07508.13	104	D3681.contig38_1	523	2.2e-18
Resolvase	PF00239.21	146	D3681.contig38_1	523	1.3e-13
Zn_ribbon_recom	PF13408.6	58	D3681.contig38_1	523	1.1e-05
Fzo_mitofusin	PF04799.13	161	D3681.contig38_1	523	0.019
bPH_1	PF08000.11	122	D3681.contig38_3	151	1.9e-33
bPH_3	PF14470.6	95	D3681.contig38_3	151	0.00017
HTH_19	PF12844.7	65	D3681.contig38_5	132	3.6e-15
HTH_3	PF01381.22	55	D3681.contig38_5	132	1.7e-13
HTH_31	PF13560.6	64	D3681.contig38_5	132	6.2e-10
MqsA_antitoxin	PF15731.5	131	D3681.contig38_5	132	0.00021
Phage_CI_repr	PF07022.13	65	D3681.contig38_5	132	0.0004
Glyco_tranf_2_2	PF10111.9	276	D3681.contig38_7	56	0.031
Aconitase_2_N	PF06434.13	204	D3681.contig38_8	68	0.064
DUF1978	PF09321.10	244	D3681.contig38_10	63	0.0021
DUF3268	PF11672.8	118	D3681.contig38_14	158	0.00038
zinc_ribbon_2	PF13240.6	23	D3681.contig38_16	134	7.1e-05
UPF0547	PF10571.9	26	D3681.contig38_16	134	0.00012
DZR	PF12773.7	49	D3681.contig38_16	134	0.00029
zinc_ribbon_15	PF17032.5	86	D3681.contig38_16	134	0.00085
DUF551	PF04448.12	69	D3681.contig38_17	141	6.8e-05
DUF935	PF06074.12	520	D3681.contig39_1	49	0.042
Resolvase	PF00239.21	146	D3681.contig39_4	466	2.1e-30
Zn_ribbon_recom	PF13408.6	58	D3681.contig39_4	466	7.6e-11
Recombinase	PF07508.13	104	D3681.contig39_4	466	1.8e-07
DUF4236	PF14020.6	55	D3681.contig39_5	280	1.7e-18
ORMDL	PF04061.14	136	D3681.contig39_5	280	0.013
HTH_3	PF01381.22	55	D3681.contig39_6	155	3.5e-07
HTH_31	PF13560.6	64	D3681.contig39_6	155	0.002
FGE-sulfatase	PF03781.16	260	D3681.contig39_9	341	0.00084
SLT	PF01464.20	117	D3681.contig39_12	211	8.5e-17
ASCH	PF04266.14	107	D3681.contig39_14	128	0.0022
DUF2786	PF10979.8	40	D3681.contig39_15	112	0.078
Amidase_2	PF01510.25	126	D3681.contig40_2	192	1.2e-06
zf-C3HC4_2	PF13923.6	40	D3681.contig40_5	47	0.038
CHASE3	PF05227.13	138	D3681.contig40_6	134	0.017
Phage_integrase	PF00589.22	172	D3681.contig40_7	293	1.9e-18
Phage_int_SAM_3	PF14659.6	58	D3681.contig40_7	293	0.0044
H_lectin	PF09458.10	67	D3681.contig40_9	51	0.0052
DUF3751	PF12571.8	150	D3681.contig40_10	321	2e-06
Tail_P2_I	PF09684.10	136	D3681.contig40_11	215	8.1e-21
Baseplate_J	PF04865.14	255	D3681.contig40_12	378	2.8e-57
Phage_tail_X	PF05489.12	60	D3681.contig40_13	67	7.2e-09
GPW_gp25	PF04965.14	95	D3681.contig40_14	120	1.4e-05
Phage_P2_GpU	PF06995.11	120	D3681.contig40_15	206	1.8e-21
Phage_base_V	PF04717.12	112	D3681.contig40_16	86	0.0095
DUF1057	PF06342.12	297	D3681.contig41_4	48	0.092
Putative_G5P	PF17426.2	107	D3681.contig41_6	160	0.001
AAA_16	PF13191.6	170	D3681.contig41_8	1407	0.0045
HTH_17	PF12728.7	51	D3681.contig41_11	83	0.045
HTH_AsnC-type	PF13404.6	42	D3681.contig42_2	99	0.1
DUF927	PF06048.11	287	D3681.contig42_3	1026	2.1e-21
Phage_lysozyme	PF00959.19	109	D3681.contig42_5	192	5.1e-15
SIT	PF15330.6	115	D3681.contig42_6	120	0.00061
PATR	PF12951.7	30	D3681.contig42_7	198	0.0075
LPD38	PF18857.1	188	D3681.contig42_9	872	4.7e-23
DNA_pol_A	PF00476.20	376	D3681.contig43_1	476	4e-26
DUF3552	PF12072.8	201	D3681.contig43_1	476	0.026
VirE	PF05272.11	198	D3681.contig43_2	824	1.4e-70
ABC_tran	PF00005.27	137	D3681.contig43_2	824	0.0051
VRR_NUC	PF08774.11	108	D3681.contig43_3	97	6e-07
NPIP	PF06409.11	267	D3681.contig43_3	97	0.054
HNH_3	PF13392.6	46	D3681.contig43_4	172	2.1e-13
Peptidase_C14	PF00656.22	248	D3681.contig43_4	172	0.016
SNF2_N	PF00176.23	350	D3681.contig43_5	413	1.3e-15
Helicase_C	PF00271.31	111	D3681.contig43_5	413	2.3e-06
DUF3310	PF11753.8	60	D3681.contig43_7	88	3.6e-15
DUF1844	PF08899.11	73	D3681.contig43_7	88	0.049
DNA_methylase	PF00145.17	335	D3681.contig43_8	68	2.4e-12
Sigma70_r4_2	PF08281.12	54	D3681.contig43_9	136	0.00011
DUF1492	PF07374.11	100	D3681.contig43_9	136	0.032
SPATA24	PF15175.6	182	D3681.contig44_1	290	0.0026
MatE	PF01554.18	161	D3681.contig44_2	439	2.8e-56
MatE	PF01554.18	161	D3681.contig44_2	439	2.8e-56
Polysacc_synt_C	PF14667.6	143	D3681.contig44_2	439	9.3e-13
Polysacc_synt	PF01943.17	274	D3681.contig44_2	439	2.3e-06
Polysacc_synt_3	PF13440.6	293	D3681.contig44_2	439	0.0042
UDG	PF03167.19	155	D3681.contig44_4	176	1.5e-10
Peripla_BP_4	PF13407.6	258	D3681.contig44_5	327	1.5e-45
Peripla_BP_1	PF00532.21	279	D3681.contig44_5	327	1.1e-14
Peripla_BP_3	PF13377.6	166	D3681.contig44_5	327	2.3e-08
Peripla_BP_6	PF13458.6	342	D3681.contig44_5	327	5.6e-08
DUF3502	PF12010.8	130	D3681.contig44_5	327	0.0036
MCPsignal	PF00015.21	172	D3681.contig44_6	662	2.1e-32
HAMP	PF00672.25	53	D3681.contig44_6	662	3.1e-09
BLOC1_2	PF10046.9	96	D3681.contig44_6	662	8.7e-05
AsnA	PF03590.15	227	D3681.contig44_7	337	1.1e-104
HD	PF01966.22	122	D3681.contig45_2	133	5.9e-07
POR_N	PF01855.19	231	D3681.contig45_4	1182	6.6e-78
POR	PF01558.18	177	D3681.contig45_4	1182	3.3e-33
EKR	PF10371.9	57	D3681.contig45_4	1182	1.1e-16
PFOR_II	PF17147.4	102	D3681.contig45_4	1182	3.3e-15
Fer4	PF00037.27	24	D3681.contig45_4	1182	1.2e-11
Fer4	PF00037.27	24	D3681.contig45_4	1182	1.2e-11
TPP_enzyme_C	PF02775.21	153	D3681.contig45_4	1182	2e-10
Fer4_7	PF12838.7	52	D3681.contig45_4	1182	1.2e-09
Fer4_16	PF13484.6	67	D3681.contig45_4	1182	1.5e-09
Fer4_6	PF12837.7	24	D3681.contig45_4	1182	4.7e-09
Fer4_6	PF12837.7	24	D3681.contig45_4	1182	4.7e-09
Fer4_21	PF14697.6	59	D3681.contig45_4	1182	6.5e-07
Fer4_9	PF13187.6	51	D3681.contig45_4	1182	8e-06
Fer4_10	PF13237.6	56	D3681.contig45_4	1182	1.4e-05
Fer4_10	PF13237.6	56	D3681.contig45_4	1182	1.4e-05
Fer4_8	PF13183.6	65	D3681.contig45_4	1182	1.4e-05
Transketolase_C	PF02780.20	124	D3681.contig45_4	1182	0.001
EAL	PF00563.20	238	D3681.contig45_5	667	2.2e-61
GGDEF	PF00990.21	161	D3681.contig45_5	667	3.2e-24
GGDEF	PF00990.21	161	D3681.contig45_5	667	3.2e-24
DUF4199	PF13858.6	168	D3681.contig46_1	70	0.0019
HIG_1_N	PF04588.13	52	D3681.contig46_1	70	0.022
tRNA_U5-meth_tr	PF05958.11	357	D3681.contig46_2	566	2.9e-18
Methyltransf_31	PF13847.6	152	D3681.contig46_2	566	9.5e-14
Methyltransf_25	PF13649.6	97	D3681.contig46_2	566	1.9e-08
MTS	PF05175.14	169	D3681.contig46_2	566	1.5e-07
Met_10	PF02475.16	199	D3681.contig46_2	566	2.1e-06
Methyltransf_15	PF09445.10	165	D3681.contig46_2	566	5.3e-06
Methyltransf_11	PF08241.12	96	D3681.contig46_2	566	1.5e-05
N6_N4_Mtase	PF01555.18	231	D3681.contig46_2	566	6.1e-05
Cons_hypoth95	PF03602.15	182	D3681.contig46_2	566	0.00013
PrmA	PF06325.13	296	D3681.contig46_2	566	0.00016
Penicillinase_R	PF03965.16	115	D3681.contig46_4	124	6.5e-20
TrmB	PF01978.19	68	D3681.contig46_4	124	0.0099
Peptidase_M56	PF05569.11	299	D3681.contig46_5	793	6e-51
Mg_trans_NIPA	PF05653.14	295	D3681.contig46_5	793	0.012
DUF3658	PF12395.8	107	D3681.contig46_7	255	9.6e-21
DUF1835	PF08874.10	120	D3681.contig46_7	255	1.3e-08
DUF4177	PF13783.6	65	D3681.contig47_2	64	1.1e-08
Spo0A_C	PF08769.11	104	D3681.contig47_3	75	0.0015
Sigma70_r4_2	PF08281.12	54	D3681.contig47_4	143	3.9e-08
Sigma70_r4	PF04545.16	50	D3681.contig47_4	143	1e-05
HTH_16	PF12645.7	65	D3681.contig47_5	80	1.5e-23
Tn916-Xis	PF09035.10	69	D3681.contig47_6	68	1.6e-19
HTH_17	PF12728.7	51	D3681.contig47_6	68	5.8e-05
Phage_integrase	PF00589.22	172	D3681.contig47_7	397	9.9e-39
Integrase_DNA	PF02920.15	58	D3681.contig47_7	397	1.1e-27
Phage_int_SAM_5	PF13102.6	99	D3681.contig47_7	397	3.6e-05
FtsK_gamma	PF09397.10	63	D3681.contig47_8	227	9.6e-23
Peptidase_M78	PF06114.13	123	D3681.contig47_9	152	0.0004
DUF2442	PF10387.9	79	D3681.contig47_10	98	1e-12
DUF4160	PF13711.6	66	D3681.contig47_11	88	2.4e-21
HTH_3	PF01381.22	55	D3681.contig47_12	161	4.1e-16
HTH_19	PF12844.7	65	D3681.contig47_12	161	9.1e-12
HTH_31	PF13560.6	64	D3681.contig47_12	161	3.4e-11
HTH_26	PF13443.6	63	D3681.contig47_12	161	0.00072
MqsA_antitoxin	PF15731.5	131	D3681.contig47_12	161	0.00089
HTH_25	PF13413.6	62	D3681.contig47_12	161	0.0011
HTH_37	PF13744.6	80	D3681.contig47_12	161	0.0029
HTH_19	PF12844.7	65	D3681.contig47_13	72	8e-08
HTH_31	PF13560.6	64	D3681.contig47_13	72	0.00029
HTH_35	PF13693.6	75	D3681.contig47_13	72	0.00032
HTH_26	PF13443.6	63	D3681.contig47_13	72	0.00032
HTH_3	PF01381.22	55	D3681.contig47_13	72	0.00074
YdaS_antitoxin	PF15943.5	65	D3681.contig47_13	72	0.002
PilM_2	PF11104.8	340	D3681.contig47_14	71	0.0091
CENP_C_N	PF15622.6	287	D3681.contig47_16	54	0.0089
CENP-F_leu_zip	PF10473.9	140	D3681.contig47_16	54	0.0094
PAPS_reduct	PF01507.19	174	D3681.contig48_3	408	1.3e-10
ParBc	PF02195.18	90	D3681.contig48_4	473	6.7e-10
DUF3850	PF12961.7	77	D3681.contig48_4	473	9.9e-09
AAA_31	PF13614.6	177	D3681.contig48_5	254	1e-43
CbiA	PF01656.23	128	D3681.contig48_5	254	5.1e-14
ParA	PF10609.9	246	D3681.contig48_5	254	5.8e-07
ArsA_ATPase	PF02374.15	305	D3681.contig48_5	254	0.00017
CBP_BcsQ	PF06564.12	234	D3681.contig48_5	254	0.00032
ORC3_N	PF07034.11	332	D3681.contig48_6	120	0.092
LapA_dom	PF06305.11	64	D3681.contig48_8	55	0.0043
FAM176	PF14851.6	145	D3681.contig48_8	55	0.015
DUF2116	PF09889.9	59	D3681.contig48_11	84	0.0053
DZR	PF12773.7	49	D3681.contig48_11	84	0.0058
zinc_ribbon_2	PF13240.6	23	D3681.contig48_11	84	0.011
zf-C4pol	PF14260.6	70	D3681.contig48_11	84	0.018
MobC	PF05713.11	45	D3681.contig48_12	99	0.037
VRR_NUC	PF08774.11	108	D3681.contig48_13	135	5.3e-14
SBP_bac_8	PF13416.6	282	D3681.contig49_1	436	7.5e-32
BPD_transp_1	PF00528.22	185	D3681.contig49_3	484	6.6e-20
DUF1634	PF07843.11	102	D3681.contig49_3	484	0.053
BPD_transp_1	PF00528.22	185	D3681.contig49_4	284	1.9e-16
DUF2387	PF09526.10	75	D3681.contig49_6	73	0.0019
A2L_zn_ribbon	PF08792.10	33	D3681.contig49_6	73	0.036
ABC2_membrane_5	PF13346.6	206	D3681.contig50_1	175	5.3e-38
ABC2_membrane_2	PF12679.7	288	D3681.contig50_1	175	0.00027
ABC2_membrane_4	PF12730.7	179	D3681.contig50_1	175	0.0026
ABC_tran	PF00005.27	137	D3681.contig50_2	283	9.1e-23
AAA_21	PF13304.6	303	D3681.contig50_2	283	2.9e-10
AAA_21	PF13304.6	303	D3681.contig50_2	283	2.9e-10
SMC_N	PF02463.19	220	D3681.contig50_2	283	5.4e-05
AAA_29	PF13555.6	61	D3681.contig50_2	283	0.0017
GntR	PF00392.21	64	D3681.contig50_3	124	9.5e-17
Rrf2	PF02082.20	83	D3681.contig50_3	124	0.0034
HTH_41	PF14502.6	48	D3681.contig50_3	124	0.0046
TpcC	PF12642.7	229	D3681.contig50_4	301	5.9e-62
YfiO	PF13525.6	203	D3681.contig50_4	301	0.0045
DUF561	PF04481.12	243	D3681.contig50_4	301	0.0089
Lysozyme_like	PF13702.6	158	D3681.contig50_5	335	2.3e-59
NLPC_P60	PF00877.19	105	D3681.contig50_5	335	7.5e-29
SLT	PF01464.20	117	D3681.contig50_5	335	8.6e-07
DUF1175	PF06672.11	222	D3681.contig50_5	335	0.00041
LANC_like	PF05147.13	352	D3681.contig50_5	335	0.0044
CHAP	PF05257.16	83	D3681.contig50_5	335	0.0078
TrbL	PF04610.14	215	D3681.contig50_6	737	0.00095
AAA_10	PF12846.7	362	D3681.contig50_7	199	9.3e-81
DUF853	PF05872.12	504	D3681.contig50_7	199	0.0072
SSB	PF00436.25	104	D3681.contig51_1	94	1.2e-23
tRNA_anti-codon	PF01336.25	76	D3681.contig51_1	94	0.0052
PemK_toxin	PF02452.17	111	D3681.contig51_3	191	1.3e-21
SepSecS	PF05889.13	389	D3681.contig51_3	191	0.00085
DUF3850	PF12961.7	77	D3681.contig51_5	440	1e-22
ParBc	PF02195.18	90	D3681.contig51_5	440	1.3e-06
DUF3268	PF11672.8	118	D3681.contig51_6	141	0.012
DNA_methylase	PF00145.17	335	D3681.contig51_7	328	3.4e-44
DNA_methylase	PF00145.17	335	D3681.contig51_7	328	3.4e-44
AAA_31	PF13614.6	177	D3681.contig51_8	260	3.5e-37
CbiA	PF01656.23	128	D3681.contig51_8	260	1.8e-10
ParA	PF10609.9	246	D3681.contig51_8	260	4.5e-08
ArsA_ATPase	PF02374.15	305	D3681.contig51_8	260	1.7e-07
Fer4_NifH	PF00142.18	271	D3681.contig51_8	260	3.8e-06
CBP_BcsQ	PF06564.12	234	D3681.contig51_8	260	0.0013
VRR_NUC	PF08774.11	108	D3681.contig51_9	150	1.7e-10
SAM_DrpA	PF18255.1	62	D3681.contig51_10	48	0.057
SLT	PF01464.20	117	D3681.contig51_11	214	5.5e-13
Glucosaminidase	PF01832.20	87	D3681.contig51_11	214	0.0057
Bactofilin	PF04519.13	98	D3681.contig52_2	280	5.3e-21
Bactofilin	PF04519.13	98	D3681.contig52_2	280	5.3e-21
AA_kinase	PF00696.28	241	D3681.contig52_3	233	3.8e-28
RRF	PF01765.19	162	D3681.contig52_4	184	3.6e-66
Prenyltransf	PF01255.19	224	D3681.contig52_5	241	1.7e-82
CTP_transf_1	PF01148.20	266	D3681.contig52_6	269	2.5e-55
DXP_reductoisom	PF02670.16	129	D3681.contig52_7	386	3.2e-43
DXPR_C	PF13288.6	115	D3681.contig52_7	386	2.9e-40
DXP_redisom_C	PF08436.12	84	D3681.contig52_7	386	4.9e-39
Semialdhyde_dh	PF01118.24	121	D3681.contig52_7	386	0.0044
Peptidase_M50	PF02163.22	250	D3681.contig52_8	345	3.7e-65
PDZ_2	PF13180.6	82	D3681.contig52_8	345	2.9e-11
PDZ_6	PF17820.1	56	D3681.contig52_8	345	4.6e-09
Phage_GP20	PF06810.11	149	D3681.contig53_1	90	1.9e-07
DUF5368	PF17336.2	111	D3681.contig53_2	295	0.073
DUF3683	PF12447.8	114	D3681.contig53_3	123	0.034
HK97-gp10_like	PF04883.12	81	D3681.contig53_5	173	2.4e-12
HPPK	PF01288.20	112	D3681.contig53_6	146	0.049
Phage_sheath_1C	PF17482.2	104	D3681.contig53_8	452	4.4e-15
Phage_sheath_1	PF04984.14	168	D3681.contig53_8	452	8.1e-14
Phage_sheath_1N	PF17481.2	104	D3681.contig53_8	452	8.8e-06
DUF2001	PF09393.10	139	D3681.contig53_9	165	1.3e-43
Phage_TAC_5	PF08890.11	136	D3681.contig53_10	143	1.2e-38
Tipalpha	PF16753.5	150	D3681.contig53_10	143	0.046
Fic	PF02661.18	97	D3681.contig54_1	286	2.9e-12
HTH_16	PF12645.7	65	D3681.contig54_2	196	0.019
AAA_21	PF13304.6	303	D3681.contig54_3	423	1.5e-15
AAA_21	PF13304.6	303	D3681.contig54_3	423	1.5e-15
AAA_15	PF13175.6	369	D3681.contig54_3	423	1.6e-14
AAA_16	PF13191.6	170	D3681.contig54_3	423	5.1e-06
ABC_tran	PF00005.27	137	D3681.contig54_3	423	1.3e-05
AAA_23	PF13476.6	200	D3681.contig54_3	423	1.6e-05
AAA_29	PF13555.6	61	D3681.contig54_3	423	0.0013
GDP_Man_Dehyd	PF16363.5	332	D3681.contig54_4	353	9.2e-44
Epimerase	PF01370.21	241	D3681.contig54_4	353	4.9e-33
Polysacc_synt_2	PF02719.15	294	D3681.contig54_4	353	3.6e-17
3Beta_HSD	PF01073.19	280	D3681.contig54_4	353	2.1e-12
RmlD_sub_bind	PF04321.17	287	D3681.contig54_4	353	2.2e-08
NAD_binding_4	PF07993.12	257	D3681.contig54_4	353	2.9e-05
PTPS_related	PF10131.9	621	D3681.contig54_5	591	0.0013
Arylsulfotran_N	PF17425.2	89	D3681.contig55_1	72	0.11
YjcQ	PF09639.10	96	D3681.contig55_2	112	2.3e-32
DUF2513	PF10711.9	104	D3681.contig55_2	112	0.0073
Rrf2	PF02082.20	83	D3681.contig55_2	112	0.017
DUF4355	PF14265.6	125	D3681.contig55_3	208	3.4e-15
Phage_connect_1	PF05135.13	99	D3681.contig55_5	125	1.8e-19
DUF3168	PF11367.8	117	D3681.contig55_8	133	0.033
Phage_tail_2	PF06199.11	135	D3681.contig55_9	180	3.9e-19
Phage_TAC_12	PF12363.8	111	D3681.contig55_10	121	1.8e-24
DUF1492	PF07374.11	100	D3681.contig56_1	134	1e-07
Terminase_2	PF03592.16	140	D3681.contig56_2	148	1.2e-26
MlrC_C	PF07171.12	178	D3681.contig56_2	148	0.057
Terminase_3	PF04466.13	201	D3681.contig56_3	413	2.4e-50
Terminase_3C	PF17288.2	155	D3681.contig56_3	413	2.1e-25
Terminase_6C	PF17289.2	155	D3681.contig56_3	413	0.0018
Phage_prot_Gp6	PF05133.14	420	D3681.contig56_4	472	3.3e-76
Phage_Mu_F	PF04233.14	112	D3681.contig56_5	341	1.8e-14
Phage_GP20	PF06810.11	149	D3681.contig56_6	120	6e-24
CHASE3	PF05227.13	138	D3681.contig56_6	120	0.0023
Spc7	PF08317.11	310	D3681.contig56_6	120	0.0042
Phage_Mu_F	PF04233.14	112	D3681.contig57_1	468	3.6e-06
Phage_prot_Gp6	PF05133.14	420	D3681.contig57_2	468	9.5e-111
Terminase_3	PF04466.13	201	D3681.contig57_3	391	1.1e-70
Terminase_3C	PF17288.2	155	D3681.contig57_3	391	1.1e-37
Terminase_6	PF03237.15	215	D3681.contig57_3	391	4.8e-08
Terminase_2	PF03592.16	140	D3681.contig57_4	143	2e-19
DUF3600	PF12207.8	160	D3681.contig57_4	143	0.0028
DUF4065	PF13274.6	114	D3681.contig58_2	146	8.6e-20
Phage_integrase	PF00589.22	172	D3681.contig58_4	388	3.9e-21
zf-C2HE	PF16278.5	64	D3681.contig58_5	101	0.0031
Peptidase_M78	PF06114.13	123	D3681.contig58_6	148	7.2e-17
HTH_3	PF01381.22	55	D3681.contig58_7	157	7.4e-09
HTH_26	PF13443.6	63	D3681.contig58_7	157	1.3e-06
HTH_31	PF13560.6	64	D3681.contig58_7	157	0.00095
Homeodomain	PF00046.29	57	D3681.contig58_7	157	0.0022
HTH_24	PF13412.6	48	D3681.contig58_7	157	0.0032
HTH_3	PF01381.22	55	D3681.contig58_8	81	7.9e-09
HTH_19	PF12844.7	65	D3681.contig58_8	81	2.9e-07
HTH_23	PF13384.6	50	D3681.contig58_8	81	0.0003
HTH_31	PF13560.6	64	D3681.contig58_8	81	0.0009
HTH_28	PF13518.6	52	D3681.contig58_8	81	0.0045
Rota_NSP3	PF01665.16	299	D3681.contig58_10	63	0.0081
Lipase_GDSL_2	PF13472.6	179	D3681.contig59_2	960	4e-19
Lipase_GDSL	PF00657.22	200	D3681.contig59_2	960	1.3e-06
EAL	PF00563.20	238	D3681.contig60_1	727	1.1e-65
GGDEF	PF00990.21	161	D3681.contig60_1	727	1.9e-39
Cytidylate_kin2	PF13189.6	179	D3681.contig60_2	189	1.6e-41
AAA_18	PF13238.6	130	D3681.contig60_2	189	3.8e-07
Cytidylate_kin	PF02224.18	211	D3681.contig60_2	189	0.00032
DUF3592	PF12158.8	149	D3681.contig60_3	170	0.0015
HD_assoc	PF13286.6	92	D3681.contig60_4	338	8.4e-25
HD	PF01966.22	122	D3681.contig60_4	338	6.2e-18
zf-CHC2	PF01807.20	98	D3681.contig60_5	94	1.9e-38
Amidase_2	PF01510.25	126	D3681.contig61_1	268	5.9e-28
CW_binding_1	PF01473.20	19	D3681.contig61_1	268	0.081
TAF4	PF05236.14	277	D3681.contig61_2	77	0.011
YjeJ	PF15922.5	283	D3681.contig61_2	77	0.029
HTH_26	PF13443.6	63	D3681.contig61_3	69	3e-12
HTH_3	PF01381.22	55	D3681.contig61_3	69	0.036
Phage_integrase	PF00589.22	172	D3681.contig61_4	435	3.3e-26
Phage_int_SAM_3	PF14659.6	58	D3681.contig61_4	435	4e-12
Phage_int_SAM_5	PF13102.6	99	D3681.contig61_4	435	0.00061
Lactamase_B	PF00753.27	197	D3681.contig61_5	360	2.9e-12
Lactamase_B_2	PF12706.7	201	D3681.contig61_5	360	7.6e-05
Ada_Zn_binding	PF02805.16	65	D3681.contig61_6	160	0.00045
EAL	PF00563.20	238	D3681.contig62_1	642	1.6e-52
MacB_PCD	PF12704.7	195	D3681.contig62_2	443	4.8e-29
FtsX	PF02687.21	96	D3681.contig62_2	443	2e-14
ABC_tran	PF00005.27	137	D3681.contig62_3	227	1.3e-32
SMC_N	PF02463.19	220	D3681.contig62_3	227	7.2e-08
AAA_29	PF13555.6	61	D3681.contig62_3	227	0.00019
AAA_16	PF13191.6	170	D3681.contig62_3	227	0.00034
RsgA_GTPase	PF03193.16	167	D3681.contig62_3	227	0.0031
Phage_tail_3	PF08813.11	165	D3681.contig62_4	142	0.027
Phage_holin_4_1	PF05105.12	114	D3681.contig63_3	165	8.5e-34
CHAP	PF05257.16	83	D3681.contig63_4	282	1.2e-08
Cas_Cas7	PF05107.12	252	D3681.contig63_5	294	1.1e-65
Vps8	PF12816.7	198	D3681.contig63_5	294	0.0013
Inhibitor_I66	PF16850.5	146	D3681.contig63_7	131	0.056
CdiI_2	PF18593.1	91	D3681.contig64_1	103	0.059
YopX	PF09643.10	131	D3681.contig64_2	137	7e-17
DUF3850	PF12961.7	77	D3681.contig64_4	202	5.8e-30
DUF1642	PF07852.11	138	D3681.contig64_4	202	1.2e-13
ASCH	PF04266.14	107	D3681.contig64_4	202	6.4e-08
TRAF_BIRC3_bd	PF16673.5	64	D3681.contig64_5	162	0.0091
DUF1533	PF07550.11	60	D3681.contig64_6	61	0.0062
HTH_38	PF13936.6	44	D3681.contig64_9	156	0.0035
DUF1451	PF07295.11	147	D3681.contig64_11	46	3.9e-11
Zn-ribbon_8	PF09723.10	40	D3681.contig64_11	46	0.00031
A2L_zn_ribbon	PF08792.10	33	D3681.contig64_11	46	0.0055
Phage_integrase	PF00589.22	172	D3681.contig65_2	358	5.9e-29
Phage_int_SAM_3	PF14659.6	58	D3681.contig65_2	358	9.7e-11
Phage_int_SAM_5	PF13102.6	99	D3681.contig65_2	358	1.2e-05
Herpes_UL14	PF03580.14	146	D3681.contig65_3	116	0.062
Peptidase_M78	PF06114.13	123	D3681.contig65_4	92	0.00025
HTH_3	PF01381.22	55	D3681.contig65_5	126	1.9e-06
HTH_26	PF13443.6	63	D3681.contig65_5	126	2.2e-06
BetR	PF08667.10	148	D3681.contig65_5	126	0.00084
HTH_19	PF12844.7	65	D3681.contig65_5	126	0.0013
HTH_3	PF01381.22	55	D3681.contig65_6	63	3.4e-09
HTH_31	PF13560.6	64	D3681.contig65_6	63	3.3e-07
HTH_19	PF12844.7	65	D3681.contig65_6	63	0.00047
HTH_26	PF13443.6	63	D3681.contig65_7	83	1.8e-07
HTH_31	PF13560.6	64	D3681.contig65_7	83	0.0048
HTH_17	PF12728.7	51	D3681.contig65_9	65	1.2e-09
MerR_1	PF13411.6	69	D3681.contig65_9	65	0.00094
NinB	PF05772.12	131	D3681.contig66_2	184	0.0007
HNH	PF01844.23	47	D3681.contig66_3	91	1.5e-09
HNH_5	PF14279.6	56	D3681.contig66_3	91	3.7e-05
Cytochrom_NNT	PF03264.14	174	D3681.contig66_3	91	0.0073
Phg_2220_C	PF09524.10	74	D3681.contig66_4	288	3.4e-29
HTH_3	PF01381.22	55	D3681.contig66_6	79	2.8e-06
HTH_19	PF12844.7	65	D3681.contig66_6	79	0.0027
HTH_31	PF13560.6	64	D3681.contig66_6	79	0.0063
HTH_Crp_2	PF13545.6	68	D3681.contig66_6	79	0.0099
SSB	PF00436.25	104	D3681.contig66_7	131	3.8e-32
Death	PF00531.22	86	D3681.contig66_8	128	0.032
Methyltransf_11	PF08241.12	96	D3681.contig66_9	152	1.1e-06
Methyltransf_25	PF13649.6	97	D3681.contig66_9	152	0.00033
Rep_3	PF01051.21	222	D3681.contig67_1	241	4e-49
Mob_Pre	PF01076.19	196	D3681.contig67_3	444	1.7e-64
BLOC1_2	PF10046.9	96	D3681.contig67_3	444	0.017
BRE1	PF08647.11	95	D3681.contig67_3	444	0.019
MFS_1	PF07690.16	353	D3681.contig68_1	158	2.1e-08
MFS_1	PF07690.16	353	D3681.contig68_2	234	1.8e-11
SH3_2	PF07653.17	57	D3681.contig68_3	288	8.4e-07
SH3_1	PF00018.28	48	D3681.contig68_3	288	1.3e-06
SH3_9	PF14604.6	49	D3681.contig68_3	288	0.0014
Mu-like_Pro	PF10123.9	325	D3681.contig69_1	388	9.2e-11
DUF2213	PF09979.9	168	D3681.contig69_1	388	8e-05
Mu-like_gpT	PF10124.9	289	D3681.contig69_3	285	6e-33
Mu-like_gpT	PF10124.9	289	D3681.contig69_3	285	6e-33
Mu-like_gpT	PF10124.9	289	D3681.contig69_3	285	6e-33
Phage_tail_S	PF05069.13	148	D3681.contig69_5	139	3.7e-05
ABC_membrane	PF00664.23	274	D3681.contig70_1	645	1.6e-42
ABC_tran	PF00005.27	137	D3681.contig70_1	645	5.6e-30
SMC_N	PF02463.19	220	D3681.contig70_1	645	0.00031
AAA_30	PF13604.6	192	D3681.contig70_1	645	0.00069
ABC_membrane	PF00664.23	274	D3681.contig70_2	583	1.5e-41
ABC_tran	PF00005.27	137	D3681.contig70_2	583	1.6e-31
Relaxase	PF03432.14	242	D3681.contig71_1	370	2.6e-38
MobC	PF05713.11	45	D3681.contig71_2	107	1.7e-12
Spectrin	PF00435.21	105	D3681.contig71_2	107	0.0031
ParD	PF09386.10	80	D3681.contig71_2	107	0.013
efb-c	PF12199.8	65	D3681.contig71_3	54	0.038
Peripla_BP_3	PF13377.6	166	D3681.contig72_1	336	3.7e-24
LacI	PF00356.21	46	D3681.contig72_1	336	2.7e-17
Peripla_BP_1	PF00532.21	279	D3681.contig72_1	336	1.5e-11
Peripla_BP_4	PF13407.6	258	D3681.contig72_1	336	8.3e-07
HTH_3	PF01381.22	55	D3681.contig72_1	336	2.1e-06
HTH_24	PF13412.6	48	D3681.contig72_1	336	0.00015
HTH_17	PF12728.7	51	D3681.contig72_1	336	0.00095
HTH_10	PF04967.12	53	D3681.contig72_1	336	0.00095
HTH_11	PF08279.12	55	D3681.contig72_1	336	0.0013
HTH_Tnp_ISL3	PF13542.6	52	D3681.contig72_1	336	0.002
Peripla_BP_6	PF13458.6	342	D3681.contig72_1	336	0.0023
Glyco_hydro_42	PF02449.15	374	D3681.contig72_2	667	3.3e-74
Glyco_hydro_42M	PF08532.10	207	D3681.contig72_2	667	2.1e-34
Glyco_hydro_42C	PF08533.10	58	D3681.contig72_2	667	5.8e-07
Cellulase	PF00150.18	281	D3681.contig72_2	667	0.00012
Phage_prot_Gp6	PF05133.14	420	D3681.contig73_4	485	1.2e-67
zf-ribbon_3	PF13248.6	26	D3681.contig74_1	144	7.6e-06
DZR	PF12773.7	49	D3681.contig74_1	144	0.0022
LPAM_1	PF08139.12	18	D3681.contig74_2	119	0.0023
Big_2	PF02368.18	79	D3681.contig74_5	391	2.7e-09
DUF4128	PF13554.6	128	D3681.contig74_6	131	1.5e-12
CPBP	PF02517.16	92	D3681.contig75_1	230	8.1e-16
Trp_repressor	PF01371.19	88	D3681.contig75_2	99	2.8e-31
HTH_38	PF13936.6	44	D3681.contig75_2	99	1.9e-06
HTH_23	PF13384.6	50	D3681.contig75_2	99	0.00022
DUF1836	PF08876.11	105	D3681.contig75_3	206	1.1e-35
UvrD-helicase	PF00580.21	315	D3681.contig75_4	514	5.2e-82
UvrD_C	PF13361.6	349	D3681.contig75_4	514	6.2e-38
AAA_19	PF13245.6	146	D3681.contig75_4	514	5.6e-36
AAA_30	PF13604.6	192	D3681.contig75_4	514	4.1e-09
BppU_N	PF10651.9	148	D3681.contig76_3	354	1.1e-13
Tmemb_cc2	PF10267.9	401	D3681.contig76_3	354	0.0039
Alanine_zipper	PF11839.8	69	D3681.contig76_4	144	2.1e-05
Mtd_N	PF18454.1	37	D3681.contig76_4	144	0.003
SICA_beta	PF12878.7	169	D3681.contig76_4	144	0.037
Glyco_hydro_99	PF16317.5	342	D3681.contig76_5	432	0.00025
SmpB	PF01668.18	144	D3681.contig77_1	156	1.3e-61
DUF249	PF03158.13	192	D3681.contig77_2	200	0.0056
Response_reg	PF00072.24	112	D3681.contig77_3	229	1.2e-29
Trans_reg_C	PF00486.28	77	D3681.contig77_3	229	1.9e-26
OKR_DC_1_N	PF03709.15	111	D3681.contig77_3	229	0.0011
HisKA	PF00512.25	67	D3681.contig77_4	328	4.3e-09
HAMP	PF00672.25	53	D3681.contig77_4	328	2.3e-06
Spore_III_AB	PF09548.10	170	D3681.contig77_4	328	0.0072
VRR_NUC	PF08774.11	108	D3681.contig78_2	111	9.8e-05
SNF2_N	PF00176.23	350	D3681.contig78_3	458	2.8e-19
ResIII	PF04851.15	171	D3681.contig78_3	458	1.9e-10
DEAD	PF00270.29	176	D3681.contig78_3	458	1.8e-07
Helicase_C	PF00271.31	111	D3681.contig78_3	458	0.00019
Helicase_RecD	PF05127.14	177	D3681.contig78_3	458	0.012
DUF3310	PF11753.8	60	D3681.contig78_4	203	1.9e-22
FYVE	PF01363.21	68	D3681.contig78_4	203	1.5e-05
Zn-ribbon_8	PF09723.10	40	D3681.contig78_4	203	4.3e-05
HypA	PF01155.19	112	D3681.contig78_4	203	0.005
PhoU	PF01895.19	89	D3681.contig78_6	36	0.034
HigB-like_toxin	PF05015.13	93	D3681.contig79_2	193	0.037
RHH_1	PF01402.21	39	D3681.contig79_3	46	1.4e-05
SpoVIF	PF14069.6	72	D3681.contig79_3	46	0.0024
Rep_trans	PF02486.19	200	D3681.contig79_6	233	5e-11
SSB	PF00436.25	104	D3681.contig80_5	132	5.2e-24
HemeBinding_Shp	PF11545.8	152	D3681.contig80_5	132	0.00035
HTH_38	PF13936.6	44	D3681.contig80_6	115	0.0012
GcrA	PF07750.11	162	D3681.contig80_6	115	0.007
YadA_head	PF05658.14	27	D3681.contig80_7	273	3.2e-21
YadA_head	PF05658.14	27	D3681.contig80_7	273	3.2e-21
YadA_head	PF05658.14	27	D3681.contig80_7	273	3.2e-21
YadA_head	PF05658.14	27	D3681.contig80_7	273	3.2e-21
DUF4276	PF14103.6	184	D3681.contig81_3	145	0.058
Phage_integrase	PF00589.22	172	D3681.contig81_4	345	9.1e-31
Phage_int_SAM_4	PF13495.6	85	D3681.contig81_4	345	6.3e-12
Phage_int_SAM_1	PF02899.17	84	D3681.contig81_4	345	5.8e-05
Phage_int_SAM_5	PF13102.6	99	D3681.contig81_4	345	0.0015
HNH	PF01844.23	47	D3681.contig81_7	113	7.9e-13
HNH_4	PF13395.6	55	D3681.contig81_7	113	3.5e-06
HNH_5	PF14279.6	56	D3681.contig81_7	113	4.3e-05
VirE	PF05272.11	198	D3681.contig82_1	438	4.2e-69
VRR_NUC	PF08774.11	108	D3681.contig82_2	111	7.7e-05
SNF2_N	PF00176.23	350	D3681.contig82_3	338	4.3e-22
ResIII	PF04851.15	171	D3681.contig82_3	338	1.1e-09
DEAD	PF00270.29	176	D3681.contig82_3	338	4e-08
Helicase_RecD	PF05127.14	177	D3681.contig82_3	338	0.0029
DUF2800	PF10926.8	363	D3681.contig83_1	155	9.9e-35
YadA_head	PF05658.14	27	D3681.contig83_2	513	4.1e-19
YadA_head	PF05658.14	27	D3681.contig83_2	513	4.1e-19
YadA_head	PF05658.14	27	D3681.contig83_2	513	4.1e-19
YadA_head	PF05658.14	27	D3681.contig83_2	513	4.1e-19
YadA_head	PF05658.14	27	D3681.contig83_2	513	4.1e-19
YadA_stalk	PF05662.14	43	D3681.contig83_2	513	1.9e-09
YadA_anchor	PF03895.15	60	D3681.contig83_2	513	8.8e-09
Fib_alpha	PF08702.10	143	D3681.contig83_2	513	0.0067
DUF2815	PF10991.8	173	D3681.contig83_3	187	1.1e-48
