target	acc	tlen	query	qlen	evalue
Ead_Ea22	PF13935.6	139	D3451.contig1_4	149	5.1e-14
HTH_24	PF13412.6	48	D3451.contig1_7	95	1.1e-05
DUF1495	PF07381.11	90	D3451.contig1_7	95	4.1e-05
PheRS_DBD1	PF18552.1	59	D3451.contig1_7	95	6.3e-05
MarR_2	PF12802.7	62	D3451.contig1_7	95	0.00017
MarR	PF01047.22	59	D3451.contig1_7	95	0.0011
HTH_Crp_2	PF13545.6	68	D3451.contig1_7	95	0.0041
HTH_34	PF13601.6	80	D3451.contig1_7	95	0.0083
DnaB_C	PF03796.15	255	D3451.contig1_8	478	2.2e-58
DnaB	PF00772.21	103	D3451.contig1_8	478	5.4e-32
AAA_25	PF13481.6	194	D3451.contig1_8	478	8.3e-11
ATPase	PF06745.13	231	D3451.contig1_8	478	5.6e-06
Phage_rep_org_N	PF09681.10	121	D3451.contig1_9	300	0.002
DUF2740	PF10872.8	48	D3451.contig1_10	49	0.00067
SpoIIID	PF12116.8	82	D3451.contig1_10	49	0.0054
RST	PF12174.8	67	D3451.contig1_10	49	0.023
YdaT_toxin	PF06254.11	88	D3451.contig1_11	189	0.00034
YdaS_antitoxin	PF15943.5	65	D3451.contig1_12	76	4.6e-23
HTH_3	PF01381.22	55	D3451.contig1_12	76	1.5e-06
P22_Cro	PF14549.6	60	D3451.contig1_12	76	2.4e-06
HTH_37	PF13744.6	80	D3451.contig1_12	76	0.00031
HTH_31	PF13560.6	64	D3451.contig1_12	76	0.00036
HTH_23	PF13384.6	50	D3451.contig1_12	76	0.0038
Phage_CI_repr	PF07022.13	65	D3451.contig1_12	76	0.0052
HTH_3	PF01381.22	55	D3451.contig1_13	235	2e-10
HTH_31	PF13560.6	64	D3451.contig1_13	235	1.3e-06
Peptidase_S24	PF00717.23	70	D3451.contig1_13	235	2.5e-06
HTH_26	PF13443.6	63	D3451.contig1_13	235	3.5e-05
HTH_24	PF13412.6	48	D3451.contig1_13	235	9.7e-05
YdaS_antitoxin	PF15943.5	65	D3451.contig1_13	235	0.00025
HTH_19	PF12844.7	65	D3451.contig1_13	235	0.00034
HTH_37	PF13744.6	80	D3451.contig1_13	235	0.0011
Phage_CI_repr	PF07022.13	65	D3451.contig1_13	235	0.0012
TbpB_C	PF17483.2	99	D3451.contig1_15	83	0.092
TRAF_BIRC3_bd	PF16673.5	64	D3451.contig1_16	71	0.063
Slx4	PF09494.10	61	D3451.contig1_18	90	0.019
Lambda_Kil	PF06301.11	42	D3451.contig1_20	47	5.7e-16
Phage_Arf	PF17585.2	47	D3451.contig1_22	53	6.4e-11
AAA_24	PF13479.6	197	D3451.contig1_23	289	1.1e-32
SSB	PF00436.25	104	D3451.contig1_24	166	2.3e-41
DUF1317	PF07026.11	60	D3451.contig1_26	51	5.3e-14
DndB	PF14072.6	346	D3451.contig1_27	354	2.2e-51
Dam	PF05869.11	171	D3451.contig1_29	184	3.5e-58
DUF4406	PF14359.6	91	D3451.contig1_31	99	1.1e-32
DUF1937	PF09152.10	116	D3451.contig1_31	99	0.0012
DUF1382	PF07131.11	60	D3451.contig1_32	64	1.4e-31
zf-dskA_traR	PF01258.17	36	D3451.contig1_33	73	4.5e-11
DZR	PF12773.7	49	D3451.contig1_33	73	0.00069
DUF2591	PF10765.9	116	D3451.contig1_35	123	1e-10
DUF4222	PF13973.6	53	D3451.contig1_36	80	1.2e-15
DUF550	PF04447.12	97	D3451.contig1_37	109	1.6e-44
Phage_integrase	PF00589.22	172	D3451.contig1_39	394	9.5e-21
Arm-DNA-bind_3	PF13356.6	74	D3451.contig1_39	394	1.4e-15
DinI	PF06183.13	63	D3451.contig1_40	73	4.6e-23
Arb2	PF09757.9	259	D3451.contig1_40	73	0.07
Peptidase_S74	PF13884.6	58	D3451.contig1_41	390	3e-12
PAXX	PF15384.6	194	D3451.contig1_43	224	0.093
Phage-tail_3	PF13550.6	164	D3451.contig1_45	1056	1.2e-32
DUF1983	PF09327.11	81	D3451.contig1_45	1056	3.1e-16
Lambda_tail_I	PF06805.12	86	D3451.contig1_46	176	5.7e-07
ThiS	PF02597.20	77	D3451.contig1_46	176	0.039
NLPC_P60	PF00877.19	105	D3451.contig1_47	240	2.5e-11
Prok-JAB	PF14464.6	118	D3451.contig1_47	240	1.3e-05
DUF1175	PF06672.11	222	D3451.contig1_47	240	0.0042
Phage_tail_L	PF05100.12	206	D3451.contig1_48	235	1.2e-72
Phage_min_tail	PF05939.13	108	D3451.contig1_49	118	7.3e-36
Phage_HK97_TLTM	PF06120.11	288	D3451.contig1_50	1141	6.5e-18
Big_2	PF02368.18	79	D3451.contig1_53	248	3.1e-08
DUF2511	PF10709.9	87	D3451.contig1_55	123	0.0065
DUF2213	PF09979.9	168	D3451.contig1_62	462	3.1e-06
Phage_Mu_F	PF04233.14	112	D3451.contig1_63	301	1.4e-10
DUF1073	PF06381.11	357	D3451.contig1_64	487	4.9e-17
HTH_38	PF13936.6	44	D3451.contig1_66	172	0.012
HTH_psq	PF05225.16	45	D3451.contig1_66	172	0.014
Tmemb_161AB	PF10268.9	475	D3451.contig1_68	86	0.08
KilA-N	PF04383.13	112	D3451.contig1_69	166	6.4e-16
ORF11CD3	PF10549.9	53	D3451.contig1_69	166	1.5e-15
DUF2570	PF10828.8	108	D3451.contig1_70	129	0.00049
Phage_lysozyme	PF00959.19	109	D3451.contig1_71	147	5.4e-24
Phage_holin_3_1	PF05106.12	99	D3451.contig1_72	114	1.3e-30
Phage_holin_3_3	PF16083.5	78	D3451.contig1_72	114	0.00038
P22_AR_N	PF10547.9	114	D3451.contig1_73	325	1.9e-46
Arc	PF03869.14	50	D3451.contig1_75	120	2.1e-19
HicB	PF05534.12	51	D3451.contig1_75	120	0.0095
Phage_antitermQ	PF06530.12	118	D3451.contig1_76	130	2.4e-48
DUF1133	PF06576.11	176	D3451.contig1_76	130	0.018
RusA	PF05866.11	124	D3451.contig1_78	121	3.1e-22
Lipase_chap	PF03280.14	193	D3451.contig1_78	121	0.0066
DUF1364	PF07102.12	92	D3451.contig1_79	97	1.2e-41
DUF968	PF06147.11	200	D3451.contig1_79	97	0.012
NinE	PF05322.11	58	D3451.contig1_80	57	4.7e-07
R2K_3	PF14243.6	202	D3451.contig1_82	85	0.15
DUF551	PF04448.12	69	D3451.contig1_83	150	3.6e-16
HTH_3	PF01381.22	55	D3451.contig2_2	160	1e-11
HTH_31	PF13560.6	64	D3451.contig2_2	160	2.2e-07
HTH_19	PF12844.7	65	D3451.contig2_2	160	1.1e-06
HTH_37	PF13744.6	80	D3451.contig2_2	160	2.5e-05
HTH_3	PF01381.22	55	D3451.contig2_3	73	3.1e-11
HTH_19	PF12844.7	65	D3451.contig2_3	73	7.3e-08
HTH_31	PF13560.6	64	D3451.contig2_3	73	5.9e-06
BetR	PF08667.10	148	D3451.contig2_3	73	0.00025
MerR	PF00376.23	38	D3451.contig2_3	73	0.0016
Phage_CI_repr	PF07022.13	65	D3451.contig2_3	73	0.0079
HTH_26	PF13443.6	63	D3451.contig2_3	73	0.01
DUF551	PF04448.12	69	D3451.contig2_4	71	1.7e-14
PBECR2	PF18810.1	119	D3451.contig2_6	136	0.058
DUF3216	PF11505.8	91	D3451.contig2_10	47	0.075
CEBP_ZZ	PF16366.5	61	D3451.contig2_11	121	0.083
Takusan	PF04822.13	85	D3451.contig2_12	98	0.00075
ZapB	PF06005.12	71	D3451.contig2_12	98	0.00076
GAS	PF13851.6	200	D3451.contig2_12	98	0.0012
CENP-F_leu_zip	PF10473.9	140	D3451.contig2_12	98	0.0018
APG6_N	PF17675.1	133	D3451.contig2_12	98	0.0029
Filament	PF00038.21	312	D3451.contig2_12	98	0.0038
Csm1_N	PF18504.1	70	D3451.contig2_12	98	0.006
zf-CCHC_3	PF13917.6	41	D3451.contig2_15	61	0.016
ribosomal_L24	PF17136.4	65	D3451.contig2_17	110	0.013
zinc_ribbon_2	PF13240.6	23	D3451.contig2_17	110	0.014
DUF2373	PF10180.9	63	D3451.contig2_18	144	0.055
Lar_restr_allev	PF14354.6	62	D3451.contig2_19	96	2.8e-10
TF_Zn_Ribbon	PF08271.12	43	D3451.contig2_19	96	0.0053
Zn_Tnp_IS1595	PF12760.7	46	D3451.contig2_19	96	0.0096
DUF684	PF05075.14	338	D3451.contig2_21	111	0.03
DUF927	PF06048.11	287	D3451.contig2_22	615	7.6e-40
HTH_56	PF18662.1	111	D3451.contig2_22	615	4.8e-14
zf-CHC2	PF01807.20	98	D3451.contig2_23	191	8.8e-15
ERCC4	PF02732.15	156	D3451.contig2_24	172	5.7e-07
AAA_24	PF13479.6	197	D3451.contig2_26	212	2.5e-08
AAA_22	PF13401.6	137	D3451.contig2_26	212	0.00018
Viral_helicase1	PF01443.18	234	D3451.contig2_26	212	0.0014
AAA_16	PF13191.6	170	D3451.contig2_26	212	0.0033
DUF1180	PF06679.12	169	D3451.contig2_29	75	0.13
HTH_17	PF12728.7	51	D3451.contig2_31	65	3.9e-09
Tn916-Xis	PF09035.10	69	D3451.contig2_31	65	9e-05
Phage_AlpA	PF05930.12	51	D3451.contig2_31	65	0.0028
RIC1	PF07064.13	252	D3451.contig2_31	65	0.0052
WXG100	PF06013.12	86	D3451.contig2_32	89	0.098
HTH_3	PF01381.22	55	D3451.contig2_35	123	1.5e-10
HTH_19	PF12844.7	65	D3451.contig2_35	123	7.1e-08
HTH_31	PF13560.6	64	D3451.contig2_35	123	1.2e-06
HTH_26	PF13443.6	63	D3451.contig2_35	123	1.5e-06
Phage_CI_repr	PF07022.13	65	D3451.contig2_35	123	0.0012
YdaS_antitoxin	PF15943.5	65	D3451.contig2_35	123	0.0076
DUF4574	PF15141.6	84	D3451.contig2_36	45	0.019
Phage_integrase	PF00589.22	172	D3451.contig2_38	390	6.1e-30
Phage_int_SAM_3	PF14659.6	58	D3451.contig2_38	390	6.5e-14
Integrase_1	PF12835.7	149	D3451.contig2_38	390	3.3e-06
Phage_int_SAM_5	PF13102.6	99	D3451.contig2_38	390	0.0002
Arm-DNA-bind_4	PF14657.6	46	D3451.contig2_38	390	0.0055
TFX_C	PF14601.6	83	D3451.contig2_40	132	0.1
DUF1192	PF06698.11	58	D3451.contig2_42	162	0.073
Phage_holin_5_2	PF16079.5	75	D3451.contig2_46	91	2.4e-23
Phage_holin_5_1	PF06946.11	93	D3451.contig2_46	91	0.0017
DUF4406	PF14359.6	91	D3451.contig2_47	99	4.5e-05
Amidase_3	PF01520.18	175	D3451.contig2_48	450	9e-38
NAGPA	PF09992.9	170	D3451.contig2_48	450	1e-09
Phage_XkdX	PF09693.10	40	D3451.contig2_49	50	0.082
Collagen	PF01391.18	60	D3451.contig2_51	219	0.023
Prot_ATP_OB_N	PF17758.1	62	D3451.contig2_54	236	0.019
AAA_13	PF13166.6	713	D3451.contig2_62	860	0.00029
ERM	PF00769.19	246	D3451.contig2_62	860	0.0016
FliJ	PF02050.16	123	D3451.contig2_62	860	0.0019
tRNA_anti-like	PF12869.7	161	D3451.contig2_63	279	1.2e-21
Phage_Gp15	PF06854.11	170	D3451.contig2_64	191	3.2e-16
Minor_capsid_2	PF11114.8	114	D3451.contig2_68	137	3.9e-15
MU2_FHA	PF18221.1	94	D3451.contig2_71	118	0.047
Phage_capsid	PF05065.13	280	D3451.contig2_72	324	4.2e-31
DegV	PF02645.16	280	D3451.contig2_73	167	0.0015
Phage_min_cap2	PF06152.11	367	D3451.contig2_74	389	1.9e-90
Phage_prot_Gp6	PF05133.14	420	D3451.contig2_75	474	4.1e-16
Terminase_6	PF03237.15	215	D3451.contig2_76	393	2.4e-09
Terminase_6C	PF17289.2	155	D3451.contig2_76	393	1.1e-06
Terminase_3	PF04466.13	201	D3451.contig2_76	393	5.7e-05
HTH_28	PF13518.6	52	D3451.contig2_77	140	0.00023
HTH_23	PF13384.6	50	D3451.contig2_77	140	0.0043
HTH_Tnp_ISL3	PF13542.6	52	D3451.contig2_77	140	0.0067
Terminase_GpA	PF05876.12	558	D3451.contig3_2	548	2.1e-126
Lar_restr_allev	PF14354.6	62	D3451.contig3_2	548	0.005
Zn_Tnp_IS1595	PF12760.7	46	D3451.contig3_2	548	0.0067
Phage_portal_2	PF05136.13	362	D3451.contig3_4	494	1.3e-90
Mu-like_gpT	PF10124.9	289	D3451.contig3_5	629	2.1e-13
Mu-like_gpT	PF10124.9	289	D3451.contig3_5	629	2.1e-13
Peptidase_S78	PF04586.17	163	D3451.contig3_5	629	7.4e-11
DUF2190	PF09956.9	102	D3451.contig3_6	113	3.6e-16
Gifsy-2	PF13856.6	99	D3451.contig3_7	102	0.0034
Phage_attach	PF05354.11	117	D3451.contig3_7	102	0.028
DUF5551	PF17705.1	155	D3451.contig3_11	93	0.095
Tape_meas_lam_C	PF09718.10	76	D3451.contig3_13	1065	6.6e-07
Phage_min_tail	PF05939.13	108	D3451.contig3_14	111	0.0012
Phage_tail_L	PF05100.12	206	D3451.contig3_15	202	1.7e-11
Phage_tail_L	PF05100.12	206	D3451.contig3_15	202	1.7e-11
DUF1833	PF08875.11	150	D3451.contig3_15	202	1.5e-06
Phage_BR0599	PF09356.10	80	D3451.contig3_15	202	0.006
DUF3473	PF11959.8	130	D3451.contig3_15	202	0.016
NLPC_P60	PF00877.19	105	D3451.contig3_16	113	1.7e-11
Phage-tail_3	PF13550.6	164	D3451.contig3_17	1518	2e-10
fn3	PF00041.21	85	D3451.contig3_17	1518	1.4e-08
Gp58	PF07902.11	594	D3451.contig3_17	1518	7.6e-07
DUF4355	PF14265.6	125	D3451.contig3_20	151	0.01
Epiglycanin_C	PF14654.6	102	D3451.contig3_21	125	0.02
Amidase_2	PF01510.25	126	D3451.contig3_22	181	7.4e-13
HTH_17	PF12728.7	51	D3451.contig3_25	171	0.029
Phage_integrase	PF00589.22	172	D3451.contig3_27	366	3.9e-16
Arm-DNA-bind_4	PF14657.6	46	D3451.contig3_27	366	0.0062
HTH_3	PF01381.22	55	D3451.contig3_29	310	6.6e-19
HTH_3	PF01381.22	55	D3451.contig3_29	310	6.6e-19
HTH_19	PF12844.7	65	D3451.contig3_29	310	1.4e-14
HTH_31	PF13560.6	64	D3451.contig3_29	310	3.1e-10
Peptidase_S24	PF00717.23	70	D3451.contig3_29	310	4.8e-10
Phage_CI_repr	PF07022.13	65	D3451.contig3_29	310	0.0044
HTH_3	PF01381.22	55	D3451.contig3_30	72	2.4e-11
HTH_31	PF13560.6	64	D3451.contig3_30	72	7.5e-09
HTH_19	PF12844.7	65	D3451.contig3_30	72	5.2e-07
HTH_25	PF13413.6	62	D3451.contig3_30	72	3.1e-05
HTH_37	PF13744.6	80	D3451.contig3_30	72	0.00079
HTH_26	PF13443.6	63	D3451.contig3_30	72	0.0041
HTH_17	PF12728.7	51	D3451.contig3_32	80	0.0053
DEAD	PF00270.29	176	D3451.contig3_36	459	2.4e-05
SNF2_N	PF00176.23	350	D3451.contig3_36	459	0.00034
Helicase_C	PF00271.31	111	D3451.contig3_36	459	0.00063
AAA_30	PF13604.6	192	D3451.contig3_36	459	0.0085
DUF4406	PF14359.6	91	D3451.contig3_37	161	3e-09
N6_N4_Mtase	PF01555.18	231	D3451.contig3_38	322	1e-21
DUF2800	PF10926.8	363	D3451.contig3_40	395	9e-139
PDDEXK_1	PF12705.7	255	D3451.contig3_40	395	5.2e-09
DUF2815	PF10991.8	173	D3451.contig3_41	241	6e-43
DNA_pol_A	PF00476.20	376	D3451.contig3_42	655	2.3e-20
RNase_H_2	PF13482.6	166	D3451.contig3_42	655	0.0067
VirE	PF05272.11	198	D3451.contig3_43	825	1.4e-68
AAA_16	PF13191.6	170	D3451.contig3_43	825	0.016
VRR_NUC	PF08774.11	108	D3451.contig3_44	99	0.00042
SNF2_N	PF00176.23	350	D3451.contig3_45	461	6.4e-20
Helicase_C	PF00271.31	111	D3451.contig3_45	461	7.7e-07
DEAD	PF00270.29	176	D3451.contig3_45	461	5.2e-06
ResIII	PF04851.15	171	D3451.contig3_45	461	6.4e-06
DUF3310	PF11753.8	60	D3451.contig3_46	182	9.7e-23
Vac14_Fab1_bd	PF12755.7	97	D3451.contig3_47	85	0.028
DUF1492	PF07374.11	100	D3451.contig3_49	129	2.5e-07
Sigma70_r4	PF04545.16	50	D3451.contig3_49	129	4.1e-05
Sigma70_r4_2	PF08281.12	54	D3451.contig3_49	129	0.00043
PspA_IM30	PF04012.12	221	D3451.contig4_7	225	3.6e-07
SCRL	PF06876.12	67	D3451.contig4_11	105	0.038
NAPRTase	PF04095.16	241	D3451.contig4_14	599	5.1e-31
DUF5598	PF18127.1	98	D3451.contig4_14	599	9.1e-07
Pribosyltran	PF00156.27	159	D3451.contig4_15	327	0.00063
Pribosyl_synth	PF14572.6	184	D3451.contig4_15	327	0.05
NIR_SIR_ferr	PF03460.17	69	D3451.contig4_16	72	0.066
Macro	PF01661.21	118	D3451.contig4_17	176	2.1e-07
T4_Rnl2_C	PF18043.1	82	D3451.contig4_18	381	2.4e-16
RNA_ligase	PF09414.10	161	D3451.contig4_18	381	4.4e-16
Metallophos	PF00149.28	204	D3451.contig4_22	205	0.00015
Metallophos_2	PF12850.7	165	D3451.contig4_22	205	0.00019
Suppressor_P21	PF11479.8	80	D3451.contig4_24	78	0.023
AAA_33	PF13671.6	143	D3451.contig4_26	144	3.9e-06
Zeta_toxin	PF06414.12	199	D3451.contig4_26	144	0.0003
AAA_16	PF13191.6	170	D3451.contig4_26	144	0.011
LOR	PF04525.12	187	D3451.contig4_27	307	0.0036
OppC_N	PF12911.7	51	D3451.contig4_34	93	0.031
F_actin_bind	PF08919.10	110	D3451.contig4_36	53	0.12
RNA_pol_A_bac	PF01000.26	112	D3451.contig4_37	95	0.023
UvrD_C	PF13361.6	349	D3451.contig4_39	604	3.6e-11
UvrD-helicase	PF00580.21	315	D3451.contig4_39	604	7.3e-10
UvrD_C_2	PF13538.6	52	D3451.contig4_39	604	8.7e-10
AAA_19	PF13245.6	146	D3451.contig4_39	604	1.5e-09
AAA_30	PF13604.6	192	D3451.contig4_39	604	3.3e-07
DNA_ligase_A_M	PF01068.21	204	D3451.contig4_41	356	6.6e-06
DNA_ligase_OB_2	PF14743.6	66	D3451.contig4_41	356	0.00091
TOPRIM_C	PF16898.5	128	D3451.contig4_42	98	0.0066
CAP59_mtransfer	PF11735.8	241	D3451.contig4_42	98	0.036
DUF4599	PF15371.6	88	D3451.contig4_44	91	0.046
DHFR_1	PF00186.19	161	D3451.contig4_45	175	2.5e-35
Thymidylat_synt	PF00303.19	268	D3451.contig4_47	330	2.1e-98
DUF1381	PF07129.11	44	D3451.contig4_51	54	0.05
OSCP	PF00213.18	172	D3451.contig4_55	186	0.00049
Ribonuc_red_lgC	PF02867.15	524	D3451.contig4_59	977	4.7e-58
Ribonuc_red_lgC	PF02867.15	524	D3451.contig4_59	977	4.7e-58
Ribonuc_red_lgC	PF02867.15	524	D3451.contig4_59	977	4.7e-58
Ribonuc_red_sm	PF00268.21	279	D3451.contig4_59	977	5.6e-27
Ribonuc_red_lgN	PF00317.21	83	D3451.contig4_59	977	6.3e-05
RNase_H_2	PF13482.6	166	D3451.contig4_62	323	2e-10
RNase_T	PF00929.24	165	D3451.contig4_62	323	7e-05
Zn_Tnp_IS1595	PF12760.7	46	D3451.contig4_62	323	7.5e-05
Sigma70_r4_2	PF08281.12	54	D3451.contig4_62	323	0.00025
HTH_23	PF13384.6	50	D3451.contig4_62	323	0.0018
Cytochrome_C7	PF14522.6	73	D3451.contig4_63	205	0.00043
zf-AD	PF07776.15	76	D3451.contig4_63	205	0.013
5_3_exonuc_N	PF02739.16	159	D3451.contig4_65	413	2.1e-05
DUF4165	PF13752.6	119	D3451.contig4_65	413	0.043
CTU2	PF10288.9	112	D3451.contig4_68	83	0.034
DUF4364	PF14277.6	162	D3451.contig5_1	231	0.01
SpecificRecomb	PF10136.9	641	D3451.contig5_1	231	0.017
YAcAr	PF10686.9	67	D3451.contig5_2	132	4.8e-06
DNA_processg_A	PF02481.15	210	D3451.contig5_2	132	0.057
TusA	PF01206.17	70	D3451.contig5_3	159	0.018
MSP1_C	PF07462.11	553	D3451.contig5_7	109	0.0028
Spc7	PF08317.11	310	D3451.contig5_7	109	0.0039
FapA	PF03961.13	454	D3451.contig5_7	109	0.0046
Phage_lysozyme	PF00959.19	109	D3451.contig5_8	206	1.3e-25
DsbB	PF02600.16	147	D3451.contig5_11	105	0.021
Nitrate_red_gam	PF02665.14	219	D3451.contig5_12	134	0.019
DUF2612	PF11041.8	181	D3451.contig5_15	210	8.3e-23
UDPG_MGDP_dh	PF00984.19	94	D3451.contig5_15	210	0.021
DUF2634	PF10934.8	105	D3451.contig5_17	125	0.013
Gp138_N	PF18352.1	98	D3451.contig5_18	257	8.3e-11
Phage_spike	PF18715.1	54	D3451.contig5_18	257	0.00025
Myosin_head	PF00063.21	677	D3451.contig5_22	672	0.0011
Cas9_PI2	PF18070.1	59	D3451.contig5_24	150	0.0011
DUF3277	PF11681.8	144	D3451.contig5_26	178	0.0046
MBG	PF17883.1	94	D3451.contig5_26	178	0.052
DUF3383	PF11863.8	478	D3451.contig5_27	355	3.4e-25
DUF3383	PF11863.8	478	D3451.contig5_27	355	3.4e-25
SdiA-regulated	PF06977.11	249	D3451.contig5_27	355	0.015
DUF1983	PF09327.11	81	D3451.contig5_34	1548	3.6e-09
ILEI	PF15711.5	89	D3451.contig5_34	1548	3.8e-06
Collagen_mid	PF15984.5	199	D3451.contig5_34	1548	1.9
Phage_cap_E	PF03864.15	333	D3451.contig5_35	361	1.1e-14
Peptidase_S49	PF01343.18	154	D3451.contig5_37	455	7.2e-27
TMF_TATA_bd	PF12325.8	115	D3451.contig5_37	455	0.00014
CENP-F_leu_zip	PF10473.9	140	D3451.contig5_37	455	0.00025
AAA_13	PF13166.6	713	D3451.contig5_37	455	0.00072
KASH_CCD	PF14662.6	191	D3451.contig5_37	455	0.002
DUF935	PF06074.12	520	D3451.contig5_38	497	2.3e-05
DUF935	PF06074.12	520	D3451.contig5_38	497	2.3e-05
Terminase_6	PF03237.15	215	D3451.contig5_39	506	4.6e-31
Terminase_3	PF04466.13	201	D3451.contig5_39	506	2.3e-14
Terminase_6C	PF17289.2	155	D3451.contig5_39	506	3.8e-11
PhoH	PF02562.16	205	D3451.contig5_39	506	0.0011
I_LWEQ	PF01608.17	153	D3451.contig5_40	122	0.035
Thioredoxin	PF00085.20	103	D3451.contig5_41	87	7e-13
Thioredoxin_2	PF13098.6	109	D3451.contig5_41	87	1.3e-08
Thioredoxin_8	PF13905.6	95	D3451.contig5_41	87	1.9e-07
OST3_OST6	PF04756.13	293	D3451.contig5_41	87	8e-05
Glutaredoxin	PF00462.24	60	D3451.contig5_41	87	0.00036
Thioredoxin_7	PF13899.6	83	D3451.contig5_41	87	0.0017
Thioredoxin_3	PF13192.6	76	D3451.contig5_41	87	0.0036
Cpn10	PF00166.21	93	D3451.contig5_43	105	2e-09
Endonuclease_7	PF02945.15	82	D3451.contig5_44	160	1.6e-16
GPS2_interact	PF15784.5	89	D3451.contig5_45	81	0.0068
Zwint	PF15556.6	252	D3451.contig5_45	81	0.037
Flagellin_N	PF00669.20	139	D3451.contig6_1	97	0.023
Terminase_3	PF04466.13	201	D3451.contig6_2	478	1.7e-05
Terminase_1	PF03354.15	468	D3451.contig6_2	478	0.0018
Helicase_RecD	PF05127.14	177	D3451.contig6_2	478	0.0033
AAA_22	PF13401.6	137	D3451.contig6_2	478	0.0047
Terminase_6	PF03237.15	215	D3451.contig6_2	478	0.011
Phage_prot_Gp6	PF05133.14	420	D3451.contig6_3	508	6.9e-26
CdiA_C	PF18451.1	81	D3451.contig6_4	387	8.3e-16
DUF4355	PF14265.6	125	D3451.contig6_5	178	0.012
PspA_IM30	PF04012.12	221	D3451.contig6_5	178	0.015
Phage_capsid	PF05065.13	280	D3451.contig6_6	302	1.8e-14
Phage_head_fibr	PF11133.8	277	D3451.contig6_7	105	1.2e-06
Phage_Gp19	PF09355.10	116	D3451.contig6_8	151	3.9e-12
DUF5361	PF17318.2	87	D3451.contig6_14	131	5.6e-06
Baculo_PEP_C	PF04513.12	140	D3451.contig6_15	1022	7.8e-12
Baculo_PEP_C	PF04513.12	140	D3451.contig6_15	1022	7.8e-12
Sipho_tail	PF05709.11	255	D3451.contig6_16	261	0.00013
Prophage_tail	PF06605.11	316	D3451.contig6_17	913	2.7e-35
PKcGMP_CC	PF16808.5	35	D3451.contig6_19	61	0.0034
MBG_2	PF18676.1	72	D3451.contig6_21	527	0.042
RVT_1	PF00078.27	222	D3451.contig6_22	412	1.5e-12
DUF2300	PF10062.9	127	D3451.contig6_22	412	0.017
DUF3717	PF12512.8	68	D3451.contig6_23	45	0.11
Glyco_hydro_25	PF01183.20	178	D3451.contig6_25	411	6.4e-28
LysM	PF01476.20	44	D3451.contig6_25	411	4.2e-12
LysM	PF01476.20	44	D3451.contig6_25	411	4.2e-12
CW_7	PF08230.11	40	D3451.contig6_25	411	5.5e-10
Phage_holin_Dp1	PF16938.5	63	D3451.contig6_26	88	1.9e-18
CopG_antitoxin	PF12441.8	79	D3451.contig6_27	95	0.00042
RHH_1	PF01402.21	39	D3451.contig6_27	95	0.051
BrnT_toxin	PF04365.13	78	D3451.contig6_28	91	4.3e-23
Phage_integrase	PF00589.22	172	D3451.contig6_29	224	5.5e-15
HTH_3	PF01381.22	55	D3451.contig6_30	117	2.3e-05
HTH_26	PF13443.6	63	D3451.contig6_30	117	0.00011
HTH_3	PF01381.22	55	D3451.contig6_31	89	9.2e-10
HTH_19	PF12844.7	65	D3451.contig6_31	89	1.3e-05
HTH_26	PF13443.6	63	D3451.contig6_31	89	2.7e-05
HTH_31	PF13560.6	64	D3451.contig6_31	89	0.0048
HTH_Crp_2	PF13545.6	68	D3451.contig6_31	89	0.011
MarR_2	PF12802.7	62	D3451.contig6_31	89	0.012
WXG100	PF06013.12	86	D3451.contig6_33	60	0.019
Band_7	PF01145.25	178	D3451.contig6_34	300	2.2e-27
Band_7_1	PF13421.6	211	D3451.contig6_34	300	0.0012
SBP_bac_5	PF00496.22	377	D3451.contig6_34	300	0.0018
RAMP4	PF06624.12	60	D3451.contig6_35	61	0.053
SSB	PF00436.25	104	D3451.contig6_39	180	5.6e-26
tRNA_anti-codon	PF01336.25	76	D3451.contig6_39	180	0.0064
DUF3042	PF11240.8	54	D3451.contig6_42	339	0.043
RNase_T	PF00929.24	165	D3451.contig6_44	215	6.4e-05
zf-RING_4	PF14570.6	48	D3451.contig6_46	61	0.013
DZR	PF12773.7	49	D3451.contig6_46	61	0.017
DUF3310	PF11753.8	60	D3451.contig6_47	126	1.6e-18
Creatinase_N	PF01321.18	132	D3451.contig6_47	126	0.0037
DUF2724	PF10893.8	63	D3451.contig6_48	62	0.019
Rubredoxin_2	PF18073.1	28	D3451.contig6_48	62	0.02
HTH_12	PF08461.10	66	D3451.contig6_51	66	0.0057
Mrr_N	PF14338.6	87	D3451.contig6_51	66	0.021
Whib	PF02467.16	64	D3451.contig6_53	69	1.1e-14
HNH	PF01844.23	47	D3451.contig6_57	119	0.0017
HNH_5	PF14279.6	56	D3451.contig6_57	119	0.0068
zf-Mss51	PF13824.6	57	D3451.contig7_2	62	0.013
Phage_prot_Gp6	PF05133.14	420	D3451.contig7_4	407	2.7e-12
YjcQ	PF09639.10	96	D3451.contig7_7	113	4.7e-15
DUF2513	PF10711.9	104	D3451.contig7_7	113	2.4e-07
YjcQ	PF09639.10	96	D3451.contig7_8	95	4.3e-12
Terminase_1	PF03354.15	468	D3451.contig7_9	469	4.2e-08
DUF4355	PF14265.6	125	D3451.contig7_10	159	8.8e-06
TMF_DNA_bd	PF12329.8	74	D3451.contig7_10	159	0.023
Phage_capsid	PF05065.13	280	D3451.contig7_11	296	1.9e-17
UPF0239	PF06783.11	88	D3451.contig7_12	76	0.058
Phage_Gp19	PF09355.10	116	D3451.contig7_13	139	5.7e-26
DUF61	PF01886.16	127	D3451.contig7_16	114	0.0079
Cytochrom_B562	PF07361.11	102	D3451.contig7_18	98	0.013
YlbD_coat	PF14071.6	126	D3451.contig7_18	98	0.054
DUF5361	PF17318.2	87	D3451.contig7_19	126	1.4e-26
Sipho_tail	PF05709.11	255	D3451.contig7_21	234	0.00014
Prophage_tail	PF06605.11	316	D3451.contig7_22	596	1.8e-16
EcoRII-C	PF09019.11	165	D3451.contig7_23	68	0.019
GARP	PF16731.5	193	D3451.contig7_25	292	0.00013
T3SSipB	PF16535.5	155	D3451.contig7_25	292	0.0017
Alanine_zipper	PF11839.8	69	D3451.contig7_25	292	0.0018
DUF859	PF05895.12	626	D3451.contig7_26	610	2.2e-39
He_PIG	PF05345.12	49	D3451.contig7_26	610	0.0094
Phage_XkdX	PF09693.10	40	D3451.contig7_28	43	7.4e-07
SHOCT	PF09851.9	28	D3451.contig7_28	43	0.028
Glyco_hydro_25	PF01183.20	178	D3451.contig7_29	318	2.2e-35
CW_7	PF08230.11	40	D3451.contig7_29	318	5.9e-21
LysM	PF01476.20	44	D3451.contig7_29	318	1.1e-17
DUF4446	PF14584.6	150	D3451.contig7_30	108	0.00025
XhlA	PF10779.9	67	D3451.contig7_30	108	0.0041
Phage_holin_1	PF04531.13	82	D3451.contig7_31	88	3.5e-27
Phage_integrase	PF00589.22	172	D3451.contig7_32	347	1.7e-29
Arm-DNA-bind_4	PF14657.6	46	D3451.contig7_32	347	3.6e-08
DUF3435	PF11917.8	418	D3451.contig7_32	347	0.0079
HTH_3	PF01381.22	55	D3451.contig7_33	71	1.7e-13
HTH_19	PF12844.7	65	D3451.contig7_33	71	9.3e-10
HTH_26	PF13443.6	63	D3451.contig7_33	71	1.1e-07
HTH_31	PF13560.6	64	D3451.contig7_33	71	1.2e-06
Sigma70_r4	PF04545.16	50	D3451.contig7_33	71	0.0035
MqsA_antitoxin	PF15731.5	131	D3451.contig7_33	71	0.004
HTH_11	PF08279.12	55	D3451.contig7_33	71	0.0043
YdaS_antitoxin	PF15943.5	65	D3451.contig7_33	71	0.0056
HTH_3	PF01381.22	55	D3451.contig7_34	66	0.013
HTH_26	PF13443.6	63	D3451.contig7_34	66	0.045
ANT	PF03374.14	108	D3451.contig7_35	213	1.7e-32
Bro-N	PF02498.17	95	D3451.contig7_35	213	5.1e-13
LNS2	PF08235.13	226	D3451.contig7_35	213	0.013
Pneumo_ncap	PF03246.13	392	D3451.contig7_37	72	0.14
DUF630	PF04783.12	59	D3451.contig7_38	119	0.0064
AF0941-like	PF14591.6	113	D3451.contig7_41	78	0.0013
CheZ	PF04344.13	202	D3451.contig7_41	78	0.017
Sipho_Gp157	PF05565.11	163	D3451.contig7_43	161	6.8e-37
THOC7	PF05615.13	132	D3451.contig7_43	161	0.009
ERM	PF00769.19	246	D3451.contig7_43	161	0.021
AAA_24	PF13479.6	197	D3451.contig7_44	307	1e-08
AAA_22	PF13401.6	137	D3451.contig7_44	307	1.4e-05
DUF669	PF05037.13	141	D3451.contig7_45	142	0.00054
RusA	PF05866.11	124	D3451.contig7_46	132	4.6e-35
AAA_25	PF13481.6	194	D3451.contig7_47	695	9.2e-28
PriCT_2	PF08707.11	77	D3451.contig7_47	695	7.3e-21
PMEI	PF04043.15	154	D3451.contig7_49	126	0.12
MerR	PF00376.23	38	D3451.contig7_50	63	0.0036
Fib_alpha	PF08702.10	143	D3451.contig7_51	54	0.028
HSR	PF03172.13	99	D3451.contig7_52	95	0.022
Zn_ribbon_SprT	PF17283.2	38	D3451.contig7_55	101	0.01
DZR	PF12773.7	49	D3451.contig7_55	101	0.017
DZR	PF12773.7	49	D3451.contig7_56	121	5.6e-05
zinc_ribbon_2	PF13240.6	23	D3451.contig7_56	121	0.00014
zinc_ribbon_15	PF17032.5	86	D3451.contig7_56	121	0.00068
zf-ribbon_3	PF13248.6	26	D3451.contig7_56	121	0.0045
Phage_holin_2_4	PF16082.5	76	D3451.contig7_59	41	0.008
HNH	PF01844.23	47	D3451.contig7_61	153	1.9e-14
HNH_4	PF13395.6	55	D3451.contig7_61	153	2.2e-07
HNH_5	PF14279.6	56	D3451.contig7_61	153	1e-06
HTH_36	PF13730.6	55	D3451.contig8_1	118	4.9e-11
DUF2250	PF10007.9	93	D3451.contig8_1	118	0.0022
HTH_11	PF08279.12	55	D3451.contig8_1	118	0.0039
HTH_20	PF12840.7	61	D3451.contig8_1	118	0.0042
YdaT_toxin	PF06254.11	88	D3451.contig8_3	149	8.7e-20
DUF2184	PF09950.9	251	D3451.contig8_3	149	0.053
P22_Cro	PF14549.6	60	D3451.contig8_4	65	3.7e-20
YdaS_antitoxin	PF15943.5	65	D3451.contig8_4	65	2.6e-08
HTH_50	PF18024.1	50	D3451.contig8_4	65	0.016
HTH_3	PF01381.22	55	D3451.contig8_4	65	0.029
HTH_3	PF01381.22	55	D3451.contig8_5	134	1.2e-17
HTH_31	PF13560.6	64	D3451.contig8_5	134	1.4e-09
HTH_19	PF12844.7	65	D3451.contig8_5	134	6.7e-09
HTH_26	PF13443.6	63	D3451.contig8_5	134	0.00014
Gal4_dimer	PF03902.13	55	D3451.contig8_5	134	0.005
Rad52_Rad22	PF04098.15	153	D3451.contig8_8	715	0.064
Sipho_Gp157	PF05565.11	163	D3451.contig8_9	189	9.9e-36
Sec6	PF06046.13	574	D3451.contig8_9	189	0.0066
Spc7	PF08317.11	310	D3451.contig8_9	189	0.0077
CsrA	PF02599.16	53	D3451.contig8_10	62	0.013
DUF4224	PF13986.6	45	D3451.contig8_11	88	7.4e-15
Phage_integrase	PF00589.22	172	D3451.contig8_12	339	8.6e-10
Phage_int_SAM_4	PF13495.6	85	D3451.contig8_12	339	3.3e-05
Phage_int_SAM_3	PF14659.6	58	D3451.contig8_12	339	0.0024
Phage_lysozyme	PF00959.19	109	D3451.contig8_14	179	2.4e-22
Phage_holin_2_1	PF04971.12	64	D3451.contig8_15	75	2.2e-29
Phage_holin_2_3	PF16080.5	56	D3451.contig8_15	75	0.00078
Phage_T7_tail	PF03906.14	157	D3451.contig8_17	793	1.1e-11
Imm57	PF15596.6	109	D3451.contig8_20	174	0.059
SLT	PF01464.20	117	D3451.contig8_22	905	5e-09
CAP-ZIP_m	PF15255.6	139	D3451.contig8_22	905	0.00013
DUF3318	PF11780.8	143	D3451.contig8_23	163	2
Acetyltransf_1	PF00583.25	117	D3451.contig8_24	151	1.1e-10
Acetyltransf_7	PF13508.7	76	D3451.contig8_24	151	2.5e-06
Acetyltransf_3	PF13302.7	138	D3451.contig8_24	151	0.00049
Tube	PF17212.3	169	D3451.contig8_26	188	0.00026
Head-tail_con	PF12236.8	481	D3451.contig8_32	541	2e-154
HTH_23	PF13384.6	50	D3451.contig8_35	99	0.00065
Phage_terminase	PF10668.9	60	D3451.contig8_35	99	0.00079
HTH_11	PF08279.12	55	D3451.contig8_35	99	0.0031
MarR_2	PF12802.7	62	D3451.contig8_35	99	0.0058
SecE	PF00584.20	55	D3451.contig8_36	55	0.12
RecA_dep_nuc	PF16786.5	103	D3451.contig8_37	101	2.6e-13
DUF968	PF06147.11	200	D3451.contig8_37	101	1e-07
DUF1367	PF07105.11	196	D3451.contig8_38	199	3.4e-79
AAA_21	PF13304.6	303	D3451.contig8_39	408	3.2e-29
AAA_15	PF13175.6	369	D3451.contig8_39	408	1.7e-10
SMC_N	PF02463.19	220	D3451.contig8_39	408	6.2e-07
AAA_23	PF13476.6	200	D3451.contig8_39	408	0.0033
MT-A70	PF05063.14	172	D3451.contig8_41	198	6.6e-26
DNA_pol3_theta	PF06440.11	70	D3451.contig8_43	78	8.1e-06
DnaB_C	PF03796.15	255	D3451.contig8_45	463	6.4e-73
DnaB	PF00772.21	103	D3451.contig8_45	463	9.5e-09
ATPase	PF06745.13	231	D3451.contig8_45	463	3.6e-07
AAA_25	PF13481.6	194	D3451.contig8_45	463	1.3e-06
AAA_30	PF13604.6	192	D3451.contig8_45	463	0.0014
NACHT	PF05729.12	166	D3451.contig8_45	463	0.0019
Phg_2220_C	PF09524.10	74	D3451.contig8_46	235	0.059
HTH_38	PF13936.6	44	D3451.contig9_2	934	5.8e-10
HTH_23	PF13384.6	50	D3451.contig9_2	934	3.7e-09
RdRP	PF05183.12	586	D3451.contig9_2	934	0.00078
PDDEXK_1	PF12705.7	255	D3451.contig9_3	198	0.002
DnaB_2	PF07261.11	74	D3451.contig9_3	198	0.02
VRR_NUC	PF08774.11	108	D3451.contig9_4	100	0.011
B5	PF03484.15	67	D3451.contig9_6	155	0.0057
DUF1441	PF07278.11	149	D3451.contig9_6	155	0.05
Helicase_C	PF00271.31	111	D3451.contig9_9	413	9e-06
Peptidase_S77	PF03420.13	185	D3451.contig9_10	82	0.1
PAS	PF00989.25	113	D3451.contig9_11	105	0.025
DUF1450	PF07293.11	75	D3451.contig9_13	69	0.0079
HTH_3	PF01381.22	55	D3451.contig9_14	162	0.00018
Sigma70_r4	PF04545.16	50	D3451.contig9_14	162	0.0052
CesT	PF05932.13	119	D3451.contig9_16	98	0.044
GRDA	PF04723.14	147	D3451.contig9_18	134	0.0051
Gelsolin	PF00626.22	76	D3451.contig9_20	72	0.013
Pannexin_like	PF12534.8	350	D3451.contig9_24	59	0.061
AAA_18	PF13238.6	130	D3451.contig9_25	1367	0.0009
LapA_dom	PF06305.11	64	D3451.contig9_27	292	0.011
TPR_MLP1_2	PF07926.12	129	D3451.contig9_27	292	0.013
DUF872	PF05915.12	115	D3451.contig9_28	134	0.096
GP24_25	PF17388.2	130	D3451.contig9_29	130	0.025
DUF896	PF05979.12	64	D3451.contig9_30	305	0.066
T4_gp9_10	PF07880.11	285	D3451.contig9_33	57	0.098
THOC2_N	PF16134.5	630	D3451.contig9_35	153	0.072
Gate	PF07670.14	112	D3451.contig9_36	88	0.12
CRA	PF06589.11	127	D3451.contig9_38	86	0.0044
dUTPase_2	PF08761.11	166	D3451.contig9_39	129	0.0031
AAA_18	PF13238.6	130	D3451.contig9_43	224	2.2e-11
Guanylate_kin	PF00625.21	182	D3451.contig9_43	224	5.3e-10
AAA_28	PF13521.6	163	D3451.contig9_43	224	0.00091
AAA_16	PF13191.6	170	D3451.contig9_43	224	0.0015
AAA_5	PF07728.14	138	D3451.contig9_43	224	0.0048
Pentapeptide_2	PF01469.18	40	D3451.contig10_1	119	0.00012
HTH_3	PF01381.22	55	D3451.contig10_2	66	1.3e-07
HTH_26	PF13443.6	63	D3451.contig10_2	66	4.1e-06
HTH_19	PF12844.7	65	D3451.contig10_2	66	7.1e-06
MarR_2	PF12802.7	62	D3451.contig10_2	66	0.00066
HTH_37	PF13744.6	80	D3451.contig10_2	66	0.0011
HTH_Tnp_ISL3	PF13542.6	52	D3451.contig10_2	66	0.0023
HTH_Crp_2	PF13545.6	68	D3451.contig10_2	66	0.0049
YdaS_antitoxin	PF15943.5	65	D3451.contig10_2	66	0.0062
Peptidase_S24	PF00717.23	70	D3451.contig10_3	222	2e-17
HTH_26	PF13443.6	63	D3451.contig10_3	222	2.6e-05
HTH_19	PF12844.7	65	D3451.contig10_3	222	4.5e-05
HTH_3	PF01381.22	55	D3451.contig10_3	222	0.00055
PI3K_P85_iSH2	PF16454.5	161	D3451.contig10_4	213	0.0033
DUF2505	PF10698.9	158	D3451.contig10_4	213	0.014
Phage_integrase	PF00589.22	172	D3451.contig10_5	351	4.3e-23
Phage_int_SAM_3	PF14659.6	58	D3451.contig10_5	351	0.00051
CW_7	PF08230.11	40	D3451.contig10_6	475	7.9e-62
CW_7	PF08230.11	40	D3451.contig10_6	475	7.9e-62
CW_7	PF08230.11	40	D3451.contig10_6	475	7.9e-62
Glucosaminidase	PF01832.20	87	D3451.contig10_6	475	1.9e-20
CHAP	PF05257.16	83	D3451.contig10_6	475	9.5e-10
Phage_holin_4_1	PF05105.12	114	D3451.contig10_7	140	6e-36
DUF3717	PF12512.8	68	D3451.contig10_8	61	0.13
bPH_3	PF14470.6	95	D3451.contig10_10	89	0.041
RVT_1	PF00078.27	222	D3451.contig10_11	373	5e-19
TPR_MLP1_2	PF07926.12	129	D3451.contig10_12	698	6.1e-06
Prophage_tail	PF06605.11	316	D3451.contig10_14	820	3.6e-32
Peptidase_S74	PF13884.6	58	D3451.contig10_14	820	7.7e-08
PhageMin_Tail	PF10145.9	198	D3451.contig10_16	899	1.9e-30
Baculo_PEP_C	PF04513.12	140	D3451.contig10_16	899	4.5e-08
Prominin	PF05478.11	800	D3451.contig10_16	899	0.00052
DUF3601	PF12208.8	77	D3451.contig10_19	63	0.017
HK97-gp10_like	PF04883.12	81	D3451.contig10_22	165	0.0019
Phage_GP20	PF06810.11	149	D3451.contig10_26	210	3.7e-10
HemX	PF04375.14	338	D3451.contig10_26	210	0.0053
Phage_Mu_F	PF04233.14	112	D3451.contig10_28	566	6.1e-16
DUF1657	PF07870.11	49	D3451.contig10_28	566	0.1
Phage_prot_Gp6	PF05133.14	420	D3451.contig10_29	488	4.4e-58
Terminase_3	PF04466.13	201	D3451.contig10_30	413	8.3e-54
Terminase_3C	PF17288.2	155	D3451.contig10_30	413	1.4e-24
Terminase_2	PF03592.16	140	D3451.contig10_31	144	5.4e-24
DUF1525	PF07511.11	114	D3451.contig10_31	144	0.029
UPF0122	PF04297.14	101	D3451.contig10_32	121	8.8e-05
BLOC1_2	PF10046.9	96	D3451.contig11_1	114	0.029
Prominin	PF05478.11	800	D3451.contig11_1	114	0.047
DCD	PF06559.11	361	D3451.contig11_2	186	7.8e-14
DCD	PF06559.11	361	D3451.contig11_2	186	7.8e-14
dUTPase	PF00692.19	129	D3451.contig11_2	186	1e-08
DUF3382	PF11862.8	97	D3451.contig11_4	76	0.0062
Big_7	PF17957.1	70	D3451.contig11_6	321	2.4e-06
RyR	PF02026.16	91	D3451.contig11_9	181	0.04
Peptidase_S15	PF02129.18	269	D3451.contig11_9	181	0.045
Terminase_1	PF03354.15	468	D3451.contig11_10	589	2.4e-53
Phage_portal	PF04860.12	314	D3451.contig11_12	443	1e-28
Peptidase_S78	PF04586.17	163	D3451.contig11_14	645	1.7e-08
Phage_capsid	PF05065.13	280	D3451.contig11_14	645	0.00034
Big_2	PF02368.18	79	D3451.contig11_15	190	1.2e-13
S-l_SbsC_C	PF18316.1	86	D3451.contig11_15	190	4.7e-08
Big_6	PF17936.1	83	D3451.contig11_15	190	0.0034
Glyco_hydro_25	PF01183.20	178	D3451.contig11_19	374	8.8e-32
LysM	PF01476.20	44	D3451.contig11_19	374	5.6e-26
LysM	PF01476.20	44	D3451.contig11_19	374	5.6e-26
CW_7	PF08230.11	40	D3451.contig11_19	374	9.3e-13
Methyltrn_RNA_3	PF02598.17	286	D3451.contig11_21	128	0.13
Baculo_PEP_C	PF04513.12	140	D3451.contig11_22	2565	8.3e-07
Sipho_tail	PF05709.11	255	D3451.contig11_23	309	7.3e-20
Sipho_Gp37	PF14594.6	351	D3451.contig11_24	418	6.6e-70
NIR_SIR_ferr	PF03460.17	69	D3451.contig11_27	224	0.03
VirE	PF05272.11	198	D3451.contig12_1	463	5.1e-74
VRR_NUC	PF08774.11	108	D3451.contig12_2	107	0.00042
SNF2_N	PF00176.23	350	D3451.contig12_3	418	1.2e-18
Helicase_C	PF00271.31	111	D3451.contig12_3	418	0.0018
HTH_5	PF01022.20	47	D3451.contig12_4	173	0.0032
Mga	PF05043.13	87	D3451.contig12_4	173	0.0048
HTH_23	PF13384.6	50	D3451.contig12_4	173	0.006
DUF3759	PF12585.8	92	D3451.contig12_4	173	0.011
TMEM206	PF15122.6	296	D3451.contig12_5	75	0.016
HTH_23	PF13384.6	50	D3451.contig12_6	150	5.7e-05
HTH_Tnp_1	PF01527.20	75	D3451.contig12_6	150	0.0039
HTH_29	PF13551.6	63	D3451.contig12_6	150	0.0044
Terminase_6	PF03237.15	215	D3451.contig12_7	419	0.00057
Phage_prot_Gp6	PF05133.14	420	D3451.contig12_8	511	1.9e-86
Phage_Mu_F	PF04233.14	112	D3451.contig12_9	511	3.3e-18
ADPrib_exo_Tox	PF03496.14	197	D3451.contig12_9	511	7.9e-17
ART	PF01129.18	222	D3451.contig12_9	511	2.6e-05
DUF5037	PF16440.5	242	D3451.contig12_10	112	0.034
Phage_GP20	PF06810.11	149	D3451.contig12_12	191	3.1e-15
GAS	PF13851.6	200	D3451.contig12_12	191	0.0033
Big_2	PF02368.18	79	D3451.contig12_14	51	0.029
Phage_H_T_join	PF05521.11	96	D3451.contig12_16	113	4.9e-06
HK97-gp10_like	PF04883.12	81	D3451.contig12_17	144	5e-11
Ku	PF02735.16	204	D3451.contig12_20	147	0.025
aGPT-Pplase3	PF18746.1	275	D3451.contig12_21	75	0.019
Baculo_PEP_C	PF04513.12	140	D3451.contig12_22	1050	3.7e-19
Baculo_PEP_C	PF04513.12	140	D3451.contig12_22	1050	3.7e-19
Baculo_PEP_C	PF04513.12	140	D3451.contig12_22	1050	3.7e-19
ApoLp-III	PF07464.11	146	D3451.contig12_22	1050	5.7e-08
Prominin	PF05478.11	800	D3451.contig12_22	1050	1.3e-07
DUF445	PF04286.12	367	D3451.contig12_22	1050	3.3e-05
Sipho_tail	PF05709.11	255	D3451.contig12_23	292	2.1e-39
Sipho_Gp37	PF14594.6	351	D3451.contig12_24	362	2.2e-81
BppU_IgG	PF18667.1	97	D3451.contig12_25	336	1.4e-07
Toxin_trans	PF07952.12	318	D3451.contig12_25	336	3.1e-05
XhlA	PF10779.9	67	D3451.contig12_27	85	3.9e-25
CCDC-167	PF15188.6	84	D3451.contig12_27	85	0.014
Phage_holin_Dp1	PF16938.5	63	D3451.contig12_28	69	6.4e-28
MtN3_slv	PF03083.16	87	D3451.contig12_28	69	0.041
Glyco_hydro_25	PF01183.20	178	D3451.contig12_29	420	6.7e-41
LysM	PF01476.20	44	D3451.contig12_29	420	5.2e-26
LysM	PF01476.20	44	D3451.contig12_29	420	5.2e-26
Ubiquitin_2	PF14560.6	87	D3451.contig13_1	212	0.012
Sigma70_r4_2	PF08281.12	54	D3451.contig13_3	131	0.0016
SASP	PF00269.20	60	D3451.contig13_3	131	0.039
Terminase_2	PF03592.16	140	D3451.contig13_4	190	3.9e-32
Terminase_3	PF04466.13	201	D3451.contig13_5	421	4.8e-47
Terminase_3C	PF17288.2	155	D3451.contig13_5	421	9e-07
Terminase_6	PF03237.15	215	D3451.contig13_5	421	2.6e-05
Phage_prot_Gp6	PF05133.14	420	D3451.contig13_6	453	2.7e-102
Phage_Mu_F	PF04233.14	112	D3451.contig13_7	504	2.1e-15
Peptidase_Prp	PF04327.12	90	D3451.contig13_9	96	2.2e-21
DUF4355	PF14265.6	125	D3451.contig13_10	192	1.4e-30
Baculo_gp41	PF04700.12	185	D3451.contig13_11	306	0.05
Phage_head_fibr	PF11133.8	277	D3451.contig13_12	110	1.1e-10
Collagen	PF01391.18	60	D3451.contig13_12	110	0.00018
Bindin	PF02084.15	238	D3451.contig13_12	110	0.021
Phage_connect_1	PF05135.13	99	D3451.contig13_13	109	3.6e-12
SasG_E	PF17041.5	48	D3451.contig13_14	105	0.032
HK97-gp10_like	PF04883.12	81	D3451.contig13_15	128	1e-06
DUF3168	PF11367.8	117	D3451.contig13_16	128	2.1e-05
Phage_tail_2	PF06199.11	135	D3451.contig13_17	198	1.2e-20
Phage_TAC_12	PF12363.8	111	D3451.contig13_18	137	2.9e-30
Annexin_like	PF18411.1	93	D3451.contig13_19	89	0.0066
Sipho_tail	PF05709.11	255	D3451.contig13_21	511	3.1e-37
Prophage_tail	PF06605.11	316	D3451.contig13_22	1229	1.2e-21
Collagen	PF01391.18	60	D3451.contig13_22	1229	3e-21
Collagen	PF01391.18	60	D3451.contig13_22	1229	3e-21
DUF22	PF01629.16	106	D3451.contig14_1	69	0.079
GP3_package	PF16677.5	113	D3451.contig14_2	121	4.2e-10
DUF5316	PF17247.2	74	D3451.contig14_4	70	0.016
RNA_capsid	PF03035.14	226	D3451.contig14_7	296	0.0019
DUF2460	PF09343.10	200	D3451.contig14_9	641	0.058
PhaP_Bmeg	PF09602.10	168	D3451.contig14_10	105	0.075
GBP_PSP	PF02425.15	23	D3451.contig14_11	161	0.043
SH3_3	PF08239.11	55	D3451.contig14_15	285	0.00055
Phage_holin_Dp1	PF16938.5	63	D3451.contig14_16	90	8.3e-21
S_4TM	PF18159.1	292	D3451.contig14_16	90	0.0067
Phage_int_SAM_5	PF13102.6	99	D3451.contig14_17	124	0.011
Collagen	PF01391.18	60	D3451.contig14_21	97	0.0089
Phage_prot_Gp6	PF05133.14	420	D3451.contig15_1	268	9.4e-39
Phage_min_cap2	PF06152.11	367	D3451.contig15_2	407	7.3e-96
Phage_GP20	PF06810.11	149	D3451.contig15_3	206	5.8e-26
UPF0242	PF06785.11	193	D3451.contig15_3	206	0.0015
APG6_N	PF17675.1	133	D3451.contig15_3	206	0.008
Rho_N	PF07498.12	43	D3451.contig15_5	62	8.7e-07
SAP	PF02037.27	35	D3451.contig15_5	62	0.001
DUF4054	PF13262.6	107	D3451.contig15_6	130	0.00076
Minor_capsid_1	PF10665.9	105	D3451.contig15_7	112	4.7e-19
Minor_capsid_2	PF11114.8	114	D3451.contig15_8	120	1.4e-31
Minor_capsid_3	PF12691.7	129	D3451.contig15_9	135	3.5e-36
Phage_TAC_8	PF10666.9	143	D3451.contig15_11	121	0.00086
Peptidase_M9_N	PF08453.10	183	D3451.contig15_11	121	0.014
Phage_Gp15	PF06854.11	170	D3451.contig15_12	221	1.5e-41
Baculo_PEP_C	PF04513.12	140	D3451.contig15_13	1536	4.4e-07
Collagen_mid	PF15984.5	199	D3451.contig15_13	1536	0.0055
Sipho_tail	PF05709.11	255	D3451.contig15_14	243	0.0033
Prophage_tail	PF06605.11	316	D3451.contig15_15	613	1.7e-20
GBS_Bsp-like	PF08481.10	92	D3451.contig15_15	613	2.9e-20
DUF1192	PF06698.11	58	D3451.contig15_15	613	0.001
Lipase_GDSL_2	PF13472.6	179	D3451.contig15_16	855	1.4e-05
Lipase_GDSL	PF00657.22	200	D3451.contig15_16	855	0.00011
Phage_holin_4_1	PF05105.12	114	D3451.contig15_17	126	1.7e-14
Phage_min_cap2	PF06152.11	367	D3451.contig16_2	426	9.1e-56
Msg2_C	PF12373.8	30	D3451.contig16_5	204	0.0028
bZIP_1	PF00170.21	64	D3451.contig16_7	77	1.7e-05
DivIC	PF04977.15	80	D3451.contig16_7	77	0.00014
TMCO5	PF14992.6	275	D3451.contig16_7	77	0.0028
bZIP_2	PF07716.15	54	D3451.contig16_7	77	0.0038
MRP-S32	PF10210.9	93	D3451.contig16_7	77	0.004
JAKMIP_CC3	PF16034.5	200	D3451.contig16_7	77	0.0076
Ax_dynein_light	PF10211.9	187	D3451.contig16_7	77	0.013
Minor_capsid_2	PF11114.8	114	D3451.contig16_10	129	2.3e-08
Phage_tail_2	PF06199.11	135	D3451.contig16_12	152	0.058
Phage_Gp15	PF06854.11	170	D3451.contig16_15	92	1.5e-06
TM2	PF05154.16	51	D3451.contig16_16	170	2.7e-09
DUF5047	PF16466.5	134	D3451.contig16_19	530	0.0007
Gp58	PF07902.11	594	D3451.contig16_19	530	0.0078
Lipase_GDSL_2	PF13472.6	179	D3451.contig16_20	624	4.1e-08
Lipase_GDSL	PF00657.22	200	D3451.contig16_20	624	7.2e-05
BppU_N	PF10651.9	148	D3451.contig16_20	624	0.00038
RuBisCO_large	PF00016.20	299	D3451.contig17_4	90	0.024
CH	PF00307.31	109	D3451.contig17_6	82	5.6e-05
NUDIX	PF00293.28	131	D3451.contig17_7	150	1.8e-09
Adenylsucc_synt	PF00709.21	419	D3451.contig17_12	164	1.2e-15
Adenylsucc_synt	PF00709.21	419	D3451.contig17_13	155	3.5e-41
Adenylsucc_synt	PF00709.21	419	D3451.contig17_14	281	9.5e-100
Na_H_Exchanger	PF00999.21	381	D3451.contig17_16	139	0.0088
Sigma54_activat	PF00158.26	168	D3451.contig17_18	118	0.015
Prophage_tail	PF06605.11	316	D3451.contig18_1	427	1.5e-23
Sipho_tail	PF05709.11	255	D3451.contig18_2	490	3e-38
TarH	PF02203.15	177	D3451.contig18_3	777	0.0069
Phage_Gp15	PF06854.11	170	D3451.contig18_4	204	1.6e-46
Mre11_DNA_bind	PF04152.14	169	D3451.contig18_6	176	0.014
Minor_capsid_3	PF12691.7	129	D3451.contig18_7	140	0.0028
Minor_capsid_2	PF11114.8	114	D3451.contig18_8	134	0.0022
DUF1543	PF07566.12	52	D3451.contig18_8	134	0.011
Phage_head_fibr	PF11133.8	277	D3451.contig18_11	105	9.9e-11
Collagen	PF01391.18	60	D3451.contig18_11	105	0.001
SelB-wing_2	PF09106.11	57	D3451.contig18_11	105	0.008
Phage_GP20	PF06810.11	149	D3451.contig18_13	183	1.9e-18
Phage_min_cap2	PF06152.11	367	D3451.contig18_14	386	1.8e-106
Phage_prot_Gp6	PF05133.14	420	D3451.contig18_15	445	0.059
Terminase_6	PF03237.15	215	D3451.contig18_16	414	1.1e-11
Terminase_3	PF04466.13	201	D3451.contig18_16	414	0.0003
GP3_package	PF16677.5	113	D3451.contig18_17	156	5.8e-07
HTH_23	PF13384.6	50	D3451.contig18_17	156	2.1e-06
HTH_Tnp_1	PF01527.20	75	D3451.contig18_17	156	0.00046
HTH_Tnp_1_2	PF13022.6	123	D3451.contig18_17	156	0.00093
HTH_3	PF01381.22	55	D3451.contig18_17	156	0.0032
DUF433	PF04255.14	56	D3451.contig19_2	48	0.0044
Dam	PF05869.11	171	D3451.contig19_7	92	9.7e-15
zf-ribbon_3	PF13248.6	26	D3451.contig19_8	59	1e-05
zinc_ribbon_2	PF13240.6	23	D3451.contig19_8	59	5.7e-05
DZR	PF12773.7	49	D3451.contig19_8	59	0.0041
DUF4972	PF16342.5	128	D3451.contig19_10	139	0.072
RusA	PF05866.11	124	D3451.contig19_11	132	0.046
SSB	PF00436.25	104	D3451.contig19_13	167	5.4e-28
tRNA_anti-codon	PF01336.25	76	D3451.contig19_13	167	0.00026
tRNA_anti_2	PF13742.6	95	D3451.contig19_13	167	0.018
RecT	PF03837.14	199	D3451.contig19_14	279	1.4e-50
YqaJ	PF09588.10	148	D3451.contig19_15	321	1e-17
HTH_Crp_2	PF13545.6	68	D3451.contig19_17	267	0.00084
HTH_5	PF01022.20	47	D3451.contig19_17	267	0.0035
HTH_17	PF12728.7	51	D3451.contig19_18	74	1.6e-07
HTH_23	PF13384.6	50	D3451.contig19_18	74	5.5e-05
AbiEi_4	PF13338.6	49	D3451.contig19_18	74	0.0012
MerR	PF00376.23	38	D3451.contig19_18	74	0.0033
HTH_29	PF13551.6	63	D3451.contig19_18	74	0.004
HTH_3	PF01381.22	55	D3451.contig19_18	74	0.0046
DUF308	PF03729.13	73	D3451.contig19_19	69	0.012
DUF716	PF04819.12	138	D3451.contig19_19	69	0.033
Methyltransf_11	PF08241.12	96	D3451.contig19_21	161	0.00011
Methyltransf_25	PF13649.6	97	D3451.contig19_21	161	0.00021
N6_N4_Mtase	PF01555.18	231	D3451.contig19_21	161	0.0034
HTH_3	PF01381.22	55	D3451.contig19_23	82	4.7e-06
DUF739	PF05339.11	69	D3451.contig19_23	82	2.1e-05
HTH_26	PF13443.6	63	D3451.contig19_23	82	4e-05
HTH_31	PF13560.6	64	D3451.contig19_23	82	0.00011
BetR	PF08667.10	148	D3451.contig19_23	82	0.00017
HTH_AsnC-type	PF13404.6	42	D3451.contig19_23	82	0.0003
HTH_24	PF13412.6	48	D3451.contig19_23	82	0.00036
HTH_10	PF04967.12	53	D3451.contig19_23	82	0.0014
Phage_CI_repr	PF07022.13	65	D3451.contig19_23	82	0.0019
HTH_Tnp_ISL3	PF13542.6	52	D3451.contig19_23	82	0.0023
YdaS_antitoxin	PF15943.5	65	D3451.contig19_23	82	0.003
DUF4236	PF14020.6	55	D3451.contig19_25	188	4.1e-08
UL45	PF05473.12	200	D3451.contig19_25	188	0.035
Peptidase_M78	PF06114.13	123	D3451.contig19_26	138	0.00016
RNase_T	PF00929.24	165	D3451.contig19_28	262	1.3e-31
DUF5051	PF16473.5	166	D3451.contig19_28	262	1.7e-06
RNase_H_2	PF13482.6	166	D3451.contig19_28	262	2.5e-05
DNA_pol_A_exo1	PF01612.20	176	D3451.contig19_28	262	0.0002
Phage_integrase	PF00589.22	172	D3451.contig19_30	297	9.7e-24
Phage_head_fibr	PF11133.8	277	D3451.contig20_1	81	2.8e-10
Collagen	PF01391.18	60	D3451.contig20_1	81	0.00019
Bindin	PF02084.15	238	D3451.contig20_1	81	0.034
PA14	PF07691.12	147	D3451.contig20_3	136	0.094
Minor_capsid_3	PF12691.7	129	D3451.contig20_4	143	0.0032
Phage_Gp15	PF06854.11	170	D3451.contig20_7	209	2.4e-44
Bro-N	PF02498.17	95	D3451.contig20_8	233	1.4e-09
RL	PF17797.1	71	D3451.contig20_8	233	0.022
Bro-N	PF02498.17	95	D3451.contig20_12	276	0.00016
O-FucT	PF10250.9	336	D3451.contig20_12	276	0.03
Arb1	PF09692.10	400	D3451.contig20_13	140	0.012
PhageMin_Tail	PF10145.9	198	D3451.contig20_15	1325	7.7e-56
PSD5	PF07637.11	62	D3451.contig20_15	1325	0.0027
Sipho_tail	PF05709.11	255	D3451.contig20_16	237	8.2e-29
DUF3751	PF12571.8	150	D3451.contig21_1	147	6.7e-06
DUF2313	PF10076.9	163	D3451.contig21_2	206	1.5e-09
ANAPC2	PF08672.11	60	D3451.contig21_2	206	0.015
Baseplate_J	PF04865.14	255	D3451.contig21_3	347	4.4e-63
DUF2634	PF10934.8	105	D3451.contig21_4	147	1.8e-23
DUF2577	PF10844.8	98	D3451.contig21_5	126	2.4e-14
Plk4_PB1	PF18190.1	108	D3451.contig21_7	221	0.035
Delta_lysin	PF05372.11	25	D3451.contig21_8	639	0.0062
Phage_TAC_5	PF08890.11	136	D3451.contig21_9	126	2.3e-05
DUF2001	PF09393.10	139	D3451.contig21_10	144	5.6e-40
Phage_sheath_1C	PF17482.2	104	D3451.contig21_11	372	4.2e-20
HK97-gp10_like	PF04883.12	81	D3451.contig21_13	153	1.6e-05
Phage_H_T_join	PF05521.11	96	D3451.contig21_14	115	4.8e-11
Phage_connect_1	PF05135.13	99	D3451.contig21_15	98	7.8e-05
Phage_capsid	PF05065.13	280	D3451.contig21_17	381	1e-44
Phage_holin_4_1	PF05105.12	114	D3451.contig22_1	140	3.2e-40
PG_binding_1	PF01471.18	57	D3451.contig22_2	328	3.4e-24
PG_binding_1	PF01471.18	57	D3451.contig22_2	328	3.4e-24
Amidase_2	PF01510.25	126	D3451.contig22_2	328	1.7e-16
HTH_3	PF01381.22	55	D3451.contig22_3	95	3.7e-17
HTH_31	PF13560.6	64	D3451.contig22_3	95	5.5e-08
HTH_19	PF12844.7	65	D3451.contig22_3	95	1.5e-07
Flavin_Reduct	PF01613.18	155	D3451.contig22_4	192	3.4e-29
Resolvase	PF00239.21	146	D3451.contig22_5	500	3.9e-34
Zn_ribbon_recom	PF13408.6	58	D3451.contig22_5	500	1.6e-14
Recombinase	PF07508.13	104	D3451.contig22_5	500	4.9e-13
HTH_3	PF01381.22	55	D3451.contig22_6	126	5.4e-16
HTH_19	PF12844.7	65	D3451.contig22_6	126	1.4e-11
HTH_31	PF13560.6	64	D3451.contig22_6	126	9.7e-11
HTH_26	PF13443.6	63	D3451.contig22_6	126	2e-10
HTH_37	PF13744.6	80	D3451.contig22_6	126	7.6e-06
HTH_25	PF13413.6	62	D3451.contig22_6	126	8.3e-05
Sigma70_r4	PF04545.16	50	D3451.contig22_6	126	0.0004
MarR	PF01047.22	59	D3451.contig22_6	126	0.0011
HTH_3	PF01381.22	55	D3451.contig22_7	63	5.1e-15
HTH_26	PF13443.6	63	D3451.contig22_7	63	8.7e-13
HTH_19	PF12844.7	65	D3451.contig22_7	63	1.3e-10
LacI	PF00356.21	46	D3451.contig22_7	63	7.3e-07
HTH_31	PF13560.6	64	D3451.contig22_7	63	2.8e-06
YdaS_antitoxin	PF15943.5	65	D3451.contig22_7	63	1.1e-05
HTH_37	PF13744.6	80	D3451.contig22_7	63	7e-05
Phage_CI_repr	PF07022.13	65	D3451.contig22_7	63	0.00015
ORF6N	PF10543.9	84	D3451.contig22_8	266	7.7e-17
Peptidase_M16_M	PF16187.5	279	D3451.contig22_8	266	0.032
zf-C2H2_jaz	PF12171.8	27	D3451.contig22_9	98	0.034
RNA_GG_bind	PF10258.9	84	D3451.contig22_12	40	0.073
Sars6	PF12133.8	62	D3451.contig22_14	56	0.13
ERF	PF04404.12	153	D3451.contig22_15	230	9e-13
DUF1351	PF07083.11	210	D3451.contig22_16	308	1.1e-39
DUF4373	PF14297.6	96	D3451.contig22_17	279	2.9e-27
DnaB_2	PF07261.11	74	D3451.contig22_17	279	5.8e-10
YopX	PF09643.10	131	D3451.contig22_19	156	5.1e-19
HTH_19	PF12844.7	65	D3451.contig22_20	48	0.025
HSDR_N	PF04313.14	194	D3451.contig22_23	109	0.0049
HrpB7	PF09486.10	157	D3451.contig23_1	103	0.00034
FlaC_arch	PF05377.11	55	D3451.contig23_1	103	0.0016
ABC_tran_CTD	PF16326.5	69	D3451.contig23_1	103	0.0048
DUF724	PF05266.14	188	D3451.contig23_1	103	0.0059
Flg_hook	PF02120.16	85	D3451.contig23_4	77	0.0047
MetOD2	PF18548.1	88	D3451.contig23_4	77	0.032
DUF4326	PF14216.6	83	D3451.contig23_7	120	9.1e-15
DUF488	PF04343.13	122	D3451.contig23_7	120	0.0004
DUF1653	PF07866.11	62	D3451.contig23_8	82	0.013
Adenyl_transf	PF04439.12	279	D3451.contig23_10	90	0.054
MAP70	PF07058.11	554	D3451.contig23_21	96	0.11
Collagen	PF01391.18	60	D3451.contig24_1	199	8.8e-22
Collagen	PF01391.18	60	D3451.contig24_1	199	8.8e-22
Rubrerythrin	PF02915.17	137	D3451.contig24_2	103	0.00036
Gp-FAR-1	PF05823.12	149	D3451.contig24_2	103	0.0064
ELH	PF02323.15	255	D3451.contig24_2	103	0.026
Phage_integrase	PF00589.22	172	D3451.contig24_3	386	3e-26
Phage_int_SAM_3	PF14659.6	58	D3451.contig24_3	386	0.00094
HTH_3	PF01381.22	55	D3451.contig24_4	106	4.1e-14
HTH_19	PF12844.7	65	D3451.contig24_4	106	4.1e-13
HTH_31	PF13560.6	64	D3451.contig24_4	106	3.7e-12
HTH_26	PF13443.6	63	D3451.contig24_4	106	0.00076
YdaS_antitoxin	PF15943.5	65	D3451.contig24_4	106	0.0046
HTH_37	PF13744.6	80	D3451.contig24_4	106	0.0064
DUF739	PF05339.11	69	D3451.contig24_5	85	1.8e-10
HTH_3	PF01381.22	55	D3451.contig24_5	85	7.1e-06
HTH_26	PF13443.6	63	D3451.contig24_5	85	1.6e-05
HTH_19	PF12844.7	65	D3451.contig24_5	85	0.00015
HTH_31	PF13560.6	64	D3451.contig24_5	85	0.00078
HTH_37	PF13744.6	80	D3451.contig24_5	85	0.0019
BetR	PF08667.10	148	D3451.contig24_5	85	0.01
HTH_17	PF12728.7	51	D3451.contig24_6	76	1.5e-07
ERF	PF04404.12	153	D3451.contig24_8	211	6.7e-15
Sipho_Gp157	PF05565.11	163	D3451.contig24_9	106	3.7e-05
PDDEXK_1	PF12705.7	255	D3451.contig24_10	218	8.9e-05
DUF2913	PF11140.8	207	D3451.contig24_11	98	0.011
HNH_3	PF13392.6	46	D3451.contig24_12	177	8.6e-13
NUMOD4	PF07463.11	49	D3451.contig24_12	177	3e-12
RusA	PF05866.11	124	D3451.contig24_14	136	2.3e-05
SSB	PF00436.25	104	D3451.contig24_15	133	3.6e-11
DUF3258	PF11646.8	99	D3451.contig24_16	63	0.031
PPR	PF01535.20	31	D3451.contig24_18	302	0.015
MPTase-PolyVal	PF18818.1	126	D3451.contig25_2	509	5.9e-22
DUF1738	PF08401.11	128	D3451.contig25_2	509	3.7e-06
Nuf2	PF03800.14	139	D3451.contig25_2	509	0.002
Ndc80_HEC	PF03801.13	153	D3451.contig25_3	90	0.09
TrmB	PF01978.19	68	D3451.contig25_9	116	0.008
Glyco_hydro_76	PF03663.14	366	D3451.contig25_11	60	0.029
HAD_2	PF13419.6	178	D3451.contig25_13	58	0.069
HigB-like_toxin	PF05015.13	93	D3451.contig25_14	191	0.019
SHOCT	PF09851.9	28	D3451.contig25_15	62	0.064
DUF3437	PF11919.8	88	D3451.contig25_16	70	0.091
Sigma70_r4_2	PF08281.12	54	D3451.contig25_18	144	0.0033
Arc	PF03869.14	50	D3451.contig26_1	64	8.6e-06
ParE_toxin	PF05016.15	90	D3451.contig26_2	81	2.7e-05
YrzK	PF17449.2	54	D3451.contig26_8	132	0.055
AAA_25	PF13481.6	194	D3451.contig26_9	378	2.7e-29
zf-CHC2	PF01807.20	98	D3451.contig26_10	197	9.5e-13
HTH_17	PF12728.7	51	D3451.contig26_12	68	0.032
Phage_integrase	PF00589.22	172	D3451.contig26_13	463	1.2e-32
Phage_int_SAM_3	PF14659.6	58	D3451.contig26_13	463	1.8e-07
HTH_26	PF13443.6	63	D3451.contig26_13	463	0.00092
Ureidogly_lyase	PF04115.12	187	D3451.contig26_14	47	0.094
AAA_29	PF13555.6	61	D3451.contig26_15	76	0.022
Dak2	PF02734.17	174	D3451.contig26_15	76	0.024
DNA_binding_1	PF01035.20	81	D3451.contig26_17	108	0.0044
Spore_III_AB	PF09548.10	170	D3451.contig26_18	92	0.048
Terminase_3	PF04466.13	201	D3451.contig27_3	453	3.2e-24
Phage_prot_Gp6	PF05133.14	420	D3451.contig27_4	460	0.0015
Phage_min_cap2	PF06152.11	367	D3451.contig27_5	534	2.5e-99
DUF3502	PF12010.8	130	D3451.contig27_5	534	0.012
Lar_restr_allev	PF14354.6	62	D3451.contig27_6	59	0.00042
Zn_Tnp_IS1595	PF12760.7	46	D3451.contig27_6	59	0.0044
zf-CHY	PF05495.12	75	D3451.contig27_6	59	0.0061
zf-SNAP50_C	PF12251.8	200	D3451.contig27_6	59	0.016
DUF2387	PF09526.10	75	D3451.contig27_7	58	0.00036
zf-RING_9	PF13901.6	206	D3451.contig27_7	58	0.0021
Zn_Tnp_IS1595	PF12760.7	46	D3451.contig27_7	58	0.0042
zinc_ribbon_10	PF10058.9	54	D3451.contig27_7	58	0.0095
Phage_GP20	PF06810.11	149	D3451.contig27_8	208	3.1e-14
Peptidase_M15_2	PF05951.13	153	D3451.contig27_9	289	0.055
HTH_3	PF01381.22	55	D3451.contig28_1	95	8.6e-05
HTH_7	PF02796.15	45	D3451.contig28_1	95	0.014
Gp49	PF05973.14	90	D3451.contig28_2	103	7.2e-08
DUF1922	PF09082.10	67	D3451.contig28_3	256	0.00043
MerR-DNA-bind	PF09278.11	65	D3451.contig28_4	64	0.029
Sigma70_r3	PF04539.16	78	D3451.contig28_4	64	0.03
ATP-synt_E	PF05680.12	96	D3451.contig28_7	101	0.027
CmlA_N	PF18456.1	232	D3451.contig28_10	80	0.013
Prophage_tail	PF06605.11	316	D3451.contig29_1	229	1.3e-08
Sipho_tail	PF05709.11	255	D3451.contig29_2	238	1.9e-06
PhageMin_Tail	PF10145.9	198	D3451.contig29_3	768	7.1e-18
HK97-gp10_like	PF04883.12	81	D3451.contig29_6	121	1.4e-06
DUF3168	PF11367.8	117	D3451.contig29_7	113	0.059
Phage_H_T_join	PF05521.11	96	D3451.contig29_8	109	9.8e-07
DUF2294	PF10057.9	111	D3451.contig29_8	109	0.013
Mid2	PF04478.12	149	D3451.contig29_8	109	0.026
Phage_connect_1	PF05135.13	99	D3451.contig29_9	94	5.5e-05
Phage_capsid	PF05065.13	280	D3451.contig29_10	455	8.1e-55
DUF4254	PF14063.6	144	D3451.contig30_1	229	0.11
DUF2754	PF10953.8	70	D3451.contig30_2	41	0.059
MazG	PF03819.17	74	D3451.contig30_3	131	4.3e-13
NRDD	PF13597.6	561	D3451.contig30_4	715	2.6e-128
ATP-cone	PF03477.16	86	D3451.contig30_4	715	9.8e-13
Fer4_12	PF13353.6	139	D3451.contig30_5	169	4.8e-45
Fer4_14	PF13394.6	118	D3451.contig30_5	169	1.3e-25
Radical_SAM	PF04055.21	167	D3451.contig30_5	169	7.5e-08
DUF3310	PF11753.8	60	D3451.contig30_6	91	4.5e-20
D5_N	PF08706.11	151	D3451.contig30_7	628	6.4e-12
Pox_D5	PF03288.16	86	D3451.contig30_7	628	3.4e-08
AAA_29	PF13555.6	61	D3451.contig30_7	628	0.0075
DNA_pol_B	PF00136.21	459	D3451.contig30_9	356	8.2e-06
Sipho_tail	PF05709.11	255	D3451.contig31_2	310	1.8e-23
Prophage_tail	PF06605.11	316	D3451.contig31_3	673	3.8e-45
BppL_N	PF18338.1	25	D3451.contig31_5	545	0.00078
DUF669	PF05037.13	141	D3451.contig32_2	155	7.6e-05
DUF1858	PF08984.11	59	D3451.contig32_3	134	0.033
AAA_24	PF13479.6	197	D3451.contig32_4	612	4.9e-41
PDDEXK_1	PF12705.7	255	D3451.contig32_4	612	5.7e-11
CT47	PF15623.6	282	D3451.contig32_4	612	0.011
Hjc	PF01870.18	93	D3451.contig32_5	117	8.6e-06
VRR_NUC	PF08774.11	108	D3451.contig32_5	117	0.0056
Sipho_Gp157	PF05565.11	163	D3451.contig32_6	144	0.00044
GWT1	PF06423.12	149	D3451.contig32_7	84	0.055
SNF2_N	PF00176.23	350	D3451.contig32_8	428	2.1e-10
Helicase_C	PF00271.31	111	D3451.contig32_8	428	2.4e-07
ResIII	PF04851.15	171	D3451.contig32_8	428	0.00018
Pentapeptide_2	PF01469.18	40	D3451.contig32_9	174	5.3e-09
Pentapeptide_2	PF01469.18	40	D3451.contig32_9	174	5.3e-09
SSB	PF00436.25	104	D3451.contig33_5	206	2.2e-23
ParBc	PF02195.18	90	D3451.contig33_8	472	4.6e-19
KorB	PF08535.10	89	D3451.contig33_8	472	0.0054
RNase_T	PF00929.24	165	D3451.contig33_12	192	0.00065
DNA_pol_A	PF00476.20	376	D3451.contig34_2	687	4.7e-18
DnaB_C	PF03796.15	255	D3451.contig34_4	686	5.8e-06
Toprim_2	PF13155.6	90	D3451.contig34_4	686	4.9e-05
AAA_25	PF13481.6	194	D3451.contig34_4	686	0.00047
ATPase	PF06745.13	231	D3451.contig34_4	686	0.00086
dCMP_cyt_deam_1	PF00383.23	101	D3451.contig34_5	159	7.1e-19
MafB19-deam	PF14437.6	138	D3451.contig34_5	159	6.4e-12
Phage_Mu_F	PF04233.14	112	D3451.contig35_5	576	1.6e-18
2Fe-2S_Ferredox	PF11591.8	34	D3451.contig35_5	576	0.016
DUF1642	PF07852.11	138	D3451.contig36_1	84	1.3e-11
MerR_1	PF13411.6	69	D3451.contig36_2	61	0.059
Prismane	PF03063.20	511	D3451.contig36_3	160	0.0016
DUF2800	PF10926.8	363	D3451.contig36_4	391	1.9e-135
PDDEXK_1	PF12705.7	255	D3451.contig36_4	391	1.1e-07
MSV199	PF10553.9	132	D3451.contig36_5	121	0.0064
DUF2164	PF09932.9	74	D3451.contig36_5	121	0.033
DUF2815	PF10991.8	173	D3451.contig36_6	192	3.9e-61
TSP_NTD	PF17804.1	193	D3451.contig36_8	183	0.2
DNA_pol_A	PF00476.20	376	D3451.contig36_9	646	3.9e-22
RNase_H_2	PF13482.6	166	D3451.contig36_9	646	0.002
DNA_pol_A_exo1	PF01612.20	176	D3451.contig36_9	646	0.003
ERF	PF04404.12	153	D3451.contig37_4	156	0.015
DUF4200	PF13863.6	119	D3451.contig37_5	196	3.8e-05
AAA_13	PF13166.6	713	D3451.contig37_5	196	0.0016
HTH_26	PF13443.6	63	D3451.contig38_1	69	8.9e-09
HTH_3	PF01381.22	55	D3451.contig38_1	69	1.6e-05
HTH_19	PF12844.7	65	D3451.contig38_1	69	0.028
HTH_3	PF01381.22	55	D3451.contig38_2	83	0.00011
HTH_26	PF13443.6	63	D3451.contig38_2	83	0.0013
Phage_F	PF02305.17	510	D3451.contig38_2	83	0.056
DUF3377	PF11857.8	72	D3451.contig38_3	61	0.022
CrgA	PF06781.12	88	D3451.contig38_3	61	0.033
KIX	PF02172.16	81	D3451.contig38_4	58	0.068
DUF1071	PF06378.11	148	D3451.contig38_6	207	5.5e-11
NinB	PF05772.12	131	D3451.contig38_7	192	0.0034
HTH_17	PF12728.7	51	D3451.contig38_8	125	0.0012
Hjc	PF01870.18	93	D3451.contig38_9	109	0.017
HSDR_N	PF04313.14	194	D3451.contig38_9	109	0.017
HNH	PF01844.23	47	D3451.contig38_10	189	1.4e-11
HNH_2	PF13391.6	72	D3451.contig38_10	189	4.2e-06
HNH_5	PF14279.6	56	D3451.contig38_10	189	0.0042
Phage_rep_org_N	PF09681.10	121	D3451.contig38_11	269	0.017
NinG	PF05766.12	186	D3451.contig38_12	115	0.016
DUF551	PF04448.12	69	D3451.contig38_13	100	0.00022
Slx4	PF09494.10	61	D3451.contig38_13	100	0.0051
DNA_methylase	PF00145.17	335	D3451.contig39_1	23	5.6e-05
DUF5338	PF17273.2	69	D3451.contig39_2	106	0.00033
PepSY_like	PF11396.8	83	D3451.contig39_4	59	0.066
DUF927	PF06048.11	287	D3451.contig39_5	623	2.6e-41
HTH_56	PF18662.1	111	D3451.contig39_5	623	4.4e-16
zf-CHC2	PF01807.20	98	D3451.contig39_6	164	1.8e-14
ERCC4	PF02732.15	156	D3451.contig39_7	170	2.1e-05
Peptidase_S30	PF01577.16	245	D3451.contig39_7	170	0.019
AAA_24	PF13479.6	197	D3451.contig39_9	219	2.1e-10
AAA_29	PF13555.6	61	D3451.contig39_9	219	0.006
Sipho_Gp157	PF05565.11	163	D3451.contig39_10	70	1.5e-17
IstB_IS21	PF01695.17	178	D3451.contig40_1	284	7.1e-14
Bac_DnaA	PF00308.18	219	D3451.contig40_1	284	1.8e-07
AAA_5	PF07728.14	138	D3451.contig40_1	284	0.00024
ResIII	PF04851.15	171	D3451.contig40_1	284	0.0004
PhoH	PF02562.16	205	D3451.contig40_1	284	0.00045
AAA	PF00004.29	132	D3451.contig40_1	284	0.0011
AAA_7	PF12775.7	181	D3451.contig40_1	284	0.002
ATPase	PF06745.13	231	D3451.contig40_1	284	0.0058
AAA_16	PF13191.6	170	D3451.contig40_1	284	0.0072
DnaB_2	PF07261.11	74	D3451.contig40_2	260	1.8e-16
DUF3799	PF12684.7	234	D3451.contig40_3	272	2.6e-94
PDDEXK_1	PF12705.7	255	D3451.contig40_3	272	1.6e-09
RecT	PF03837.14	199	D3451.contig40_4	321	7.2e-46
DUF4403	PF14356.6	425	D3451.contig40_5	119	0.057
C_GCAxxG_C_C	PF09719.10	119	D3451.contig40_7	100	0.026
PhoR	PF11808.8	86	D3451.contig40_8	60	0.048
MerR_1	PF13411.6	69	D3451.contig40_9	89	0.00013
MerR	PF00376.23	38	D3451.contig40_9	89	0.00076
HTH_23	PF13384.6	50	D3451.contig40_9	89	0.0037
HTH_17	PF12728.7	51	D3451.contig40_9	89	0.0057
Lysyl_oxidase	PF01186.17	204	D3451.contig41_2	67	0.074
Phage_integrase	PF00589.22	172	D3451.contig42_1	405	7.4e-24
Phage_int_SAM_3	PF14659.6	58	D3451.contig42_1	405	0.0014
Phage_int_SAM_4	PF13495.6	85	D3451.contig42_1	405	0.053
SHOCT	PF09851.9	28	D3451.contig42_2	260	5.4e-10
DUF4428	PF14471.6	51	D3451.contig42_2	260	1.6e-09
Peptidase_M78	PF06114.13	123	D3451.contig42_3	138	1.1e-07
DUF3920	PF13058.6	126	D3451.contig42_3	138	0.0086
HTH_3	PF01381.22	55	D3451.contig42_4	116	1.4e-07
HTH_19	PF12844.7	65	D3451.contig42_4	116	2.4e-06
HTH_26	PF13443.6	63	D3451.contig42_4	116	4.8e-06
HTH_19	PF12844.7	65	D3451.contig42_5	68	3.2e-10
HTH_26	PF13443.6	63	D3451.contig42_5	68	2.1e-07
HTH_3	PF01381.22	55	D3451.contig42_5	68	1.9e-06
DUF1140	PF06600.11	99	D3451.contig42_6	211	6.9e-43
Med9	PF07544.13	80	D3451.contig42_6	211	0.034
NuDC	PF16273.5	66	D3451.contig42_7	65	0.0037
HK97-gp10_like	PF04883.12	81	D3451.contig43_5	141	2.2e-07
Phage_GP20	PF06810.11	149	D3451.contig43_6	182	0.0019
P22_CoatProtein	PF11651.8	417	D3451.contig43_7	294	9.3e-61
P22_CoatProtein	PF11651.8	417	D3451.contig43_7	294	9.3e-61
HEPN_DZIP3	PF18738.1	143	D3451.contig44_3	193	0.013
Phage_rep_org_N	PF09681.10	121	D3451.contig44_4	290	9e-40
Phg_2220_C	PF09524.10	74	D3451.contig44_4	290	4.8e-23
RusA	PF05866.11	124	D3451.contig44_5	137	5.3e-34
aGPT-Pplase2	PF18724.1	231	D3451.contig44_7	172	0.036
Sipho_Gp157	PF05565.11	163	D3451.contig44_9	70	6.4e-16
DUF2460	PF09343.10	200	D3451.contig45_2	189	2.9e-31
DUF2163	PF09931.9	163	D3451.contig45_3	284	2.7e-27
Phage_BR0599	PF09356.10	80	D3451.contig45_3	284	2.3e-19
NLPC_P60	PF00877.19	105	D3451.contig45_4	171	8.8e-06
Phage-tail_3	PF13550.6	164	D3451.contig45_5	624	7.7e-33
HTH_45	PF14947.6	77	D3451.contig46_1	99	0.00014
DUF4364	PF14277.6	162	D3451.contig46_1	99	0.0048
TrmB	PF01978.19	68	D3451.contig46_1	99	0.0059
Rio2_N	PF09202.11	82	D3451.contig46_1	99	0.013
Tubulin	PF00091.25	197	D3451.contig46_2	362	6.5e-14
Tubulin_2	PF13809.6	348	D3451.contig46_2	362	5.1e-07
Exotox-A_bind	PF09101.10	262	D3451.contig46_2	362	0.018
Mrr_cat	PF04471.12	115	D3451.contig46_3	177	2.3e-26
Mrr_cat_2	PF13156.6	127	D3451.contig46_3	177	1.1e-06
CAAD	PF14159.6	85	D3451.contig46_4	129	0.021
FtsK_SpoIIIE	PF01580.18	243	D3451.contig46_5	479	6.5e-10
UPF0058	PF01893.16	87	D3451.contig46_5	479	8.9e-05
DUF2075	PF09848.9	363	D3451.contig46_5	479	0.00025
Bro-N	PF02498.17	95	D3451.contig47_1	201	7.9e-30
ANT	PF03374.14	108	D3451.contig47_1	201	1.2e-15
HTH_Tnp_ISL3	PF13542.6	52	D3451.contig47_1	201	0.0018
HTH_Mga	PF08280.11	60	D3451.contig47_1	201	0.0084
YadA_head	PF05658.14	27	D3451.contig47_2	494	1.4e-12
YadA_anchor	PF03895.15	60	D3451.contig47_2	494	3.5e-10
YadA_stalk	PF05662.14	43	D3451.contig47_2	494	6.4e-10
Exonuc_VII_L	PF02601.15	304	D3451.contig47_2	494	0.00053
CHDCT2	PF08074.11	171	D3451.contig47_2	494	0.002
DHR10	PF18595.1	117	D3451.contig47_2	494	0.003
Spc7	PF08317.11	310	D3451.contig47_2	494	0.0055
HTH_38	PF13936.6	44	D3451.contig47_3	89	1.5e-05
HTH_23	PF13384.6	50	D3451.contig47_3	89	3.9e-05
HTH_6	PF01418.17	77	D3451.contig47_3	89	0.00024
HTH_50	PF18024.1	50	D3451.contig47_3	89	0.00093
HTH_28	PF13518.6	52	D3451.contig47_3	89	0.0012
RWP-RK	PF02042.15	49	D3451.contig47_3	89	0.0014
Sigma70_r4	PF04545.16	50	D3451.contig47_3	89	0.004
HTH_19	PF12844.7	65	D3451.contig47_3	89	0.0043
HTH_3	PF01381.22	55	D3451.contig47_3	89	0.0047
SSB	PF00436.25	104	D3451.contig47_5	124	2e-22
HemeBinding_Shp	PF11545.8	152	D3451.contig47_5	124	0.004
DUF3127	PF11325.8	85	D3451.contig47_5	124	0.016
ssDNA_DBD	PF18333.1	106	D3451.contig47_6	266	0.013
Phage_pRha	PF09669.10	88	D3451.contig48_1	66	7.6e-10
HTH_26	PF13443.6	63	D3451.contig48_2	71	6.5e-06
HTH_19	PF12844.7	65	D3451.contig48_2	71	0.022
HTH_3	PF01381.22	55	D3451.contig48_3	141	1.4e-05
HTH_19	PF12844.7	65	D3451.contig48_3	141	2.8e-05
HTH_26	PF13443.6	63	D3451.contig48_3	141	0.0007
Peptidase_M78	PF06114.13	123	D3451.contig48_4	147	3.1e-13
Peptidase_M48	PF01435.18	196	D3451.contig48_4	147	0.0093
HNH	PF01844.23	47	D3451.contig48_6	322	3.5e-13
HNH_5	PF14279.6	56	D3451.contig48_6	322	1.3e-09
HNH_4	PF13395.6	55	D3451.contig48_6	322	0.00052
Endonuclease_7	PF02945.15	82	D3451.contig48_6	322	0.018
CcmE	PF03100.15	128	D3451.contig49_1	207	0.0025
Glyco_hydro_59	PF02057.15	294	D3451.contig49_2	73	0.013
RNase_H_2	PF13482.6	166	D3451.contig49_2	73	0.027
PAPS_reduct	PF01507.19	174	D3451.contig49_4	127	1.5e-09
Arginosuc_synth	PF00764.19	388	D3451.contig49_4	127	0.014
PAPS_reduct	PF01507.19	174	D3451.contig49_5	194	8.9e-08
DNA_methylase	PF00145.17	335	D3451.contig49_6	456	4.6e-24
DUF669	PF05037.13	141	D3451.contig50_2	195	0.0007
AAA_24	PF13479.6	197	D3451.contig50_3	349	3.2e-60
AAA_16	PF13191.6	170	D3451.contig50_3	349	0.0027
AAA_23	PF13476.6	200	D3451.contig50_4	436	1.5e-10
AAA_15	PF13175.6	369	D3451.contig50_4	436	1.9e-10
SMC_N	PF02463.19	220	D3451.contig50_4	436	1.3e-07
AAA_29	PF13555.6	61	D3451.contig50_4	436	0.00053
DUF1642	PF07852.11	138	D3451.contig50_5	225	1.4e-12
DUF5634	PF18681.1	98	D3451.contig50_5	225	0.012
zinc_ribbon_15	PF17032.5	86	D3451.contig51_3	97	0.00019
DZR	PF12773.7	49	D3451.contig51_3	97	0.0017
ANT	PF03374.14	108	D3451.contig51_5	255	2.5e-33
AntA	PF08346.12	68	D3451.contig51_5	255	5e-20
DUF1059	PF06348.11	56	D3451.contig51_8	75	0.015
HTH_19	PF12844.7	65	D3451.contig51_9	128	2.7e-07
HTH_3	PF01381.22	55	D3451.contig51_9	128	7.1e-05
HTH_31	PF13560.6	64	D3451.contig51_9	128	0.0027
RE_HindIII	PF09518.10	285	D3451.contig52_1	309	1.7e-103
N6_N4_Mtase	PF01555.18	231	D3451.contig52_2	306	3.2e-48
MethyltransfD12	PF02086.15	260	D3451.contig52_2	306	0.015
Rop	PF01815.16	57	D3451.contig52_3	61	1.4e-32
TPR_12	PF13424.6	77	D3451.contig53_2	630	4.2e-13
AAA_16	PF13191.6	170	D3451.contig53_2	630	8.4e-08
ATPase_2	PF01637.18	233	D3451.contig53_2	630	1.8e-05
NB-ARC	PF00931.22	252	D3451.contig53_2	630	1.8e-05
TPR_MalT	PF17874.1	336	D3451.contig53_2	630	6.7e-05
AAA_22	PF13401.6	137	D3451.contig53_2	630	0.00033
SMC_N	PF02463.19	220	D3451.contig53_3	59	0.031
ABC_tran	PF00005.27	137	D3451.contig53_4	204	4.7e-22
AAA_21	PF13304.6	303	D3451.contig53_4	204	0.00041
AAA_29	PF13555.6	61	D3451.contig53_4	204	0.00047
AAA_23	PF13476.6	200	D3451.contig53_4	204	0.0011
AAA_15	PF13175.6	369	D3451.contig53_4	204	0.0013
AAA_16	PF13191.6	170	D3451.contig53_4	204	0.0024
MMR_HSR1	PF01926.23	114	D3451.contig53_4	204	0.0024
DUF1340	PF07067.11	236	D3451.contig54_1	236	6.5e-70
YopX	PF09643.10	131	D3451.contig54_2	129	8.9e-23
DUF1372	PF07116.11	104	D3451.contig54_3	106	4e-39
eRF1_1	PF03463.15	129	D3451.contig54_3	106	0.042
HTH_3	PF01381.22	55	D3451.contig54_4	171	1.7e-15
HTH_19	PF12844.7	65	D3451.contig54_4	171	7e-10
HTH_26	PF13443.6	63	D3451.contig54_4	171	4.7e-06
HTH_31	PF13560.6	64	D3451.contig54_4	171	6.6e-06
HTH_25	PF13413.6	62	D3451.contig54_4	171	2e-05
MazG	PF03819.17	74	D3451.contig54_4	171	0.00091
HTH_24	PF13412.6	48	D3451.contig54_4	171	0.0047
DUF1642	PF07852.11	138	D3451.contig54_5	169	1.8e-29
Phage_pRha	PF09669.10	88	D3451.contig55_1	66	7.6e-10
DUF739	PF05339.11	69	D3451.contig55_2	93	3.8e-26
HTH_3	PF01381.22	55	D3451.contig55_3	199	1.4e-05
Peptidase_M78	PF06114.13	123	D3451.contig55_4	162	0.0044
TM2	PF05154.16	51	D3451.contig55_5	151	1.3e-14
Bro-N	PF02498.17	95	D3451.contig55_6	298	0.0001
RskA	PF10099.9	180	D3451.contig56_1	163	8.9e-06
MctB	PF11382.8	306	D3451.contig56_1	163	0.00017
CENP-F_leu_zip	PF10473.9	140	D3451.contig56_1	163	0.0011
GIT_CC	PF16559.5	66	D3451.contig56_1	163	0.0013
DUF1043	PF06295.12	123	D3451.contig56_1	163	0.0026
DUF2570	PF10828.8	108	D3451.contig56_1	163	0.0037
Peptidase_M78	PF06114.13	123	D3451.contig56_2	129	1.8e-06
Peptidase_M48	PF01435.18	196	D3451.contig56_2	129	0.001
Peptidase_U49	PF10463.9	206	D3451.contig56_2	129	0.017
CRIC_ras_sig	PF10534.9	93	D3451.contig56_5	227	0.037
HTH_23	PF13384.6	50	D3451.contig56_6	100	0.01
Terminase_5	PF06056.12	58	D3451.contig56_6	100	0.028
Glyco_hydro_25	PF01183.20	178	D3451.contig57_1	420	1.1e-38
LysM	PF01476.20	44	D3451.contig57_1	420	2.5e-31
LysM	PF01476.20	44	D3451.contig57_1	420	2.5e-31
Phage_integrase	PF00589.22	172	D3451.contig57_2	394	1.5e-23
Phage_int_SAM_3	PF14659.6	58	D3451.contig57_2	394	4.2e-19
Arm-DNA-bind_4	PF14657.6	46	D3451.contig57_2	394	5.8e-07
Phage_GP20	PF06810.11	149	D3451.contig58_2	204	9e-17
Med9	PF07544.13	80	D3451.contig58_2	204	0.0059
Phage_holin_1	PF04531.13	82	D3451.contig59_1	77	4.3e-19
Glyco_hydro_25	PF01183.20	178	D3451.contig59_2	470	1.7e-37
CHAP	PF05257.16	83	D3451.contig59_2	470	1e-08
DNA_methylase	PF00145.17	335	D3451.contig60_1	461	1.5e-58
HNH_3	PF13392.6	46	D3451.contig60_2	216	2.7e-13
NUMOD4	PF07463.11	49	D3451.contig60_2	216	5.4e-11
NUMOD1	PF07453.13	37	D3451.contig60_2	216	0.008
YopX	PF09643.10	131	D3451.contig60_3	138	5.3e-16
DUF551	PF04448.12	69	D3451.contig60_5	124	2e-05
BppU_N	PF10651.9	148	D3451.contig61_1	303	1.6e-29
Phage_lysozyme2	PF18013.1	143	D3451.contig61_2	709	1e-27
CHAP	PF05257.16	83	D3451.contig61_2	709	1e-06
Prophage_tail	PF06605.11	316	D3451.contig61_2	709	4.4e-05
Glyco_hydro_25	PF01183.20	178	D3451.contig62_2	208	1.1e-23
Spc7	PF08317.11	310	D3451.contig62_3	158	0.0015
ATG16	PF08614.11	200	D3451.contig62_3	158	0.0031
Phage_integrase	PF00589.22	172	D3451.contig62_4	388	3.3e-21
MerR_1	PF13411.6	69	D3451.contig63_1	216	5.3e-16
DUF1687	PF07955.11	128	D3451.contig63_1	216	0.00079
HTH_17	PF12728.7	51	D3451.contig63_1	216	0.0022
