target	acc	tlen	query	qlen	evalue
ACR_tran	PF00873.19	1021	DB1.contig1_1	249	4e-46
MMPL	PF03176.15	333	DB1.contig1_1	249	0.001
DUF411	PF04214.13	69	DB1.contig1_2	147	7.2e-24
E1-E2_ATPase	PF00122.20	181	DB1.contig1_3	816	3.7e-58
Hydrolase	PF00702.26	210	DB1.contig1_3	816	9.2e-45
YHS	PF04945.13	48	DB1.contig1_3	816	3.3e-20
Hydrolase_3	PF08282.12	255	DB1.contig1_3	816	5.6e-07
HAD	PF12710.7	188	DB1.contig1_3	816	9.1e-06
RibD_C	PF01872.17	200	DB1.contig1_3	816	0.0075
DUF2933	PF11666.8	52	DB1.contig1_4	66	5.5e-24
Peptidase_M23	PF01551.22	96	DB1.contig1_5	246	5e-26
NUT	PF12881.7	729	DB1.contig1_6	150	0.015
Cu-oxidase_3	PF07732.15	119	DB1.contig1_7	606	1.6e-49
Cu-oxidase_3	PF07732.15	119	DB1.contig1_7	606	1.6e-49
Cu-oxidase	PF00394.22	159	DB1.contig1_7	606	3.7e-40
Cu-oxidase_2	PF07731.14	137	DB1.contig1_7	606	2.6e-31
Cu-oxidase_2	PF07731.14	137	DB1.contig1_7	606	2.6e-31
TAT_signal	PF10518.9	26	DB1.contig1_7	606	0.0047
CopB	PF05275.11	208	DB1.contig1_8	299	3.6e-87
OMP_b-brl	PF13505.6	178	DB1.contig1_8	299	0.0027
CopC	PF04234.12	92	DB1.contig1_9	127	3.1e-23
Big_5	PF13205.6	108	DB1.contig1_9	127	1.9e-05
CopD	PF05425.13	105	DB1.contig1_10	310	2.1e-21
DUF4149	PF13664.6	102	DB1.contig1_10	310	0.0023
Response_reg	PF00072.24	112	DB1.contig1_11	227	3.5e-26
Trans_reg_C	PF00486.28	77	DB1.contig1_11	227	6.8e-25
HATPase_c	PF02518.26	112	DB1.contig1_12	467	2.1e-16
HisKA	PF00512.25	67	DB1.contig1_12	467	8.5e-10
HAMP	PF00672.25	53	DB1.contig1_12	467	1.2e-06
HATPase_c_5	PF14501.6	101	DB1.contig1_12	467	3.6e-06
DDE_Tnp_IS66	PF03050.14	282	DB1.contig1_14	513	3.7e-100
DDE_Tnp_IS66_C	PF13817.6	39	DB1.contig1_14	513	1.2e-16
LZ_Tnp_IS66	PF13007.7	69	DB1.contig1_14	513	2.8e-13
zf-IS66	PF13005.7	46	DB1.contig1_14	513	1.2e-12
GAS	PF13851.6	200	DB1.contig1_14	513	0.0044
TnpB_IS66	PF05717.13	101	DB1.contig1_15	116	1.3e-38
HTH_Tnp_1	PF01527.20	75	DB1.contig1_16	135	6.3e-13
DDE_Tnp_ISL3	PF01610.17	240	DB1.contig1_17	124	1.6e-12
DDE_Tnp_ISL3	PF01610.17	240	DB1.contig1_18	272	1.9e-18
zf-ISL3	PF14690.6	47	DB1.contig1_18	272	8e-07
MIP	PF00230.20	227	DB1.contig1_19	135	9.4e-24
DUF1576	PF07613.11	176	DB1.contig1_19	135	0.0092
Acetyltransf_4	PF13420.7	155	DB1.contig1_20	166	3.1e-16
Acetyltransf_1	PF00583.25	117	DB1.contig1_20	166	4e-12
Acetyltransf_3	PF13302.7	138	DB1.contig1_20	166	1.2e-08
Acetyltransf_7	PF13508.7	76	DB1.contig1_20	166	1.1e-07
Acetyltransf_10	PF13673.7	127	DB1.contig1_20	166	0.00017
HTH_20	PF12840.7	61	DB1.contig1_21	109	7.9e-12
HTH_IclR	PF09339.10	52	DB1.contig1_21	109	2.8e-05
HTH_5	PF01022.20	47	DB1.contig1_21	109	4.3e-05
TrmB	PF01978.19	68	DB1.contig1_21	109	0.0017
HTH_24	PF13412.6	48	DB1.contig1_21	109	0.011
FMN_red	PF03358.15	155	DB1.contig1_22	238	7.2e-27
Flavodoxin_2	PF02525.17	198	DB1.contig1_22	238	0.026
Sigma70_r2	PF04542.14	71	DB1.contig1_23	182	2.3e-13
Sigma70_r4_2	PF08281.12	54	DB1.contig1_23	182	9.6e-09
Sigma70_r4	PF04545.16	50	DB1.contig1_23	182	2.2e-05
ArsD	PF06953.11	123	DB1.contig1_24	121	3.3e-31
Thioredoxin_3	PF13192.6	76	DB1.contig1_24	121	8e-05
ArsA_ATPase	PF02374.15	305	DB1.contig1_25	447	9.1e-67
ArsA_ATPase	PF02374.15	305	DB1.contig1_25	447	9.1e-67
AAA_31	PF13614.6	177	DB1.contig1_25	447	3.5e-21
AAA_31	PF13614.6	177	DB1.contig1_25	447	3.5e-21
CbiA	PF01656.23	128	DB1.contig1_25	447	2.4e-20
CbiA	PF01656.23	128	DB1.contig1_25	447	2.4e-20
ParA	PF10609.9	246	DB1.contig1_25	447	1.9e-12
ParA	PF10609.9	246	DB1.contig1_25	447	1.9e-12
Fer4_NifH	PF00142.18	271	DB1.contig1_25	447	1.2e-09
Fer4_NifH	PF00142.18	271	DB1.contig1_25	447	1.2e-09
AAA_16	PF13191.6	170	DB1.contig1_25	447	1.6e-08
AAA_25	PF13481.6	194	DB1.contig1_25	447	1.6e-08
SRP54	PF00448.22	196	DB1.contig1_25	447	7e-08
MeaB	PF03308.16	267	DB1.contig1_25	447	2e-07
PhoH	PF02562.16	205	DB1.contig1_25	447	2.6e-07
CBP_BcsQ	PF06564.12	234	DB1.contig1_25	447	4.7e-07
MipZ	PF09140.11	262	DB1.contig1_25	447	6.4e-06
ArsA_ATPase	PF02374.15	305	DB1.contig1_26	158	4.6e-17
ArsA_ATPase	PF02374.15	305	DB1.contig1_26	158	4.6e-17
Acetyltransf_1	PF00583.25	117	DB1.contig1_27	141	6.8e-16
Acetyltransf_4	PF13420.7	155	DB1.contig1_27	141	3.1e-14
Acetyltransf_7	PF13508.7	76	DB1.contig1_27	141	1.4e-08
Acetyltransf_3	PF13302.7	138	DB1.contig1_27	141	1.6e-08
Acetyltransf_10	PF13673.7	127	DB1.contig1_27	141	2.3e-08
Acetyltransf_CG	PF14542.6	80	DB1.contig1_27	141	0.00034
Acetyltransf_6	PF13480.7	142	DB1.contig1_27	141	0.00038
ArsC	PF03960.15	64	DB1.contig1_28	142	4.3e-20
ArsB	PF02040.15	423	DB1.contig1_29	191	2.4e-70
CitMHS	PF03600.16	300	DB1.contig1_29	191	2.3e-09
Peptidase_S24	PF00717.23	70	DB1.contig2_1	128	3.1e-12
DUF1828	PF08861.10	91	DB1.contig2_3	253	4.7e-07
YqaJ	PF09588.10	148	DB1.contig2_8	208	1.3e-13
HTH_11	PF08279.12	55	DB1.contig2_9	143	0.0041
MT-A70	PF05063.14	172	DB1.contig2_10	219	7.6e-22
MT-A70	PF05063.14	172	DB1.contig2_10	219	7.6e-22
zf-dskA_traR	PF01258.17	36	DB1.contig2_12	73	9.2e-11
HypA	PF01155.19	112	DB1.contig2_12	73	0.0046
DZR	PF12773.7	49	DB1.contig2_12	73	0.016
AP2	PF00847.20	54	DB1.contig2_13	220	1e-06
Phage_integrase	PF00589.22	172	DB1.contig2_14	388	5.6e-41
THF_DHG_CYH_C	PF02882.19	160	DB1.contig2_15	289	1.6e-68
THF_DHG_CYH	PF00763.23	116	DB1.contig2_15	289	1.2e-40
S4_2	PF13275.6	65	DB1.contig2_16	71	7.4e-24
tRNA-synt_1e	PF01406.19	301	DB1.contig2_17	462	5.5e-145
DALR_2	PF09190.11	63	DB1.contig2_17	462	2.8e-26
tRNA-synt_1g	PF09334.11	391	DB1.contig2_17	462	9.4e-15
tRNA-synt_1g	PF09334.11	391	DB1.contig2_17	462	9.4e-15
tRNA-synt_1f	PF01921.18	360	DB1.contig2_17	462	3.8e-08
tRNA-synt_1	PF00133.22	602	DB1.contig2_17	462	3.8e-06
Pro_isomerase	PF00160.21	158	DB1.contig2_18	165	1.2e-48
Metallophos_2	PF12850.7	165	DB1.contig2_19	241	4.3e-10
Metallophos	PF00149.28	204	DB1.contig2_19	241	1.4e-09
AIRC	PF00731.20	148	DB1.contig2_21	170	1.2e-62
ATP-grasp	PF02222.22	171	DB1.contig2_22	356	1.8e-55
PurK_C	PF17769.1	56	DB1.contig2_22	356	2.6e-17
Rhodanese	PF00581.20	107	DB1.contig2_23	359	3.4e-05
FtsX	PF02687.21	96	DB1.contig2_25	141	0.0002
TraW_N	PF12477.8	30	DB1.contig3_1	152	0.038
TrbI_Ftype	PF09677.10	106	DB1.contig3_2	126	1.7e-19
OmpH	PF03938.14	138	DB1.contig3_2	126	0.0097
TraC_F_IV	PF11130.8	238	DB1.contig3_3	874	4.6e-38
AAA_10	PF12846.7	362	DB1.contig3_3	874	2.7e-05
DUF87	PF01935.17	227	DB1.contig3_3	874	3.1e-05
TraV	PF09676.10	132	DB1.contig3_4	177	6.5e-11
TrbI	PF03743.14	187	DB1.contig3_6	444	2.3e-26
TraK	PF06586.11	231	DB1.contig3_7	240	4.3e-37
TraE	PF05309.11	182	DB1.contig3_8	192	5.4e-28
DUF5504	PF17608.2	124	DB1.contig3_8	192	0.0017
TraL	PF07178.11	90	DB1.contig3_9	99	1.3e-18
TraA	PF05513.11	120	DB1.contig3_10	102	3.2e-10
TraA	PF05513.11	120	DB1.contig3_11	102	2.2e-09
TraY	PF05509.11	49	DB1.contig3_12	68	1.3e-16
BetR	PF08667.10	148	DB1.contig3_13	282	1.9e-17
Response_reg	PF00072.24	112	DB1.contig3_13	282	7.1e-11
HTH_26	PF13443.6	63	DB1.contig3_13	282	0.0019
Glyco_transf_9	PF01075.17	249	DB1.contig3_14	332	0.00084
Oxidored_molyb	PF00174.19	172	DB1.contig3_15	168	0.00019
HATPase_c	PF02518.26	112	DB1.contig3_16	573	6.1e-27
Response_reg	PF00072.24	112	DB1.contig3_16	573	8e-15
HisKA	PF00512.25	67	DB1.contig3_16	573	1.2e-06
HATPase_c_5	PF14501.6	101	DB1.contig3_16	573	0.021
Tra_M	PF05261.11	126	DB1.contig3_17	134	1.7e-05
HicB_lk_antitox	PF15919.5	123	DB1.contig3_17	134	0.0095
SLT	PF01464.20	117	DB1.contig3_18	161	1.9e-21
Lys	PF00062.20	124	DB1.contig3_18	161	0.0081
Cytochrom_NNT	PF03264.14	174	DB1.contig3_19	106	0.014
DUF932	PF06067.11	228	DB1.contig3_21	274	2e-57
DUF2732	PF10809.8	74	DB1.contig4_1	78	3.6e-29
SBD_N	PF07005.11	228	DB1.contig4_1	78	0.045
zf-dskA_traR	PF01258.17	36	DB1.contig4_2	76	4.5e-10
MethyltransfD12	PF02086.15	260	DB1.contig4_3	287	1.2e-65
Phage_GPA	PF05840.13	318	DB1.contig4_4	807	7.5e-123
DinI	PF06183.13	63	DB1.contig4_6	115	3.7e-20
Rnk_N	PF14760.6	41	DB1.contig4_6	115	0.05
DUF5347	PF17282.2	102	DB1.contig4_7	114	2.8e-39
DUF2724	PF10893.8	63	DB1.contig4_8	67	2.5e-25
Phage_CP76	PF06892.11	157	DB1.contig4_9	170	1.1e-67
HTH_17	PF12728.7	51	DB1.contig4_10	81	0.00038
Phage_CI_C	PF16452.5	102	DB1.contig4_11	211	1.8e-29
Phage_CI_repr	PF07022.13	65	DB1.contig4_11	211	1.5e-28
Phage_integrase	PF00589.22	172	DB1.contig4_12	340	8.1e-26
Phage_integrase	PF00589.22	172	DB1.contig4_12	340	8.1e-26
RES	PF08808.11	162	DB1.contig4_14	398	0.0011
DinI	PF06183.13	63	DB1.contig4_16	80	8.2e-23
Resolvase	PF00239.21	146	DB1.contig4_18	190	2.3e-47
HTH_7	PF02796.15	45	DB1.contig4_18	190	1.2e-08
HTH_23	PF13384.6	50	DB1.contig4_18	190	0.00025
Peptidase_S24	PF00717.23	70	DB1.contig5_1	387	6.4e-13
Peptidase_S26	PF10502.9	138	DB1.contig5_1	387	2.5e-09
Peptidase_S26	PF10502.9	138	DB1.contig5_1	387	2.5e-09
Ldh_2	PF02615.14	333	DB1.contig5_2	361	1.6e-121
Ser_hydrolase	PF06821.13	171	DB1.contig5_3	179	1.4e-56
Abhydrolase_1	PF00561.20	257	DB1.contig5_3	179	8.2e-08
Hydrolase_4	PF12146.8	239	DB1.contig5_3	179	3.4e-05
Abhydrolase_6	PF12697.7	220	DB1.contig5_3	179	4.3e-05
tRNA-synt_2	PF00152.20	314	DB1.contig5_5	479	3e-86
tRNA_anti-codon	PF01336.25	76	DB1.contig5_5	479	8.5e-09
DUF705	PF05152.12	304	DB1.contig5_5	479	0.01
EamA	PF00892.20	137	DB1.contig5_7	287	3.8e-36
EamA	PF00892.20	137	DB1.contig5_7	287	3.8e-36
Toprim_N	PF08275.11	128	DB1.contig5_8	645	6.3e-41
zf-CHC2	PF01807.20	98	DB1.contig5_8	645	3.1e-29
Toprim_2	PF13155.6	90	DB1.contig5_8	645	1.7e-17
Toprim_4	PF13662.6	89	DB1.contig5_8	645	5.9e-17
DnaB_bind	PF10410.9	56	DB1.contig5_8	645	5.6e-07
Toprim_3	PF13362.6	95	DB1.contig5_8	645	1.2e-06
Toprim	PF01751.22	103	DB1.contig5_8	645	3.7e-06
LcrG	PF07216.12	91	DB1.contig5_8	645	0.0061
UPF0102	PF02021.17	79	DB1.contig5_9	123	2.5e-24
NERD	PF08378.11	108	DB1.contig5_9	123	0.004
DUF234	PF03008.14	99	DB1.contig5_9	123	0.0064
Glu_cyclase_2	PF05096.12	251	DB1.contig5_10	357	2.4e-86
PQQ_2	PF13360.6	237	DB1.contig5_10	357	0.00093
SdiA-regulated	PF06977.11	249	DB1.contig5_10	357	0.0012
PGI	PF00342.19	486	DB1.contig5_11	191	6e-45
Cytochrome_cB	PF11783.8	175	DB1.contig5_11	191	0.01
PCRF	PF03462.18	193	DB1.contig5_12	288	3.2e-45
RF-1	PF00472.20	116	DB1.contig5_12	288	8.1e-38
PGI	PF00342.19	486	DB1.contig5_14	462	8.4e-208
DUF3387	PF11867.8	331	DB1.contig5_14	462	0.0026
Molybdopterin	PF00384.22	432	DB1.contig6_2	384	2.7e-54
Molybdop_Fe4S4	PF04879.16	55	DB1.contig6_2	384	1.6e-14
Molydop_binding	PF01568.21	111	DB1.contig6_3	417	3.9e-29
Molybdopterin	PF00384.22	432	DB1.contig6_3	417	1.5e-25
Fer4_11	PF13247.6	100	DB1.contig6_4	206	4.7e-28
Fer4_2	PF12797.7	22	DB1.contig6_4	206	3.3e-13
Fer4_2	PF12797.7	22	DB1.contig6_4	206	3.3e-13
Fer4_9	PF13187.6	51	DB1.contig6_4	206	2.5e-12
Fer4_9	PF13187.6	51	DB1.contig6_4	206	2.5e-12
Fer4	PF00037.27	24	DB1.contig6_4	206	4.4e-12
Fer4	PF00037.27	24	DB1.contig6_4	206	4.4e-12
Fer4_7	PF12838.7	52	DB1.contig6_4	206	2.6e-11
Fer4_7	PF12838.7	52	DB1.contig6_4	206	2.6e-11
Fer4_10	PF13237.6	56	DB1.contig6_4	206	1.5e-09
Fer4_6	PF12837.7	24	DB1.contig6_4	206	4.7e-09
Fer4_6	PF12837.7	24	DB1.contig6_4	206	4.7e-09
Fer4_4	PF12800.7	17	DB1.contig6_4	206	5.7e-08
Fer4_4	PF12800.7	17	DB1.contig6_4	206	5.7e-08
Fer4_3	PF12798.7	15	DB1.contig6_4	206	9.8e-07
Fer4_21	PF14697.6	59	DB1.contig6_4	206	0.0001
Fer4_8	PF13183.6	65	DB1.contig6_4	206	0.00035
DmsC	PF04976.12	276	DB1.contig6_5	286	4.3e-97
Nitrate_red_del	PF02613.15	137	DB1.contig6_6	203	3.9e-23
Voltage_CLC	PF00654.20	354	DB1.contig6_7	432	3.9e-72
AAA_26	PF13500.6	198	DB1.contig6_8	232	7.6e-31
CbiA	PF01656.23	128	DB1.contig6_8	232	1.7e-12
DUF1611	PF07755.11	200	DB1.contig6_8	232	0.001
ROK	PF00480.20	294	DB1.contig6_9	407	4.6e-51
Fe_dep_repress	PF01325.19	60	DB1.contig6_9	407	0.0012
MarR	PF01047.22	59	DB1.contig6_9	407	0.0018
MarR_2	PF12802.7	62	DB1.contig6_9	407	0.007
LysR_substrate	PF03466.20	209	DB1.contig6_10	301	2.2e-43
HTH_1	PF00126.27	60	DB1.contig6_10	301	3.2e-22
MFS_1	PF07690.16	353	DB1.contig6_11	417	1.7e-36
MFS_1	PF07690.16	353	DB1.contig6_11	417	1.7e-36
Sugar_tr	PF00083.24	452	DB1.contig6_11	417	4.7e-10
MFS_1_like	PF12832.7	385	DB1.contig6_11	417	0.0015
MFS_1_like	PF12832.7	385	DB1.contig6_11	417	0.0015
Peptidase_M32	PF02074.15	488	DB1.contig6_12	496	2e-169
TraU	PF06834.11	307	DB1.contig7_1	115	2.5e-35
TrbC_Ftype	PF09673.10	112	DB1.contig7_2	143	3.3e-18
TraN	PF06986.11	240	DB1.contig7_3	646	1.5e-73
TraF	PF13728.6	224	DB1.contig7_4	257	1.3e-60
Pom	PF17251.2	279	DB1.contig7_4	257	0.0096
TraF	PF13728.6	224	DB1.contig7_5	185	7.3e-14
Thioredoxin_2	PF13098.6	109	DB1.contig7_5	185	2.8e-05
DSBA	PF01323.20	193	DB1.contig7_5	185	0.00055
Thioredoxin	PF00085.20	103	DB1.contig7_5	185	0.0044
TraH	PF06122.11	361	DB1.contig7_6	455	3.2e-105
TraG_N	PF07916.11	467	DB1.contig7_7	957	6e-75
CCB1	PF12046.8	168	DB1.contig7_8	188	0.024
TrwB_AAD_bind	PF10412.9	386	DB1.contig7_9	711	5e-117
TraG-D_C	PF12696.7	126	DB1.contig7_9	711	8e-18
T4SS-DNA_transf	PF02534.14	469	DB1.contig7_9	711	7.2e-11
AAA_16	PF13191.6	170	DB1.contig7_9	711	0.0016
TrwC	PF08751.11	296	DB1.contig7_10	486	6.5e-67
Lysine_decarbox	PF03641.14	132	DB1.contig8_2	193	4.4e-43
LDcluster4	PF18306.1	157	DB1.contig8_2	193	4.5e-17
MatE	PF01554.18	161	DB1.contig8_4	458	2.6e-74
MatE	PF01554.18	161	DB1.contig8_4	458	2.6e-74
Polysacc_synt_C	PF14667.6	143	DB1.contig8_4	458	3.6e-09
Lum_binding	PF00677.17	87	DB1.contig8_5	212	4.1e-47
Lum_binding	PF00677.17	87	DB1.contig8_5	212	4.1e-47
CMAS	PF02353.20	273	DB1.contig8_6	383	7.6e-102
Methyltransf_25	PF13649.6	97	DB1.contig8_6	383	3.1e-16
Methyltransf_23	PF13489.6	165	DB1.contig8_6	383	1.4e-15
Methyltransf_11	PF08241.12	96	DB1.contig8_6	383	1.7e-15
Methyltransf_31	PF13847.6	152	DB1.contig8_6	383	5.4e-10
Methyltransf_12	PF08242.12	99	DB1.contig8_6	383	4.7e-09
MTS	PF05175.14	169	DB1.contig8_6	383	3.4e-06
PCMT	PF01135.19	210	DB1.contig8_6	383	4.8e-05
MetW	PF07021.12	193	DB1.contig8_6	383	9.3e-05
FtsJ	PF01728.19	177	DB1.contig8_6	383	0.00044
Methyltransf_32	PF13679.6	158	DB1.contig8_6	383	0.00091
MFS_1	PF07690.16	353	DB1.contig8_7	394	2e-42
Sugar_tr	PF00083.24	452	DB1.contig8_7	394	1.5e-11
MFS_2	PF13347.6	427	DB1.contig8_7	394	5.3e-06
LysR_substrate	PF03466.20	209	DB1.contig8_8	335	1.2e-28
HTH_1	PF00126.27	60	DB1.contig8_8	335	2.8e-20
Peripla_BP_3	PF13377.6	166	DB1.contig8_9	342	1.3e-40
Peripla_BP_1	PF00532.21	279	DB1.contig8_9	342	1.3e-33
Peripla_BP_4	PF13407.6	258	DB1.contig8_9	342	1.2e-19
LacI	PF00356.21	46	DB1.contig8_9	342	2.8e-19
MFS_1	PF07690.16	353	DB1.contig8_11	389	1e-32
MFS_4	PF06779.14	363	DB1.contig8_11	389	1.1e-11
Sugar_tr	PF00083.24	452	DB1.contig8_11	389	1.1e-05
Sod_Fe_C	PF02777.18	102	DB1.contig8_12	194	1.6e-40
Sod_Fe_N	PF00081.22	82	DB1.contig8_12	194	3e-35
HTH_18	PF12833.7	81	DB1.contig8_13	162	4.6e-18
HTH_AraC	PF00165.23	42	DB1.contig8_13	162	2e-13
HTH_AraC	PF00165.23	42	DB1.contig8_13	162	2e-13
LysR_substrate	PF03466.20	209	DB1.contig9_2	295	1.4e-34
HTH_1	PF00126.27	60	DB1.contig9_2	295	1.7e-23
MarR_2	PF12802.7	62	DB1.contig9_2	295	0.004
HTH_24	PF13412.6	48	DB1.contig9_2	295	0.0087
DLH	PF01738.18	217	DB1.contig9_3	353	9.4e-05
Peptidase_S15	PF02129.18	269	DB1.contig9_3	353	0.00015
Abhydrolase_1	PF00561.20	257	DB1.contig9_3	353	0.00026
AXE1	PF05448.12	317	DB1.contig9_3	353	0.00047
Peptidase_S9	PF00326.21	212	DB1.contig9_3	353	0.0033
BAAT_C	PF08840.11	213	DB1.contig9_3	353	0.0036
MFS_1	PF07690.16	353	DB1.contig9_4	401	1.5e-31
MFS_1	PF07690.16	353	DB1.contig9_4	401	1.5e-31
DUF3341	PF11821.8	170	DB1.contig9_4	401	0.031
Aldo_ket_red	PF00248.21	294	DB1.contig9_5	290	2.5e-37
HATPase_c_2	PF13581.6	125	DB1.contig9_6	97	2e-05
Herpes_glycoH_C	PF17488.2	135	DB1.contig9_7	63	0.076
LysR_substrate	PF03466.20	209	DB1.contig9_8	305	2.8e-38
HTH_1	PF00126.27	60	DB1.contig9_8	305	1.1e-18
adh_short_C2	PF13561.6	234	DB1.contig9_9	254	3.5e-51
adh_short	PF00106.25	195	DB1.contig9_9	254	3.4e-41
KR	PF08659.10	180	DB1.contig9_9	254	4.9e-08
Epimerase	PF01370.21	241	DB1.contig9_9	254	1e-05
DUF1776	PF08643.10	296	DB1.contig9_9	254	0.0014
HD	PF01966.22	122	DB1.contig9_10	511	3.5e-09
DJ-1_PfpI	PF01965.24	165	DB1.contig9_11	189	4.4e-49
GATase	PF00117.28	190	DB1.contig9_11	189	0.00041
ThiJ_like	PF17124.5	196	DB1.contig9_11	189	0.008
T6SS_VipA	PF05591.12	155	DB1.contig9_13	164	2.4e-53
GerD	PF17898.1	114	DB1.contig9_13	164	0.0086
DDE_Tnp_1	PF01609.21	214	DB1.contig10_2	327	1e-32
DUF772	PF05598.11	73	DB1.contig10_2	327	1.9e-21
DDE_Tnp_1_3	PF13612.6	155	DB1.contig10_2	327	8.8e-06
DDE_Tnp_1_6	PF13751.6	125	DB1.contig10_2	327	5.1e-05
DDE_Tnp_4	PF13359.6	158	DB1.contig10_2	327	0.00065
UvrD-helicase	PF00580.21	315	DB1.contig10_5	680	5.3e-37
AAA_19	PF13245.6	146	DB1.contig10_5	680	7e-26
UvrD_C	PF13361.6	349	DB1.contig10_5	680	4.9e-20
UvrD_C_2	PF13538.6	52	DB1.contig10_5	680	1.2e-09
Viral_helicase1	PF01443.18	234	DB1.contig10_5	680	3.3e-09
HsdM_N	PF12161.8	137	DB1.contig10_6	81	1.2e-07
N6_N4_Mtase	PF01555.18	231	DB1.contig10_7	234	1.8e-30
N6_N4_Mtase	PF01555.18	231	DB1.contig10_7	234	1.8e-30
DUF1380	PF07128.12	137	DB1.contig10_9	140	3.9e-74
Antirestrict	PF03230.13	92	DB1.contig10_11	143	2.8e-27
GerE	PF00196.19	57	DB1.contig10_12	200	1.6e-09
Sigma70_r4_2	PF08281.12	54	DB1.contig10_12	200	0.0056
HTH_40	PF14493.6	89	DB1.contig10_12	200	0.0096
E1_dh	PF00676.20	300	DB1.contig11_1	116	1.4e-19
TPR_MalT	PF17874.1	336	DB1.contig11_2	922	9.9e-22
GerE	PF00196.19	57	DB1.contig11_2	922	2.5e-21
AAA_16	PF13191.6	170	DB1.contig11_2	922	1.8e-06
AAA_22	PF13401.6	137	DB1.contig11_2	922	0.00014
Sigma70_r4	PF04545.16	50	DB1.contig11_2	922	0.00017
Sigma70_r4_2	PF08281.12	54	DB1.contig11_2	922	0.00029
HTH_24	PF13412.6	48	DB1.contig11_2	922	0.0036
HTH_23	PF13384.6	50	DB1.contig11_2	922	0.011
Pribosyltran	PF00156.27	159	DB1.contig11_3	410	0.0029
HAD_2	PF13419.6	178	DB1.contig11_3	410	0.0049
Hydrolase	PF00702.26	210	DB1.contig11_3	410	0.0072
DNA_processg_A	PF02481.15	210	DB1.contig11_4	327	2.9e-60
Ogr_Delta	PF04606.12	47	DB1.contig11_5	91	3.2e-16
Acetyltransf_CG	PF14542.6	80	DB1.contig11_5	91	0.0072
Lar_restr_allev	PF14354.6	62	DB1.contig11_5	91	0.0093
DUF927	PF06048.11	287	DB1.contig11_6	896	7.8e-102
Prim_Zn_Ribbon	PF08273.12	38	DB1.contig11_6	896	7.9e-17
Toprim_3	PF13362.6	95	DB1.contig11_6	896	1.2e-11
DUF5375	PF17345.2	106	DB1.contig11_7	137	7.3e-06
Phage_ASH	PF10554.9	107	DB1.contig11_9	191	2.6e-30
NodA	PF02474.15	195	DB1.contig11_9	191	0.0013
Phage_cap_P2	PF05125.12	326	DB1.contig11_10	63	6e-14
HNH	PF01844.23	47	DB1.contig12_1	303	2.6e-06
HNH_2	PF13391.6	72	DB1.contig12_1	303	0.0052
DUF305	PF03713.13	152	DB1.contig12_2	117	7.9e-22
DUF4142	PF13628.6	139	DB1.contig12_2	117	2.8e-06
HATPase_c	PF02518.26	112	DB1.contig12_4	492	2.9e-22
HisKA	PF00512.25	67	DB1.contig12_4	492	9.9e-11
HATPase_c_5	PF14501.6	101	DB1.contig12_4	492	2.2e-08
HAMP	PF00672.25	53	DB1.contig12_4	492	3.9e-07
Response_reg	PF00072.24	112	DB1.contig12_5	227	1.4e-26
Trans_reg_C	PF00486.28	77	DB1.contig12_5	227	3e-25
OEP	PF02321.18	188	DB1.contig12_6	462	6.4e-50
OEP	PF02321.18	188	DB1.contig12_6	462	6.4e-50
TPR_MLP1_2	PF07926.12	129	DB1.contig12_6	462	0.47
CusF_Ec	PF11604.8	68	DB1.contig12_7	118	1.5e-20
HlyD_D23	PF16576.5	214	DB1.contig12_8	431	9.9e-63
HlyD_D4	PF16572.5	56	DB1.contig12_8	431	7.1e-23
HlyD_3	PF13437.6	106	DB1.contig12_8	431	7e-14
ACR_tran	PF00873.19	1021	DB1.contig12_9	510	1.8e-123
MobC	PF05713.11	45	DB1.contig13_1	119	7e-08
DUF3829	PF12889.7	280	DB1.contig13_1	119	0.036
Relaxase	PF03432.14	242	DB1.contig13_2	331	3.5e-10
AAA_31	PF13614.6	177	DB1.contig13_3	209	8.6e-09
CbiA	PF01656.23	128	DB1.contig13_3	209	9.1e-09
MipZ	PF09140.11	262	DB1.contig13_3	209	3.5e-06
ParA	PF10609.9	246	DB1.contig13_3	209	0.0013
RNA_binding	PF01877.17	119	DB1.contig13_4	120	0.027
Ribosomal_L14	PF00238.19	122	DB1.contig13_5	139	0.09
DUF4134	PF13572.6	93	DB1.contig13_7	97	1.1e-21
DUF4134	PF13572.6	93	DB1.contig13_8	102	2e-34
DUF4133	PF13571.6	91	DB1.contig13_9	96	0.00027
DUF87	PF01935.17	227	DB1.contig13_10	808	3.3e-07
AAA_10	PF12846.7	362	DB1.contig13_10	808	3.3e-06
CagE_TrbE_VirB	PF03135.14	206	DB1.contig13_10	808	0.0028
GCM	PF03615.15	140	DB1.contig13_11	226	0.055
MT-A70	PF05063.14	172	DB1.contig13_12	177	8.3e-10
DUF4570	PF15134.6	110	DB1.contig13_13	222	0.019
Arm-DNA-bind_3	PF13356.6	74	DB1.contig14_1	241	9.3e-17
MethyltransfD12	PF02086.15	260	DB1.contig14_2	294	2.4e-16
Dioxygenase_N	PF04444.14	75	DB1.contig14_2	294	0.015
AAA_15	PF13175.6	369	DB1.contig14_3	596	4.1e-19
AAA_15	PF13175.6	369	DB1.contig14_3	596	4.1e-19
AAA_21	PF13304.6	303	DB1.contig14_3	596	3.7e-13
AAA_23	PF13476.6	200	DB1.contig14_3	596	5.4e-07
SMC_N	PF02463.19	220	DB1.contig14_3	596	6.9e-06
Arm-DNA-bind_2	PF12167.8	65	DB1.contig14_4	389	1.5e-22
Phage_integrase	PF00589.22	172	DB1.contig14_4	389	2.6e-18
Phage_int_SAM_5	PF13102.6	99	DB1.contig14_4	389	0.00087
DUF5503	PF17607.2	116	DB1.contig14_8	145	0.00032
TetR_C_35	PF18556.1	105	DB1.contig14_12	66	0.043
HD_2	PF12917.7	182	DB1.contig14_13	176	5.9e-05
DUF2303	PF10065.9	267	DB1.contig14_14	276	7.1e-71
ACR_tran	PF00873.19	1021	DB1.contig15_1	175	1.7e-72
SecD_SecF	PF02355.16	189	DB1.contig15_1	175	0.0011
MMPL	PF03176.15	333	DB1.contig15_1	175	0.009
YbaJ	PF10757.9	118	DB1.contig15_2	125	9.9e-63
PCNA_C	PF02747.15	128	DB1.contig15_2	125	0.04
HHA	PF05321.11	57	DB1.contig15_3	73	2e-33
Mac	PF12464.8	53	DB1.contig15_4	189	2.8e-19
Hexapep_2	PF14602.6	34	DB1.contig15_4	189	1.2e-15
Hexapep_2	PF14602.6	34	DB1.contig15_4	189	1.2e-15
Hexapep	PF00132.24	36	DB1.contig15_4	189	2e-14
YlaC	PF10777.9	154	DB1.contig15_5	157	5.9e-69
Aminotran_1_2	PF00155.21	363	DB1.contig15_6	484	2e-20
GntR	PF00392.21	64	DB1.contig15_6	484	9.9e-11
HTH_Crp_2	PF13545.6	68	DB1.contig15_6	484	0.0024
HTH_24	PF13412.6	48	DB1.contig15_6	484	0.0034
Acetyltransf_3	PF13302.7	138	DB1.contig15_7	233	1.2e-16
Acetyltransf_1	PF00583.25	117	DB1.contig15_7	233	0.0031
Acetyltransf_4	PF13420.7	155	DB1.contig15_7	233	0.0037
Ribosomal_L36	PF00444.18	38	DB1.contig15_8	47	5.4e-16
Ribosomal_L31	PF01197.18	67	DB1.contig15_9	88	6.4e-23
Peripla_BP_3	PF13377.6	166	DB1.contig15_10	357	5.8e-30
LacI	PF00356.21	46	DB1.contig15_10	357	1.8e-18
Peripla_BP_1	PF00532.21	279	DB1.contig15_10	357	1.2e-16
Peripla_BP_4	PF13407.6	258	DB1.contig15_10	357	7.8e-15
HTH_Tnp_ISL3	PF13542.6	52	DB1.contig15_10	357	0.0008
LamB	PF02264.15	379	DB1.contig15_11	424	1.4e-110
PTS_EIIB	PF00367.20	34	DB1.contig15_12	105	3.2e-11
Glyco_hydro_42M	PF08532.10	207	DB1.contig15_13	238	8.7e-43
Glyco_hydro_42C	PF08533.10	58	DB1.contig15_13	238	8.1e-11
Phage_capsid	PF05065.13	280	DB1.contig16_1	223	3.2e-56
Phage_connect_1	PF05135.13	99	DB1.contig16_2	106	1.6e-20
Phage_H_T_join	PF05521.11	96	DB1.contig16_3	113	1e-20
HK97-gp10_like	PF04883.12	81	DB1.contig16_4	150	4.6e-09
DUF3168	PF11367.8	117	DB1.contig16_5	116	2.3e-07
Ig_3	PF13927.6	79	DB1.contig16_6	235	1.6e-06
Ig_2	PF13895.6	79	DB1.contig16_6	235	1e-05
SprB	PF13573.6	37	DB1.contig16_6	235	3.3e-05
Phage_TTP_12	PF16461.5	134	DB1.contig16_6	235	0.00033
Phage_TAC_1	PF06222.11	127	DB1.contig16_7	135	9.6e-46
DUF4035	PF13227.6	55	DB1.contig16_8	99	1.6e-13
YebO	PF13974.6	80	DB1.contig16_9	78	1.3e-16
Phage_HK97_TLTM	PF06120.11	288	DB1.contig16_10	1139	2.1e-100
Tape_meas_lam_C	PF09718.10	76	DB1.contig16_10	1139	2.3e-13
Mu-like_gpT	PF10124.9	289	DB1.contig17_1	389	4.6e-09
Mu-like_gpT	PF10124.9	289	DB1.contig17_1	389	4.6e-09
DUF2190	PF09956.9	102	DB1.contig17_2	109	1.9e-16
Gifsy-2	PF13856.6	99	DB1.contig17_3	98	5.5e-13
Minor_tail_Z	PF06763.11	190	DB1.contig17_4	184	1.7e-62
Phage_tail_U	PF06141.11	132	DB1.contig17_5	133	6.7e-48
Phage_TTP_12	PF16461.5	134	DB1.contig17_6	161	2.1e-55
Phage_tail_3	PF08813.11	165	DB1.contig17_6	161	0.00047
Phage_TAC_2	PF06894.11	126	DB1.contig17_7	132	4.4e-18
Phage_tail_T	PF06223.12	100	DB1.contig17_8	106	5.4e-35
TMP_2	PF06791.13	205	DB1.contig17_9	899	6e-62
Tape_meas_lam_C	PF09718.10	76	DB1.contig17_9	899	1.1e-08
DUF1833	PF08875.11	150	DB1.contig17_11	161	3.2e-40
DDE_Tnp_1_5	PF13737.6	112	DB1.contig18_1	308	1.6e-45
DDE_Tnp_1	PF01609.21	214	DB1.contig18_1	308	3.5e-24
PhdYeFM_antitox	PF02604.19	75	DB1.contig18_2	83	4.6e-05
ParE_toxin	PF05016.15	90	DB1.contig18_3	95	9.3e-13
ParE-like_toxin	PF15781.5	87	DB1.contig18_3	95	8.5e-05
HTH_Tnp_IS1	PF12759.7	46	DB1.contig18_4	92	4.9e-30
Zn_Tnp_IS1	PF03811.13	35	DB1.contig18_4	92	5.1e-19
HTH_23	PF13384.6	50	DB1.contig18_4	92	0.012
DDE_Tnp_IS1	PF03400.13	131	DB1.contig18_5	86	2.4e-43
DDE_3	PF13358.6	146	DB1.contig18_6	237	2.7e-22
HTH_33	PF13592.6	60	DB1.contig18_6	237	8.1e-06
HTH_23	PF13384.6	50	DB1.contig18_7	110	2.1e-10
HTH_29	PF13551.6	63	DB1.contig18_7	110	4.4e-07
HTH_28	PF13518.6	52	DB1.contig18_7	110	0.00013
HTH_32	PF13565.6	73	DB1.contig18_7	110	0.0019
DDE_Tnp_IS66	PF03050.14	282	DB1.contig18_8	137	1.8e-31
UvrA_DNA-bind	PF17755.1	110	DB1.contig18_9	884	9.5e-17
ABC_tran	PF00005.27	137	DB1.contig18_9	884	1.8e-16
DnaJ_CXXCXGXG	PF00684.19	67	DB1.contig18_9	884	1.9e-06
ADH_zinc_N_2	PF13602.6	133	DB1.contig18_10	40	0.044
DUF2635	PF10948.8	46	DB1.contig19_2	70	1.5e-12
Phage_tail_S	PF05069.13	148	DB1.contig19_4	181	3.9e-16
DnaJ-X	PF14308.6	211	DB1.contig19_4	181	0.0055
DUF1320	PF07030.12	126	DB1.contig19_5	147	2.3e-32
P2_Phage_GpR	PF06891.11	131	DB1.contig19_5	147	0.013
DUF3869	PF12985.7	106	DB1.contig19_6	203	0.061
Mu-like_gpT	PF10124.9	289	DB1.contig19_7	301	2.3e-115
Mu-like_Pro	PF10123.9	325	DB1.contig19_8	324	3.4e-50
Phage_Mu_F	PF04233.14	112	DB1.contig19_9	281	2.2e-16
PASTA	PF03793.19	63	DB1.contig19_9	281	0.0058
L51_S25_CI-B8	PF05047.16	52	DB1.contig19_10	145	0.034
DUF935	PF06074.12	520	DB1.contig19_11	374	5.2e-127
Alpha-amylase	PF00128.24	337	DB1.contig20_1	496	1.4e-23
Glyco_hydro_70	PF02324.16	805	DB1.contig20_1	496	9.1e-11
Glyco_hydro_70	PF02324.16	805	DB1.contig20_1	496	9.1e-11
Alpha-amylase_C	PF02806.18	96	DB1.contig20_1	496	1.3e-06
YedD	PF13987.6	106	DB1.contig20_2	144	3.3e-53
GerE	PF00196.19	57	DB1.contig20_3	208	1e-17
DSRB	PF10781.9	61	DB1.contig20_4	64	5.7e-36
DUF2525	PF10733.9	60	DB1.contig20_5	75	7e-31
CHASE7	PF17151.4	187	DB1.contig20_6	561	3e-79
GGDEF	PF00990.21	161	DB1.contig20_6	561	9.9e-41
GGDEF_2	PF17853.1	116	DB1.contig20_6	561	0.0059
DUF808	PF05661.12	304	DB1.contig20_7	304	3.3e-114
TerC	PF03741.16	181	DB1.contig20_7	304	0.0078
EamA	PF00892.20	137	DB1.contig20_8	161	4.9e-19
MFS_1	PF07690.16	353	DB1.contig21_1	384	8.2e-33
Sugar_tr	PF00083.24	452	DB1.contig21_1	384	8.1e-12
Cupin_6	PF12852.7	184	DB1.contig21_2	315	2.6e-31
HTH_18	PF12833.7	81	DB1.contig21_2	315	2.4e-19
HTH_AraC	PF00165.23	42	DB1.contig21_2	315	7e-16
HTH_AraC	PF00165.23	42	DB1.contig21_2	315	7e-16
AraC_binding	PF02311.19	136	DB1.contig21_2	315	8e-05
Cupin_2	PF07883.11	71	DB1.contig21_2	315	0.0023
Cupin_3	PF05899.12	74	DB1.contig21_2	315	0.003
Glyoxalase_3	PF13468.6	176	DB1.contig21_3	252	3.5e-40
3-HAO	PF06052.12	151	DB1.contig21_4	104	3.7e-05
Cupin_2	PF07883.11	71	DB1.contig21_4	104	5.8e-05
cNMP_binding	PF00027.29	89	DB1.contig21_4	104	0.0045
VF530	PF09905.9	63	DB1.contig21_5	88	2.4e-33
DIOX_N	PF14226.6	118	DB1.contig21_6	343	6.1e-38
2OG-FeII_Oxy	PF03171.20	101	DB1.contig21_6	343	1.3e-19
Lipoprotein_9	PF03180.14	236	DB1.contig21_7	269	2.9e-76
ABC_tran	PF00005.27	137	DB1.contig21_8	264	1.8e-34
SMC_N	PF02463.19	220	DB1.contig21_8	264	6.9e-05
AAA_22	PF13401.6	137	DB1.contig21_8	264	0.00024
AAA_16	PF13191.6	170	DB1.contig21_8	264	0.00025
AAA_29	PF13555.6	61	DB1.contig21_8	264	0.004
BPD_transp_1	PF00528.22	185	DB1.contig21_9	206	2e-16
PTS_IIB	PF02302.17	90	DB1.contig22_1	64	4.1e-07
BMC	PF00936.19	74	DB1.contig22_1	64	0.05
PTS_EIIC	PF02378.18	324	DB1.contig22_2	369	9.8e-07
Gag_spuma	PF03276.14	614	DB1.contig22_2	369	0.0031
LysE	PF01810.18	193	DB1.contig22_3	207	1.6e-31
TerC	PF03741.16	181	DB1.contig22_3	207	0.065
MFS_1	PF07690.16	353	DB1.contig22_4	403	2.9e-29
MFS_1	PF07690.16	353	DB1.contig22_4	403	2.9e-29
MFS_4	PF06779.14	363	DB1.contig22_4	403	0.03
LysR_substrate	PF03466.20	209	DB1.contig22_5	301	2.1e-34
HTH_1	PF00126.27	60	DB1.contig22_5	301	7.4e-16
LysR_substrate	PF03466.20	209	DB1.contig22_6	296	4.9e-34
HTH_1	PF00126.27	60	DB1.contig22_6	296	1.5e-19
HTH_30	PF13556.6	59	DB1.contig22_6	296	0.0025
Lactamase_B	PF00753.27	197	DB1.contig22_7	265	8.1e-23
Lactamase_B_2	PF12706.7	201	DB1.contig22_7	265	0.011
TolA	PF06519.11	96	DB1.contig22_8	143	2.6e-15
TonB_2	PF13103.6	85	DB1.contig22_8	143	5.8e-08
TonB_C	PF03544.14	79	DB1.contig22_8	143	0.00014
But2	PF09792.9	142	DB1.contig22_8	143	0.0012
Peptidase_M20	PF01546.28	207	DB1.contig22_9	69	0.0011
CtnDOT_TraJ	PF07863.11	66	DB1.contig23_2	386	0.00017
YihI	PF04220.12	156	DB1.contig23_4	138	0.0033
Transposon_TraM	PF12508.8	194	DB1.contig23_5	394	1.3e-54
DUF4138	PF13595.6	247	DB1.contig23_6	265	9.4e-41
N6_Mtase	PF02384.16	312	DB1.contig23_8	534	4.7e-07
Stn1_C	PF12659.7	120	DB1.contig24_1	106	0.087
ABC2_membrane_3	PF12698.7	345	DB1.contig24_2	375	4.8e-34
ABC2_membrane	PF01061.24	210	DB1.contig24_2	375	7.6e-27
ABC2_membrane_2	PF12679.7	288	DB1.contig24_2	375	5.4e-16
ABC2_membrane_4	PF12730.7	179	DB1.contig24_2	375	2e-05
ABC_tran	PF00005.27	137	DB1.contig24_3	915	3.5e-54
ABC_tran	PF00005.27	137	DB1.contig24_3	915	3.5e-54
ABC2_membrane_3	PF12698.7	345	DB1.contig24_3	915	4.3e-40
ABC2_membrane_2	PF12679.7	288	DB1.contig24_3	915	2.2e-20
AAA_21	PF13304.6	303	DB1.contig24_3	915	1.5e-18
AAA_21	PF13304.6	303	DB1.contig24_3	915	1.5e-18
ABC2_membrane	PF01061.24	210	DB1.contig24_3	915	2.5e-18
ABC2_membrane_4	PF12730.7	179	DB1.contig24_3	915	0.00032
HlyD_3	PF13437.6	106	DB1.contig24_4	235	1.4e-11
HlyD_D23	PF16576.5	214	DB1.contig24_4	235	4.6e-09
FliJ	PF02050.16	123	DB1.contig24_4	235	0.013
tRNA-synt_1b	PF00579.25	293	DB1.contig24_5	310	1.3e-52
Glyco_hydro_1	PF00232.18	453	DB1.contig25_1	335	0.00014
Glyco_transf_4	PF13439.6	170	DB1.contig25_2	382	4.3e-15
Glycos_transf_1	PF00534.20	172	DB1.contig25_2	382	2.5e-14
Glyco_trans_1_4	PF13692.6	134	DB1.contig25_2	382	5.6e-12
Glyco_trans_4_4	PF13579.6	160	DB1.contig25_2	382	3.3e-09
Glyco_trans_4_2	PF13477.6	139	DB1.contig25_2	382	6.7e-07
GNVR	PF13807.6	82	DB1.contig25_3	718	1.4e-30
Wzz	PF02706.15	92	DB1.contig25_3	718	9.2e-21
AAA_31	PF13614.6	177	DB1.contig25_3	718	4.2e-08
AAA_26	PF13500.6	198	DB1.contig25_3	718	4.5e-08
CbiA	PF01656.23	128	DB1.contig25_3	718	0.00014
ParA	PF10609.9	246	DB1.contig25_3	718	0.00035
LMWPc	PF01451.21	142	DB1.contig25_4	145	3e-41
Poly_export	PF02563.16	82	DB1.contig25_5	379	8.6e-29
Wza_C	PF18412.1	30	DB1.contig25_5	379	4.7e-18
SLBB	PF10531.9	58	DB1.contig25_5	379	1.5e-14
SLBB	PF10531.9	58	DB1.contig25_5	379	1.5e-14
Caps_assemb_Wzi	PF14052.6	394	DB1.contig25_6	241	2e-61
PAAR_motif	PF05488.13	70	DB1.contig26_1	272	1.6e-07
HTH_Tnp_1	PF01527.20	75	DB1.contig26_3	89	2.1e-20
HTH_23	PF13384.6	50	DB1.contig26_3	89	6.1e-07
HTH_28	PF13518.6	52	DB1.contig26_3	89	2.8e-06
HTH_29	PF13551.6	63	DB1.contig26_3	89	8.3e-06
HTH_Tnp_1_2	PF13022.6	123	DB1.contig26_3	89	0.0011
HTH_21	PF13276.6	60	DB1.contig26_4	129	6.8e-10
rve	PF00665.26	119	DB1.contig26_4	129	0.0031
rve_3	PF13683.6	67	DB1.contig26_5	116	8.4e-29
rve	PF00665.26	119	DB1.contig26_5	116	4.5e-14
rve_2	PF13333.6	52	DB1.contig26_5	116	3.6e-07
DDE_Tnp_IS240	PF13610.6	140	DB1.contig26_5	116	0.0023
Glycos_transf_2	PF00535.26	170	DB1.contig26_6	741	9.3e-26
Glyco_tranf_2_2	PF10111.9	276	DB1.contig26_6	741	2.1e-19
Glyco_tranf_2_2	PF10111.9	276	DB1.contig26_6	741	2.1e-19
Glyco_tranf_2_3	PF13641.6	230	DB1.contig26_6	741	7e-13
Glycos_transf_1	PF00534.20	172	DB1.contig26_6	741	4.3e-12
Glyco_trans_1_4	PF13692.6	134	DB1.contig26_6	741	1.2e-08
Glyco_transf_4	PF13439.6	170	DB1.contig26_6	741	1.5e-07
Glyco_transf_7C	PF02709.14	78	DB1.contig26_6	741	1.6e-05
Glyco_transf_5	PF08323.11	244	DB1.contig26_6	741	4.7e-05
Glyco_trans_2_3	PF13632.6	197	DB1.contig26_6	741	0.00031
Glyco_trans_4_4	PF13579.6	160	DB1.contig26_6	741	0.0015
Glyco_transf_21	PF13506.6	173	DB1.contig26_6	741	0.0017
PS_pyruv_trans	PF04230.13	286	DB1.contig26_7	270	4.9e-14
DTW	PF03942.15	198	DB1.contig27_1	116	4.1e-19
ATP-grasp_5	PF13549.6	222	DB1.contig27_2	884	2.2e-76
Succ_CoA_lig	PF13607.6	138	DB1.contig27_2	884	5.4e-46
CoA_binding_2	PF13380.6	116	DB1.contig27_2	884	1.4e-21
Acetyltransf_1	PF00583.25	117	DB1.contig27_2	884	3.5e-08
Acetyltransf_3	PF13302.7	138	DB1.contig27_2	884	4.4e-08
Acetyltransf_10	PF13673.7	127	DB1.contig27_2	884	0.00095
PLDc_2	PF13091.6	133	DB1.contig27_3	452	1.2e-29
PLDc_2	PF13091.6	133	DB1.contig27_3	452	1.2e-29
PLDc	PF00614.22	28	DB1.contig27_3	452	3.2e-13
PLDc	PF00614.22	28	DB1.contig27_3	452	3.2e-13
Phage_tail_APC	PF16778.5	60	DB1.contig27_3	452	0.0016
DUF2279	PF10043.9	91	DB1.contig27_4	108	1.1e-09
Sugar_tr	PF00083.24	452	DB1.contig27_5	433	1.2e-35
Sugar_tr	PF00083.24	452	DB1.contig27_5	433	1.2e-35
MFS_1	PF07690.16	353	DB1.contig27_5	433	7e-24
MFS_1	PF07690.16	353	DB1.contig27_5	433	7e-24
MFS_2	PF13347.6	427	DB1.contig27_5	433	2.3e-07
MFS_1_like	PF12832.7	385	DB1.contig27_5	433	3.1e-06
EcoR124_C	PF12008.8	258	DB1.contig28_2	1034	7.8e-56
SWI2_SNF2	PF18766.1	224	DB1.contig28_2	1034	1.4e-52
HSDR_N	PF04313.14	194	DB1.contig28_2	1034	7.7e-51
ResIII	PF04851.15	171	DB1.contig28_2	1034	6.5e-37
HSDR_N_2	PF13588.6	110	DB1.contig28_2	1034	2.9e-06
DEAD	PF00270.29	176	DB1.contig28_2	1034	6.3e-06
Methylase_S	PF01420.19	168	DB1.contig28_3	402	3.1e-33
Methylase_S	PF01420.19	168	DB1.contig28_3	402	3.1e-33
N6_Mtase	PF02384.16	312	DB1.contig28_4	519	1.1e-115
HsdM_N	PF12161.8	137	DB1.contig28_4	519	7e-18
UPF0020	PF01170.18	197	DB1.contig28_4	519	0.0019
MTS	PF05175.14	169	DB1.contig28_4	519	0.0027
Thioredoxin_8	PF13905.6	95	DB1.contig29_1	454	7.1e-10
Thioredoxin	PF00085.20	103	DB1.contig29_1	454	4.6e-09
Redoxin	PF08534.10	147	DB1.contig29_1	454	1e-08
AhpC-TSA	PF00578.21	124	DB1.contig29_1	454	1.3e-07
GSHPx	PF00255.19	108	DB1.contig29_1	454	2.5e-05
Thioredoxin_2	PF13098.6	109	DB1.contig29_1	454	0.0024
DUF3738	PF12543.8	189	DB1.contig29_1	454	0.0025
Plug	PF07715.15	108	DB1.contig29_2	1065	3e-14
TonB_dep_Rec	PF00593.24	470	DB1.contig29_2	1065	3.1e-14
CarbopepD_reg_2	PF13715.6	88	DB1.contig29_2	1065	1.7e-11
CarboxypepD_reg	PF13620.6	82	DB1.contig29_2	1065	0.00013
SusD-like_3	PF14322.6	190	DB1.contig29_3	452	1.3e-36
SusD_RagB	PF07980.11	298	DB1.contig29_3	452	5.5e-10
DUF1461	PF07314.11	189	DB1.contig29_4	100	0.12
Glycos_transf_1	PF00534.20	172	DB1.contig30_1	174	7.6e-28
Glyco_trans_1_4	PF13692.6	134	DB1.contig30_1	174	4.1e-22
Glyco_trans_1_2	PF13524.6	92	DB1.contig30_1	174	2.6e-06
Acyl_transf_3	PF01757.22	340	DB1.contig30_2	337	3e-28
Glycos_transf_1	PF00534.20	172	DB1.contig30_3	338	0.0016
Polysacc_synt_3	PF13440.6	293	DB1.contig30_4	478	7.4e-80
Polysacc_synt	PF01943.17	274	DB1.contig30_4	478	5.4e-32
6PGD	PF00393.19	289	DB1.contig30_5	469	5.1e-133
NAD_binding_2	PF03446.15	158	DB1.contig30_5	469	6.9e-52
ApbA	PF02558.16	152	DB1.contig30_5	469	0.00055
Shikimate_DH	PF01488.20	138	DB1.contig30_5	469	0.0012
F420_oxidored	PF03807.17	97	DB1.contig30_5	469	0.0014
3HCDH_N	PF02737.18	180	DB1.contig30_5	469	0.011
NTP_transferase	PF00483.23	248	DB1.contig30_6	229	4.1e-68
NTP_transf_3	PF12804.7	160	DB1.contig30_6	229	5.2e-10
IncFII_repA	PF02387.15	275	DB1.contig31_1	199	9e-28
RepB-RCR_reg	PF10723.9	81	DB1.contig31_2	89	8.1e-30
RHH_5	PF07878.11	43	DB1.contig31_2	89	1.2e-06
RHH_1	PF01402.21	39	DB1.contig31_2	89	8.8e-05
Complex1_LYR	PF05347.15	59	DB1.contig31_2	89	0.00015
PIN_5	PF08745.11	206	DB1.contig31_2	89	0.014
PLDc_2	PF13091.6	133	DB1.contig31_3	183	1.3e-26
FAM83	PF07894.12	274	DB1.contig31_3	183	4e-06
AAA_30	PF13604.6	192	DB1.contig31_5	1251	6.2e-38
TraI_2B	PF18340.1	72	DB1.contig31_5	1251	2.9e-26
AAA_19	PF13245.6	146	DB1.contig31_5	1251	7.7e-12
TraI	PF07057.11	123	DB1.contig31_5	1251	2.4e-09
TerB	PF05099.13	144	DB1.contig32_1	142	1.6e-06
DUF4127	PF13552.6	490	DB1.contig32_1	142	0.015
FTR_C	PF02741.15	149	DB1.contig32_1	142	0.036
DUF1133	PF06576.11	176	DB1.contig32_2	193	3e-97
Phage_antitermQ	PF06530.12	118	DB1.contig32_2	193	7.4e-11
DUF968	PF06147.11	200	DB1.contig32_3	327	2.1e-83
HNHc_6	PF16784.5	200	DB1.contig32_3	327	4.1e-07
RusA	PF05866.11	124	DB1.contig32_4	126	5.4e-17
MethyltransfD12	PF02086.15	260	DB1.contig32_5	270	2.4e-48
HTH_36	PF13730.6	55	DB1.contig32_6	318	4.7e-11
RP-C	PF03428.13	175	DB1.contig32_6	318	2.9e-05
GntR	PF00392.21	64	DB1.contig32_6	318	3e-05
PaaX	PF07848.12	70	DB1.contig32_6	318	4.1e-05
HTH_29	PF13551.6	63	DB1.contig32_6	318	0.00044
MarR	PF01047.22	59	DB1.contig32_6	318	0.0021
YdaS_antitoxin	PF15943.5	65	DB1.contig32_8	88	1.2e-30
P22_Cro	PF14549.6	60	DB1.contig32_8	88	1.7e-07
HTH_3	PF01381.22	55	DB1.contig32_8	88	0.00036
Terminase_GpA	PF05876.12	558	DB1.contig33_1	267	9.9e-74
DUF4379	PF14311.6	56	DB1.contig33_1	267	0.012
DUF1441	PF07278.11	149	DB1.contig33_2	164	3.6e-49
HTH_30	PF13556.6	59	DB1.contig33_2	164	0.017
Tudor-knot	PF11717.8	55	DB1.contig33_3	62	0.018
SmpA_OmlA	PF04355.13	71	DB1.contig33_4	150	1.3e-05
DUF3192	PF11399.8	101	DB1.contig33_4	150	0.0036
CAP_assoc_N	PF14504.6	140	DB1.contig33_4	150	0.021
DUF3552	PF12072.8	201	DB1.contig33_6	92	0.00012
ATP-synt_E	PF05680.12	96	DB1.contig33_6	92	0.0021
Glyco_hydro_108	PF05838.12	85	DB1.contig33_8	181	7.1e-25
PG_binding_3	PF09374.10	76	DB1.contig33_8	181	2.2e-22
Phage_holin_3_1	PF05106.12	99	DB1.contig33_9	118	2.5e-26
N6_N4_Mtase	PF01555.18	231	DB1.contig33_10	351	5.4e-39
MarR_2	PF12802.7	62	DB1.contig33_11	65	0.00014
DprA_WH	PF17782.1	61	DB1.contig33_11	65	0.00049
TrmB	PF01978.19	68	DB1.contig33_11	65	0.0029
HTH_20	PF12840.7	61	DB1.contig33_11	65	0.011
Phage_antiter_Q	PF06323.11	222	DB1.contig33_12	61	7.3e-10
Phage_holin_8	PF16931.5	123	DB1.contig34_1	132	9.4e-42
Phage_holin_3_7	PF05449.11	80	DB1.contig34_2	94	3.8e-26
TraG_N	PF07916.11	467	DB1.contig34_2	94	0.0016
DUF5009	PF16401.5	260	DB1.contig34_2	94	0.019
Glyco_hydro_19	PF00182.19	232	DB1.contig34_3	210	7.2e-06
cwf18	PF08315.12	135	DB1.contig34_4	92	0.027
DUF4330	PF14221.6	167	DB1.contig34_4	92	0.041
DUF4747	PF15931.5	253	DB1.contig34_5	242	2.7e-30
TadF	PF16964.5	187	DB1.contig34_5	242	0.0083
Nmad5	PF18757.1	206	DB1.contig34_5	242	0.0097
HNH	PF01844.23	47	DB1.contig34_8	117	6.1e-16
HNH_5	PF14279.6	56	DB1.contig34_8	117	0.00011
Terminase_4	PF05119.12	99	DB1.contig34_9	166	1e-22
Terminase_1	PF03354.15	468	DB1.contig34_10	267	4e-26
Phage_holin_5_2	PF16079.5	75	DB1.contig35_2	59	0.02
DUF551	PF04448.12	69	DB1.contig35_3	217	8.5e-12
Clathrin	PF00637.20	143	DB1.contig35_3	217	0.013
TonB_C	PF03544.14	79	DB1.contig35_5	111	0.00064
DUF1367	PF07105.11	196	DB1.contig35_6	199	7.3e-70
NinE	PF05322.11	58	DB1.contig35_7	59	3.5e-05
TnpB_IS66	PF05717.13	101	DB1.contig35_7	59	0.069
NinG	PF05766.12	186	DB1.contig35_8	213	1.2e-56
Phage_antiter_Q	PF06323.11	222	DB1.contig35_10	228	9.5e-81
HNH_3	PF13392.6	46	DB1.contig35_11	159	5.4e-16
AP2	PF00847.20	54	DB1.contig35_11	159	0.0023
rve	PF00665.26	119	DB1.contig35_12	345	6.8e-18
rve_3	PF13683.6	67	DB1.contig35_12	345	4.3e-15
HTH_28	PF13518.6	52	DB1.contig35_12	345	6.2e-09
HTH_32	PF13565.6	73	DB1.contig35_12	345	4.5e-07
HTH_29	PF13551.6	63	DB1.contig35_12	345	2.6e-05
HTH_23	PF13384.6	50	DB1.contig35_12	345	7.6e-05
rve_2	PF13333.6	52	DB1.contig35_12	345	0.0013
His_Phos_1	PF00300.22	194	DB1.contig36_2	207	4.6e-50
Isochorismatase	PF00857.20	175	DB1.contig36_3	42	2.8e-05
adh_short	PF00106.25	195	DB1.contig36_4	248	2.7e-32
adh_short_C2	PF13561.6	234	DB1.contig36_4	248	2.8e-15
KR	PF08659.10	180	DB1.contig36_4	248	3.8e-08
GATase	PF00117.28	190	DB1.contig36_5	242	5.2e-15
Peptidase_C26	PF07722.13	216	DB1.contig36_5	242	0.0025
GATase_3	PF07685.14	196	DB1.contig36_5	242	0.019
HTH_18	PF12833.7	81	DB1.contig36_6	267	3.1e-18
AraC_binding	PF02311.19	136	DB1.contig36_6	267	3.5e-10
HTH_AraC	PF00165.23	42	DB1.contig36_6	267	9.8e-08
HTH_AraC	PF00165.23	42	DB1.contig36_6	267	9.8e-08
Cupin_2	PF07883.11	71	DB1.contig36_6	267	0.0018
DNA_binding_1	PF01035.20	81	DB1.contig37_2	353	1.7e-27
Ada_Zn_binding	PF02805.16	65	DB1.contig37_2	353	1.2e-26
HTH_18	PF12833.7	81	DB1.contig37_2	353	9e-15
Methyltransf_1N	PF02870.15	77	DB1.contig37_2	353	2.4e-08
PEP_mutase	PF13714.6	239	DB1.contig37_3	249	2.5e-69
Pantoate_transf	PF02548.15	259	DB1.contig37_3	249	0.00014
PerC	PF06069.11	90	DB1.contig37_6	102	1.6e-30
Peptidase_M50B	PF13398.6	200	DB1.contig37_7	193	0.00029
Peptidase_M41	PF01434.18	191	DB1.contig37_7	193	0.0014
SSB	PF00436.25	104	DB1.contig37_8	153	2.2e-14
Phage_integrase	PF00589.22	172	DB1.contig38_1	247	6.5e-28
Rep_3	PF01051.21	222	DB1.contig38_2	337	1.3e-30
AAA_31	PF13614.6	177	DB1.contig38_3	389	4.9e-29
CbiA	PF01656.23	128	DB1.contig38_3	389	1.7e-17
MerR	PF00376.23	38	DB1.contig38_3	389	6.7e-05
ParA	PF10609.9	246	DB1.contig38_3	389	9e-05
SoPB_HTH	PF18090.1	75	DB1.contig38_4	324	5.5e-39
ParBc	PF02195.18	90	DB1.contig38_4	324	8.6e-11
Rep_3	PF01051.21	222	DB1.contig39_3	252	8e-48
Lip_A_acyltrans	PF03279.13	295	DB1.contig39_3	252	0.04
MipZ	PF09140.11	262	DB1.contig39_4	211	1.1e-07
AAA_31	PF13614.6	177	DB1.contig39_4	211	1.9e-07
CbiA	PF01656.23	128	DB1.contig39_4	211	1.2e-06
ParA	PF10609.9	246	DB1.contig39_4	211	3.3e-05
StbA	PF06406.11	317	DB1.contig39_6	325	7.7e-118
ALP_N	PF17989.1	147	DB1.contig39_6	325	0.00062
Plasmid_stab_B	PF10784.9	72	DB1.contig39_7	131	9.6e-28
DUF1338	PF07063.13	324	DB1.contig40_1	174	5.7e-18
COesterase	PF00135.28	512	DB1.contig40_2	105	5.7e-26
COesterase	PF00135.28	512	DB1.contig40_3	399	7.1e-70
COesterase	PF00135.28	512	DB1.contig40_3	399	7.1e-70
Abhydrolase_3	PF07859.13	211	DB1.contig40_3	399	5e-11
Peptidase_S9	PF00326.21	212	DB1.contig40_3	399	0.0014
ADH_zinc_N	PF00107.26	130	DB1.contig40_4	363	1.2e-23
ADH_N	PF08240.12	109	DB1.contig40_4	363	2.3e-23
Glu_dehyd_C	PF16912.5	212	DB1.contig40_4	363	1.5e-10
ADH_zinc_N_2	PF13602.6	133	DB1.contig40_4	363	4.6e-06
MdoG	PF04349.12	477	DB1.contig40_5	615	3.5e-181
TAT_signal	PF10518.9	26	DB1.contig40_5	615	0.00026
CBS	PF00571.28	57	DB1.contig40_6	64	0.016
DUF3164	PF11363.8	194	DB1.contig41_1	97	1.9e-29
HTH_11	PF08279.12	55	DB1.contig41_2	96	9.2e-09
Phage-MuB_C	PF09077.11	78	DB1.contig41_5	316	1.7e-32
AAA_22	PF13401.6	137	DB1.contig41_5	316	1.2e-18
AAA_30	PF13604.6	192	DB1.contig41_5	316	9.7e-06
AAA_5	PF07728.14	138	DB1.contig41_5	316	1.4e-05
Mu-transpos_C	PF09299.11	61	DB1.contig41_6	692	3.3e-17
rve	PF00665.26	119	DB1.contig41_6	692	7.6e-10
HTH_Tnp_Mu_1	PF02316.16	142	DB1.contig41_6	692	5.7e-07
HTH_35	PF13693.6	75	DB1.contig41_7	75	2.4e-29
Phage_CI_repr	PF07022.13	65	DB1.contig41_8	213	9.1e-05
HTH_3	PF01381.22	55	DB1.contig41_8	213	0.006
HTH_psq	PF05225.16	45	DB1.contig41_8	213	0.0068
A_deaminase	PF00962.22	328	DB1.contig43_2	376	9.6e-47
DUF1427	PF07235.11	84	DB1.contig43_3	56	8.2e-05
UTRA	PF07702.13	141	DB1.contig43_4	255	4.7e-29
GntR	PF00392.21	64	DB1.contig43_4	255	2.1e-17
Rrf2	PF02082.20	83	DB1.contig43_4	255	6.1e-06
HTH_11	PF08279.12	55	DB1.contig43_4	255	1.8e-05
HTH_36	PF13730.6	55	DB1.contig43_4	255	1.9e-05
HTH_DeoR	PF08220.12	57	DB1.contig43_4	255	0.00014
Fe_dep_repress	PF01325.19	60	DB1.contig43_4	255	0.00014
HTH_Crp_2	PF13545.6	68	DB1.contig43_4	255	0.0009
RepL	PF05732.11	165	DB1.contig43_4	255	0.0014
Penicillinase_R	PF03965.16	115	DB1.contig43_4	255	0.0015
HTH_27	PF13463.6	68	DB1.contig43_4	255	0.0032
Phytase-like	PF13449.6	286	DB1.contig43_5	378	1.7e-65
PfkB	PF00294.24	302	DB1.contig43_6	309	1.8e-52
NUDIX	PF00293.28	131	DB1.contig44_1	192	1.3e-13
Transgly	PF00912.22	178	DB1.contig44_2	853	2.6e-65
PCB_OB	PF17092.5	112	DB1.contig44_2	853	2.2e-29
Transpeptidase	PF00905.22	306	DB1.contig44_2	853	1e-24
PilM_2	PF11104.8	340	DB1.contig44_3	191	9.5e-05
IgaA	PF07095.11	703	DB1.contig44_4	381	4.1e-173
UL41A	PF17591.2	78	DB1.contig45_1	74	0.078
PMSR	PF01625.21	153	DB1.contig45_2	165	9.4e-58
SelR	PF01641.18	121	DB1.contig45_3	154	1.8e-48
DUF417	PF04224.12	175	DB1.contig45_4	169	9.3e-22
DUF1471	PF07338.13	56	DB1.contig45_5	87	2.2e-06
TetR_N	PF00440.23	47	DB1.contig45_6	186	5.8e-09
HTH_20	PF12840.7	61	DB1.contig45_6	186	0.017
DUF1471	PF07338.13	56	DB1.contig45_7	89	2.7e-15
Transposase_20	PF02371.16	87	DB1.contig45_8	335	4.6e-20
DEDD_Tnp_IS110	PF01548.17	155	DB1.contig45_8	335	5.9e-19
YceI	PF04264.13	146	DB1.contig46_1	216	1.3e-36
PLDc_2	PF13091.6	133	DB1.contig46_3	487	1.8e-37
PLDc_2	PF13091.6	133	DB1.contig46_3	487	1.8e-37
PLDc	PF00614.22	28	DB1.contig46_3	487	4.6e-16
PLDc	PF00614.22	28	DB1.contig46_3	487	4.6e-16
PLDc_N	PF13396.6	42	DB1.contig46_3	487	5.6e-07
DUF440	PF04269.12	101	DB1.contig46_4	110	2.9e-45
Ion_trans	PF00520.31	245	DB1.contig46_5	278	6.4e-27
Ion_trans_2	PF07885.16	79	DB1.contig46_5	278	1.9e-16
PKD_channel	PF08016.12	426	DB1.contig46_5	278	1.1e-05
DZR	PF12773.7	49	DB1.contig46_5	278	0.00059
zinc_ribbon_2	PF13240.6	23	DB1.contig46_5	278	0.0015
ABC_tran	PF00005.27	137	DB1.contig46_6	280	1.9e-26
oligo_HPY	PF08352.12	65	DB1.contig46_6	280	4.1e-19
AAA_22	PF13401.6	137	DB1.contig46_6	280	0.00094
DUF2490	PF10677.9	187	DB1.contig47_1	261	0.0011
AXE1	PF05448.12	317	DB1.contig47_2	452	2.3e-47
Peptidase_S9	PF00326.21	212	DB1.contig47_2	452	4.1e-10
Hydrolase_4	PF12146.8	239	DB1.contig47_2	452	2.5e-06
Abhydrolase_3	PF07859.13	211	DB1.contig47_2	452	1.3e-05
FSH1	PF03959.13	212	DB1.contig47_2	452	0.0084
AXE1	PF05448.12	317	DB1.contig47_4	442	3.4e-45
Peptidase_S9	PF00326.21	212	DB1.contig47_4	442	2.9e-08
Hydrolase_4	PF12146.8	239	DB1.contig47_4	442	1.7e-05
Abhydrolase_1	PF00561.20	257	DB1.contig47_4	442	0.00018
AAA_30	PF13604.6	192	DB1.contig48_2	980	2.5e-26
AAA_19	PF13245.6	146	DB1.contig48_2	980	4.8e-18
PIF1	PF05970.14	364	DB1.contig48_2	980	3.1e-14
UvrD_C_2	PF13538.6	52	DB1.contig48_2	980	7.9e-14
DUF4145	PF13643.6	88	DB1.contig48_2	980	7.1e-06
SH3_13	PF18335.1	65	DB1.contig48_2	980	0.00013
ResIII	PF04851.15	171	DB1.contig48_2	980	0.00091
AAA_22	PF13401.6	137	DB1.contig48_2	980	0.001
TsaE	PF02367.17	125	DB1.contig48_2	980	0.0019
ATPase_2	PF01637.18	233	DB1.contig48_2	980	0.0052
TPR_19	PF14559.6	68	DB1.contig48_3	409	5e-06
HTH_11	PF08279.12	55	DB1.contig49_2	90	0.0041
Replicase	PF03090.17	131	DB1.contig49_3	278	7.9e-38
PriCT_1	PF08708.11	67	DB1.contig49_3	278	2.4e-09
MobC	PF05713.11	45	DB1.contig49_8	125	3.5e-06
Relaxase	PF03432.14	242	DB1.contig49_9	499	1e-23
PapD_C	PF02753.17	63	DB1.contig50_1	35	5.1e-05
LrgB	PF04172.16	214	DB1.contig50_2	230	3.4e-67
LrgA	PF03788.14	94	DB1.contig50_3	136	5.2e-24
LysR_substrate	PF03466.20	209	DB1.contig50_4	294	3.4e-43
HTH_1	PF00126.27	60	DB1.contig50_4	294	4.6e-22
Na_H_Exchanger	PF00999.21	381	DB1.contig50_5	549	3.4e-75
Xan_ur_permease	PF00860.20	389	DB1.contig50_6	201	7e-36
DDE_Tnp_IS1	PF03400.13	131	DB1.contig51_1	98	5.2e-49
DDE_Tnp_1_5	PF13737.6	112	DB1.contig51_2	308	2.8e-45
DDE_Tnp_1	PF01609.21	214	DB1.contig51_2	308	1.3e-25
TraS	PF10624.9	162	DB1.contig51_4	201	1.7e-08
TraT	PF05818.12	215	DB1.contig51_5	259	4.9e-81
DUF3482	PF11981.8	294	DB1.contig51_5	259	0.0012
HTH_Tnp_1	PF01527.20	75	DB1.contig52_1	72	4.2e-21
HTH_28	PF13518.6	52	DB1.contig52_1	72	1.9e-06
HTH_23	PF13384.6	50	DB1.contig52_1	72	7.1e-05
HTH_29	PF13551.6	63	DB1.contig52_1	72	0.0024
rve	PF00665.26	119	DB1.contig52_2	188	6e-25
rve_3	PF13683.6	67	DB1.contig52_2	188	3.6e-21
SIR2_2	PF13289.6	143	DB1.contig52_3	1045	4.8e-23
TPR_19	PF14559.6	68	DB1.contig52_3	1045	1.5e-06
Clathrin	PF00637.20	143	DB1.contig52_3	1045	0.017
ABC_membrane_3	PF13748.6	237	DB1.contig53_1	304	4.3e-89
PRA1	PF03208.19	143	DB1.contig53_2	130	8
Response_reg	PF00072.24	112	DB1.contig53_3	246	1.2e-25
Trans_reg_C	PF00486.28	77	DB1.contig53_3	246	2.2e-19
HATPase_c	PF02518.26	112	DB1.contig53_4	354	4.8e-17
HisKA	PF00512.25	67	DB1.contig53_4	354	2e-08
HAMP	PF00672.25	53	DB1.contig53_4	354	5.3e-05
ATPgrasp_TupA	PF14305.6	241	DB1.contig53_5	312	2.6e-48
Terminase_6	PF03237.15	215	DB1.contig54_1	391	6e-45
Terminase_6C	PF17289.2	155	DB1.contig54_1	391	2.3e-43
Phage_portal	PF04860.12	314	DB1.contig54_2	348	5.4e-15
CRISPR_Cas2	PF09827.9	76	DB1.contig54_3	90	0.0093
DUF1554	PF07588.11	135	DB1.contig54_3	90	0.042
Cas_Csx9	PF09658.10	377	DB1.contig54_7	298	0.088
DinI	PF06183.13	63	DB1.contig54_8	29	4.1e-07
Phage-tail_3	PF13550.6	164	DB1.contig55_1	819	1.2e-06
PfkB	PF00294.24	302	DB1.contig57_1	231	5.8e-35
Phos_pyr_kin	PF08543.12	246	DB1.contig57_1	231	0.017
DUF481	PF04338.12	212	DB1.contig57_2	253	6.6e-55
tRNA-synt_2b	PF00587.25	179	DB1.contig57_4	632	3.8e-51
HGTP_anticodon	PF03129.20	94	DB1.contig57_4	632	1.4e-23
TGS	PF02824.21	60	DB1.contig57_4	632	1.1e-14
tRNA_SAD	PF07973.14	44	DB1.contig57_4	632	2.2e-14
Glycos_transf_2	PF00535.26	170	DB1.contig58_1	267	3.6e-17
Glyco_tranf_2_3	PF13641.6	230	DB1.contig58_1	267	1e-12
Glyco_tranf_2_4	PF13704.6	96	DB1.contig58_1	267	6.9e-07
Glyco_tranf_2_2	PF10111.9	276	DB1.contig58_1	267	0.00069
GLF	PF03275.13	204	DB1.contig58_2	385	2e-76
NAD_binding_8	PF13450.6	68	DB1.contig58_2	385	2e-17
Amino_oxidase	PF01593.24	452	DB1.contig58_2	385	2.1e-06
NAD_binding_9	PF13454.6	156	DB1.contig58_2	385	5.7e-06
DAO	PF01266.24	352	DB1.contig58_2	385	1.5e-05
Pyr_redox	PF00070.27	81	DB1.contig58_2	385	1.7e-05
Pyr_redox_2	PF07992.14	294	DB1.contig58_2	385	6.8e-05
FAD_binding_3	PF01494.19	349	DB1.contig58_2	385	0.00071
ApbA	PF02558.16	152	DB1.contig58_2	385	0.00096
UDPG_MGDP_dh_N	PF03721.14	187	DB1.contig58_2	385	0.0019
FAD_oxidored	PF12831.7	433	DB1.contig58_2	385	0.0021
FAD_binding_2	PF00890.24	417	DB1.contig58_2	385	0.0041
DUF1188	PF06690.11	248	DB1.contig58_2	385	0.0042
DUF4422	PF14393.6	229	DB1.contig58_3	632	5.3e-74
Glyco_transf_8	PF01501.20	256	DB1.contig58_3	632	4.3e-43
Glyco_transf_24	PF18404.1	268	DB1.contig58_3	632	9.1e-06
HlyE	PF06109.13	309	DB1.contig58_3	632	0.00078
ABC_tran	PF00005.27	137	DB1.contig58_4	233	4.4e-17
AAA_29	PF13555.6	61	DB1.contig58_4	233	0.0081
SNase	PF00565.17	108	DB1.contig59_2	96	2.9e-11
IMS	PF00817.20	150	DB1.contig59_3	76	0.0073
DDE_Tnp_IS66	PF03050.14	282	DB1.contig59_4	188	1.9e-14
Chlor_dismutase	PF06778.12	194	DB1.contig59_7	188	9.4e-08
DDE_Tnp_IS66	PF03050.14	282	DB1.contig59_8	368	6.3e-106
DDE_Tnp_IS66_C	PF13817.6	39	DB1.contig59_8	368	7.8e-17
Glycos_transf_1	PF00534.20	172	DB1.contig60_2	392	2.8e-27
Glyco_trans_1_4	PF13692.6	134	DB1.contig60_2	392	2e-18
Glyco_transf_4	PF13439.6	170	DB1.contig60_2	392	7.3e-10
Bac_transf	PF02397.16	184	DB1.contig60_3	466	1.1e-65
CoA_binding_3	PF13727.6	175	DB1.contig60_3	466	8.6e-32
Glyco_transf_4	PF13439.6	170	DB1.contig60_4	178	2.1e-09
Glyco_trans_4_4	PF13579.6	160	DB1.contig60_4	178	2.3e-08
ACR_tran	PF00873.19	1021	DB1.contig61_1	1039	0
MMPL	PF03176.15	333	DB1.contig61_1	1039	1.4e-09
MMPL	PF03176.15	333	DB1.contig61_1	1039	1.4e-09
SecD_SecF	PF02355.16	189	DB1.contig61_1	1039	0.00012
Acetyltransf_3	PF13302.7	138	DB1.contig61_2	179	1.5e-17
Acetyltransf_1	PF00583.25	117	DB1.contig61_2	179	1e-08
Sulfate_transp	PF00916.20	380	DB1.contig61_4	177	0.02
MFS_1	PF07690.16	353	DB1.contig62_1	212	1.3e-16
MFS_1_like	PF12832.7	385	DB1.contig62_1	212	0.007
Peripla_BP_3	PF13377.6	166	DB1.contig62_3	353	1e-25
Peripla_BP_1	PF00532.21	279	DB1.contig62_3	353	1.6e-15
LacI	PF00356.21	46	DB1.contig62_3	353	7e-15
Peripla_BP_4	PF13407.6	258	DB1.contig62_3	353	1.7e-06
HTH_24	PF13412.6	48	DB1.contig62_3	353	0.0039
PTS_EIIA_2	PF00359.22	144	DB1.contig62_4	146	3.3e-31
PTS_IIB	PF02302.17	90	DB1.contig62_5	89	4.9e-17
DUF948	PF06103.11	89	DB1.contig62_5	89	0.012
EIIC-GAT	PF03611.14	396	DB1.contig62_6	400	9e-143
MdoG	PF04349.12	477	DB1.contig63_1	247	2.6e-87
Glycos_transf_2	PF00535.26	170	DB1.contig63_2	843	4.2e-23
Glyco_trans_2_3	PF13632.6	197	DB1.contig63_2	843	1.3e-12
Glyco_transf_21	PF13506.6	173	DB1.contig63_2	843	2.2e-08
DUF1375	PF07119.12	53	DB1.contig63_3	76	5.8e-08
MsyB	PF13984.6	122	DB1.contig63_4	129	1.7e-61
MFS_1	PF07690.16	353	DB1.contig63_5	97	5.9e-12
AAA_21	PF13304.6	303	DB1.contig64_1	99	1.7e-05
SMC_N	PF02463.19	220	DB1.contig64_1	99	0.0022
AAA_15	PF13175.6	369	DB1.contig64_1	99	0.01
AAA_23	PF13476.6	200	DB1.contig64_1	99	0.027
Phage_GPA	PF05840.13	318	DB1.contig64_2	872	5.5e-104
MethyltransfD12	PF02086.15	260	DB1.contig64_4	164	7.4e-34
HTH_Tnp_1	PF01527.20	75	DB1.contig65_2	88	1.2e-22
HTH_28	PF13518.6	52	DB1.contig65_2	88	7.9e-06
HTH_23	PF13384.6	50	DB1.contig65_2	88	1.2e-05
HTH_29	PF13551.6	63	DB1.contig65_2	88	0.00036
HTH_Tnp_1_2	PF13022.6	123	DB1.contig65_2	88	0.0019
rve_3	PF13683.6	67	DB1.contig65_3	275	8.1e-33
rve	PF00665.26	119	DB1.contig65_3	275	1.9e-24
HTH_21	PF13276.6	60	DB1.contig65_3	275	2.6e-14
rve_2	PF13333.6	52	DB1.contig65_3	275	0.00016
HCV_NS5a_C	PF12941.7	242	DB1.contig65_5	119	0.00026
HTH_18	PF12833.7	81	DB1.contig66_1	110	1.2e-23
HTH_AraC	PF00165.23	42	DB1.contig66_1	110	5e-19
HTH_AraC	PF00165.23	42	DB1.contig66_1	110	5e-19
EAL	PF00563.20	238	DB1.contig66_2	535	3.9e-63
CSS-motif	PF12792.7	209	DB1.contig66_2	535	3.2e-40
YjcB	PF15940.5	92	DB1.contig66_3	94	1.4e-45
BPD_transp_1	PF00528.22	185	DB1.contig66_4	286	5.6e-17
DUF2345	PF10106.9	151	DB1.contig67_1	264	2.7e-43
Sarcoglycan_1	PF04790.13	260	DB1.contig67_1	264	0.0098
Peptidase_M23	PF01551.22	96	DB1.contig67_2	676	4.3e-14
LysM	PF01476.20	44	DB1.contig67_2	676	1e-13
SLT	PF01464.20	117	DB1.contig67_2	676	7.6e-08
ADH_N	PF08240.12	109	DB1.contig68_1	378	5.8e-27
ADH_zinc_N	PF00107.26	130	DB1.contig68_1	378	9.2e-12
ADH_N_assoc	PF13823.6	23	DB1.contig68_1	378	3e-09
Glu_dehyd_C	PF16912.5	212	DB1.contig68_1	378	0.00013
AlaDh_PNT_C	PF01262.21	214	DB1.contig68_1	378	0.00031
HI0933_like	PF03486.14	409	DB1.contig68_1	378	0.0052
GGDEF	PF00990.21	161	DB1.contig68_2	533	3.7e-43
dCache_1	PF02743.18	249	DB1.contig68_2	533	2.5e-17
GGDEF_2	PF17853.1	116	DB1.contig68_2	533	0.00014
GGDEF	PF00990.21	161	DB1.contig69_1	531	1.6e-32
HAMP	PF00672.25	53	DB1.contig69_1	531	3.8e-07
GAF	PF01590.26	133	DB1.contig69_1	531	8.3e-05
GAF_2	PF13185.6	138	DB1.contig69_1	531	0.00062
GAF_3	PF13492.6	129	DB1.contig69_1	531	0.0041
HD	PF01966.22	122	DB1.contig69_2	399	4.4e-28
HD	PF01966.22	122	DB1.contig69_2	399	4.4e-28
HD_5	PF13487.6	64	DB1.contig69_2	399	3.5e-13
HDOD	PF08668.12	196	DB1.contig69_2	399	2.5e-12
HDOD	PF08668.12	196	DB1.contig69_2	399	2.5e-12
EAL	PF00563.20	238	DB1.contig69_3	228	1.6e-17
Hydrolase_4	PF12146.8	239	DB1.contig70_1	84	0.023
DUF1815	PF08844.10	101	DB1.contig70_1	84	0.039
EamA	PF00892.20	137	DB1.contig70_2	290	3.5e-20
EamA	PF00892.20	137	DB1.contig70_2	290	3.5e-20
DUF2689	PF10894.8	57	DB1.contig70_3	65	0.084
TetR_N	PF00440.23	47	DB1.contig70_4	207	1.3e-09
TetR_C_6	PF13977.6	115	DB1.contig70_4	207	0.0002
DUF1471	PF07338.13	56	DB1.contig70_5	89	2.8e-13
Gamma_PGA_hydro	PF05908.11	192	DB1.contig70_5	89	0.054
DM13	PF10517.9	104	DB1.contig70_6	159	3.5e-22
ADH_N	PF08240.12	109	DB1.contig71_1	291	5.2e-26
ADH_zinc_N	PF00107.26	130	DB1.contig71_1	291	3.1e-21
ABM	PF03992.16	78	DB1.contig71_2	102	7e-05
HTH_18	PF12833.7	81	DB1.contig71_3	329	1.4e-23
HTH_AraC	PF00165.23	42	DB1.contig71_3	329	1.2e-15
HTH_AraC	PF00165.23	42	DB1.contig71_3	329	1.2e-15
DJ-1_PfpI	PF01965.24	165	DB1.contig71_3	329	4.1e-14
HTH_11	PF08279.12	55	DB1.contig71_3	329	0.002
DDE_Tnp_1_5	PF13737.6	112	DB1.contig71_4	124	2.9e-42
Asp_decarbox	PF02261.16	115	DB1.contig72_1	39	4.6e-15
Pantoate_ligase	PF02569.15	266	DB1.contig72_2	285	2.9e-102
Pantoate_transf	PF02548.15	259	DB1.contig72_3	264	3.7e-104
Asp_Glu_race	PF01177.22	224	DB1.contig72_3	264	0.0039
Polysacc_deac_1	PF01522.21	124	DB1.contig72_4	350	6.9e-21
Asp_decarbox	PF02261.16	115	DB1.contig72_5	127	1.2e-46
Fe-ADH	PF00465.19	364	DB1.contig73_1	620	3.9e-43
Aldedh	PF00171.22	462	DB1.contig73_1	620	6.7e-29
Fe-ADH_2	PF13685.6	250	DB1.contig73_1	620	5.1e-07
MarC	PF01914.17	203	DB1.contig73_2	216	7.7e-75
PilZ	PF07238.14	103	DB1.contig74_1	237	5.4e-05
GerE	PF00196.19	57	DB1.contig74_2	195	3.3e-13
DUF2089	PF09862.9	114	DB1.contig74_2	195	0.013
EAL	PF00563.20	238	DB1.contig74_3	239	3.1e-26
Iso_dh	PF00180.20	348	DB1.contig75_1	65	0.00078
OstA	PF03968.14	113	DB1.contig75_2	123	0.053
DDE_Tnp_ISL3	PF01610.17	240	DB1.contig75_4	407	7.8e-55
HTH_Tnp_ISL3	PF13542.6	52	DB1.contig75_4	407	1e-12
zf-ISL3	PF14690.6	47	DB1.contig75_4	407	4.6e-10
rve_3	PF13683.6	67	DB1.contig75_6	261	9.7e-33
rve	PF00665.26	119	DB1.contig75_6	261	5.2e-23
HTH_21	PF13276.6	60	DB1.contig75_6	261	3.6e-16
rve_2	PF13333.6	52	DB1.contig75_6	261	6.1e-05
HTH_32	PF13565.6	73	DB1.contig75_6	261	0.003
5_nucleotid_C	PF02872.18	158	DB1.contig76_2	596	1.9e-22
Metallophos	PF00149.28	204	DB1.contig76_2	596	2.7e-09
HxlR	PF01638.17	91	DB1.contig76_3	124	2.9e-31
NmrA	PF05368.13	233	DB1.contig76_4	224	9e-24
NAD_binding_10	PF13460.6	184	DB1.contig76_4	224	5.5e-22
3Beta_HSD	PF01073.19	280	DB1.contig76_4	224	2e-06
NAD_binding_4	PF07993.12	257	DB1.contig76_4	224	4.4e-06
TrkA_N	PF02254.18	116	DB1.contig76_4	224	2.2e-05
Epimerase	PF01370.21	241	DB1.contig76_4	224	0.00017
Cpn60_TCP1	PF00118.24	491	DB1.contig77_1	509	3.3e-92
Cpn10	PF00166.21	93	DB1.contig77_2	98	6.6e-30
AA_permease_2	PF13520.6	425	DB1.contig77_3	386	1e-29
AA_permease	PF00324.21	479	DB1.contig77_3	386	6.1e-09
DUF2913	PF11140.8	207	DB1.contig78_3	204	4.1e-19
Peptidase_S24	PF00717.23	70	DB1.contig79_1	142	3.5e-12
IMS	PF00817.20	150	DB1.contig79_2	424	7e-35
DUF4113	PF13438.6	51	DB1.contig79_2	424	2.8e-21
IMS_C	PF11799.8	118	DB1.contig79_2	424	1.4e-18
IMS_HHH	PF11798.8	32	DB1.contig79_2	424	3.3e-05
DNA_pol_lambd_f	PF10391.9	50	DB1.contig79_2	424	0.0028
PhdYeFM_antitox	PF02604.19	75	DB1.contig79_3	84	9.1e-05
PH_17	PF18012.1	59	DB1.contig79_4	102	0.019
Tail_spike_N	PF18668.1	70	DB1.contig80_1	296	1.1e-28
Tail_P2_I	PF09684.10	136	DB1.contig80_2	199	5.3e-43
Baseplate_J	PF04865.14	255	DB1.contig80_3	300	3.6e-27
GPW_gp25	PF04965.14	95	DB1.contig80_4	123	2.3e-11
Phage_spike	PF18715.1	54	DB1.contig80_5	128	1.1e-18
Phage_base_V	PF04717.12	112	DB1.contig80_5	128	5e-07
