target	acc	tlen	query	qlen	evalue
Tudor_3	PF18115.1	52	D4001.contig1_1	199	0.082
UBA_3	PF09288.10	55	D4001.contig1_5	42	0.054
RalF_SCD	PF18248.1	147	D4001.contig1_7	111	0.051
efb-c	PF12199.8	65	D4001.contig1_11	83	0.038
Vps51	PF08700.11	87	D4001.contig1_12	108	0.072
TPR_6	PF13174.6	33	D4001.contig1_17	75	0.0029
YfiO	PF13525.6	203	D4001.contig1_17	75	0.016
TPR_18	PF13512.6	145	D4001.contig1_17	75	0.022
IIGP	PF05049.13	375	D4001.contig1_29	183	0.066
YmgB	PF10798.8	59	D4001.contig1_32	47	0.0095
Leader_CPA1	PF08252.11	23	D4001.contig1_33	95	0.11
TPR_MLP1_2	PF07926.12	129	D4001.contig1_35	74	0.0016
BST2	PF16716.5	91	D4001.contig1_35	74	0.0019
Me-amine-dh_L	PF02975.14	113	D4001.contig1_37	94	0.082
Chordopox_A20R	PF05941.13	334	D4001.contig1_39	113	0.0055
RVT_1	PF00078.27	222	D4001.contig1_40	55	0.00015
RVT_1	PF00078.27	222	D4001.contig1_41	110	6.6e-06
GTP_cyclohydroI	PF01227.22	179	D4001.contig1_41	110	0.047
PIF3	PF05006.12	149	D4001.contig1_45	178	0.014
Rib	PF08428.10	65	D4001.contig1_48	236	0.0092
DUF2286	PF10051.9	138	D4001.contig1_50	91	0.041
Collagen	PF01391.18	60	D4001.contig1_58	283	0.00048
Collagen	PF01391.18	60	D4001.contig1_59	185	2.4e-06
APC1_C	PF18122.1	167	D4001.contig1_68	193	0.035
GIY-YIG	PF01541.24	78	D4001.contig1_70	337	2.7e-13
NUMOD1	PF07453.13	37	D4001.contig1_70	337	6.2e-11
NUMOD1	PF07453.13	37	D4001.contig1_70	337	6.2e-11
Pex14_N	PF04695.13	157	D4001.contig1_73	391	0.012
CSF-1	PF05337.11	140	D4001.contig1_76	74	0.071
DUF45	PF01863.17	207	D4001.contig1_77	87	0.0012
SprT-like	PF10263.9	113	D4001.contig1_77	87	0.029
Peptidase_M90	PF06167.12	245	D4001.contig1_77	87	0.04
Nuc_deoxyri_tr2	PF15891.5	108	D4001.contig1_85	77	0.0077
Colicin_E5	PF12106.8	90	D4001.contig1_88	70	0.047
Stevor	PF17410.2	275	D4001.contig1_100	136	0.0031
DUF3086	PF11285.8	277	D4001.contig1_100	136	0.017
Kei1	PF08552.11	190	D4001.contig1_101	152	0.044
RP-C	PF03428.13	175	D4001.contig1_103	85	0.038
Myosin_head	PF00063.21	677	D4001.contig1_104	130	0.0042
SPA	PF08616.10	114	D4001.contig1_112	103	0.054
Cytochrom_C1	PF02167.15	219	D4001.contig1_112	103	0.08
DUF3879	PF12995.7	181	D4001.contig1_121	153	0.00011
Bmp	PF02608.14	302	D4001.contig1_121	153	0.0097
HNH	PF01844.23	47	D4001.contig1_122	166	1.5e-09
HNH_5	PF14279.6	56	D4001.contig1_122	166	1.9e-05
Ecl1	PF12855.7	174	D4001.contig1_122	166	0.021
DUF5601	PF18151.1	65	D4001.contig1_124	67	0.055
DUF2866	PF11065.8	64	D4001.contig1_126	127	0.016
Sigma70_r4_2	PF08281.12	54	D4001.contig1_127	188	3.9e-16
Sigma70_r4	PF04545.16	50	D4001.contig1_127	188	3.2e-11
Sigma70_r2	PF04542.14	71	D4001.contig1_127	188	5e-11
Sigma70_ECF	PF07638.11	185	D4001.contig1_127	188	9.4e-06
HTH_AsnC-type	PF13404.6	42	D4001.contig1_127	188	0.00016
HTH_24	PF13412.6	48	D4001.contig1_127	188	0.00028
HTH_Mga	PF08280.11	60	D4001.contig1_127	188	0.00057
GerE	PF00196.19	57	D4001.contig1_127	188	0.00067
HTH_23	PF13384.6	50	D4001.contig1_127	188	0.0011
HTH_28	PF13518.6	52	D4001.contig1_127	188	0.0017
HTH_10	PF04967.12	53	D4001.contig1_127	188	0.0037
5TM-5TMR_LYT	PF07694.12	169	D4001.contig1_128	123	0.019
DUF4131	PF13567.6	167	D4001.contig1_128	123	0.077
GP63	PF17471.2	73	D4001.contig1_133	192	0.087
ATP12	PF07542.11	129	D4001.contig1_136	211	0.028
Bcr-Abl_Oligo	PF09036.10	73	D4001.contig1_137	419	0.0031
DnaB_C	PF03796.15	255	D4001.contig1_141	324	9e-20
ABC_tran	PF00005.27	137	D4001.contig1_141	324	0.0001
MMR_HSR1	PF01926.23	114	D4001.contig1_141	324	0.00032
AAA_22	PF13401.6	137	D4001.contig1_141	324	0.004
Rad51	PF08423.11	255	D4001.contig1_141	324	0.0041
ATPase_2	PF01637.18	233	D4001.contig1_141	324	0.0043
AAA_24	PF13479.6	197	D4001.contig1_143	248	1.6e-26
YugN	PF08868.10	130	D4001.contig1_144	209	0.097
zf-CHC2	PF01807.20	98	D4001.contig1_145	323	4.1e-05
Toprim_2	PF13155.6	90	D4001.contig1_145	323	0.00019
Toprim_4	PF13662.6	89	D4001.contig1_145	323	0.0012
DUF1064	PF06356.11	117	D4001.contig1_148	82	2.2e-07
AAA	PF00004.29	132	D4001.contig1_149	264	8.8e-11
AAA_16	PF13191.6	170	D4001.contig1_149	264	5.4e-05
Sigma54_activ_2	PF14532.6	138	D4001.contig1_149	264	0.00025
NUMOD4	PF07463.11	49	D4001.contig1_151	182	4e-15
HNH_3	PF13392.6	46	D4001.contig1_151	182	8.3e-08
NUMOD1	PF07453.13	37	D4001.contig1_151	182	0.039
PDDEXK_1	PF12705.7	255	D4001.contig1_152	325	6.5e-05
HOK_GEF	PF01848.16	42	D4001.contig1_155	51	0.081
RICH	PF05062.12	83	D4001.contig1_161	56	0.0054
Mistic	PF11458.8	74	D4001.contig1_161	56	0.029
MHB	PF16525.5	77	D4001.contig1_162	81	0.13
DUF1768	PF08719.11	161	D4001.contig1_164	252	2.6e-05
RTX_C	PF08339.10	166	D4001.contig1_169	50	0.011
MSP7_C	PF12948.7	125	D4001.contig2_4	164	0.052
DnaB_C	PF03796.15	255	D4001.contig2_9	319	1.1e-21
ABC_tran	PF00005.27	137	D4001.contig2_9	319	0.00017
RsgA_GTPase	PF03193.16	167	D4001.contig2_9	319	0.0012
NACHT	PF05729.12	166	D4001.contig2_9	319	0.0014
AAA_16	PF13191.6	170	D4001.contig2_9	319	0.0037
AAA_24	PF13479.6	197	D4001.contig2_11	248	7.8e-28
AAA	PF00004.29	132	D4001.contig2_11	248	0.0017
AAA_22	PF13401.6	137	D4001.contig2_11	248	0.0028
zf-CHC2	PF01807.20	98	D4001.contig2_13	350	1.5e-05
Toprim_4	PF13662.6	89	D4001.contig2_13	350	7.3e-05
Toprim_2	PF13155.6	90	D4001.contig2_13	350	0.028
Metallophos	PF00149.28	204	D4001.contig2_14	194	4.3e-06
Metallophos_2	PF12850.7	165	D4001.contig2_14	194	0.0021
DUF4203	PF13886.6	201	D4001.contig2_16	49	0.056
DUF1064	PF06356.11	117	D4001.contig2_17	136	2.4e-10
Phage_endo_I	PF05367.11	149	D4001.contig2_17	136	5.6e-05
CLCA	PF08434.11	266	D4001.contig2_17	136	0.0059
DUF2779	PF11074.8	126	D4001.contig2_18	103	0.0048
dNK	PF01712.19	204	D4001.contig2_18	103	0.026
Metallophos	PF00149.28	204	D4001.contig2_20	229	1.4e-08
Metallophos_2	PF12850.7	165	D4001.contig2_20	229	3.2e-07
DUF3799	PF12684.7	234	D4001.contig2_22	332	7.1e-09
PDDEXK_1	PF12705.7	255	D4001.contig2_22	332	0.0076
ART-PolyVal	PF18760.1	137	D4001.contig2_24	2008	1.5e-12
Exo5	PF09810.9	368	D4001.contig2_24	2008	0.12
cpYpsA	PF12694.7	145	D4001.contig2_25	4528	9.4e-22
Bacteriocin_IIc	PF10439.9	62	D4001.contig2_27	675	0.025
Smac_DIABLO	PF09057.10	226	D4001.contig2_29	322	0.044
Phage_Gp111	PF07410.11	118	D4001.contig2_30	153	0.12
Leader_CPA1	PF08252.11	23	D4001.contig2_31	219	0.058
PNK3P	PF08645.11	162	D4001.contig2_33	171	1.3e-21
TFR_dimer	PF04253.15	121	D4001.contig2_36	112	0.11
RVT_1	PF00078.27	222	D4001.contig2_37	441	8.4e-20
Phage_head_fibr	PF11133.8	277	D4001.contig2_38	575	1.3e-05
Caprin-1_dimer	PF18293.1	116	D4001.contig2_39	139	0.027
BST2	PF16716.5	91	D4001.contig2_39	139	0.044
Cas_GSU0053	PF09617.10	170	D4001.contig2_42	248	0.11
UPF0242	PF06785.11	193	D4001.contig2_43	200	0.0018
DUF2353	PF09789.9	314	D4001.contig2_43	200	0.0049
CortBP2	PF09727.9	191	D4001.contig2_43	200	0.007
Phage_holin_4_1	PF05105.12	114	D4001.contig2_44	182	1.3e-10
HEPN_AbiU2	PF18734.1	199	D4001.contig2_44	182	0.022
Collagen	PF01391.18	60	D4001.contig2_46	683	3.1e-09
Phage_GPA	PF05840.13	318	D4001.contig3_4	111	0.037
Terminase_1	PF03354.15	468	D4001.contig3_5	582	4.6e-43
Phage_portal	PF04860.12	314	D4001.contig3_6	447	1.8e-25
Peptidase_S78	PF04586.17	163	D4001.contig3_8	622	4.1e-05
Cadherin-like	PF12733.7	90	D4001.contig3_9	93	0.0073
PAD_M	PF08527.10	159	D4001.contig3_9	93	0.07
Amidase_2	PF01510.25	126	D4001.contig3_16	335	1.5e-15
SH3_3	PF08239.11	55	D4001.contig3_16	335	4.7e-06
HK97-gp10_like	PF04883.12	81	D4001.contig3_17	126	5e-05
Sipho_tail	PF05709.11	255	D4001.contig3_19	305	2.1e-27
Sipho_Gp37	PF14594.6	351	D4001.contig3_20	357	4.6e-95
Phage_XkdX	PF09693.10	40	D4001.contig3_24	48	3.2e-17
AcylCoA_dehyd_C	PF12186.8	111	D4001.contig3_25	162	0.071
RVT_1	PF00078.27	222	D4001.contig3_26	256	6.9e-08
DUF2312	PF10073.9	72	D4001.contig3_27	108	0.031
Phage_holin_5_2	PF16079.5	75	D4001.contig3_28	99	1.5e-25
Phage_integrase	PF00589.22	172	D4001.contig3_31	417	9e-13
zf-ribbon_3	PF13248.6	26	D4001.contig3_31	417	2.9e-07
zinc_ribbon_2	PF13240.6	23	D4001.contig3_31	417	3.9e-07
UPF0547	PF10571.9	26	D4001.contig3_31	417	3.2e-06
DZR	PF12773.7	49	D4001.contig3_31	417	0.00027
DZR	PF12773.7	49	D4001.contig3_32	106	0.0037
UPF0154	PF03672.13	60	D4001.contig3_39	75	0.036
Pilin_N	PF07790.11	81	D4001.contig3_39	75	0.062
DZR	PF12773.7	49	D4001.contig3_41	105	0.00063
TF_Zn_Ribbon	PF08271.12	43	D4001.contig3_41	105	0.00091
UAE_UbL	PF14732.6	89	D4001.contig3_44	73	0.0033
DUF4367	PF14285.6	110	D4001.contig3_44	73	0.0048
EFTUD2	PF16004.5	122	D4001.contig3_46	260	0.041
DUF2371	PF10177.9	140	D4001.contig3_47	57	0.0059
Peptidase_A25	PF03418.14	354	D4001.contig3_50	258	0.078
DUF3310	PF11753.8	60	D4001.contig3_54	87	1.4e-21
Hydrolase_2	PF07486.12	104	D4001.contig3_56	190	2e-12
PEGA	PF08308.11	70	D4001.contig3_59	205	0.00082
Gtr1_RagA	PF04670.12	232	D4001.contig3_62	78	0.018
AAA_21	PF13304.6	303	D4001.contig3_63	1367	0.0042
AAA_16	PF13191.6	170	D4001.contig3_63	1367	0.0042
AAA_30	PF13604.6	192	D4001.contig3_63	1367	0.011
DUF5622	PF18533.1	66	D4001.contig3_64	162	0.066
N6_Mtase	PF02384.16	312	D4001.contig3_65	296	5.3e-09
STE	PF02200.16	110	D4001.contig3_66	55	0.1
Helicase_C	PF00271.31	111	D4001.contig3_67	413	0.00049
LemA	PF04011.12	149	D4001.contig3_72	185	1.5e-31
DASH_Spc34	PF08657.10	255	D4001.contig3_72	185	0.0049
DUF2140	PF09911.9	187	D4001.contig3_72	185	0.022
DUF4378	PF14309.6	165	D4001.contig3_74	356	0.0047
Hydrolase_3	PF08282.12	255	D4001.contig3_74	356	0.044
DUF1965	PF09248.10	69	D4001.contig3_79	67	0.06
ApoLp-III	PF07464.11	146	D4001.contig3_84	88	0.014
Gag_p17	PF00540.18	140	D4001.contig3_86	174	0.011
DUF4839	PF16127.5	123	D4001.contig3_87	265	1.6e-36
Trigger_C	PF05698.14	162	D4001.contig3_87	265	0.047
Hjc	PF01870.18	93	D4001.contig3_88	97	0.11
DUF2800	PF10926.8	363	D4001.contig3_89	186	9.1e-06
HTH_38	PF13936.6	44	D4001.contig3_90	916	4.2e-10
HTH_23	PF13384.6	50	D4001.contig3_90	916	1.9e-09
Sigma70_r4_2	PF08281.12	54	D4001.contig3_90	916	1.3e-07
HTH_7	PF02796.15	45	D4001.contig3_90	916	1.8e-07
HTH_3	PF01381.22	55	D4001.contig3_90	916	3e-07
RdRP	PF05183.12	586	D4001.contig3_90	916	0.00071
HTH_23	PF13384.6	50	D4001.contig4_2	934	3.5e-09
HTH_38	PF13936.6	44	D4001.contig4_2	934	3.9e-09
RdRP	PF05183.12	586	D4001.contig4_2	934	0.00082
PDDEXK_1	PF12705.7	255	D4001.contig4_3	198	0.0043
DnaB_2	PF07261.11	74	D4001.contig4_3	198	0.019
VRR_NUC	PF08774.11	108	D4001.contig4_4	100	0.011
B5	PF03484.15	67	D4001.contig4_6	155	0.014
DUF1441	PF07278.11	149	D4001.contig4_6	155	0.034
Kunitz_legume	PF00197.18	175	D4001.contig4_7	203	0.0037
Helicase_C	PF00271.31	111	D4001.contig4_9	416	1.3e-05
DUF1450	PF07293.11	75	D4001.contig4_12	69	0.0052
HTH_3	PF01381.22	55	D4001.contig4_13	162	0.00018
Sigma70_r4	PF04545.16	50	D4001.contig4_13	162	0.0052
Cys_rich_CPXG	PF14255.6	52	D4001.contig4_14	189	0.026
CesT	PF05932.13	119	D4001.contig4_15	98	0.04
GRDA	PF04723.14	147	D4001.contig4_17	134	0.0073
Gelsolin	PF00626.22	76	D4001.contig4_19	72	0.019
Phage-A118_gp45	PF10653.9	62	D4001.contig4_22	75	0.11
Bro-N	PF02498.17	95	D4001.contig4_23	173	9.4e-12
AAA_18	PF13238.6	130	D4001.contig4_25	1367	0.00075
Uso1_p115_C	PF04871.13	126	D4001.contig4_27	291	0.01
LapA_dom	PF06305.11	64	D4001.contig4_27	291	0.012
TPR_MLP1_2	PF07926.12	129	D4001.contig4_27	291	0.015
DUF872	PF05915.12	115	D4001.contig4_28	134	0.12
GP24_25	PF17388.2	130	D4001.contig4_29	130	0.018
DUF896	PF05979.12	64	D4001.contig4_30	305	0.066
DUF4185	PF13810.6	313	D4001.contig4_33	213	0.011
Gate	PF07670.14	112	D4001.contig4_35	87	0.14
CRA	PF06589.11	127	D4001.contig4_37	86	0.013
dUTPase_2	PF08761.11	166	D4001.contig4_38	132	0.011
DUF3149	PF11346.8	40	D4001.contig4_40	62	0.0059
AAA_18	PF13238.6	130	D4001.contig4_42	224	1.2e-11
Guanylate_kin	PF00625.21	182	D4001.contig4_42	224	5.5e-10
AAA_16	PF13191.6	170	D4001.contig4_42	224	0.0015
AAA_5	PF07728.14	138	D4001.contig4_42	224	0.0023
AAA_28	PF13521.6	163	D4001.contig4_42	224	0.0025
DUF3149	PF11346.8	40	D4001.contig4_45	60	0.062
DUF4374	PF14298.6	435	D4001.contig4_48	59	0.074
Phage_XkdX	PF09693.10	40	D4001.contig4_53	109	0.041
Tmemb_cc2	PF10267.9	401	D4001.contig4_60	209	0.086
Sipho_Gp37	PF14594.6	351	D4001.contig4_61	418	5.4e-69
Sipho_tail	PF05709.11	255	D4001.contig4_62	309	8.9e-20
Baculo_PEP_C	PF04513.12	140	D4001.contig4_63	2565	1.5e-06
Methyltrn_RNA_3	PF02598.17	286	D4001.contig4_64	128	0.14
Glyco_hydro_25	PF01183.20	178	D4001.contig4_66	374	6.3e-32
LysM	PF01476.20	44	D4001.contig4_66	374	1.6e-26
LysM	PF01476.20	44	D4001.contig4_66	374	1.6e-26
CW_7	PF08230.11	40	D4001.contig4_66	374	6.9e-13
DUF3168	PF11367.8	117	D4001.contig4_68	118	0.092
Big_2	PF02368.18	79	D4001.contig4_70	190	1.4e-15
S-l_SbsC_C	PF18316.1	86	D4001.contig4_70	190	9.4e-07
Peptidase_S78	PF04586.17	163	D4001.contig4_71	645	2.1e-08
Phage_capsid	PF05065.13	280	D4001.contig4_71	645	0.00015
Phage_portal	PF04860.12	314	D4001.contig4_73	443	1.4e-29
Terminase_1	PF03354.15	468	D4001.contig4_75	589	1.8e-53
Peptidase_S15	PF02129.18	269	D4001.contig4_76	181	0.038
RE_Eco47II	PF09553.10	202	D4001.contig4_77	120	0.089
Big_7	PF17957.1	70	D4001.contig4_79	323	1.8e-06
DUF3382	PF11862.8	97	D4001.contig4_81	76	0.1
DCD	PF06559.11	361	D4001.contig4_83	186	4.2e-14
DCD	PF06559.11	361	D4001.contig4_83	186	4.2e-14
dUTPase	PF00692.19	129	D4001.contig4_83	186	2e-08
BLOC1_2	PF10046.9	96	D4001.contig4_84	114	0.029
BrnA_antitoxin	PF14384.6	70	D4001.contig5_2	61	0.013
YopX	PF09643.10	131	D4001.contig5_5	133	2.1e-12
ParA	PF10609.9	246	D4001.contig5_7	419	3.7e-27
CbiA	PF01656.23	128	D4001.contig5_7	419	2.6e-16
AAA_31	PF13614.6	177	D4001.contig5_7	419	1.5e-14
ArsA_ATPase	PF02374.15	305	D4001.contig5_7	419	3.4e-09
Fer4_NifH	PF00142.18	271	D4001.contig5_7	419	3.2e-07
SRP54	PF00448.22	196	D4001.contig5_7	419	1.2e-05
CBP_BcsQ	PF06564.12	234	D4001.contig5_7	419	8.2e-05
MipZ	PF09140.11	262	D4001.contig5_7	419	0.00014
VirC1	PF07015.11	231	D4001.contig5_7	419	0.0005
Glyco_transf_4	PF13439.6	170	D4001.contig5_7	419	0.0022
Phage_integrase	PF00589.22	172	D4001.contig5_8	273	1.1e-17
Phage_int_SAM_5	PF13102.6	99	D4001.contig5_8	273	0.0072
Phage_int_SAM_5	PF13102.6	99	D4001.contig5_9	380	3.1e-14
Phage_integrase	PF00589.22	172	D4001.contig5_9	380	1.1e-13
Arm-DNA-bind_5	PF17293.2	86	D4001.contig5_9	380	1.2e-05
Peptidase_S24	PF00717.23	70	D4001.contig5_11	257	0.00018
HTH_19	PF12844.7	65	D4001.contig5_11	257	0.0055
HTH_3	PF01381.22	55	D4001.contig5_11	257	0.0075
HTH_17	PF12728.7	51	D4001.contig5_13	84	4.2e-07
HTH_8	PF02954.19	42	D4001.contig5_13	84	0.02
Bap31_Bap29_C	PF18035.1	50	D4001.contig5_14	234	0.011
DUF3799	PF12684.7	234	D4001.contig5_15	323	2.9e-12
RecT	PF03837.14	199	D4001.contig5_16	303	6.4e-27
Bac_DNA_binding	PF00216.21	90	D4001.contig5_21	93	2.8e-23
HU-HIG	PF18291.1	125	D4001.contig5_21	93	1.4e-06
DUF2303	PF10065.9	267	D4001.contig5_22	248	0.032
Band_7	PF01145.25	178	D4001.contig5_23	270	8.3e-08
AAA_23	PF13476.6	200	D4001.contig5_23	270	0.013
HAUS-augmin3	PF14932.6	260	D4001.contig5_24	70	0.022
NHL	PF01436.21	28	D4001.contig5_25	152	0.012
Stc1	PF12898.7	85	D4001.contig5_26	54	0.006
DNA_methylase	PF00145.17	335	D4001.contig5_28	323	8.2e-42
Vac_ImportDeg	PF09783.9	162	D4001.contig5_30	140	0.033
DUF2400	PF09674.10	227	D4001.contig5_31	237	7.3e-68
OsmC	PF02566.19	100	D4001.contig5_32	195	0.066
Cas_Cas4	PF01930.17	162	D4001.contig5_33	60	0.017
LURAP	PF14854.6	117	D4001.contig5_33	60	0.055
TDH	PF03347.13	165	D4001.contig5_35	85	0.041
PAPS_reduct	PF01507.19	174	D4001.contig5_36	269	3.2e-21
Arm-DNA-bind_4	PF14657.6	46	D4001.contig5_37	71	0.037
N6_N4_Mtase	PF01555.18	231	D4001.contig5_38	223	1.1e-10
DUF551	PF04448.12	69	D4001.contig5_39	116	7.9e-06
Radical_SAM	PF04055.21	167	D4001.contig5_40	155	0.00015
STPPase_N	PF16891.5	48	D4001.contig5_42	79	0.053
Dam	PF05869.11	171	D4001.contig5_43	164	2.1e-15
RtcB	PF01139.17	412	D4001.contig5_46	422	1e-60
Sigma70_ECF	PF07638.11	185	D4001.contig5_47	136	0.013
NUMOD1	PF07453.13	37	D4001.contig5_49	134	0.00044
HTH_29	PF13551.6	63	D4001.contig5_49	134	0.00094
HTH_23	PF13384.6	50	D4001.contig5_49	134	0.0012
HTH_1	PF00126.27	60	D4001.contig5_49	134	0.0037
MazG	PF03819.17	74	D4001.contig5_50	98	0.00014
MazG-like	PF12643.7	85	D4001.contig5_50	98	0.0019
Ribosomal_L18A	PF01775.17	121	D4001.contig5_52	59	0.085
DUF3127	PF11325.8	85	D4001.contig5_53	134	4.8e-26
CdiI_4	PF18624.1	103	D4001.contig5_54	186	0.052
Alanine_zipper	PF11839.8	69	D4001.contig5_55	236	0.0075
Phage_holin_4_1	PF05105.12	114	D4001.contig5_57	156	0.0013
Lipl32	PF12103.8	179	D4001.contig5_57	156	0.0027
SMN	PF06003.12	264	D4001.contig5_62	59	0.087
RVT_1	PF00078.27	222	D4001.contig5_63	272	1.7e-05
Prok-E2_C	PF14459.6	133	D4001.contig5_64	440	0.058
KilA-N	PF04383.13	112	D4001.contig5_74	242	1.5e-14
LMP	PF04778.12	157	D4001.contig5_74	242	0.017
Phage_pRha	PF09669.10	88	D4001.contig5_75	124	4.9e-23
Replic_Relax	PF13814.6	192	D4001.contig5_75	124	0.019
Leu_zip	PF15294.6	276	D4001.contig5_77	752	0.0038
Oberon_cc	PF16312.5	129	D4001.contig5_77	752	0.0056
CW_binding_1	PF01473.20	19	D4001.contig6_2	264	7.6e-07
Phage_pRha	PF09669.10	88	D4001.contig6_3	221	2.6e-27
GCP_N_terminal	PF17681.1	306	D4001.contig6_3	221	0.0078
Resolvase	PF00239.21	146	D4001.contig6_4	493	2.3e-22
Recombinase	PF07508.13	104	D4001.contig6_4	493	1.9e-11
Zn_ribbon_recom	PF13408.6	58	D4001.contig6_4	493	8.9e-07
DUF2716	PF10898.8	142	D4001.contig6_5	82	0.063
ParE_toxin	PF05016.15	90	D4001.contig6_6	79	2.8e-06
bPH_3	PF14470.6	95	D4001.contig6_7	217	0.0016
TBCA	PF02970.16	88	D4001.contig6_7	217	0.0052
Ribosomal_L22e	PF01776.17	109	D4001.contig6_7	217	0.0074
DUF2700	PF10912.8	146	D4001.contig6_7	217	0.014
HTH_3	PF01381.22	55	D4001.contig6_8	133	8.2e-13
HTH_19	PF12844.7	65	D4001.contig6_8	133	2.2e-12
HTH_31	PF13560.6	64	D4001.contig6_8	133	6.3e-09
Phage_CI_repr	PF07022.13	65	D4001.contig6_8	133	0.00086
RAC_head	PF16717.5	98	D4001.contig6_9	56	0.043
CCDC-167	PF15188.6	84	D4001.contig6_10	62	0.0049
CD225	PF04505.12	68	D4001.contig6_10	62	0.0078
DUF4711	PF15829.5	221	D4001.contig6_10	62	0.03
ORF6C	PF10552.9	114	D4001.contig6_13	245	3.4e-29
Bro-N	PF02498.17	95	D4001.contig6_13	245	1.4e-28
ERF	PF04404.12	153	D4001.contig6_20	113	5e-20
ERF	PF04404.12	153	D4001.contig6_21	125	1.1e-12
SSB	PF00436.25	104	D4001.contig6_22	142	1.5e-31
ERCC4	PF02732.15	156	D4001.contig6_23	171	1.3e-06
zf-CHC2	PF01807.20	98	D4001.contig6_24	178	9.2e-15
DUF927	PF06048.11	287	D4001.contig6_25	614	5.7e-46
HTH_56	PF18662.1	111	D4001.contig6_25	614	3.1e-14
DZR	PF12773.7	49	D4001.contig6_30	52	0.00081
zinc_ribbon_2	PF13240.6	23	D4001.contig6_30	52	0.008
zf-ribbon_3	PF13248.6	26	D4001.contig6_30	52	0.0089
DUF551	PF04448.12	69	D4001.contig6_31	135	1.6e-07
DUF5131	PF07505.11	247	D4001.contig6_34	266	1.5e-44
GP88	PF17338.2	231	D4001.contig6_34	266	0.00026
Sigma70_r4_2	PF08281.12	54	D4001.contig6_37	136	0.00033
DUF5304	PF17230.2	148	D4001.contig6_37	136	0.029
AAA_31	PF13614.6	177	D4001.contig6_39	343	1.3e-20
CbiA	PF01656.23	128	D4001.contig6_39	343	2.2e-08
CBP_BcsQ	PF06564.12	234	D4001.contig6_39	343	0.00033
Phage_terminase	PF10668.9	60	D4001.contig6_40	249	2.6e-10
Terminase_5	PF06056.12	58	D4001.contig6_40	249	2.7e-08
HTH_23	PF13384.6	50	D4001.contig6_40	249	0.0057
Terminase_6	PF03237.15	215	D4001.contig6_41	480	9.5e-10
Terminase_6C	PF17289.2	155	D4001.contig6_41	480	3.4e-07
Terminase_3C	PF17288.2	155	D4001.contig6_41	480	0.00027
Terminase_3	PF04466.13	201	D4001.contig6_41	480	0.0052
Phage_prot_Gp6	PF05133.14	420	D4001.contig6_42	497	7.4e-83
ADPrib_exo_Tox	PF03496.14	197	D4001.contig6_43	564	6.2e-18
Phage_Mu_F	PF04233.14	112	D4001.contig6_43	564	8.8e-13
Phage_GP20	PF06810.11	149	D4001.contig6_45	210	1.3e-38
Tup_N	PF08581.10	77	D4001.contig6_45	210	0.00028
Fzo_mitofusin	PF04799.13	161	D4001.contig6_45	210	0.0014
DUF5309	PF17236.2	280	D4001.contig6_46	317	1.4e-30
Phage_head_fibr	PF11133.8	277	D4001.contig6_47	64	0.00039
HK97-gp10_like	PF04883.12	81	D4001.contig6_50	143	7.8e-10
Phage_sheath_1	PF04984.14	168	D4001.contig6_52	350	6.6e-28
Phage_sheath_1C	PF17482.2	104	D4001.contig6_52	350	4.3e-27
DUF2001	PF09393.10	139	D4001.contig6_53	160	3.1e-37
SHOCT	PF09851.9	28	D4001.contig6_54	245	6.8e-06
DUF4428	PF14471.6	51	D4001.contig6_54	245	0.00027
DEDD_Tnp_IS110	PF01548.17	155	D4001.contig6_55	405	4.4e-32
Transposase_20	PF02371.16	87	D4001.contig6_55	405	7.8e-20
RHH_1	PF01402.21	39	D4001.contig6_56	58	1.2e-05
DnaB_2	PF07261.11	74	D4001.contig6_56	58	0.051
AntA	PF08346.12	68	D4001.contig6_57	277	7.9e-18
MMS19_C	PF12460.8	423	D4001.contig6_58	85	0.013
TRI5	PF06330.11	362	D4001.contig6_58	85	0.035
Phage_TAC_5	PF08890.11	136	D4001.contig6_59	134	4.8e-34
LysM	PF01476.20	44	D4001.contig6_62	221	1.7e-17
Phage_tail_X	PF05489.12	60	D4001.contig6_62	221	0.0023
DUF2577	PF10844.8	98	D4001.contig6_64	92	0.043
DUF2634	PF10934.8	105	D4001.contig6_65	129	6.2e-29
GPW_gp25	PF04965.14	95	D4001.contig6_65	129	0.0065
Spore_IV_A	PF09547.10	492	D4001.contig6_65	129	0.045
Baseplate_J	PF04865.14	255	D4001.contig6_66	343	3.7e-55
DUF2313	PF10076.9	163	D4001.contig6_67	178	5.5e-25
EcoEI_R_C	PF08463.10	169	D4001.contig6_68	237	0.0077
TMF_TATA_bd	PF12325.8	115	D4001.contig6_70	94	0.0018
Phage_rep_org_N	PF09681.10	121	D4001.contig7_1	176	5.1e-24
DUF4373	PF14297.6	96	D4001.contig7_1	176	0.0032
Ank_4	PF13637.6	55	D4001.contig7_2	73	0.09
HNH	PF01844.23	47	D4001.contig7_3	96	1.3e-07
HNH_5	PF14279.6	56	D4001.contig7_3	96	0.0034
Cytochrom_NNT	PF03264.14	174	D4001.contig7_3	96	0.025
NinB	PF05772.12	131	D4001.contig7_4	184	0.0002
Rad52_Rad22	PF04098.15	153	D4001.contig7_5	214	0.0061
DUF1351	PF07083.11	210	D4001.contig7_6	288	7.7e-29
HTH_17	PF12728.7	51	D4001.contig7_8	103	2e-08
HALZ	PF02183.18	43	D4001.contig7_8	103	0.00015
ZapB	PF06005.12	71	D4001.contig7_8	103	0.0055
Med30	PF11315.8	147	D4001.contig7_8	103	0.0094
HTH_3	PF01381.22	55	D4001.contig7_9	71	5.3e-15
HTH_19	PF12844.7	65	D4001.contig7_9	71	9.8e-13
HTH_31	PF13560.6	64	D4001.contig7_9	71	1.3e-10
MqsA_antitoxin	PF15731.5	131	D4001.contig7_9	71	0.00021
HTH_25	PF13413.6	62	D4001.contig7_9	71	0.00066
HTH_23	PF13384.6	50	D4001.contig7_9	71	0.0015
HTH_3	PF01381.22	55	D4001.contig7_10	130	4.8e-06
HTH_26	PF13443.6	63	D4001.contig7_10	130	0.00012
HTH_28	PF13518.6	52	D4001.contig7_10	130	0.0044
HTH_31	PF13560.6	64	D4001.contig7_10	130	0.014
YrvL	PF14184.6	127	D4001.contig7_11	96	0.00049
DUF1328	PF07043.13	39	D4001.contig7_11	96	0.0061
Peptidase_M78	PF06114.13	123	D4001.contig7_12	97	8.5e-06
Phage_integrase	PF00589.22	172	D4001.contig7_13	357	2.2e-20
Phage_int_SAM_3	PF14659.6	58	D4001.contig7_13	357	1.5e-10
Arm-DNA-bind_4	PF14657.6	46	D4001.contig7_13	357	1.5e-06
Phage_holin_4_1	PF05105.12	114	D4001.contig7_18	182	0.098
PTS_EIIA_1	PF00358.20	127	D4001.contig7_19	162	0.068
Pectate_lyase_3	PF12708.7	215	D4001.contig7_20	840	3.8e-07
ART-PolyVal	PF18760.1	137	D4001.contig7_21	2589	0.0046
SLT	PF01464.20	117	D4001.contig7_22	738	1.6e-13
DUF2833	PF11090.8	86	D4001.contig7_24	163	1.8e-06
PS_Dcarbxylase	PF02666.15	200	D4001.contig7_24	163	0.019
Tube	PF17212.3	169	D4001.contig7_26	198	5.7e-07
LCCL	PF03815.19	96	D4001.contig7_28	119	0.037
Phage_capsid	PF05065.13	280	D4001.contig7_29	328	6.5e-08
DUF2095	PF09868.9	129	D4001.contig7_29	328	0.0056
Head-tail_con	PF12236.8	481	D4001.contig7_32	575	1e-136
Terminase_6	PF03237.15	215	D4001.contig7_34	487	0.054
Terminase_2	PF03592.16	140	D4001.contig7_35	147	1e-33
Herpes_glycop_D	PF01537.17	124	D4001.contig7_36	111	0.0029
ASFV_L11L	PF05293.11	78	D4001.contig7_41	55	0.051
Coprogen_oxidas	PF01218.18	296	D4001.contig7_45	101	0.021
YadA_stalk	PF05662.14	43	D4001.contig7_47	479	7.8e-12
YadA_anchor	PF03895.15	60	D4001.contig7_47	479	2.9e-11
YadA_head	PF05658.14	27	D4001.contig7_47	479	3.8e-06
Fib_alpha	PF08702.10	143	D4001.contig7_47	479	0.0047
dUTPase	PF00692.19	129	D4001.contig7_48	146	1.4e-29
HTH_38	PF13936.6	44	D4001.contig7_49	94	0.055
PIN_2	PF10130.9	133	D4001.contig7_50	118	0.042
DNA_methylase	PF00145.17	335	D4001.contig7_51	213	1.2e-06
HTH_26	PF13443.6	63	D4001.contig7_52	123	6.1e-15
HTH_3	PF01381.22	55	D4001.contig7_52	123	3.9e-09
HTH_19	PF12844.7	65	D4001.contig7_52	123	2.5e-07
HTH_31	PF13560.6	64	D4001.contig7_52	123	0.00099
SSB	PF00436.25	104	D4001.contig7_53	129	2.2e-34
tRNA_anti-codon	PF01336.25	76	D4001.contig7_53	129	0.004
CRISPR_Cas9_WED	PF18061.1	137	D4001.contig7_54	60	0.041
DUF406	PF04175.12	92	D4001.contig7_55	73	0.076
Inhibitor_G39P	PF11417.8	70	D4001.contig7_56	229	0.014
NRDE-2	PF08424.10	322	D4001.contig7_57	146	0.079
DUF927	PF06048.11	287	D4001.contig8_2	1039	2.7e-19
Tropomyosin_1	PF12718.7	143	D4001.contig8_3	151	0.013
Bro-N	PF02498.17	95	D4001.contig8_4	246	1.6e-24
Collagen	PF01391.18	60	D4001.contig8_6	251	2e-28
LPD38	PF18857.1	188	D4001.contig8_8	1117	1.1e-17
GNAT_acetyltran	PF12746.7	243	D4001.contig8_14	260	0.038
XhlA	PF10779.9	67	D4001.contig8_18	81	0.007
HalX	PF08663.10	68	D4001.contig8_18	81	0.02
Peptidase_M15_3	PF08291.11	111	D4001.contig8_20	121	1.7e-18
MAGI_u5	PF16666.5	131	D4001.contig8_29	322	0.048
DUF4145	PF13643.6	88	D4001.contig8_38	158	0.076
DUF402	PF04167.13	68	D4001.contig8_42	756	0.02
DUF4376	PF14301.6	102	D4001.contig8_43	178	0.018
HNH_3	PF13392.6	46	D4001.contig8_45	206	4.5e-15
zf-His_Me_endon	PF05551.11	131	D4001.contig8_45	206	0.0011
MRP-L20	PF12824.7	164	D4001.contig8_45	206	0.003
NinG	PF05766.12	186	D4001.contig8_45	206	0.011
DUF4376	PF14301.6	102	D4001.contig8_47	188	0.0001
Collagen	PF01391.18	60	D4001.contig8_48	898	2.9e-06
Terminase_1	PF03354.15	468	D4001.contig9_2	562	4.3e-31
Phage_portal	PF04860.12	314	D4001.contig9_3	370	5e-39
CLP_protease	PF00574.23	182	D4001.contig9_4	242	6.4e-27
DUF3886	PF13025.6	68	D4001.contig9_4	242	0.03
Phage_capsid	PF05065.13	280	D4001.contig9_5	482	3.4e-11
Cadherin-like	PF12733.7	90	D4001.contig9_5	482	0.00037
HK97-gp10_like	PF04883.12	81	D4001.contig9_8	128	5.7e-08
ApoLp-III	PF07464.11	146	D4001.contig9_8	128	0.024
Gln-synt_N	PF03951.19	83	D4001.contig9_11	140	0.03
PhageMin_Tail	PF10145.9	198	D4001.contig9_13	957	2.6e-48
Baculo_PEP_C	PF04513.12	140	D4001.contig9_13	957	0.00056
Cor1	PF04803.12	132	D4001.contig9_13	957	0.005
Sipho_tail	PF05709.11	255	D4001.contig9_14	233	1.3e-10
AIM24	PF01987.17	201	D4001.contig9_14	233	0.011
Prophage_tail	PF06605.11	316	D4001.contig9_15	618	3.5e-15
Phage_lysozyme2	PF18013.1	143	D4001.contig9_16	333	2.4e-34
NLPC_P60	PF00877.19	105	D4001.contig9_16	333	8.4e-05
Amidase_5	PF05382.13	142	D4001.contig9_16	333	0.0029
Collagen	PF01391.18	60	D4001.contig9_17	366	0.0001
Spore_GerAC	PF05504.11	164	D4001.contig9_18	192	0.0024
BppU_N	PF10651.9	148	D4001.contig9_18	192	0.051
DUF2225	PF09986.9	214	D4001.contig9_19	255	0.0036
Collagen	PF01391.18	60	D4001.contig9_21	244	5.7e-21
Collagen	PF01391.18	60	D4001.contig9_21	244	5.7e-21
Collagen	PF01391.18	60	D4001.contig9_21	244	5.7e-21
FlxA	PF14282.6	101	D4001.contig9_22	197	0.074
Phage_holin_4_1	PF05105.12	114	D4001.contig9_23	157	3.3e-27
Form-deh_trans	PF09163.11	44	D4001.contig9_23	157	0.00049
RicinB_lectin_2	PF14200.6	89	D4001.contig9_24	286	7.7e-26
RicinB_lectin_2	PF14200.6	89	D4001.contig9_24	286	7.7e-26
RicinB_lectin_2	PF14200.6	89	D4001.contig9_24	286	7.7e-26
Ricin_B_lectin	PF00652.22	127	D4001.contig9_24	286	2.6e-08
Amidase_5	PF05382.13	142	D4001.contig9_24	286	7.6e-08
NLPC_P60	PF00877.19	105	D4001.contig9_24	286	4e-06
CDI	PF02234.19	49	D4001.contig9_25	32	0.078
Amidase_2	PF01510.25	126	D4001.contig9_26	246	1.6e-17
Recombinase	PF07508.13	104	D4001.contig9_27	511	2e-14
Resolvase	PF00239.21	146	D4001.contig9_27	511	3.6e-12
Zn_ribbon_recom	PF13408.6	58	D4001.contig9_27	511	4e-06
NYN	PF01936.18	147	D4001.contig9_28	229	2.6e-12
Uma2	PF05685.12	172	D4001.contig9_29	112	5.3e-12
BRCT	PF00533.26	79	D4001.contig9_32	304	4e-08
PTCB-BRCT	PF12738.7	63	D4001.contig9_32	304	0.00027
HTH_3	PF01381.22	55	D4001.contig9_33	210	9.4e-18
Peptidase_S24	PF00717.23	70	D4001.contig9_33	210	1.4e-17
HTH_19	PF12844.7	65	D4001.contig9_33	210	1e-11
HTH_31	PF13560.6	64	D4001.contig9_33	210	3.9e-10
HTH_26	PF13443.6	63	D4001.contig9_33	210	5.7e-07
HTH_11	PF08279.12	55	D4001.contig9_33	210	2.7e-05
HTH_24	PF13412.6	48	D4001.contig9_33	210	4.1e-05
Sigma70_r4	PF04545.16	50	D4001.contig9_33	210	0.00093
HTH_3	PF01381.22	55	D4001.contig9_34	67	4e-09
HTH_31	PF13560.6	64	D4001.contig9_34	67	2.7e-06
HTH_19	PF12844.7	65	D4001.contig9_34	67	8.7e-06
HTH_3	PF01381.22	55	D4001.contig9_37	61	3.7e-07
HTH_19	PF12844.7	65	D4001.contig9_37	61	4.5e-05
HTH_26	PF13443.6	63	D4001.contig9_37	61	0.00015
UPF0167	PF03691.14	173	D4001.contig9_38	75	0.028
DUF5337	PF17272.2	74	D4001.contig9_40	95	0.034
RNase_H	PF00075.24	143	D4001.contig9_42	146	2.6e-11
Dynein_C	PF18199.1	307	D4001.contig9_42	146	0.058
PcfK	PF14058.6	130	D4001.contig9_43	152	2.8e-12
PcfJ	PF14284.6	144	D4001.contig9_44	655	2.6e-38
AIB	PF15334.6	324	D4001.contig9_46	146	0.029
SSB	PF00436.25	104	D4001.contig9_48	196	1.6e-14
Ubiquitin_2	PF14560.6	87	D4001.contig9_51	200	0.0028
DNA_pol_lambd_f	PF10391.9	50	D4001.contig9_52	69	0.01
DUF1492	PF07374.11	100	D4001.contig9_53	165	0.0031
Phage_holin_3_3	PF16083.5	78	D4001.contig9_54	40	0.081
HNH	PF01844.23	47	D4001.contig9_56	89	0.001
DUF2625	PF10946.8	207	D4001.contig9_56	89	0.052
Sigma70_r2	PF04542.14	71	D4001.contig10_3	189	1.4e-12
Sigma70_r4_2	PF08281.12	54	D4001.contig10_3	189	2.3e-12
Sigma70_r4	PF04545.16	50	D4001.contig10_3	189	1.2e-09
Sigma70_ECF	PF07638.11	185	D4001.contig10_3	189	1.7e-08
HTH_16	PF12645.7	65	D4001.contig10_3	189	0.0012
DUF1386	PF07138.11	334	D4001.contig10_3	189	0.0046
FRB_dom	PF08771.11	99	D4001.contig10_6	65	0.08
Gpi16	PF04113.14	559	D4001.contig10_10	124	0.16
DUF1919	PF08942.10	196	D4001.contig10_16	81	0.014
GidB	PF02527.15	184	D4001.contig10_19	72	0.12
Phytochelatin_C	PF09328.10	261	D4001.contig10_24	68	0.011
RP-C	PF03428.13	175	D4001.contig10_28	128	0.0014
Bystin	PF05291.11	292	D4001.contig10_30	83	0.0081
HIGH_NTase1	PF05636.11	401	D4001.contig10_31	153	0.017
dUTPase	PF00692.19	129	D4001.contig10_33	167	1.2e-21
FragX_IP	PF05994.11	838	D4001.contig10_35	177	0.057
Lipoprotein_10	PF03202.13	128	D4001.contig10_37	691	0.15
DUF2001	PF09393.10	139	D4001.contig10_40	414	0.0043
NUMOD4	PF07463.11	49	D4001.contig10_42	209	1.9e-08
HNH_3	PF13392.6	46	D4001.contig10_42	209	5.9e-08
dCache_1	PF02743.18	249	D4001.contig10_42	209	0.04
Stc1	PF12898.7	85	D4001.contig10_48	171	0.0064
Collagen	PF01391.18	60	D4001.contig10_52	1461	0.00089
AAA_12	PF13087.6	199	D4001.contig10_53	159	0.013
Geminin	PF07412.12	198	D4001.contig10_53	159	0.023
Collagen	PF01391.18	60	D4001.contig10_54	398	2.7e-15
Collagen	PF01391.18	60	D4001.contig10_54	398	2.7e-15
Terminase_1	PF03354.15	468	D4001.contig11_1	590	2e-84
Phage_portal	PF04860.12	314	D4001.contig11_2	409	1.5e-94
Peptidase_S78	PF04586.17	163	D4001.contig11_3	200	1.5e-45
Phage_capsid	PF05065.13	280	D4001.contig11_4	406	1.2e-70
Phage_connect_1	PF05135.13	99	D4001.contig11_5	106	2.3e-19
Phage_H_T_join	PF05521.11	96	D4001.contig11_6	113	7e-19
HK97-gp10_like	PF04883.12	81	D4001.contig11_7	149	8.9e-12
DUF3168	PF11367.8	117	D4001.contig11_8	115	8e-11
Ig_2	PF13895.6	79	D4001.contig11_9	252	1.1e-06
Ig_3	PF13927.6	79	D4001.contig11_9	252	1.5e-06
Phage_TTP_12	PF16461.5	134	D4001.contig11_9	252	2.1e-05
I-set	PF07679.16	90	D4001.contig11_9	252	0.0012
SprB	PF13573.6	37	D4001.contig11_9	252	0.0051
Phage_TAC_1	PF06222.11	127	D4001.contig11_10	124	7e-57
DUF4035	PF13227.6	55	D4001.contig11_11	93	8.3e-17
Phage_HK97_TLTM	PF06120.11	288	D4001.contig11_12	1080	4e-101
Tape_meas_lam_C	PF09718.10	76	D4001.contig11_12	1080	7.8e-15
Phage_min_tail	PF05939.13	108	D4001.contig11_13	114	1.2e-31
Phage_tail_L	PF05100.12	206	D4001.contig11_14	233	2.5e-97
NLPC_P60	PF00877.19	105	D4001.contig11_15	200	5.7e-14
Prok-JAB	PF14464.6	118	D4001.contig11_15	200	7.4e-05
Lambda_tail_I	PF06805.12	86	D4001.contig11_16	173	9.4e-14
Phage-tail_3	PF13550.6	164	D4001.contig11_17	1233	2.9e-41
DUF3672	PF12421.8	133	D4001.contig11_17	1233	4.6e-40
DUF1983	PF09327.11	81	D4001.contig11_17	1233	4e-21
Ail_Lom	PF06316.11	199	D4001.contig11_18	200	4.6e-128
OMP_b-brl	PF13505.6	178	D4001.contig11_18	200	1e-21
OmpA_membrane	PF01389.17	183	D4001.contig11_18	200	0.01
phage_tail_N	PF08400.10	134	D4001.contig11_19	688	2.9e-68
CarboxypepD_reg	PF13620.6	82	D4001.contig11_19	688	8e-09
Herpes_UL42	PF02282.16	154	D4001.contig11_20	93	0.058
Phage_integrase	PF00589.22	172	D4001.contig11_22	342	1.6e-09
Phage_int_SAM_4	PF13495.6	85	D4001.contig11_22	342	3e-07
Phage_int_SAM_3	PF14659.6	58	D4001.contig11_22	342	0.0001
DUF4224	PF13986.6	45	D4001.contig11_23	68	3.4e-18
DUF5051	PF16473.5	166	D4001.contig11_24	824	1.4e-47
DUF1482	PF07358.11	57	D4001.contig11_25	64	5.4e-25
DicB	PF05358.11	62	D4001.contig11_26	63	2.5e-40
T2SSM	PF04612.12	160	D4001.contig11_27	73	0.008
BRE1	PF08647.11	95	D4001.contig11_27	73	0.014
DUF1391	PF07151.12	48	D4001.contig11_29	79	8.1e-34
Peptidase_S24	PF00717.23	70	D4001.contig11_30	146	3.9e-08
DUF3527	PF12043.8	351	D4001.contig11_30	146	0.026
Thymidylat_synt	PF00303.19	268	D4001.contig12_2	255	9.5e-14
DNA_pol_A	PF00476.20	376	D4001.contig12_3	779	9.2e-67
DNA_pol_A_exo1	PF01612.20	176	D4001.contig12_3	779	2.8e-16
FdhE	PF04216.12	286	D4001.contig12_4	70	0.004
Cpn10	PF00166.21	93	D4001.contig12_7	131	9.8e-10
gp32	PF08804.10	211	D4001.contig12_8	270	2.2e-09
RecA	PF00154.21	263	D4001.contig12_9	383	4.5e-37
Rad51	PF08423.11	255	D4001.contig12_9	383	1.8e-11
ATPase	PF06745.13	231	D4001.contig12_9	383	4.3e-07
AAA_25	PF13481.6	194	D4001.contig12_9	383	7.4e-05
5_3_exonuc_N	PF02739.16	159	D4001.contig12_10	291	1.6e-30
5_3_exonuc	PF01367.20	97	D4001.contig12_10	291	1.6e-11
AAA_28	PF13521.6	163	D4001.contig12_11	235	0.00097
Nairovirus_M	PF07948.11	644	D4001.contig12_11	235	0.011
AAA_24	PF13479.6	197	D4001.contig12_11	235	0.011
Metallophos	PF00149.28	204	D4001.contig12_12	323	2.7e-07
Metallophos_2	PF12850.7	165	D4001.contig12_12	323	6.8e-07
AAA_23	PF13476.6	200	D4001.contig12_13	572	1.7e-13
SMC_N	PF02463.19	220	D4001.contig12_13	572	3.4e-13
SbcCD_C	PF13558.6	90	D4001.contig12_13	572	7.5e-08
AAA_21	PF13304.6	303	D4001.contig12_13	572	8.7e-06
MscS_porin	PF12795.7	238	D4001.contig12_13	572	2.3e-05
PCRF	PF03462.18	193	D4001.contig12_13	572	0.0057
TetR_C_19	PF17924.1	117	D4001.contig12_20	80	0.034
Asp4	PF16996.5	55	D4001.contig12_22	128	0.055
FadR_C	PF07840.12	164	D4001.contig12_25	182	0.039
SapB_1	PF05184.15	38	D4001.contig12_26	289	0.0085
HNH_3	PF13392.6	46	D4001.contig12_27	164	4.1e-10
NUMOD4	PF07463.11	49	D4001.contig12_27	164	0.0026
Mor	PF08765.11	108	D4001.contig12_27	164	0.0058
Sigma70_r4	PF04545.16	50	D4001.contig12_27	164	0.0091
KTSC	PF13619.6	58	D4001.contig12_29	89	4.5e-19
TT1725	PF18324.1	110	D4001.contig12_31	168	0.004
DUF4704	PF15787.5	279	D4001.contig12_35	140	0.082
Peptidase_S10	PF00450.22	419	D4001.contig12_37	305	0.058
BrnT_toxin	PF04365.13	78	D4001.contig12_40	107	0.0087
Toxin_trans	PF07952.12	318	D4001.contig12_43	127	0.035
ZNRF_3_ecto	PF18212.1	105	D4001.contig13_4	37	0.13
Tmem26	PF09772.9	288	D4001.contig13_7	95	0.021
TLP1_add_C	PF18313.1	83	D4001.contig13_11	119	0.036
DUF3874	PF12990.7	71	D4001.contig13_12	546	1.8e-06
D5_N	PF08706.11	151	D4001.contig13_12	546	2.4e-05
VirE	PF05272.11	198	D4001.contig13_12	546	6.5e-05
Pox_D5	PF03288.16	86	D4001.contig13_12	546	0.0003
TerB_C	PF15615.6	151	D4001.contig13_13	61	0.023
DUF3037	PF11236.8	118	D4001.contig13_14	136	0.13
MMR_HSR1_Xtn	PF16897.5	106	D4001.contig13_16	85	0.076
Phage_prot_Gp6	PF05133.14	420	D4001.contig13_17	499	1e-36
Terminase_6	PF03237.15	215	D4001.contig13_18	545	3.7e-22
RRP36	PF06102.12	166	D4001.contig13_19	208	0.0075
HBS1_N	PF08938.10	78	D4001.contig13_19	208	0.012
Myosin_tail_1	PF01576.19	1081	D4001.contig13_19	208	0.026
Dexa_ind	PF15198.6	90	D4001.contig13_26	188	0.046
DUF1664	PF07889.12	124	D4001.contig14_1	1532	0.0072
PKD	PF00801.20	71	D4001.contig14_4	299	1e-08
UMPH-1	PF05822.12	246	D4001.contig14_4	299	0.037
AAA_27	PF13514.6	207	D4001.contig14_5	135	0.00023
BAR_3	PF16746.5	238	D4001.contig14_5	135	0.03
NMT_C	PF02799.15	209	D4001.contig14_5	135	0.034
Phage_capsid	PF05065.13	280	D4001.contig14_6	374	0.058
DUF2190	PF09956.9	102	D4001.contig14_7	157	0.01
SHOCT	PF09851.9	28	D4001.contig14_9	497	0.034
Intein_splicing	PF14890.6	134	D4001.contig14_10	841	3e-07
HNH_3	PF13392.6	46	D4001.contig14_10	841	1e-06
NUMOD4	PF07463.11	49	D4001.contig14_10	841	9.6e-06
DNA_methylase	PF00145.17	335	D4001.contig14_13	350	1.8e-11
DUF818	PF05677.12	365	D4001.contig14_14	148	0.0019
Muraidase	PF11860.8	175	D4001.contig14_15	199	1.7e-62
Cytochrom_B_N_2	PF13631.6	169	D4001.contig14_18	100	0.0033
Choline_transpo	PF04515.12	326	D4001.contig14_18	100	0.0052
DUF963	PF06131.11	36	D4001.contig14_19	246	0.2
BACON	PF13004.7	53	D4001.contig14_20	315	9.9e-13
BACON	PF13004.7	53	D4001.contig14_20	315	9.9e-13
Adeno_E1A	PF02703.14	289	D4001.contig15_1	477	0.063
DUF5065	PF16723.5	152	D4001.contig15_3	299	0.028
Phage_connect_1	PF05135.13	99	D4001.contig15_5	186	0.00017
BACON	PF13004.7	53	D4001.contig15_8	1348	2.1e-14
BACON	PF13004.7	53	D4001.contig15_8	1348	2.1e-14
BACON	PF13004.7	53	D4001.contig15_8	1348	2.1e-14
Peptidase_S74	PF13884.6	58	D4001.contig15_9	2073	1.8e-06
SF-assemblin	PF06705.11	247	D4001.contig15_9	2073	7.8
UFC1	PF08694.11	155	D4001.contig15_10	140	0.051
HEPN_Cthe2314	PF18730.1	176	D4001.contig15_11	159	0.05
PKD	PF00801.20	71	D4001.contig15_12	297	3.1e-06
UMPH-1	PF05822.12	246	D4001.contig15_12	297	0.0091
AAA_27	PF13514.6	207	D4001.contig15_13	131	0.034
Phage_capsid	PF05065.13	280	D4001.contig15_14	373	0.044
Golgin_A5	PF09787.9	306	D4001.contig15_16	502	0.0021
ZapB	PF06005.12	71	D4001.contig15_16	502	0.0073
DUF3450	PF11932.8	241	D4001.contig15_16	502	0.0077
HNH_3	PF13392.6	46	D4001.contig16_3	176	2.4e-05
HTH_17	PF12728.7	51	D4001.contig16_3	176	0.026
Toprim_3	PF13362.6	95	D4001.contig16_4	317	0.0021
DnaB_C	PF03796.15	255	D4001.contig16_7	476	2.4e-16
Tuberin	PF03542.16	352	D4001.contig16_7	476	0.0065
Collar	PF07484.12	57	D4001.contig16_9	419	5.6e-06
Phage_holin_4_1	PF05105.12	114	D4001.contig16_10	169	4.9e-05
Baseplate_J	PF04865.14	255	D4001.contig16_12	574	1.9e-19
GPW_gp25	PF04965.14	95	D4001.contig16_13	141	9.1e-10
HtrL_YibB	PF09612.10	266	D4001.contig16_16	166	0.011
LysM	PF01476.20	44	D4001.contig16_17	97	8.8e-06
Phage_tail_X	PF05489.12	60	D4001.contig16_17	97	0.0011
PhageMin_Tail	PF10145.9	198	D4001.contig16_19	661	1.1e-30
Phage_T4_gp19	PF06841.12	134	D4001.contig16_21	155	1.8e-11
HetR_C	PF18460.1	79	D4001.contig17_2	143	0.0011
RusA	PF05866.11	124	D4001.contig17_4	132	7.9e-08
HTH_7	PF02796.15	45	D4001.contig17_5	91	1e-05
HTH_38	PF13936.6	44	D4001.contig17_5	91	0.0043
Sigma70_r4	PF04545.16	50	D4001.contig17_5	91	0.0068
SgrR_N	PF12793.7	115	D4001.contig17_5	91	0.013
YadA_head	PF05658.14	27	D4001.contig17_6	424	8.5e-07
YadA_head	PF05658.14	27	D4001.contig17_6	424	8.5e-07
YadA_anchor	PF03895.15	60	D4001.contig17_6	424	1.9e-06
YadA_stalk	PF05662.14	43	D4001.contig17_6	424	0.00071
IFT57	PF10498.9	362	D4001.contig17_6	424	0.012
Acyl_transf_3	PF01757.22	340	D4001.contig17_7	121	0.03
DUF2079	PF09852.9	456	D4001.contig17_7	121	0.03
DUF2673	PF10880.8	82	D4001.contig17_9	83	0.051
HTH_Tnp_1_2	PF13022.6	123	D4001.contig17_12	125	9.2e-05
GP3_package	PF16677.5	113	D4001.contig17_12	125	0.016
Terminase_6	PF03237.15	215	D4001.contig17_13	451	9.4e-10
Terminase_3	PF04466.13	201	D4001.contig17_13	451	1.5e-07
P22_portal	PF16510.5	668	D4001.contig17_15	657	1.1e-05
DUF4043	PF13252.6	353	D4001.contig17_17	328	1.9e-37
DUF4043	PF13252.6	353	D4001.contig17_17	328	1.9e-37
Branch	PF02485.21	247	D4001.contig17_21	436	0.011
Hint_2	PF13403.6	143	D4001.contig17_23	502	1.2e-09
Intein_splicing	PF14890.6	134	D4001.contig17_23	502	0.0078
Phage_lysozyme	PF00959.19	109	D4001.contig17_24	516	0.002
AAA_5	PF07728.14	138	D4001.contig18_10	319	1.4e-22
CbbQ_C	PF08406.10	85	D4001.contig18_10	319	3.8e-06
AAA	PF00004.29	132	D4001.contig18_10	319	1.1e-05
AAA_16	PF13191.6	170	D4001.contig18_10	319	0.0013
ATPase_2	PF01637.18	233	D4001.contig18_10	319	0.0015
Rad17	PF03215.15	186	D4001.contig18_10	319	0.0025
CobT	PF06213.12	276	D4001.contig18_12	502	3.8e-11
VWA	PF00092.28	175	D4001.contig18_12	502	1e-05
VWA_CoxE	PF05762.14	223	D4001.contig18_12	502	0.00017
Rabaptin	PF03528.15	486	D4001.contig18_13	119	0.084
DUF2784	PF10861.8	112	D4001.contig18_15	78	0.022
Prok-RING_4	PF14447.6	46	D4001.contig18_15	78	0.024
DNA_pol_A	PF00476.20	376	D4001.contig18_16	694	1.3e-16
DNA_pol_A_exo1	PF01612.20	176	D4001.contig18_16	694	0.0084
PDDEXK_1	PF12705.7	255	D4001.contig18_18	228	1.8e-14
DUF2800	PF10926.8	363	D4001.contig18_18	228	0.00025
Dna2	PF08696.11	203	D4001.contig18_18	228	0.028
Hjc	PF01870.18	93	D4001.contig18_20	99	0.00013
VRR_NUC	PF08774.11	108	D4001.contig18_20	99	0.00027
SNF2_N	PF00176.23	350	D4001.contig18_21	544	5.2e-11
Helicase_C	PF00271.31	111	D4001.contig18_21	544	4e-07
Phage_min_cap2	PF06152.11	367	D4001.contig19_4	395	7.3e-103
Phage_prot_Gp6	PF05133.14	420	D4001.contig19_5	474	5.4e-18
Phage_prot_Gp6	PF05133.14	420	D4001.contig19_5	474	5.4e-18
Terminase_3	PF04466.13	201	D4001.contig19_7	413	5.8e-34
Terminase_3C	PF17288.2	155	D4001.contig19_7	413	1e-11
HTH_28	PF13518.6	52	D4001.contig19_8	128	0.00092
Sigma70_r4_2	PF08281.12	54	D4001.contig19_8	128	0.014
HTH_Tnp_ISL3	PF13542.6	52	D4001.contig19_8	128	0.025
HTH_31	PF13560.6	64	D4001.contig19_9	82	1.1e-12
HTH_19	PF12844.7	65	D4001.contig19_9	82	2e-12
HTH_3	PF01381.22	55	D4001.contig19_9	82	2.8e-11
HTH_26	PF13443.6	63	D4001.contig19_9	82	8e-06
HTH_25	PF13413.6	62	D4001.contig19_9	82	0.0051
MerR	PF00376.23	38	D4001.contig19_9	82	0.0083
BetR	PF08667.10	148	D4001.contig19_9	82	0.012
Lar_restr_allev	PF14354.6	62	D4001.contig19_11	80	5.1e-11
LigB	PF02900.18	273	D4001.contig19_11	80	0.0073
DUF3268	PF11672.8	118	D4001.contig19_14	151	2.3e-34
Lar_restr_allev	PF14354.6	62	D4001.contig19_14	151	0.0034
zf-NADH-PPase	PF09297.11	32	D4001.contig19_16	90	0.0015
OrfB_Zn_ribbon	PF07282.11	69	D4001.contig19_16	90	0.0023
HypA	PF01155.19	112	D4001.contig19_16	90	0.0099
FAM221	PF14753.6	197	D4001.contig19_23	117	0.015
MS_channel	PF00924.18	206	D4001.contig19_24	84	0.047
Lar_restr_allev	PF14354.6	62	D4001.contig19_25	103	4.1e-07
RusA	PF05866.11	124	D4001.contig19_27	127	0.00033
DnaB_C	PF03796.15	255	D4001.contig19_29	422	7.3e-10
AAA_25	PF13481.6	194	D4001.contig19_29	422	3.8e-07
ATPase	PF06745.13	231	D4001.contig19_29	422	0.002
DAP3	PF10236.9	312	D4001.contig19_29	422	0.0025
SSB	PF00436.25	104	D4001.contig19_31	132	2.2e-33
tRNA_anti-codon	PF01336.25	76	D4001.contig19_31	132	0.027
HNH	PF01844.23	47	D4001.contig19_32	114	2.5e-07
HNH_5	PF14279.6	56	D4001.contig19_32	114	8e-05
DZR	PF12773.7	49	D4001.contig19_32	114	0.0036
Sipho_Gp157	PF05565.11	163	D4001.contig19_35	162	1.1e-36
3D	PF06725.11	75	D4001.contig19_36	197	1e-09
Bot1p	PF12298.8	172	D4001.contig20_1	81	0.013
Cpn10	PF00166.21	93	D4001.contig20_2	129	2.3e-10
gp32	PF08804.10	211	D4001.contig20_3	270	1.7e-10
HNH_3	PF13392.6	46	D4001.contig20_4	176	8.3e-10
RecA	PF00154.21	263	D4001.contig20_5	376	3.3e-39
Rad51	PF08423.11	255	D4001.contig20_5	376	8.5e-09
ATPase	PF06745.13	231	D4001.contig20_5	376	0.0001
AAA_25	PF13481.6	194	D4001.contig20_5	376	0.002
PaRep2b	PF07775.11	512	D4001.contig20_6	74	0.033
TAFII55_N	PF04658.13	160	D4001.contig20_6	74	0.063
HNH_3	PF13392.6	46	D4001.contig20_7	199	9.3e-08
NUMOD4	PF07463.11	49	D4001.contig20_7	199	0.009
5_3_exonuc_N	PF02739.16	159	D4001.contig20_8	292	1.6e-28
5_3_exonuc	PF01367.20	97	D4001.contig20_8	292	2.1e-09
AAA_28	PF13521.6	163	D4001.contig20_9	196	7.5e-08
AAA	PF00004.29	132	D4001.contig20_9	196	1e-05
AAA_33	PF13671.6	143	D4001.contig20_9	196	0.00071
AAA_18	PF13238.6	130	D4001.contig20_9	196	0.0017
AAA_24	PF13479.6	197	D4001.contig20_9	196	0.0017
ABC_tran	PF00005.27	137	D4001.contig20_9	196	0.0022
PduV-EutP	PF10662.9	143	D4001.contig20_9	196	0.0036
Metallophos	PF00149.28	204	D4001.contig20_10	325	2.2e-09
Metallophos_2	PF12850.7	165	D4001.contig20_10	325	3.3e-07
SMC_N	PF02463.19	220	D4001.contig20_11	571	3.4e-15
SMC_N	PF02463.19	220	D4001.contig20_11	571	3.4e-15
AAA_23	PF13476.6	200	D4001.contig20_11	571	1.9e-11
SbcCD_C	PF13558.6	90	D4001.contig20_11	571	2.1e-08
PCRF	PF03462.18	193	D4001.contig20_11	571	0.0026
UPF0203	PF05254.12	69	D4001.contig20_14	327	2.8e-05
DUF2336	PF10098.9	262	D4001.contig20_21	75	0.044
SapB_1	PF05184.15	38	D4001.contig20_24	281	0.011
Ras_bdg_2	PF14847.6	100	D4001.contig20_25	124	0.031
Invas_SpaK	PF03519.14	78	D4001.contig20_25	124	0.045
KTSC	PF13619.6	58	D4001.contig20_26	89	1.5e-19
TT1725	PF18324.1	110	D4001.contig20_28	161	0.0057
GPW_gp25	PF04965.14	95	D4001.contig21_2	142	3.9e-10
DUF2345	PF10106.9	151	D4001.contig21_3	241	0.027
LysM	PF01476.20	44	D4001.contig21_6	97	8.5e-08
Phage_tail_X	PF05489.12	60	D4001.contig21_6	97	0.00052
PhageMin_Tail	PF10145.9	198	D4001.contig21_8	642	7e-29
Phage_T4_gp19	PF06841.12	134	D4001.contig21_11	155	8.8e-13
Phage_sheath_1C	PF17482.2	104	D4001.contig21_12	590	0.0004
BACON	PF13004.7	53	D4001.contig21_14	310	0.00054
Phage_holin_7_1	PF16081.5	133	D4001.contig21_18	201	0.044
BACON	PF13004.7	53	D4001.contig21_19	598	0.017
SGIII	PF15467.6	451	D4001.contig22_1	252	0.041
Halogen_Hydrol	PF10112.9	191	D4001.contig22_2	193	0.0028
DegS	PF05384.11	159	D4001.contig22_2	193	0.0047
Prophage_tail	PF06605.11	316	D4001.contig22_3	649	4.9e-22
Sipho_Gp37	PF14594.6	351	D4001.contig22_3	649	0.0095
Sipho_tail	PF05709.11	255	D4001.contig22_4	235	5.5e-09
Maelstrom	PF13017.6	216	D4001.contig22_4	235	0.012
PhageMin_Tail	PF10145.9	198	D4001.contig22_5	1516	1.4e-28
HK97-gp10_like	PF04883.12	81	D4001.contig22_10	128	3e-08
Phage_H_T_join	PF05521.11	96	D4001.contig22_11	115	0.0063
Phage_connect_1	PF05135.13	99	D4001.contig22_12	98	0.011
Phage_capsid	PF05065.13	280	D4001.contig22_13	402	5.4e-13
DUF1722	PF08349.11	117	D4001.contig22_13	402	0.0081
CLP_protease	PF00574.23	182	D4001.contig22_14	255	2.6e-27
Dynactin_p22	PF07426.11	167	D4001.contig22_14	255	0.019
Phage_portal	PF04860.12	314	D4001.contig22_15	397	2.7e-44
Terminase_1	PF03354.15	468	D4001.contig22_16	563	1.3e-29
Terminase_4	PF05119.12	99	D4001.contig22_17	78	4.5e-05
DUF4681	PF15732.5	127	D4001.contig22_17	78	0.021
DivIC	PF04977.15	80	D4001.contig23_2	151	0.066
Phage_connector	PF05352.12	281	D4001.contig23_4	302	1.1e-71
Peptidase_M23	PF01551.22	96	D4001.contig23_5	189	6.1e-22
Caud_tail_N	PF16838.5	116	D4001.contig23_6	586	6.5e-10
Big_2	PF02368.18	79	D4001.contig23_7	437	3.5e-05
AIDA	PF16168.5	63	D4001.contig23_7	437	0.2
ZapB	PF06005.12	71	D4001.contig23_8	128	0.013
MYCBPAP	PF14646.6	438	D4001.contig23_8	128	0.014
Peptidase_M15_3	PF08291.11	111	D4001.contig23_9	196	1.3e-12
KCNQ_channel	PF03520.14	190	D4001.contig23_13	97	0.0061
p6	PF17548.2	76	D4001.contig23_13	97	0.0067
Phi29_Phage_SSB	PF17427.2	123	D4001.contig23_14	128	5.1e-13
Peptidase_S48	PF03574.15	149	D4001.contig23_15	259	0.037
DNA_pol_B_2	PF03175.13	469	D4001.contig23_16	577	3.1e-72
DNA_pol_B_2	PF03175.13	469	D4001.contig23_16	577	3.1e-72
DNA_pol_B	PF00136.21	459	D4001.contig23_16	577	0.0069
Podovirus_Gp16	PF05894.12	325	D4001.contig23_18	337	1.4e-82
PhoH	PF02562.16	205	D4001.contig23_18	337	0.033
COQ7	PF03232.13	172	D4001.contig23_20	107	5.7e-07
Mn_catalase	PF05067.12	284	D4001.contig23_20	107	0.011
DUF3336	PF11815.8	138	D4001.contig23_21	60	0.053
Armet	PF10208.9	145	D4001.contig23_22	60	0.056
DegV	PF02645.16	280	D4001.contig24_1	143	0.13
Phage_capsid	PF05065.13	280	D4001.contig24_2	324	2.4e-30
MU2_FHA	PF18221.1	94	D4001.contig24_3	110	0.048
RS4NT	PF08071.12	37	D4001.contig24_5	149	0.02
NUMOD3	PF07460.11	37	D4001.contig24_6	215	1.2e-11
GIY-YIG	PF01541.24	78	D4001.contig24_6	215	9.1e-07
Minor_capsid_2	PF11114.8	114	D4001.contig24_7	161	9.5e-14
Minor_capsid_3	PF12691.7	129	D4001.contig24_8	153	0.00058
Nuc_deoxyrib_tr	PF05014.15	131	D4001.contig24_9	177	0.099
Phytase	PF02333.15	375	D4001.contig24_10	143	0.0015
Phage_Gp15	PF06854.11	170	D4001.contig24_11	192	8.8e-20
HTH_3	PF01381.22	55	D4001.contig25_1	131	3.6e-17
HTH_19	PF12844.7	65	D4001.contig25_1	131	2.7e-11
HTH_31	PF13560.6	64	D4001.contig25_1	131	1.9e-09
MqsA_antitoxin	PF15731.5	131	D4001.contig25_1	131	0.00021
HTH_26	PF13443.6	63	D4001.contig25_1	131	0.00078
HTH_23	PF13384.6	50	D4001.contig25_1	131	0.0023
P22_Cro	PF14549.6	60	D4001.contig25_2	72	6.7e-17
HTH_50	PF18024.1	50	D4001.contig25_2	72	0.00013
YdaS_antitoxin	PF15943.5	65	D4001.contig25_2	72	0.003
YdaT_toxin	PF06254.11	88	D4001.contig25_3	142	2.1e-09
HTH_36	PF13730.6	55	D4001.contig25_4	296	2.5e-06
DUF977	PF06163.11	127	D4001.contig25_5	141	2e-32
zinc_ribbon_2	PF13240.6	23	D4001.contig25_6	85	0.017
DUF2977	PF11192.8	61	D4001.contig25_8	61	0.037
DUF4014	PF13198.6	72	D4001.contig25_12	73	1.3e-25
GPDPase_memb	PF10110.9	320	D4001.contig25_12	73	0.022
HOK_GEF	PF01848.16	42	D4001.contig25_16	71	6.9e-20
DUF4231	PF14015.6	105	D4001.contig25_16	71	0.027
DUF968	PF06147.11	200	D4001.contig25_17	352	8.8e-64
HNHc_6	PF16784.5	200	D4001.contig25_17	352	6.6e-08
RusA	PF05866.11	124	D4001.contig25_18	122	7.2e-16
Phage_antiter_Q	PF06323.11	222	D4001.contig25_19	230	1.2e-85
Phage_holin_2_1	PF04971.12	64	D4001.contig25_20	72	1.4e-34
Phage_holin_2_3	PF16080.5	56	D4001.contig25_20	72	2.5e-05
Phage_holin_2_4	PF16082.5	76	D4001.contig25_20	72	0.019
DUF1327	PF07041.11	113	D4001.contig25_21	117	7.6e-58
Phage_lysozyme	PF00959.19	109	D4001.contig25_22	178	2e-30
Phage_lysis	PF03245.13	126	D4001.contig25_23	156	2.3e-46
PspB	PF06667.12	73	D4001.contig25_23	156	0.0041
YfbU	PF03887.14	166	D4001.contig25_25	180	3.5e-12
Bse634I	PF07832.11	280	D4001.contig25_25	180	0.00071
FAM184	PF15665.5	211	D4001.contig26_2	140	0.0092
DNA_pol_A	PF00476.20	376	D4001.contig26_5	764	1.6e-65
DNA_pol_A_exo1	PF01612.20	176	D4001.contig26_5	764	1.2e-13
HNH_3	PF13392.6	46	D4001.contig26_6	174	4.8e-18
Thymidylat_synt	PF00303.19	268	D4001.contig26_7	245	3e-15
dUTPase_2	PF08761.11	166	D4001.contig26_10	296	0.00046
HNH_3	PF13392.6	46	D4001.contig26_11	169	9.5e-11
GerE	PF00196.19	57	D4001.contig26_11	169	0.00023
HTH_3	PF01381.22	55	D4001.contig26_11	169	0.00025
HTH_38	PF13936.6	44	D4001.contig26_11	169	0.0018
dUTPase	PF00692.19	129	D4001.contig26_12	179	5.4e-14
DUF3603	PF12227.8	214	D4001.contig26_14	128	0.002
Helicase_C	PF00271.31	111	D4001.contig26_17	496	1.4e-17
ResIII	PF04851.15	171	D4001.contig26_17	496	1e-15
SWI2_SNF2	PF18766.1	224	D4001.contig26_17	496	7e-06
DEAD	PF00270.29	176	D4001.contig26_17	496	0.00024
L_protein_N	PF15518.6	93	D4001.contig26_18	218	0.042
PBECR3	PF18812.1	115	D4001.contig27_1	1588	7.8e-24
PBECR3	PF18812.1	115	D4001.contig27_1	1588	7.8e-24
PBECR3	PF18812.1	115	D4001.contig27_1	1588	7.8e-24
EzrA	PF06160.12	557	D4001.contig27_4	133	0.014
Seryl_tRNA_N	PF02403.22	108	D4001.contig27_4	133	0.035
DUF1622	PF07784.11	78	D4001.contig27_6	202	0.055
TraK	PF06586.11	231	D4001.contig27_7	116	0.03
DUF4043	PF13252.6	353	D4001.contig28_3	328	5.1e-34
DUF4043	PF13252.6	353	D4001.contig28_3	328	5.1e-34
Tube	PF17212.3	169	D4001.contig28_4	173	0.058
Microvir_H	PF04687.12	310	D4001.contig28_6	473	0.031
Hint_2	PF13403.6	143	D4001.contig28_10	525	7.1e-08
Intein_splicing	PF14890.6	134	D4001.contig28_10	525	0.00075
Phage_lysozyme	PF00959.19	109	D4001.contig28_11	385	0.0055
CW_binding_1	PF01473.20	19	D4001.contig29_1	87	1.4e-06
CW_binding_1	PF01473.20	19	D4001.contig29_1	87	1.4e-06
Recombinase	PF07508.13	104	D4001.contig29_2	523	3.8e-19
Resolvase	PF00239.21	146	D4001.contig29_2	523	3.3e-18
Zn_ribbon_recom	PF13408.6	58	D4001.contig29_2	523	0.0005
RNase_T	PF00929.24	165	D4001.contig29_5	312	7.3e-34
RNase_H_2	PF13482.6	166	D4001.contig29_5	312	4.1e-07
DUF5051	PF16473.5	166	D4001.contig29_5	312	4.1e-06
BRCT	PF00533.26	79	D4001.contig29_5	312	2.7e-05
DNA_pol_A_exo1	PF01612.20	176	D4001.contig29_5	312	0.00088
HTH_3	PF01381.22	55	D4001.contig29_6	153	3.4e-09
HTH_19	PF12844.7	65	D4001.contig29_6	153	1.8e-07
HTH_31	PF13560.6	64	D4001.contig29_6	153	0.00011
Sigma70_r4	PF04545.16	50	D4001.contig29_6	153	0.0005
DUF2829	PF11195.8	72	D4001.contig29_8	69	0.016
LigT_PEase	PF02834.16	87	D4001.contig29_10	265	0.072
RNase_H	PF00075.24	143	D4001.contig29_11	150	1.8e-13
BSP	PF04450.12	207	D4001.contig29_12	197	0.067
AAA_31	PF13614.6	177	D4001.contig29_13	257	2.7e-40
CbiA	PF01656.23	128	D4001.contig29_13	257	5.2e-14
ParA	PF10609.9	246	D4001.contig29_13	257	1.1e-06
MipZ	PF09140.11	262	D4001.contig29_13	257	2.2e-06
CBP_BcsQ	PF06564.12	234	D4001.contig29_13	257	7.1e-06
VirC1	PF07015.11	231	D4001.contig29_13	257	5.1e-05
ParBc	PF02195.18	90	D4001.contig29_14	352	4.2e-07
V-set_CD47	PF08204.11	130	D4001.contig30_1	379	0.059
DUF2833	PF11090.8	86	D4001.contig30_2	163	1.7e-05
DUF3987	PF13148.6	365	D4001.contig30_3	219	0.059
NLPC_P60	PF00877.19	105	D4001.contig30_4	731	1.6e-10
PBECR5	PF18814.1	245	D4001.contig30_5	1991	3.5e-34
LPD38	PF18857.1	188	D4001.contig31_1	147	0.0091
Phage_holin_4_1	PF05105.12	114	D4001.contig31_2	178	2.6e-05
Glyco_hydro_25	PF01183.20	178	D4001.contig31_3	199	3.5e-27
Myelin_PLP	PF01275.19	236	D4001.contig31_4	191	0.053
Phage_integrase	PF00589.22	172	D4001.contig31_6	351	4.3e-17
Arm-DNA-bind_4	PF14657.6	46	D4001.contig31_6	351	6e-07
Phage_int_SAM_3	PF14659.6	58	D4001.contig31_6	351	4.7e-06
Phage_int_SAM_1	PF02899.17	84	D4001.contig31_6	351	3.9e-05
Peptidase_M78	PF06114.13	123	D4001.contig31_8	120	2.1e-13
HTH_3	PF01381.22	55	D4001.contig31_9	115	2.2e-10
HTH_26	PF13443.6	63	D4001.contig31_9	115	3.9e-06
HTH_19	PF12844.7	65	D4001.contig31_9	115	4e-06
Phage_CI_repr	PF07022.13	65	D4001.contig31_9	115	0.00039
HTH_31	PF13560.6	64	D4001.contig31_9	115	0.0011
HNF-1_N	PF04814.13	194	D4001.contig31_9	115	0.0043
HTH_35	PF13693.6	75	D4001.contig31_9	115	0.0097
HTH_26	PF13443.6	63	D4001.contig31_10	70	2.4e-12
HTH_3	PF01381.22	55	D4001.contig31_10	70	1.9e-11
HTH_31	PF13560.6	64	D4001.contig31_10	70	0.0012
HTH_11	PF08279.12	55	D4001.contig31_10	70	0.007
Phage_CII	PF05269.11	91	D4001.contig31_10	70	0.015
HTH_17	PF12728.7	51	D4001.contig31_11	100	8.4e-10
HTH_22	PF13309.6	63	D4001.contig31_11	100	0.00022
HTH_23	PF13384.6	50	D4001.contig31_11	100	0.001
Sipho_Gp157	PF05565.11	163	D4001.contig31_14	163	3e-42
Filament	PF00038.21	312	D4001.contig31_14	163	0.0052
Rad52_Rad22	PF04098.15	153	D4001.contig31_15	243	0.00099
NinB	PF05772.12	131	D4001.contig31_16	185	0.009
HNH	PF01844.23	47	D4001.contig31_17	91	4.5e-10
HNH_5	PF14279.6	56	D4001.contig31_17	91	0.00021
HNHc_6	PF16784.5	200	D4001.contig31_17	91	0.0031
Transpos_assoc	PF13963.6	74	D4001.contig31_17	91	0.0063
Phg_2220_C	PF09524.10	74	D4001.contig31_18	288	3.6e-29
Terminase_3C	PF17288.2	155	D4001.contig31_18	288	0.03
Inhibitor_G39P	PF11417.8	70	D4001.contig31_19	212	0.00094
HTH_3	PF01381.22	55	D4001.contig31_20	84	1.2e-05
HTH_31	PF13560.6	64	D4001.contig31_20	84	0.00031
Sigma70_r4	PF04545.16	50	D4001.contig31_20	84	0.0088
MqsA_antitoxin	PF15731.5	131	D4001.contig31_20	84	0.029
SSB	PF00436.25	104	D4001.contig31_21	129	1e-31
tRNA_anti-codon	PF01336.25	76	D4001.contig31_21	129	0.015
HTH_3	PF01381.22	55	D4001.contig32_2	62	0.0016
HTH_31	PF13560.6	64	D4001.contig32_2	62	0.02
Pox_A_type_inc	PF04508.12	23	D4001.contig32_4	79	0.01
DUF4482	PF14818.6	138	D4001.contig32_4	79	0.046
HTH_19	PF12844.7	65	D4001.contig32_5	123	5.1e-05
HTH_31	PF13560.6	64	D4001.contig32_5	123	0.00013
HTH_3	PF01381.22	55	D4001.contig32_5	123	0.00015
Peptidase_M78	PF06114.13	123	D4001.contig32_6	147	9.1e-05
zinc_ribbon_2	PF13240.6	23	D4001.contig32_7	183	6.5e-08
DZR	PF12773.7	49	D4001.contig32_7	183	1.2e-07
zinc_ribbon_15	PF17032.5	86	D4001.contig32_7	183	2.2e-07
zf-ribbon_3	PF13248.6	26	D4001.contig32_7	183	9.1e-05
UPF0547	PF10571.9	26	D4001.contig32_7	183	0.00026
TF_Zn_Ribbon	PF08271.12	43	D4001.contig32_7	183	0.0038
Peptidase_S24	PF00717.23	70	D4001.contig32_8	111	0.0019
TM2	PF05154.16	51	D4001.contig32_9	126	1e-16
zf-ribbon_3	PF13248.6	26	D4001.contig32_9	126	4e-05
DZR	PF12773.7	49	D4001.contig32_9	126	8.6e-05
zinc_ribbon_2	PF13240.6	23	D4001.contig32_9	126	0.00097
Cript	PF10235.9	89	D4001.contig32_9	126	0.0023
zf-C3HC4_3	PF13920.6	50	D4001.contig32_9	126	0.0046
HSBP1	PF06825.12	51	D4001.contig32_10	99	0.00054
Prefoldin	PF02996.17	120	D4001.contig32_10	99	0.013
P63C	PF10546.9	93	D4001.contig32_12	294	2.2e-24
Phage_integrase	PF00589.22	172	D4001.contig32_13	362	3.6e-21
Phage_int_SAM_3	PF14659.6	58	D4001.contig32_13	362	0.00014
Phage_int_SAM_4	PF13495.6	85	D4001.contig32_13	362	0.0023
Phage_F	PF02305.17	510	D4001.contig33_1	673	3.1e-40
Phage_F	PF02305.17	510	D4001.contig33_1	673	3.1e-40
Rep_1	PF01446.17	250	D4001.contig33_5	466	0.0025
Phage_F	PF02305.17	510	D4001.contig33_9	723	7.1e-43
Phage_F	PF02305.17	510	D4001.contig33_9	723	7.1e-43
OMP_b-brl_3	PF14905.6	408	D4001.contig34_1	505	1.4e-13
TonB_dep_Rec	PF00593.24	470	D4001.contig34_1	505	3.9e-05
Peptidase_S3	PF00944.19	159	D4001.contig34_1	505	0.017
Pterin_4a	PF01329.19	91	D4001.contig34_2	73	0.12
DUF3979	PF13141.6	113	D4001.contig34_3	152	0.016
DUF2379	PF09543.10	120	D4001.contig34_3	152	0.033
MCU	PF04678.13	176	D4001.contig34_3	152	0.045
Relaxase	PF03432.14	242	D4001.contig34_4	265	1e-37
RelE	PF06296.12	120	D4001.contig34_5	114	0.00058
ParE_toxin	PF05016.15	90	D4001.contig34_5	114	0.0034
ParE-like_toxin	PF15781.5	87	D4001.contig34_5	114	0.017
PhdYeFM_antitox	PF02604.19	75	D4001.contig34_6	78	0.078
Rep_3	PF01051.21	222	D4001.contig34_7	341	1.2e-38
RPA	PF10134.9	229	D4001.contig34_7	341	0.0014
CarbopepD_reg_2	PF13715.6	88	D4001.contig34_9	330	8.3e-15
CarboxypepD_reg	PF13620.6	82	D4001.contig34_9	330	3.5e-10
SdrD_B	PF17210.3	112	D4001.contig34_9	330	0.003
F5_F8_type_C	PF00754.25	127	D4001.contig35_1	414	0.0057
Phage_capsid	PF05065.13	280	D4001.contig35_5	332	1.1e-05
Head-tail_con	PF12236.8	481	D4001.contig35_8	574	8.3e-136
Phage_F	PF02305.17	510	D4001.contig36_1	550	1.1e-14
Phage_F	PF02305.17	510	D4001.contig36_1	550	1.1e-14
DUF1980	PF09323.10	180	D4001.contig36_2	66	0.038
Inovirus_Gp2	PF11726.8	179	D4001.contig36_6	460	0.00084
KilA-N	PF04383.13	112	D4001.contig36_7	292	0.075
DUF3454	PF11936.8	64	D4001.contig36_8	107	0.018
Phage_F	PF02305.17	510	D4001.contig36_9	311	2.7e-22
MBA1	PF07961.11	235	D4001.contig37_2	86	0.014
Phage_F	PF02305.17	510	D4001.contig37_4	781	3.3e-51
Phage_F	PF02305.17	510	D4001.contig37_4	781	3.3e-51
SprB	PF13573.6	37	D4001.contig37_4	781	0.029
RtcB	PF01139.17	412	D4001.contig37_6	153	0.0099
CAP_assoc_N	PF14504.6	140	D4001.contig38_4	169	0.01
UNC-79	PF14776.6	523	D4001.contig38_10	161	0.085
SICA_alpha	PF12887.7	185	D4001.contig38_11	97	0.042
Collagen	PF01391.18	60	D4001.contig39_1	108	2.2e-13
Collagen	PF01391.18	60	D4001.contig39_2	627	3e-09
Collagen	PF01391.18	60	D4001.contig39_2	627	3e-09
Terminase_6C	PF17289.2	155	D4001.contig39_5	399	0.00038
Amidase_2	PF01510.25	126	D4001.contig40_5	269	8.3e-14
CW_binding_1	PF01473.20	19	D4001.contig40_5	269	7.2e-10
CW_binding_1	PF01473.20	19	D4001.contig40_5	269	7.2e-10
Baseplate_J	PF04865.14	255	D4001.contig41_1	320	1.8e-17
Phage_holin_4_1	PF05105.12	114	D4001.contig41_3	178	4.5e-06
APP_E2	PF12925.7	190	D4001.contig42_2	98	0.03
Dioxygenase_N	PF04444.14	75	D4001.contig42_8	174	0.1
CbiG_C	PF01890.16	116	D4001.contig42_10	101	0.0064
LPD38	PF18857.1	188	D4001.contig43_1	1843	7.1e-33
NDC10_II	PF16787.5	318	D4001.contig43_1	1843	0.0055
ANT	PF03374.14	108	D4001.contig44_1	232	8.2e-36
AntA	PF08346.12	68	D4001.contig44_1	232	1.5e-24
DUF1492	PF07374.11	100	D4001.contig44_2	142	0.0014
Sigma70_r4_2	PF08281.12	54	D4001.contig44_2	142	0.0055
DUF4373	PF14297.6	96	D4001.contig44_7	260	6.9e-23
YhzD	PF14120.6	61	D4001.contig44_9	84	0.059
SNARE_assoc	PF09335.11	120	D4001.contig44_11	71	0.0065
SpoVAB	PF13782.6	109	D4001.contig44_11	71	0.007
HTH_17	PF12728.7	51	D4001.contig44_12	74	4.3e-06
YebG	PF07130.12	74	D4001.contig44_13	58	0.0043
LPD38	PF18857.1	188	D4001.contig45_1	1168	1.9e-45
Phage_holin_4_1	PF05105.12	114	D4001.contig45_2	178	1.3e-05
Glyco_hydro_25	PF01183.20	178	D4001.contig45_3	199	4.1e-27
Sigma70_r4	PF04545.16	50	D4001.contig46_2	139	0.031
zinc_ribbon_15	PF17032.5	86	D4001.contig46_5	94	1.7e-05
DZR	PF12773.7	49	D4001.contig46_5	94	0.00082
TauE	PF01925.19	236	D4001.contig46_6	68	0.019
SNF2_N	PF00176.23	350	D4001.contig46_10	456	1.2e-14
ResIII	PF04851.15	171	D4001.contig46_10	456	3.3e-06
DEAD	PF00270.29	176	D4001.contig46_10	456	0.00055
Helicase_C	PF00271.31	111	D4001.contig46_10	456	0.00092
VRR_NUC	PF08774.11	108	D4001.contig46_11	98	0.00014
Phage_F	PF02305.17	510	D4001.contig47_2	564	2e-151
Sarcoglycan_1	PF04790.13	260	D4001.contig47_5	47	0.041
DUF5361	PF17318.2	87	D4001.contig48_2	129	1.5e-35
Sipho_Gp37	PF14594.6	351	D4001.contig48_5	335	3.5e-07
LPD38	PF18857.1	188	D4001.contig49_1	1594	1.5e-42
Phage_lysozyme2	PF18013.1	143	D4001.contig49_1	1594	5.1e-22
HicA_toxin	PF07927.12	58	D4001.contig50_1	63	6.8e-22
Glyco_hydro_57	PF03065.15	325	D4001.contig50_1	63	0.029
HicB_lk_antitox	PF15919.5	123	D4001.contig50_2	131	4.8e-15
DUF576	PF04507.12	225	D4001.contig50_2	131	0.0027
Phage_holin_1	PF04531.13	82	D4001.contig50_3	121	6.7e-06
Pox_A14	PF05767.12	93	D4001.contig50_3	121	0.022
Amidase_3	PF01520.18	175	D4001.contig50_4	301	2.8e-40
PG_binding_1	PF01471.18	57	D4001.contig50_4	301	3.3e-09
LYTB	PF02401.18	264	D4001.contig50_5	116	0.004
T4_tail_cap	PF11091.8	348	D4001.contig50_5	116	0.0053
Halogen_Hydrol	PF10112.9	191	D4001.contig50_5	116	0.0085
DUF2977	PF11192.8	61	D4001.contig50_6	132	1.1e-08
DUF2634	PF10934.8	105	D4001.contig51_1	133	0.0022
CE2_N	PF17996.1	110	D4001.contig51_1	133	0.0041
Baseplate_J	PF04865.14	255	D4001.contig51_2	388	3.3e-36
DUF3751	PF12571.8	150	D4001.contig51_4	132	4.4e-07
Relaxase	PF03432.14	242	D4001.contig52_1	147	8.6e-20
DUF2379	PF09543.10	120	D4001.contig52_2	151	0.023
Rep_3	PF01051.21	222	D4001.contig52_4	342	8e-23
PhdYeFM_antitox	PF02604.19	75	D4001.contig52_5	84	0.00072
YoeB_toxin	PF06769.14	80	D4001.contig52_6	91	5.6e-11
WAC_Acf1_DNA_bd	PF10537.9	101	D4001.contig52_7	66	0.021
DUF4298	PF14131.6	87	D4001.contig52_8	100	0.023
Relaxase	PF03432.14	242	D4001.contig52_9	165	3.9e-36
FtsL	PF04999.13	97	D4001.contig53_1	54	0.064
Amidase_2	PF01510.25	126	D4001.contig53_2	351	1.1e-11
Imm15	PF15561.6	170	D4001.contig53_3	121	0.033
Phage_holin_5_2	PF16079.5	75	D4001.contig53_4	89	6.2e-12
Phage_holin_5_1	PF06946.11	93	D4001.contig53_4	89	0.0003
Big_3_4	PF13754.6	105	D4001.contig53_9	98	2.6e-23
Big_3_2	PF12245.8	123	D4001.contig53_9	98	0.0014
Big_7	PF17957.1	70	D4001.contig53_10	304	1.9e-09
Big_7	PF17957.1	70	D4001.contig53_10	304	1.9e-09
HEPN_Apea	PF18739.1	102	D4001.contig54_1	233	0.046
DUF3450	PF11932.8	241	D4001.contig54_2	205	1.7e-06
DUF948	PF06103.11	89	D4001.contig54_2	205	1.9e-05
HemX	PF04375.14	338	D4001.contig54_2	205	0.00024
FapA	PF03961.13	454	D4001.contig54_2	205	0.00088
T3SSipB	PF16535.5	155	D4001.contig54_2	205	0.0014
DUF4407	PF14362.6	298	D4001.contig54_2	205	0.0028
VIT1	PF01988.19	215	D4001.contig54_2	205	0.0034
Peptidase_M78	PF06114.13	123	D4001.contig54_3	145	1.5e-07
HTH_26	PF13443.6	63	D4001.contig54_4	121	0.018
DUF739	PF05339.11	69	D4001.contig54_6	83	0.00013
HTH_26	PF13443.6	63	D4001.contig54_6	83	0.0011
Got1	PF04178.12	113	D4001.contig54_9	76	0.027
DNA_methylase	PF00145.17	335	D4001.contig55_1	187	1.3e-09
BatD	PF13584.6	480	D4001.contig55_2	117	0.034
Muraidase	PF11860.8	175	D4001.contig55_3	199	2.5e-66
Thioredoxin_7	PF13899.6	83	D4001.contig55_6	60	0.024
CG-1	PF03859.16	116	D4001.contig57_3	627	0.0052
Head-tail_con	PF12236.8	481	D4001.contig57_3	627	0.024
M11L	PF11099.8	160	D4001.contig58_2	100	0.03
Sas10	PF09368.10	74	D4001.contig58_4	142	0.01
FlgO	PF17680.1	131	D4001.contig58_5	93	0.014
Peptidase_S10	PF00450.22	419	D4001.contig58_6	318	0.026
YTV	PF07639.11	43	D4001.contig59_1	89	0.0095
DnaB_C	PF03796.15	255	D4001.contig59_2	479	1.7e-15
AAA_25	PF13481.6	194	D4001.contig59_2	479	0.0027
Toprim_3	PF13362.6	95	D4001.contig59_3	318	0.0001
Toprim_2	PF13155.6	90	D4001.contig59_3	318	0.0011
Peptidase_S13	PF02113.15	444	D4001.contig59_4	102	0.014
Phage_holin_4_1	PF05105.12	114	D4001.contig60_1	209	0.028
DUF5493	PF17597.2	82	D4001.contig60_2	58	0.036
HemX	PF04375.14	338	D4001.contig60_4	191	0.0025
ComR_TPR	PF18710.1	224	D4001.contig60_4	191	0.014
Phage_integrase	PF00589.22	172	D4001.contig60_6	240	1e-20
HTH_3	PF01381.22	55	D4001.contig61_2	123	3e-20
HTH_19	PF12844.7	65	D4001.contig61_2	123	6.6e-14
HTH_31	PF13560.6	64	D4001.contig61_2	123	2.5e-12
HTH_26	PF13443.6	63	D4001.contig61_2	123	5.2e-08
MqsA_antitoxin	PF15731.5	131	D4001.contig61_2	123	0.00022
HTH_37	PF13744.6	80	D4001.contig61_2	123	0.0023
BetR	PF08667.10	148	D4001.contig61_2	123	0.0024
HTH_3	PF01381.22	55	D4001.contig61_3	71	0.0013
HTH_19	PF12844.7	65	D4001.contig61_3	71	0.0026
BetR	PF08667.10	148	D4001.contig61_3	71	0.0036
HTH_26	PF13443.6	63	D4001.contig61_3	71	0.019
Glyco_hydro_25	PF01183.20	178	D4001.contig62_4	413	8.3e-20
LysM	PF01476.20	44	D4001.contig62_4	413	4.6e-11
LysM	PF01476.20	44	D4001.contig62_4	413	4.6e-11
CW_7	PF08230.11	40	D4001.contig62_4	413	2.2e-08
Phage_holin_Dp1	PF16938.5	63	D4001.contig62_5	116	8.3e-14
RVT_1	PF00078.27	222	D4001.contig62_6	204	5.1e-07
WRC	PF08879.10	43	D4001.contig62_6	204	0.027
L_protein_N	PF15518.6	93	D4001.contig63_1	261	0.071
Ferritin	PF00210.24	142	D4001.contig63_2	196	3.5e-08
Rubrerythrin	PF02915.17	137	D4001.contig63_2	196	7.3e-08
Ferritin_2	PF13668.6	136	D4001.contig63_2	196	0.0032
LAGLIDADG_3	PF14528.6	83	D4001.contig63_3	615	2.1e-14
Intein_splicing	PF14890.6	134	D4001.contig63_3	615	4.8e-14
Hom_end	PF05204.14	110	D4001.contig63_3	615	0.00045
zinc_ribbon_2	PF13240.6	23	D4001.contig64_5	45	3.1e-05
zf-ribbon_3	PF13248.6	26	D4001.contig64_5	45	0.00016
DZR	PF12773.7	49	D4001.contig64_5	45	0.00052
HNH	PF01844.23	47	D4001.contig64_7	166	7.1e-15
HNH_5	PF14279.6	56	D4001.contig64_7	166	1.5e-13
HNH_4	PF13395.6	55	D4001.contig64_7	166	2e-08
RE_Alw26IDE	PF09665.10	455	D4001.contig64_7	166	4.9e-05
Endonuclease_7	PF02945.15	82	D4001.contig64_7	166	0.0076
DUF4004	PF13171.6	197	D4001.contig65_2	68	0.017
PcfK	PF14058.6	130	D4001.contig65_4	135	3.2e-24
XRCC4	PF06632.12	337	D4001.contig65_4	135	0.01
PcfJ	PF14284.6	144	D4001.contig65_5	472	2.4e-28
XhlA	PF10779.9	67	D4001.contig65_6	64	0.0012
Matrilin_ccoil	PF10393.9	45	D4001.contig65_6	64	0.0024
dUTPase_2	PF08761.11	166	D4001.contig66_2	279	1.6e-05
dUTPase	PF00692.19	129	D4001.contig66_3	184	7.7e-11
DUF3603	PF12227.8	214	D4001.contig66_5	131	0.034
DUF1461	PF07314.11	189	D4001.contig66_6	137	0.07
