target	acc	tlen	query	qlen	evalue
LamB	PF02264.15	379	DT1.contig1_1	407	4.8e-122
Alpha-amylase	PF00128.24	337	DT1.contig1_2	549	7.3e-117
Malt_amylase_C	PF16657.5	75	DT1.contig1_2	549	2.4e-08
DUF3459	PF11941.8	91	DT1.contig1_2	549	5.7e-07
hDGE_amylase	PF14701.6	440	DT1.contig1_2	549	0.0067
PTS_EIIC	PF02378.18	324	DT1.contig1_3	481	4.6e-44
PTS_EIIB	PF00367.20	34	DT1.contig1_3	481	8.1e-13
UTRA	PF07702.13	141	DT1.contig1_4	235	6.4e-31
GntR	PF00392.21	64	DT1.contig1_4	235	2.8e-17
HTH_DeoR	PF08220.12	57	DT1.contig1_4	235	0.00011
HTH_41	PF14502.6	48	DT1.contig1_4	235	0.0031
DUF87	PF01935.17	227	DT1.contig1_5	583	1.5e-33
FtsK_SpoIIIE	PF01580.18	243	DT1.contig1_5	583	2.6e-07
TrwB_AAD_bind	PF10412.9	386	DT1.contig1_5	583	2.2e-05
DUF853	PF05872.12	504	DT1.contig1_5	583	4.5e-05
SIR2_2	PF13289.6	143	DT1.contig1_6	346	1.1e-11
Fic	PF02661.18	97	DT1.contig1_8	133	6.6e-05
GMP_synt_C	PF00958.22	92	DT1.contig1_10	526	1.5e-41
GATase	PF00117.28	190	DT1.contig1_10	526	2.2e-36
NAD_synthase	PF02540.17	242	DT1.contig1_10	526	2.5e-10
Peptidase_C26	PF07722.13	216	DT1.contig1_10	526	1.3e-07
tRNA_Me_trans	PF03054.16	356	DT1.contig1_10	526	4.4e-05
Asn_synthase	PF00733.21	355	DT1.contig1_10	526	0.0032
ATP_bind_3	PF01171.20	182	DT1.contig1_10	526	0.008
IMPDH	PF00478.25	345	DT1.contig1_11	490	4.1e-166
CBS	PF00571.28	57	DT1.contig1_11	490	1.5e-13
CBS	PF00571.28	57	DT1.contig1_11	490	1.5e-13
NMO	PF03060.15	331	DT1.contig1_11	490	8e-13
NMO	PF03060.15	331	DT1.contig1_11	490	8e-13
FMN_dh	PF01070.18	348	DT1.contig1_11	490	0.00037
TauE	PF01925.19	236	DT1.contig1_13	269	3.2e-27
Phage_HK97_TLTM	PF06120.11	288	DT1.contig1_13	269	0.019
LysR_substrate	PF03466.20	209	DT1.contig1_14	297	1e-32
HTH_1	PF00126.27	60	DT1.contig1_14	297	8.3e-25
Exonuc_VII_L	PF02601.15	304	DT1.contig1_15	273	3.3e-64
tRNA_anti_2	PF13742.6	95	DT1.contig1_15	273	8.7e-29
tRNA_anti-codon	PF01336.25	76	DT1.contig1_15	273	6e-11
HTH_AsnC-type	PF13404.6	42	DT1.contig2_1	162	5.3e-12
AsnC_trans_reg	PF01037.21	75	DT1.contig2_1	162	4.3e-10
HTH_24	PF13412.6	48	DT1.contig2_1	162	9.8e-10
HTH_20	PF12840.7	61	DT1.contig2_1	162	0.0034
Tyrosinase	PF00264.20	222	DT1.contig2_2	609	5e-33
Aldo_ket_red	PF00248.21	294	DT1.contig2_5	268	8.3e-49
Response_reg	PF00072.24	112	DT1.contig2_6	144	0.0015
SBP_bac_3	PF00497.20	225	DT1.contig2_7	1212	1.1e-57
SBP_bac_3	PF00497.20	225	DT1.contig2_7	1212	1.1e-57
HATPase_c	PF02518.26	112	DT1.contig2_7	1212	1.9e-24
Response_reg	PF00072.24	112	DT1.contig2_7	1212	1.1e-20
HisKA	PF00512.25	67	DT1.contig2_7	1212	4e-15
PAS_4	PF08448.10	110	DT1.contig2_7	1212	1.9e-10
PAS	PF00989.25	113	DT1.contig2_7	1212	3.4e-08
Hpt	PF01627.23	85	DT1.contig2_7	1212	1.6e-06
PAS_8	PF13188.7	67	DT1.contig2_7	1212	4.5e-05
PAS_9	PF13426.7	104	DT1.contig2_7	1212	0.0029
Response_reg	PF00072.24	112	DT1.contig2_8	221	2.7e-27
GerE	PF00196.19	57	DT1.contig2_8	221	8.2e-17
Sigma70_r4_2	PF08281.12	54	DT1.contig2_8	221	0.0054
HTH_36	PF13730.6	55	DT1.contig2_8	221	0.0063
MgtC	PF02308.16	121	DT1.contig2_9	239	1.5e-35
Acetyltransf_1	PF00583.25	117	DT1.contig2_10	201	1.3e-06
Acetyltransf_10	PF13673.7	127	DT1.contig2_10	201	7.6e-05
FR47	PF08445.10	86	DT1.contig2_10	201	0.0056
FKBP_C	PF00254.28	94	DT1.contig2_11	114	5.7e-32
SLT	PF01464.20	117	DT1.contig2_12	207	0.0047
DUF2804	PF10974.8	326	DT1.contig2_12	207	0.014
tRNA-synt_1	PF00133.22	602	DT1.contig3_1	949	7.7e-217
Anticodon_1	PF08264.13	152	DT1.contig3_1	949	9.6e-46
Val_tRNA-synt_C	PF10458.9	66	DT1.contig3_1	949	2.3e-18
tRNA-synt_1g	PF09334.11	391	DT1.contig3_1	949	6.3e-15
tRNA-synt_1g	PF09334.11	391	DT1.contig3_1	949	6.3e-15
tRNA-synt_1_2	PF13603.6	185	DT1.contig3_1	949	5.6e-08
WcbI	PF18588.1	206	DT1.contig3_2	135	0.039
DNA_pol3_chi	PF04364.13	136	DT1.contig3_3	143	9.1e-38
Peptidase_M17	PF00883.21	311	DT1.contig3_4	497	6.9e-128
Peptidase_M17_N	PF02789.17	126	DT1.contig3_4	497	2.3e-28
LptF_LptG	PF03739.14	354	DT1.contig3_5	373	6.1e-75
LptF_LptG	PF03739.14	354	DT1.contig3_6	360	7e-63
GTP_EFTU	PF00009.27	194	DT1.contig3_7	600	4.1e-51
LepA_C	PF06421.12	107	DT1.contig3_7	600	3.3e-50
EFG_C	PF00679.24	89	DT1.contig3_7	600	2.9e-20
GTP_EFTU_D2	PF03144.25	74	DT1.contig3_7	600	7.1e-09
Ras	PF00071.22	162	DT1.contig3_7	600	2.5e-06
EFG_II	PF14492.6	75	DT1.contig3_7	600	1.8e-05
MMR_HSR1	PF01926.23	114	DT1.contig3_7	600	0.00016
Peptidase_S24	PF00717.23	70	DT1.contig3_8	285	3.5e-21
Peptidase_S26	PF10502.9	138	DT1.contig3_8	285	7.5e-07
Ribonucleas_3_3	PF14622.6	128	DT1.contig3_9	209	3e-34
Ribonuclease_3	PF00636.26	105	DT1.contig3_9	209	3.3e-21
dsrm	PF00035.26	67	DT1.contig3_9	209	3.5e-09
MMR_HSR1	PF01926.23	114	DT1.contig3_10	301	6.2e-24
KH_2	PF07650.17	78	DT1.contig3_10	301	2.1e-21
FeoB_N	PF02421.18	156	DT1.contig3_10	301	7e-15
AIG1	PF04548.16	212	DT1.contig3_10	301	3.3e-10
GTP_EFTU	PF00009.27	194	DT1.contig3_10	301	1.9e-09
Dynamin_N	PF00350.23	168	DT1.contig3_10	301	3.7e-09
RsgA_GTPase	PF03193.16	167	DT1.contig3_10	301	5.1e-08
PduV-EutP	PF10662.9	143	DT1.contig3_10	301	1.3e-05
Gtr1_RagA	PF04670.12	232	DT1.contig3_10	301	0.00031
MMR_HSR1_Xtn	PF16897.5	106	DT1.contig3_10	301	0.0014
SRPRB	PF09439.10	181	DT1.contig3_10	301	0.0027
RecO_C	PF02565.15	157	DT1.contig3_11	230	5.3e-23
RecO_N	PF11967.8	80	DT1.contig3_11	230	5.8e-14
PdxJ	PF03740.13	234	DT1.contig3_12	248	1.7e-98
AP_endonuc_2	PF01261.24	210	DT1.contig3_12	248	0.0038
RHS_repeat	PF05593.14	38	DT1.contig4_1	1299	8.1e-58
RHS_repeat	PF05593.14	38	DT1.contig4_1	1299	8.1e-58
RHS_repeat	PF05593.14	38	DT1.contig4_1	1299	8.1e-58
RHS_repeat	PF05593.14	38	DT1.contig4_1	1299	8.1e-58
RHS_repeat	PF05593.14	38	DT1.contig4_1	1299	8.1e-58
RHS_repeat	PF05593.14	38	DT1.contig4_1	1299	8.1e-58
RHS_repeat	PF05593.14	38	DT1.contig4_1	1299	8.1e-58
RHS_repeat	PF05593.14	38	DT1.contig4_1	1299	8.1e-58
RHS_repeat	PF05593.14	38	DT1.contig4_1	1299	8.1e-58
adh_short_C2	PF13561.6	234	DT1.contig4_2	254	7.6e-65
adh_short	PF00106.25	195	DT1.contig4_2	254	5.5e-50
KR	PF08659.10	180	DT1.contig4_2	254	2.2e-14
Epimerase	PF01370.21	241	DT1.contig4_2	254	0.008
adh_short_C2	PF13561.6	234	DT1.contig4_3	267	4.5e-59
adh_short	PF00106.25	195	DT1.contig4_3	267	1.4e-47
KR	PF08659.10	180	DT1.contig4_3	267	4.4e-07
MoaF_C	PF17409.2	113	DT1.contig4_4	274	5.4e-50
MoaF	PF10703.9	108	DT1.contig4_4	274	5.3e-35
GerE	PF00196.19	57	DT1.contig4_5	220	2.5e-12
HTH_23	PF13384.6	50	DT1.contig4_5	220	5.7e-05
Sigma70_r4_2	PF08281.12	54	DT1.contig4_5	220	9.4e-05
HTH_38	PF13936.6	44	DT1.contig4_5	220	0.0046
Cupin_3	PF05899.12	74	DT1.contig4_6	122	4.1e-16
Cupin_2	PF07883.11	71	DT1.contig4_6	122	0.0016
DAO	PF01266.24	352	DT1.contig4_7	433	1.6e-36
Thi4	PF01946.17	235	DT1.contig4_7	433	4.1e-07
Pyr_redox_2	PF07992.14	294	DT1.contig4_7	433	2.2e-05
Pyr_redox_3	PF13738.6	305	DT1.contig4_7	433	7.2e-05
FAD_binding_2	PF00890.24	417	DT1.contig4_7	433	0.00011
FAD_binding_3	PF01494.19	349	DT1.contig4_7	433	0.00044
FAD_oxidored	PF12831.7	433	DT1.contig4_7	433	0.0022
MarR	PF01047.22	59	DT1.contig4_8	141	4.3e-15
MarR_2	PF12802.7	62	DT1.contig4_8	141	2.4e-08
HTH_27	PF13463.6	68	DT1.contig4_8	141	2.9e-06
TrmB	PF01978.19	68	DT1.contig4_8	141	7.9e-05
HTH_34	PF13601.6	80	DT1.contig4_8	141	0.00032
HpcH_HpaI	PF03328.14	221	DT1.contig4_9	267	2.1e-63
PK	PF00224.21	348	DT1.contig4_9	267	0.0075
FAA_hydrolase	PF01557.18	218	DT1.contig4_10	268	1.3e-10
MFS_1	PF07690.16	353	DT1.contig4_11	445	2.6e-63
MFS_1	PF07690.16	353	DT1.contig4_11	445	2.6e-63
MFS_4	PF06779.14	363	DT1.contig4_11	445	1.9e-06
CHMI	PF02962.15	124	DT1.contig4_12	131	2.2e-49
LigB	PF02900.18	273	DT1.contig4_13	136	3.5e-32
TrbI	PF03743.14	187	DT1.contig5_1	425	2.2e-28
TraK	PF06586.11	231	DT1.contig5_2	249	3.6e-44
TraE	PF05309.11	182	DT1.contig5_3	204	8.8e-48
TraL	PF07178.11	90	DT1.contig5_4	94	8.8e-18
TrbC	PF04956.13	99	DT1.contig5_5	133	0.0015
Cation_efflux	PF01545.21	199	DT1.contig5_5	133	0.023
SLT	PF01464.20	117	DT1.contig5_7	216	6.4e-17
RhodobacterPufX	PF11511.8	67	DT1.contig5_7	216	0.036
Acetyltransf_2	PF00797.17	240	DT1.contig5_8	84	0.023
HTH_26	PF13443.6	63	DT1.contig5_9	203	4e-07
HTH_3	PF01381.22	55	DT1.contig5_9	203	2.8e-06
HTH_31	PF13560.6	64	DT1.contig5_9	203	5.9e-05
HTH_19	PF12844.7	65	DT1.contig5_9	203	0.0081
Vut_1	PF02592.15	150	DT1.contig5_10	301	1.2e-21
Cupin_5	PF06172.11	141	DT1.contig5_11	175	4.5e-38
DUF4241	PF14025.6	186	DT1.contig5_11	175	0.051
TrwC	PF08751.11	296	DT1.contig5_12	965	2.4e-79
AAA_30	PF13604.6	192	DT1.contig5_12	965	6.4e-44
AAA_19	PF13245.6	146	DT1.contig5_12	965	2.9e-12
AAA_22	PF13401.6	137	DT1.contig5_12	965	0.0007
AAA_16	PF13191.6	170	DT1.contig5_12	965	0.0016
TrwB_AAD_bind	PF10412.9	386	DT1.contig5_13	662	5.7e-132
TraG-D_C	PF12696.7	126	DT1.contig5_13	662	2.8e-17
T4SS-DNA_transf	PF02534.14	469	DT1.contig5_13	662	2.7e-12
DUF1656	PF07869.12	56	DT1.contig6_1	53	0.013
AAA_8	PF12780.7	260	DT1.contig6_2	134	0.099
UvrD-helicase	PF00580.21	315	DT1.contig6_3	624	1.3e-13
UvrD-helicase	PF00580.21	315	DT1.contig6_3	624	1.3e-13
UvrD_C	PF13361.6	349	DT1.contig6_3	624	7.7e-09
AAA_19	PF13245.6	146	DT1.contig6_3	624	6.9e-07
UvrD_C_2	PF13538.6	52	DT1.contig6_3	624	6.2e-06
ALP_N	PF17989.1	147	DT1.contig6_7	346	1.9e-11
RDD	PF06271.12	141	DT1.contig6_9	175	7.9e-17
Pup_ligase	PF03136.15	440	DT1.contig6_10	106	0.099
YqaJ	PF09588.10	148	DT1.contig6_13	334	1.1e-18
Helicase_C	PF00271.31	111	DT1.contig7_1	499	9.7e-14
DEAD	PF00270.29	176	DT1.contig7_1	499	7.7e-07
AAA_30	PF13604.6	192	DT1.contig7_1	499	0.0055
VWA	PF00092.28	175	DT1.contig7_3	578	0.00019
CobT	PF06213.12	276	DT1.contig7_3	578	0.0013
CobT_C	PF11775.8	219	DT1.contig7_3	578	0.0023
AAA_5	PF07728.14	138	DT1.contig7_4	355	5.3e-19
AAA	PF00004.29	132	DT1.contig7_4	355	2.8e-08
AAA_22	PF13401.6	137	DT1.contig7_4	355	2.1e-07
AAA_23	PF13476.6	200	DT1.contig7_4	355	0.00017
Sigma54_activat	PF00158.26	168	DT1.contig7_4	355	0.00051
AAA_16	PF13191.6	170	DT1.contig7_4	355	0.00064
AAA_14	PF13173.6	131	DT1.contig7_4	355	0.0023
DUF3150	PF11348.8	256	DT1.contig7_5	374	7.5e-59
2Fe-2S_thioredx	PF01257.19	145	DT1.contig7_6	232	0.024
Topoisom_bac	PF01131.20	413	DT1.contig7_8	845	2.2e-94
Toprim_Crpt	PF13342.6	60	DT1.contig7_8	845	2.3e-13
Toprim	PF01751.22	103	DT1.contig7_8	845	6.9e-07
HD_6	PF18019.1	196	DT1.contig7_9	548	0.00049
tRNA_U5-meth_tr	PF05958.11	357	DT1.contig8_1	151	1.5e-17
tRNA_U5-meth_tr	PF05958.11	357	DT1.contig8_1	151	1.5e-17
Methyltransf_31	PF13847.6	152	DT1.contig8_1	151	4.2e-10
MTS	PF05175.14	169	DT1.contig8_1	151	1.1e-08
Cons_hypoth95	PF03602.15	182	DT1.contig8_1	151	5.6e-07
Methyltransf_25	PF13649.6	97	DT1.contig8_1	151	2.3e-06
Met_10	PF02475.16	199	DT1.contig8_1	151	8.2e-05
Methyltransf_15	PF09445.10	165	DT1.contig8_1	151	0.00033
PrmA	PF06325.13	296	DT1.contig8_1	151	0.00034
Methyltransf_12	PF08242.12	99	DT1.contig8_1	151	0.0029
Rhomboid	PF01694.22	150	DT1.contig8_2	282	4.7e-32
Rhomboid	PF01694.22	150	DT1.contig8_2	282	4.7e-32
DUF1751	PF08551.10	99	DT1.contig8_2	282	1.1e-08
Rhomboid	PF01694.22	150	DT1.contig8_3	309	1.1e-16
DUF1751	PF08551.10	99	DT1.contig8_3	309	0.00071
Exo_endo_phos	PF03372.23	233	DT1.contig8_4	372	6e-19
tRNA-synt_1e	PF01406.19	301	DT1.contig8_5	502	7.5e-96
DALR_2	PF09190.11	63	DT1.contig8_5	502	1.1e-09
tRNA-synt_1g	PF09334.11	391	DT1.contig8_5	502	8.2e-09
YhcG_C	PF06250.11	155	DT1.contig8_6	74	3.1e-15
Phage_integrase	PF00589.22	172	DT1.contig8_7	339	8.3e-33
Phage_int_SAM_1	PF02899.17	84	DT1.contig8_7	339	4e-13
Phage_int_SAM_4	PF13495.6	85	DT1.contig8_7	339	1.8e-05
Phage_int_SAM_5	PF13102.6	99	DT1.contig8_7	339	0.0079
Phage_integrase	PF00589.22	172	DT1.contig8_8	315	8.9e-22
Phage_integrase	PF00589.22	172	DT1.contig8_9	538	3.7e-30
Phage_int_SAM_1	PF02899.17	84	DT1.contig8_9	538	4.4e-08
DDE_3	PF13358.6	146	DT1.contig8_10	220	1.7e-28
DDE_Tnp_ISAZ013	PF07592.11	308	DT1.contig8_10	220	0.01
HTH_32	PF13565.6	73	DT1.contig8_11	145	2.4e-10
HTH_23	PF13384.6	50	DT1.contig8_11	145	1.2e-07
HTH_29	PF13551.6	63	DT1.contig8_11	145	9.2e-07
HTH_28	PF13518.6	52	DT1.contig8_11	145	0.0059
DUF1016_N	PF17761.1	137	DT1.contig8_13	264	1.2e-40
YhcG_C	PF06250.11	155	DT1.contig8_13	264	5.8e-32
ExbD	PF02472.16	130	DT1.contig9_1	134	3.7e-29
MotA_ExbB	PF01618.16	127	DT1.contig9_2	241	4.3e-34
TonB_C	PF03544.14	79	DT1.contig9_3	271	5e-24
TonB_2	PF13103.6	85	DT1.contig9_3	271	0.00051
LysR_substrate	PF03466.20	209	DT1.contig9_4	308	2.6e-29
HTH_1	PF00126.27	60	DT1.contig9_4	308	2.1e-21
HTH_30	PF13556.6	59	DT1.contig9_4	308	3e-06
HTH_24	PF13412.6	48	DT1.contig9_4	308	0.00088
MarR_2	PF12802.7	62	DT1.contig9_4	308	0.0012
dCMP_cyt_deam_1	PF00383.23	101	DT1.contig9_5	154	5e-22
MafB19-deam	PF14437.6	138	DT1.contig9_5	154	7.6e-18
DNA_pol3_gamma3	PF12169.8	143	DT1.contig9_5	154	0.0064
SNAD4	PF18750.1	114	DT1.contig9_5	154	0.014
MFS_1	PF07690.16	353	DT1.contig9_6	400	2.6e-28
LysR_substrate	PF03466.20	209	DT1.contig9_7	311	1.2e-25
HTH_1	PF00126.27	60	DT1.contig9_7	311	2.1e-20
MRJP	PF03022.16	287	DT1.contig9_8	391	3.2e-35
SGL	PF08450.12	246	DT1.contig9_8	391	1.6e-06
LysR_substrate	PF03466.20	209	DT1.contig9_9	294	6.5e-40
HTH_1	PF00126.27	60	DT1.contig9_9	294	9.4e-16
OpuAC	PF04069.12	257	DT1.contig9_10	286	4.6e-44
ABM	PF03992.16	78	DT1.contig9_11	104	1.2e-09
FA_desaturase	PF00487.24	254	DT1.contig9_12	360	2.4e-15
Arabinose_bd	PF12625.7	187	DT1.contig9_13	283	2.6e-52
HTH_20	PF12840.7	61	DT1.contig9_13	283	0.017
HATPase_c	PF02518.26	112	DT1.contig10_1	143	3.8e-08
HATPase_c_2	PF13581.6	125	DT1.contig10_1	143	0.0089
Response_reg	PF00072.24	112	DT1.contig10_2	221	9.7e-25
GerE	PF00196.19	57	DT1.contig10_2	221	4.8e-09
HTH_23	PF13384.6	50	DT1.contig10_2	221	0.0043
ABM	PF03992.16	78	DT1.contig10_4	103	6.8e-05
Methyltransf_4	PF02390.17	173	DT1.contig10_5	235	3.1e-27
Methyltransf_31	PF13847.6	152	DT1.contig10_5	235	2e-05
Methyltransf_25	PF13649.6	97	DT1.contig10_5	235	0.00087
DNA_binding_1	PF01035.20	81	DT1.contig10_8	136	1.4e-22
DUF420	PF04238.12	132	DT1.contig10_9	195	7.6e-42
SCO1-SenC	PF02630.14	134	DT1.contig10_10	279	2.1e-25
AhpC-TSA	PF00578.21	124	DT1.contig10_10	279	0.00097
COX4_pro	PF03626.14	72	DT1.contig10_11	155	2.5e-13
COX3	PF00510.18	258	DT1.contig10_12	227	4.1e-16
COX3	PF00510.18	258	DT1.contig10_13	192	5.3e-16
DUF3311	PF11755.8	61	DT1.contig10_13	192	0.0014
UbiA	PF01040.18	252	DT1.contig10_14	300	8.1e-49
Phage_holin_5_2	PF16079.5	75	DT1.contig10_14	300	0.035
COX1	PF00115.20	432	DT1.contig10_16	466	1.5e-115
COX1	PF00115.20	432	DT1.contig10_17	142	4.9e-22
DUF772	PF05598.11	73	DT1.contig11_2	201	2.6e-10
PhdYeFM_antitox	PF02604.19	75	DT1.contig11_2	201	0.0062
ShlB	PF03865.13	312	DT1.contig11_3	533	7.2e-25
POTRA_2	PF08479.11	76	DT1.contig11_3	533	5.2e-16
MotA_ExbB	PF01618.16	127	DT1.contig11_4	600	1.4e-27
Laminin_G_3	PF13385.6	152	DT1.contig11_4	600	1.1e-21
DUF2341	PF10102.9	84	DT1.contig11_4	600	1.8e-21
Laminin_G_2	PF02210.24	126	DT1.contig11_4	600	0.00012
ExbD	PF02472.16	130	DT1.contig11_5	142	5.8e-28
TonB_2	PF13103.6	85	DT1.contig11_6	236	2.5e-06
TonB_C	PF03544.14	79	DT1.contig11_6	236	0.00056
Porin_5	PF16930.5	533	DT1.contig11_7	567	1.4e-218
Porin_O_P	PF07396.11	359	DT1.contig11_7	567	0.00033
YbjN	PF10722.9	127	DT1.contig11_9	163	1.9e-08
Rotamase	PF00639.21	97	DT1.contig11_10	312	1.5e-19
Rotamase_3	PF13616.6	116	DT1.contig11_10	312	3.2e-16
Rotamase_2	PF13145.6	121	DT1.contig11_10	312	1.9e-14
HTH_1	PF00126.27	60	DT1.contig11_11	326	1e-07
AAA_21	PF13304.6	303	DT1.contig12_1	790	6.3e-10
SMC_N	PF02463.19	220	DT1.contig12_1	790	5.5e-08
HEPN_Apea	PF18739.1	102	DT1.contig12_2	357	5.2e-05
DUF4145	PF13643.6	88	DT1.contig12_3	202	0.00027
rve	PF00665.26	119	DT1.contig12_4	505	1.4e-19
HTH_23	PF13384.6	50	DT1.contig12_4	505	0.005
IstB_IS21	PF01695.17	178	DT1.contig12_5	252	2.2e-67
IstB_IS21_ATP	PF08483.11	29	DT1.contig12_5	252	6.1e-15
Bac_DnaA	PF00308.18	219	DT1.contig12_5	252	0.00017
AAA_22	PF13401.6	137	DT1.contig12_5	252	0.00046
AAA_25	PF13481.6	194	DT1.contig12_5	252	0.0012
AAA	PF00004.29	132	DT1.contig12_5	252	0.002
PhoH	PF02562.16	205	DT1.contig12_5	252	0.0029
AAA_13	PF13166.6	713	DT1.contig12_9	387	8.1e-12
SMC_N	PF02463.19	220	DT1.contig12_9	387	2.2e-05
SIS	PF01380.22	131	DT1.contig13_2	271	1.3e-09
SIS_2	PF13580.6	138	DT1.contig13_2	271	0.00012
ANTAR	PF03861.14	54	DT1.contig13_2	271	0.0051
Peptidase_S13	PF02113.15	444	DT1.contig13_4	391	5.6e-37
DUF423	PF04241.15	88	DT1.contig13_5	62	0.0038
Asp_protease_2	PF13650.6	90	DT1.contig13_6	402	1.7e-18
Asp_protease_2	PF13650.6	90	DT1.contig13_6	402	1.7e-18
PDZ_6	PF17820.1	56	DT1.contig13_6	402	5.1e-10
PDZ	PF00595.24	82	DT1.contig13_6	402	2.4e-08
gag-asp_proteas	PF13975.6	92	DT1.contig13_6	402	3.8e-08
PDZ_2	PF13180.6	82	DT1.contig13_6	402	1.3e-05
DUF4953	PF16313.5	321	DT1.contig13_7	882	3.7e-118
DUF5117	PF17148.4	189	DT1.contig13_7	882	5.7e-64
DUF5118	PF17162.4	50	DT1.contig13_7	882	8.2e-21
CarbopepD_reg_2	PF13715.6	88	DT1.contig13_9	349	8.3e-10
CarboxypepD_reg	PF13620.6	82	DT1.contig13_9	349	1.8e-08
Collagen	PF01391.18	60	DT1.contig13_10	223	3.7e-11
Collagen	PF01391.18	60	DT1.contig13_10	223	3.7e-11
BCA_ABC_TP_C	PF12399.8	23	DT1.contig14_1	44	0.00066
Peripla_BP_6	PF13458.6	342	DT1.contig14_2	380	1.4e-61
ANF_receptor	PF01094.28	354	DT1.contig14_2	380	1.2e-21
Peripla_BP_5	PF13433.6	364	DT1.contig14_2	380	1.9e-14
Peripla_BP_5	PF13433.6	364	DT1.contig14_2	380	1.9e-14
ATC_hydrolase	PF14196.6	145	DT1.contig14_3	164	1.5e-36
BPD_transp_2	PF02653.16	268	DT1.contig14_4	273	7.6e-20
BPD_transp_2	PF02653.16	268	DT1.contig14_5	316	5.5e-52
Intg_mem_TP0381	PF09529.10	224	DT1.contig14_5	316	0.00095
LysR_substrate	PF03466.20	209	DT1.contig14_6	300	7.8e-29
HTH_1	PF00126.27	60	DT1.contig14_6	300	2.8e-18
HTH_5	PF01022.20	47	DT1.contig14_6	300	0.014
NMT1_2	PF13379.6	253	DT1.contig14_7	334	1.1e-39
Lipoprotein_9	PF03180.14	236	DT1.contig14_7	334	0.0011
NMT1	PF09084.11	216	DT1.contig14_7	334	0.0035
LysR_substrate	PF03466.20	209	DT1.contig14_8	299	4.2e-46
HTH_1	PF00126.27	60	DT1.contig14_8	299	1.9e-14
Ribonuc_L-PSP	PF01042.21	121	DT1.contig14_9	131	6.7e-22
TPR_2	PF07719.17	34	DT1.contig15_1	106	2.2e-08
TPR_14	PF13428.6	44	DT1.contig15_1	106	2.9e-05
TPR_11	PF13414.6	42	DT1.contig15_1	106	0.00019
TPR_16	PF13432.6	68	DT1.contig15_1	106	0.0002
TPR_19	PF14559.6	68	DT1.contig15_1	106	0.0004
Poly_export	PF02563.16	82	DT1.contig15_3	200	9.7e-17
SLBB	PF10531.9	58	DT1.contig15_3	200	6.2e-14
Glyco_hydro_42C	PF08533.10	58	DT1.contig15_3	200	0.00094
AAA_22	PF13401.6	137	DT1.contig15_4	279	2.1e-25
AAA_16	PF13191.6	170	DT1.contig15_4	279	2.5e-09
AAA_14	PF13173.6	131	DT1.contig15_4	279	2.8e-06
cobW	PF02492.19	177	DT1.contig15_4	279	9.5e-05
AAA_30	PF13604.6	192	DT1.contig15_4	279	0.00022
AAA_23	PF13476.6	200	DT1.contig15_4	279	0.00022
AAA_29	PF13555.6	61	DT1.contig15_4	279	0.00034
AAA_5	PF07728.14	138	DT1.contig15_4	279	0.00094
Viral_helicase1	PF01443.18	234	DT1.contig15_4	279	0.0013
TniB	PF05621.11	189	DT1.contig15_4	279	0.0015
TsaE	PF02367.17	125	DT1.contig15_4	279	0.0016
GNVR	PF13807.6	82	DT1.contig15_5	449	1.6e-05
CbiA	PF01656.23	128	DT1.contig15_6	162	2.8e-06
ParA	PF10609.9	246	DT1.contig15_6	162	0.0016
AAA_31	PF13614.6	177	DT1.contig15_6	162	0.0024
PEP-CTERM	PF07589.11	23	DT1.contig15_7	203	0.0019
Exosortase_EpsH	PF09721.10	256	DT1.contig15_8	314	1.5e-61
adh_short	PF00106.25	195	DT1.contig16_1	196	3.9e-37
adh_short_C2	PF13561.6	234	DT1.contig16_1	196	1.1e-33
KR	PF08659.10	180	DT1.contig16_1	196	2.7e-06
Cupin_6	PF12852.7	184	DT1.contig16_2	317	6.4e-33
HTH_18	PF12833.7	81	DT1.contig16_2	317	1.6e-19
HTH_AraC	PF00165.23	42	DT1.contig16_2	317	1.8e-18
HTH_AraC	PF00165.23	42	DT1.contig16_2	317	1.8e-18
Cupin_3	PF05899.12	74	DT1.contig16_2	317	0.00029
TetR_N	PF00440.23	47	DT1.contig16_2	317	0.00032
Cupin_2	PF07883.11	71	DT1.contig16_2	317	0.0016
CxxCxxCC	PF03692.15	85	DT1.contig16_4	263	4.3e-11
Response_reg	PF00072.24	112	DT1.contig16_7	137	2.3e-10
DUF2384	PF09722.10	51	DT1.contig16_8	233	8.2e-08
MazE_antitoxin	PF04014.18	46	DT1.contig16_8	233	0.00032
PAS_9	PF13426.7	104	DT1.contig17_2	499	8.7e-24
PAS_9	PF13426.7	104	DT1.contig17_2	499	8.7e-24
PAS_9	PF13426.7	104	DT1.contig17_2	499	8.7e-24
PAS_8	PF13188.7	67	DT1.contig17_2	499	4.3e-22
PAS_8	PF13188.7	67	DT1.contig17_2	499	4.3e-22
PAS_8	PF13188.7	67	DT1.contig17_2	499	4.3e-22
PAS_4	PF08448.10	110	DT1.contig17_2	499	1.8e-20
PAS_4	PF08448.10	110	DT1.contig17_2	499	1.8e-20
PAS_4	PF08448.10	110	DT1.contig17_2	499	1.8e-20
GerE	PF00196.19	57	DT1.contig17_2	499	8.6e-18
PAS	PF00989.25	113	DT1.contig17_2	499	1.5e-16
PAS	PF00989.25	113	DT1.contig17_2	499	1.5e-16
PAS	PF00989.25	113	DT1.contig17_2	499	1.5e-16
Sigma70_r4_2	PF08281.12	54	DT1.contig17_2	499	0.0012
YwpF	PF14183.6	134	DT1.contig17_2	499	0.0041
CsbD	PF05532.12	53	DT1.contig17_3	84	9.9e-17
DUF883	PF05957.13	94	DT1.contig17_3	84	1.8e-10
DUF1652	PF07865.11	67	DT1.contig17_4	90	8.5e-22
DUF3426	PF11906.8	146	DT1.contig17_4	90	0.0066
MFS_1	PF07690.16	353	DT1.contig17_5	398	4.4e-39
MFS_1	PF07690.16	353	DT1.contig17_5	398	4.4e-39
OATP	PF03137.20	546	DT1.contig17_5	398	0.12
RcnB	PF11776.8	51	DT1.contig17_6	103	2.5e-13
LemA	PF04011.12	149	DT1.contig17_7	117	2.1e-09
TPR_19	PF14559.6	68	DT1.contig17_7	117	0.0093
DUF4440	PF14534.6	107	DT1.contig17_8	126	6.4e-17
SnoaL_3	PF13474.6	121	DT1.contig17_8	126	4.3e-07
HTH_3	PF01381.22	55	DT1.contig17_9	106	5e-11
HTH_31	PF13560.6	64	DT1.contig17_9	106	9.7e-11
HTH_19	PF12844.7	65	DT1.contig17_9	106	7.9e-08
Rep_3	PF01051.21	222	DT1.contig18_1	220	8.7e-08
ParBc	PF02195.18	90	DT1.contig18_7	237	1.9e-11
SoPB_HTH	PF18090.1	75	DT1.contig18_7	237	0.0049
ParBc	PF02195.18	90	DT1.contig18_8	154	6.6e-13
Aldedh	PF00171.22	462	DT1.contig19_1	445	1.3e-139
HTH_1	PF00126.27	60	DT1.contig19_2	207	7e-18
LysR_substrate	PF03466.20	209	DT1.contig19_2	207	8.4e-18
HTH_28	PF13518.6	52	DT1.contig19_2	207	0.01
DUF4236	PF14020.6	55	DT1.contig19_2	207	0.01
LysR_substrate	PF03466.20	209	DT1.contig19_3	81	1.6e-15
PHB_depo_C	PF06850.11	203	DT1.contig20_2	603	4e-72
DUF3646	PF12362.8	114	DT1.contig20_7	69	0.011
Laminin_EGF	PF00053.24	49	DT1.contig21_1	92	0.0024
GH3	PF03321.13	527	DT1.contig21_2	506	1.3e-113
ABC_tran	PF00005.27	137	DT1.contig21_3	264	4.2e-34
MTHFR	PF02219.17	287	DT1.contig21_4	318	3.8e-67
AhpC-TSA	PF00578.21	124	DT1.contig21_5	502	2.1e-12
DUF5106	PF17127.4	153	DT1.contig21_5	502	5.7e-11
Thioredoxin_8	PF13905.6	95	DT1.contig21_5	502	2.2e-09
Redoxin	PF08534.10	147	DT1.contig21_5	502	1.9e-07
Thioredoxin	PF00085.20	103	DT1.contig21_5	502	5.4e-05
Thioredoxin_2	PF13098.6	109	DT1.contig21_5	502	0.00011
DUF4369	PF14289.6	91	DT1.contig21_5	502	0.00012
TRAM	PF01938.20	62	DT1.contig21_6	138	3.6e-07
TnsD	PF15978.5	360	DT1.contig22_1	481	9.7e-30
TnsD	PF15978.5	360	DT1.contig22_1	481	9.7e-30
TniQ	PF06527.11	137	DT1.contig22_1	481	1.2e-08
TnsD	PF15978.5	360	DT1.contig22_2	544	3.8e-13
TnsD	PF15978.5	360	DT1.contig22_2	544	3.8e-13
TniQ	PF06527.11	137	DT1.contig22_2	544	1.9e-11
SAVED	PF18145.1	191	DT1.contig22_3	389	8.5e-29
HNH_2	PF13391.6	72	DT1.contig22_3	389	6.7e-06
HNH	PF01844.23	47	DT1.contig22_3	389	0.0041
SMODS	PF18144.1	164	DT1.contig22_5	72	0.07
GreA_GreB	PF01272.19	77	DT1.contig23_6	136	1.2e-17
Rnk_N	PF14760.6	41	DT1.contig23_6	136	7.7e-06
SPRY	PF00622.28	120	DT1.contig24_3	473	2.7e-08
HTH_18	PF12833.7	81	DT1.contig25_1	268	4.6e-25
HTH_AraC	PF00165.23	42	DT1.contig25_1	268	1e-17
HTH_AraC	PF00165.23	42	DT1.contig25_1	268	1e-17
ABC_tran	PF00005.27	137	DT1.contig25_2	273	9.7e-31
AAA_29	PF13555.6	61	DT1.contig25_2	273	0.00012
RsgA_GTPase	PF03193.16	167	DT1.contig25_2	273	0.00012
AAA_16	PF13191.6	170	DT1.contig25_2	273	0.00025
Rad17	PF03215.15	186	DT1.contig25_2	273	0.00058
BPD_transp_1	PF00528.22	185	DT1.contig25_3	255	1e-23
NMT1_2	PF13379.6	253	DT1.contig25_4	347	9.5e-30
NMT1	PF09084.11	216	DT1.contig25_4	347	4.4e-18
Phosphonate-bd	PF12974.7	243	DT1.contig25_4	347	0.00082
MMPL	PF03176.15	333	DT1.contig25_4	347	0.0061
PhzC-PhzF	PF02567.16	283	DT1.contig25_5	295	3.4e-39
Pro_racemase	PF05544.11	325	DT1.contig25_5	295	0.0036
YjgF_endoribonc	PF14588.6	148	DT1.contig25_6	152	6.4e-22
Ribonuc_L-PSP	PF01042.21	121	DT1.contig25_6	152	1.7e-14
CorA	PF01544.18	292	DT1.contig26_1	150	3.2e-13
RraA-like	PF03737.15	150	DT1.contig26_2	164	5.4e-45
Abhydrolase_6	PF12697.7	220	DT1.contig26_3	330	2.8e-13
Abhydrolase_1	PF00561.20	257	DT1.contig26_3	330	4.9e-13
Hydrolase_4	PF12146.8	239	DT1.contig26_3	330	2.7e-11
PPDK_N	PF01326.19	328	DT1.contig26_4	792	1e-119
PEP-utilizers_C	PF02896.18	294	DT1.contig26_4	792	8.9e-63
PEP-utilizers	PF00391.23	73	DT1.contig26_4	792	1.4e-26
Kinase-PPPase	PF03618.14	255	DT1.contig26_5	58	2.5e-07
DUF1857	PF08982.11	147	DT1.contig27_6	152	9.7e-25
Big_5	PF13205.6	108	DT1.contig28_1	557	4.4e-16
CarboxypepD_reg	PF13620.6	82	DT1.contig28_1	557	9.5e-05
DUF2141	PF09912.9	112	DT1.contig28_1	557	0.00058
Hexapep	PF00132.24	36	DT1.contig28_2	171	5.7e-18
Hexapep	PF00132.24	36	DT1.contig28_2	171	5.7e-18
Hexapep	PF00132.24	36	DT1.contig28_2	171	5.7e-18
Hexapep_2	PF14602.6	34	DT1.contig28_2	171	9.9e-05
Fucokinase	PF07959.12	406	DT1.contig28_2	171	0.025
FAD_binding_2	PF00890.24	417	DT1.contig28_3	531	6.8e-85
Succ_DH_flav_C	PF02910.20	128	DT1.contig28_3	531	2.5e-12
DAO	PF01266.24	352	DT1.contig28_3	531	1.4e-07
Pyr_redox_2	PF07992.14	294	DT1.contig28_3	531	2.9e-06
DoxX	PF07681.12	85	DT1.contig29_1	138	0.0019
DoxX_3	PF13781.6	102	DT1.contig29_1	138	0.012
Thioredoxin_8	PF13905.6	95	DT1.contig29_3	516	1.3e-12
AhpC-TSA	PF00578.21	124	DT1.contig29_3	516	1.1e-08
Redoxin	PF08534.10	147	DT1.contig29_3	516	3.9e-08
SCO1-SenC	PF02630.14	134	DT1.contig29_3	516	6.4e-08
Thioredoxin	PF00085.20	103	DT1.contig29_3	516	6.6e-05
SusD-like_3	PF14322.6	190	DT1.contig29_4	399	6e-30
SusD_RagB	PF07980.11	298	DT1.contig29_4	399	4.1e-13
MS_channel	PF00924.18	206	DT1.contig30_1	75	3.5e-09
Sigma70_r4	PF04545.16	50	DT1.contig30_2	129	1.2e-12
Sigma70_r4_2	PF08281.12	54	DT1.contig30_2	129	3.1e-09
Sigma70_r2	PF04542.14	71	DT1.contig30_2	129	4e-07
Sigma70_ECF	PF07638.11	185	DT1.contig30_2	129	0.012
OprF	PF05736.11	184	DT1.contig30_3	328	2.3e-96
OmpA	PF00691.20	95	DT1.contig30_3	328	1.5e-24
OMP_b-brl	PF13505.6	178	DT1.contig30_3	328	4.6e-11
OmpW	PF03922.14	192	DT1.contig30_3	328	7e-08
DEC-1_N	PF04625.13	403	DT1.contig30_3	328	0.028
TM_helix	PF05552.12	50	DT1.contig30_4	355	1.3e-18
TM_helix	PF05552.12	50	DT1.contig30_4	355	1.3e-18
TP_methylase	PF00590.20	213	DT1.contig30_4	355	1e-09
CorA	PF01544.18	292	DT1.contig30_6	103	6.4e-23
RmuC	PF02646.16	291	DT1.contig31_1	159	3.1e-49
AIRS	PF00586.24	94	DT1.contig31_3	348	3e-20
AIRS_C	PF02769.22	156	DT1.contig31_3	348	4e-05
NadA	PF02445.16	299	DT1.contig31_4	331	2.5e-127
Phage_integrase	PF00589.22	172	DT1.contig32_1	384	1.6e-17
Phage_int_SAM_4	PF13495.6	85	DT1.contig32_1	384	0.0074
Cu-oxidase_2	PF07731.14	137	DT1.contig33_1	243	8.9e-27
Cu-oxidase_3	PF07732.15	119	DT1.contig33_1	243	2.7e-08
Copper-bind	PF00127.20	99	DT1.contig33_1	243	0.0043
CopB	PF05275.11	208	DT1.contig33_2	291	1.4e-84
Autotransporter	PF03797.19	255	DT1.contig33_2	291	3.1e-06
KdgM	PF06178.13	222	DT1.contig33_2	291	0.027
DUF4148	PF13663.6	54	DT1.contig33_4	96	2.8e-13
CopD	PF05425.13	105	DT1.contig33_5	146	9.6e-24
DUF4149	PF13664.6	102	DT1.contig33_5	146	0.00023
RDV-p3	PF09231.10	965	DT1.contig33_5	146	0.017
